2025-10-28 12:51:42.468 +01:00 [INF] Now listening on: http://localhost:5082
2025-10-28 12:51:42.478 +01:00 [INF] Application started. Press Ctrl+C to shut down.
2025-10-28 12:51:42.479 +01:00 [INF] Hosting environment: Development
2025-10-28 12:51:42.479 +01:00 [INF] Content root path: C:\Users\Admin\OneDrive - OsloMet\FinalExamITPE3200\EXAMFAM\api
2025-10-28 12:52:34.568 +01:00 [INF] Request starting HTTP/1.1 OPTIONS http://localhost:5082/api/QuizAPI/create - null null
2025-10-28 12:52:34.637 +01:00 [INF] CORS policy execution successful.
2025-10-28 12:52:34.645 +01:00 [INF] Request finished HTTP/1.1 OPTIONS http://localhost:5082/api/QuizAPI/create - 204 null null 80.2412ms
2025-10-28 12:52:34.651 +01:00 [INF] Request starting HTTP/1.1 POST http://localhost:5082/api/QuizAPI/create - application/json 223
2025-10-28 12:52:34.654 +01:00 [INF] CORS policy execution successful.
2025-10-28 12:52:34.656 +01:00 [INF] Executing endpoint 'api.Controllers.QuizAPIController.Create (api)'
2025-10-28 12:52:34.689 +01:00 [INF] Route matched with {action = "Create", controller = "QuizAPI"}. Executing controller action with signature System.Threading.Tasks.Task`1[Microsoft.AspNetCore.Mvc.IActionResult] Create(api.DTOs.QuizDto) on controller api.Controllers.QuizAPIController (api).
2025-10-28 12:52:35.718 +01:00 [INF] Executing CreatedAtActionResult, writing value of type 'api.Models.Quiz'.
2025-10-28 12:52:35.762 +01:00 [INF] Executed action api.Controllers.QuizAPIController.Create (api) in 1068.9101ms
2025-10-28 12:52:35.762 +01:00 [INF] Executed endpoint 'api.Controllers.QuizAPIController.Create (api)'
2025-10-28 12:52:35.766 +01:00 [INF] Request finished HTTP/1.1 POST http://localhost:5082/api/QuizAPI/create - 201 422 application/json; charset=utf-8 1115.5643ms
2025-10-28 12:52:35.792 +01:00 [INF] Request starting HTTP/1.1 GET http://localhost:5082/api/quizapi/quizlist - null null
2025-10-28 12:52:35.803 +01:00 [INF] CORS policy execution successful.
2025-10-28 12:52:35.804 +01:00 [INF] Executing endpoint 'api.Controllers.QuizAPIController.QuizList (api)'
2025-10-28 12:52:35.808 +01:00 [INF] Route matched with {action = "QuizList", controller = "QuizAPI"}. Executing controller action with signature System.Threading.Tasks.Task`1[Microsoft.AspNetCore.Mvc.IActionResult] QuizList() on controller api.Controllers.QuizAPIController (api).
2025-10-28 12:52:36.228 +01:00 [WRN] Compiling a query which loads related collections for more than one collection navigation, either via 'Include' or through projection, but no 'QuerySplittingBehavior' has been configured. By default, Entity Framework will use 'QuerySplittingBehavior.SingleQuery', which can potentially result in slow query performance. See https://go.microsoft.com/fwlink/?linkid=2134277 for more information. To identify the query that's triggering this warning call 'ConfigureWarnings(w => w.Throw(RelationalEventId.MultipleCollectionIncludeWarning))'.
2025-10-28 12:52:36.288 +01:00 [INF] Executing OkObjectResult, writing value of type 'System.Linq.Enumerable+SelectListIterator`2[[api.Models.Quiz, api, Version=1.0.0.0, Culture=neutral, PublicKeyToken=null],[api.DTOs.QuizDto, api, Version=1.0.0.0, Culture=neutral, PublicKeyToken=null]]'.
2025-10-28 12:52:36.297 +01:00 [INF] Executed action api.Controllers.QuizAPIController.QuizList (api) in 488.7128ms
2025-10-28 12:52:36.297 +01:00 [INF] Executed endpoint 'api.Controllers.QuizAPIController.QuizList (api)'
2025-10-28 12:52:36.299 +01:00 [INF] Request finished HTTP/1.1 GET http://localhost:5082/api/quizapi/quizlist - 200 129 application/json; charset=utf-8 505.935ms
2025-10-28 12:52:36.301 +01:00 [INF] Request starting HTTP/1.1 GET http://localhost:5082/api/quizapi/quizlist - null null
2025-10-28 12:52:36.303 +01:00 [INF] CORS policy execution successful.
2025-10-28 12:52:36.303 +01:00 [INF] Executing endpoint 'api.Controllers.QuizAPIController.QuizList (api)'
2025-10-28 12:52:36.303 +01:00 [INF] Route matched with {action = "QuizList", controller = "QuizAPI"}. Executing controller action with signature System.Threading.Tasks.Task`1[Microsoft.AspNetCore.Mvc.IActionResult] QuizList() on controller api.Controllers.QuizAPIController (api).
2025-10-28 12:52:36.343 +01:00 [INF] Executing OkObjectResult, writing value of type 'System.Linq.Enumerable+SelectListIterator`2[[api.Models.Quiz, api, Version=1.0.0.0, Culture=neutral, PublicKeyToken=null],[api.DTOs.QuizDto, api, Version=1.0.0.0, Culture=neutral, PublicKeyToken=null]]'.
2025-10-28 12:52:36.345 +01:00 [INF] Executed action api.Controllers.QuizAPIController.QuizList (api) in 40.7963ms
2025-10-28 12:52:36.345 +01:00 [INF] Executed endpoint 'api.Controllers.QuizAPIController.QuizList (api)'
2025-10-28 12:52:36.346 +01:00 [INF] Request finished HTTP/1.1 GET http://localhost:5082/api/quizapi/quizlist - 200 129 application/json; charset=utf-8 44.2861ms
2025-10-28 12:52:45.739 +01:00 [INF] Request starting HTTP/1.1 GET http://localhost:5082/api/quizapi/quizlist - null null
2025-10-28 12:52:45.740 +01:00 [INF] CORS policy execution successful.
2025-10-28 12:52:45.740 +01:00 [INF] Executing endpoint 'api.Controllers.QuizAPIController.QuizList (api)'
2025-10-28 12:52:45.740 +01:00 [INF] Route matched with {action = "QuizList", controller = "QuizAPI"}. Executing controller action with signature System.Threading.Tasks.Task`1[Microsoft.AspNetCore.Mvc.IActionResult] QuizList() on controller api.Controllers.QuizAPIController (api).
2025-10-28 12:52:45.745 +01:00 [INF] Executing OkObjectResult, writing value of type 'System.Linq.Enumerable+SelectListIterator`2[[api.Models.Quiz, api, Version=1.0.0.0, Culture=neutral, PublicKeyToken=null],[api.DTOs.QuizDto, api, Version=1.0.0.0, Culture=neutral, PublicKeyToken=null]]'.
2025-10-28 12:52:45.746 +01:00 [INF] Executed action api.Controllers.QuizAPIController.QuizList (api) in 6.3479ms
2025-10-28 12:52:45.747 +01:00 [INF] Executed endpoint 'api.Controllers.QuizAPIController.QuizList (api)'
2025-10-28 12:52:45.747 +01:00 [INF] Request finished HTTP/1.1 GET http://localhost:5082/api/quizapi/quizlist - 200 129 application/json; charset=utf-8 8.6786ms
2025-10-28 12:52:45.748 +01:00 [INF] Request starting HTTP/1.1 GET http://localhost:5082/api/quizapi/quizlist - null null
2025-10-28 12:52:45.749 +01:00 [INF] CORS policy execution successful.
2025-10-28 12:52:45.749 +01:00 [INF] Executing endpoint 'api.Controllers.QuizAPIController.QuizList (api)'
2025-10-28 12:52:45.749 +01:00 [INF] Route matched with {action = "QuizList", controller = "QuizAPI"}. Executing controller action with signature System.Threading.Tasks.Task`1[Microsoft.AspNetCore.Mvc.IActionResult] QuizList() on controller api.Controllers.QuizAPIController (api).
2025-10-28 12:52:45.751 +01:00 [INF] Executing OkObjectResult, writing value of type 'System.Linq.Enumerable+SelectListIterator`2[[api.Models.Quiz, api, Version=1.0.0.0, Culture=neutral, PublicKeyToken=null],[api.DTOs.QuizDto, api, Version=1.0.0.0, Culture=neutral, PublicKeyToken=null]]'.
2025-10-28 12:52:45.751 +01:00 [INF] Executed action api.Controllers.QuizAPIController.QuizList (api) in 2.4305ms
2025-10-28 12:52:45.751 +01:00 [INF] Executed endpoint 'api.Controllers.QuizAPIController.QuizList (api)'
2025-10-28 12:52:45.752 +01:00 [INF] Request finished HTTP/1.1 GET http://localhost:5082/api/quizapi/quizlist - 200 129 application/json; charset=utf-8 3.3177ms
2025-10-28 12:52:47.788 +01:00 [INF] Request starting HTTP/1.1 GET http://localhost:5082/api/quizapi/quizlist - null null
2025-10-28 12:52:47.789 +01:00 [INF] CORS policy execution successful.
2025-10-28 12:52:47.789 +01:00 [INF] Executing endpoint 'api.Controllers.QuizAPIController.QuizList (api)'
2025-10-28 12:52:47.789 +01:00 [INF] Route matched with {action = "QuizList", controller = "QuizAPI"}. Executing controller action with signature System.Threading.Tasks.Task`1[Microsoft.AspNetCore.Mvc.IActionResult] QuizList() on controller api.Controllers.QuizAPIController (api).
2025-10-28 12:52:47.793 +01:00 [INF] Executing OkObjectResult, writing value of type 'System.Linq.Enumerable+SelectListIterator`2[[api.Models.Quiz, api, Version=1.0.0.0, Culture=neutral, PublicKeyToken=null],[api.DTOs.QuizDto, api, Version=1.0.0.0, Culture=neutral, PublicKeyToken=null]]'.
2025-10-28 12:52:47.793 +01:00 [INF] Executed action api.Controllers.QuizAPIController.QuizList (api) in 3.7593ms
2025-10-28 12:52:47.793 +01:00 [INF] Executed endpoint 'api.Controllers.QuizAPIController.QuizList (api)'
2025-10-28 12:52:47.794 +01:00 [INF] Request finished HTTP/1.1 GET http://localhost:5082/api/quizapi/quizlist - 200 129 application/json; charset=utf-8 5.3425ms
2025-10-28 12:52:47.796 +01:00 [INF] Request starting HTTP/1.1 GET http://localhost:5082/api/quizapi/quizlist - null null
2025-10-28 12:52:47.797 +01:00 [INF] CORS policy execution successful.
2025-10-28 12:52:47.797 +01:00 [INF] Executing endpoint 'api.Controllers.QuizAPIController.QuizList (api)'
2025-10-28 12:52:47.797 +01:00 [INF] Route matched with {action = "QuizList", controller = "QuizAPI"}. Executing controller action with signature System.Threading.Tasks.Task`1[Microsoft.AspNetCore.Mvc.IActionResult] QuizList() on controller api.Controllers.QuizAPIController (api).
2025-10-28 12:52:47.801 +01:00 [INF] Executing OkObjectResult, writing value of type 'System.Linq.Enumerable+SelectListIterator`2[[api.Models.Quiz, api, Version=1.0.0.0, Culture=neutral, PublicKeyToken=null],[api.DTOs.QuizDto, api, Version=1.0.0.0, Culture=neutral, PublicKeyToken=null]]'.
2025-10-28 12:52:47.802 +01:00 [INF] Executed action api.Controllers.QuizAPIController.QuizList (api) in 4.4947ms
2025-10-28 12:52:47.802 +01:00 [INF] Executed endpoint 'api.Controllers.QuizAPIController.QuizList (api)'
2025-10-28 12:52:47.802 +01:00 [INF] Request finished HTTP/1.1 GET http://localhost:5082/api/quizapi/quizlist - 200 129 application/json; charset=utf-8 5.9915ms
2025-10-28 12:52:51.317 +01:00 [INF] Request starting HTTP/1.1 GET http://localhost:5082/api/quizapi/quizlist - null null
2025-10-28 12:52:51.318 +01:00 [INF] CORS policy execution successful.
2025-10-28 12:52:51.318 +01:00 [INF] Executing endpoint 'api.Controllers.QuizAPIController.QuizList (api)'
2025-10-28 12:52:51.318 +01:00 [INF] Route matched with {action = "QuizList", controller = "QuizAPI"}. Executing controller action with signature System.Threading.Tasks.Task`1[Microsoft.AspNetCore.Mvc.IActionResult] QuizList() on controller api.Controllers.QuizAPIController (api).
2025-10-28 12:52:51.322 +01:00 [INF] Executing OkObjectResult, writing value of type 'System.Linq.Enumerable+SelectListIterator`2[[api.Models.Quiz, api, Version=1.0.0.0, Culture=neutral, PublicKeyToken=null],[api.DTOs.QuizDto, api, Version=1.0.0.0, Culture=neutral, PublicKeyToken=null]]'.
2025-10-28 12:52:51.322 +01:00 [INF] Executed action api.Controllers.QuizAPIController.QuizList (api) in 3.9109ms
2025-10-28 12:52:51.323 +01:00 [INF] Executed endpoint 'api.Controllers.QuizAPIController.QuizList (api)'
2025-10-28 12:52:51.323 +01:00 [INF] Request finished HTTP/1.1 GET http://localhost:5082/api/quizapi/quizlist - 200 129 application/json; charset=utf-8 5.8696ms
2025-10-28 12:52:51.325 +01:00 [INF] Request starting HTTP/1.1 GET http://localhost:5082/api/quizapi/quizlist - null null
2025-10-28 12:52:51.325 +01:00 [INF] CORS policy execution successful.
2025-10-28 12:52:51.326 +01:00 [INF] Executing endpoint 'api.Controllers.QuizAPIController.QuizList (api)'
2025-10-28 12:52:51.326 +01:00 [INF] Route matched with {action = "QuizList", controller = "QuizAPI"}. Executing controller action with signature System.Threading.Tasks.Task`1[Microsoft.AspNetCore.Mvc.IActionResult] QuizList() on controller api.Controllers.QuizAPIController (api).
2025-10-28 12:52:51.330 +01:00 [INF] Executing OkObjectResult, writing value of type 'System.Linq.Enumerable+SelectListIterator`2[[api.Models.Quiz, api, Version=1.0.0.0, Culture=neutral, PublicKeyToken=null],[api.DTOs.QuizDto, api, Version=1.0.0.0, Culture=neutral, PublicKeyToken=null]]'.
2025-10-28 12:52:51.331 +01:00 [INF] Executed action api.Controllers.QuizAPIController.QuizList (api) in 4.7876ms
2025-10-28 12:52:51.331 +01:00 [INF] Executed endpoint 'api.Controllers.QuizAPIController.QuizList (api)'
2025-10-28 12:52:51.332 +01:00 [INF] Request finished HTTP/1.1 GET http://localhost:5082/api/quizapi/quizlist - 200 129 application/json; charset=utf-8 6.3482ms
2025-10-28 12:53:04.928 +01:00 [INF] Application is shutting down...
