2025-10-29 17:37:31.488 +01:00 [INF] Now listening on: http://localhost:5082
2025-10-29 17:37:31.512 +01:00 [INF] Application started. Press Ctrl+C to shut down.
2025-10-29 17:37:31.513 +01:00 [INF] Hosting environment: Development
2025-10-29 17:37:31.513 +01:00 [INF] Content root path: C:\Users\Admin\OneDrive - OsloMet\FinalExamITPE3200\EXAMFAM\api
2025-10-29 17:37:35.498 +01:00 [INF] Request starting HTTP/1.1 GET http://localhost:5082/api/quizapi/quizlist - null null
2025-10-29 17:37:35.553 +01:00 [INF] CORS policy execution successful.
2025-10-29 17:37:35.557 +01:00 [INF] Executing endpoint 'api.Controllers.QuizAPIController.QuizList (api)'
2025-10-29 17:37:35.589 +01:00 [INF] Route matched with {action = "QuizList", controller = "QuizAPI"}. Executing controller action with signature System.Threading.Tasks.Task`1[Microsoft.AspNetCore.Mvc.IActionResult] QuizList() on controller api.Controllers.QuizAPIController (api).
2025-10-29 17:37:36.813 +01:00 [WRN] Compiling a query which loads related collections for more than one collection navigation, either via 'Include' or through projection, but no 'QuerySplittingBehavior' has been configured. By default, Entity Framework will use 'QuerySplittingBehavior.SingleQuery', which can potentially result in slow query performance. See https://go.microsoft.com/fwlink/?linkid=2134277 for more information. To identify the query that's triggering this warning call 'ConfigureWarnings(w => w.Throw(RelationalEventId.MultipleCollectionIncludeWarning))'.
2025-10-29 17:37:37.015 +01:00 [INF] Executing OkObjectResult, writing value of type 'System.Linq.Enumerable+SelectListIterator`2[[api.Models.Quiz, api, Version=1.0.0.0, Culture=neutral, PublicKeyToken=null],[api.DTOs.QuizDto, api, Version=1.0.0.0, Culture=neutral, PublicKeyToken=null]]'.
2025-10-29 17:37:37.147 +01:00 [INF] Executed action api.Controllers.QuizAPIController.QuizList (api) in 1553.1596ms
2025-10-29 17:37:37.149 +01:00 [INF] Executed endpoint 'api.Controllers.QuizAPIController.QuizList (api)'
2025-10-29 17:37:37.159 +01:00 [INF] Request finished HTTP/1.1 GET http://localhost:5082/api/quizapi/quizlist - 200 298 application/json; charset=utf-8 1663.4018ms
2025-10-29 17:37:37.168 +01:00 [INF] Request starting HTTP/1.1 GET http://localhost:5082/api/quizapi/quizlist - null null
2025-10-29 17:37:37.174 +01:00 [INF] CORS policy execution successful.
2025-10-29 17:37:37.175 +01:00 [INF] Executing endpoint 'api.Controllers.QuizAPIController.QuizList (api)'
2025-10-29 17:37:37.175 +01:00 [INF] Route matched with {action = "QuizList", controller = "QuizAPI"}. Executing controller action with signature System.Threading.Tasks.Task`1[Microsoft.AspNetCore.Mvc.IActionResult] QuizList() on controller api.Controllers.QuizAPIController (api).
2025-10-29 17:37:37.202 +01:00 [INF] Executing OkObjectResult, writing value of type 'System.Linq.Enumerable+SelectListIterator`2[[api.Models.Quiz, api, Version=1.0.0.0, Culture=neutral, PublicKeyToken=null],[api.DTOs.QuizDto, api, Version=1.0.0.0, Culture=neutral, PublicKeyToken=null]]'.
2025-10-29 17:37:37.204 +01:00 [INF] Executed action api.Controllers.QuizAPIController.QuizList (api) in 28.6606ms
2025-10-29 17:37:37.204 +01:00 [INF] Executed endpoint 'api.Controllers.QuizAPIController.QuizList (api)'
2025-10-29 17:37:37.205 +01:00 [INF] Request finished HTTP/1.1 GET http://localhost:5082/api/quizapi/quizlist - 200 298 application/json; charset=utf-8 36.6777ms
2025-10-29 17:37:40.930 +01:00 [INF] Request starting HTTP/1.1 GET http://localhost:5082/api/takequiz - null null
2025-10-29 17:37:40.935 +01:00 [INF] CORS policy execution successful.
2025-10-29 17:37:40.936 +01:00 [INF] Request finished HTTP/1.1 GET http://localhost:5082/api/takequiz - 404 0 null 6.0788ms
2025-10-29 17:37:40.939 +01:00 [INF] Request reached the end of the middleware pipeline without being handled by application code. Request path: GET http://localhost:5082/api/takequiz, Response status code: 404
2025-10-29 17:37:40.939 +01:00 [INF] Request starting HTTP/1.1 GET http://localhost:5082/api/takequiz - null null
2025-10-29 17:37:40.940 +01:00 [INF] CORS policy execution successful.
2025-10-29 17:37:40.941 +01:00 [INF] Request finished HTTP/1.1 GET http://localhost:5082/api/takequiz - 404 0 null 1.21ms
2025-10-29 17:37:40.941 +01:00 [INF] Request reached the end of the middleware pipeline without being handled by application code. Request path: GET http://localhost:5082/api/takequiz, Response status code: 404
2025-10-29 17:37:43.094 +01:00 [INF] Request starting HTTP/1.1 GET http://localhost:5082/api/quizapi/quizlist - null null
2025-10-29 17:37:43.095 +01:00 [INF] CORS policy execution successful.
2025-10-29 17:37:43.095 +01:00 [INF] Executing endpoint 'api.Controllers.QuizAPIController.QuizList (api)'
2025-10-29 17:37:43.096 +01:00 [INF] Route matched with {action = "QuizList", controller = "QuizAPI"}. Executing controller action with signature System.Threading.Tasks.Task`1[Microsoft.AspNetCore.Mvc.IActionResult] QuizList() on controller api.Controllers.QuizAPIController (api).
2025-10-29 17:37:43.224 +01:00 [INF] Executing OkObjectResult, writing value of type 'System.Linq.Enumerable+SelectListIterator`2[[api.Models.Quiz, api, Version=1.0.0.0, Culture=neutral, PublicKeyToken=null],[api.DTOs.QuizDto, api, Version=1.0.0.0, Culture=neutral, PublicKeyToken=null]]'.
2025-10-29 17:37:43.225 +01:00 [INF] Executed action api.Controllers.QuizAPIController.QuizList (api) in 128.9585ms
2025-10-29 17:37:43.225 +01:00 [INF] Executed endpoint 'api.Controllers.QuizAPIController.QuizList (api)'
2025-10-29 17:37:43.225 +01:00 [INF] Request finished HTTP/1.1 GET http://localhost:5082/api/quizapi/quizlist - 200 298 application/json; charset=utf-8 131.897ms
2025-10-29 17:37:43.228 +01:00 [INF] Request starting HTTP/1.1 GET http://localhost:5082/api/quizapi/quizlist - null null
2025-10-29 17:37:43.228 +01:00 [INF] CORS policy execution successful.
2025-10-29 17:37:43.228 +01:00 [INF] Executing endpoint 'api.Controllers.QuizAPIController.QuizList (api)'
2025-10-29 17:37:43.229 +01:00 [INF] Route matched with {action = "QuizList", controller = "QuizAPI"}. Executing controller action with signature System.Threading.Tasks.Task`1[Microsoft.AspNetCore.Mvc.IActionResult] QuizList() on controller api.Controllers.QuizAPIController (api).
2025-10-29 17:37:43.242 +01:00 [INF] Executing OkObjectResult, writing value of type 'System.Linq.Enumerable+SelectListIterator`2[[api.Models.Quiz, api, Version=1.0.0.0, Culture=neutral, PublicKeyToken=null],[api.DTOs.QuizDto, api, Version=1.0.0.0, Culture=neutral, PublicKeyToken=null]]'.
2025-10-29 17:37:43.243 +01:00 [INF] Executed action api.Controllers.QuizAPIController.QuizList (api) in 13.8667ms
2025-10-29 17:37:43.243 +01:00 [INF] Executed endpoint 'api.Controllers.QuizAPIController.QuizList (api)'
2025-10-29 17:37:43.244 +01:00 [INF] Request finished HTTP/1.1 GET http://localhost:5082/api/quizapi/quizlist - 200 298 application/json; charset=utf-8 16.0404ms
2025-10-29 17:37:44.089 +01:00 [INF] Request starting HTTP/1.1 GET http://localhost:5082/api/takequiz - null null
2025-10-29 17:37:44.090 +01:00 [INF] CORS policy execution successful.
2025-10-29 17:37:44.090 +01:00 [INF] Request finished HTTP/1.1 GET http://localhost:5082/api/takequiz - 404 0 null 1.2825ms
2025-10-29 17:37:44.091 +01:00 [INF] Request reached the end of the middleware pipeline without being handled by application code. Request path: GET http://localhost:5082/api/takequiz, Response status code: 404
2025-10-29 17:37:44.092 +01:00 [INF] Request starting HTTP/1.1 GET http://localhost:5082/api/takequiz - null null
2025-10-29 17:37:44.093 +01:00 [INF] CORS policy execution successful.
2025-10-29 17:37:44.093 +01:00 [INF] Request finished HTTP/1.1 GET http://localhost:5082/api/takequiz - 404 0 null 0.8192ms
2025-10-29 17:37:44.094 +01:00 [INF] Request reached the end of the middleware pipeline without being handled by application code. Request path: GET http://localhost:5082/api/takequiz, Response status code: 404
2025-10-29 17:38:32.708 +01:00 [INF] Request starting HTTP/1.1 GET http://localhost:5082/api/quizapi/quizlist - null null
2025-10-29 17:38:32.721 +01:00 [INF] CORS policy execution successful.
2025-10-29 17:38:32.722 +01:00 [INF] Executing endpoint 'api.Controllers.QuizAPIController.QuizList (api)'
2025-10-29 17:38:32.730 +01:00 [INF] Route matched with {action = "QuizList", controller = "QuizAPI"}. Executing controller action with signature System.Threading.Tasks.Task`1[Microsoft.AspNetCore.Mvc.IActionResult] QuizList() on controller api.Controllers.QuizAPIController (api).
2025-10-29 17:38:32.781 +01:00 [INF] Executing OkObjectResult, writing value of type 'System.Linq.Enumerable+SelectListIterator`2[[api.Models.Quiz, api, Version=1.0.0.0, Culture=neutral, PublicKeyToken=null],[api.DTOs.QuizDto, api, Version=1.0.0.0, Culture=neutral, PublicKeyToken=null]]'.
2025-10-29 17:38:32.784 +01:00 [INF] Executed action api.Controllers.QuizAPIController.QuizList (api) in 53.8449ms
2025-10-29 17:38:32.785 +01:00 [INF] Executed endpoint 'api.Controllers.QuizAPIController.QuizList (api)'
2025-10-29 17:38:32.785 +01:00 [INF] Request finished HTTP/1.1 GET http://localhost:5082/api/quizapi/quizlist - 200 298 application/json; charset=utf-8 78.4935ms
2025-10-29 17:38:32.791 +01:00 [INF] Request starting HTTP/1.1 GET http://localhost:5082/api/quizapi/quizlist - null null
2025-10-29 17:38:32.791 +01:00 [INF] CORS policy execution successful.
2025-10-29 17:38:32.791 +01:00 [INF] Executing endpoint 'api.Controllers.QuizAPIController.QuizList (api)'
2025-10-29 17:38:32.792 +01:00 [INF] Route matched with {action = "QuizList", controller = "QuizAPI"}. Executing controller action with signature System.Threading.Tasks.Task`1[Microsoft.AspNetCore.Mvc.IActionResult] QuizList() on controller api.Controllers.QuizAPIController (api).
2025-10-29 17:38:32.800 +01:00 [INF] Executing OkObjectResult, writing value of type 'System.Linq.Enumerable+SelectListIterator`2[[api.Models.Quiz, api, Version=1.0.0.0, Culture=neutral, PublicKeyToken=null],[api.DTOs.QuizDto, api, Version=1.0.0.0, Culture=neutral, PublicKeyToken=null]]'.
2025-10-29 17:38:32.801 +01:00 [INF] Executed action api.Controllers.QuizAPIController.QuizList (api) in 9.0193ms
2025-10-29 17:38:32.801 +01:00 [INF] Executed endpoint 'api.Controllers.QuizAPIController.QuizList (api)'
2025-10-29 17:38:32.801 +01:00 [INF] Request finished HTTP/1.1 GET http://localhost:5082/api/quizapi/quizlist - 200 298 application/json; charset=utf-8 10.5836ms
2025-10-29 17:38:34.696 +01:00 [INF] Request starting HTTP/1.1 GET http://localhost:5082/api/takequiz - null null
2025-10-29 17:38:34.698 +01:00 [INF] CORS policy execution successful.
2025-10-29 17:38:34.699 +01:00 [INF] Request finished HTTP/1.1 GET http://localhost:5082/api/takequiz - 404 0 null 1.6212ms
2025-10-29 17:38:34.699 +01:00 [INF] Request reached the end of the middleware pipeline without being handled by application code. Request path: GET http://localhost:5082/api/takequiz, Response status code: 404
2025-10-29 17:38:34.701 +01:00 [INF] Request starting HTTP/1.1 GET http://localhost:5082/api/takequiz - null null
2025-10-29 17:38:34.702 +01:00 [INF] CORS policy execution successful.
2025-10-29 17:38:34.703 +01:00 [INF] Request finished HTTP/1.1 GET http://localhost:5082/api/takequiz - 404 0 null 2.2668ms
2025-10-29 17:38:34.703 +01:00 [INF] Request reached the end of the middleware pipeline without being handled by application code. Request path: GET http://localhost:5082/api/takequiz, Response status code: 404
2025-10-29 17:41:07.612 +01:00 [INF] Application is shutting down...
