2025-10-26 20:03:20.501 +01:00 [INF] Now listening on: http://localhost:5082
2025-10-26 20:03:20.514 +01:00 [INF] Application started. Press Ctrl+C to shut down.
2025-10-26 20:03:20.515 +01:00 [INF] Hosting environment: Development
2025-10-26 20:03:20.516 +01:00 [INF] Content root path: C:\Users\Admin\OneDrive - OsloMet\FinalExamITPE3200\EXAMFAM\api
2025-10-26 20:03:20.607 +01:00 [INF] Request starting HTTP/1.1 GET http://localhost:5082/api/quizapi/quizlist - null null
2025-10-26 20:03:20.698 +01:00 [INF] CORS policy execution successful.
2025-10-26 20:03:20.703 +01:00 [INF] Executing endpoint 'api.Controllers.QuizAPIController.QuizList (api)'
2025-10-26 20:03:20.734 +01:00 [INF] Route matched with {action = "QuizList", controller = "QuizAPI"}. Executing controller action with signature System.Threading.Tasks.Task`1[Microsoft.AspNetCore.Mvc.IActionResult] QuizList() on controller api.Controllers.QuizAPIController (api).
2025-10-26 20:03:22.027 +01:00 [WRN] Compiling a query which loads related collections for more than one collection navigation, either via 'Include' or through projection, but no 'QuerySplittingBehavior' has been configured. By default, Entity Framework will use 'QuerySplittingBehavior.SingleQuery', which can potentially result in slow query performance. See https://go.microsoft.com/fwlink/?linkid=2134277 for more information. To identify the query that's triggering this warning call 'ConfigureWarnings(w => w.Throw(RelationalEventId.MultipleCollectionIncludeWarning))'.
2025-10-26 20:03:22.163 +01:00 [ERR] Failed executing DbCommand (22ms) [Parameters=[], CommandType='"Text"', CommandTimeout='30']
SELECT "q"."QuizId", "q"."Title", "t"."QuestionId", "t"."QuizId", "t"."Text", "t"."AnswerOptionId", "t"."IsCorrect", "t"."QuestionId0", "t"."Text0"
FROM "Quizzes" AS "q"
LEFT JOIN (
    SELECT "q0"."QuestionId", "q0"."QuizId", "q0"."Text", "a"."AnswerOptionId", "a"."IsCorrect", "a"."QuestionId" AS "QuestionId0", "a"."Text" AS "Text0"
    FROM "Questions" AS "q0"
    LEFT JOIN "AnswerOptions" AS "a" ON "q0"."QuestionId" = "a"."QuestionId"
) AS "t" ON "q"."QuizId" = "t"."QuizId"
ORDER BY "q"."QuizId", "t"."QuestionId"
2025-10-26 20:03:22.198 +01:00 [ERR] An exception occurred while iterating over the results of a query for context type 'api.DAL.QuizDbContext'.
Microsoft.Data.Sqlite.SqliteException (0x80004005): SQLite Error 1: 'no such table: Quizzes'.
   at Microsoft.Data.Sqlite.SqliteException.ThrowExceptionForRC(Int32 rc, sqlite3 db)
   at Microsoft.Data.Sqlite.SqliteCommand.PrepareAndEnumerateStatements()+MoveNext()
   at Microsoft.Data.Sqlite.SqliteCommand.GetStatements()+MoveNext()
   at Microsoft.Data.Sqlite.SqliteDataReader.NextResult()
   at Microsoft.Data.Sqlite.SqliteCommand.ExecuteReader(CommandBehavior behavior)
   at Microsoft.Data.Sqlite.SqliteCommand.ExecuteReaderAsync(CommandBehavior behavior, CancellationToken cancellationToken)
   at Microsoft.Data.Sqlite.SqliteCommand.ExecuteDbDataReaderAsync(CommandBehavior behavior, CancellationToken cancellationToken)
   at Microsoft.EntityFrameworkCore.Storage.RelationalCommand.ExecuteReaderAsync(RelationalCommandParameterObject parameterObject, CancellationToken cancellationToken)
   at Microsoft.EntityFrameworkCore.Storage.RelationalCommand.ExecuteReaderAsync(RelationalCommandParameterObject parameterObject, CancellationToken cancellationToken)
   at Microsoft.EntityFrameworkCore.Query.Internal.SingleQueryingEnumerable`1.AsyncEnumerator.InitializeReaderAsync(AsyncEnumerator enumerator, CancellationToken cancellationToken)
   at Microsoft.EntityFrameworkCore.Query.Internal.SingleQueryingEnumerable`1.AsyncEnumerator.MoveNextAsync()
Microsoft.Data.Sqlite.SqliteException (0x80004005): SQLite Error 1: 'no such table: Quizzes'.
   at Microsoft.Data.Sqlite.SqliteException.ThrowExceptionForRC(Int32 rc, sqlite3 db)
   at Microsoft.Data.Sqlite.SqliteCommand.PrepareAndEnumerateStatements()+MoveNext()
   at Microsoft.Data.Sqlite.SqliteCommand.GetStatements()+MoveNext()
   at Microsoft.Data.Sqlite.SqliteDataReader.NextResult()
   at Microsoft.Data.Sqlite.SqliteCommand.ExecuteReader(CommandBehavior behavior)
   at Microsoft.Data.Sqlite.SqliteCommand.ExecuteReaderAsync(CommandBehavior behavior, CancellationToken cancellationToken)
   at Microsoft.Data.Sqlite.SqliteCommand.ExecuteDbDataReaderAsync(CommandBehavior behavior, CancellationToken cancellationToken)
   at Microsoft.EntityFrameworkCore.Storage.RelationalCommand.ExecuteReaderAsync(RelationalCommandParameterObject parameterObject, CancellationToken cancellationToken)
   at Microsoft.EntityFrameworkCore.Storage.RelationalCommand.ExecuteReaderAsync(RelationalCommandParameterObject parameterObject, CancellationToken cancellationToken)
   at Microsoft.EntityFrameworkCore.Query.Internal.SingleQueryingEnumerable`1.AsyncEnumerator.InitializeReaderAsync(AsyncEnumerator enumerator, CancellationToken cancellationToken)
   at Microsoft.EntityFrameworkCore.Query.Internal.SingleQueryingEnumerable`1.AsyncEnumerator.MoveNextAsync()
2025-10-26 20:03:22.203 +01:00 [ERR] [QuizRepository] GetAll() failed: SQLite Error 1: 'no such table: Quizzes'.
2025-10-26 20:03:22.208 +01:00 [ERR] [QuizAPIController] quiz list not found while executing _repo.GetAll()
2025-10-26 20:03:22.217 +01:00 [INF] Executing NotFoundObjectResult, writing value of type 'System.String'.
2025-10-26 20:03:24.044 +01:00 [INF] Executed action api.Controllers.QuizAPIController.QuizList (api) in 3306.3795ms
2025-10-26 20:03:24.045 +01:00 [INF] Executed endpoint 'api.Controllers.QuizAPIController.QuizList (api)'
2025-10-26 20:03:24.048 +01:00 [INF] Request starting HTTP/1.1 GET http://localhost:5082/api/quizapi/quizlist - null null
2025-10-26 20:03:24.051 +01:00 [INF] CORS policy execution successful.
2025-10-26 20:03:24.051 +01:00 [INF] Executing endpoint 'api.Controllers.QuizAPIController.QuizList (api)'
2025-10-26 20:03:24.052 +01:00 [INF] Route matched with {action = "QuizList", controller = "QuizAPI"}. Executing controller action with signature System.Threading.Tasks.Task`1[Microsoft.AspNetCore.Mvc.IActionResult] QuizList() on controller api.Controllers.QuizAPIController (api).
2025-10-26 20:03:24.053 +01:00 [INF] Request finished HTTP/1.1 GET http://localhost:5082/api/quizapi/quizlist - 404 null text/plain; charset=utf-8 3447.7283ms
2025-10-26 20:03:24.070 +01:00 [ERR] Failed executing DbCommand (1ms) [Parameters=[], CommandType='"Text"', CommandTimeout='30']
SELECT "q"."QuizId", "q"."Title", "t"."QuestionId", "t"."QuizId", "t"."Text", "t"."AnswerOptionId", "t"."IsCorrect", "t"."QuestionId0", "t"."Text0"
FROM "Quizzes" AS "q"
LEFT JOIN (
    SELECT "q0"."QuestionId", "q0"."QuizId", "q0"."Text", "a"."AnswerOptionId", "a"."IsCorrect", "a"."QuestionId" AS "QuestionId0", "a"."Text" AS "Text0"
    FROM "Questions" AS "q0"
    LEFT JOIN "AnswerOptions" AS "a" ON "q0"."QuestionId" = "a"."QuestionId"
) AS "t" ON "q"."QuizId" = "t"."QuizId"
ORDER BY "q"."QuizId", "t"."QuestionId"
2025-10-26 20:03:24.074 +01:00 [ERR] An exception occurred while iterating over the results of a query for context type 'api.DAL.QuizDbContext'.
Microsoft.Data.Sqlite.SqliteException (0x80004005): SQLite Error 1: 'no such table: Quizzes'.
   at Microsoft.Data.Sqlite.SqliteException.ThrowExceptionForRC(Int32 rc, sqlite3 db)
   at Microsoft.Data.Sqlite.SqliteCommand.PrepareAndEnumerateStatements()+MoveNext()
   at Microsoft.Data.Sqlite.SqliteCommand.GetStatements()+MoveNext()
   at Microsoft.Data.Sqlite.SqliteDataReader.NextResult()
   at Microsoft.Data.Sqlite.SqliteCommand.ExecuteReader(CommandBehavior behavior)
   at Microsoft.Data.Sqlite.SqliteCommand.ExecuteReaderAsync(CommandBehavior behavior, CancellationToken cancellationToken)
   at Microsoft.Data.Sqlite.SqliteCommand.ExecuteDbDataReaderAsync(CommandBehavior behavior, CancellationToken cancellationToken)
   at Microsoft.EntityFrameworkCore.Storage.RelationalCommand.ExecuteReaderAsync(RelationalCommandParameterObject parameterObject, CancellationToken cancellationToken)
   at Microsoft.EntityFrameworkCore.Storage.RelationalCommand.ExecuteReaderAsync(RelationalCommandParameterObject parameterObject, CancellationToken cancellationToken)
   at Microsoft.EntityFrameworkCore.Query.Internal.SingleQueryingEnumerable`1.AsyncEnumerator.InitializeReaderAsync(AsyncEnumerator enumerator, CancellationToken cancellationToken)
   at Microsoft.EntityFrameworkCore.Query.Internal.SingleQueryingEnumerable`1.AsyncEnumerator.MoveNextAsync()
Microsoft.Data.Sqlite.SqliteException (0x80004005): SQLite Error 1: 'no such table: Quizzes'.
   at Microsoft.Data.Sqlite.SqliteException.ThrowExceptionForRC(Int32 rc, sqlite3 db)
   at Microsoft.Data.Sqlite.SqliteCommand.PrepareAndEnumerateStatements()+MoveNext()
   at Microsoft.Data.Sqlite.SqliteCommand.GetStatements()+MoveNext()
   at Microsoft.Data.Sqlite.SqliteDataReader.NextResult()
   at Microsoft.Data.Sqlite.SqliteCommand.ExecuteReader(CommandBehavior behavior)
   at Microsoft.Data.Sqlite.SqliteCommand.ExecuteReaderAsync(CommandBehavior behavior, CancellationToken cancellationToken)
   at Microsoft.Data.Sqlite.SqliteCommand.ExecuteDbDataReaderAsync(CommandBehavior behavior, CancellationToken cancellationToken)
   at Microsoft.EntityFrameworkCore.Storage.RelationalCommand.ExecuteReaderAsync(RelationalCommandParameterObject parameterObject, CancellationToken cancellationToken)
   at Microsoft.EntityFrameworkCore.Storage.RelationalCommand.ExecuteReaderAsync(RelationalCommandParameterObject parameterObject, CancellationToken cancellationToken)
   at Microsoft.EntityFrameworkCore.Query.Internal.SingleQueryingEnumerable`1.AsyncEnumerator.InitializeReaderAsync(AsyncEnumerator enumerator, CancellationToken cancellationToken)
   at Microsoft.EntityFrameworkCore.Query.Internal.SingleQueryingEnumerable`1.AsyncEnumerator.MoveNextAsync()
2025-10-26 20:03:24.075 +01:00 [ERR] [QuizRepository] GetAll() failed: SQLite Error 1: 'no such table: Quizzes'.
2025-10-26 20:03:24.077 +01:00 [ERR] [QuizAPIController] quiz list not found while executing _repo.GetAll()
2025-10-26 20:03:24.077 +01:00 [INF] Executing NotFoundObjectResult, writing value of type 'System.String'.
2025-10-26 20:03:24.078 +01:00 [INF] Executed action api.Controllers.QuizAPIController.QuizList (api) in 26.3112ms
2025-10-26 20:03:24.079 +01:00 [INF] Executed endpoint 'api.Controllers.QuizAPIController.QuizList (api)'
2025-10-26 20:03:24.079 +01:00 [INF] Request finished HTTP/1.1 GET http://localhost:5082/api/quizapi/quizlist - 404 null text/plain; charset=utf-8 30.7284ms
2025-10-26 20:03:38.416 +01:00 [INF] Request starting HTTP/1.1 OPTIONS http://localhost:5082/api/QuizAPI/create - null null
2025-10-26 20:03:38.417 +01:00 [INF] CORS policy execution successful.
2025-10-26 20:03:38.419 +01:00 [INF] Request finished HTTP/1.1 OPTIONS http://localhost:5082/api/QuizAPI/create - 204 null null 2.855ms
2025-10-26 20:03:38.422 +01:00 [INF] Request starting HTTP/1.1 POST http://localhost:5082/api/QuizAPI/create - application/json 130
2025-10-26 20:03:38.423 +01:00 [INF] CORS policy execution successful.
2025-10-26 20:03:38.423 +01:00 [INF] Executing endpoint 'api.Controllers.QuizAPIController.Create (api)'
2025-10-26 20:03:38.429 +01:00 [INF] Route matched with {action = "Create", controller = "QuizAPI"}. Executing controller action with signature System.Threading.Tasks.Task`1[Microsoft.AspNetCore.Mvc.IActionResult] Create(api.DTOs.QuizDto) on controller api.Controllers.QuizAPIController (api).
2025-10-26 20:03:38.713 +01:00 [ERR] Failed executing DbCommand (1ms) [Parameters=[@p0='?' (Size = 4)], CommandType='"Text"', CommandTimeout='30']
INSERT INTO "Quizzes" ("Title")
VALUES (@p0)
RETURNING "QuizId";
2025-10-26 20:03:38.728 +01:00 [ERR] An exception occurred in the database while saving changes for context type 'api.DAL.QuizDbContext'.
Microsoft.EntityFrameworkCore.DbUpdateException: An error occurred while saving the entity changes. See the inner exception for details.
 ---> Microsoft.Data.Sqlite.SqliteException (0x80004005): SQLite Error 1: 'no such table: Quizzes'.
   at Microsoft.Data.Sqlite.SqliteException.ThrowExceptionForRC(Int32 rc, sqlite3 db)
   at Microsoft.Data.Sqlite.SqliteCommand.PrepareAndEnumerateStatements()+MoveNext()
   at Microsoft.Data.Sqlite.SqliteCommand.GetStatements()+MoveNext()
   at Microsoft.Data.Sqlite.SqliteDataReader.NextResult()
   at Microsoft.Data.Sqlite.SqliteCommand.ExecuteReader(CommandBehavior behavior)
   at Microsoft.Data.Sqlite.SqliteCommand.ExecuteReaderAsync(CommandBehavior behavior, CancellationToken cancellationToken)
   at Microsoft.Data.Sqlite.SqliteCommand.ExecuteDbDataReaderAsync(CommandBehavior behavior, CancellationToken cancellationToken)
   at Microsoft.EntityFrameworkCore.Storage.RelationalCommand.ExecuteReaderAsync(RelationalCommandParameterObject parameterObject, CancellationToken cancellationToken)
   at Microsoft.EntityFrameworkCore.Storage.RelationalCommand.ExecuteReaderAsync(RelationalCommandParameterObject parameterObject, CancellationToken cancellationToken)
   at Microsoft.EntityFrameworkCore.Update.ReaderModificationCommandBatch.ExecuteAsync(IRelationalConnection connection, CancellationToken cancellationToken)
   --- End of inner exception stack trace ---
   at Microsoft.EntityFrameworkCore.Update.ReaderModificationCommandBatch.ExecuteAsync(IRelationalConnection connection, CancellationToken cancellationToken)
   at Microsoft.EntityFrameworkCore.Update.Internal.BatchExecutor.ExecuteAsync(IEnumerable`1 commandBatches, IRelationalConnection connection, CancellationToken cancellationToken)
   at Microsoft.EntityFrameworkCore.Update.Internal.BatchExecutor.ExecuteAsync(IEnumerable`1 commandBatches, IRelationalConnection connection, CancellationToken cancellationToken)
   at Microsoft.EntityFrameworkCore.Update.Internal.BatchExecutor.ExecuteAsync(IEnumerable`1 commandBatches, IRelationalConnection connection, CancellationToken cancellationToken)
   at Microsoft.EntityFrameworkCore.ChangeTracking.Internal.StateManager.SaveChangesAsync(IList`1 entriesToSave, CancellationToken cancellationToken)
   at Microsoft.EntityFrameworkCore.ChangeTracking.Internal.StateManager.SaveChangesAsync(StateManager stateManager, Boolean acceptAllChangesOnSuccess, CancellationToken cancellationToken)
   at Microsoft.EntityFrameworkCore.DbContext.SaveChangesAsync(Boolean acceptAllChangesOnSuccess, CancellationToken cancellationToken)
Microsoft.EntityFrameworkCore.DbUpdateException: An error occurred while saving the entity changes. See the inner exception for details.
 ---> Microsoft.Data.Sqlite.SqliteException (0x80004005): SQLite Error 1: 'no such table: Quizzes'.
   at Microsoft.Data.Sqlite.SqliteException.ThrowExceptionForRC(Int32 rc, sqlite3 db)
   at Microsoft.Data.Sqlite.SqliteCommand.PrepareAndEnumerateStatements()+MoveNext()
   at Microsoft.Data.Sqlite.SqliteCommand.GetStatements()+MoveNext()
   at Microsoft.Data.Sqlite.SqliteDataReader.NextResult()
   at Microsoft.Data.Sqlite.SqliteCommand.ExecuteReader(CommandBehavior behavior)
   at Microsoft.Data.Sqlite.SqliteCommand.ExecuteReaderAsync(CommandBehavior behavior, CancellationToken cancellationToken)
   at Microsoft.Data.Sqlite.SqliteCommand.ExecuteDbDataReaderAsync(CommandBehavior behavior, CancellationToken cancellationToken)
   at Microsoft.EntityFrameworkCore.Storage.RelationalCommand.ExecuteReaderAsync(RelationalCommandParameterObject parameterObject, CancellationToken cancellationToken)
   at Microsoft.EntityFrameworkCore.Storage.RelationalCommand.ExecuteReaderAsync(RelationalCommandParameterObject parameterObject, CancellationToken cancellationToken)
   at Microsoft.EntityFrameworkCore.Update.ReaderModificationCommandBatch.ExecuteAsync(IRelationalConnection connection, CancellationToken cancellationToken)
   --- End of inner exception stack trace ---
   at Microsoft.EntityFrameworkCore.Update.ReaderModificationCommandBatch.ExecuteAsync(IRelationalConnection connection, CancellationToken cancellationToken)
   at Microsoft.EntityFrameworkCore.Update.Internal.BatchExecutor.ExecuteAsync(IEnumerable`1 commandBatches, IRelationalConnection connection, CancellationToken cancellationToken)
   at Microsoft.EntityFrameworkCore.Update.Internal.BatchExecutor.ExecuteAsync(IEnumerable`1 commandBatches, IRelationalConnection connection, CancellationToken cancellationToken)
   at Microsoft.EntityFrameworkCore.Update.Internal.BatchExecutor.ExecuteAsync(IEnumerable`1 commandBatches, IRelationalConnection connection, CancellationToken cancellationToken)
   at Microsoft.EntityFrameworkCore.ChangeTracking.Internal.StateManager.SaveChangesAsync(IList`1 entriesToSave, CancellationToken cancellationToken)
   at Microsoft.EntityFrameworkCore.ChangeTracking.Internal.StateManager.SaveChangesAsync(StateManager stateManager, Boolean acceptAllChangesOnSuccess, CancellationToken cancellationToken)
   at Microsoft.EntityFrameworkCore.DbContext.SaveChangesAsync(Boolean acceptAllChangesOnSuccess, CancellationToken cancellationToken)
2025-10-26 20:03:38.734 +01:00 [ERR] [QuizRepository] Create failed for quiz {"QuizId":0,"Title":"quiz","Questions":[{"QuestionId":0,"Text":"spm","QuizId":0,"AnswerOptions":[{"AnswerOptionId":0,"Text":"svar","IsCorrect":false,"QuestionId":0,"$type":"AnswerOption"},{"AnswerOptionId":0,"Text":"svar","IsCorrect":true,"QuestionId":0,"$type":"AnswerOption"}],"$type":"Question"}],"$type":"Quiz"}: An error occurred while saving the entity changes. See the inner exception for details.
2025-10-26 20:03:38.737 +01:00 [WRN] [QuizAPIController] Quiz creation failed {"QuizId":0,"Title":"quiz","Questions":[{"QuestionId":0,"Text":"spm","QuizId":0,"AnswerOptions":[{"AnswerOptionId":0,"Text":"svar","IsCorrect":false,"QuestionId":0,"$type":"AnswerOption"},{"AnswerOptionId":0,"Text":"svar","IsCorrect":true,"QuestionId":0,"$type":"AnswerOption"}],"$type":"Question"}],"$type":"Quiz"}
2025-10-26 20:03:38.737 +01:00 [INF] Executing ObjectResult, writing value of type 'System.String'.
2025-10-26 20:03:38.738 +01:00 [INF] Executed action api.Controllers.QuizAPIController.Create (api) in 308.5101ms
2025-10-26 20:03:38.738 +01:00 [INF] Executed endpoint 'api.Controllers.QuizAPIController.Create (api)'
2025-10-26 20:03:38.738 +01:00 [INF] Request finished HTTP/1.1 POST http://localhost:5082/api/QuizAPI/create - 500 null text/plain; charset=utf-8 316.327ms
2025-10-26 20:05:28.585 +01:00 [INF] Application is shutting down...
