2025-11-11 14:04:21.592 +01:00 [INF] User profile is available. Using 'C:\Users\Admin\AppData\Local\ASP.NET\DataProtection-Keys' as key repository and Windows DPAPI to encrypt keys at rest.
2025-11-11 14:04:21.826 +01:00 [INF] Now listening on: http://localhost:5082
2025-11-11 14:04:21.834 +01:00 [INF] Application started. Press Ctrl+C to shut down.
2025-11-11 14:04:21.836 +01:00 [INF] Hosting environment: Development
2025-11-11 14:04:21.837 +01:00 [INF] Content root path: C:\Users\Admin\OneDrive - OsloMet\FinalExamITPE3200\EXAMFAM\api
2025-11-11 14:04:46.738 +01:00 [INF] Request starting HTTP/1.1 OPTIONS http://localhost:5082/api/Auth/login - null null
2025-11-11 14:04:46.796 +01:00 [INF] CORS policy execution successful.
2025-11-11 14:04:46.807 +01:00 [INF] Request finished HTTP/1.1 OPTIONS http://localhost:5082/api/Auth/login - 204 null null 72.0113ms
2025-11-11 14:04:46.811 +01:00 [INF] Request starting HTTP/1.1 POST http://localhost:5082/api/Auth/login - application/json 46
2025-11-11 14:04:46.818 +01:00 [INF] CORS policy execution successful.
2025-11-11 14:04:46.873 +01:00 [INF] Executing endpoint 'api.Controllers.AuthController.Login (api)'
2025-11-11 14:04:46.904 +01:00 [INF] Route matched with {action = "Login", controller = "Auth"}. Executing controller action with signature System.Threading.Tasks.Task`1[Microsoft.AspNetCore.Mvc.IActionResult] Login(api.DTOs.LoginDto) on controller api.Controllers.AuthController (api).
2025-11-11 14:04:47.346 +01:00 [INF] [AuthController] JWT token created for sofie123 with roles Student
2025-11-11 14:04:47.381 +01:00 [INF] [AuthController] user authorised for sofie123
2025-11-11 14:04:47.392 +01:00 [INF] Executing OkObjectResult, writing value of type '<>f__AnonymousType1`1[[System.String, System.Private.CoreLib, Version=8.0.0.0, Culture=neutral, PublicKeyToken=7cec85d7bea7798e]]'.
2025-11-11 14:04:47.435 +01:00 [INF] Executed action api.Controllers.AuthController.Login (api) in 524.1181ms
2025-11-11 14:04:47.436 +01:00 [INF] Executed endpoint 'api.Controllers.AuthController.Login (api)'
2025-11-11 14:04:47.441 +01:00 [INF] Request finished HTTP/1.1 POST http://localhost:5082/api/Auth/login - 200 681 application/json; charset=utf-8 629.6944ms
2025-11-11 14:04:48.721 +01:00 [INF] Request starting HTTP/1.1 OPTIONS http://localhost:5082/api/takequizapi/takequizlist - null null
2025-11-11 14:04:48.721 +01:00 [INF] Request starting HTTP/1.1 OPTIONS http://localhost:5082/api/takequizapi/takequizlist - null null
2025-11-11 14:04:48.723 +01:00 [INF] CORS policy execution successful.
2025-11-11 14:04:48.723 +01:00 [INF] CORS policy execution successful.
2025-11-11 14:04:48.724 +01:00 [INF] Request finished HTTP/1.1 OPTIONS http://localhost:5082/api/takequizapi/takequizlist - 204 null null 3.5512ms
2025-11-11 14:04:48.724 +01:00 [INF] Request finished HTTP/1.1 OPTIONS http://localhost:5082/api/takequizapi/takequizlist - 204 null null 3.5046ms
2025-11-11 14:04:48.727 +01:00 [INF] Request starting HTTP/1.1 GET http://localhost:5082/api/takequizapi/takequizlist - application/json null
2025-11-11 14:04:48.739 +01:00 [INF] CORS policy execution successful.
2025-11-11 14:04:48.825 +01:00 [INF] Executing endpoint 'api.Controllers.TakeQuizApiController.GetAllQuizzes (api)'
2025-11-11 14:04:48.833 +01:00 [INF] Route matched with {action = "GetAllQuizzes", controller = "TakeQuizApi"}. Executing controller action with signature System.Threading.Tasks.Task`1[Microsoft.AspNetCore.Mvc.IActionResult] GetAllQuizzes() on controller api.Controllers.TakeQuizApiController (api).
2025-11-11 14:04:49.055 +01:00 [WRN] Compiling a query which loads related collections for more than one collection navigation, either via 'Include' or through projection, but no 'QuerySplittingBehavior' has been configured. By default, Entity Framework will use 'QuerySplittingBehavior.SingleQuery', which can potentially result in slow query performance. See https://go.microsoft.com/fwlink/?linkid=2134277 for more information. To identify the query that's triggering this warning call 'ConfigureWarnings(w => w.Throw(RelationalEventId.MultipleCollectionIncludeWarning))'.
2025-11-11 14:04:49.149 +01:00 [INF] Executing OkObjectResult, writing value of type 'System.Collections.Generic.List`1[[api.DTOs.QuizDto, api, Version=1.0.0.0, Culture=neutral, PublicKeyToken=null]]'.
2025-11-11 14:04:49.169 +01:00 [INF] Executed action api.Controllers.TakeQuizApiController.GetAllQuizzes (api) in 335.413ms
2025-11-11 14:04:49.170 +01:00 [INF] Executed endpoint 'api.Controllers.TakeQuizApiController.GetAllQuizzes (api)'
2025-11-11 14:04:49.170 +01:00 [INF] Request finished HTTP/1.1 GET http://localhost:5082/api/takequizapi/takequizlist - 200 284 application/json; charset=utf-8 442.8806ms
2025-11-11 14:04:49.172 +01:00 [INF] Request starting HTTP/1.1 GET http://localhost:5082/api/takequizapi/takequizlist - application/json null
2025-11-11 14:04:49.174 +01:00 [INF] CORS policy execution successful.
2025-11-11 14:04:49.179 +01:00 [INF] Executing endpoint 'api.Controllers.TakeQuizApiController.GetAllQuizzes (api)'
2025-11-11 14:04:49.180 +01:00 [INF] Route matched with {action = "GetAllQuizzes", controller = "TakeQuizApi"}. Executing controller action with signature System.Threading.Tasks.Task`1[Microsoft.AspNetCore.Mvc.IActionResult] GetAllQuizzes() on controller api.Controllers.TakeQuizApiController (api).
2025-11-11 14:04:49.189 +01:00 [INF] Executing OkObjectResult, writing value of type 'System.Collections.Generic.List`1[[api.DTOs.QuizDto, api, Version=1.0.0.0, Culture=neutral, PublicKeyToken=null]]'.
2025-11-11 14:04:49.190 +01:00 [INF] Executed action api.Controllers.TakeQuizApiController.GetAllQuizzes (api) in 9.7708ms
2025-11-11 14:04:49.190 +01:00 [INF] Executed endpoint 'api.Controllers.TakeQuizApiController.GetAllQuizzes (api)'
2025-11-11 14:04:49.190 +01:00 [INF] Request finished HTTP/1.1 GET http://localhost:5082/api/takequizapi/takequizlist - 200 284 application/json; charset=utf-8 17.7546ms
2025-11-11 14:04:49.994 +01:00 [INF] Request starting HTTP/1.1 OPTIONS http://localhost:5082/api/takequizapi/2 - null null
2025-11-11 14:04:49.994 +01:00 [INF] Request starting HTTP/1.1 OPTIONS http://localhost:5082/api/takequizapi/2 - null null
2025-11-11 14:04:49.994 +01:00 [INF] CORS policy execution successful.
2025-11-11 14:04:49.995 +01:00 [INF] CORS policy execution successful.
2025-11-11 14:04:49.995 +01:00 [INF] Request finished HTTP/1.1 OPTIONS http://localhost:5082/api/takequizapi/2 - 204 null null 0.5371ms
2025-11-11 14:04:49.995 +01:00 [INF] Request finished HTTP/1.1 OPTIONS http://localhost:5082/api/takequizapi/2 - 204 null null 1.2396ms
2025-11-11 14:04:49.998 +01:00 [INF] Request starting HTTP/1.1 GET http://localhost:5082/api/takequizapi/2 - application/json null
2025-11-11 14:04:49.998 +01:00 [INF] CORS policy execution successful.
2025-11-11 14:04:49.999 +01:00 [INF] Executing endpoint 'api.Controllers.TakeQuizApiController.GetQuiz (api)'
2025-11-11 14:04:50.008 +01:00 [INF] Route matched with {action = "GetQuiz", controller = "TakeQuizApi"}. Executing controller action with signature System.Threading.Tasks.Task`1[Microsoft.AspNetCore.Mvc.IActionResult] GetQuiz(Int32) on controller api.Controllers.TakeQuizApiController (api).
2025-11-11 14:04:50.054 +01:00 [WRN] Compiling a query which loads related collections for more than one collection navigation, either via 'Include' or through projection, but no 'QuerySplittingBehavior' has been configured. By default, Entity Framework will use 'QuerySplittingBehavior.SingleQuery', which can potentially result in slow query performance. See https://go.microsoft.com/fwlink/?linkid=2134277 for more information. To identify the query that's triggering this warning call 'ConfigureWarnings(w => w.Throw(RelationalEventId.MultipleCollectionIncludeWarning))'.
2025-11-11 14:04:50.068 +01:00 [INF] Executing OkObjectResult, writing value of type 'api.DTOs.QuizDto'.
2025-11-11 14:04:50.075 +01:00 [INF] Executed action api.Controllers.TakeQuizApiController.GetQuiz (api) in 66.5688ms
2025-11-11 14:04:50.075 +01:00 [INF] Executed endpoint 'api.Controllers.TakeQuizApiController.GetQuiz (api)'
2025-11-11 14:04:50.075 +01:00 [INF] Request finished HTTP/1.1 GET http://localhost:5082/api/takequizapi/2 - 200 870 application/json; charset=utf-8 77.6137ms
2025-11-11 14:04:50.077 +01:00 [INF] Request starting HTTP/1.1 GET http://localhost:5082/api/takequizapi/2 - application/json null
2025-11-11 14:04:50.078 +01:00 [INF] CORS policy execution successful.
2025-11-11 14:04:50.079 +01:00 [INF] Executing endpoint 'api.Controllers.TakeQuizApiController.GetQuiz (api)'
2025-11-11 14:04:50.080 +01:00 [INF] Route matched with {action = "GetQuiz", controller = "TakeQuizApi"}. Executing controller action with signature System.Threading.Tasks.Task`1[Microsoft.AspNetCore.Mvc.IActionResult] GetQuiz(Int32) on controller api.Controllers.TakeQuizApiController (api).
2025-11-11 14:04:50.085 +01:00 [INF] Executing OkObjectResult, writing value of type 'api.DTOs.QuizDto'.
2025-11-11 14:04:50.086 +01:00 [INF] Executed action api.Controllers.TakeQuizApiController.GetQuiz (api) in 5.8539ms
2025-11-11 14:04:50.086 +01:00 [INF] Executed endpoint 'api.Controllers.TakeQuizApiController.GetQuiz (api)'
2025-11-11 14:04:50.086 +01:00 [INF] Request finished HTTP/1.1 GET http://localhost:5082/api/takequizapi/2 - 200 870 application/json; charset=utf-8 8.9044ms
2025-11-11 14:04:54.729 +01:00 [INF] Request starting HTTP/1.1 OPTIONS http://localhost:5082/api/takequizapi/submit - null null
2025-11-11 14:04:54.730 +01:00 [INF] CORS policy execution successful.
2025-11-11 14:04:54.731 +01:00 [INF] Request finished HTTP/1.1 OPTIONS http://localhost:5082/api/takequizapi/submit - 204 null null 1.7794ms
2025-11-11 14:04:54.734 +01:00 [INF] Request starting HTTP/1.1 POST http://localhost:5082/api/takequizapi/submit - application/json 51
2025-11-11 14:04:54.735 +01:00 [INF] CORS policy execution successful.
2025-11-11 14:04:54.742 +01:00 [INF] Executing endpoint 'api.Controllers.TakeQuizApiController.Submit (api)'
2025-11-11 14:04:54.750 +01:00 [INF] Route matched with {action = "Submit", controller = "TakeQuizApi"}. Executing controller action with signature System.Threading.Tasks.Task`1[Microsoft.AspNetCore.Mvc.IActionResult] Submit(api.DTOs.QuizSubmissionDto) on controller api.Controllers.TakeQuizApiController (api).
2025-11-11 14:04:54.777 +01:00 [INF] Executing OkObjectResult, writing value of type 'System.Collections.Generic.Dictionary`2[[System.String, System.Private.CoreLib, Version=8.0.0.0, Culture=neutral, PublicKeyToken=7cec85d7bea7798e],[System.Int32, System.Private.CoreLib, Version=8.0.0.0, Culture=neutral, PublicKeyToken=7cec85d7bea7798e]]'.
2025-11-11 14:04:54.779 +01:00 [INF] Executed action api.Controllers.TakeQuizApiController.Submit (api) in 28.5877ms
2025-11-11 14:04:54.779 +01:00 [INF] Executed endpoint 'api.Controllers.TakeQuizApiController.Submit (api)'
2025-11-11 14:04:54.780 +01:00 [INF] Request finished HTTP/1.1 POST http://localhost:5082/api/takequizapi/submit - 200 11 application/json; charset=utf-8 45.5747ms
2025-11-11 14:04:55.805 +01:00 [INF] Request starting HTTP/1.1 OPTIONS http://localhost:5082/api/takequizapi/saveattempt - null null
2025-11-11 14:04:55.805 +01:00 [INF] CORS policy execution successful.
2025-11-11 14:04:55.806 +01:00 [INF] Request finished HTTP/1.1 OPTIONS http://localhost:5082/api/takequizapi/saveattempt - 204 null null 1.0111ms
2025-11-11 14:04:55.811 +01:00 [INF] Request starting HTTP/1.1 POST http://localhost:5082/api/takequizapi/saveattempt - application/json 22
2025-11-11 14:04:55.811 +01:00 [INF] CORS policy execution successful.
2025-11-11 14:04:55.824 +01:00 [INF] Executing endpoint 'api.Controllers.TakeQuizApiController.SaveAttempt (api)'
2025-11-11 14:04:55.831 +01:00 [INF] Route matched with {action = "SaveAttempt", controller = "TakeQuizApi"}. Executing controller action with signature System.Threading.Tasks.Task`1[Microsoft.AspNetCore.Mvc.IActionResult] SaveAttempt(api.DTOs.QuizResultDto) on controller api.Controllers.TakeQuizApiController (api).
2025-11-11 14:04:55.845 +01:00 [INF] Executing BadRequestObjectResult, writing value of type 'Microsoft.AspNetCore.Mvc.ValidationProblemDetails'.
2025-11-11 14:04:55.881 +01:00 [INF] Executed action api.Controllers.TakeQuizApiController.SaveAttempt (api) in 49.3712ms
2025-11-11 14:04:55.882 +01:00 [INF] Executed endpoint 'api.Controllers.TakeQuizApiController.SaveAttempt (api)'
2025-11-11 14:04:55.882 +01:00 [INF] Request finished HTTP/1.1 POST http://localhost:5082/api/takequizapi/saveattempt - 400 289 application/problem+json; charset=utf-8 71.6551ms
2025-11-11 14:06:26.602 +01:00 [INF] Application is shutting down...
