2025-11-13 21:44:22.805 +01:00 [INF] User profile is available. Using 'C:\Users\Admin\AppData\Local\ASP.NET\DataProtection-Keys' as key repository and Windows DPAPI to encrypt keys at rest.
2025-11-13 21:44:22.875 +01:00 [INF] Now listening on: http://localhost:5082
2025-11-13 21:44:22.879 +01:00 [INF] Application started. Press Ctrl+C to shut down.
2025-11-13 21:44:22.880 +01:00 [INF] Hosting environment: Development
2025-11-13 21:44:22.880 +01:00 [INF] Content root path: C:\Users\Admin\OneDrive - OsloMet\FinalExamITPE3200\EXAMFAM\api
2025-11-13 21:44:29.523 +01:00 [INF] Request starting HTTP/1.1 GET http://localhost:5082/api/quizapi/quizlist - null null
2025-11-13 21:44:29.569 +01:00 [INF] CORS policy execution successful.
2025-11-13 21:44:29.606 +01:00 [INF] Executing endpoint 'api.Controllers.QuizAPIController.QuizList (api)'
2025-11-13 21:44:29.623 +01:00 [INF] Route matched with {action = "QuizList", controller = "QuizAPI"}. Executing controller action with signature System.Threading.Tasks.Task`1[Microsoft.AspNetCore.Mvc.IActionResult] QuizList() on controller api.Controllers.QuizAPIController (api).
2025-11-13 21:44:29.860 +01:00 [WRN] Compiling a query which loads related collections for more than one collection navigation, either via 'Include' or through projection, but no 'QuerySplittingBehavior' has been configured. By default, Entity Framework will use 'QuerySplittingBehavior.SingleQuery', which can potentially result in slow query performance. See https://go.microsoft.com/fwlink/?linkid=2134277 for more information. To identify the query that's triggering this warning call 'ConfigureWarnings(w => w.Throw(RelationalEventId.MultipleCollectionIncludeWarning))'.
2025-11-13 21:44:29.941 +01:00 [INF] Executing OkObjectResult, writing value of type 'System.Linq.Enumerable+SelectListIterator`2[[api.Models.Quiz, api, Version=1.0.0.0, Culture=neutral, PublicKeyToken=null],[api.DTOs.QuizDto, api, Version=1.0.0.0, Culture=neutral, PublicKeyToken=null]]'.
2025-11-13 21:44:30.040 +01:00 [INF] Executed action api.Controllers.QuizAPIController.QuizList (api) in 412.2008ms
2025-11-13 21:44:30.041 +01:00 [INF] Executed endpoint 'api.Controllers.QuizAPIController.QuizList (api)'
2025-11-13 21:44:30.046 +01:00 [INF] Request finished HTTP/1.1 GET http://localhost:5082/api/quizapi/quizlist - 200 377 application/json; charset=utf-8 525.0744ms
2025-11-13 21:44:30.049 +01:00 [INF] Request starting HTTP/1.1 GET http://localhost:5082/api/quizapi/quizlist - null null
2025-11-13 21:44:30.053 +01:00 [INF] CORS policy execution successful.
2025-11-13 21:44:30.054 +01:00 [INF] Executing endpoint 'api.Controllers.QuizAPIController.QuizList (api)'
2025-11-13 21:44:30.055 +01:00 [INF] Route matched with {action = "QuizList", controller = "QuizAPI"}. Executing controller action with signature System.Threading.Tasks.Task`1[Microsoft.AspNetCore.Mvc.IActionResult] QuizList() on controller api.Controllers.QuizAPIController (api).
2025-11-13 21:44:30.082 +01:00 [INF] Executing OkObjectResult, writing value of type 'System.Linq.Enumerable+SelectListIterator`2[[api.Models.Quiz, api, Version=1.0.0.0, Culture=neutral, PublicKeyToken=null],[api.DTOs.QuizDto, api, Version=1.0.0.0, Culture=neutral, PublicKeyToken=null]]'.
2025-11-13 21:44:30.084 +01:00 [INF] Executed action api.Controllers.QuizAPIController.QuizList (api) in 28.7471ms
2025-11-13 21:44:30.084 +01:00 [INF] Executed endpoint 'api.Controllers.QuizAPIController.QuizList (api)'
2025-11-13 21:44:30.084 +01:00 [INF] Request finished HTTP/1.1 GET http://localhost:5082/api/quizapi/quizlist - 200 377 application/json; charset=utf-8 35.4994ms
2025-11-13 21:44:31.880 +01:00 [INF] Request starting HTTP/1.1 GET http://localhost:5082/api/quizapi/12 - null null
2025-11-13 21:44:31.882 +01:00 [INF] CORS policy execution successful.
2025-11-13 21:44:31.884 +01:00 [INF] Executing endpoint 'api.Controllers.QuizAPIController.GetQuiz (api)'
2025-11-13 21:44:31.898 +01:00 [INF] Route matched with {action = "GetQuiz", controller = "QuizAPI"}. Executing controller action with signature System.Threading.Tasks.Task`1[Microsoft.AspNetCore.Mvc.IActionResult] GetQuiz(Int32) on controller api.Controllers.QuizAPIController (api).
2025-11-13 21:44:31.933 +01:00 [WRN] Compiling a query which loads related collections for more than one collection navigation, either via 'Include' or through projection, but no 'QuerySplittingBehavior' has been configured. By default, Entity Framework will use 'QuerySplittingBehavior.SingleQuery', which can potentially result in slow query performance. See https://go.microsoft.com/fwlink/?linkid=2134277 for more information. To identify the query that's triggering this warning call 'ConfigureWarnings(w => w.Throw(RelationalEventId.MultipleCollectionIncludeWarning))'.
2025-11-13 21:44:31.940 +01:00 [INF] Executing OkObjectResult, writing value of type 'api.Models.Quiz'.
2025-11-13 21:44:31.950 +01:00 [INF] Executed action api.Controllers.QuizAPIController.GetQuiz (api) in 51.5915ms
2025-11-13 21:44:31.950 +01:00 [INF] Executed endpoint 'api.Controllers.QuizAPIController.GetQuiz (api)'
2025-11-13 21:44:31.951 +01:00 [INF] Request finished HTTP/1.1 GET http://localhost:5082/api/quizapi/12 - 200 1158 application/json; charset=utf-8 70.2741ms
2025-11-13 21:44:31.952 +01:00 [INF] Request starting HTTP/1.1 GET http://localhost:5082/api/quizapi/12 - null null
2025-11-13 21:44:31.953 +01:00 [INF] CORS policy execution successful.
2025-11-13 21:44:31.953 +01:00 [INF] Executing endpoint 'api.Controllers.QuizAPIController.GetQuiz (api)'
2025-11-13 21:44:31.954 +01:00 [INF] Route matched with {action = "GetQuiz", controller = "QuizAPI"}. Executing controller action with signature System.Threading.Tasks.Task`1[Microsoft.AspNetCore.Mvc.IActionResult] GetQuiz(Int32) on controller api.Controllers.QuizAPIController (api).
2025-11-13 21:44:31.961 +01:00 [INF] Executing OkObjectResult, writing value of type 'api.Models.Quiz'.
2025-11-13 21:44:31.962 +01:00 [INF] Executed action api.Controllers.QuizAPIController.GetQuiz (api) in 7.8487ms
2025-11-13 21:44:31.962 +01:00 [INF] Executed endpoint 'api.Controllers.QuizAPIController.GetQuiz (api)'
2025-11-13 21:44:31.963 +01:00 [INF] Request finished HTTP/1.1 GET http://localhost:5082/api/quizapi/12 - 200 1158 application/json; charset=utf-8 10.3274ms
2025-11-13 21:44:34.818 +01:00 [INF] Request starting HTTP/1.1 OPTIONS http://localhost:5082/api/quizapi/update/12 - null null
2025-11-13 21:44:34.819 +01:00 [INF] CORS policy execution successful.
2025-11-13 21:44:34.822 +01:00 [INF] Request finished HTTP/1.1 OPTIONS http://localhost:5082/api/quizapi/update/12 - 204 null null 3.0329ms
2025-11-13 21:44:34.826 +01:00 [INF] Request starting HTTP/1.1 PUT http://localhost:5082/api/quizapi/update/12 - application/json 621
2025-11-13 21:44:34.827 +01:00 [INF] CORS policy execution successful.
2025-11-13 21:44:34.951 +01:00 [INF] Failed to validate the token.
Microsoft.IdentityModel.Tokens.SecurityTokenExpiredException: IDX10223: Lifetime validation failed. The token is expired. ValidTo (UTC): '13.11.2025 15:17:35', Current time (UTC): '13.11.2025 20:44:34'.
   at Microsoft.IdentityModel.Tokens.ValidatorUtilities.ValidateLifetime(Nullable`1 notBefore, Nullable`1 expires, SecurityToken securityToken, TokenValidationParameters validationParameters)
   at Microsoft.IdentityModel.Tokens.Validators.ValidateLifetime(Nullable`1 notBefore, Nullable`1 expires, SecurityToken securityToken, TokenValidationParameters validationParameters)
   at Microsoft.IdentityModel.JsonWebTokens.JsonWebTokenHandler.ValidateTokenPayloadAsync(JsonWebToken jsonWebToken, TokenValidationParameters validationParameters, BaseConfiguration configuration)
   at Microsoft.IdentityModel.JsonWebTokens.JsonWebTokenHandler.ValidateJWSAsync(JsonWebToken jsonWebToken, TokenValidationParameters validationParameters, BaseConfiguration configuration)
2025-11-13 21:44:34.980 +01:00 [INF] Bearer was not authenticated. Failure message: IDX10223: Lifetime validation failed. The token is expired. ValidTo (UTC): '13.11.2025 15:17:35', Current time (UTC): '13.11.2025 20:44:34'.
2025-11-13 21:44:34.993 +01:00 [INF] Authorization failed. These requirements were not met:
RolesAuthorizationRequirement:User.IsInRole must be true for one of the following roles: (Teacher)
2025-11-13 21:44:35.000 +01:00 [INF] AuthenticationScheme: Bearer was challenged.
2025-11-13 21:44:35.001 +01:00 [INF] Request finished HTTP/1.1 PUT http://localhost:5082/api/quizapi/update/12 - 401 0 null 174.325ms
2025-11-13 21:44:38.317 +01:00 [INF] Application is shutting down...
