2025-11-08 18:57:29.186 +01:00 [INF] User profile is available. Using 'C:\Users\Admin\AppData\Local\ASP.NET\DataProtection-Keys' as key repository and Windows DPAPI to encrypt keys at rest.
2025-11-08 18:57:29.268 +01:00 [INF] Now listening on: http://localhost:5082
2025-11-08 18:57:29.271 +01:00 [INF] Application started. Press Ctrl+C to shut down.
2025-11-08 18:57:29.272 +01:00 [INF] Hosting environment: Development
2025-11-08 18:57:29.272 +01:00 [INF] Content root path: C:\Users\Admin\OneDrive - OsloMet\FinalExamITPE3200\EXAMFAM\api
2025-11-08 18:57:38.956 +01:00 [INF] Request starting HTTP/1.1 GET http://localhost:5082/api/quizapi/quizlist - null null
2025-11-08 18:57:39.018 +01:00 [INF] CORS policy execution successful.
2025-11-08 18:57:39.068 +01:00 [INF] Executing endpoint 'api.Controllers.QuizAPIController.QuizList (api)'
2025-11-08 18:57:39.106 +01:00 [INF] Route matched with {action = "QuizList", controller = "QuizAPI"}. Executing controller action with signature System.Threading.Tasks.Task`1[Microsoft.AspNetCore.Mvc.IActionResult] QuizList() on controller api.Controllers.QuizAPIController (api).
2025-11-08 18:57:40.636 +01:00 [WRN] Compiling a query which loads related collections for more than one collection navigation, either via 'Include' or through projection, but no 'QuerySplittingBehavior' has been configured. By default, Entity Framework will use 'QuerySplittingBehavior.SingleQuery', which can potentially result in slow query performance. See https://go.microsoft.com/fwlink/?linkid=2134277 for more information. To identify the query that's triggering this warning call 'ConfigureWarnings(w => w.Throw(RelationalEventId.MultipleCollectionIncludeWarning))'.
2025-11-08 18:57:40.974 +01:00 [INF] Executing OkObjectResult, writing value of type 'System.Linq.Enumerable+SelectListIterator`2[[api.Models.Quiz, api, Version=1.0.0.0, Culture=neutral, PublicKeyToken=null],[api.DTOs.QuizDto, api, Version=1.0.0.0, Culture=neutral, PublicKeyToken=null]]'.
2025-11-08 18:57:41.139 +01:00 [INF] Executed action api.Controllers.QuizAPIController.QuizList (api) in 2026.5026ms
2025-11-08 18:57:41.142 +01:00 [INF] Executed endpoint 'api.Controllers.QuizAPIController.QuizList (api)'
2025-11-08 18:57:41.156 +01:00 [INF] Request finished HTTP/1.1 GET http://localhost:5082/api/quizapi/quizlist - 200 284 application/json; charset=utf-8 2202.0741ms
2025-11-08 18:57:41.161 +01:00 [INF] Request starting HTTP/1.1 GET http://localhost:5082/api/quizapi/quizlist - null null
2025-11-08 18:57:41.170 +01:00 [INF] CORS policy execution successful.
2025-11-08 18:57:41.177 +01:00 [INF] Executing endpoint 'api.Controllers.QuizAPIController.QuizList (api)'
2025-11-08 18:57:41.178 +01:00 [INF] Route matched with {action = "QuizList", controller = "QuizAPI"}. Executing controller action with signature System.Threading.Tasks.Task`1[Microsoft.AspNetCore.Mvc.IActionResult] QuizList() on controller api.Controllers.QuizAPIController (api).
2025-11-08 18:57:41.224 +01:00 [INF] Executing OkObjectResult, writing value of type 'System.Linq.Enumerable+SelectListIterator`2[[api.Models.Quiz, api, Version=1.0.0.0, Culture=neutral, PublicKeyToken=null],[api.DTOs.QuizDto, api, Version=1.0.0.0, Culture=neutral, PublicKeyToken=null]]'.
2025-11-08 18:57:41.226 +01:00 [INF] Executed action api.Controllers.QuizAPIController.QuizList (api) in 46.9113ms
2025-11-08 18:57:41.226 +01:00 [INF] Executed endpoint 'api.Controllers.QuizAPIController.QuizList (api)'
2025-11-08 18:57:41.227 +01:00 [INF] Request finished HTTP/1.1 GET http://localhost:5082/api/quizapi/quizlist - 200 284 application/json; charset=utf-8 65.3399ms
2025-11-08 18:57:42.535 +01:00 [INF] Request starting HTTP/1.1 GET http://localhost:5082/api/quizapi/7 - null null
2025-11-08 18:57:42.537 +01:00 [INF] CORS policy execution successful.
2025-11-08 18:57:42.539 +01:00 [INF] Executing endpoint 'api.Controllers.QuizAPIController.GetQuiz (api)'
2025-11-08 18:57:42.555 +01:00 [INF] Route matched with {action = "GetQuiz", controller = "QuizAPI"}. Executing controller action with signature System.Threading.Tasks.Task`1[Microsoft.AspNetCore.Mvc.IActionResult] GetQuiz(Int32) on controller api.Controllers.QuizAPIController (api).
2025-11-08 18:57:42.694 +01:00 [WRN] Compiling a query which loads related collections for more than one collection navigation, either via 'Include' or through projection, but no 'QuerySplittingBehavior' has been configured. By default, Entity Framework will use 'QuerySplittingBehavior.SingleQuery', which can potentially result in slow query performance. See https://go.microsoft.com/fwlink/?linkid=2134277 for more information. To identify the query that's triggering this warning call 'ConfigureWarnings(w => w.Throw(RelationalEventId.MultipleCollectionIncludeWarning))'.
2025-11-08 18:57:42.717 +01:00 [INF] Executing OkObjectResult, writing value of type 'api.Models.Quiz'.
2025-11-08 18:57:42.735 +01:00 [INF] Executed action api.Controllers.QuizAPIController.GetQuiz (api) in 180.2888ms
2025-11-08 18:57:42.736 +01:00 [INF] Executed endpoint 'api.Controllers.QuizAPIController.GetQuiz (api)'
2025-11-08 18:57:42.736 +01:00 [INF] Request finished HTTP/1.1 GET http://localhost:5082/api/quizapi/7 - 200 1380 application/json; charset=utf-8 200.4179ms
2025-11-08 18:57:42.738 +01:00 [INF] Request starting HTTP/1.1 GET http://localhost:5082/api/quizapi/7 - null null
2025-11-08 18:57:42.739 +01:00 [INF] CORS policy execution successful.
2025-11-08 18:57:42.739 +01:00 [INF] Executing endpoint 'api.Controllers.QuizAPIController.GetQuiz (api)'
2025-11-08 18:57:42.739 +01:00 [INF] Route matched with {action = "GetQuiz", controller = "QuizAPI"}. Executing controller action with signature System.Threading.Tasks.Task`1[Microsoft.AspNetCore.Mvc.IActionResult] GetQuiz(Int32) on controller api.Controllers.QuizAPIController (api).
2025-11-08 18:57:42.747 +01:00 [INF] Executing OkObjectResult, writing value of type 'api.Models.Quiz'.
2025-11-08 18:57:42.750 +01:00 [INF] Executed action api.Controllers.QuizAPIController.GetQuiz (api) in 10.5821ms
2025-11-08 18:57:42.752 +01:00 [INF] Executed endpoint 'api.Controllers.QuizAPIController.GetQuiz (api)'
2025-11-08 18:57:42.752 +01:00 [INF] Request finished HTTP/1.1 GET http://localhost:5082/api/quizapi/7 - 200 1380 application/json; charset=utf-8 14.1586ms
2025-11-08 18:57:49.139 +01:00 [INF] Request starting HTTP/1.1 GET http://localhost:5082/api/quizapi/quizlist - null null
2025-11-08 18:57:49.140 +01:00 [INF] CORS policy execution successful.
2025-11-08 18:57:49.141 +01:00 [INF] Executing endpoint 'api.Controllers.QuizAPIController.QuizList (api)'
2025-11-08 18:57:49.141 +01:00 [INF] Route matched with {action = "QuizList", controller = "QuizAPI"}. Executing controller action with signature System.Threading.Tasks.Task`1[Microsoft.AspNetCore.Mvc.IActionResult] QuizList() on controller api.Controllers.QuizAPIController (api).
2025-11-08 18:57:49.151 +01:00 [INF] Executing OkObjectResult, writing value of type 'System.Linq.Enumerable+SelectListIterator`2[[api.Models.Quiz, api, Version=1.0.0.0, Culture=neutral, PublicKeyToken=null],[api.DTOs.QuizDto, api, Version=1.0.0.0, Culture=neutral, PublicKeyToken=null]]'.
2025-11-08 18:57:49.151 +01:00 [INF] Executed action api.Controllers.QuizAPIController.QuizList (api) in 10.629ms
2025-11-08 18:57:49.152 +01:00 [INF] Executed endpoint 'api.Controllers.QuizAPIController.QuizList (api)'
2025-11-08 18:57:49.152 +01:00 [INF] Request finished HTTP/1.1 GET http://localhost:5082/api/quizapi/quizlist - 200 284 application/json; charset=utf-8 12.4353ms
2025-11-08 18:57:49.154 +01:00 [INF] Request starting HTTP/1.1 GET http://localhost:5082/api/quizapi/quizlist - null null
2025-11-08 18:57:49.155 +01:00 [INF] CORS policy execution successful.
2025-11-08 18:57:49.155 +01:00 [INF] Executing endpoint 'api.Controllers.QuizAPIController.QuizList (api)'
2025-11-08 18:57:49.155 +01:00 [INF] Route matched with {action = "QuizList", controller = "QuizAPI"}. Executing controller action with signature System.Threading.Tasks.Task`1[Microsoft.AspNetCore.Mvc.IActionResult] QuizList() on controller api.Controllers.QuizAPIController (api).
2025-11-08 18:57:49.163 +01:00 [INF] Executing OkObjectResult, writing value of type 'System.Linq.Enumerable+SelectListIterator`2[[api.Models.Quiz, api, Version=1.0.0.0, Culture=neutral, PublicKeyToken=null],[api.DTOs.QuizDto, api, Version=1.0.0.0, Culture=neutral, PublicKeyToken=null]]'.
2025-11-08 18:57:49.164 +01:00 [INF] Executed action api.Controllers.QuizAPIController.QuizList (api) in 8.4016ms
2025-11-08 18:57:49.164 +01:00 [INF] Executed endpoint 'api.Controllers.QuizAPIController.QuizList (api)'
2025-11-08 18:57:49.164 +01:00 [INF] Request finished HTTP/1.1 GET http://localhost:5082/api/quizapi/quizlist - 200 284 application/json; charset=utf-8 10.2379ms
2025-11-08 18:58:43.426 +01:00 [INF] Request starting HTTP/1.1 GET http://localhost:5082/api/quizapi/7 - null null
2025-11-08 18:58:43.438 +01:00 [INF] CORS policy execution successful.
2025-11-08 18:58:43.441 +01:00 [INF] Executing endpoint 'api.Controllers.QuizAPIController.GetQuiz (api)'
2025-11-08 18:58:43.447 +01:00 [INF] Route matched with {action = "GetQuiz", controller = "QuizAPI"}. Executing controller action with signature System.Threading.Tasks.Task`1[Microsoft.AspNetCore.Mvc.IActionResult] GetQuiz(Int32) on controller api.Controllers.QuizAPIController (api).
2025-11-08 18:58:43.498 +01:00 [INF] Executing OkObjectResult, writing value of type 'api.Models.Quiz'.
2025-11-08 18:58:43.501 +01:00 [INF] Executed action api.Controllers.QuizAPIController.GetQuiz (api) in 53.2218ms
2025-11-08 18:58:43.501 +01:00 [INF] Executed endpoint 'api.Controllers.QuizAPIController.GetQuiz (api)'
2025-11-08 18:58:43.502 +01:00 [INF] Request finished HTTP/1.1 GET http://localhost:5082/api/quizapi/7 - 200 1380 application/json; charset=utf-8 78.7752ms
2025-11-08 18:58:43.506 +01:00 [INF] Request starting HTTP/1.1 GET http://localhost:5082/api/quizapi/7 - null null
2025-11-08 18:58:43.506 +01:00 [INF] CORS policy execution successful.
2025-11-08 18:58:43.506 +01:00 [INF] Executing endpoint 'api.Controllers.QuizAPIController.GetQuiz (api)'
2025-11-08 18:58:43.507 +01:00 [INF] Route matched with {action = "GetQuiz", controller = "QuizAPI"}. Executing controller action with signature System.Threading.Tasks.Task`1[Microsoft.AspNetCore.Mvc.IActionResult] GetQuiz(Int32) on controller api.Controllers.QuizAPIController (api).
2025-11-08 18:58:43.515 +01:00 [INF] Executing OkObjectResult, writing value of type 'api.Models.Quiz'.
2025-11-08 18:58:43.517 +01:00 [INF] Executed action api.Controllers.QuizAPIController.GetQuiz (api) in 10.1606ms
2025-11-08 18:58:43.519 +01:00 [INF] Executed endpoint 'api.Controllers.QuizAPIController.GetQuiz (api)'
2025-11-08 18:58:43.519 +01:00 [INF] Request finished HTTP/1.1 GET http://localhost:5082/api/quizapi/7 - 200 1380 application/json; charset=utf-8 13.2838ms
2025-11-08 18:58:45.697 +01:00 [INF] Request starting HTTP/1.1 OPTIONS http://localhost:5082/api/quizapi/update/7 - null null
2025-11-08 18:58:45.699 +01:00 [INF] CORS policy execution successful.
2025-11-08 18:58:45.704 +01:00 [INF] Request finished HTTP/1.1 OPTIONS http://localhost:5082/api/quizapi/update/7 - 204 null null 6.4155ms
2025-11-08 18:58:45.708 +01:00 [INF] Request starting HTTP/1.1 PUT http://localhost:5082/api/quizapi/update/7 - application/json 801
2025-11-08 18:58:45.709 +01:00 [INF] CORS policy execution successful.
2025-11-08 18:58:45.881 +01:00 [INF] Executing endpoint 'api.Controllers.QuizAPIController.Update (api)'
2025-11-08 18:58:45.896 +01:00 [INF] Route matched with {action = "Update", controller = "QuizAPI"}. Executing controller action with signature System.Threading.Tasks.Task`1[Microsoft.AspNetCore.Mvc.IActionResult] Update(Int32, api.DTOs.QuizDto) on controller api.Controllers.QuizAPIController (api).
2025-11-08 18:58:46.317 +01:00 [INF] Executing OkObjectResult, writing value of type 'api.Models.Quiz'.
2025-11-08 18:58:46.318 +01:00 [INF] Executed action api.Controllers.QuizAPIController.Update (api) in 421.3701ms
2025-11-08 18:58:46.318 +01:00 [INF] Executed endpoint 'api.Controllers.QuizAPIController.Update (api)'
2025-11-08 18:58:46.318 +01:00 [INF] Request finished HTTP/1.1 PUT http://localhost:5082/api/quizapi/update/7 - 200 1380 application/json; charset=utf-8 609.7976ms
2025-11-08 18:58:46.362 +01:00 [INF] Request starting HTTP/1.1 GET http://localhost:5082/api/quizapi/quizlist - null null
2025-11-08 18:58:46.362 +01:00 [INF] CORS policy execution successful.
2025-11-08 18:58:46.362 +01:00 [INF] Executing endpoint 'api.Controllers.QuizAPIController.QuizList (api)'
2025-11-08 18:58:46.363 +01:00 [INF] Route matched with {action = "QuizList", controller = "QuizAPI"}. Executing controller action with signature System.Threading.Tasks.Task`1[Microsoft.AspNetCore.Mvc.IActionResult] QuizList() on controller api.Controllers.QuizAPIController (api).
2025-11-08 18:58:46.367 +01:00 [INF] Executing OkObjectResult, writing value of type 'System.Linq.Enumerable+SelectListIterator`2[[api.Models.Quiz, api, Version=1.0.0.0, Culture=neutral, PublicKeyToken=null],[api.DTOs.QuizDto, api, Version=1.0.0.0, Culture=neutral, PublicKeyToken=null]]'.
2025-11-08 18:58:46.368 +01:00 [INF] Executed action api.Controllers.QuizAPIController.QuizList (api) in 4.9124ms
2025-11-08 18:58:46.368 +01:00 [INF] Executed endpoint 'api.Controllers.QuizAPIController.QuizList (api)'
2025-11-08 18:58:46.368 +01:00 [INF] Request finished HTTP/1.1 GET http://localhost:5082/api/quizapi/quizlist - 200 284 application/json; charset=utf-8 6.1178ms
2025-11-08 18:58:46.370 +01:00 [INF] Request starting HTTP/1.1 GET http://localhost:5082/api/quizapi/quizlist - null null
2025-11-08 18:58:46.371 +01:00 [INF] CORS policy execution successful.
2025-11-08 18:58:46.371 +01:00 [INF] Executing endpoint 'api.Controllers.QuizAPIController.QuizList (api)'
2025-11-08 18:58:46.371 +01:00 [INF] Route matched with {action = "QuizList", controller = "QuizAPI"}. Executing controller action with signature System.Threading.Tasks.Task`1[Microsoft.AspNetCore.Mvc.IActionResult] QuizList() on controller api.Controllers.QuizAPIController (api).
2025-11-08 18:58:46.375 +01:00 [INF] Executing OkObjectResult, writing value of type 'System.Linq.Enumerable+SelectListIterator`2[[api.Models.Quiz, api, Version=1.0.0.0, Culture=neutral, PublicKeyToken=null],[api.DTOs.QuizDto, api, Version=1.0.0.0, Culture=neutral, PublicKeyToken=null]]'.
2025-11-08 18:58:46.375 +01:00 [INF] Executed action api.Controllers.QuizAPIController.QuizList (api) in 3.8262ms
2025-11-08 18:58:46.376 +01:00 [INF] Executed endpoint 'api.Controllers.QuizAPIController.QuizList (api)'
2025-11-08 18:58:46.376 +01:00 [INF] Request finished HTTP/1.1 GET http://localhost:5082/api/quizapi/quizlist - 200 284 application/json; charset=utf-8 5.5419ms
2025-11-08 18:58:49.764 +01:00 [INF] Request starting HTTP/1.1 GET http://localhost:5082/api/quizapi/7 - null null
2025-11-08 18:58:49.764 +01:00 [INF] CORS policy execution successful.
2025-11-08 18:58:49.765 +01:00 [INF] Executing endpoint 'api.Controllers.QuizAPIController.GetQuiz (api)'
2025-11-08 18:58:49.765 +01:00 [INF] Route matched with {action = "GetQuiz", controller = "QuizAPI"}. Executing controller action with signature System.Threading.Tasks.Task`1[Microsoft.AspNetCore.Mvc.IActionResult] GetQuiz(Int32) on controller api.Controllers.QuizAPIController (api).
2025-11-08 18:58:49.770 +01:00 [INF] Executing OkObjectResult, writing value of type 'api.Models.Quiz'.
2025-11-08 18:58:49.771 +01:00 [INF] Executed action api.Controllers.QuizAPIController.GetQuiz (api) in 6.0678ms
2025-11-08 18:58:49.771 +01:00 [INF] Executed endpoint 'api.Controllers.QuizAPIController.GetQuiz (api)'
2025-11-08 18:58:49.772 +01:00 [INF] Request finished HTTP/1.1 GET http://localhost:5082/api/quizapi/7 - 200 1380 application/json; charset=utf-8 7.8196ms
2025-11-08 18:58:49.774 +01:00 [INF] Request starting HTTP/1.1 GET http://localhost:5082/api/quizapi/7 - null null
2025-11-08 18:58:49.775 +01:00 [INF] CORS policy execution successful.
2025-11-08 18:58:49.775 +01:00 [INF] Executing endpoint 'api.Controllers.QuizAPIController.GetQuiz (api)'
2025-11-08 18:58:49.776 +01:00 [INF] Route matched with {action = "GetQuiz", controller = "QuizAPI"}. Executing controller action with signature System.Threading.Tasks.Task`1[Microsoft.AspNetCore.Mvc.IActionResult] GetQuiz(Int32) on controller api.Controllers.QuizAPIController (api).
2025-11-08 18:58:49.783 +01:00 [INF] Executing OkObjectResult, writing value of type 'api.Models.Quiz'.
2025-11-08 18:58:49.784 +01:00 [INF] Executed action api.Controllers.QuizAPIController.GetQuiz (api) in 7.7192ms
2025-11-08 18:58:49.784 +01:00 [INF] Executed endpoint 'api.Controllers.QuizAPIController.GetQuiz (api)'
2025-11-08 18:58:49.784 +01:00 [INF] Request finished HTTP/1.1 GET http://localhost:5082/api/quizapi/7 - 200 1380 application/json; charset=utf-8 9.7387ms
2025-11-08 18:59:32.119 +01:00 [INF] Request starting HTTP/1.1 GET http://localhost:5082/api/quizapi/quizlist - null null
2025-11-08 18:59:32.119 +01:00 [INF] CORS policy execution successful.
2025-11-08 18:59:32.120 +01:00 [INF] Executing endpoint 'api.Controllers.QuizAPIController.QuizList (api)'
2025-11-08 18:59:32.120 +01:00 [INF] Route matched with {action = "QuizList", controller = "QuizAPI"}. Executing controller action with signature System.Threading.Tasks.Task`1[Microsoft.AspNetCore.Mvc.IActionResult] QuizList() on controller api.Controllers.QuizAPIController (api).
2025-11-08 18:59:32.125 +01:00 [INF] Executing OkObjectResult, writing value of type 'System.Linq.Enumerable+SelectListIterator`2[[api.Models.Quiz, api, Version=1.0.0.0, Culture=neutral, PublicKeyToken=null],[api.DTOs.QuizDto, api, Version=1.0.0.0, Culture=neutral, PublicKeyToken=null]]'.
2025-11-08 18:59:32.125 +01:00 [INF] Executed action api.Controllers.QuizAPIController.QuizList (api) in 5.5644ms
2025-11-08 18:59:32.125 +01:00 [INF] Executed endpoint 'api.Controllers.QuizAPIController.QuizList (api)'
2025-11-08 18:59:32.125 +01:00 [INF] Request finished HTTP/1.1 GET http://localhost:5082/api/quizapi/quizlist - 200 284 application/json; charset=utf-8 6.646ms
2025-11-08 18:59:32.128 +01:00 [INF] Request starting HTTP/1.1 GET http://localhost:5082/api/quizapi/quizlist - null null
2025-11-08 18:59:32.129 +01:00 [INF] CORS policy execution successful.
2025-11-08 18:59:32.129 +01:00 [INF] Executing endpoint 'api.Controllers.QuizAPIController.QuizList (api)'
2025-11-08 18:59:32.129 +01:00 [INF] Route matched with {action = "QuizList", controller = "QuizAPI"}. Executing controller action with signature System.Threading.Tasks.Task`1[Microsoft.AspNetCore.Mvc.IActionResult] QuizList() on controller api.Controllers.QuizAPIController (api).
2025-11-08 18:59:32.133 +01:00 [INF] Executing OkObjectResult, writing value of type 'System.Linq.Enumerable+SelectListIterator`2[[api.Models.Quiz, api, Version=1.0.0.0, Culture=neutral, PublicKeyToken=null],[api.DTOs.QuizDto, api, Version=1.0.0.0, Culture=neutral, PublicKeyToken=null]]'.
2025-11-08 18:59:32.134 +01:00 [INF] Executed action api.Controllers.QuizAPIController.QuizList (api) in 4.8171ms
2025-11-08 18:59:32.134 +01:00 [INF] Executed endpoint 'api.Controllers.QuizAPIController.QuizList (api)'
2025-11-08 18:59:32.134 +01:00 [INF] Request finished HTTP/1.1 GET http://localhost:5082/api/quizapi/quizlist - 200 284 application/json; charset=utf-8 5.9828ms
2025-11-08 18:59:56.509 +01:00 [INF] Application is shutting down...
