2025-11-17 11:04:15.154 +01:00 [INF] User profile is available. Using 'C:\Users\Aliza Mudassar\AppData\Local\ASP.NET\DataProtection-Keys' as key repository and Windows DPAPI to encrypt keys at rest.
2025-11-17 11:04:15.343 +01:00 [INF] Now listening on: http://localhost:5082
2025-11-17 11:04:15.347 +01:00 [INF] Application started. Press Ctrl+C to shut down.
2025-11-17 11:04:15.347 +01:00 [INF] Hosting environment: Development
2025-11-17 11:04:15.348 +01:00 [INF] Content root path: C:\Users\Aliza Mudassar\OneDrive - OsloMet\webapplikasjoner\EXAMFAM\api
2025-11-17 11:04:21.893 +01:00 [INF] Request starting HTTP/1.1 GET http://localhost:5082/api/quizapi/quizlist - null null
2025-11-17 11:04:22.027 +01:00 [INF] CORS policy execution successful.
2025-11-17 11:04:22.117 +01:00 [INF] Executing endpoint 'api.Controllers.QuizAPIController.QuizList (api)'
2025-11-17 11:04:22.195 +01:00 [INF] Route matched with {action = "QuizList", controller = "QuizAPI"}. Executing controller action with signature System.Threading.Tasks.Task`1[Microsoft.AspNetCore.Mvc.IActionResult] QuizList() on controller api.Controllers.QuizAPIController (api).
2025-11-17 11:04:22.829 +01:00 [WRN] Compiling a query which loads related collections for more than one collection navigation, either via 'Include' or through projection, but no 'QuerySplittingBehavior' has been configured. By default, Entity Framework will use 'QuerySplittingBehavior.SingleQuery', which can potentially result in slow query performance. See https://go.microsoft.com/fwlink/?linkid=2134277 for more information. To identify the query that's triggering this warning call 'ConfigureWarnings(w => w.Throw(RelationalEventId.MultipleCollectionIncludeWarning))'.
2025-11-17 11:04:23.386 +01:00 [INF] Executing OkObjectResult, writing value of type 'System.Linq.Enumerable+SelectListIterator`2[[api.Models.Quiz, api, Version=1.0.0.0, Culture=neutral, PublicKeyToken=null],[api.DTOs.QuizDto, api, Version=1.0.0.0, Culture=neutral, PublicKeyToken=null]]'.
2025-11-17 11:04:23.497 +01:00 [INF] Executed action api.Controllers.QuizAPIController.QuizList (api) in 1298.2071ms
2025-11-17 11:04:23.499 +01:00 [INF] Executed endpoint 'api.Controllers.QuizAPIController.QuizList (api)'
2025-11-17 11:04:23.505 +01:00 [INF] Request finished HTTP/1.1 GET http://localhost:5082/api/quizapi/quizlist - 200 377 application/json; charset=utf-8 1615.4919ms
2025-11-17 11:04:23.508 +01:00 [INF] Request starting HTTP/1.1 GET http://localhost:5082/api/quizapi/quizlist - null null
2025-11-17 11:04:23.512 +01:00 [INF] CORS policy execution successful.
2025-11-17 11:04:23.515 +01:00 [INF] Executing endpoint 'api.Controllers.QuizAPIController.QuizList (api)'
2025-11-17 11:04:23.517 +01:00 [INF] Route matched with {action = "QuizList", controller = "QuizAPI"}. Executing controller action with signature System.Threading.Tasks.Task`1[Microsoft.AspNetCore.Mvc.IActionResult] QuizList() on controller api.Controllers.QuizAPIController (api).
2025-11-17 11:04:23.552 +01:00 [INF] Executing OkObjectResult, writing value of type 'System.Linq.Enumerable+SelectListIterator`2[[api.Models.Quiz, api, Version=1.0.0.0, Culture=neutral, PublicKeyToken=null],[api.DTOs.QuizDto, api, Version=1.0.0.0, Culture=neutral, PublicKeyToken=null]]'.
2025-11-17 11:04:23.553 +01:00 [INF] Executed action api.Controllers.QuizAPIController.QuizList (api) in 36.1819ms
2025-11-17 11:04:23.553 +01:00 [INF] Executed endpoint 'api.Controllers.QuizAPIController.QuizList (api)'
2025-11-17 11:04:23.554 +01:00 [INF] Request finished HTTP/1.1 GET http://localhost:5082/api/quizapi/quizlist - 200 377 application/json; charset=utf-8 45.5729ms
2025-11-17 11:04:25.721 +01:00 [INF] Request starting HTTP/1.1 OPTIONS http://localhost:5082/api/takequizapi/takequizlist - null null
2025-11-17 11:04:25.723 +01:00 [INF] Request starting HTTP/1.1 OPTIONS http://localhost:5082/api/takequizapi/takequizlist - null null
2025-11-17 11:04:25.723 +01:00 [INF] CORS policy execution successful.
2025-11-17 11:04:25.725 +01:00 [INF] Request finished HTTP/1.1 OPTIONS http://localhost:5082/api/takequizapi/takequizlist - 204 null null 2.4225ms
2025-11-17 11:04:25.725 +01:00 [INF] CORS policy execution successful.
2025-11-17 11:04:25.727 +01:00 [INF] Request finished HTTP/1.1 OPTIONS http://localhost:5082/api/takequizapi/takequizlist - 204 null null 5.2266ms
2025-11-17 11:04:25.729 +01:00 [INF] Request starting HTTP/1.1 GET http://localhost:5082/api/takequizapi/takequizlist - application/json null
2025-11-17 11:04:25.731 +01:00 [INF] CORS policy execution successful.
2025-11-17 11:04:25.831 +01:00 [INF] Executing endpoint 'api.Controllers.TakeQuizApiController.GetAllQuizzes (api)'
2025-11-17 11:04:25.836 +01:00 [INF] Route matched with {action = "GetAllQuizzes", controller = "TakeQuizApi"}. Executing controller action with signature System.Threading.Tasks.Task`1[Microsoft.AspNetCore.Mvc.IActionResult] GetAllQuizzes() on controller api.Controllers.TakeQuizApiController (api).
2025-11-17 11:04:25.851 +01:00 [INF] Executing OkObjectResult, writing value of type 'System.Collections.Generic.List`1[[api.DTOs.QuizDto, api, Version=1.0.0.0, Culture=neutral, PublicKeyToken=null]]'.
2025-11-17 11:04:25.852 +01:00 [INF] Executed action api.Controllers.TakeQuizApiController.GetAllQuizzes (api) in 16.5793ms
2025-11-17 11:04:25.853 +01:00 [INF] Executed endpoint 'api.Controllers.TakeQuizApiController.GetAllQuizzes (api)'
2025-11-17 11:04:25.855 +01:00 [INF] Request finished HTTP/1.1 GET http://localhost:5082/api/takequizapi/takequizlist - 200 377 application/json; charset=utf-8 125.744ms
2025-11-17 11:04:25.856 +01:00 [INF] Request starting HTTP/1.1 GET http://localhost:5082/api/takequizapi/takequizlist - application/json null
2025-11-17 11:04:25.856 +01:00 [INF] CORS policy execution successful.
2025-11-17 11:04:25.857 +01:00 [INF] Executing endpoint 'api.Controllers.TakeQuizApiController.GetAllQuizzes (api)'
2025-11-17 11:04:25.857 +01:00 [INF] Route matched with {action = "GetAllQuizzes", controller = "TakeQuizApi"}. Executing controller action with signature System.Threading.Tasks.Task`1[Microsoft.AspNetCore.Mvc.IActionResult] GetAllQuizzes() on controller api.Controllers.TakeQuizApiController (api).
2025-11-17 11:04:25.878 +01:00 [INF] Executing OkObjectResult, writing value of type 'System.Collections.Generic.List`1[[api.DTOs.QuizDto, api, Version=1.0.0.0, Culture=neutral, PublicKeyToken=null]]'.
2025-11-17 11:04:25.879 +01:00 [INF] Executed action api.Controllers.TakeQuizApiController.GetAllQuizzes (api) in 21.8866ms
2025-11-17 11:04:25.883 +01:00 [INF] Executed endpoint 'api.Controllers.TakeQuizApiController.GetAllQuizzes (api)'
2025-11-17 11:04:25.886 +01:00 [INF] Request finished HTTP/1.1 GET http://localhost:5082/api/takequizapi/takequizlist - 200 377 application/json; charset=utf-8 30.7645ms
2025-11-17 11:04:26.623 +01:00 [INF] Request starting HTTP/1.1 GET http://localhost:5082/api/quizapi/quizlist - null null
2025-11-17 11:04:26.624 +01:00 [INF] CORS policy execution successful.
2025-11-17 11:04:26.625 +01:00 [INF] Executing endpoint 'api.Controllers.QuizAPIController.QuizList (api)'
2025-11-17 11:04:26.625 +01:00 [INF] Route matched with {action = "QuizList", controller = "QuizAPI"}. Executing controller action with signature System.Threading.Tasks.Task`1[Microsoft.AspNetCore.Mvc.IActionResult] QuizList() on controller api.Controllers.QuizAPIController (api).
2025-11-17 11:04:26.631 +01:00 [INF] Executing OkObjectResult, writing value of type 'System.Linq.Enumerable+SelectListIterator`2[[api.Models.Quiz, api, Version=1.0.0.0, Culture=neutral, PublicKeyToken=null],[api.DTOs.QuizDto, api, Version=1.0.0.0, Culture=neutral, PublicKeyToken=null]]'.
2025-11-17 11:04:26.631 +01:00 [INF] Executed action api.Controllers.QuizAPIController.QuizList (api) in 6.3649ms
2025-11-17 11:04:26.631 +01:00 [INF] Executed endpoint 'api.Controllers.QuizAPIController.QuizList (api)'
2025-11-17 11:04:26.631 +01:00 [INF] Request finished HTTP/1.1 GET http://localhost:5082/api/quizapi/quizlist - 200 377 application/json; charset=utf-8 8.1288ms
2025-11-17 11:04:26.645 +01:00 [INF] Request starting HTTP/1.1 GET http://localhost:5082/api/quizapi/quizlist - null null
2025-11-17 11:04:26.645 +01:00 [INF] CORS policy execution successful.
2025-11-17 11:04:26.646 +01:00 [INF] Executing endpoint 'api.Controllers.QuizAPIController.QuizList (api)'
2025-11-17 11:04:26.646 +01:00 [INF] Route matched with {action = "QuizList", controller = "QuizAPI"}. Executing controller action with signature System.Threading.Tasks.Task`1[Microsoft.AspNetCore.Mvc.IActionResult] QuizList() on controller api.Controllers.QuizAPIController (api).
2025-11-17 11:04:26.658 +01:00 [INF] Executing OkObjectResult, writing value of type 'System.Linq.Enumerable+SelectListIterator`2[[api.Models.Quiz, api, Version=1.0.0.0, Culture=neutral, PublicKeyToken=null],[api.DTOs.QuizDto, api, Version=1.0.0.0, Culture=neutral, PublicKeyToken=null]]'.
2025-11-17 11:04:26.665 +01:00 [INF] Executed action api.Controllers.QuizAPIController.QuizList (api) in 18.114ms
2025-11-17 11:04:26.665 +01:00 [INF] Executed endpoint 'api.Controllers.QuizAPIController.QuizList (api)'
2025-11-17 11:04:26.665 +01:00 [INF] Request finished HTTP/1.1 GET http://localhost:5082/api/quizapi/quizlist - 200 377 application/json; charset=utf-8 20.5605ms
2025-11-17 11:04:29.044 +01:00 [INF] Request starting HTTP/1.1 GET http://localhost:5082/api/quizapi/12 - null null
2025-11-17 11:04:29.045 +01:00 [INF] CORS policy execution successful.
2025-11-17 11:04:29.045 +01:00 [INF] Executing endpoint 'api.Controllers.QuizAPIController.GetQuiz (api)'
2025-11-17 11:04:29.055 +01:00 [INF] Route matched with {action = "GetQuiz", controller = "QuizAPI"}. Executing controller action with signature System.Threading.Tasks.Task`1[Microsoft.AspNetCore.Mvc.IActionResult] GetQuiz(Int32) on controller api.Controllers.QuizAPIController (api).
2025-11-17 11:04:29.081 +01:00 [WRN] Compiling a query which loads related collections for more than one collection navigation, either via 'Include' or through projection, but no 'QuerySplittingBehavior' has been configured. By default, Entity Framework will use 'QuerySplittingBehavior.SingleQuery', which can potentially result in slow query performance. See https://go.microsoft.com/fwlink/?linkid=2134277 for more information. To identify the query that's triggering this warning call 'ConfigureWarnings(w => w.Throw(RelationalEventId.MultipleCollectionIncludeWarning))'.
2025-11-17 11:04:29.088 +01:00 [INF] Executing OkObjectResult, writing value of type 'api.Models.Quiz'.
2025-11-17 11:04:29.095 +01:00 [INF] Executed action api.Controllers.QuizAPIController.GetQuiz (api) in 39.7788ms
2025-11-17 11:04:29.095 +01:00 [INF] Executed endpoint 'api.Controllers.QuizAPIController.GetQuiz (api)'
2025-11-17 11:04:29.095 +01:00 [INF] Request finished HTTP/1.1 GET http://localhost:5082/api/quizapi/12 - 200 945 application/json; charset=utf-8 50.879ms
2025-11-17 11:04:29.104 +01:00 [INF] Request starting HTTP/1.1 GET http://localhost:5082/api/quizapi/12 - null null
2025-11-17 11:04:29.104 +01:00 [INF] CORS policy execution successful.
2025-11-17 11:04:29.104 +01:00 [INF] Executing endpoint 'api.Controllers.QuizAPIController.GetQuiz (api)'
2025-11-17 11:04:29.104 +01:00 [INF] Route matched with {action = "GetQuiz", controller = "QuizAPI"}. Executing controller action with signature System.Threading.Tasks.Task`1[Microsoft.AspNetCore.Mvc.IActionResult] GetQuiz(Int32) on controller api.Controllers.QuizAPIController (api).
2025-11-17 11:04:29.112 +01:00 [INF] Executing OkObjectResult, writing value of type 'api.Models.Quiz'.
2025-11-17 11:04:29.112 +01:00 [INF] Executed action api.Controllers.QuizAPIController.GetQuiz (api) in 8.1087ms
2025-11-17 11:04:29.113 +01:00 [INF] Executed endpoint 'api.Controllers.QuizAPIController.GetQuiz (api)'
2025-11-17 11:04:29.115 +01:00 [INF] Request finished HTTP/1.1 GET http://localhost:5082/api/quizapi/12 - 200 945 application/json; charset=utf-8 9.5986ms
2025-11-17 11:04:32.957 +01:00 [INF] Request starting HTTP/1.1 OPTIONS http://localhost:5082/api/quizapi/update/12 - null null
2025-11-17 11:04:32.958 +01:00 [INF] CORS policy execution successful.
2025-11-17 11:04:32.959 +01:00 [INF] Request finished HTTP/1.1 OPTIONS http://localhost:5082/api/quizapi/update/12 - 204 null null 1.748ms
2025-11-17 11:04:32.961 +01:00 [INF] Request starting HTTP/1.1 PUT http://localhost:5082/api/quizapi/update/12 - application/json 513
2025-11-17 11:04:32.962 +01:00 [INF] CORS policy execution successful.
2025-11-17 11:04:32.969 +01:00 [INF] Executing endpoint 'api.Controllers.QuizAPIController.Update (api)'
2025-11-17 11:04:32.973 +01:00 [INF] Route matched with {action = "Update", controller = "QuizAPI"}. Executing controller action with signature System.Threading.Tasks.Task`1[Microsoft.AspNetCore.Mvc.IActionResult] Update(Int32, api.DTOs.QuizDto) on controller api.Controllers.QuizAPIController (api).
2025-11-17 11:04:33.021 +01:00 [INF] Executing BadRequestObjectResult, writing value of type 'Microsoft.AspNetCore.Mvc.ValidationProblemDetails'.
2025-11-17 11:04:33.038 +01:00 [INF] Executed action api.Controllers.QuizAPIController.Update (api) in 65.0357ms
2025-11-17 11:04:33.038 +01:00 [INF] Executed endpoint 'api.Controllers.QuizAPIController.Update (api)'
2025-11-17 11:04:33.040 +01:00 [INF] Request finished HTTP/1.1 PUT http://localhost:5082/api/quizapi/update/12 - 400 280 application/problem+json; charset=utf-8 77.8402ms
2025-11-17 11:06:40.357 +01:00 [INF] Application is shutting down...
