2025-11-14 11:47:06.518 +01:00 [INF] User profile is available. Using 'C:\Users\Muniira\AppData\Local\ASP.NET\DataProtection-Keys' as key repository and Windows DPAPI to encrypt keys at rest.
2025-11-14 11:47:06.893 +01:00 [INF] Now listening on: http://localhost:5082
2025-11-14 11:47:06.905 +01:00 [INF] Application started. Press Ctrl+C to shut down.
2025-11-14 11:47:06.908 +01:00 [INF] Hosting environment: Development
2025-11-14 11:47:06.908 +01:00 [INF] Content root path: C:\Users\Muniira\OneDrive - OsloMet\Skrivebord\EksamenFAM\EXAMFAM\api
2025-11-14 11:47:28.369 +01:00 [INF] Request starting HTTP/1.1 OPTIONS http://localhost:5082/api/takequizapi/takequizlist - null null
2025-11-14 11:47:28.369 +01:00 [INF] Request starting HTTP/1.1 OPTIONS http://localhost:5082/api/takequizapi/takequizlist - null null
2025-11-14 11:47:28.464 +01:00 [INF] CORS policy execution successful.
2025-11-14 11:47:28.464 +01:00 [INF] CORS policy execution successful.
2025-11-14 11:47:28.491 +01:00 [INF] Request finished HTTP/1.1 OPTIONS http://localhost:5082/api/takequizapi/takequizlist - 204 null null 127.4356ms
2025-11-14 11:47:28.491 +01:00 [INF] Request finished HTTP/1.1 OPTIONS http://localhost:5082/api/takequizapi/takequizlist - 204 null null 127.4468ms
2025-11-14 11:47:28.498 +01:00 [INF] Request starting HTTP/1.1 GET http://localhost:5082/api/takequizapi/takequizlist - application/json null
2025-11-14 11:47:28.516 +01:00 [INF] CORS policy execution successful.
2025-11-14 11:47:28.773 +01:00 [INF] Executing endpoint 'api.Controllers.TakeQuizApiController.GetAllQuizzes (api)'
2025-11-14 11:47:28.807 +01:00 [INF] Route matched with {action = "GetAllQuizzes", controller = "TakeQuizApi"}. Executing controller action with signature System.Threading.Tasks.Task`1[Microsoft.AspNetCore.Mvc.IActionResult] GetAllQuizzes() on controller api.Controllers.TakeQuizApiController (api).
2025-11-14 11:47:29.298 +01:00 [WRN] Compiling a query which loads related collections for more than one collection navigation, either via 'Include' or through projection, but no 'QuerySplittingBehavior' has been configured. By default, Entity Framework will use 'QuerySplittingBehavior.SingleQuery', which can potentially result in slow query performance. See https://go.microsoft.com/fwlink/?linkid=2134277 for more information. To identify the query that's triggering this warning call 'ConfigureWarnings(w => w.Throw(RelationalEventId.MultipleCollectionIncludeWarning))'.
2025-11-14 11:47:29.568 +01:00 [INF] Executing OkObjectResult, writing value of type 'System.Collections.Generic.List`1[[api.DTOs.QuizDto, api, Version=1.0.0.0, Culture=neutral, PublicKeyToken=null]]'.
2025-11-14 11:47:29.833 +01:00 [INF] Request starting HTTP/1.1 GET http://localhost:5082/api/takequizapi/takequizlist - application/json null
2025-11-14 11:47:29.835 +01:00 [INF] CORS policy execution successful.
2025-11-14 11:47:29.839 +01:00 [INF] Executing endpoint 'api.Controllers.TakeQuizApiController.GetAllQuizzes (api)'
2025-11-14 11:47:29.840 +01:00 [INF] Route matched with {action = "GetAllQuizzes", controller = "TakeQuizApi"}. Executing controller action with signature System.Threading.Tasks.Task`1[Microsoft.AspNetCore.Mvc.IActionResult] GetAllQuizzes() on controller api.Controllers.TakeQuizApiController (api).
2025-11-14 11:47:29.841 +01:00 [INF] Executed action api.Controllers.TakeQuizApiController.GetAllQuizzes (api) in 1023.8714ms
2025-11-14 11:47:29.841 +01:00 [INF] Executed endpoint 'api.Controllers.TakeQuizApiController.GetAllQuizzes (api)'
2025-11-14 11:47:29.848 +01:00 [INF] Request finished HTTP/1.1 GET http://localhost:5082/api/takequizapi/takequizlist - 200 377 application/json; charset=utf-8 1350.3775ms
2025-11-14 11:47:29.899 +01:00 [INF] Executing OkObjectResult, writing value of type 'System.Collections.Generic.List`1[[api.DTOs.QuizDto, api, Version=1.0.0.0, Culture=neutral, PublicKeyToken=null]]'.
2025-11-14 11:47:29.902 +01:00 [INF] Executed action api.Controllers.TakeQuizApiController.GetAllQuizzes (api) in 61.5455ms
2025-11-14 11:47:29.902 +01:00 [INF] Executed endpoint 'api.Controllers.TakeQuizApiController.GetAllQuizzes (api)'
2025-11-14 11:47:29.906 +01:00 [INF] Request finished HTTP/1.1 GET http://localhost:5082/api/takequizapi/takequizlist - 200 377 application/json; charset=utf-8 71.9451ms
2025-11-14 11:47:36.149 +01:00 [INF] Request starting HTTP/1.1 OPTIONS http://localhost:5082/api/takequizapi/2 - null null
2025-11-14 11:47:36.149 +01:00 [INF] CORS policy execution successful.
2025-11-14 11:47:36.150 +01:00 [INF] Request starting HTTP/1.1 OPTIONS http://localhost:5082/api/takequizapi/2 - null null
2025-11-14 11:47:36.150 +01:00 [INF] Request finished HTTP/1.1 OPTIONS http://localhost:5082/api/takequizapi/2 - 204 null null 1.5668ms
2025-11-14 11:47:36.150 +01:00 [INF] CORS policy execution successful.
2025-11-14 11:47:36.150 +01:00 [INF] Request finished HTTP/1.1 OPTIONS http://localhost:5082/api/takequizapi/2 - 204 null null 0.6511ms
2025-11-14 11:47:36.157 +01:00 [INF] Request starting HTTP/1.1 GET http://localhost:5082/api/takequizapi/2 - application/json null
2025-11-14 11:47:36.157 +01:00 [INF] CORS policy execution successful.
2025-11-14 11:47:36.163 +01:00 [INF] Executing endpoint 'api.Controllers.TakeQuizApiController.GetQuiz (api)'
2025-11-14 11:47:36.207 +01:00 [INF] Route matched with {action = "GetQuiz", controller = "TakeQuizApi"}. Executing controller action with signature System.Threading.Tasks.Task`1[Microsoft.AspNetCore.Mvc.IActionResult] GetQuiz(Int32) on controller api.Controllers.TakeQuizApiController (api).
2025-11-14 11:47:36.286 +01:00 [WRN] Compiling a query which loads related collections for more than one collection navigation, either via 'Include' or through projection, but no 'QuerySplittingBehavior' has been configured. By default, Entity Framework will use 'QuerySplittingBehavior.SingleQuery', which can potentially result in slow query performance. See https://go.microsoft.com/fwlink/?linkid=2134277 for more information. To identify the query that's triggering this warning call 'ConfigureWarnings(w => w.Throw(RelationalEventId.MultipleCollectionIncludeWarning))'.
2025-11-14 11:47:36.308 +01:00 [INF] Executing OkObjectResult, writing value of type 'api.DTOs.QuizDto'.
2025-11-14 11:47:36.324 +01:00 [INF] Executed action api.Controllers.TakeQuizApiController.GetQuiz (api) in 117.133ms
2025-11-14 11:47:36.325 +01:00 [INF] Executed endpoint 'api.Controllers.TakeQuizApiController.GetQuiz (api)'
2025-11-14 11:47:36.325 +01:00 [INF] Request finished HTTP/1.1 GET http://localhost:5082/api/takequizapi/2 - 200 918 application/json; charset=utf-8 168.359ms
2025-11-14 11:47:36.327 +01:00 [INF] Request starting HTTP/1.1 GET http://localhost:5082/api/takequizapi/2 - application/json null
2025-11-14 11:47:36.327 +01:00 [INF] CORS policy execution successful.
2025-11-14 11:47:36.328 +01:00 [INF] Executing endpoint 'api.Controllers.TakeQuizApiController.GetQuiz (api)'
2025-11-14 11:47:36.329 +01:00 [INF] Route matched with {action = "GetQuiz", controller = "TakeQuizApi"}. Executing controller action with signature System.Threading.Tasks.Task`1[Microsoft.AspNetCore.Mvc.IActionResult] GetQuiz(Int32) on controller api.Controllers.TakeQuizApiController (api).
2025-11-14 11:47:36.337 +01:00 [INF] Executing OkObjectResult, writing value of type 'api.DTOs.QuizDto'.
2025-11-14 11:47:36.338 +01:00 [INF] Executed action api.Controllers.TakeQuizApiController.GetQuiz (api) in 9.1247ms
2025-11-14 11:47:36.338 +01:00 [INF] Executed endpoint 'api.Controllers.TakeQuizApiController.GetQuiz (api)'
2025-11-14 11:47:36.339 +01:00 [INF] Request finished HTTP/1.1 GET http://localhost:5082/api/takequizapi/2 - 200 918 application/json; charset=utf-8 12.5448ms
2025-11-14 11:47:48.845 +01:00 [INF] Request starting HTTP/1.1 OPTIONS http://localhost:5082/api/takequizapi/submit - null null
2025-11-14 11:47:48.846 +01:00 [INF] CORS policy execution successful.
2025-11-14 11:47:48.846 +01:00 [INF] Request finished HTTP/1.1 OPTIONS http://localhost:5082/api/takequizapi/submit - 204 null null 1.3447ms
2025-11-14 11:47:48.850 +01:00 [INF] Request starting HTTP/1.1 POST http://localhost:5082/api/takequizapi/submit - application/json 51
2025-11-14 11:47:48.850 +01:00 [INF] CORS policy execution successful.
2025-11-14 11:47:48.859 +01:00 [INF] Executing endpoint 'api.Controllers.TakeQuizApiController.Submit (api)'
2025-11-14 11:47:48.865 +01:00 [INF] Route matched with {action = "Submit", controller = "TakeQuizApi"}. Executing controller action with signature System.Threading.Tasks.Task`1[Microsoft.AspNetCore.Mvc.IActionResult] Submit(api.DTOs.QuizSubmissionDto) on controller api.Controllers.TakeQuizApiController (api).
2025-11-14 11:47:48.925 +01:00 [INF] Executing OkObjectResult, writing value of type 'System.Collections.Generic.Dictionary`2[[System.String, System.Private.CoreLib, Version=8.0.0.0, Culture=neutral, PublicKeyToken=7cec85d7bea7798e],[System.Int32, System.Private.CoreLib, Version=8.0.0.0, Culture=neutral, PublicKeyToken=7cec85d7bea7798e]]'.
2025-11-14 11:47:48.928 +01:00 [INF] Executed action api.Controllers.TakeQuizApiController.Submit (api) in 62.0963ms
2025-11-14 11:47:48.928 +01:00 [INF] Executed endpoint 'api.Controllers.TakeQuizApiController.Submit (api)'
2025-11-14 11:47:48.928 +01:00 [INF] Request finished HTTP/1.1 POST http://localhost:5082/api/takequizapi/submit - 200 11 application/json; charset=utf-8 77.9513ms
2025-11-14 11:47:53.188 +01:00 [INF] Request starting HTTP/1.1 OPTIONS http://localhost:5082/api/takequizapi/saveattempt - null null
2025-11-14 11:47:53.188 +01:00 [INF] CORS policy execution successful.
2025-11-14 11:47:53.189 +01:00 [INF] Request finished HTTP/1.1 OPTIONS http://localhost:5082/api/takequizapi/saveattempt - 204 null null 0.6558ms
2025-11-14 11:47:53.192 +01:00 [INF] Request starting HTTP/1.1 POST http://localhost:5082/api/takequizapi/saveattempt - application/json 22
2025-11-14 11:47:53.193 +01:00 [INF] CORS policy execution successful.
2025-11-14 11:47:53.197 +01:00 [INF] Executing endpoint 'api.Controllers.TakeQuizApiController.SaveAttempt (api)'
2025-11-14 11:47:53.204 +01:00 [INF] Route matched with {action = "SaveAttempt", controller = "TakeQuizApi"}. Executing controller action with signature System.Threading.Tasks.Task`1[Microsoft.AspNetCore.Mvc.IActionResult] SaveAttempt(api.DTOs.QuizResultDto) on controller api.Controllers.TakeQuizApiController (api).
2025-11-14 11:47:53.556 +01:00 [INF] Executing OkObjectResult, writing value of type '<>f__AnonymousType3`1[[System.String, System.Private.CoreLib, Version=8.0.0.0, Culture=neutral, PublicKeyToken=7cec85d7bea7798e]]'.
2025-11-14 11:47:53.560 +01:00 [INF] Executed action api.Controllers.TakeQuizApiController.SaveAttempt (api) in 355.76ms
2025-11-14 11:47:53.561 +01:00 [INF] Executed endpoint 'api.Controllers.TakeQuizApiController.SaveAttempt (api)'
2025-11-14 11:47:53.561 +01:00 [INF] Request finished HTTP/1.1 POST http://localhost:5082/api/takequizapi/saveattempt - 200 40 application/json; charset=utf-8 368.4884ms
2025-11-14 11:47:58.841 +01:00 [INF] Request starting HTTP/1.1 OPTIONS http://localhost:5082/api/takequizapi/takequizlist - null null
2025-11-14 11:47:58.842 +01:00 [INF] CORS policy execution successful.
2025-11-14 11:47:58.844 +01:00 [INF] Request finished HTTP/1.1 OPTIONS http://localhost:5082/api/takequizapi/takequizlist - 204 null null 2.1619ms
2025-11-14 11:47:58.845 +01:00 [INF] Request starting HTTP/1.1 OPTIONS http://localhost:5082/api/takequizapi/takequizlist - null null
2025-11-14 11:47:58.846 +01:00 [INF] CORS policy execution successful.
2025-11-14 11:47:58.846 +01:00 [INF] Request finished HTTP/1.1 OPTIONS http://localhost:5082/api/takequizapi/takequizlist - 204 null null 0.679ms
2025-11-14 11:47:58.852 +01:00 [INF] Request starting HTTP/1.1 GET http://localhost:5082/api/takequizapi/takequizlist - application/json null
2025-11-14 11:47:58.852 +01:00 [INF] CORS policy execution successful.
2025-11-14 11:47:58.853 +01:00 [INF] Executing endpoint 'api.Controllers.TakeQuizApiController.GetAllQuizzes (api)'
2025-11-14 11:47:58.854 +01:00 [INF] Route matched with {action = "GetAllQuizzes", controller = "TakeQuizApi"}. Executing controller action with signature System.Threading.Tasks.Task`1[Microsoft.AspNetCore.Mvc.IActionResult] GetAllQuizzes() on controller api.Controllers.TakeQuizApiController (api).
2025-11-14 11:47:58.861 +01:00 [INF] Executing OkObjectResult, writing value of type 'System.Collections.Generic.List`1[[api.DTOs.QuizDto, api, Version=1.0.0.0, Culture=neutral, PublicKeyToken=null]]'.
2025-11-14 11:47:58.862 +01:00 [INF] Executed action api.Controllers.TakeQuizApiController.GetAllQuizzes (api) in 7.8303ms
2025-11-14 11:47:58.863 +01:00 [INF] Executed endpoint 'api.Controllers.TakeQuizApiController.GetAllQuizzes (api)'
2025-11-14 11:47:58.863 +01:00 [INF] Request finished HTTP/1.1 GET http://localhost:5082/api/takequizapi/takequizlist - 200 377 application/json; charset=utf-8 11.4973ms
2025-11-14 11:47:58.864 +01:00 [INF] Request starting HTTP/1.1 GET http://localhost:5082/api/takequizapi/takequizlist - application/json null
2025-11-14 11:47:58.864 +01:00 [INF] CORS policy execution successful.
2025-11-14 11:47:58.865 +01:00 [INF] Executing endpoint 'api.Controllers.TakeQuizApiController.GetAllQuizzes (api)'
2025-11-14 11:47:58.866 +01:00 [INF] Route matched with {action = "GetAllQuizzes", controller = "TakeQuizApi"}. Executing controller action with signature System.Threading.Tasks.Task`1[Microsoft.AspNetCore.Mvc.IActionResult] GetAllQuizzes() on controller api.Controllers.TakeQuizApiController (api).
2025-11-14 11:47:58.876 +01:00 [INF] Executing OkObjectResult, writing value of type 'System.Collections.Generic.List`1[[api.DTOs.QuizDto, api, Version=1.0.0.0, Culture=neutral, PublicKeyToken=null]]'.
2025-11-14 11:47:58.877 +01:00 [INF] Executed action api.Controllers.TakeQuizApiController.GetAllQuizzes (api) in 10.9603ms
2025-11-14 11:47:58.877 +01:00 [INF] Executed endpoint 'api.Controllers.TakeQuizApiController.GetAllQuizzes (api)'
2025-11-14 11:47:58.878 +01:00 [INF] Request finished HTTP/1.1 GET http://localhost:5082/api/takequizapi/takequizlist - 200 377 application/json; charset=utf-8 13.5727ms
2025-11-14 11:48:01.475 +01:00 [INF] Request starting HTTP/1.1 OPTIONS http://localhost:5082/api/takequizapi/attempts/2 - null null
2025-11-14 11:48:01.476 +01:00 [INF] CORS policy execution successful.
2025-11-14 11:48:01.476 +01:00 [INF] Request finished HTTP/1.1 OPTIONS http://localhost:5082/api/takequizapi/attempts/2 - 204 null null 0.7315ms
2025-11-14 11:48:01.477 +01:00 [INF] Request starting HTTP/1.1 OPTIONS http://localhost:5082/api/takequizapi/attempts/2 - null null
2025-11-14 11:48:01.477 +01:00 [INF] CORS policy execution successful.
2025-11-14 11:48:01.477 +01:00 [INF] Request finished HTTP/1.1 OPTIONS http://localhost:5082/api/takequizapi/attempts/2 - 204 null null 0.3828ms
2025-11-14 11:48:01.484 +01:00 [INF] Request starting HTTP/1.1 GET http://localhost:5082/api/takequizapi/attempts/2 - application/json null
2025-11-14 11:48:01.484 +01:00 [INF] CORS policy execution successful.
2025-11-14 11:48:01.486 +01:00 [INF] Executing endpoint 'api.Controllers.TakeQuizApiController.GetAttempts (api)'
2025-11-14 11:48:01.494 +01:00 [INF] Route matched with {action = "GetAttempts", controller = "TakeQuizApi"}. Executing controller action with signature System.Threading.Tasks.Task`1[Microsoft.AspNetCore.Mvc.IActionResult] GetAttempts(Int32) on controller api.Controllers.TakeQuizApiController (api).
2025-11-14 11:48:01.554 +01:00 [WRN] Compiling a query which loads related collections for more than one collection navigation, either via 'Include' or through projection, but no 'QuerySplittingBehavior' has been configured. By default, Entity Framework will use 'QuerySplittingBehavior.SingleQuery', which can potentially result in slow query performance. See https://go.microsoft.com/fwlink/?linkid=2134277 for more information. To identify the query that's triggering this warning call 'ConfigureWarnings(w => w.Throw(RelationalEventId.MultipleCollectionIncludeWarning))'.
2025-11-14 11:48:01.579 +01:00 [INF] Executing OkObjectResult, writing value of type 'System.Collections.Generic.List`1[[api.DTOs.QuizResultDto, api, Version=1.0.0.0, Culture=neutral, PublicKeyToken=null]]'.
2025-11-14 11:48:01.586 +01:00 [INF] Executed action api.Controllers.TakeQuizApiController.GetAttempts (api) in 91.8515ms
2025-11-14 11:48:01.586 +01:00 [INF] Executed endpoint 'api.Controllers.TakeQuizApiController.GetAttempts (api)'
2025-11-14 11:48:01.586 +01:00 [INF] Request finished HTTP/1.1 GET http://localhost:5082/api/takequizapi/attempts/2 - 200 172 application/json; charset=utf-8 102.3793ms
2025-11-14 11:48:01.588 +01:00 [INF] Request starting HTTP/1.1 GET http://localhost:5082/api/takequizapi/attempts/2 - application/json null
2025-11-14 11:48:01.589 +01:00 [INF] CORS policy execution successful.
2025-11-14 11:48:01.590 +01:00 [INF] Executing endpoint 'api.Controllers.TakeQuizApiController.GetAttempts (api)'
2025-11-14 11:48:01.590 +01:00 [INF] Route matched with {action = "GetAttempts", controller = "TakeQuizApi"}. Executing controller action with signature System.Threading.Tasks.Task`1[Microsoft.AspNetCore.Mvc.IActionResult] GetAttempts(Int32) on controller api.Controllers.TakeQuizApiController (api).
2025-11-14 11:48:01.596 +01:00 [INF] Executing OkObjectResult, writing value of type 'System.Collections.Generic.List`1[[api.DTOs.QuizResultDto, api, Version=1.0.0.0, Culture=neutral, PublicKeyToken=null]]'.
2025-11-14 11:48:01.596 +01:00 [INF] Executed action api.Controllers.TakeQuizApiController.GetAttempts (api) in 5.7969ms
2025-11-14 11:48:01.596 +01:00 [INF] Executed endpoint 'api.Controllers.TakeQuizApiController.GetAttempts (api)'
2025-11-14 11:48:01.596 +01:00 [INF] Request finished HTTP/1.1 GET http://localhost:5082/api/takequizapi/attempts/2 - 200 172 application/json; charset=utf-8 8.1145ms
2025-11-14 11:48:20.103 +01:00 [INF] Request starting HTTP/1.1 OPTIONS http://localhost:5082/api/takequizapi/takequizlist - null null
2025-11-14 11:48:20.104 +01:00 [INF] CORS policy execution successful.
2025-11-14 11:48:20.104 +01:00 [INF] Request finished HTTP/1.1 OPTIONS http://localhost:5082/api/takequizapi/takequizlist - 204 null null 0.7796ms
2025-11-14 11:48:20.106 +01:00 [INF] Request starting HTTP/1.1 OPTIONS http://localhost:5082/api/takequizapi/takequizlist - null null
2025-11-14 11:48:20.106 +01:00 [INF] CORS policy execution successful.
2025-11-14 11:48:20.107 +01:00 [INF] Request finished HTTP/1.1 OPTIONS http://localhost:5082/api/takequizapi/takequizlist - 204 null null 1.1889ms
2025-11-14 11:48:20.112 +01:00 [INF] Request starting HTTP/1.1 GET http://localhost:5082/api/takequizapi/takequizlist - application/json null
2025-11-14 11:48:20.113 +01:00 [INF] CORS policy execution successful.
2025-11-14 11:48:20.113 +01:00 [INF] Executing endpoint 'api.Controllers.TakeQuizApiController.GetAllQuizzes (api)'
2025-11-14 11:48:20.114 +01:00 [INF] Route matched with {action = "GetAllQuizzes", controller = "TakeQuizApi"}. Executing controller action with signature System.Threading.Tasks.Task`1[Microsoft.AspNetCore.Mvc.IActionResult] GetAllQuizzes() on controller api.Controllers.TakeQuizApiController (api).
2025-11-14 11:48:20.121 +01:00 [INF] Executing OkObjectResult, writing value of type 'System.Collections.Generic.List`1[[api.DTOs.QuizDto, api, Version=1.0.0.0, Culture=neutral, PublicKeyToken=null]]'.
2025-11-14 11:48:20.121 +01:00 [INF] Executed action api.Controllers.TakeQuizApiController.GetAllQuizzes (api) in 7.2123ms
2025-11-14 11:48:20.122 +01:00 [INF] Executed endpoint 'api.Controllers.TakeQuizApiController.GetAllQuizzes (api)'
2025-11-14 11:48:20.122 +01:00 [INF] Request finished HTTP/1.1 GET http://localhost:5082/api/takequizapi/takequizlist - 200 377 application/json; charset=utf-8 9.6669ms
2025-11-14 11:48:20.123 +01:00 [INF] Request starting HTTP/1.1 GET http://localhost:5082/api/takequizapi/takequizlist - application/json null
2025-11-14 11:48:20.124 +01:00 [INF] CORS policy execution successful.
2025-11-14 11:48:20.125 +01:00 [INF] Executing endpoint 'api.Controllers.TakeQuizApiController.GetAllQuizzes (api)'
2025-11-14 11:48:20.125 +01:00 [INF] Route matched with {action = "GetAllQuizzes", controller = "TakeQuizApi"}. Executing controller action with signature System.Threading.Tasks.Task`1[Microsoft.AspNetCore.Mvc.IActionResult] GetAllQuizzes() on controller api.Controllers.TakeQuizApiController (api).
2025-11-14 11:48:20.129 +01:00 [INF] Executing OkObjectResult, writing value of type 'System.Collections.Generic.List`1[[api.DTOs.QuizDto, api, Version=1.0.0.0, Culture=neutral, PublicKeyToken=null]]'.
2025-11-14 11:48:20.129 +01:00 [INF] Executed action api.Controllers.TakeQuizApiController.GetAllQuizzes (api) in 4.3327ms
2025-11-14 11:48:20.130 +01:00 [INF] Executed endpoint 'api.Controllers.TakeQuizApiController.GetAllQuizzes (api)'
2025-11-14 11:48:20.130 +01:00 [INF] Request finished HTTP/1.1 GET http://localhost:5082/api/takequizapi/takequizlist - 200 377 application/json; charset=utf-8 7.0139ms
2025-11-14 11:49:08.758 +01:00 [INF] Request starting HTTP/1.1 OPTIONS http://localhost:5082/api/takequizapi/attempts/2 - null null
2025-11-14 11:49:08.759 +01:00 [INF] CORS policy execution successful.
2025-11-14 11:49:08.759 +01:00 [INF] Request starting HTTP/1.1 OPTIONS http://localhost:5082/api/takequizapi/attempts/2 - null null
2025-11-14 11:49:08.759 +01:00 [INF] Request finished HTTP/1.1 OPTIONS http://localhost:5082/api/takequizapi/attempts/2 - 204 null null 0.9301ms
2025-11-14 11:49:08.760 +01:00 [INF] CORS policy execution successful.
2025-11-14 11:49:08.760 +01:00 [INF] Request finished HTTP/1.1 OPTIONS http://localhost:5082/api/takequizapi/attempts/2 - 204 null null 1.0519ms
2025-11-14 11:49:08.779 +01:00 [INF] Request starting HTTP/1.1 GET http://localhost:5082/api/takequizapi/attempts/2 - application/json null
2025-11-14 11:49:08.779 +01:00 [INF] CORS policy execution successful.
2025-11-14 11:49:08.780 +01:00 [INF] Executing endpoint 'api.Controllers.TakeQuizApiController.GetAttempts (api)'
2025-11-14 11:49:08.780 +01:00 [INF] Route matched with {action = "GetAttempts", controller = "TakeQuizApi"}. Executing controller action with signature System.Threading.Tasks.Task`1[Microsoft.AspNetCore.Mvc.IActionResult] GetAttempts(Int32) on controller api.Controllers.TakeQuizApiController (api).
2025-11-14 11:49:08.791 +01:00 [INF] Executing OkObjectResult, writing value of type 'System.Collections.Generic.List`1[[api.DTOs.QuizResultDto, api, Version=1.0.0.0, Culture=neutral, PublicKeyToken=null]]'.
2025-11-14 11:49:08.791 +01:00 [INF] Executed action api.Controllers.TakeQuizApiController.GetAttempts (api) in 10.7305ms
2025-11-14 11:49:08.791 +01:00 [INF] Executed endpoint 'api.Controllers.TakeQuizApiController.GetAttempts (api)'
2025-11-14 11:49:08.792 +01:00 [INF] Request finished HTTP/1.1 GET http://localhost:5082/api/takequizapi/attempts/2 - 200 172 application/json; charset=utf-8 12.9223ms
2025-11-14 11:49:08.793 +01:00 [INF] Request starting HTTP/1.1 GET http://localhost:5082/api/takequizapi/attempts/2 - application/json null
2025-11-14 11:49:08.794 +01:00 [INF] CORS policy execution successful.
2025-11-14 11:49:08.795 +01:00 [INF] Executing endpoint 'api.Controllers.TakeQuizApiController.GetAttempts (api)'
2025-11-14 11:49:08.795 +01:00 [INF] Route matched with {action = "GetAttempts", controller = "TakeQuizApi"}. Executing controller action with signature System.Threading.Tasks.Task`1[Microsoft.AspNetCore.Mvc.IActionResult] GetAttempts(Int32) on controller api.Controllers.TakeQuizApiController (api).
2025-11-14 11:49:08.804 +01:00 [INF] Executing OkObjectResult, writing value of type 'System.Collections.Generic.List`1[[api.DTOs.QuizResultDto, api, Version=1.0.0.0, Culture=neutral, PublicKeyToken=null]]'.
2025-11-14 11:49:08.805 +01:00 [INF] Executed action api.Controllers.TakeQuizApiController.GetAttempts (api) in 9.5565ms
2025-11-14 11:49:08.805 +01:00 [INF] Executed endpoint 'api.Controllers.TakeQuizApiController.GetAttempts (api)'
2025-11-14 11:49:08.806 +01:00 [INF] Request finished HTTP/1.1 GET http://localhost:5082/api/takequizapi/attempts/2 - 200 172 application/json; charset=utf-8 13.1806ms
2025-11-14 11:49:17.438 +01:00 [INF] Request starting HTTP/1.1 OPTIONS http://localhost:5082/api/takequizapi/takequizlist - null null
2025-11-14 11:49:17.438 +01:00 [INF] CORS policy execution successful.
2025-11-14 11:49:17.438 +01:00 [INF] Request finished HTTP/1.1 OPTIONS http://localhost:5082/api/takequizapi/takequizlist - 204 null null 0.8613ms
2025-11-14 11:49:17.439 +01:00 [INF] Request starting HTTP/1.1 OPTIONS http://localhost:5082/api/takequizapi/takequizlist - null null
2025-11-14 11:49:17.439 +01:00 [INF] CORS policy execution successful.
2025-11-14 11:49:17.440 +01:00 [INF] Request finished HTTP/1.1 OPTIONS http://localhost:5082/api/takequizapi/takequizlist - 204 null null 0.6895ms
2025-11-14 11:49:17.445 +01:00 [INF] Request starting HTTP/1.1 GET http://localhost:5082/api/takequizapi/takequizlist - application/json null
2025-11-14 11:49:17.445 +01:00 [INF] CORS policy execution successful.
2025-11-14 11:49:17.445 +01:00 [INF] Executing endpoint 'api.Controllers.TakeQuizApiController.GetAllQuizzes (api)'
2025-11-14 11:49:17.445 +01:00 [INF] Route matched with {action = "GetAllQuizzes", controller = "TakeQuizApi"}. Executing controller action with signature System.Threading.Tasks.Task`1[Microsoft.AspNetCore.Mvc.IActionResult] GetAllQuizzes() on controller api.Controllers.TakeQuizApiController (api).
2025-11-14 11:49:17.449 +01:00 [INF] Executing OkObjectResult, writing value of type 'System.Collections.Generic.List`1[[api.DTOs.QuizDto, api, Version=1.0.0.0, Culture=neutral, PublicKeyToken=null]]'.
2025-11-14 11:49:17.450 +01:00 [INF] Executed action api.Controllers.TakeQuizApiController.GetAllQuizzes (api) in 4.0282ms
2025-11-14 11:49:17.450 +01:00 [INF] Executed endpoint 'api.Controllers.TakeQuizApiController.GetAllQuizzes (api)'
2025-11-14 11:49:17.450 +01:00 [INF] Request finished HTTP/1.1 GET http://localhost:5082/api/takequizapi/takequizlist - 200 377 application/json; charset=utf-8 5.2128ms
2025-11-14 11:49:17.452 +01:00 [INF] Request starting HTTP/1.1 GET http://localhost:5082/api/takequizapi/takequizlist - application/json null
2025-11-14 11:49:17.452 +01:00 [INF] CORS policy execution successful.
2025-11-14 11:49:17.452 +01:00 [INF] Executing endpoint 'api.Controllers.TakeQuizApiController.GetAllQuizzes (api)'
2025-11-14 11:49:17.453 +01:00 [INF] Route matched with {action = "GetAllQuizzes", controller = "TakeQuizApi"}. Executing controller action with signature System.Threading.Tasks.Task`1[Microsoft.AspNetCore.Mvc.IActionResult] GetAllQuizzes() on controller api.Controllers.TakeQuizApiController (api).
2025-11-14 11:49:17.457 +01:00 [INF] Executing OkObjectResult, writing value of type 'System.Collections.Generic.List`1[[api.DTOs.QuizDto, api, Version=1.0.0.0, Culture=neutral, PublicKeyToken=null]]'.
2025-11-14 11:49:17.458 +01:00 [INF] Executed action api.Controllers.TakeQuizApiController.GetAllQuizzes (api) in 5.0092ms
2025-11-14 11:49:17.458 +01:00 [INF] Executed endpoint 'api.Controllers.TakeQuizApiController.GetAllQuizzes (api)'
2025-11-14 11:49:17.458 +01:00 [INF] Request finished HTTP/1.1 GET http://localhost:5082/api/takequizapi/takequizlist - 200 377 application/json; charset=utf-8 6.2644ms
2025-11-14 11:49:19.799 +01:00 [INF] Request starting HTTP/1.1 OPTIONS http://localhost:5082/api/takequizapi/2 - null null
2025-11-14 11:49:19.799 +01:00 [INF] CORS policy execution successful.
2025-11-14 11:49:19.800 +01:00 [INF] Request finished HTTP/1.1 OPTIONS http://localhost:5082/api/takequizapi/2 - 204 null null 0.8372ms
2025-11-14 11:49:19.801 +01:00 [INF] Request starting HTTP/1.1 OPTIONS http://localhost:5082/api/takequizapi/2 - null null
2025-11-14 11:49:19.802 +01:00 [INF] CORS policy execution successful.
2025-11-14 11:49:19.803 +01:00 [INF] Request finished HTTP/1.1 OPTIONS http://localhost:5082/api/takequizapi/2 - 204 null null 2.0717ms
2025-11-14 11:49:19.812 +01:00 [INF] Request starting HTTP/1.1 GET http://localhost:5082/api/takequizapi/2 - application/json null
2025-11-14 11:49:19.812 +01:00 [INF] CORS policy execution successful.
2025-11-14 11:49:19.813 +01:00 [INF] Executing endpoint 'api.Controllers.TakeQuizApiController.GetQuiz (api)'
2025-11-14 11:49:19.814 +01:00 [INF] Route matched with {action = "GetQuiz", controller = "TakeQuizApi"}. Executing controller action with signature System.Threading.Tasks.Task`1[Microsoft.AspNetCore.Mvc.IActionResult] GetQuiz(Int32) on controller api.Controllers.TakeQuizApiController (api).
2025-11-14 11:49:19.818 +01:00 [INF] Executing OkObjectResult, writing value of type 'api.DTOs.QuizDto'.
2025-11-14 11:49:19.819 +01:00 [INF] Executed action api.Controllers.TakeQuizApiController.GetQuiz (api) in 5.0709ms
2025-11-14 11:49:19.819 +01:00 [INF] Executed endpoint 'api.Controllers.TakeQuizApiController.GetQuiz (api)'
2025-11-14 11:49:19.819 +01:00 [INF] Request finished HTTP/1.1 GET http://localhost:5082/api/takequizapi/2 - 200 918 application/json; charset=utf-8 7.2427ms
2025-11-14 11:49:19.820 +01:00 [INF] Request starting HTTP/1.1 GET http://localhost:5082/api/takequizapi/2 - application/json null
2025-11-14 11:49:19.821 +01:00 [INF] CORS policy execution successful.
2025-11-14 11:49:19.821 +01:00 [INF] Executing endpoint 'api.Controllers.TakeQuizApiController.GetQuiz (api)'
2025-11-14 11:49:19.822 +01:00 [INF] Route matched with {action = "GetQuiz", controller = "TakeQuizApi"}. Executing controller action with signature System.Threading.Tasks.Task`1[Microsoft.AspNetCore.Mvc.IActionResult] GetQuiz(Int32) on controller api.Controllers.TakeQuizApiController (api).
2025-11-14 11:49:19.825 +01:00 [INF] Executing OkObjectResult, writing value of type 'api.DTOs.QuizDto'.
2025-11-14 11:49:19.827 +01:00 [INF] Executed action api.Controllers.TakeQuizApiController.GetQuiz (api) in 4.8002ms
2025-11-14 11:49:19.827 +01:00 [INF] Executed endpoint 'api.Controllers.TakeQuizApiController.GetQuiz (api)'
2025-11-14 11:49:19.827 +01:00 [INF] Request finished HTTP/1.1 GET http://localhost:5082/api/takequizapi/2 - 200 918 application/json; charset=utf-8 6.5333ms
2025-11-14 11:50:15.301 +01:00 [INF] Request starting HTTP/1.1 OPTIONS http://localhost:5082/api/takequizapi/submit - null null
2025-11-14 11:50:15.302 +01:00 [INF] CORS policy execution successful.
2025-11-14 11:50:15.302 +01:00 [INF] Request finished HTTP/1.1 OPTIONS http://localhost:5082/api/takequizapi/submit - 204 null null 1.4282ms
2025-11-14 11:50:15.307 +01:00 [INF] Request starting HTTP/1.1 POST http://localhost:5082/api/takequizapi/submit - application/json 51
2025-11-14 11:50:15.308 +01:00 [INF] CORS policy execution successful.
2025-11-14 11:50:15.309 +01:00 [INF] Executing endpoint 'api.Controllers.TakeQuizApiController.Submit (api)'
2025-11-14 11:50:15.309 +01:00 [INF] Route matched with {action = "Submit", controller = "TakeQuizApi"}. Executing controller action with signature System.Threading.Tasks.Task`1[Microsoft.AspNetCore.Mvc.IActionResult] Submit(api.DTOs.QuizSubmissionDto) on controller api.Controllers.TakeQuizApiController (api).
2025-11-14 11:50:15.318 +01:00 [INF] Executing OkObjectResult, writing value of type 'System.Collections.Generic.Dictionary`2[[System.String, System.Private.CoreLib, Version=8.0.0.0, Culture=neutral, PublicKeyToken=7cec85d7bea7798e],[System.Int32, System.Private.CoreLib, Version=8.0.0.0, Culture=neutral, PublicKeyToken=7cec85d7bea7798e]]'.
2025-11-14 11:50:15.318 +01:00 [INF] Executed action api.Controllers.TakeQuizApiController.Submit (api) in 8.9508ms
2025-11-14 11:50:15.318 +01:00 [INF] Executed endpoint 'api.Controllers.TakeQuizApiController.Submit (api)'
2025-11-14 11:50:15.318 +01:00 [INF] Request finished HTTP/1.1 POST http://localhost:5082/api/takequizapi/submit - 200 11 application/json; charset=utf-8 11.0095ms
2025-11-14 11:50:18.783 +01:00 [INF] Request starting HTTP/1.1 OPTIONS http://localhost:5082/api/takequizapi/saveattempt - null null
2025-11-14 11:50:18.784 +01:00 [INF] CORS policy execution successful.
2025-11-14 11:50:18.785 +01:00 [INF] Request finished HTTP/1.1 OPTIONS http://localhost:5082/api/takequizapi/saveattempt - 204 null null 2.0815ms
2025-11-14 11:50:18.790 +01:00 [INF] Request starting HTTP/1.1 POST http://localhost:5082/api/takequizapi/saveattempt - application/json 22
2025-11-14 11:50:18.790 +01:00 [INF] CORS policy execution successful.
2025-11-14 11:50:18.791 +01:00 [INF] Executing endpoint 'api.Controllers.TakeQuizApiController.SaveAttempt (api)'
2025-11-14 11:50:18.791 +01:00 [INF] Route matched with {action = "SaveAttempt", controller = "TakeQuizApi"}. Executing controller action with signature System.Threading.Tasks.Task`1[Microsoft.AspNetCore.Mvc.IActionResult] SaveAttempt(api.DTOs.QuizResultDto) on controller api.Controllers.TakeQuizApiController (api).
2025-11-14 11:50:18.811 +01:00 [INF] Executing OkObjectResult, writing value of type '<>f__AnonymousType3`1[[System.String, System.Private.CoreLib, Version=8.0.0.0, Culture=neutral, PublicKeyToken=7cec85d7bea7798e]]'.
2025-11-14 11:50:18.811 +01:00 [INF] Executed action api.Controllers.TakeQuizApiController.SaveAttempt (api) in 20.1281ms
2025-11-14 11:50:18.811 +01:00 [INF] Executed endpoint 'api.Controllers.TakeQuizApiController.SaveAttempt (api)'
2025-11-14 11:50:18.812 +01:00 [INF] Request finished HTTP/1.1 POST http://localhost:5082/api/takequizapi/saveattempt - 200 40 application/json; charset=utf-8 22.117ms
2025-11-14 11:50:24.664 +01:00 [INF] Request starting HTTP/1.1 OPTIONS http://localhost:5082/api/takequizapi/takequizlist - null null
2025-11-14 11:50:24.664 +01:00 [INF] CORS policy execution successful.
2025-11-14 11:50:24.665 +01:00 [INF] Request finished HTTP/1.1 OPTIONS http://localhost:5082/api/takequizapi/takequizlist - 204 null null 1.1109ms
2025-11-14 11:50:24.669 +01:00 [INF] Request starting HTTP/1.1 OPTIONS http://localhost:5082/api/takequizapi/takequizlist - null null
2025-11-14 11:50:24.669 +01:00 [INF] CORS policy execution successful.
2025-11-14 11:50:24.669 +01:00 [INF] Request finished HTTP/1.1 OPTIONS http://localhost:5082/api/takequizapi/takequizlist - 204 null null 0.4812ms
2025-11-14 11:50:24.674 +01:00 [INF] Request starting HTTP/1.1 GET http://localhost:5082/api/takequizapi/takequizlist - application/json null
2025-11-14 11:50:24.674 +01:00 [INF] CORS policy execution successful.
2025-11-14 11:50:24.675 +01:00 [INF] Executing endpoint 'api.Controllers.TakeQuizApiController.GetAllQuizzes (api)'
2025-11-14 11:50:24.675 +01:00 [INF] Route matched with {action = "GetAllQuizzes", controller = "TakeQuizApi"}. Executing controller action with signature System.Threading.Tasks.Task`1[Microsoft.AspNetCore.Mvc.IActionResult] GetAllQuizzes() on controller api.Controllers.TakeQuizApiController (api).
2025-11-14 11:50:24.678 +01:00 [INF] Executing OkObjectResult, writing value of type 'System.Collections.Generic.List`1[[api.DTOs.QuizDto, api, Version=1.0.0.0, Culture=neutral, PublicKeyToken=null]]'.
2025-11-14 11:50:24.679 +01:00 [INF] Executed action api.Controllers.TakeQuizApiController.GetAllQuizzes (api) in 3.9982ms
2025-11-14 11:50:24.679 +01:00 [INF] Executed endpoint 'api.Controllers.TakeQuizApiController.GetAllQuizzes (api)'
2025-11-14 11:50:24.679 +01:00 [INF] Request finished HTTP/1.1 GET http://localhost:5082/api/takequizapi/takequizlist - 200 377 application/json; charset=utf-8 5.7297ms
2025-11-14 11:50:24.681 +01:00 [INF] Request starting HTTP/1.1 GET http://localhost:5082/api/takequizapi/takequizlist - application/json null
2025-11-14 11:50:24.681 +01:00 [INF] CORS policy execution successful.
2025-11-14 11:50:24.682 +01:00 [INF] Executing endpoint 'api.Controllers.TakeQuizApiController.GetAllQuizzes (api)'
2025-11-14 11:50:24.682 +01:00 [INF] Route matched with {action = "GetAllQuizzes", controller = "TakeQuizApi"}. Executing controller action with signature System.Threading.Tasks.Task`1[Microsoft.AspNetCore.Mvc.IActionResult] GetAllQuizzes() on controller api.Controllers.TakeQuizApiController (api).
2025-11-14 11:50:24.689 +01:00 [INF] Executing OkObjectResult, writing value of type 'System.Collections.Generic.List`1[[api.DTOs.QuizDto, api, Version=1.0.0.0, Culture=neutral, PublicKeyToken=null]]'.
2025-11-14 11:50:24.689 +01:00 [INF] Executed action api.Controllers.TakeQuizApiController.GetAllQuizzes (api) in 6.8739ms
2025-11-14 11:50:24.689 +01:00 [INF] Executed endpoint 'api.Controllers.TakeQuizApiController.GetAllQuizzes (api)'
2025-11-14 11:50:24.689 +01:00 [INF] Request finished HTTP/1.1 GET http://localhost:5082/api/takequizapi/takequizlist - 200 377 application/json; charset=utf-8 8.3451ms
2025-11-14 11:50:26.361 +01:00 [INF] Request starting HTTP/1.1 OPTIONS http://localhost:5082/api/takequizapi/attempts/2 - null null
2025-11-14 11:50:26.361 +01:00 [INF] CORS policy execution successful.
2025-11-14 11:50:26.362 +01:00 [INF] Request finished HTTP/1.1 OPTIONS http://localhost:5082/api/takequizapi/attempts/2 - 204 null null 0.4654ms
2025-11-14 11:50:26.363 +01:00 [INF] Request starting HTTP/1.1 OPTIONS http://localhost:5082/api/takequizapi/attempts/2 - null null
2025-11-14 11:50:26.363 +01:00 [INF] CORS policy execution successful.
2025-11-14 11:50:26.364 +01:00 [INF] Request finished HTTP/1.1 OPTIONS http://localhost:5082/api/takequizapi/attempts/2 - 204 null null 0.68ms
2025-11-14 11:50:26.376 +01:00 [INF] Request starting HTTP/1.1 GET http://localhost:5082/api/takequizapi/attempts/2 - application/json null
2025-11-14 11:50:26.376 +01:00 [INF] CORS policy execution successful.
2025-11-14 11:50:26.377 +01:00 [INF] Executing endpoint 'api.Controllers.TakeQuizApiController.GetAttempts (api)'
2025-11-14 11:50:26.377 +01:00 [INF] Route matched with {action = "GetAttempts", controller = "TakeQuizApi"}. Executing controller action with signature System.Threading.Tasks.Task`1[Microsoft.AspNetCore.Mvc.IActionResult] GetAttempts(Int32) on controller api.Controllers.TakeQuizApiController (api).
2025-11-14 11:50:26.383 +01:00 [INF] Executing OkObjectResult, writing value of type 'System.Collections.Generic.List`1[[api.DTOs.QuizResultDto, api, Version=1.0.0.0, Culture=neutral, PublicKeyToken=null]]'.
2025-11-14 11:50:26.383 +01:00 [INF] Executed action api.Controllers.TakeQuizApiController.GetAttempts (api) in 6.5515ms
2025-11-14 11:50:26.384 +01:00 [INF] Executed endpoint 'api.Controllers.TakeQuizApiController.GetAttempts (api)'
2025-11-14 11:50:26.384 +01:00 [INF] Request finished HTTP/1.1 GET http://localhost:5082/api/takequizapi/attempts/2 - 200 343 application/json; charset=utf-8 7.9951ms
2025-11-14 11:50:26.385 +01:00 [INF] Request starting HTTP/1.1 GET http://localhost:5082/api/takequizapi/attempts/2 - application/json null
2025-11-14 11:50:26.385 +01:00 [INF] CORS policy execution successful.
2025-11-14 11:50:26.386 +01:00 [INF] Executing endpoint 'api.Controllers.TakeQuizApiController.GetAttempts (api)'
2025-11-14 11:50:26.386 +01:00 [INF] Route matched with {action = "GetAttempts", controller = "TakeQuizApi"}. Executing controller action with signature System.Threading.Tasks.Task`1[Microsoft.AspNetCore.Mvc.IActionResult] GetAttempts(Int32) on controller api.Controllers.TakeQuizApiController (api).
2025-11-14 11:50:26.392 +01:00 [INF] Executing OkObjectResult, writing value of type 'System.Collections.Generic.List`1[[api.DTOs.QuizResultDto, api, Version=1.0.0.0, Culture=neutral, PublicKeyToken=null]]'.
2025-11-14 11:50:26.392 +01:00 [INF] Executed action api.Controllers.TakeQuizApiController.GetAttempts (api) in 6.0315ms
2025-11-14 11:50:26.392 +01:00 [INF] Executed endpoint 'api.Controllers.TakeQuizApiController.GetAttempts (api)'
2025-11-14 11:50:26.393 +01:00 [INF] Request finished HTTP/1.1 GET http://localhost:5082/api/takequizapi/attempts/2 - 200 343 application/json; charset=utf-8 7.637ms
2025-11-14 11:50:50.358 +01:00 [INF] Request starting HTTP/1.1 OPTIONS http://localhost:5082/api/Auth/login - null null
2025-11-14 11:50:50.358 +01:00 [INF] CORS policy execution successful.
2025-11-14 11:50:50.358 +01:00 [INF] Request finished HTTP/1.1 OPTIONS http://localhost:5082/api/Auth/login - 204 null null 0.2997ms
2025-11-14 11:50:50.363 +01:00 [INF] Request starting HTTP/1.1 POST http://localhost:5082/api/Auth/login - application/json 50
2025-11-14 11:50:50.364 +01:00 [INF] CORS policy execution successful.
2025-11-14 11:50:50.365 +01:00 [INF] Executing endpoint 'api.Controllers.AuthController.Login (api)'
2025-11-14 11:50:50.372 +01:00 [INF] Route matched with {action = "Login", controller = "Auth"}. Executing controller action with signature System.Threading.Tasks.Task`1[Microsoft.AspNetCore.Mvc.IActionResult] Login(api.DTOs.LoginDto) on controller api.Controllers.AuthController (api).
2025-11-14 11:50:50.596 +01:00 [INF] [AuthController] JWT token created for Teacher321 with roles Teacher
2025-11-14 11:50:50.606 +01:00 [INF] [AuthController] user authorised for Teacher321
2025-11-14 11:50:50.607 +01:00 [INF] Executing OkObjectResult, writing value of type '<>f__AnonymousType1`1[[System.String, System.Private.CoreLib, Version=8.0.0.0, Culture=neutral, PublicKeyToken=7cec85d7bea7798e]]'.
2025-11-14 11:50:50.608 +01:00 [INF] Executed action api.Controllers.AuthController.Login (api) in 236.3208ms
2025-11-14 11:50:50.608 +01:00 [INF] Executed endpoint 'api.Controllers.AuthController.Login (api)'
2025-11-14 11:50:50.609 +01:00 [INF] Request finished HTTP/1.1 POST http://localhost:5082/api/Auth/login - 200 683 application/json; charset=utf-8 246.1261ms
2025-11-14 11:50:53.329 +01:00 [INF] Request starting HTTP/1.1 GET http://localhost:5082/api/quizapi/quizlist - null null
2025-11-14 11:50:53.329 +01:00 [INF] CORS policy execution successful.
2025-11-14 11:50:53.330 +01:00 [INF] Executing endpoint 'api.Controllers.QuizAPIController.QuizList (api)'
2025-11-14 11:50:53.337 +01:00 [INF] Route matched with {action = "QuizList", controller = "QuizAPI"}. Executing controller action with signature System.Threading.Tasks.Task`1[Microsoft.AspNetCore.Mvc.IActionResult] QuizList() on controller api.Controllers.QuizAPIController (api).
2025-11-14 11:50:53.343 +01:00 [INF] Executing OkObjectResult, writing value of type 'System.Linq.Enumerable+SelectListIterator`2[[api.Models.Quiz, api, Version=1.0.0.0, Culture=neutral, PublicKeyToken=null],[api.DTOs.QuizDto, api, Version=1.0.0.0, Culture=neutral, PublicKeyToken=null]]'.
2025-11-14 11:50:53.345 +01:00 [INF] Executed action api.Controllers.QuizAPIController.QuizList (api) in 7.3899ms
2025-11-14 11:50:53.345 +01:00 [INF] Executed endpoint 'api.Controllers.QuizAPIController.QuizList (api)'
2025-11-14 11:50:53.345 +01:00 [INF] Request finished HTTP/1.1 GET http://localhost:5082/api/quizapi/quizlist - 200 377 application/json; charset=utf-8 16.4582ms
2025-11-14 11:50:53.348 +01:00 [INF] Request starting HTTP/1.1 GET http://localhost:5082/api/quizapi/quizlist - null null
2025-11-14 11:50:53.350 +01:00 [INF] CORS policy execution successful.
2025-11-14 11:50:53.350 +01:00 [INF] Executing endpoint 'api.Controllers.QuizAPIController.QuizList (api)'
2025-11-14 11:50:53.351 +01:00 [INF] Route matched with {action = "QuizList", controller = "QuizAPI"}. Executing controller action with signature System.Threading.Tasks.Task`1[Microsoft.AspNetCore.Mvc.IActionResult] QuizList() on controller api.Controllers.QuizAPIController (api).
2025-11-14 11:50:53.357 +01:00 [INF] Executing OkObjectResult, writing value of type 'System.Linq.Enumerable+SelectListIterator`2[[api.Models.Quiz, api, Version=1.0.0.0, Culture=neutral, PublicKeyToken=null],[api.DTOs.QuizDto, api, Version=1.0.0.0, Culture=neutral, PublicKeyToken=null]]'.
2025-11-14 11:50:53.358 +01:00 [INF] Executed action api.Controllers.QuizAPIController.QuizList (api) in 7.0717ms
2025-11-14 11:50:53.358 +01:00 [INF] Executed endpoint 'api.Controllers.QuizAPIController.QuizList (api)'
2025-11-14 11:50:53.358 +01:00 [INF] Request finished HTTP/1.1 GET http://localhost:5082/api/quizapi/quizlist - 200 377 application/json; charset=utf-8 10.5935ms
2025-11-14 11:50:57.428 +01:00 [INF] Request starting HTTP/1.1 OPTIONS http://localhost:5082/api/takequizapi/takequizlist - null null
2025-11-14 11:50:57.428 +01:00 [INF] CORS policy execution successful.
2025-11-14 11:50:57.428 +01:00 [INF] Request finished HTTP/1.1 OPTIONS http://localhost:5082/api/takequizapi/takequizlist - 204 null null 0.3684ms
2025-11-14 11:50:57.432 +01:00 [INF] Request starting HTTP/1.1 OPTIONS http://localhost:5082/api/takequizapi/takequizlist - null null
2025-11-14 11:50:57.432 +01:00 [INF] CORS policy execution successful.
2025-11-14 11:50:57.433 +01:00 [INF] Request finished HTTP/1.1 OPTIONS http://localhost:5082/api/takequizapi/takequizlist - 204 null null 0.64ms
2025-11-14 11:50:57.447 +01:00 [INF] Request starting HTTP/1.1 GET http://localhost:5082/api/takequizapi/takequizlist - application/json null
2025-11-14 11:50:57.447 +01:00 [INF] CORS policy execution successful.
2025-11-14 11:50:57.448 +01:00 [INF] Executing endpoint 'api.Controllers.TakeQuizApiController.GetAllQuizzes (api)'
2025-11-14 11:50:57.449 +01:00 [INF] Route matched with {action = "GetAllQuizzes", controller = "TakeQuizApi"}. Executing controller action with signature System.Threading.Tasks.Task`1[Microsoft.AspNetCore.Mvc.IActionResult] GetAllQuizzes() on controller api.Controllers.TakeQuizApiController (api).
2025-11-14 11:50:57.457 +01:00 [INF] Executing OkObjectResult, writing value of type 'System.Collections.Generic.List`1[[api.DTOs.QuizDto, api, Version=1.0.0.0, Culture=neutral, PublicKeyToken=null]]'.
2025-11-14 11:50:57.457 +01:00 [INF] Executed action api.Controllers.TakeQuizApiController.GetAllQuizzes (api) in 8.6783ms
2025-11-14 11:50:57.458 +01:00 [INF] Executed endpoint 'api.Controllers.TakeQuizApiController.GetAllQuizzes (api)'
2025-11-14 11:50:57.458 +01:00 [INF] Request finished HTTP/1.1 GET http://localhost:5082/api/takequizapi/takequizlist - 200 377 application/json; charset=utf-8 11.1759ms
2025-11-14 11:50:57.459 +01:00 [INF] Request starting HTTP/1.1 GET http://localhost:5082/api/takequizapi/takequizlist - application/json null
2025-11-14 11:50:57.459 +01:00 [INF] CORS policy execution successful.
2025-11-14 11:50:57.460 +01:00 [INF] Executing endpoint 'api.Controllers.TakeQuizApiController.GetAllQuizzes (api)'
2025-11-14 11:50:57.460 +01:00 [INF] Route matched with {action = "GetAllQuizzes", controller = "TakeQuizApi"}. Executing controller action with signature System.Threading.Tasks.Task`1[Microsoft.AspNetCore.Mvc.IActionResult] GetAllQuizzes() on controller api.Controllers.TakeQuizApiController (api).
2025-11-14 11:50:57.466 +01:00 [INF] Executing OkObjectResult, writing value of type 'System.Collections.Generic.List`1[[api.DTOs.QuizDto, api, Version=1.0.0.0, Culture=neutral, PublicKeyToken=null]]'.
2025-11-14 11:50:57.466 +01:00 [INF] Executed action api.Controllers.TakeQuizApiController.GetAllQuizzes (api) in 5.4682ms
2025-11-14 11:50:57.466 +01:00 [INF] Executed endpoint 'api.Controllers.TakeQuizApiController.GetAllQuizzes (api)'
2025-11-14 11:50:57.466 +01:00 [INF] Request finished HTTP/1.1 GET http://localhost:5082/api/takequizapi/takequizlist - 200 377 application/json; charset=utf-8 7.2398ms
2025-11-14 11:51:01.064 +01:00 [INF] Request starting HTTP/1.1 OPTIONS http://localhost:5082/api/takequizapi/attempts/2 - null null
2025-11-14 11:51:01.064 +01:00 [INF] CORS policy execution successful.
2025-11-14 11:51:01.065 +01:00 [INF] Request finished HTTP/1.1 OPTIONS http://localhost:5082/api/takequizapi/attempts/2 - 204 null null 0.4221ms
2025-11-14 11:51:01.065 +01:00 [INF] Request starting HTTP/1.1 OPTIONS http://localhost:5082/api/takequizapi/attempts/2 - null null
2025-11-14 11:51:01.066 +01:00 [INF] CORS policy execution successful.
2025-11-14 11:51:01.066 +01:00 [INF] Request finished HTTP/1.1 OPTIONS http://localhost:5082/api/takequizapi/attempts/2 - 204 null null 0.4512ms
2025-11-14 11:51:01.070 +01:00 [INF] Request starting HTTP/1.1 GET http://localhost:5082/api/takequizapi/attempts/2 - application/json null
2025-11-14 11:51:01.071 +01:00 [INF] CORS policy execution successful.
2025-11-14 11:51:01.071 +01:00 [INF] Executing endpoint 'api.Controllers.TakeQuizApiController.GetAttempts (api)'
2025-11-14 11:51:01.071 +01:00 [INF] Route matched with {action = "GetAttempts", controller = "TakeQuizApi"}. Executing controller action with signature System.Threading.Tasks.Task`1[Microsoft.AspNetCore.Mvc.IActionResult] GetAttempts(Int32) on controller api.Controllers.TakeQuizApiController (api).
2025-11-14 11:51:01.076 +01:00 [INF] Executing OkObjectResult, writing value of type 'System.Collections.Generic.List`1[[api.DTOs.QuizResultDto, api, Version=1.0.0.0, Culture=neutral, PublicKeyToken=null]]'.
2025-11-14 11:51:01.077 +01:00 [INF] Executed action api.Controllers.TakeQuizApiController.GetAttempts (api) in 5.8786ms
2025-11-14 11:51:01.078 +01:00 [INF] Executed endpoint 'api.Controllers.TakeQuizApiController.GetAttempts (api)'
2025-11-14 11:51:01.078 +01:00 [INF] Request finished HTTP/1.1 GET http://localhost:5082/api/takequizapi/attempts/2 - 200 2378 application/json; charset=utf-8 7.4806ms
2025-11-14 11:51:01.080 +01:00 [INF] Request starting HTTP/1.1 GET http://localhost:5082/api/takequizapi/attempts/2 - application/json null
2025-11-14 11:51:01.080 +01:00 [INF] CORS policy execution successful.
2025-11-14 11:51:01.082 +01:00 [INF] Executing endpoint 'api.Controllers.TakeQuizApiController.GetAttempts (api)'
2025-11-14 11:51:01.082 +01:00 [INF] Route matched with {action = "GetAttempts", controller = "TakeQuizApi"}. Executing controller action with signature System.Threading.Tasks.Task`1[Microsoft.AspNetCore.Mvc.IActionResult] GetAttempts(Int32) on controller api.Controllers.TakeQuizApiController (api).
2025-11-14 11:51:01.087 +01:00 [INF] Executing OkObjectResult, writing value of type 'System.Collections.Generic.List`1[[api.DTOs.QuizResultDto, api, Version=1.0.0.0, Culture=neutral, PublicKeyToken=null]]'.
2025-11-14 11:51:01.088 +01:00 [INF] Executed action api.Controllers.TakeQuizApiController.GetAttempts (api) in 5.562ms
2025-11-14 11:51:01.088 +01:00 [INF] Executed endpoint 'api.Controllers.TakeQuizApiController.GetAttempts (api)'
2025-11-14 11:51:01.088 +01:00 [INF] Request finished HTTP/1.1 GET http://localhost:5082/api/takequizapi/attempts/2 - 200 2378 application/json; charset=utf-8 8.2436ms
2025-11-14 11:55:11.059 +01:00 [INF] Application is shutting down...
