2025-11-05 10:56:38.782 +01:00 [INF] User profile is available. Using 'C:\Users\Admin\AppData\Local\ASP.NET\DataProtection-Keys' as key repository and Windows DPAPI to encrypt keys at rest.
2025-11-05 10:56:38.923 +01:00 [INF] Now listening on: http://localhost:5082
2025-11-05 10:56:38.928 +01:00 [INF] Application started. Press Ctrl+C to shut down.
2025-11-05 10:56:38.929 +01:00 [INF] Hosting environment: Development
2025-11-05 10:56:38.929 +01:00 [INF] Content root path: C:\Users\Admin\OneDrive - OsloMet\FinalExamITPE3200\EXAMFAM\api
2025-11-05 10:56:57.503 +01:00 [INF] Request starting HTTP/1.1 OPTIONS http://localhost:5082/api/Auth/register - null null
2025-11-05 10:56:57.560 +01:00 [INF] CORS policy execution successful.
2025-11-05 10:56:57.571 +01:00 [INF] Request finished HTTP/1.1 OPTIONS http://localhost:5082/api/Auth/register - 204 null null 70.4523ms
2025-11-05 10:56:57.578 +01:00 [INF] Request starting HTTP/1.1 POST http://localhost:5082/api/Auth/register - application/json 80
2025-11-05 10:56:57.585 +01:00 [INF] CORS policy execution successful.
2025-11-05 10:56:57.636 +01:00 [INF] Executing endpoint 'api.Controllers.AuthController.Register (api)'
2025-11-05 10:56:57.682 +01:00 [INF] Route matched with {action = "Register", controller = "Auth"}. Executing controller action with signature System.Threading.Tasks.Task`1[Microsoft.AspNetCore.Mvc.IActionResult] Register(api.DTOs.RegisterDto) on controller api.Controllers.AuthController (api).
2025-11-05 10:56:58.115 +01:00 [WRN] [AuthAPIController] user registration failed for eksempel123
2025-11-05 10:56:58.122 +01:00 [INF] Executing BadRequestObjectResult, writing value of type 'System.Collections.Generic.List`1[[Microsoft.AspNetCore.Identity.IdentityError, Microsoft.Extensions.Identity.Core, Version=8.0.0.0, Culture=neutral, PublicKeyToken=adb9793829ddae60]]'.
2025-11-05 10:56:58.173 +01:00 [INF] Executed action api.Controllers.AuthController.Register (api) in 484.6247ms
2025-11-05 10:56:58.174 +01:00 [INF] Executed endpoint 'api.Controllers.AuthController.Register (api)'
2025-11-05 10:56:58.177 +01:00 [INF] Request finished HTTP/1.1 POST http://localhost:5082/api/Auth/register - 400 224 application/json; charset=utf-8 598.7698ms
2025-11-05 10:56:59.114 +01:00 [INF] Request starting HTTP/1.1 POST http://localhost:5082/api/Auth/register - application/json 80
2025-11-05 10:56:59.115 +01:00 [INF] CORS policy execution successful.
2025-11-05 10:56:59.117 +01:00 [INF] Executing endpoint 'api.Controllers.AuthController.Register (api)'
2025-11-05 10:56:59.117 +01:00 [INF] Route matched with {action = "Register", controller = "Auth"}. Executing controller action with signature System.Threading.Tasks.Task`1[Microsoft.AspNetCore.Mvc.IActionResult] Register(api.DTOs.RegisterDto) on controller api.Controllers.AuthController (api).
2025-11-05 10:56:59.146 +01:00 [WRN] [AuthAPIController] user registration failed for eksempel123
2025-11-05 10:56:59.147 +01:00 [INF] Executing BadRequestObjectResult, writing value of type 'System.Collections.Generic.List`1[[Microsoft.AspNetCore.Identity.IdentityError, Microsoft.Extensions.Identity.Core, Version=8.0.0.0, Culture=neutral, PublicKeyToken=adb9793829ddae60]]'.
2025-11-05 10:56:59.148 +01:00 [INF] Executed action api.Controllers.AuthController.Register (api) in 30.066ms
2025-11-05 10:56:59.148 +01:00 [INF] Executed endpoint 'api.Controllers.AuthController.Register (api)'
2025-11-05 10:56:59.148 +01:00 [INF] Request finished HTTP/1.1 POST http://localhost:5082/api/Auth/register - 400 224 application/json; charset=utf-8 34.1148ms
2025-11-05 10:58:49.646 +01:00 [INF] Request starting HTTP/1.1 OPTIONS http://localhost:5082/api/Auth/register - null null
2025-11-05 10:58:49.647 +01:00 [INF] CORS policy execution successful.
2025-11-05 10:58:49.648 +01:00 [INF] Request finished HTTP/1.1 OPTIONS http://localhost:5082/api/Auth/register - 204 null null 1.4952ms
2025-11-05 10:58:49.650 +01:00 [INF] Request starting HTTP/1.1 POST http://localhost:5082/api/Auth/register - application/json 77
2025-11-05 10:58:49.650 +01:00 [INF] CORS policy execution successful.
2025-11-05 10:58:49.654 +01:00 [INF] Executing endpoint 'api.Controllers.AuthController.Register (api)'
2025-11-05 10:58:49.654 +01:00 [INF] Route matched with {action = "Register", controller = "Auth"}. Executing controller action with signature System.Threading.Tasks.Task`1[Microsoft.AspNetCore.Mvc.IActionResult] Register(api.DTOs.RegisterDto) on controller api.Controllers.AuthController (api).
2025-11-05 10:58:49.675 +01:00 [WRN] [AuthAPIController] user registration failed for eksempel123
2025-11-05 10:58:49.676 +01:00 [INF] Executing BadRequestObjectResult, writing value of type 'System.Collections.Generic.List`1[[Microsoft.AspNetCore.Identity.IdentityError, Microsoft.Extensions.Identity.Core, Version=8.0.0.0, Culture=neutral, PublicKeyToken=adb9793829ddae60]]'.
2025-11-05 10:58:49.677 +01:00 [INF] Executed action api.Controllers.AuthController.Register (api) in 21.9313ms
2025-11-05 10:58:49.677 +01:00 [INF] Executed endpoint 'api.Controllers.AuthController.Register (api)'
2025-11-05 10:58:49.677 +01:00 [INF] Request finished HTTP/1.1 POST http://localhost:5082/api/Auth/register - 400 323 application/json; charset=utf-8 27.2094ms
2025-11-05 10:59:51.378 +01:00 [INF] Request starting HTTP/1.1 OPTIONS http://localhost:5082/api/Auth/register - null null
2025-11-05 10:59:51.379 +01:00 [INF] CORS policy execution successful.
2025-11-05 10:59:51.380 +01:00 [INF] Request finished HTTP/1.1 OPTIONS http://localhost:5082/api/Auth/register - 204 null null 2.0062ms
2025-11-05 10:59:51.382 +01:00 [INF] Request starting HTTP/1.1 POST http://localhost:5082/api/Auth/register - application/json 77
2025-11-05 10:59:51.382 +01:00 [INF] CORS policy execution successful.
2025-11-05 10:59:51.382 +01:00 [INF] Executing endpoint 'api.Controllers.AuthController.Register (api)'
2025-11-05 10:59:51.383 +01:00 [INF] Route matched with {action = "Register", controller = "Auth"}. Executing controller action with signature System.Threading.Tasks.Task`1[Microsoft.AspNetCore.Mvc.IActionResult] Register(api.DTOs.RegisterDto) on controller api.Controllers.AuthController (api).
2025-11-05 10:59:51.384 +01:00 [WRN] [AuthAPIController] user registration failed for eksempel123
2025-11-05 10:59:51.385 +01:00 [INF] Executing BadRequestObjectResult, writing value of type 'System.Collections.Generic.List`1[[Microsoft.AspNetCore.Identity.IdentityError, Microsoft.Extensions.Identity.Core, Version=8.0.0.0, Culture=neutral, PublicKeyToken=adb9793829ddae60]]'.
2025-11-05 10:59:51.385 +01:00 [INF] Executed action api.Controllers.AuthController.Register (api) in 2.6521ms
2025-11-05 10:59:51.385 +01:00 [INF] Executed endpoint 'api.Controllers.AuthController.Register (api)'
2025-11-05 10:59:51.386 +01:00 [INF] Request finished HTTP/1.1 POST http://localhost:5082/api/Auth/register - 400 323 application/json; charset=utf-8 3.931ms
2025-11-05 11:00:31.561 +01:00 [INF] Request starting HTTP/1.1 OPTIONS http://localhost:5082/api/Auth/register - null null
2025-11-05 11:00:31.562 +01:00 [INF] CORS policy execution successful.
2025-11-05 11:00:31.562 +01:00 [INF] Request finished HTTP/1.1 OPTIONS http://localhost:5082/api/Auth/register - 204 null null 1.5353ms
2025-11-05 11:00:31.565 +01:00 [INF] Request starting HTTP/1.1 POST http://localhost:5082/api/Auth/register - application/json 80
2025-11-05 11:00:31.565 +01:00 [INF] CORS policy execution successful.
2025-11-05 11:00:31.565 +01:00 [INF] Executing endpoint 'api.Controllers.AuthController.Register (api)'
2025-11-05 11:00:31.566 +01:00 [INF] Route matched with {action = "Register", controller = "Auth"}. Executing controller action with signature System.Threading.Tasks.Task`1[Microsoft.AspNetCore.Mvc.IActionResult] Register(api.DTOs.RegisterDto) on controller api.Controllers.AuthController (api).
2025-11-05 11:00:31.568 +01:00 [WRN] [AuthAPIController] user registration failed for eksempel123
2025-11-05 11:00:31.569 +01:00 [INF] Executing BadRequestObjectResult, writing value of type 'System.Collections.Generic.List`1[[Microsoft.AspNetCore.Identity.IdentityError, Microsoft.Extensions.Identity.Core, Version=8.0.0.0, Culture=neutral, PublicKeyToken=adb9793829ddae60]]'.
2025-11-05 11:00:31.570 +01:00 [INF] Executed action api.Controllers.AuthController.Register (api) in 3.6042ms
2025-11-05 11:00:31.570 +01:00 [INF] Executed endpoint 'api.Controllers.AuthController.Register (api)'
2025-11-05 11:00:31.570 +01:00 [INF] Request finished HTTP/1.1 POST http://localhost:5082/api/Auth/register - 400 121 application/json; charset=utf-8 5.3868ms
2025-11-05 11:00:37.675 +01:00 [INF] Request starting HTTP/1.1 OPTIONS http://localhost:5082/api/Auth/register - null null
2025-11-05 11:00:37.675 +01:00 [INF] CORS policy execution successful.
2025-11-05 11:00:37.676 +01:00 [INF] Request finished HTTP/1.1 OPTIONS http://localhost:5082/api/Auth/register - 204 null null 1.515ms
2025-11-05 11:00:37.678 +01:00 [INF] Request starting HTTP/1.1 POST http://localhost:5082/api/Auth/register - application/json 81
2025-11-05 11:00:37.678 +01:00 [INF] CORS policy execution successful.
2025-11-05 11:00:37.679 +01:00 [INF] Executing endpoint 'api.Controllers.AuthController.Register (api)'
2025-11-05 11:00:37.679 +01:00 [INF] Route matched with {action = "Register", controller = "Auth"}. Executing controller action with signature System.Threading.Tasks.Task`1[Microsoft.AspNetCore.Mvc.IActionResult] Register(api.DTOs.RegisterDto) on controller api.Controllers.AuthController (api).
2025-11-05 11:00:39.338 +01:00 [INF] [AuthAPIController] user registered for eksempel123
2025-11-05 11:00:39.339 +01:00 [INF] Executing OkObjectResult, writing value of type '<>f__AnonymousType0`1[[System.String, System.Private.CoreLib, Version=8.0.0.0, Culture=neutral, PublicKeyToken=7cec85d7bea7798e]]'.
2025-11-05 11:00:39.349 +01:00 [INF] Executed action api.Controllers.AuthController.Register (api) in 1669.6784ms
2025-11-05 11:00:39.349 +01:00 [INF] Executed endpoint 'api.Controllers.AuthController.Register (api)'
2025-11-05 11:00:39.357 +01:00 [INF] Request finished HTTP/1.1 POST http://localhost:5082/api/Auth/register - 200 42 application/json; charset=utf-8 1679.118ms
2025-11-05 11:00:57.733 +01:00 [INF] Request starting HTTP/1.1 OPTIONS http://localhost:5082/api/Auth/login - null null
2025-11-05 11:00:57.742 +01:00 [INF] CORS policy execution successful.
2025-11-05 11:00:57.743 +01:00 [INF] Request finished HTTP/1.1 OPTIONS http://localhost:5082/api/Auth/login - 204 null null 9.6906ms
2025-11-05 11:00:57.746 +01:00 [INF] Request starting HTTP/1.1 POST http://localhost:5082/api/Auth/login - application/json 52
2025-11-05 11:00:57.746 +01:00 [INF] CORS policy execution successful.
2025-11-05 11:00:57.746 +01:00 [INF] Executing endpoint 'api.Controllers.AuthController.Login (api)'
2025-11-05 11:00:57.754 +01:00 [INF] Route matched with {action = "Login", controller = "Auth"}. Executing controller action with signature System.Threading.Tasks.Task`1[Microsoft.AspNetCore.Mvc.IActionResult] Login(api.DTOs.LoginDto) on controller api.Controllers.AuthController (api).
2025-11-05 11:00:57.939 +01:00 [INF] [AuthAPIController] user authorised for eksempel123
2025-11-05 11:00:57.952 +01:00 [INF] [AuthAPIController] JWT token created for eksempel123
2025-11-05 11:00:57.995 +01:00 [INF] Executing OkObjectResult, writing value of type '<>f__AnonymousType1`1[[System.String, System.Private.CoreLib, Version=8.0.0.0, Culture=neutral, PublicKeyToken=7cec85d7bea7798e]]'.
2025-11-05 11:00:57.997 +01:00 [INF] Executed action api.Controllers.AuthController.Login (api) in 243.0798ms
2025-11-05 11:00:57.997 +01:00 [INF] Executed endpoint 'api.Controllers.AuthController.Login (api)'
2025-11-05 11:00:57.997 +01:00 [INF] Request finished HTTP/1.1 POST http://localhost:5082/api/Auth/login - 200 495 application/json; charset=utf-8 251.8802ms
2025-11-05 11:00:58.064 +01:00 [INF] Request starting HTTP/1.1 GET http://localhost:5082/api/quizapi/quizlist - null null
2025-11-05 11:00:58.078 +01:00 [INF] CORS policy execution successful.
2025-11-05 11:00:58.079 +01:00 [INF] Executing endpoint 'api.Controllers.QuizAPIController.QuizList (api)'
2025-11-05 11:00:58.084 +01:00 [INF] Route matched with {action = "QuizList", controller = "QuizAPI"}. Executing controller action with signature System.Threading.Tasks.Task`1[Microsoft.AspNetCore.Mvc.IActionResult] QuizList() on controller api.Controllers.QuizAPIController (api).
2025-11-05 11:00:58.306 +01:00 [WRN] Compiling a query which loads related collections for more than one collection navigation, either via 'Include' or through projection, but no 'QuerySplittingBehavior' has been configured. By default, Entity Framework will use 'QuerySplittingBehavior.SingleQuery', which can potentially result in slow query performance. See https://go.microsoft.com/fwlink/?linkid=2134277 for more information. To identify the query that's triggering this warning call 'ConfigureWarnings(w => w.Throw(RelationalEventId.MultipleCollectionIncludeWarning))'.
2025-11-05 11:00:58.384 +01:00 [INF] Executing OkObjectResult, writing value of type 'System.Linq.Enumerable+SelectListIterator`2[[api.Models.Quiz, api, Version=1.0.0.0, Culture=neutral, PublicKeyToken=null],[api.DTOs.QuizDto, api, Version=1.0.0.0, Culture=neutral, PublicKeyToken=null]]'.
2025-11-05 11:00:58.391 +01:00 [INF] Executed action api.Controllers.QuizAPIController.QuizList (api) in 306.8939ms
2025-11-05 11:00:58.391 +01:00 [INF] Executed endpoint 'api.Controllers.QuizAPIController.QuizList (api)'
2025-11-05 11:00:58.392 +01:00 [INF] Request finished HTTP/1.1 GET http://localhost:5082/api/quizapi/quizlist - 200 284 application/json; charset=utf-8 327.9481ms
2025-11-05 11:00:58.394 +01:00 [INF] Request starting HTTP/1.1 GET http://localhost:5082/api/quizapi/quizlist - null null
2025-11-05 11:00:58.397 +01:00 [INF] CORS policy execution successful.
2025-11-05 11:00:58.397 +01:00 [INF] Executing endpoint 'api.Controllers.QuizAPIController.QuizList (api)'
2025-11-05 11:00:58.397 +01:00 [INF] Route matched with {action = "QuizList", controller = "QuizAPI"}. Executing controller action with signature System.Threading.Tasks.Task`1[Microsoft.AspNetCore.Mvc.IActionResult] QuizList() on controller api.Controllers.QuizAPIController (api).
2025-11-05 11:00:58.406 +01:00 [INF] Executing OkObjectResult, writing value of type 'System.Linq.Enumerable+SelectListIterator`2[[api.Models.Quiz, api, Version=1.0.0.0, Culture=neutral, PublicKeyToken=null],[api.DTOs.QuizDto, api, Version=1.0.0.0, Culture=neutral, PublicKeyToken=null]]'.
2025-11-05 11:00:58.407 +01:00 [INF] Executed action api.Controllers.QuizAPIController.QuizList (api) in 9.4851ms
2025-11-05 11:00:58.407 +01:00 [INF] Executed endpoint 'api.Controllers.QuizAPIController.QuizList (api)'
2025-11-05 11:00:58.408 +01:00 [INF] Request finished HTTP/1.1 GET http://localhost:5082/api/quizapi/quizlist - 200 284 application/json; charset=utf-8 13.7694ms
2025-11-05 11:01:02.854 +01:00 [INF] Request starting HTTP/1.1 GET http://localhost:5082/api/quizapi/1 - null null
2025-11-05 11:01:02.854 +01:00 [INF] CORS policy execution successful.
2025-11-05 11:01:02.855 +01:00 [INF] Executing endpoint 'api.Controllers.QuizAPIController.GetQuiz (api)'
2025-11-05 11:01:02.866 +01:00 [INF] Route matched with {action = "GetQuiz", controller = "QuizAPI"}. Executing controller action with signature System.Threading.Tasks.Task`1[Microsoft.AspNetCore.Mvc.IActionResult] GetQuiz(Int32) on controller api.Controllers.QuizAPIController (api).
2025-11-05 11:01:02.908 +01:00 [WRN] Compiling a query which loads related collections for more than one collection navigation, either via 'Include' or through projection, but no 'QuerySplittingBehavior' has been configured. By default, Entity Framework will use 'QuerySplittingBehavior.SingleQuery', which can potentially result in slow query performance. See https://go.microsoft.com/fwlink/?linkid=2134277 for more information. To identify the query that's triggering this warning call 'ConfigureWarnings(w => w.Throw(RelationalEventId.MultipleCollectionIncludeWarning))'.
2025-11-05 11:01:02.921 +01:00 [INF] Executing OkObjectResult, writing value of type 'api.Models.Quiz'.
2025-11-05 11:01:02.941 +01:00 [INF] Executed action api.Controllers.QuizAPIController.GetQuiz (api) in 74.5859ms
2025-11-05 11:01:02.942 +01:00 [INF] Executed endpoint 'api.Controllers.QuizAPIController.GetQuiz (api)'
2025-11-05 11:01:02.943 +01:00 [INF] Request finished HTTP/1.1 GET http://localhost:5082/api/quizapi/1 - 200 1345 application/json; charset=utf-8 88.6727ms
2025-11-05 11:01:02.948 +01:00 [INF] Request starting HTTP/1.1 GET http://localhost:5082/api/quizapi/1 - null null
2025-11-05 11:01:02.948 +01:00 [INF] CORS policy execution successful.
2025-11-05 11:01:02.949 +01:00 [INF] Executing endpoint 'api.Controllers.QuizAPIController.GetQuiz (api)'
2025-11-05 11:01:02.949 +01:00 [INF] Route matched with {action = "GetQuiz", controller = "QuizAPI"}. Executing controller action with signature System.Threading.Tasks.Task`1[Microsoft.AspNetCore.Mvc.IActionResult] GetQuiz(Int32) on controller api.Controllers.QuizAPIController (api).
2025-11-05 11:01:02.956 +01:00 [INF] Executing OkObjectResult, writing value of type 'api.Models.Quiz'.
2025-11-05 11:01:02.956 +01:00 [INF] Executed action api.Controllers.QuizAPIController.GetQuiz (api) in 7.2388ms
2025-11-05 11:01:02.956 +01:00 [INF] Executed endpoint 'api.Controllers.QuizAPIController.GetQuiz (api)'
2025-11-05 11:01:02.956 +01:00 [INF] Request finished HTTP/1.1 GET http://localhost:5082/api/quizapi/1 - 200 1345 application/json; charset=utf-8 8.4987ms
2025-11-05 11:01:05.007 +01:00 [INF] Request starting HTTP/1.1 GET http://localhost:5082/api/quizapi/quizlist - null null
2025-11-05 11:01:05.008 +01:00 [INF] CORS policy execution successful.
2025-11-05 11:01:05.008 +01:00 [INF] Executing endpoint 'api.Controllers.QuizAPIController.QuizList (api)'
2025-11-05 11:01:05.008 +01:00 [INF] Route matched with {action = "QuizList", controller = "QuizAPI"}. Executing controller action with signature System.Threading.Tasks.Task`1[Microsoft.AspNetCore.Mvc.IActionResult] QuizList() on controller api.Controllers.QuizAPIController (api).
2025-11-05 11:01:05.016 +01:00 [INF] Executing OkObjectResult, writing value of type 'System.Linq.Enumerable+SelectListIterator`2[[api.Models.Quiz, api, Version=1.0.0.0, Culture=neutral, PublicKeyToken=null],[api.DTOs.QuizDto, api, Version=1.0.0.0, Culture=neutral, PublicKeyToken=null]]'.
2025-11-05 11:01:05.017 +01:00 [INF] Executed action api.Controllers.QuizAPIController.QuizList (api) in 8.4862ms
2025-11-05 11:01:05.017 +01:00 [INF] Executed endpoint 'api.Controllers.QuizAPIController.QuizList (api)'
2025-11-05 11:01:05.017 +01:00 [INF] Request finished HTTP/1.1 GET http://localhost:5082/api/quizapi/quizlist - 200 284 application/json; charset=utf-8 10.6027ms
2025-11-05 11:01:05.020 +01:00 [INF] Request starting HTTP/1.1 GET http://localhost:5082/api/quizapi/quizlist - null null
2025-11-05 11:01:05.021 +01:00 [INF] CORS policy execution successful.
2025-11-05 11:01:05.022 +01:00 [INF] Executing endpoint 'api.Controllers.QuizAPIController.QuizList (api)'
2025-11-05 11:01:05.022 +01:00 [INF] Route matched with {action = "QuizList", controller = "QuizAPI"}. Executing controller action with signature System.Threading.Tasks.Task`1[Microsoft.AspNetCore.Mvc.IActionResult] QuizList() on controller api.Controllers.QuizAPIController (api).
2025-11-05 11:01:05.028 +01:00 [INF] Executing OkObjectResult, writing value of type 'System.Linq.Enumerable+SelectListIterator`2[[api.Models.Quiz, api, Version=1.0.0.0, Culture=neutral, PublicKeyToken=null],[api.DTOs.QuizDto, api, Version=1.0.0.0, Culture=neutral, PublicKeyToken=null]]'.
2025-11-05 11:01:05.029 +01:00 [INF] Executed action api.Controllers.QuizAPIController.QuizList (api) in 7.0982ms
2025-11-05 11:01:05.029 +01:00 [INF] Executed endpoint 'api.Controllers.QuizAPIController.QuizList (api)'
2025-11-05 11:01:05.030 +01:00 [INF] Request finished HTTP/1.1 GET http://localhost:5082/api/quizapi/quizlist - 200 284 application/json; charset=utf-8 10.0354ms
2025-11-05 11:01:06.216 +01:00 [INF] Request starting HTTP/1.1 GET http://localhost:5082/api/quizapi/7 - null null
2025-11-05 11:01:06.217 +01:00 [INF] CORS policy execution successful.
2025-11-05 11:01:06.217 +01:00 [INF] Executing endpoint 'api.Controllers.QuizAPIController.GetQuiz (api)'
2025-11-05 11:01:06.218 +01:00 [INF] Route matched with {action = "GetQuiz", controller = "QuizAPI"}. Executing controller action with signature System.Threading.Tasks.Task`1[Microsoft.AspNetCore.Mvc.IActionResult] GetQuiz(Int32) on controller api.Controllers.QuizAPIController (api).
2025-11-05 11:01:06.222 +01:00 [INF] Executing OkObjectResult, writing value of type 'api.Models.Quiz'.
2025-11-05 11:01:06.223 +01:00 [INF] Executed action api.Controllers.QuizAPIController.GetQuiz (api) in 5.1772ms
2025-11-05 11:01:06.223 +01:00 [INF] Executed endpoint 'api.Controllers.QuizAPIController.GetQuiz (api)'
2025-11-05 11:01:06.223 +01:00 [INF] Request finished HTTP/1.1 GET http://localhost:5082/api/quizapi/7 - 200 1380 application/json; charset=utf-8 6.8053ms
2025-11-05 11:01:06.228 +01:00 [INF] Request starting HTTP/1.1 GET http://localhost:5082/api/quizapi/7 - null null
2025-11-05 11:01:06.228 +01:00 [INF] CORS policy execution successful.
2025-11-05 11:01:06.229 +01:00 [INF] Executing endpoint 'api.Controllers.QuizAPIController.GetQuiz (api)'
2025-11-05 11:01:06.229 +01:00 [INF] Route matched with {action = "GetQuiz", controller = "QuizAPI"}. Executing controller action with signature System.Threading.Tasks.Task`1[Microsoft.AspNetCore.Mvc.IActionResult] GetQuiz(Int32) on controller api.Controllers.QuizAPIController (api).
2025-11-05 11:01:06.234 +01:00 [INF] Executing OkObjectResult, writing value of type 'api.Models.Quiz'.
2025-11-05 11:01:06.235 +01:00 [INF] Executed action api.Controllers.QuizAPIController.GetQuiz (api) in 6.1117ms
2025-11-05 11:01:06.236 +01:00 [INF] Executed endpoint 'api.Controllers.QuizAPIController.GetQuiz (api)'
2025-11-05 11:01:06.237 +01:00 [INF] Request finished HTTP/1.1 GET http://localhost:5082/api/quizapi/7 - 200 1380 application/json; charset=utf-8 9.0465ms
2025-11-05 11:01:17.746 +01:00 [INF] Request starting HTTP/1.1 OPTIONS http://localhost:5082/api/quizapi/update/7 - null null
2025-11-05 11:01:17.746 +01:00 [INF] CORS policy execution successful.
2025-11-05 11:01:17.747 +01:00 [INF] Request finished HTTP/1.1 OPTIONS http://localhost:5082/api/quizapi/update/7 - 204 null null 0.7396ms
2025-11-05 11:01:17.749 +01:00 [INF] Request starting HTTP/1.1 PUT http://localhost:5082/api/quizapi/update/7 - application/json 896
2025-11-05 11:01:17.749 +01:00 [INF] CORS policy execution successful.
2025-11-05 11:01:17.852 +01:00 [INF] Executing endpoint 'api.Controllers.QuizAPIController.Update (api)'
2025-11-05 11:01:17.858 +01:00 [INF] Route matched with {action = "Update", controller = "QuizAPI"}. Executing controller action with signature System.Threading.Tasks.Task`1[Microsoft.AspNetCore.Mvc.IActionResult] Update(Int32, api.DTOs.QuizDto) on controller api.Controllers.QuizAPIController (api).
2025-11-05 11:01:18.068 +01:00 [INF] Executing OkObjectResult, writing value of type 'api.Models.Quiz'.
2025-11-05 11:01:18.069 +01:00 [INF] Executed action api.Controllers.QuizAPIController.Update (api) in 210.4854ms
2025-11-05 11:01:18.069 +01:00 [INF] Executed endpoint 'api.Controllers.QuizAPIController.Update (api)'
2025-11-05 11:01:18.069 +01:00 [INF] Request finished HTTP/1.1 PUT http://localhost:5082/api/quizapi/update/7 - 200 1579 application/json; charset=utf-8 320.1448ms
2025-11-05 11:01:18.117 +01:00 [INF] Request starting HTTP/1.1 GET http://localhost:5082/api/quizapi/quizlist - null null
2025-11-05 11:01:18.118 +01:00 [INF] CORS policy execution successful.
2025-11-05 11:01:18.118 +01:00 [INF] Executing endpoint 'api.Controllers.QuizAPIController.QuizList (api)'
2025-11-05 11:01:18.118 +01:00 [INF] Route matched with {action = "QuizList", controller = "QuizAPI"}. Executing controller action with signature System.Threading.Tasks.Task`1[Microsoft.AspNetCore.Mvc.IActionResult] QuizList() on controller api.Controllers.QuizAPIController (api).
2025-11-05 11:01:18.122 +01:00 [INF] Executing OkObjectResult, writing value of type 'System.Linq.Enumerable+SelectListIterator`2[[api.Models.Quiz, api, Version=1.0.0.0, Culture=neutral, PublicKeyToken=null],[api.DTOs.QuizDto, api, Version=1.0.0.0, Culture=neutral, PublicKeyToken=null]]'.
2025-11-05 11:01:18.123 +01:00 [INF] Executed action api.Controllers.QuizAPIController.QuizList (api) in 4.8877ms
2025-11-05 11:01:18.123 +01:00 [INF] Executed endpoint 'api.Controllers.QuizAPIController.QuizList (api)'
2025-11-05 11:01:18.123 +01:00 [INF] Request finished HTTP/1.1 GET http://localhost:5082/api/quizapi/quizlist - 200 284 application/json; charset=utf-8 6.0259ms
2025-11-05 11:01:18.127 +01:00 [INF] Request starting HTTP/1.1 GET http://localhost:5082/api/quizapi/quizlist - null null
2025-11-05 11:01:18.127 +01:00 [INF] CORS policy execution successful.
2025-11-05 11:01:18.128 +01:00 [INF] Executing endpoint 'api.Controllers.QuizAPIController.QuizList (api)'
2025-11-05 11:01:18.128 +01:00 [INF] Route matched with {action = "QuizList", controller = "QuizAPI"}. Executing controller action with signature System.Threading.Tasks.Task`1[Microsoft.AspNetCore.Mvc.IActionResult] QuizList() on controller api.Controllers.QuizAPIController (api).
2025-11-05 11:01:18.132 +01:00 [INF] Executing OkObjectResult, writing value of type 'System.Linq.Enumerable+SelectListIterator`2[[api.Models.Quiz, api, Version=1.0.0.0, Culture=neutral, PublicKeyToken=null],[api.DTOs.QuizDto, api, Version=1.0.0.0, Culture=neutral, PublicKeyToken=null]]'.
2025-11-05 11:01:18.133 +01:00 [INF] Executed action api.Controllers.QuizAPIController.QuizList (api) in 5.0414ms
2025-11-05 11:01:18.133 +01:00 [INF] Executed endpoint 'api.Controllers.QuizAPIController.QuizList (api)'
2025-11-05 11:01:18.133 +01:00 [INF] Request finished HTTP/1.1 GET http://localhost:5082/api/quizapi/quizlist - 200 284 application/json; charset=utf-8 6.3743ms
2025-11-05 11:01:19.880 +01:00 [INF] Request starting HTTP/1.1 GET http://localhost:5082/api/quizapi/7 - null null
2025-11-05 11:01:19.880 +01:00 [INF] CORS policy execution successful.
2025-11-05 11:01:19.881 +01:00 [INF] Executing endpoint 'api.Controllers.QuizAPIController.GetQuiz (api)'
2025-11-05 11:01:19.881 +01:00 [INF] Route matched with {action = "GetQuiz", controller = "QuizAPI"}. Executing controller action with signature System.Threading.Tasks.Task`1[Microsoft.AspNetCore.Mvc.IActionResult] GetQuiz(Int32) on controller api.Controllers.QuizAPIController (api).
2025-11-05 11:01:19.885 +01:00 [INF] Executing OkObjectResult, writing value of type 'api.Models.Quiz'.
2025-11-05 11:01:19.885 +01:00 [INF] Executed action api.Controllers.QuizAPIController.GetQuiz (api) in 4.5595ms
2025-11-05 11:01:19.886 +01:00 [INF] Executed endpoint 'api.Controllers.QuizAPIController.GetQuiz (api)'
2025-11-05 11:01:19.886 +01:00 [INF] Request finished HTTP/1.1 GET http://localhost:5082/api/quizapi/7 - 200 1579 application/json; charset=utf-8 5.97ms
2025-11-05 11:01:19.888 +01:00 [INF] Request starting HTTP/1.1 GET http://localhost:5082/api/quizapi/7 - null null
2025-11-05 11:01:19.889 +01:00 [INF] CORS policy execution successful.
2025-11-05 11:01:19.889 +01:00 [INF] Executing endpoint 'api.Controllers.QuizAPIController.GetQuiz (api)'
2025-11-05 11:01:19.889 +01:00 [INF] Route matched with {action = "GetQuiz", controller = "QuizAPI"}. Executing controller action with signature System.Threading.Tasks.Task`1[Microsoft.AspNetCore.Mvc.IActionResult] GetQuiz(Int32) on controller api.Controllers.QuizAPIController (api).
2025-11-05 11:01:19.893 +01:00 [INF] Executing OkObjectResult, writing value of type 'api.Models.Quiz'.
2025-11-05 11:01:19.894 +01:00 [INF] Executed action api.Controllers.QuizAPIController.GetQuiz (api) in 4.5872ms
2025-11-05 11:01:19.894 +01:00 [INF] Executed endpoint 'api.Controllers.QuizAPIController.GetQuiz (api)'
2025-11-05 11:01:19.894 +01:00 [INF] Request finished HTTP/1.1 GET http://localhost:5082/api/quizapi/7 - 200 1579 application/json; charset=utf-8 5.9081ms
2025-11-05 11:01:21.331 +01:00 [INF] Request starting HTTP/1.1 GET http://localhost:5082/api/quizapi/quizlist - null null
2025-11-05 11:01:21.332 +01:00 [INF] CORS policy execution successful.
2025-11-05 11:01:21.332 +01:00 [INF] Executing endpoint 'api.Controllers.QuizAPIController.QuizList (api)'
2025-11-05 11:01:21.332 +01:00 [INF] Route matched with {action = "QuizList", controller = "QuizAPI"}. Executing controller action with signature System.Threading.Tasks.Task`1[Microsoft.AspNetCore.Mvc.IActionResult] QuizList() on controller api.Controllers.QuizAPIController (api).
2025-11-05 11:01:21.337 +01:00 [INF] Executing OkObjectResult, writing value of type 'System.Linq.Enumerable+SelectListIterator`2[[api.Models.Quiz, api, Version=1.0.0.0, Culture=neutral, PublicKeyToken=null],[api.DTOs.QuizDto, api, Version=1.0.0.0, Culture=neutral, PublicKeyToken=null]]'.
2025-11-05 11:01:21.337 +01:00 [INF] Executed action api.Controllers.QuizAPIController.QuizList (api) in 4.3794ms
2025-11-05 11:01:21.337 +01:00 [INF] Executed endpoint 'api.Controllers.QuizAPIController.QuizList (api)'
2025-11-05 11:01:21.337 +01:00 [INF] Request finished HTTP/1.1 GET http://localhost:5082/api/quizapi/quizlist - 200 284 application/json; charset=utf-8 5.8229ms
2025-11-05 11:01:21.344 +01:00 [INF] Request starting HTTP/1.1 GET http://localhost:5082/api/quizapi/quizlist - null null
2025-11-05 11:01:21.344 +01:00 [INF] CORS policy execution successful.
2025-11-05 11:01:21.344 +01:00 [INF] Executing endpoint 'api.Controllers.QuizAPIController.QuizList (api)'
2025-11-05 11:01:21.345 +01:00 [INF] Route matched with {action = "QuizList", controller = "QuizAPI"}. Executing controller action with signature System.Threading.Tasks.Task`1[Microsoft.AspNetCore.Mvc.IActionResult] QuizList() on controller api.Controllers.QuizAPIController (api).
2025-11-05 11:01:21.348 +01:00 [INF] Executing OkObjectResult, writing value of type 'System.Linq.Enumerable+SelectListIterator`2[[api.Models.Quiz, api, Version=1.0.0.0, Culture=neutral, PublicKeyToken=null],[api.DTOs.QuizDto, api, Version=1.0.0.0, Culture=neutral, PublicKeyToken=null]]'.
2025-11-05 11:01:21.349 +01:00 [INF] Executed action api.Controllers.QuizAPIController.QuizList (api) in 4.0753ms
2025-11-05 11:01:21.349 +01:00 [INF] Executed endpoint 'api.Controllers.QuizAPIController.QuizList (api)'
2025-11-05 11:01:21.349 +01:00 [INF] Request finished HTTP/1.1 GET http://localhost:5082/api/quizapi/quizlist - 200 284 application/json; charset=utf-8 5.1243ms
2025-11-05 11:01:22.353 +01:00 [INF] Request starting HTTP/1.1 GET http://localhost:5082/api/quizapi/7 - null null
2025-11-05 11:01:22.353 +01:00 [INF] CORS policy execution successful.
2025-11-05 11:01:22.354 +01:00 [INF] Executing endpoint 'api.Controllers.QuizAPIController.GetQuiz (api)'
2025-11-05 11:01:22.354 +01:00 [INF] Route matched with {action = "GetQuiz", controller = "QuizAPI"}. Executing controller action with signature System.Threading.Tasks.Task`1[Microsoft.AspNetCore.Mvc.IActionResult] GetQuiz(Int32) on controller api.Controllers.QuizAPIController (api).
2025-11-05 11:01:22.359 +01:00 [INF] Executing OkObjectResult, writing value of type 'api.Models.Quiz'.
2025-11-05 11:01:22.361 +01:00 [INF] Executed action api.Controllers.QuizAPIController.GetQuiz (api) in 6.7088ms
2025-11-05 11:01:22.361 +01:00 [INF] Executed endpoint 'api.Controllers.QuizAPIController.GetQuiz (api)'
2025-11-05 11:01:22.361 +01:00 [INF] Request finished HTTP/1.1 GET http://localhost:5082/api/quizapi/7 - 200 1579 application/json; charset=utf-8 7.7751ms
2025-11-05 11:01:22.363 +01:00 [INF] Request starting HTTP/1.1 GET http://localhost:5082/api/quizapi/7 - null null
2025-11-05 11:01:22.364 +01:00 [INF] CORS policy execution successful.
2025-11-05 11:01:22.364 +01:00 [INF] Executing endpoint 'api.Controllers.QuizAPIController.GetQuiz (api)'
2025-11-05 11:01:22.364 +01:00 [INF] Route matched with {action = "GetQuiz", controller = "QuizAPI"}. Executing controller action with signature System.Threading.Tasks.Task`1[Microsoft.AspNetCore.Mvc.IActionResult] GetQuiz(Int32) on controller api.Controllers.QuizAPIController (api).
2025-11-05 11:01:22.367 +01:00 [INF] Executing OkObjectResult, writing value of type 'api.Models.Quiz'.
2025-11-05 11:01:22.368 +01:00 [INF] Executed action api.Controllers.QuizAPIController.GetQuiz (api) in 3.0963ms
2025-11-05 11:01:22.368 +01:00 [INF] Executed endpoint 'api.Controllers.QuizAPIController.GetQuiz (api)'
2025-11-05 11:01:22.369 +01:00 [INF] Request finished HTTP/1.1 GET http://localhost:5082/api/quizapi/7 - 200 1579 application/json; charset=utf-8 5.1618ms
2025-11-05 11:01:28.343 +01:00 [INF] Request starting HTTP/1.1 OPTIONS http://localhost:5082/api/quizapi/update/7 - null null
2025-11-05 11:01:28.343 +01:00 [INF] CORS policy execution successful.
2025-11-05 11:01:28.344 +01:00 [INF] Request finished HTTP/1.1 OPTIONS http://localhost:5082/api/quizapi/update/7 - 204 null null 0.755ms
2025-11-05 11:01:28.346 +01:00 [INF] Request starting HTTP/1.1 PUT http://localhost:5082/api/quizapi/update/7 - application/json 801
2025-11-05 11:01:28.347 +01:00 [INF] CORS policy execution successful.
2025-11-05 11:01:28.355 +01:00 [INF] Executing endpoint 'api.Controllers.QuizAPIController.Update (api)'
2025-11-05 11:01:28.355 +01:00 [INF] Route matched with {action = "Update", controller = "QuizAPI"}. Executing controller action with signature System.Threading.Tasks.Task`1[Microsoft.AspNetCore.Mvc.IActionResult] Update(Int32, api.DTOs.QuizDto) on controller api.Controllers.QuizAPIController (api).
2025-11-05 11:01:28.418 +01:00 [INF] Executing OkObjectResult, writing value of type 'api.Models.Quiz'.
2025-11-05 11:01:28.419 +01:00 [INF] Executed action api.Controllers.QuizAPIController.Update (api) in 63.7813ms
2025-11-05 11:01:28.419 +01:00 [INF] Executed endpoint 'api.Controllers.QuizAPIController.Update (api)'
2025-11-05 11:01:28.419 +01:00 [INF] Request finished HTTP/1.1 PUT http://localhost:5082/api/quizapi/update/7 - 200 1380 application/json; charset=utf-8 72.8524ms
2025-11-05 11:01:28.477 +01:00 [INF] Request starting HTTP/1.1 GET http://localhost:5082/api/quizapi/quizlist - null null
2025-11-05 11:01:28.477 +01:00 [INF] CORS policy execution successful.
2025-11-05 11:01:28.478 +01:00 [INF] Executing endpoint 'api.Controllers.QuizAPIController.QuizList (api)'
2025-11-05 11:01:28.479 +01:00 [INF] Route matched with {action = "QuizList", controller = "QuizAPI"}. Executing controller action with signature System.Threading.Tasks.Task`1[Microsoft.AspNetCore.Mvc.IActionResult] QuizList() on controller api.Controllers.QuizAPIController (api).
2025-11-05 11:01:28.483 +01:00 [INF] Executing OkObjectResult, writing value of type 'System.Linq.Enumerable+SelectListIterator`2[[api.Models.Quiz, api, Version=1.0.0.0, Culture=neutral, PublicKeyToken=null],[api.DTOs.QuizDto, api, Version=1.0.0.0, Culture=neutral, PublicKeyToken=null]]'.
2025-11-05 11:01:28.483 +01:00 [INF] Executed action api.Controllers.QuizAPIController.QuizList (api) in 4.3825ms
2025-11-05 11:01:28.483 +01:00 [INF] Executed endpoint 'api.Controllers.QuizAPIController.QuizList (api)'
2025-11-05 11:01:28.484 +01:00 [INF] Request finished HTTP/1.1 GET http://localhost:5082/api/quizapi/quizlist - 200 284 application/json; charset=utf-8 6.8831ms
2025-11-05 11:01:28.485 +01:00 [INF] Request starting HTTP/1.1 GET http://localhost:5082/api/quizapi/quizlist - null null
2025-11-05 11:01:28.486 +01:00 [INF] CORS policy execution successful.
2025-11-05 11:01:28.486 +01:00 [INF] Executing endpoint 'api.Controllers.QuizAPIController.QuizList (api)'
2025-11-05 11:01:28.486 +01:00 [INF] Route matched with {action = "QuizList", controller = "QuizAPI"}. Executing controller action with signature System.Threading.Tasks.Task`1[Microsoft.AspNetCore.Mvc.IActionResult] QuizList() on controller api.Controllers.QuizAPIController (api).
2025-11-05 11:01:28.489 +01:00 [INF] Executing OkObjectResult, writing value of type 'System.Linq.Enumerable+SelectListIterator`2[[api.Models.Quiz, api, Version=1.0.0.0, Culture=neutral, PublicKeyToken=null],[api.DTOs.QuizDto, api, Version=1.0.0.0, Culture=neutral, PublicKeyToken=null]]'.
2025-11-05 11:01:28.490 +01:00 [INF] Executed action api.Controllers.QuizAPIController.QuizList (api) in 3.5761ms
2025-11-05 11:01:28.490 +01:00 [INF] Executed endpoint 'api.Controllers.QuizAPIController.QuizList (api)'
2025-11-05 11:01:28.490 +01:00 [INF] Request finished HTTP/1.1 GET http://localhost:5082/api/quizapi/quizlist - 200 284 application/json; charset=utf-8 4.6666ms
2025-11-05 11:01:29.450 +01:00 [INF] Request starting HTTP/1.1 GET http://localhost:5082/api/quizapi/7 - null null
2025-11-05 11:01:29.450 +01:00 [INF] CORS policy execution successful.
2025-11-05 11:01:29.450 +01:00 [INF] Executing endpoint 'api.Controllers.QuizAPIController.GetQuiz (api)'
2025-11-05 11:01:29.450 +01:00 [INF] Route matched with {action = "GetQuiz", controller = "QuizAPI"}. Executing controller action with signature System.Threading.Tasks.Task`1[Microsoft.AspNetCore.Mvc.IActionResult] GetQuiz(Int32) on controller api.Controllers.QuizAPIController (api).
2025-11-05 11:01:29.453 +01:00 [INF] Executing OkObjectResult, writing value of type 'api.Models.Quiz'.
2025-11-05 11:01:29.453 +01:00 [INF] Executed action api.Controllers.QuizAPIController.GetQuiz (api) in 2.4104ms
2025-11-05 11:01:29.453 +01:00 [INF] Executed endpoint 'api.Controllers.QuizAPIController.GetQuiz (api)'
2025-11-05 11:01:29.453 +01:00 [INF] Request finished HTTP/1.1 GET http://localhost:5082/api/quizapi/7 - 200 1380 application/json; charset=utf-8 3.3337ms
2025-11-05 11:01:29.455 +01:00 [INF] Request starting HTTP/1.1 GET http://localhost:5082/api/quizapi/7 - null null
2025-11-05 11:01:29.455 +01:00 [INF] CORS policy execution successful.
2025-11-05 11:01:29.456 +01:00 [INF] Executing endpoint 'api.Controllers.QuizAPIController.GetQuiz (api)'
2025-11-05 11:01:29.456 +01:00 [INF] Route matched with {action = "GetQuiz", controller = "QuizAPI"}. Executing controller action with signature System.Threading.Tasks.Task`1[Microsoft.AspNetCore.Mvc.IActionResult] GetQuiz(Int32) on controller api.Controllers.QuizAPIController (api).
2025-11-05 11:01:29.458 +01:00 [INF] Executing OkObjectResult, writing value of type 'api.Models.Quiz'.
2025-11-05 11:01:29.459 +01:00 [INF] Executed action api.Controllers.QuizAPIController.GetQuiz (api) in 2.6788ms
2025-11-05 11:01:29.459 +01:00 [INF] Executed endpoint 'api.Controllers.QuizAPIController.GetQuiz (api)'
2025-11-05 11:01:29.459 +01:00 [INF] Request finished HTTP/1.1 GET http://localhost:5082/api/quizapi/7 - 200 1380 application/json; charset=utf-8 3.4861ms
2025-11-05 11:01:31.221 +01:00 [INF] Request starting HTTP/1.1 GET http://localhost:5082/api/quizapi/quizlist - null null
2025-11-05 11:01:31.222 +01:00 [INF] CORS policy execution successful.
2025-11-05 11:01:31.222 +01:00 [INF] Executing endpoint 'api.Controllers.QuizAPIController.QuizList (api)'
2025-11-05 11:01:31.222 +01:00 [INF] Route matched with {action = "QuizList", controller = "QuizAPI"}. Executing controller action with signature System.Threading.Tasks.Task`1[Microsoft.AspNetCore.Mvc.IActionResult] QuizList() on controller api.Controllers.QuizAPIController (api).
2025-11-05 11:01:31.230 +01:00 [INF] Executing OkObjectResult, writing value of type 'System.Linq.Enumerable+SelectListIterator`2[[api.Models.Quiz, api, Version=1.0.0.0, Culture=neutral, PublicKeyToken=null],[api.DTOs.QuizDto, api, Version=1.0.0.0, Culture=neutral, PublicKeyToken=null]]'.
2025-11-05 11:01:31.230 +01:00 [INF] Executed action api.Controllers.QuizAPIController.QuizList (api) in 8.1916ms
2025-11-05 11:01:31.231 +01:00 [INF] Executed endpoint 'api.Controllers.QuizAPIController.QuizList (api)'
2025-11-05 11:01:31.231 +01:00 [INF] Request finished HTTP/1.1 GET http://localhost:5082/api/quizapi/quizlist - 200 284 application/json; charset=utf-8 9.4406ms
2025-11-05 11:01:31.235 +01:00 [INF] Request starting HTTP/1.1 GET http://localhost:5082/api/quizapi/quizlist - null null
2025-11-05 11:01:31.236 +01:00 [INF] CORS policy execution successful.
2025-11-05 11:01:31.236 +01:00 [INF] Executing endpoint 'api.Controllers.QuizAPIController.QuizList (api)'
2025-11-05 11:01:31.236 +01:00 [INF] Route matched with {action = "QuizList", controller = "QuizAPI"}. Executing controller action with signature System.Threading.Tasks.Task`1[Microsoft.AspNetCore.Mvc.IActionResult] QuizList() on controller api.Controllers.QuizAPIController (api).
2025-11-05 11:01:31.245 +01:00 [INF] Executing OkObjectResult, writing value of type 'System.Linq.Enumerable+SelectListIterator`2[[api.Models.Quiz, api, Version=1.0.0.0, Culture=neutral, PublicKeyToken=null],[api.DTOs.QuizDto, api, Version=1.0.0.0, Culture=neutral, PublicKeyToken=null]]'.
2025-11-05 11:01:31.245 +01:00 [INF] Executed action api.Controllers.QuizAPIController.QuizList (api) in 8.9799ms
2025-11-05 11:01:31.245 +01:00 [INF] Executed endpoint 'api.Controllers.QuizAPIController.QuizList (api)'
2025-11-05 11:01:31.246 +01:00 [INF] Request finished HTTP/1.1 GET http://localhost:5082/api/quizapi/quizlist - 200 284 application/json; charset=utf-8 10.2849ms
2025-11-05 11:01:33.729 +01:00 [INF] Request starting HTTP/1.1 GET http://localhost:5082/api/takequizapi/takequizlist - null null
2025-11-05 11:01:33.729 +01:00 [INF] CORS policy execution successful.
2025-11-05 11:01:33.730 +01:00 [INF] Executing endpoint 'api.Controllers.TakeQuizApiController.GetAllQuizzes (api)'
2025-11-05 11:01:33.738 +01:00 [INF] Route matched with {action = "GetAllQuizzes", controller = "TakeQuizApi"}. Executing controller action with signature System.Threading.Tasks.Task`1[Microsoft.AspNetCore.Mvc.IActionResult] GetAllQuizzes() on controller api.Controllers.TakeQuizApiController (api).
2025-11-05 11:01:33.748 +01:00 [INF] Executing OkObjectResult, writing value of type 'System.Collections.Generic.List`1[[api.DTOs.QuizDto, api, Version=1.0.0.0, Culture=neutral, PublicKeyToken=null]]'.
2025-11-05 11:01:33.749 +01:00 [INF] Executed action api.Controllers.TakeQuizApiController.GetAllQuizzes (api) in 10.6261ms
2025-11-05 11:01:33.749 +01:00 [INF] Executed endpoint 'api.Controllers.TakeQuizApiController.GetAllQuizzes (api)'
2025-11-05 11:01:33.749 +01:00 [INF] Request finished HTTP/1.1 GET http://localhost:5082/api/takequizapi/takequizlist - 200 284 application/json; charset=utf-8 22.9748ms
2025-11-05 11:01:33.752 +01:00 [INF] Request starting HTTP/1.1 GET http://localhost:5082/api/takequizapi/takequizlist - null null
2025-11-05 11:01:33.755 +01:00 [INF] CORS policy execution successful.
2025-11-05 11:01:33.755 +01:00 [INF] Executing endpoint 'api.Controllers.TakeQuizApiController.GetAllQuizzes (api)'
2025-11-05 11:01:33.755 +01:00 [INF] Route matched with {action = "GetAllQuizzes", controller = "TakeQuizApi"}. Executing controller action with signature System.Threading.Tasks.Task`1[Microsoft.AspNetCore.Mvc.IActionResult] GetAllQuizzes() on controller api.Controllers.TakeQuizApiController (api).
2025-11-05 11:01:33.764 +01:00 [INF] Executing OkObjectResult, writing value of type 'System.Collections.Generic.List`1[[api.DTOs.QuizDto, api, Version=1.0.0.0, Culture=neutral, PublicKeyToken=null]]'.
2025-11-05 11:01:33.764 +01:00 [INF] Executed action api.Controllers.TakeQuizApiController.GetAllQuizzes (api) in 9.4521ms
2025-11-05 11:01:33.765 +01:00 [INF] Executed endpoint 'api.Controllers.TakeQuizApiController.GetAllQuizzes (api)'
2025-11-05 11:01:33.765 +01:00 [INF] Request finished HTTP/1.1 GET http://localhost:5082/api/takequizapi/takequizlist - 200 284 application/json; charset=utf-8 12.9917ms
2025-11-05 11:01:34.990 +01:00 [INF] Request starting HTTP/1.1 GET http://localhost:5082/api/takequizapi/2 - null null
2025-11-05 11:01:34.990 +01:00 [INF] CORS policy execution successful.
2025-11-05 11:01:34.990 +01:00 [INF] Executing endpoint 'api.Controllers.TakeQuizApiController.GetQuiz (api)'
2025-11-05 11:01:35.000 +01:00 [INF] Route matched with {action = "GetQuiz", controller = "TakeQuizApi"}. Executing controller action with signature System.Threading.Tasks.Task`1[Microsoft.AspNetCore.Mvc.IActionResult] GetQuiz(Int32) on controller api.Controllers.TakeQuizApiController (api).
2025-11-05 11:01:35.006 +01:00 [INF] Executing OkObjectResult, writing value of type 'api.DTOs.QuizDto'.
2025-11-05 11:01:35.010 +01:00 [INF] Executed action api.Controllers.TakeQuizApiController.GetQuiz (api) in 9.872ms
2025-11-05 11:01:35.010 +01:00 [INF] Executed endpoint 'api.Controllers.TakeQuizApiController.GetQuiz (api)'
2025-11-05 11:01:35.010 +01:00 [INF] Request finished HTTP/1.1 GET http://localhost:5082/api/takequizapi/2 - 200 870 application/json; charset=utf-8 20.9034ms
2025-11-05 11:01:35.013 +01:00 [INF] Request starting HTTP/1.1 GET http://localhost:5082/api/takequizapi/2 - null null
2025-11-05 11:01:35.013 +01:00 [INF] CORS policy execution successful.
2025-11-05 11:01:35.014 +01:00 [INF] Executing endpoint 'api.Controllers.TakeQuizApiController.GetQuiz (api)'
2025-11-05 11:01:35.014 +01:00 [INF] Route matched with {action = "GetQuiz", controller = "TakeQuizApi"}. Executing controller action with signature System.Threading.Tasks.Task`1[Microsoft.AspNetCore.Mvc.IActionResult] GetQuiz(Int32) on controller api.Controllers.TakeQuizApiController (api).
2025-11-05 11:01:35.017 +01:00 [INF] Executing OkObjectResult, writing value of type 'api.DTOs.QuizDto'.
2025-11-05 11:01:35.017 +01:00 [INF] Executed action api.Controllers.TakeQuizApiController.GetQuiz (api) in 2.8498ms
2025-11-05 11:01:35.017 +01:00 [INF] Executed endpoint 'api.Controllers.TakeQuizApiController.GetQuiz (api)'
2025-11-05 11:01:35.017 +01:00 [INF] Request finished HTTP/1.1 GET http://localhost:5082/api/takequizapi/2 - 200 870 application/json; charset=utf-8 4.4182ms
2025-11-05 11:01:41.836 +01:00 [INF] Request starting HTTP/1.1 OPTIONS http://localhost:5082/api/takequizapi/submit - null null
2025-11-05 11:01:41.836 +01:00 [INF] CORS policy execution successful.
2025-11-05 11:01:41.837 +01:00 [INF] Request finished HTTP/1.1 OPTIONS http://localhost:5082/api/takequizapi/submit - 204 null null 0.6811ms
2025-11-05 11:01:41.838 +01:00 [INF] Request starting HTTP/1.1 POST http://localhost:5082/api/takequizapi/submit - application/json 66
2025-11-05 11:01:41.839 +01:00 [INF] CORS policy execution successful.
2025-11-05 11:01:41.839 +01:00 [INF] Executing endpoint 'api.Controllers.TakeQuizApiController.Submit (api)'
2025-11-05 11:01:41.844 +01:00 [INF] Route matched with {action = "Submit", controller = "TakeQuizApi"}. Executing controller action with signature System.Threading.Tasks.Task`1[Microsoft.AspNetCore.Mvc.IActionResult] Submit(api.DTOs.QuizSubmissionDto) on controller api.Controllers.TakeQuizApiController (api).
2025-11-05 11:01:41.867 +01:00 [INF] Executing OkObjectResult, writing value of type '<>f__AnonymousType3`1[[System.Int32, System.Private.CoreLib, Version=8.0.0.0, Culture=neutral, PublicKeyToken=7cec85d7bea7798e]]'.
2025-11-05 11:01:41.869 +01:00 [INF] Executed action api.Controllers.TakeQuizApiController.Submit (api) in 24.163ms
2025-11-05 11:01:41.869 +01:00 [INF] Executed endpoint 'api.Controllers.TakeQuizApiController.Submit (api)'
2025-11-05 11:01:41.869 +01:00 [INF] Request finished HTTP/1.1 POST http://localhost:5082/api/takequizapi/submit - 200 11 application/json; charset=utf-8 30.5243ms
2025-11-05 11:01:43.443 +01:00 [INF] Request starting HTTP/1.1 GET http://localhost:5082/api/takequizapi/2 - null null
2025-11-05 11:01:43.444 +01:00 [INF] CORS policy execution successful.
2025-11-05 11:01:43.444 +01:00 [INF] Executing endpoint 'api.Controllers.TakeQuizApiController.GetQuiz (api)'
2025-11-05 11:01:43.444 +01:00 [INF] Route matched with {action = "GetQuiz", controller = "TakeQuizApi"}. Executing controller action with signature System.Threading.Tasks.Task`1[Microsoft.AspNetCore.Mvc.IActionResult] GetQuiz(Int32) on controller api.Controllers.TakeQuizApiController (api).
2025-11-05 11:01:43.449 +01:00 [INF] Executing OkObjectResult, writing value of type 'api.DTOs.QuizDto'.
2025-11-05 11:01:43.451 +01:00 [INF] Executed action api.Controllers.TakeQuizApiController.GetQuiz (api) in 6.0418ms
2025-11-05 11:01:43.451 +01:00 [INF] Executed endpoint 'api.Controllers.TakeQuizApiController.GetQuiz (api)'
2025-11-05 11:01:43.451 +01:00 [INF] Request finished HTTP/1.1 GET http://localhost:5082/api/takequizapi/2 - 200 870 application/json; charset=utf-8 8.3613ms
2025-11-05 11:01:43.455 +01:00 [INF] Request starting HTTP/1.1 GET http://localhost:5082/api/takequizapi/2 - null null
2025-11-05 11:01:43.455 +01:00 [INF] CORS policy execution successful.
2025-11-05 11:01:43.455 +01:00 [INF] Executing endpoint 'api.Controllers.TakeQuizApiController.GetQuiz (api)'
2025-11-05 11:01:43.456 +01:00 [INF] Route matched with {action = "GetQuiz", controller = "TakeQuizApi"}. Executing controller action with signature System.Threading.Tasks.Task`1[Microsoft.AspNetCore.Mvc.IActionResult] GetQuiz(Int32) on controller api.Controllers.TakeQuizApiController (api).
2025-11-05 11:01:43.460 +01:00 [INF] Executing OkObjectResult, writing value of type 'api.DTOs.QuizDto'.
2025-11-05 11:01:43.461 +01:00 [INF] Executed action api.Controllers.TakeQuizApiController.GetQuiz (api) in 4.8885ms
2025-11-05 11:01:43.461 +01:00 [INF] Executed endpoint 'api.Controllers.TakeQuizApiController.GetQuiz (api)'
2025-11-05 11:01:43.461 +01:00 [INF] Request finished HTTP/1.1 GET http://localhost:5082/api/takequizapi/2 - 200 870 application/json; charset=utf-8 6.1846ms
2025-11-05 11:01:45.522 +01:00 [INF] Request starting HTTP/1.1 GET http://localhost:5082/api/takequizapi/takequizlist - null null
2025-11-05 11:01:45.522 +01:00 [INF] CORS policy execution successful.
2025-11-05 11:01:45.522 +01:00 [INF] Executing endpoint 'api.Controllers.TakeQuizApiController.GetAllQuizzes (api)'
2025-11-05 11:01:45.522 +01:00 [INF] Route matched with {action = "GetAllQuizzes", controller = "TakeQuizApi"}. Executing controller action with signature System.Threading.Tasks.Task`1[Microsoft.AspNetCore.Mvc.IActionResult] GetAllQuizzes() on controller api.Controllers.TakeQuizApiController (api).
2025-11-05 11:01:45.529 +01:00 [INF] Executing OkObjectResult, writing value of type 'System.Collections.Generic.List`1[[api.DTOs.QuizDto, api, Version=1.0.0.0, Culture=neutral, PublicKeyToken=null]]'.
2025-11-05 11:01:45.529 +01:00 [INF] Executed action api.Controllers.TakeQuizApiController.GetAllQuizzes (api) in 6.6171ms
2025-11-05 11:01:45.529 +01:00 [INF] Executed endpoint 'api.Controllers.TakeQuizApiController.GetAllQuizzes (api)'
2025-11-05 11:01:45.529 +01:00 [INF] Request finished HTTP/1.1 GET http://localhost:5082/api/takequizapi/takequizlist - 200 284 application/json; charset=utf-8 7.4722ms
2025-11-05 11:01:45.534 +01:00 [INF] Request starting HTTP/1.1 GET http://localhost:5082/api/takequizapi/takequizlist - null null
2025-11-05 11:01:45.534 +01:00 [INF] CORS policy execution successful.
2025-11-05 11:01:45.534 +01:00 [INF] Executing endpoint 'api.Controllers.TakeQuizApiController.GetAllQuizzes (api)'
2025-11-05 11:01:45.534 +01:00 [INF] Route matched with {action = "GetAllQuizzes", controller = "TakeQuizApi"}. Executing controller action with signature System.Threading.Tasks.Task`1[Microsoft.AspNetCore.Mvc.IActionResult] GetAllQuizzes() on controller api.Controllers.TakeQuizApiController (api).
2025-11-05 11:01:45.538 +01:00 [INF] Executing OkObjectResult, writing value of type 'System.Collections.Generic.List`1[[api.DTOs.QuizDto, api, Version=1.0.0.0, Culture=neutral, PublicKeyToken=null]]'.
2025-11-05 11:01:45.539 +01:00 [INF] Executed action api.Controllers.TakeQuizApiController.GetAllQuizzes (api) in 4.1531ms
2025-11-05 11:01:45.539 +01:00 [INF] Executed endpoint 'api.Controllers.TakeQuizApiController.GetAllQuizzes (api)'
2025-11-05 11:01:45.539 +01:00 [INF] Request finished HTTP/1.1 GET http://localhost:5082/api/takequizapi/takequizlist - 200 284 application/json; charset=utf-8 5.3959ms
2025-11-05 11:01:48.585 +01:00 [INF] Request starting HTTP/1.1 GET http://localhost:5082/api/quizapi/quizlist - null null
2025-11-05 11:01:48.585 +01:00 [INF] CORS policy execution successful.
2025-11-05 11:01:48.585 +01:00 [INF] Executing endpoint 'api.Controllers.QuizAPIController.QuizList (api)'
2025-11-05 11:01:48.586 +01:00 [INF] Route matched with {action = "QuizList", controller = "QuizAPI"}. Executing controller action with signature System.Threading.Tasks.Task`1[Microsoft.AspNetCore.Mvc.IActionResult] QuizList() on controller api.Controllers.QuizAPIController (api).
2025-11-05 11:01:48.589 +01:00 [INF] Executing OkObjectResult, writing value of type 'System.Linq.Enumerable+SelectListIterator`2[[api.Models.Quiz, api, Version=1.0.0.0, Culture=neutral, PublicKeyToken=null],[api.DTOs.QuizDto, api, Version=1.0.0.0, Culture=neutral, PublicKeyToken=null]]'.
2025-11-05 11:01:48.590 +01:00 [INF] Executed action api.Controllers.QuizAPIController.QuizList (api) in 4.3119ms
2025-11-05 11:01:48.590 +01:00 [INF] Executed endpoint 'api.Controllers.QuizAPIController.QuizList (api)'
2025-11-05 11:01:48.590 +01:00 [INF] Request finished HTTP/1.1 GET http://localhost:5082/api/quizapi/quizlist - 200 284 application/json; charset=utf-8 5.4627ms
2025-11-05 11:01:48.595 +01:00 [INF] Request starting HTTP/1.1 GET http://localhost:5082/api/quizapi/quizlist - null null
2025-11-05 11:01:48.595 +01:00 [INF] CORS policy execution successful.
2025-11-05 11:01:48.596 +01:00 [INF] Executing endpoint 'api.Controllers.QuizAPIController.QuizList (api)'
2025-11-05 11:01:48.596 +01:00 [INF] Route matched with {action = "QuizList", controller = "QuizAPI"}. Executing controller action with signature System.Threading.Tasks.Task`1[Microsoft.AspNetCore.Mvc.IActionResult] QuizList() on controller api.Controllers.QuizAPIController (api).
2025-11-05 11:01:48.601 +01:00 [INF] Executing OkObjectResult, writing value of type 'System.Linq.Enumerable+SelectListIterator`2[[api.Models.Quiz, api, Version=1.0.0.0, Culture=neutral, PublicKeyToken=null],[api.DTOs.QuizDto, api, Version=1.0.0.0, Culture=neutral, PublicKeyToken=null]]'.
2025-11-05 11:01:48.606 +01:00 [INF] Executed action api.Controllers.QuizAPIController.QuizList (api) in 8.39ms
2025-11-05 11:01:48.607 +01:00 [INF] Executed endpoint 'api.Controllers.QuizAPIController.QuizList (api)'
2025-11-05 11:01:48.607 +01:00 [INF] Request finished HTTP/1.1 GET http://localhost:5082/api/quizapi/quizlist - 200 284 application/json; charset=utf-8 12.3787ms
2025-11-05 11:02:32.568 +01:00 [INF] Application is shutting down...
