2025-10-28 14:12:49.074 +01:00 [INF] Now listening on: http://localhost:5082
2025-10-28 14:12:49.088 +01:00 [INF] Application started. Press Ctrl+C to shut down.
2025-10-28 14:12:49.090 +01:00 [INF] Hosting environment: Development
2025-10-28 14:12:49.090 +01:00 [INF] Content root path: C:\Users\Admin\OneDrive - OsloMet\FinalExamITPE3200\EXAMFAM\api
2025-10-28 14:12:49.248 +01:00 [INF] Request starting HTTP/1.1 GET http://localhost:5082/api/quizapi/quizlist - null null
2025-10-28 14:12:49.323 +01:00 [INF] CORS policy execution successful.
2025-10-28 14:12:49.327 +01:00 [INF] Executing endpoint 'api.Controllers.QuizAPIController.QuizList (api)'
2025-10-28 14:12:49.367 +01:00 [INF] Route matched with {action = "QuizList", controller = "QuizAPI"}. Executing controller action with signature System.Threading.Tasks.Task`1[Microsoft.AspNetCore.Mvc.IActionResult] QuizList() on controller api.Controllers.QuizAPIController (api).
2025-10-28 14:12:50.444 +01:00 [WRN] Compiling a query which loads related collections for more than one collection navigation, either via 'Include' or through projection, but no 'QuerySplittingBehavior' has been configured. By default, Entity Framework will use 'QuerySplittingBehavior.SingleQuery', which can potentially result in slow query performance. See https://go.microsoft.com/fwlink/?linkid=2134277 for more information. To identify the query that's triggering this warning call 'ConfigureWarnings(w => w.Throw(RelationalEventId.MultipleCollectionIncludeWarning))'.
2025-10-28 14:12:50.651 +01:00 [INF] Executing OkObjectResult, writing value of type 'System.Linq.Enumerable+SelectListIterator`2[[api.Models.Quiz, api, Version=1.0.0.0, Culture=neutral, PublicKeyToken=null],[api.DTOs.QuizDto, api, Version=1.0.0.0, Culture=neutral, PublicKeyToken=null]]'.
2025-10-28 14:12:56.143 +01:00 [INF] Executed action api.Controllers.QuizAPIController.QuizList (api) in 6771.2908ms
2025-10-28 14:12:56.144 +01:00 [INF] Executed endpoint 'api.Controllers.QuizAPIController.QuizList (api)'
2025-10-28 14:12:56.153 +01:00 [INF] Request finished HTTP/1.1 GET http://localhost:5082/api/quizapi/quizlist - 200 161 application/json; charset=utf-8 6907.8079ms
2025-10-28 14:12:56.156 +01:00 [INF] Request starting HTTP/1.1 GET http://localhost:5082/api/quizapi/quizlist - null null
2025-10-28 14:12:56.164 +01:00 [INF] CORS policy execution successful.
2025-10-28 14:12:56.165 +01:00 [INF] Executing endpoint 'api.Controllers.QuizAPIController.QuizList (api)'
2025-10-28 14:12:56.165 +01:00 [INF] Route matched with {action = "QuizList", controller = "QuizAPI"}. Executing controller action with signature System.Threading.Tasks.Task`1[Microsoft.AspNetCore.Mvc.IActionResult] QuizList() on controller api.Controllers.QuizAPIController (api).
2025-10-28 14:12:56.196 +01:00 [INF] Executing OkObjectResult, writing value of type 'System.Linq.Enumerable+SelectListIterator`2[[api.Models.Quiz, api, Version=1.0.0.0, Culture=neutral, PublicKeyToken=null],[api.DTOs.QuizDto, api, Version=1.0.0.0, Culture=neutral, PublicKeyToken=null]]'.
2025-10-28 14:12:56.199 +01:00 [INF] Executed action api.Controllers.QuizAPIController.QuizList (api) in 33.9228ms
2025-10-28 14:12:56.199 +01:00 [INF] Executed endpoint 'api.Controllers.QuizAPIController.QuizList (api)'
2025-10-28 14:12:56.200 +01:00 [INF] Request finished HTTP/1.1 GET http://localhost:5082/api/quizapi/quizlist - 200 161 application/json; charset=utf-8 43.999ms
2025-10-28 14:12:57.726 +01:00 [INF] Request starting HTTP/1.1 GET http://localhost:5082/api/quizapi/3 - null null
2025-10-28 14:12:57.729 +01:00 [INF] CORS policy execution successful.
2025-10-28 14:12:57.729 +01:00 [INF] Executing endpoint 'api.Controllers.QuizAPIController.GetQuiz (api)'
2025-10-28 14:12:57.742 +01:00 [INF] Route matched with {action = "GetQuiz", controller = "QuizAPI"}. Executing controller action with signature System.Threading.Tasks.Task`1[Microsoft.AspNetCore.Mvc.IActionResult] GetQuiz(Int32) on controller api.Controllers.QuizAPIController (api).
2025-10-28 14:12:57.832 +01:00 [WRN] Compiling a query which loads related collections for more than one collection navigation, either via 'Include' or through projection, but no 'QuerySplittingBehavior' has been configured. By default, Entity Framework will use 'QuerySplittingBehavior.SingleQuery', which can potentially result in slow query performance. See https://go.microsoft.com/fwlink/?linkid=2134277 for more information. To identify the query that's triggering this warning call 'ConfigureWarnings(w => w.Throw(RelationalEventId.MultipleCollectionIncludeWarning))'.
2025-10-28 14:12:57.852 +01:00 [INF] Executing OkObjectResult, writing value of type 'api.DTOs.QuizDto'.
2025-10-28 14:12:57.860 +01:00 [INF] Executed action api.Controllers.QuizAPIController.GetQuiz (api) in 118.2586ms
2025-10-28 14:12:57.860 +01:00 [INF] Executed endpoint 'api.Controllers.QuizAPIController.GetQuiz (api)'
2025-10-28 14:12:57.861 +01:00 [INF] Request finished HTTP/1.1 GET http://localhost:5082/api/quizapi/3 - 200 1183 application/json; charset=utf-8 134.9202ms
2025-10-28 14:12:57.863 +01:00 [INF] Request starting HTTP/1.1 GET http://localhost:5082/api/quizapi/3 - null null
2025-10-28 14:12:57.863 +01:00 [INF] CORS policy execution successful.
2025-10-28 14:12:57.864 +01:00 [INF] Executing endpoint 'api.Controllers.QuizAPIController.GetQuiz (api)'
2025-10-28 14:12:57.864 +01:00 [INF] Route matched with {action = "GetQuiz", controller = "QuizAPI"}. Executing controller action with signature System.Threading.Tasks.Task`1[Microsoft.AspNetCore.Mvc.IActionResult] GetQuiz(Int32) on controller api.Controllers.QuizAPIController (api).
2025-10-28 14:12:57.870 +01:00 [INF] Executing OkObjectResult, writing value of type 'api.DTOs.QuizDto'.
2025-10-28 14:12:57.871 +01:00 [INF] Executed action api.Controllers.QuizAPIController.GetQuiz (api) in 7.5923ms
2025-10-28 14:12:57.872 +01:00 [INF] Executed endpoint 'api.Controllers.QuizAPIController.GetQuiz (api)'
2025-10-28 14:12:57.872 +01:00 [INF] Request finished HTTP/1.1 GET http://localhost:5082/api/quizapi/3 - 200 1183 application/json; charset=utf-8 9.2444ms
2025-10-28 14:13:00.593 +01:00 [INF] Request starting HTTP/1.1 GET http://localhost:5082/api/quizapi/quizlist - null null
2025-10-28 14:13:00.593 +01:00 [INF] CORS policy execution successful.
2025-10-28 14:13:00.594 +01:00 [INF] Executing endpoint 'api.Controllers.QuizAPIController.QuizList (api)'
2025-10-28 14:13:00.594 +01:00 [INF] Route matched with {action = "QuizList", controller = "QuizAPI"}. Executing controller action with signature System.Threading.Tasks.Task`1[Microsoft.AspNetCore.Mvc.IActionResult] QuizList() on controller api.Controllers.QuizAPIController (api).
2025-10-28 14:13:00.597 +01:00 [INF] Executing OkObjectResult, writing value of type 'System.Linq.Enumerable+SelectListIterator`2[[api.Models.Quiz, api, Version=1.0.0.0, Culture=neutral, PublicKeyToken=null],[api.DTOs.QuizDto, api, Version=1.0.0.0, Culture=neutral, PublicKeyToken=null]]'.
2025-10-28 14:13:00.598 +01:00 [INF] Executed action api.Controllers.QuizAPIController.QuizList (api) in 4.0919ms
2025-10-28 14:13:00.598 +01:00 [INF] Executed endpoint 'api.Controllers.QuizAPIController.QuizList (api)'
2025-10-28 14:13:00.598 +01:00 [INF] Request finished HTTP/1.1 GET http://localhost:5082/api/quizapi/quizlist - 200 161 application/json; charset=utf-8 5.2224ms
2025-10-28 14:13:00.600 +01:00 [INF] Request starting HTTP/1.1 GET http://localhost:5082/api/quizapi/quizlist - null null
2025-10-28 14:13:00.601 +01:00 [INF] CORS policy execution successful.
2025-10-28 14:13:00.601 +01:00 [INF] Executing endpoint 'api.Controllers.QuizAPIController.QuizList (api)'
2025-10-28 14:13:00.601 +01:00 [INF] Route matched with {action = "QuizList", controller = "QuizAPI"}. Executing controller action with signature System.Threading.Tasks.Task`1[Microsoft.AspNetCore.Mvc.IActionResult] QuizList() on controller api.Controllers.QuizAPIController (api).
2025-10-28 14:13:00.605 +01:00 [INF] Executing OkObjectResult, writing value of type 'System.Linq.Enumerable+SelectListIterator`2[[api.Models.Quiz, api, Version=1.0.0.0, Culture=neutral, PublicKeyToken=null],[api.DTOs.QuizDto, api, Version=1.0.0.0, Culture=neutral, PublicKeyToken=null]]'.
2025-10-28 14:13:00.607 +01:00 [INF] Executed action api.Controllers.QuizAPIController.QuizList (api) in 5.8152ms
2025-10-28 14:13:00.607 +01:00 [INF] Executed endpoint 'api.Controllers.QuizAPIController.QuizList (api)'
2025-10-28 14:13:00.608 +01:00 [INF] Request finished HTTP/1.1 GET http://localhost:5082/api/quizapi/quizlist - 200 161 application/json; charset=utf-8 7.3231ms
2025-10-28 14:13:03.112 +01:00 [INF] Request starting HTTP/1.1 GET http://localhost:5082/api/quizapi/3 - null null
2025-10-28 14:13:03.113 +01:00 [INF] CORS policy execution successful.
2025-10-28 14:13:03.114 +01:00 [INF] Executing endpoint 'api.Controllers.QuizAPIController.GetQuiz (api)'
2025-10-28 14:13:03.114 +01:00 [INF] Route matched with {action = "GetQuiz", controller = "QuizAPI"}. Executing controller action with signature System.Threading.Tasks.Task`1[Microsoft.AspNetCore.Mvc.IActionResult] GetQuiz(Int32) on controller api.Controllers.QuizAPIController (api).
2025-10-28 14:13:03.116 +01:00 [INF] Executing OkObjectResult, writing value of type 'api.DTOs.QuizDto'.
2025-10-28 14:13:03.117 +01:00 [INF] Executed action api.Controllers.QuizAPIController.GetQuiz (api) in 3.2056ms
2025-10-28 14:13:03.117 +01:00 [INF] Executed endpoint 'api.Controllers.QuizAPIController.GetQuiz (api)'
2025-10-28 14:13:03.117 +01:00 [INF] Request finished HTTP/1.1 GET http://localhost:5082/api/quizapi/3 - 200 1183 application/json; charset=utf-8 5.0171ms
2025-10-28 14:13:03.119 +01:00 [INF] Request starting HTTP/1.1 GET http://localhost:5082/api/quizapi/3 - null null
2025-10-28 14:13:03.119 +01:00 [INF] CORS policy execution successful.
2025-10-28 14:13:03.119 +01:00 [INF] Executing endpoint 'api.Controllers.QuizAPIController.GetQuiz (api)'
2025-10-28 14:13:03.119 +01:00 [INF] Route matched with {action = "GetQuiz", controller = "QuizAPI"}. Executing controller action with signature System.Threading.Tasks.Task`1[Microsoft.AspNetCore.Mvc.IActionResult] GetQuiz(Int32) on controller api.Controllers.QuizAPIController (api).
2025-10-28 14:13:03.121 +01:00 [INF] Executing OkObjectResult, writing value of type 'api.DTOs.QuizDto'.
2025-10-28 14:13:03.122 +01:00 [INF] Executed action api.Controllers.QuizAPIController.GetQuiz (api) in 2.8987ms
2025-10-28 14:13:03.122 +01:00 [INF] Executed endpoint 'api.Controllers.QuizAPIController.GetQuiz (api)'
2025-10-28 14:13:03.122 +01:00 [INF] Request finished HTTP/1.1 GET http://localhost:5082/api/quizapi/3 - 200 1183 application/json; charset=utf-8 3.6939ms
2025-10-28 14:13:23.933 +01:00 [INF] Request starting HTTP/1.1 OPTIONS http://localhost:5082/api/quizapi/update/3 - null null
2025-10-28 14:13:23.936 +01:00 [INF] CORS policy execution successful.
2025-10-28 14:13:23.939 +01:00 [INF] Request finished HTTP/1.1 OPTIONS http://localhost:5082/api/quizapi/update/3 - 204 null null 5.8044ms
2025-10-28 14:13:23.944 +01:00 [INF] Request starting HTTP/1.1 PUT http://localhost:5082/api/quizapi/update/3 - application/json 918
2025-10-28 14:13:23.945 +01:00 [INF] CORS policy execution successful.
2025-10-28 14:13:23.945 +01:00 [INF] Executing endpoint 'api.Controllers.QuizAPIController.Update (api)'
2025-10-28 14:13:23.955 +01:00 [INF] Route matched with {action = "Update", controller = "QuizAPI"}. Executing controller action with signature System.Threading.Tasks.Task`1[Microsoft.AspNetCore.Mvc.IActionResult] Update(Int32, api.DTOs.QuizDto) on controller api.Controllers.QuizAPIController (api).
2025-10-28 14:13:24.261 +01:00 [INF] Executing OkObjectResult, writing value of type 'api.Models.Quiz'.
2025-10-28 14:13:24.265 +01:00 [INF] Executed action api.Controllers.QuizAPIController.Update (api) in 309.9503ms
2025-10-28 14:13:24.265 +01:00 [INF] Executed endpoint 'api.Controllers.QuizAPIController.Update (api)'
2025-10-28 14:13:24.265 +01:00 [INF] Request finished HTTP/1.1 PUT http://localhost:5082/api/quizapi/update/3 - 200 1656 application/json; charset=utf-8 320.9034ms
2025-10-28 14:13:24.310 +01:00 [INF] Request starting HTTP/1.1 GET http://localhost:5082/api/quizapi/quizlist - null null
2025-10-28 14:13:24.310 +01:00 [INF] CORS policy execution successful.
2025-10-28 14:13:24.311 +01:00 [INF] Executing endpoint 'api.Controllers.QuizAPIController.QuizList (api)'
2025-10-28 14:13:24.311 +01:00 [INF] Route matched with {action = "QuizList", controller = "QuizAPI"}. Executing controller action with signature System.Threading.Tasks.Task`1[Microsoft.AspNetCore.Mvc.IActionResult] QuizList() on controller api.Controllers.QuizAPIController (api).
2025-10-28 14:13:24.313 +01:00 [INF] Executing OkObjectResult, writing value of type 'System.Linq.Enumerable+SelectListIterator`2[[api.Models.Quiz, api, Version=1.0.0.0, Culture=neutral, PublicKeyToken=null],[api.DTOs.QuizDto, api, Version=1.0.0.0, Culture=neutral, PublicKeyToken=null]]'.
2025-10-28 14:13:24.313 +01:00 [INF] Executed action api.Controllers.QuizAPIController.QuizList (api) in 2.1948ms
2025-10-28 14:13:24.313 +01:00 [INF] Executed endpoint 'api.Controllers.QuizAPIController.QuizList (api)'
2025-10-28 14:13:24.313 +01:00 [INF] Request finished HTTP/1.1 GET http://localhost:5082/api/quizapi/quizlist - 200 161 application/json; charset=utf-8 3.0521ms
2025-10-28 14:13:24.316 +01:00 [INF] Request starting HTTP/1.1 GET http://localhost:5082/api/quizapi/quizlist - null null
2025-10-28 14:13:24.316 +01:00 [INF] CORS policy execution successful.
2025-10-28 14:13:24.316 +01:00 [INF] Executing endpoint 'api.Controllers.QuizAPIController.QuizList (api)'
2025-10-28 14:13:24.316 +01:00 [INF] Route matched with {action = "QuizList", controller = "QuizAPI"}. Executing controller action with signature System.Threading.Tasks.Task`1[Microsoft.AspNetCore.Mvc.IActionResult] QuizList() on controller api.Controllers.QuizAPIController (api).
2025-10-28 14:13:24.318 +01:00 [INF] Executing OkObjectResult, writing value of type 'System.Linq.Enumerable+SelectListIterator`2[[api.Models.Quiz, api, Version=1.0.0.0, Culture=neutral, PublicKeyToken=null],[api.DTOs.QuizDto, api, Version=1.0.0.0, Culture=neutral, PublicKeyToken=null]]'.
2025-10-28 14:13:24.319 +01:00 [INF] Executed action api.Controllers.QuizAPIController.QuizList (api) in 2.355ms
2025-10-28 14:13:24.319 +01:00 [INF] Executed endpoint 'api.Controllers.QuizAPIController.QuizList (api)'
2025-10-28 14:13:24.319 +01:00 [INF] Request finished HTTP/1.1 GET http://localhost:5082/api/quizapi/quizlist - 200 161 application/json; charset=utf-8 3.1641ms
2025-10-28 14:13:26.380 +01:00 [INF] Request starting HTTP/1.1 GET http://localhost:5082/api/quizapi/3 - null null
2025-10-28 14:13:26.380 +01:00 [INF] CORS policy execution successful.
2025-10-28 14:13:26.380 +01:00 [INF] Executing endpoint 'api.Controllers.QuizAPIController.GetQuiz (api)'
2025-10-28 14:13:26.381 +01:00 [INF] Route matched with {action = "GetQuiz", controller = "QuizAPI"}. Executing controller action with signature System.Threading.Tasks.Task`1[Microsoft.AspNetCore.Mvc.IActionResult] GetQuiz(Int32) on controller api.Controllers.QuizAPIController (api).
2025-10-28 14:13:26.383 +01:00 [INF] Executing OkObjectResult, writing value of type 'api.DTOs.QuizDto'.
2025-10-28 14:13:26.383 +01:00 [INF] Executed action api.Controllers.QuizAPIController.GetQuiz (api) in 2.7157ms
2025-10-28 14:13:26.383 +01:00 [INF] Executed endpoint 'api.Controllers.QuizAPIController.GetQuiz (api)'
2025-10-28 14:13:26.384 +01:00 [INF] Request finished HTTP/1.1 GET http://localhost:5082/api/quizapi/3 - 200 1345 application/json; charset=utf-8 3.5518ms
2025-10-28 14:13:26.385 +01:00 [INF] Request starting HTTP/1.1 GET http://localhost:5082/api/quizapi/3 - null null
2025-10-28 14:13:26.385 +01:00 [INF] CORS policy execution successful.
2025-10-28 14:13:26.386 +01:00 [INF] Executing endpoint 'api.Controllers.QuizAPIController.GetQuiz (api)'
2025-10-28 14:13:26.386 +01:00 [INF] Route matched with {action = "GetQuiz", controller = "QuizAPI"}. Executing controller action with signature System.Threading.Tasks.Task`1[Microsoft.AspNetCore.Mvc.IActionResult] GetQuiz(Int32) on controller api.Controllers.QuizAPIController (api).
2025-10-28 14:13:26.389 +01:00 [INF] Executing OkObjectResult, writing value of type 'api.DTOs.QuizDto'.
2025-10-28 14:13:26.390 +01:00 [INF] Executed action api.Controllers.QuizAPIController.GetQuiz (api) in 3.7434ms
2025-10-28 14:13:26.390 +01:00 [INF] Executed endpoint 'api.Controllers.QuizAPIController.GetQuiz (api)'
2025-10-28 14:13:26.390 +01:00 [INF] Request finished HTTP/1.1 GET http://localhost:5082/api/quizapi/3 - 200 1345 application/json; charset=utf-8 4.9863ms
2025-10-28 14:13:28.815 +01:00 [INF] Request starting HTTP/1.1 GET http://localhost:5082/api/quizapi/quizlist - null null
2025-10-28 14:13:28.815 +01:00 [INF] CORS policy execution successful.
2025-10-28 14:13:28.816 +01:00 [INF] Executing endpoint 'api.Controllers.QuizAPIController.QuizList (api)'
2025-10-28 14:13:28.816 +01:00 [INF] Route matched with {action = "QuizList", controller = "QuizAPI"}. Executing controller action with signature System.Threading.Tasks.Task`1[Microsoft.AspNetCore.Mvc.IActionResult] QuizList() on controller api.Controllers.QuizAPIController (api).
2025-10-28 14:13:28.818 +01:00 [INF] Executing OkObjectResult, writing value of type 'System.Linq.Enumerable+SelectListIterator`2[[api.Models.Quiz, api, Version=1.0.0.0, Culture=neutral, PublicKeyToken=null],[api.DTOs.QuizDto, api, Version=1.0.0.0, Culture=neutral, PublicKeyToken=null]]'.
2025-10-28 14:13:28.819 +01:00 [INF] Executed action api.Controllers.QuizAPIController.QuizList (api) in 2.8988ms
2025-10-28 14:13:28.819 +01:00 [INF] Executed endpoint 'api.Controllers.QuizAPIController.QuizList (api)'
2025-10-28 14:13:28.819 +01:00 [INF] Request finished HTTP/1.1 GET http://localhost:5082/api/quizapi/quizlist - 200 161 application/json; charset=utf-8 3.9917ms
2025-10-28 14:13:28.822 +01:00 [INF] Request starting HTTP/1.1 GET http://localhost:5082/api/quizapi/quizlist - null null
2025-10-28 14:13:28.823 +01:00 [INF] CORS policy execution successful.
2025-10-28 14:13:28.823 +01:00 [INF] Executing endpoint 'api.Controllers.QuizAPIController.QuizList (api)'
2025-10-28 14:13:28.824 +01:00 [INF] Route matched with {action = "QuizList", controller = "QuizAPI"}. Executing controller action with signature System.Threading.Tasks.Task`1[Microsoft.AspNetCore.Mvc.IActionResult] QuizList() on controller api.Controllers.QuizAPIController (api).
2025-10-28 14:13:28.828 +01:00 [INF] Executing OkObjectResult, writing value of type 'System.Linq.Enumerable+SelectListIterator`2[[api.Models.Quiz, api, Version=1.0.0.0, Culture=neutral, PublicKeyToken=null],[api.DTOs.QuizDto, api, Version=1.0.0.0, Culture=neutral, PublicKeyToken=null]]'.
2025-10-28 14:13:28.829 +01:00 [INF] Executed action api.Controllers.QuizAPIController.QuizList (api) in 5.1823ms
2025-10-28 14:13:28.829 +01:00 [INF] Executed endpoint 'api.Controllers.QuizAPIController.QuizList (api)'
2025-10-28 14:13:28.830 +01:00 [INF] Request finished HTTP/1.1 GET http://localhost:5082/api/quizapi/quizlist - 200 161 application/json; charset=utf-8 7.1939ms
2025-10-28 14:13:31.496 +01:00 [INF] Request starting HTTP/1.1 GET http://localhost:5082/api/quizapi/3 - null null
2025-10-28 14:13:31.496 +01:00 [INF] CORS policy execution successful.
2025-10-28 14:13:31.496 +01:00 [INF] Executing endpoint 'api.Controllers.QuizAPIController.GetQuiz (api)'
2025-10-28 14:13:31.496 +01:00 [INF] Route matched with {action = "GetQuiz", controller = "QuizAPI"}. Executing controller action with signature System.Threading.Tasks.Task`1[Microsoft.AspNetCore.Mvc.IActionResult] GetQuiz(Int32) on controller api.Controllers.QuizAPIController (api).
2025-10-28 14:13:31.498 +01:00 [INF] Executing OkObjectResult, writing value of type 'api.DTOs.QuizDto'.
2025-10-28 14:13:31.499 +01:00 [INF] Executed action api.Controllers.QuizAPIController.GetQuiz (api) in 2.65ms
2025-10-28 14:13:31.499 +01:00 [INF] Executed endpoint 'api.Controllers.QuizAPIController.GetQuiz (api)'
2025-10-28 14:13:31.499 +01:00 [INF] Request finished HTTP/1.1 GET http://localhost:5082/api/quizapi/3 - 200 1345 application/json; charset=utf-8 3.8261ms
2025-10-28 14:13:31.501 +01:00 [INF] Request starting HTTP/1.1 GET http://localhost:5082/api/quizapi/3 - null null
2025-10-28 14:13:31.501 +01:00 [INF] CORS policy execution successful.
2025-10-28 14:13:31.501 +01:00 [INF] Executing endpoint 'api.Controllers.QuizAPIController.GetQuiz (api)'
2025-10-28 14:13:31.502 +01:00 [INF] Route matched with {action = "GetQuiz", controller = "QuizAPI"}. Executing controller action with signature System.Threading.Tasks.Task`1[Microsoft.AspNetCore.Mvc.IActionResult] GetQuiz(Int32) on controller api.Controllers.QuizAPIController (api).
2025-10-28 14:13:31.503 +01:00 [INF] Executing OkObjectResult, writing value of type 'api.DTOs.QuizDto'.
2025-10-28 14:13:31.504 +01:00 [INF] Executed action api.Controllers.QuizAPIController.GetQuiz (api) in 2.2326ms
2025-10-28 14:13:31.504 +01:00 [INF] Executed endpoint 'api.Controllers.QuizAPIController.GetQuiz (api)'
2025-10-28 14:13:31.504 +01:00 [INF] Request finished HTTP/1.1 GET http://localhost:5082/api/quizapi/3 - 200 1345 application/json; charset=utf-8 3.5053ms
2025-10-28 14:13:37.847 +01:00 [INF] Request starting HTTP/1.1 OPTIONS http://localhost:5082/api/quizapi/update/3 - null null
2025-10-28 14:13:37.847 +01:00 [INF] CORS policy execution successful.
2025-10-28 14:13:37.847 +01:00 [INF] Request finished HTTP/1.1 OPTIONS http://localhost:5082/api/quizapi/update/3 - 204 null null 0.6811ms
2025-10-28 14:13:37.849 +01:00 [INF] Request starting HTTP/1.1 PUT http://localhost:5082/api/quizapi/update/3 - application/json 886
2025-10-28 14:13:37.849 +01:00 [INF] CORS policy execution successful.
2025-10-28 14:13:37.850 +01:00 [INF] Executing endpoint 'api.Controllers.QuizAPIController.Update (api)'
2025-10-28 14:13:37.850 +01:00 [INF] Route matched with {action = "Update", controller = "QuizAPI"}. Executing controller action with signature System.Threading.Tasks.Task`1[Microsoft.AspNetCore.Mvc.IActionResult] Update(Int32, api.DTOs.QuizDto) on controller api.Controllers.QuizAPIController (api).
2025-10-28 14:13:37.927 +01:00 [INF] Executing OkObjectResult, writing value of type 'api.Models.Quiz'.
2025-10-28 14:13:37.928 +01:00 [INF] Executed action api.Controllers.QuizAPIController.Update (api) in 78.4982ms
2025-10-28 14:13:37.929 +01:00 [INF] Executed endpoint 'api.Controllers.QuizAPIController.Update (api)'
2025-10-28 14:13:37.929 +01:00 [INF] Request finished HTTP/1.1 PUT http://localhost:5082/api/quizapi/update/3 - 200 1587 application/json; charset=utf-8 79.9646ms
2025-10-28 14:13:37.967 +01:00 [INF] Request starting HTTP/1.1 GET http://localhost:5082/api/quizapi/quizlist - null null
2025-10-28 14:13:37.967 +01:00 [INF] CORS policy execution successful.
2025-10-28 14:13:37.967 +01:00 [INF] Executing endpoint 'api.Controllers.QuizAPIController.QuizList (api)'
2025-10-28 14:13:37.968 +01:00 [INF] Route matched with {action = "QuizList", controller = "QuizAPI"}. Executing controller action with signature System.Threading.Tasks.Task`1[Microsoft.AspNetCore.Mvc.IActionResult] QuizList() on controller api.Controllers.QuizAPIController (api).
2025-10-28 14:13:37.972 +01:00 [INF] Executing OkObjectResult, writing value of type 'System.Linq.Enumerable+SelectListIterator`2[[api.Models.Quiz, api, Version=1.0.0.0, Culture=neutral, PublicKeyToken=null],[api.DTOs.QuizDto, api, Version=1.0.0.0, Culture=neutral, PublicKeyToken=null]]'.
2025-10-28 14:13:37.973 +01:00 [INF] Executed action api.Controllers.QuizAPIController.QuizList (api) in 5.5517ms
2025-10-28 14:13:37.973 +01:00 [INF] Executed endpoint 'api.Controllers.QuizAPIController.QuizList (api)'
2025-10-28 14:13:37.974 +01:00 [INF] Request finished HTTP/1.1 GET http://localhost:5082/api/quizapi/quizlist - 200 161 application/json; charset=utf-8 7.0155ms
2025-10-28 14:13:37.977 +01:00 [INF] Request starting HTTP/1.1 GET http://localhost:5082/api/quizapi/quizlist - null null
2025-10-28 14:13:37.977 +01:00 [INF] CORS policy execution successful.
2025-10-28 14:13:37.977 +01:00 [INF] Executing endpoint 'api.Controllers.QuizAPIController.QuizList (api)'
2025-10-28 14:13:37.978 +01:00 [INF] Route matched with {action = "QuizList", controller = "QuizAPI"}. Executing controller action with signature System.Threading.Tasks.Task`1[Microsoft.AspNetCore.Mvc.IActionResult] QuizList() on controller api.Controllers.QuizAPIController (api).
2025-10-28 14:13:37.982 +01:00 [INF] Executing OkObjectResult, writing value of type 'System.Linq.Enumerable+SelectListIterator`2[[api.Models.Quiz, api, Version=1.0.0.0, Culture=neutral, PublicKeyToken=null],[api.DTOs.QuizDto, api, Version=1.0.0.0, Culture=neutral, PublicKeyToken=null]]'.
2025-10-28 14:13:37.982 +01:00 [INF] Executed action api.Controllers.QuizAPIController.QuizList (api) in 4.653ms
2025-10-28 14:13:37.983 +01:00 [INF] Executed endpoint 'api.Controllers.QuizAPIController.QuizList (api)'
2025-10-28 14:13:37.983 +01:00 [INF] Request finished HTTP/1.1 GET http://localhost:5082/api/quizapi/quizlist - 200 161 application/json; charset=utf-8 6.0867ms
2025-10-28 14:13:39.166 +01:00 [INF] Request starting HTTP/1.1 GET http://localhost:5082/api/quizapi/3 - null null
2025-10-28 14:13:39.166 +01:00 [INF] CORS policy execution successful.
2025-10-28 14:13:39.166 +01:00 [INF] Executing endpoint 'api.Controllers.QuizAPIController.GetQuiz (api)'
2025-10-28 14:13:39.167 +01:00 [INF] Route matched with {action = "GetQuiz", controller = "QuizAPI"}. Executing controller action with signature System.Threading.Tasks.Task`1[Microsoft.AspNetCore.Mvc.IActionResult] GetQuiz(Int32) on controller api.Controllers.QuizAPIController (api).
2025-10-28 14:13:39.169 +01:00 [INF] Executing OkObjectResult, writing value of type 'api.DTOs.QuizDto'.
2025-10-28 14:13:39.170 +01:00 [INF] Executed action api.Controllers.QuizAPIController.GetQuiz (api) in 3.4416ms
2025-10-28 14:13:39.171 +01:00 [INF] Executed endpoint 'api.Controllers.QuizAPIController.GetQuiz (api)'
2025-10-28 14:13:39.171 +01:00 [INF] Request finished HTTP/1.1 GET http://localhost:5082/api/quizapi/3 - 200 1292 application/json; charset=utf-8 5.1937ms
2025-10-28 14:13:39.174 +01:00 [INF] Request starting HTTP/1.1 GET http://localhost:5082/api/quizapi/3 - null null
2025-10-28 14:13:39.175 +01:00 [INF] CORS policy execution successful.
2025-10-28 14:13:39.175 +01:00 [INF] Executing endpoint 'api.Controllers.QuizAPIController.GetQuiz (api)'
2025-10-28 14:13:39.175 +01:00 [INF] Route matched with {action = "GetQuiz", controller = "QuizAPI"}. Executing controller action with signature System.Threading.Tasks.Task`1[Microsoft.AspNetCore.Mvc.IActionResult] GetQuiz(Int32) on controller api.Controllers.QuizAPIController (api).
2025-10-28 14:13:39.178 +01:00 [INF] Executing OkObjectResult, writing value of type 'api.DTOs.QuizDto'.
2025-10-28 14:13:39.179 +01:00 [INF] Executed action api.Controllers.QuizAPIController.GetQuiz (api) in 3.7882ms
2025-10-28 14:13:39.179 +01:00 [INF] Executed endpoint 'api.Controllers.QuizAPIController.GetQuiz (api)'
2025-10-28 14:13:39.179 +01:00 [INF] Request finished HTTP/1.1 GET http://localhost:5082/api/quizapi/3 - 200 1292 application/json; charset=utf-8 5.3769ms
2025-10-28 14:13:41.421 +01:00 [INF] Request starting HTTP/1.1 GET http://localhost:5082/api/quizapi/quizlist - null null
2025-10-28 14:13:41.422 +01:00 [INF] CORS policy execution successful.
2025-10-28 14:13:41.422 +01:00 [INF] Executing endpoint 'api.Controllers.QuizAPIController.QuizList (api)'
2025-10-28 14:13:41.423 +01:00 [INF] Route matched with {action = "QuizList", controller = "QuizAPI"}. Executing controller action with signature System.Threading.Tasks.Task`1[Microsoft.AspNetCore.Mvc.IActionResult] QuizList() on controller api.Controllers.QuizAPIController (api).
2025-10-28 14:13:41.425 +01:00 [INF] Executing OkObjectResult, writing value of type 'System.Linq.Enumerable+SelectListIterator`2[[api.Models.Quiz, api, Version=1.0.0.0, Culture=neutral, PublicKeyToken=null],[api.DTOs.QuizDto, api, Version=1.0.0.0, Culture=neutral, PublicKeyToken=null]]'.
2025-10-28 14:13:41.425 +01:00 [INF] Executed action api.Controllers.QuizAPIController.QuizList (api) in 2.5256ms
2025-10-28 14:13:41.425 +01:00 [INF] Executed endpoint 'api.Controllers.QuizAPIController.QuizList (api)'
2025-10-28 14:13:41.426 +01:00 [INF] Request finished HTTP/1.1 GET http://localhost:5082/api/quizapi/quizlist - 200 161 application/json; charset=utf-8 4.2142ms
2025-10-28 14:13:41.427 +01:00 [INF] Request starting HTTP/1.1 GET http://localhost:5082/api/quizapi/quizlist - null null
2025-10-28 14:13:41.428 +01:00 [INF] CORS policy execution successful.
2025-10-28 14:13:41.428 +01:00 [INF] Executing endpoint 'api.Controllers.QuizAPIController.QuizList (api)'
2025-10-28 14:13:41.428 +01:00 [INF] Route matched with {action = "QuizList", controller = "QuizAPI"}. Executing controller action with signature System.Threading.Tasks.Task`1[Microsoft.AspNetCore.Mvc.IActionResult] QuizList() on controller api.Controllers.QuizAPIController (api).
2025-10-28 14:13:41.430 +01:00 [INF] Executing OkObjectResult, writing value of type 'System.Linq.Enumerable+SelectListIterator`2[[api.Models.Quiz, api, Version=1.0.0.0, Culture=neutral, PublicKeyToken=null],[api.DTOs.QuizDto, api, Version=1.0.0.0, Culture=neutral, PublicKeyToken=null]]'.
2025-10-28 14:13:41.430 +01:00 [INF] Executed action api.Controllers.QuizAPIController.QuizList (api) in 2.2461ms
2025-10-28 14:13:41.430 +01:00 [INF] Executed endpoint 'api.Controllers.QuizAPIController.QuizList (api)'
2025-10-28 14:13:41.430 +01:00 [INF] Request finished HTTP/1.1 GET http://localhost:5082/api/quizapi/quizlist - 200 161 application/json; charset=utf-8 2.9774ms
2025-10-28 14:13:42.833 +01:00 [INF] Request starting HTTP/1.1 GET http://localhost:5082/api/quizapi/3 - null null
2025-10-28 14:13:42.834 +01:00 [INF] CORS policy execution successful.
2025-10-28 14:13:42.834 +01:00 [INF] Executing endpoint 'api.Controllers.QuizAPIController.GetQuiz (api)'
2025-10-28 14:13:42.834 +01:00 [INF] Route matched with {action = "GetQuiz", controller = "QuizAPI"}. Executing controller action with signature System.Threading.Tasks.Task`1[Microsoft.AspNetCore.Mvc.IActionResult] GetQuiz(Int32) on controller api.Controllers.QuizAPIController (api).
2025-10-28 14:13:42.837 +01:00 [INF] Executing OkObjectResult, writing value of type 'api.DTOs.QuizDto'.
2025-10-28 14:13:42.838 +01:00 [INF] Executed action api.Controllers.QuizAPIController.GetQuiz (api) in 3.6421ms
2025-10-28 14:13:42.838 +01:00 [INF] Executed endpoint 'api.Controllers.QuizAPIController.GetQuiz (api)'
2025-10-28 14:13:42.838 +01:00 [INF] Request finished HTTP/1.1 GET http://localhost:5082/api/quizapi/3 - 200 1292 application/json; charset=utf-8 5.0331ms
2025-10-28 14:13:42.840 +01:00 [INF] Request starting HTTP/1.1 GET http://localhost:5082/api/quizapi/3 - null null
2025-10-28 14:13:42.841 +01:00 [INF] CORS policy execution successful.
2025-10-28 14:13:42.841 +01:00 [INF] Executing endpoint 'api.Controllers.QuizAPIController.GetQuiz (api)'
2025-10-28 14:13:42.841 +01:00 [INF] Route matched with {action = "GetQuiz", controller = "QuizAPI"}. Executing controller action with signature System.Threading.Tasks.Task`1[Microsoft.AspNetCore.Mvc.IActionResult] GetQuiz(Int32) on controller api.Controllers.QuizAPIController (api).
2025-10-28 14:13:42.843 +01:00 [INF] Executing OkObjectResult, writing value of type 'api.DTOs.QuizDto'.
2025-10-28 14:13:42.843 +01:00 [INF] Executed action api.Controllers.QuizAPIController.GetQuiz (api) in 1.8003ms
2025-10-28 14:13:42.843 +01:00 [INF] Executed endpoint 'api.Controllers.QuizAPIController.GetQuiz (api)'
2025-10-28 14:13:42.843 +01:00 [INF] Request finished HTTP/1.1 GET http://localhost:5082/api/quizapi/3 - 200 1292 application/json; charset=utf-8 2.5821ms
2025-10-28 14:13:53.373 +01:00 [INF] Request starting HTTP/1.1 OPTIONS http://localhost:5082/api/quizapi/update/3 - null null
2025-10-28 14:13:53.373 +01:00 [INF] CORS policy execution successful.
2025-10-28 14:13:53.373 +01:00 [INF] Request finished HTTP/1.1 OPTIONS http://localhost:5082/api/quizapi/update/3 - 204 null null 0.3315ms
2025-10-28 14:13:53.374 +01:00 [INF] Request starting HTTP/1.1 PUT http://localhost:5082/api/quizapi/update/3 - application/json 820
2025-10-28 14:13:53.375 +01:00 [INF] CORS policy execution successful.
2025-10-28 14:13:53.375 +01:00 [INF] Executing endpoint 'api.Controllers.QuizAPIController.Update (api)'
2025-10-28 14:13:53.375 +01:00 [INF] Route matched with {action = "Update", controller = "QuizAPI"}. Executing controller action with signature System.Threading.Tasks.Task`1[Microsoft.AspNetCore.Mvc.IActionResult] Update(Int32, api.DTOs.QuizDto) on controller api.Controllers.QuizAPIController (api).
2025-10-28 14:13:53.402 +01:00 [INF] Executing OkObjectResult, writing value of type 'api.Models.Quiz'.
2025-10-28 14:13:53.403 +01:00 [INF] Executed action api.Controllers.QuizAPIController.Update (api) in 27.9815ms
2025-10-28 14:13:53.403 +01:00 [INF] Executed endpoint 'api.Controllers.QuizAPIController.Update (api)'
2025-10-28 14:13:53.403 +01:00 [INF] Request finished HTTP/1.1 PUT http://localhost:5082/api/quizapi/update/3 - 200 1457 application/json; charset=utf-8 28.5762ms
2025-10-28 14:13:53.436 +01:00 [INF] Request starting HTTP/1.1 GET http://localhost:5082/api/quizapi/quizlist - null null
2025-10-28 14:13:53.437 +01:00 [INF] CORS policy execution successful.
2025-10-28 14:13:53.437 +01:00 [INF] Executing endpoint 'api.Controllers.QuizAPIController.QuizList (api)'
2025-10-28 14:13:53.437 +01:00 [INF] Route matched with {action = "QuizList", controller = "QuizAPI"}. Executing controller action with signature System.Threading.Tasks.Task`1[Microsoft.AspNetCore.Mvc.IActionResult] QuizList() on controller api.Controllers.QuizAPIController (api).
2025-10-28 14:13:53.440 +01:00 [INF] Executing OkObjectResult, writing value of type 'System.Linq.Enumerable+SelectListIterator`2[[api.Models.Quiz, api, Version=1.0.0.0, Culture=neutral, PublicKeyToken=null],[api.DTOs.QuizDto, api, Version=1.0.0.0, Culture=neutral, PublicKeyToken=null]]'.
2025-10-28 14:13:53.441 +01:00 [INF] Executed action api.Controllers.QuizAPIController.QuizList (api) in 3.8672ms
2025-10-28 14:13:53.441 +01:00 [INF] Executed endpoint 'api.Controllers.QuizAPIController.QuizList (api)'
2025-10-28 14:13:53.441 +01:00 [INF] Request finished HTTP/1.1 GET http://localhost:5082/api/quizapi/quizlist - 200 161 application/json; charset=utf-8 5.7231ms
2025-10-28 14:13:53.443 +01:00 [INF] Request starting HTTP/1.1 GET http://localhost:5082/api/quizapi/quizlist - null null
2025-10-28 14:13:53.443 +01:00 [INF] CORS policy execution successful.
2025-10-28 14:13:53.444 +01:00 [INF] Executing endpoint 'api.Controllers.QuizAPIController.QuizList (api)'
2025-10-28 14:13:53.444 +01:00 [INF] Route matched with {action = "QuizList", controller = "QuizAPI"}. Executing controller action with signature System.Threading.Tasks.Task`1[Microsoft.AspNetCore.Mvc.IActionResult] QuizList() on controller api.Controllers.QuizAPIController (api).
2025-10-28 14:13:53.445 +01:00 [INF] Executing OkObjectResult, writing value of type 'System.Linq.Enumerable+SelectListIterator`2[[api.Models.Quiz, api, Version=1.0.0.0, Culture=neutral, PublicKeyToken=null],[api.DTOs.QuizDto, api, Version=1.0.0.0, Culture=neutral, PublicKeyToken=null]]'.
2025-10-28 14:13:53.446 +01:00 [INF] Executed action api.Controllers.QuizAPIController.QuizList (api) in 1.9554ms
2025-10-28 14:13:53.446 +01:00 [INF] Executed endpoint 'api.Controllers.QuizAPIController.QuizList (api)'
2025-10-28 14:13:53.446 +01:00 [INF] Request finished HTTP/1.1 GET http://localhost:5082/api/quizapi/quizlist - 200 161 application/json; charset=utf-8 2.7753ms
2025-10-28 14:13:54.428 +01:00 [INF] Request starting HTTP/1.1 GET http://localhost:5082/api/quizapi/3 - null null
2025-10-28 14:13:54.429 +01:00 [INF] CORS policy execution successful.
2025-10-28 14:13:54.429 +01:00 [INF] Executing endpoint 'api.Controllers.QuizAPIController.GetQuiz (api)'
2025-10-28 14:13:54.429 +01:00 [INF] Route matched with {action = "GetQuiz", controller = "QuizAPI"}. Executing controller action with signature System.Threading.Tasks.Task`1[Microsoft.AspNetCore.Mvc.IActionResult] GetQuiz(Int32) on controller api.Controllers.QuizAPIController (api).
2025-10-28 14:13:54.432 +01:00 [INF] Executing OkObjectResult, writing value of type 'api.DTOs.QuizDto'.
2025-10-28 14:13:54.433 +01:00 [INF] Executed action api.Controllers.QuizAPIController.GetQuiz (api) in 3.1485ms
2025-10-28 14:13:54.433 +01:00 [INF] Executed endpoint 'api.Controllers.QuizAPIController.GetQuiz (api)'
2025-10-28 14:13:54.433 +01:00 [INF] Request finished HTTP/1.1 GET http://localhost:5082/api/quizapi/3 - 200 1189 application/json; charset=utf-8 4.5568ms
2025-10-28 14:13:54.434 +01:00 [INF] Request starting HTTP/1.1 GET http://localhost:5082/api/quizapi/3 - null null
2025-10-28 14:13:54.435 +01:00 [INF] CORS policy execution successful.
2025-10-28 14:13:54.435 +01:00 [INF] Executing endpoint 'api.Controllers.QuizAPIController.GetQuiz (api)'
2025-10-28 14:13:54.435 +01:00 [INF] Route matched with {action = "GetQuiz", controller = "QuizAPI"}. Executing controller action with signature System.Threading.Tasks.Task`1[Microsoft.AspNetCore.Mvc.IActionResult] GetQuiz(Int32) on controller api.Controllers.QuizAPIController (api).
2025-10-28 14:13:54.437 +01:00 [INF] Executing OkObjectResult, writing value of type 'api.DTOs.QuizDto'.
2025-10-28 14:13:54.438 +01:00 [INF] Executed action api.Controllers.QuizAPIController.GetQuiz (api) in 3.0992ms
2025-10-28 14:13:54.438 +01:00 [INF] Executed endpoint 'api.Controllers.QuizAPIController.GetQuiz (api)'
2025-10-28 14:13:54.438 +01:00 [INF] Request finished HTTP/1.1 GET http://localhost:5082/api/quizapi/3 - 200 1189 application/json; charset=utf-8 4.1132ms
2025-10-28 14:13:56.812 +01:00 [INF] Request starting HTTP/1.1 GET http://localhost:5082/api/quizapi/quizlist - null null
2025-10-28 14:13:56.812 +01:00 [INF] CORS policy execution successful.
2025-10-28 14:13:56.813 +01:00 [INF] Executing endpoint 'api.Controllers.QuizAPIController.QuizList (api)'
2025-10-28 14:13:56.813 +01:00 [INF] Route matched with {action = "QuizList", controller = "QuizAPI"}. Executing controller action with signature System.Threading.Tasks.Task`1[Microsoft.AspNetCore.Mvc.IActionResult] QuizList() on controller api.Controllers.QuizAPIController (api).
2025-10-28 14:13:56.817 +01:00 [INF] Executing OkObjectResult, writing value of type 'System.Linq.Enumerable+SelectListIterator`2[[api.Models.Quiz, api, Version=1.0.0.0, Culture=neutral, PublicKeyToken=null],[api.DTOs.QuizDto, api, Version=1.0.0.0, Culture=neutral, PublicKeyToken=null]]'.
2025-10-28 14:13:56.817 +01:00 [INF] Executed action api.Controllers.QuizAPIController.QuizList (api) in 4.107ms
2025-10-28 14:13:56.817 +01:00 [INF] Executed endpoint 'api.Controllers.QuizAPIController.QuizList (api)'
2025-10-28 14:13:56.817 +01:00 [INF] Request finished HTTP/1.1 GET http://localhost:5082/api/quizapi/quizlist - 200 161 application/json; charset=utf-8 5.2426ms
2025-10-28 14:13:56.819 +01:00 [INF] Request starting HTTP/1.1 GET http://localhost:5082/api/quizapi/quizlist - null null
2025-10-28 14:13:56.819 +01:00 [INF] CORS policy execution successful.
2025-10-28 14:13:56.819 +01:00 [INF] Executing endpoint 'api.Controllers.QuizAPIController.QuizList (api)'
2025-10-28 14:13:56.819 +01:00 [INF] Route matched with {action = "QuizList", controller = "QuizAPI"}. Executing controller action with signature System.Threading.Tasks.Task`1[Microsoft.AspNetCore.Mvc.IActionResult] QuizList() on controller api.Controllers.QuizAPIController (api).
2025-10-28 14:13:56.821 +01:00 [INF] Executing OkObjectResult, writing value of type 'System.Linq.Enumerable+SelectListIterator`2[[api.Models.Quiz, api, Version=1.0.0.0, Culture=neutral, PublicKeyToken=null],[api.DTOs.QuizDto, api, Version=1.0.0.0, Culture=neutral, PublicKeyToken=null]]'.
2025-10-28 14:13:56.822 +01:00 [INF] Executed action api.Controllers.QuizAPIController.QuizList (api) in 2.0371ms
2025-10-28 14:13:56.822 +01:00 [INF] Executed endpoint 'api.Controllers.QuizAPIController.QuizList (api)'
2025-10-28 14:13:56.822 +01:00 [INF] Request finished HTTP/1.1 GET http://localhost:5082/api/quizapi/quizlist - 200 161 application/json; charset=utf-8 2.6312ms
2025-10-28 14:14:35.179 +01:00 [INF] Request starting HTTP/1.1 GET http://localhost:5082/api/quizapi/quizlist - null null
2025-10-28 14:14:35.180 +01:00 [INF] CORS policy execution successful.
2025-10-28 14:14:35.180 +01:00 [INF] Executing endpoint 'api.Controllers.QuizAPIController.QuizList (api)'
2025-10-28 14:14:35.181 +01:00 [INF] Route matched with {action = "QuizList", controller = "QuizAPI"}. Executing controller action with signature System.Threading.Tasks.Task`1[Microsoft.AspNetCore.Mvc.IActionResult] QuizList() on controller api.Controllers.QuizAPIController (api).
2025-10-28 14:14:35.185 +01:00 [INF] Executing OkObjectResult, writing value of type 'System.Linq.Enumerable+SelectListIterator`2[[api.Models.Quiz, api, Version=1.0.0.0, Culture=neutral, PublicKeyToken=null],[api.DTOs.QuizDto, api, Version=1.0.0.0, Culture=neutral, PublicKeyToken=null]]'.
2025-10-28 14:14:35.185 +01:00 [INF] Executed action api.Controllers.QuizAPIController.QuizList (api) in 4.5572ms
2025-10-28 14:14:35.185 +01:00 [INF] Executed endpoint 'api.Controllers.QuizAPIController.QuizList (api)'
2025-10-28 14:14:35.186 +01:00 [INF] Request finished HTTP/1.1 GET http://localhost:5082/api/quizapi/quizlist - 200 161 application/json; charset=utf-8 6.0394ms
2025-10-28 14:14:35.188 +01:00 [INF] Request starting HTTP/1.1 GET http://localhost:5082/api/quizapi/quizlist - null null
2025-10-28 14:14:35.189 +01:00 [INF] CORS policy execution successful.
2025-10-28 14:14:35.189 +01:00 [INF] Executing endpoint 'api.Controllers.QuizAPIController.QuizList (api)'
2025-10-28 14:14:35.189 +01:00 [INF] Route matched with {action = "QuizList", controller = "QuizAPI"}. Executing controller action with signature System.Threading.Tasks.Task`1[Microsoft.AspNetCore.Mvc.IActionResult] QuizList() on controller api.Controllers.QuizAPIController (api).
2025-10-28 14:14:35.192 +01:00 [INF] Executing OkObjectResult, writing value of type 'System.Linq.Enumerable+SelectListIterator`2[[api.Models.Quiz, api, Version=1.0.0.0, Culture=neutral, PublicKeyToken=null],[api.DTOs.QuizDto, api, Version=1.0.0.0, Culture=neutral, PublicKeyToken=null]]'.
2025-10-28 14:14:35.193 +01:00 [INF] Executed action api.Controllers.QuizAPIController.QuizList (api) in 3.6628ms
2025-10-28 14:14:35.193 +01:00 [INF] Executed endpoint 'api.Controllers.QuizAPIController.QuizList (api)'
2025-10-28 14:14:35.193 +01:00 [INF] Request finished HTTP/1.1 GET http://localhost:5082/api/quizapi/quizlist - 200 161 application/json; charset=utf-8 4.6961ms
2025-10-28 14:14:36.763 +01:00 [INF] Request starting HTTP/1.1 GET http://localhost:5082/api/quizapi/3 - null null
2025-10-28 14:14:36.764 +01:00 [INF] CORS policy execution successful.
2025-10-28 14:14:36.764 +01:00 [INF] Executing endpoint 'api.Controllers.QuizAPIController.GetQuiz (api)'
2025-10-28 14:14:36.764 +01:00 [INF] Route matched with {action = "GetQuiz", controller = "QuizAPI"}. Executing controller action with signature System.Threading.Tasks.Task`1[Microsoft.AspNetCore.Mvc.IActionResult] GetQuiz(Int32) on controller api.Controllers.QuizAPIController (api).
2025-10-28 14:14:36.766 +01:00 [INF] Executing OkObjectResult, writing value of type 'api.DTOs.QuizDto'.
2025-10-28 14:14:36.766 +01:00 [INF] Executed action api.Controllers.QuizAPIController.GetQuiz (api) in 2.1209ms
2025-10-28 14:14:36.766 +01:00 [INF] Executed endpoint 'api.Controllers.QuizAPIController.GetQuiz (api)'
2025-10-28 14:14:36.766 +01:00 [INF] Request finished HTTP/1.1 GET http://localhost:5082/api/quizapi/3 - 200 1189 application/json; charset=utf-8 2.7867ms
2025-10-28 14:14:36.768 +01:00 [INF] Request starting HTTP/1.1 GET http://localhost:5082/api/quizapi/3 - null null
2025-10-28 14:14:36.768 +01:00 [INF] CORS policy execution successful.
2025-10-28 14:14:36.768 +01:00 [INF] Executing endpoint 'api.Controllers.QuizAPIController.GetQuiz (api)'
2025-10-28 14:14:36.768 +01:00 [INF] Route matched with {action = "GetQuiz", controller = "QuizAPI"}. Executing controller action with signature System.Threading.Tasks.Task`1[Microsoft.AspNetCore.Mvc.IActionResult] GetQuiz(Int32) on controller api.Controllers.QuizAPIController (api).
2025-10-28 14:14:36.770 +01:00 [INF] Executing OkObjectResult, writing value of type 'api.DTOs.QuizDto'.
2025-10-28 14:14:36.770 +01:00 [INF] Executed action api.Controllers.QuizAPIController.GetQuiz (api) in 1.8417ms
2025-10-28 14:14:36.770 +01:00 [INF] Executed endpoint 'api.Controllers.QuizAPIController.GetQuiz (api)'
2025-10-28 14:14:36.771 +01:00 [INF] Request finished HTTP/1.1 GET http://localhost:5082/api/quizapi/3 - 200 1189 application/json; charset=utf-8 2.6163ms
2025-10-28 14:14:38.625 +01:00 [INF] Request starting HTTP/1.1 GET http://localhost:5082/api/quizapi/quizlist - null null
2025-10-28 14:14:38.626 +01:00 [INF] CORS policy execution successful.
2025-10-28 14:14:38.626 +01:00 [INF] Executing endpoint 'api.Controllers.QuizAPIController.QuizList (api)'
2025-10-28 14:14:38.626 +01:00 [INF] Route matched with {action = "QuizList", controller = "QuizAPI"}. Executing controller action with signature System.Threading.Tasks.Task`1[Microsoft.AspNetCore.Mvc.IActionResult] QuizList() on controller api.Controllers.QuizAPIController (api).
2025-10-28 14:14:38.629 +01:00 [INF] Executing OkObjectResult, writing value of type 'System.Linq.Enumerable+SelectListIterator`2[[api.Models.Quiz, api, Version=1.0.0.0, Culture=neutral, PublicKeyToken=null],[api.DTOs.QuizDto, api, Version=1.0.0.0, Culture=neutral, PublicKeyToken=null]]'.
2025-10-28 14:14:38.629 +01:00 [INF] Executed action api.Controllers.QuizAPIController.QuizList (api) in 3.5223ms
2025-10-28 14:14:38.629 +01:00 [INF] Executed endpoint 'api.Controllers.QuizAPIController.QuizList (api)'
2025-10-28 14:14:38.629 +01:00 [INF] Request finished HTTP/1.1 GET http://localhost:5082/api/quizapi/quizlist - 200 161 application/json; charset=utf-8 4.2693ms
2025-10-28 14:14:38.632 +01:00 [INF] Request starting HTTP/1.1 GET http://localhost:5082/api/quizapi/quizlist - null null
2025-10-28 14:14:38.632 +01:00 [INF] CORS policy execution successful.
2025-10-28 14:14:38.632 +01:00 [INF] Executing endpoint 'api.Controllers.QuizAPIController.QuizList (api)'
2025-10-28 14:14:38.633 +01:00 [INF] Route matched with {action = "QuizList", controller = "QuizAPI"}. Executing controller action with signature System.Threading.Tasks.Task`1[Microsoft.AspNetCore.Mvc.IActionResult] QuizList() on controller api.Controllers.QuizAPIController (api).
2025-10-28 14:14:38.635 +01:00 [INF] Executing OkObjectResult, writing value of type 'System.Linq.Enumerable+SelectListIterator`2[[api.Models.Quiz, api, Version=1.0.0.0, Culture=neutral, PublicKeyToken=null],[api.DTOs.QuizDto, api, Version=1.0.0.0, Culture=neutral, PublicKeyToken=null]]'.
2025-10-28 14:14:38.635 +01:00 [INF] Executed action api.Controllers.QuizAPIController.QuizList (api) in 2.2335ms
2025-10-28 14:14:38.635 +01:00 [INF] Executed endpoint 'api.Controllers.QuizAPIController.QuizList (api)'
2025-10-28 14:14:38.635 +01:00 [INF] Request finished HTTP/1.1 GET http://localhost:5082/api/quizapi/quizlist - 200 161 application/json; charset=utf-8 3.2791ms
2025-10-28 14:15:49.433 +01:00 [INF] Request starting HTTP/1.1 GET http://localhost:5082/api/quizapi/quizlist - null null
2025-10-28 14:15:49.446 +01:00 [INF] CORS policy execution successful.
2025-10-28 14:15:49.448 +01:00 [INF] Executing endpoint 'api.Controllers.QuizAPIController.QuizList (api)'
2025-10-28 14:15:49.452 +01:00 [INF] Route matched with {action = "QuizList", controller = "QuizAPI"}. Executing controller action with signature System.Threading.Tasks.Task`1[Microsoft.AspNetCore.Mvc.IActionResult] QuizList() on controller api.Controllers.QuizAPIController (api).
2025-10-28 14:15:49.526 +01:00 [INF] Executing OkObjectResult, writing value of type 'System.Linq.Enumerable+SelectListIterator`2[[api.Models.Quiz, api, Version=1.0.0.0, Culture=neutral, PublicKeyToken=null],[api.DTOs.QuizDto, api, Version=1.0.0.0, Culture=neutral, PublicKeyToken=null]]'.
2025-10-28 14:15:49.529 +01:00 [INF] Executed action api.Controllers.QuizAPIController.QuizList (api) in 76.8191ms
2025-10-28 14:15:49.529 +01:00 [INF] Executed endpoint 'api.Controllers.QuizAPIController.QuizList (api)'
2025-10-28 14:15:49.530 +01:00 [INF] Request finished HTTP/1.1 GET http://localhost:5082/api/quizapi/quizlist - 200 161 application/json; charset=utf-8 98.6213ms
2025-10-28 14:15:49.531 +01:00 [INF] Request starting HTTP/1.1 GET http://localhost:5082/api/quizapi/quizlist - null null
2025-10-28 14:15:49.532 +01:00 [INF] CORS policy execution successful.
2025-10-28 14:15:49.532 +01:00 [INF] Executing endpoint 'api.Controllers.QuizAPIController.QuizList (api)'
2025-10-28 14:15:49.532 +01:00 [INF] Route matched with {action = "QuizList", controller = "QuizAPI"}. Executing controller action with signature System.Threading.Tasks.Task`1[Microsoft.AspNetCore.Mvc.IActionResult] QuizList() on controller api.Controllers.QuizAPIController (api).
2025-10-28 14:15:49.537 +01:00 [INF] Executing OkObjectResult, writing value of type 'System.Linq.Enumerable+SelectListIterator`2[[api.Models.Quiz, api, Version=1.0.0.0, Culture=neutral, PublicKeyToken=null],[api.DTOs.QuizDto, api, Version=1.0.0.0, Culture=neutral, PublicKeyToken=null]]'.
2025-10-28 14:15:49.538 +01:00 [INF] Executed action api.Controllers.QuizAPIController.QuizList (api) in 5.2126ms
2025-10-28 14:15:49.538 +01:00 [INF] Executed endpoint 'api.Controllers.QuizAPIController.QuizList (api)'
2025-10-28 14:15:49.538 +01:00 [INF] Request finished HTTP/1.1 GET http://localhost:5082/api/quizapi/quizlist - 200 161 application/json; charset=utf-8 6.8717ms
2025-10-28 14:15:52.566 +01:00 [INF] Request starting HTTP/1.1 GET http://localhost:5082/api/quizapi/3 - null null
2025-10-28 14:15:52.566 +01:00 [INF] CORS policy execution successful.
2025-10-28 14:15:52.566 +01:00 [INF] Executing endpoint 'api.Controllers.QuizAPIController.GetQuiz (api)'
2025-10-28 14:15:52.567 +01:00 [INF] Route matched with {action = "GetQuiz", controller = "QuizAPI"}. Executing controller action with signature System.Threading.Tasks.Task`1[Microsoft.AspNetCore.Mvc.IActionResult] GetQuiz(Int32) on controller api.Controllers.QuizAPIController (api).
2025-10-28 14:15:52.582 +01:00 [INF] Executing OkObjectResult, writing value of type 'api.DTOs.QuizDto'.
2025-10-28 14:15:52.582 +01:00 [INF] Executed action api.Controllers.QuizAPIController.GetQuiz (api) in 15.403ms
2025-10-28 14:15:52.582 +01:00 [INF] Executed endpoint 'api.Controllers.QuizAPIController.GetQuiz (api)'
2025-10-28 14:15:52.582 +01:00 [INF] Request finished HTTP/1.1 GET http://localhost:5082/api/quizapi/3 - 200 1189 application/json; charset=utf-8 16.9217ms
2025-10-28 14:15:52.584 +01:00 [INF] Request starting HTTP/1.1 GET http://localhost:5082/api/quizapi/3 - null null
2025-10-28 14:15:52.585 +01:00 [INF] CORS policy execution successful.
2025-10-28 14:15:52.585 +01:00 [INF] Executing endpoint 'api.Controllers.QuizAPIController.GetQuiz (api)'
2025-10-28 14:15:52.585 +01:00 [INF] Route matched with {action = "GetQuiz", controller = "QuizAPI"}. Executing controller action with signature System.Threading.Tasks.Task`1[Microsoft.AspNetCore.Mvc.IActionResult] GetQuiz(Int32) on controller api.Controllers.QuizAPIController (api).
2025-10-28 14:15:52.591 +01:00 [INF] Executing OkObjectResult, writing value of type 'api.DTOs.QuizDto'.
2025-10-28 14:15:52.592 +01:00 [INF] Executed action api.Controllers.QuizAPIController.GetQuiz (api) in 6.5156ms
2025-10-28 14:15:52.592 +01:00 [INF] Executed endpoint 'api.Controllers.QuizAPIController.GetQuiz (api)'
2025-10-28 14:15:52.592 +01:00 [INF] Request finished HTTP/1.1 GET http://localhost:5082/api/quizapi/3 - 200 1189 application/json; charset=utf-8 7.6367ms
2025-10-28 14:15:55.498 +01:00 [INF] Request starting HTTP/1.1 GET http://localhost:5082/api/quizapi/quizlist - null null
2025-10-28 14:15:55.499 +01:00 [INF] CORS policy execution successful.
2025-10-28 14:15:55.499 +01:00 [INF] Executing endpoint 'api.Controllers.QuizAPIController.QuizList (api)'
2025-10-28 14:15:55.499 +01:00 [INF] Route matched with {action = "QuizList", controller = "QuizAPI"}. Executing controller action with signature System.Threading.Tasks.Task`1[Microsoft.AspNetCore.Mvc.IActionResult] QuizList() on controller api.Controllers.QuizAPIController (api).
2025-10-28 14:15:55.504 +01:00 [INF] Executing OkObjectResult, writing value of type 'System.Linq.Enumerable+SelectListIterator`2[[api.Models.Quiz, api, Version=1.0.0.0, Culture=neutral, PublicKeyToken=null],[api.DTOs.QuizDto, api, Version=1.0.0.0, Culture=neutral, PublicKeyToken=null]]'.
2025-10-28 14:15:55.504 +01:00 [INF] Executed action api.Controllers.QuizAPIController.QuizList (api) in 5.2925ms
2025-10-28 14:15:55.504 +01:00 [INF] Executed endpoint 'api.Controllers.QuizAPIController.QuizList (api)'
2025-10-28 14:15:55.506 +01:00 [INF] Request finished HTTP/1.1 GET http://localhost:5082/api/quizapi/quizlist - 200 161 application/json; charset=utf-8 7.2917ms
2025-10-28 14:15:55.508 +01:00 [INF] Request starting HTTP/1.1 GET http://localhost:5082/api/quizapi/quizlist - null null
2025-10-28 14:15:55.508 +01:00 [INF] CORS policy execution successful.
2025-10-28 14:15:55.508 +01:00 [INF] Executing endpoint 'api.Controllers.QuizAPIController.QuizList (api)'
2025-10-28 14:15:55.508 +01:00 [INF] Route matched with {action = "QuizList", controller = "QuizAPI"}. Executing controller action with signature System.Threading.Tasks.Task`1[Microsoft.AspNetCore.Mvc.IActionResult] QuizList() on controller api.Controllers.QuizAPIController (api).
2025-10-28 14:15:55.513 +01:00 [INF] Executing OkObjectResult, writing value of type 'System.Linq.Enumerable+SelectListIterator`2[[api.Models.Quiz, api, Version=1.0.0.0, Culture=neutral, PublicKeyToken=null],[api.DTOs.QuizDto, api, Version=1.0.0.0, Culture=neutral, PublicKeyToken=null]]'.
2025-10-28 14:15:55.513 +01:00 [INF] Executed action api.Controllers.QuizAPIController.QuizList (api) in 5.0278ms
2025-10-28 14:15:55.514 +01:00 [INF] Executed endpoint 'api.Controllers.QuizAPIController.QuizList (api)'
2025-10-28 14:15:55.514 +01:00 [INF] Request finished HTTP/1.1 GET http://localhost:5082/api/quizapi/quizlist - 200 161 application/json; charset=utf-8 6.1064ms
2025-10-28 14:15:56.931 +01:00 [INF] Request starting HTTP/1.1 GET http://localhost:5082/api/quizapi/3 - null null
2025-10-28 14:15:56.931 +01:00 [INF] CORS policy execution successful.
2025-10-28 14:15:56.931 +01:00 [INF] Executing endpoint 'api.Controllers.QuizAPIController.GetQuiz (api)'
2025-10-28 14:15:56.931 +01:00 [INF] Route matched with {action = "GetQuiz", controller = "QuizAPI"}. Executing controller action with signature System.Threading.Tasks.Task`1[Microsoft.AspNetCore.Mvc.IActionResult] GetQuiz(Int32) on controller api.Controllers.QuizAPIController (api).
2025-10-28 14:15:56.934 +01:00 [INF] Executing OkObjectResult, writing value of type 'api.DTOs.QuizDto'.
2025-10-28 14:15:56.934 +01:00 [INF] Executed action api.Controllers.QuizAPIController.GetQuiz (api) in 2.2743ms
2025-10-28 14:15:56.934 +01:00 [INF] Executed endpoint 'api.Controllers.QuizAPIController.GetQuiz (api)'
2025-10-28 14:15:56.934 +01:00 [INF] Request finished HTTP/1.1 GET http://localhost:5082/api/quizapi/3 - 200 1189 application/json; charset=utf-8 3.2255ms
2025-10-28 14:15:56.936 +01:00 [INF] Request starting HTTP/1.1 GET http://localhost:5082/api/quizapi/3 - null null
2025-10-28 14:15:56.936 +01:00 [INF] CORS policy execution successful.
2025-10-28 14:15:56.936 +01:00 [INF] Executing endpoint 'api.Controllers.QuizAPIController.GetQuiz (api)'
2025-10-28 14:15:56.937 +01:00 [INF] Route matched with {action = "GetQuiz", controller = "QuizAPI"}. Executing controller action with signature System.Threading.Tasks.Task`1[Microsoft.AspNetCore.Mvc.IActionResult] GetQuiz(Int32) on controller api.Controllers.QuizAPIController (api).
2025-10-28 14:15:56.939 +01:00 [INF] Executing OkObjectResult, writing value of type 'api.DTOs.QuizDto'.
2025-10-28 14:15:56.939 +01:00 [INF] Executed action api.Controllers.QuizAPIController.GetQuiz (api) in 2.7612ms
2025-10-28 14:15:56.940 +01:00 [INF] Executed endpoint 'api.Controllers.QuizAPIController.GetQuiz (api)'
2025-10-28 14:15:56.940 +01:00 [INF] Request finished HTTP/1.1 GET http://localhost:5082/api/quizapi/3 - 200 1189 application/json; charset=utf-8 3.4539ms
2025-10-28 14:16:06.906 +01:00 [INF] Request starting HTTP/1.1 GET http://localhost:5082/api/quizapi/quizlist - null null
2025-10-28 14:16:06.906 +01:00 [INF] CORS policy execution successful.
2025-10-28 14:16:06.907 +01:00 [INF] Executing endpoint 'api.Controllers.QuizAPIController.QuizList (api)'
2025-10-28 14:16:06.907 +01:00 [INF] Route matched with {action = "QuizList", controller = "QuizAPI"}. Executing controller action with signature System.Threading.Tasks.Task`1[Microsoft.AspNetCore.Mvc.IActionResult] QuizList() on controller api.Controllers.QuizAPIController (api).
2025-10-28 14:16:06.910 +01:00 [INF] Executing OkObjectResult, writing value of type 'System.Linq.Enumerable+SelectListIterator`2[[api.Models.Quiz, api, Version=1.0.0.0, Culture=neutral, PublicKeyToken=null],[api.DTOs.QuizDto, api, Version=1.0.0.0, Culture=neutral, PublicKeyToken=null]]'.
2025-10-28 14:16:06.911 +01:00 [INF] Executed action api.Controllers.QuizAPIController.QuizList (api) in 4.4709ms
2025-10-28 14:16:06.912 +01:00 [INF] Executed endpoint 'api.Controllers.QuizAPIController.QuizList (api)'
2025-10-28 14:16:06.912 +01:00 [INF] Request finished HTTP/1.1 GET http://localhost:5082/api/quizapi/quizlist - 200 161 application/json; charset=utf-8 5.8166ms
2025-10-28 14:16:06.914 +01:00 [INF] Request starting HTTP/1.1 GET http://localhost:5082/api/quizapi/quizlist - null null
2025-10-28 14:16:06.915 +01:00 [INF] CORS policy execution successful.
2025-10-28 14:16:06.915 +01:00 [INF] Executing endpoint 'api.Controllers.QuizAPIController.QuizList (api)'
2025-10-28 14:16:06.915 +01:00 [INF] Route matched with {action = "QuizList", controller = "QuizAPI"}. Executing controller action with signature System.Threading.Tasks.Task`1[Microsoft.AspNetCore.Mvc.IActionResult] QuizList() on controller api.Controllers.QuizAPIController (api).
2025-10-28 14:16:06.917 +01:00 [INF] Executing OkObjectResult, writing value of type 'System.Linq.Enumerable+SelectListIterator`2[[api.Models.Quiz, api, Version=1.0.0.0, Culture=neutral, PublicKeyToken=null],[api.DTOs.QuizDto, api, Version=1.0.0.0, Culture=neutral, PublicKeyToken=null]]'.
2025-10-28 14:16:06.918 +01:00 [INF] Executed action api.Controllers.QuizAPIController.QuizList (api) in 3.0093ms
2025-10-28 14:16:06.918 +01:00 [INF] Executed endpoint 'api.Controllers.QuizAPIController.QuizList (api)'
2025-10-28 14:16:06.918 +01:00 [INF] Request finished HTTP/1.1 GET http://localhost:5082/api/quizapi/quizlist - 200 161 application/json; charset=utf-8 3.988ms
2025-10-28 14:16:09.450 +01:00 [INF] Request starting HTTP/1.1 GET http://localhost:5082/api/quizapi/3 - null null
2025-10-28 14:16:09.450 +01:00 [INF] CORS policy execution successful.
2025-10-28 14:16:09.451 +01:00 [INF] Executing endpoint 'api.Controllers.QuizAPIController.GetQuiz (api)'
2025-10-28 14:16:09.451 +01:00 [INF] Route matched with {action = "GetQuiz", controller = "QuizAPI"}. Executing controller action with signature System.Threading.Tasks.Task`1[Microsoft.AspNetCore.Mvc.IActionResult] GetQuiz(Int32) on controller api.Controllers.QuizAPIController (api).
2025-10-28 14:16:09.454 +01:00 [INF] Executing OkObjectResult, writing value of type 'api.DTOs.QuizDto'.
2025-10-28 14:16:09.454 +01:00 [INF] Executed action api.Controllers.QuizAPIController.GetQuiz (api) in 3.3496ms
2025-10-28 14:16:09.454 +01:00 [INF] Executed endpoint 'api.Controllers.QuizAPIController.GetQuiz (api)'
2025-10-28 14:16:09.454 +01:00 [INF] Request finished HTTP/1.1 GET http://localhost:5082/api/quizapi/3 - 200 1189 application/json; charset=utf-8 4.2966ms
2025-10-28 14:16:09.458 +01:00 [INF] Request starting HTTP/1.1 GET http://localhost:5082/api/quizapi/3 - null null
2025-10-28 14:16:09.458 +01:00 [INF] CORS policy execution successful.
2025-10-28 14:16:09.459 +01:00 [INF] Executing endpoint 'api.Controllers.QuizAPIController.GetQuiz (api)'
2025-10-28 14:16:09.459 +01:00 [INF] Route matched with {action = "GetQuiz", controller = "QuizAPI"}. Executing controller action with signature System.Threading.Tasks.Task`1[Microsoft.AspNetCore.Mvc.IActionResult] GetQuiz(Int32) on controller api.Controllers.QuizAPIController (api).
2025-10-28 14:16:09.462 +01:00 [INF] Executing OkObjectResult, writing value of type 'api.DTOs.QuizDto'.
2025-10-28 14:16:09.462 +01:00 [INF] Executed action api.Controllers.QuizAPIController.GetQuiz (api) in 2.804ms
2025-10-28 14:16:09.462 +01:00 [INF] Executed endpoint 'api.Controllers.QuizAPIController.GetQuiz (api)'
2025-10-28 14:16:09.462 +01:00 [INF] Request finished HTTP/1.1 GET http://localhost:5082/api/quizapi/3 - 200 1189 application/json; charset=utf-8 4.8937ms
2025-10-28 14:16:11.616 +01:00 [INF] Request starting HTTP/1.1 GET http://localhost:5082/api/quizapi/quizlist - null null
2025-10-28 14:16:11.616 +01:00 [INF] CORS policy execution successful.
2025-10-28 14:16:11.616 +01:00 [INF] Executing endpoint 'api.Controllers.QuizAPIController.QuizList (api)'
2025-10-28 14:16:11.617 +01:00 [INF] Route matched with {action = "QuizList", controller = "QuizAPI"}. Executing controller action with signature System.Threading.Tasks.Task`1[Microsoft.AspNetCore.Mvc.IActionResult] QuizList() on controller api.Controllers.QuizAPIController (api).
2025-10-28 14:16:11.620 +01:00 [INF] Executing OkObjectResult, writing value of type 'System.Linq.Enumerable+SelectListIterator`2[[api.Models.Quiz, api, Version=1.0.0.0, Culture=neutral, PublicKeyToken=null],[api.DTOs.QuizDto, api, Version=1.0.0.0, Culture=neutral, PublicKeyToken=null]]'.
2025-10-28 14:16:11.620 +01:00 [INF] Executed action api.Controllers.QuizAPIController.QuizList (api) in 2.9055ms
2025-10-28 14:16:11.620 +01:00 [INF] Executed endpoint 'api.Controllers.QuizAPIController.QuizList (api)'
2025-10-28 14:16:11.620 +01:00 [INF] Request finished HTTP/1.1 GET http://localhost:5082/api/quizapi/quizlist - 200 161 application/json; charset=utf-8 4.4652ms
2025-10-28 14:16:11.623 +01:00 [INF] Request starting HTTP/1.1 GET http://localhost:5082/api/quizapi/quizlist - null null
2025-10-28 14:16:11.623 +01:00 [INF] CORS policy execution successful.
2025-10-28 14:16:11.623 +01:00 [INF] Executing endpoint 'api.Controllers.QuizAPIController.QuizList (api)'
2025-10-28 14:16:11.623 +01:00 [INF] Route matched with {action = "QuizList", controller = "QuizAPI"}. Executing controller action with signature System.Threading.Tasks.Task`1[Microsoft.AspNetCore.Mvc.IActionResult] QuizList() on controller api.Controllers.QuizAPIController (api).
2025-10-28 14:16:11.627 +01:00 [INF] Executing OkObjectResult, writing value of type 'System.Linq.Enumerable+SelectListIterator`2[[api.Models.Quiz, api, Version=1.0.0.0, Culture=neutral, PublicKeyToken=null],[api.DTOs.QuizDto, api, Version=1.0.0.0, Culture=neutral, PublicKeyToken=null]]'.
2025-10-28 14:16:11.628 +01:00 [INF] Executed action api.Controllers.QuizAPIController.QuizList (api) in 4.6425ms
2025-10-28 14:16:11.628 +01:00 [INF] Executed endpoint 'api.Controllers.QuizAPIController.QuizList (api)'
2025-10-28 14:16:11.628 +01:00 [INF] Request finished HTTP/1.1 GET http://localhost:5082/api/quizapi/quizlist - 200 161 application/json; charset=utf-8 5.3999ms
2025-10-28 14:16:33.380 +01:00 [INF] Request starting HTTP/1.1 GET http://localhost:5082/api/quizapi/quizlist - null null
2025-10-28 14:16:33.380 +01:00 [INF] CORS policy execution successful.
2025-10-28 14:16:33.380 +01:00 [INF] Executing endpoint 'api.Controllers.QuizAPIController.QuizList (api)'
2025-10-28 14:16:33.381 +01:00 [INF] Route matched with {action = "QuizList", controller = "QuizAPI"}. Executing controller action with signature System.Threading.Tasks.Task`1[Microsoft.AspNetCore.Mvc.IActionResult] QuizList() on controller api.Controllers.QuizAPIController (api).
2025-10-28 14:16:33.383 +01:00 [INF] Executing OkObjectResult, writing value of type 'System.Linq.Enumerable+SelectListIterator`2[[api.Models.Quiz, api, Version=1.0.0.0, Culture=neutral, PublicKeyToken=null],[api.DTOs.QuizDto, api, Version=1.0.0.0, Culture=neutral, PublicKeyToken=null]]'.
2025-10-28 14:16:33.383 +01:00 [INF] Executed action api.Controllers.QuizAPIController.QuizList (api) in 2.2213ms
2025-10-28 14:16:33.383 +01:00 [INF] Executed endpoint 'api.Controllers.QuizAPIController.QuizList (api)'
2025-10-28 14:16:33.383 +01:00 [INF] Request finished HTTP/1.1 GET http://localhost:5082/api/quizapi/quizlist - 200 161 application/json; charset=utf-8 2.8713ms
2025-10-28 14:16:33.385 +01:00 [INF] Request starting HTTP/1.1 GET http://localhost:5082/api/quizapi/quizlist - null null
2025-10-28 14:16:33.385 +01:00 [INF] CORS policy execution successful.
2025-10-28 14:16:33.385 +01:00 [INF] Executing endpoint 'api.Controllers.QuizAPIController.QuizList (api)'
2025-10-28 14:16:33.386 +01:00 [INF] Route matched with {action = "QuizList", controller = "QuizAPI"}. Executing controller action with signature System.Threading.Tasks.Task`1[Microsoft.AspNetCore.Mvc.IActionResult] QuizList() on controller api.Controllers.QuizAPIController (api).
2025-10-28 14:16:33.388 +01:00 [INF] Executing OkObjectResult, writing value of type 'System.Linq.Enumerable+SelectListIterator`2[[api.Models.Quiz, api, Version=1.0.0.0, Culture=neutral, PublicKeyToken=null],[api.DTOs.QuizDto, api, Version=1.0.0.0, Culture=neutral, PublicKeyToken=null]]'.
2025-10-28 14:16:33.388 +01:00 [INF] Executed action api.Controllers.QuizAPIController.QuizList (api) in 2.4402ms
2025-10-28 14:16:33.388 +01:00 [INF] Executed endpoint 'api.Controllers.QuizAPIController.QuizList (api)'
2025-10-28 14:16:33.388 +01:00 [INF] Request finished HTTP/1.1 GET http://localhost:5082/api/quizapi/quizlist - 200 161 application/json; charset=utf-8 3.2701ms
2025-10-28 14:16:37.967 +01:00 [INF] Request starting HTTP/1.1 GET http://localhost:5082/api/quizapi/3 - null null
2025-10-28 14:16:37.967 +01:00 [INF] CORS policy execution successful.
2025-10-28 14:16:37.967 +01:00 [INF] Executing endpoint 'api.Controllers.QuizAPIController.GetQuiz (api)'
2025-10-28 14:16:37.967 +01:00 [INF] Route matched with {action = "GetQuiz", controller = "QuizAPI"}. Executing controller action with signature System.Threading.Tasks.Task`1[Microsoft.AspNetCore.Mvc.IActionResult] GetQuiz(Int32) on controller api.Controllers.QuizAPIController (api).
2025-10-28 14:16:37.969 +01:00 [INF] Executing OkObjectResult, writing value of type 'api.DTOs.QuizDto'.
2025-10-28 14:16:37.970 +01:00 [INF] Executed action api.Controllers.QuizAPIController.GetQuiz (api) in 2.5305ms
2025-10-28 14:16:37.970 +01:00 [INF] Executed endpoint 'api.Controllers.QuizAPIController.GetQuiz (api)'
2025-10-28 14:16:37.970 +01:00 [INF] Request finished HTTP/1.1 GET http://localhost:5082/api/quizapi/3 - 200 1189 application/json; charset=utf-8 3.0392ms
2025-10-28 14:16:37.973 +01:00 [INF] Request starting HTTP/1.1 GET http://localhost:5082/api/quizapi/3 - null null
2025-10-28 14:16:37.973 +01:00 [INF] CORS policy execution successful.
2025-10-28 14:16:37.974 +01:00 [INF] Executing endpoint 'api.Controllers.QuizAPIController.GetQuiz (api)'
2025-10-28 14:16:37.974 +01:00 [INF] Route matched with {action = "GetQuiz", controller = "QuizAPI"}. Executing controller action with signature System.Threading.Tasks.Task`1[Microsoft.AspNetCore.Mvc.IActionResult] GetQuiz(Int32) on controller api.Controllers.QuizAPIController (api).
2025-10-28 14:16:37.977 +01:00 [INF] Executing OkObjectResult, writing value of type 'api.DTOs.QuizDto'.
2025-10-28 14:16:37.978 +01:00 [INF] Executed action api.Controllers.QuizAPIController.GetQuiz (api) in 4.0678ms
2025-10-28 14:16:37.978 +01:00 [INF] Executed endpoint 'api.Controllers.QuizAPIController.GetQuiz (api)'
2025-10-28 14:16:37.978 +01:00 [INF] Request finished HTTP/1.1 GET http://localhost:5082/api/quizapi/3 - 200 1189 application/json; charset=utf-8 5.5164ms
2025-10-28 14:16:40.134 +01:00 [INF] Request starting HTTP/1.1 GET http://localhost:5082/api/quizapi/quizlist - null null
2025-10-28 14:16:40.134 +01:00 [INF] CORS policy execution successful.
2025-10-28 14:16:40.134 +01:00 [INF] Executing endpoint 'api.Controllers.QuizAPIController.QuizList (api)'
2025-10-28 14:16:40.134 +01:00 [INF] Route matched with {action = "QuizList", controller = "QuizAPI"}. Executing controller action with signature System.Threading.Tasks.Task`1[Microsoft.AspNetCore.Mvc.IActionResult] QuizList() on controller api.Controllers.QuizAPIController (api).
2025-10-28 14:16:40.138 +01:00 [INF] Executing OkObjectResult, writing value of type 'System.Linq.Enumerable+SelectListIterator`2[[api.Models.Quiz, api, Version=1.0.0.0, Culture=neutral, PublicKeyToken=null],[api.DTOs.QuizDto, api, Version=1.0.0.0, Culture=neutral, PublicKeyToken=null]]'.
2025-10-28 14:16:40.138 +01:00 [INF] Executed action api.Controllers.QuizAPIController.QuizList (api) in 4.1014ms
2025-10-28 14:16:40.138 +01:00 [INF] Executed endpoint 'api.Controllers.QuizAPIController.QuizList (api)'
2025-10-28 14:16:40.139 +01:00 [INF] Request finished HTTP/1.1 GET http://localhost:5082/api/quizapi/quizlist - 200 161 application/json; charset=utf-8 5.0059ms
2025-10-28 14:16:40.141 +01:00 [INF] Request starting HTTP/1.1 GET http://localhost:5082/api/quizapi/quizlist - null null
2025-10-28 14:16:40.142 +01:00 [INF] CORS policy execution successful.
2025-10-28 14:16:40.142 +01:00 [INF] Executing endpoint 'api.Controllers.QuizAPIController.QuizList (api)'
2025-10-28 14:16:40.142 +01:00 [INF] Route matched with {action = "QuizList", controller = "QuizAPI"}. Executing controller action with signature System.Threading.Tasks.Task`1[Microsoft.AspNetCore.Mvc.IActionResult] QuizList() on controller api.Controllers.QuizAPIController (api).
2025-10-28 14:16:40.159 +01:00 [INF] Executing OkObjectResult, writing value of type 'System.Linq.Enumerable+SelectListIterator`2[[api.Models.Quiz, api, Version=1.0.0.0, Culture=neutral, PublicKeyToken=null],[api.DTOs.QuizDto, api, Version=1.0.0.0, Culture=neutral, PublicKeyToken=null]]'.
2025-10-28 14:16:40.161 +01:00 [INF] Executed action api.Controllers.QuizAPIController.QuizList (api) in 18.3264ms
2025-10-28 14:16:40.161 +01:00 [INF] Executed endpoint 'api.Controllers.QuizAPIController.QuizList (api)'
2025-10-28 14:16:40.161 +01:00 [INF] Request finished HTTP/1.1 GET http://localhost:5082/api/quizapi/quizlist - 200 161 application/json; charset=utf-8 20.1483ms
2025-10-28 14:17:12.740 +01:00 [INF] Request starting HTTP/1.1 GET http://localhost:5082/api/quizapi/quizlist - null null
2025-10-28 14:17:12.744 +01:00 [INF] CORS policy execution successful.
2025-10-28 14:17:12.744 +01:00 [INF] Executing endpoint 'api.Controllers.QuizAPIController.QuizList (api)'
2025-10-28 14:17:12.745 +01:00 [INF] Route matched with {action = "QuizList", controller = "QuizAPI"}. Executing controller action with signature System.Threading.Tasks.Task`1[Microsoft.AspNetCore.Mvc.IActionResult] QuizList() on controller api.Controllers.QuizAPIController (api).
2025-10-28 14:17:12.751 +01:00 [INF] Executing OkObjectResult, writing value of type 'System.Linq.Enumerable+SelectListIterator`2[[api.Models.Quiz, api, Version=1.0.0.0, Culture=neutral, PublicKeyToken=null],[api.DTOs.QuizDto, api, Version=1.0.0.0, Culture=neutral, PublicKeyToken=null]]'.
2025-10-28 14:17:12.751 +01:00 [INF] Executed action api.Controllers.QuizAPIController.QuizList (api) in 6.5074ms
2025-10-28 14:17:12.751 +01:00 [INF] Executed endpoint 'api.Controllers.QuizAPIController.QuizList (api)'
2025-10-28 14:17:12.752 +01:00 [INF] Request finished HTTP/1.1 GET http://localhost:5082/api/quizapi/quizlist - 200 161 application/json; charset=utf-8 12.3289ms
2025-10-28 14:17:12.753 +01:00 [INF] Request starting HTTP/1.1 GET http://localhost:5082/api/quizapi/quizlist - null null
2025-10-28 14:17:12.754 +01:00 [INF] CORS policy execution successful.
2025-10-28 14:17:12.754 +01:00 [INF] Executing endpoint 'api.Controllers.QuizAPIController.QuizList (api)'
2025-10-28 14:17:12.754 +01:00 [INF] Route matched with {action = "QuizList", controller = "QuizAPI"}. Executing controller action with signature System.Threading.Tasks.Task`1[Microsoft.AspNetCore.Mvc.IActionResult] QuizList() on controller api.Controllers.QuizAPIController (api).
2025-10-28 14:17:12.762 +01:00 [INF] Executing OkObjectResult, writing value of type 'System.Linq.Enumerable+SelectListIterator`2[[api.Models.Quiz, api, Version=1.0.0.0, Culture=neutral, PublicKeyToken=null],[api.DTOs.QuizDto, api, Version=1.0.0.0, Culture=neutral, PublicKeyToken=null]]'.
2025-10-28 14:17:12.763 +01:00 [INF] Executed action api.Controllers.QuizAPIController.QuizList (api) in 8.7813ms
2025-10-28 14:17:12.763 +01:00 [INF] Executed endpoint 'api.Controllers.QuizAPIController.QuizList (api)'
2025-10-28 14:17:12.764 +01:00 [INF] Request finished HTTP/1.1 GET http://localhost:5082/api/quizapi/quizlist - 200 161 application/json; charset=utf-8 10.3906ms
2025-10-28 14:17:29.803 +01:00 [INF] Application is shutting down...
