2025-11-08 20:07:22.913 +01:00 [INF] User profile is available. Using 'C:\Users\Admin\AppData\Local\ASP.NET\DataProtection-Keys' as key repository and Windows DPAPI to encrypt keys at rest.
2025-11-08 20:07:23.102 +01:00 [INF] Now listening on: http://localhost:5082
2025-11-08 20:07:23.108 +01:00 [INF] Application started. Press Ctrl+C to shut down.
2025-11-08 20:07:23.109 +01:00 [INF] Hosting environment: Development
2025-11-08 20:07:23.109 +01:00 [INF] Content root path: C:\Users\Admin\OneDrive - OsloMet\FinalExamITPE3200\EXAMFAM\api
2025-11-08 20:07:49.881 +01:00 [INF] Request starting HTTP/1.1 GET http://localhost:5082/api/quizapi/quizlist - null null
2025-11-08 20:07:50.041 +01:00 [INF] CORS policy execution successful.
2025-11-08 20:07:50.459 +01:00 [INF] Executing endpoint 'api.Controllers.QuizAPIController.QuizList (api)'
2025-11-08 20:07:50.530 +01:00 [INF] Route matched with {action = "QuizList", controller = "QuizAPI"}. Executing controller action with signature System.Threading.Tasks.Task`1[Microsoft.AspNetCore.Mvc.IActionResult] QuizList() on controller api.Controllers.QuizAPIController (api).
2025-11-08 20:07:52.198 +01:00 [WRN] Compiling a query which loads related collections for more than one collection navigation, either via 'Include' or through projection, but no 'QuerySplittingBehavior' has been configured. By default, Entity Framework will use 'QuerySplittingBehavior.SingleQuery', which can potentially result in slow query performance. See https://go.microsoft.com/fwlink/?linkid=2134277 for more information. To identify the query that's triggering this warning call 'ConfigureWarnings(w => w.Throw(RelationalEventId.MultipleCollectionIncludeWarning))'.
2025-11-08 20:07:52.460 +01:00 [INF] Executing OkObjectResult, writing value of type 'System.Linq.Enumerable+SelectListIterator`2[[api.Models.Quiz, api, Version=1.0.0.0, Culture=neutral, PublicKeyToken=null],[api.DTOs.QuizDto, api, Version=1.0.0.0, Culture=neutral, PublicKeyToken=null]]'.
2025-11-08 20:07:52.602 +01:00 [INF] Executed action api.Controllers.QuizAPIController.QuizList (api) in 2064.8615ms
2025-11-08 20:07:52.604 +01:00 [INF] Executed endpoint 'api.Controllers.QuizAPIController.QuizList (api)'
2025-11-08 20:07:52.619 +01:00 [INF] Request finished HTTP/1.1 GET http://localhost:5082/api/quizapi/quizlist - 200 377 application/json; charset=utf-8 2751.1137ms
2025-11-08 20:07:52.625 +01:00 [INF] Request starting HTTP/1.1 GET http://localhost:5082/api/quizapi/quizlist - null null
2025-11-08 20:07:52.629 +01:00 [INF] CORS policy execution successful.
2025-11-08 20:07:52.633 +01:00 [INF] Executing endpoint 'api.Controllers.QuizAPIController.QuizList (api)'
2025-11-08 20:07:52.634 +01:00 [INF] Route matched with {action = "QuizList", controller = "QuizAPI"}. Executing controller action with signature System.Threading.Tasks.Task`1[Microsoft.AspNetCore.Mvc.IActionResult] QuizList() on controller api.Controllers.QuizAPIController (api).
2025-11-08 20:07:52.661 +01:00 [INF] Executing OkObjectResult, writing value of type 'System.Linq.Enumerable+SelectListIterator`2[[api.Models.Quiz, api, Version=1.0.0.0, Culture=neutral, PublicKeyToken=null],[api.DTOs.QuizDto, api, Version=1.0.0.0, Culture=neutral, PublicKeyToken=null]]'.
2025-11-08 20:07:52.662 +01:00 [INF] Executed action api.Controllers.QuizAPIController.QuizList (api) in 27.8272ms
2025-11-08 20:07:52.663 +01:00 [INF] Executed endpoint 'api.Controllers.QuizAPIController.QuizList (api)'
2025-11-08 20:07:52.664 +01:00 [INF] Request finished HTTP/1.1 GET http://localhost:5082/api/quizapi/quizlist - 200 377 application/json; charset=utf-8 38.236ms
2025-11-08 20:07:55.938 +01:00 [INF] Request starting HTTP/1.1 GET http://localhost:5082/api/quizapi/10 - null null
2025-11-08 20:07:55.941 +01:00 [INF] CORS policy execution successful.
2025-11-08 20:07:55.946 +01:00 [INF] Executing endpoint 'api.Controllers.QuizAPIController.GetQuiz (api)'
2025-11-08 20:07:55.965 +01:00 [INF] Route matched with {action = "GetQuiz", controller = "QuizAPI"}. Executing controller action with signature System.Threading.Tasks.Task`1[Microsoft.AspNetCore.Mvc.IActionResult] GetQuiz(Int32) on controller api.Controllers.QuizAPIController (api).
2025-11-08 20:07:56.088 +01:00 [WRN] Compiling a query which loads related collections for more than one collection navigation, either via 'Include' or through projection, but no 'QuerySplittingBehavior' has been configured. By default, Entity Framework will use 'QuerySplittingBehavior.SingleQuery', which can potentially result in slow query performance. See https://go.microsoft.com/fwlink/?linkid=2134277 for more information. To identify the query that's triggering this warning call 'ConfigureWarnings(w => w.Throw(RelationalEventId.MultipleCollectionIncludeWarning))'.
2025-11-08 20:07:56.110 +01:00 [INF] Executing OkObjectResult, writing value of type 'api.Models.Quiz'.
2025-11-08 20:07:56.138 +01:00 [INF] Executed action api.Controllers.QuizAPIController.GetQuiz (api) in 172.1756ms
2025-11-08 20:07:56.138 +01:00 [INF] Executed endpoint 'api.Controllers.QuizAPIController.GetQuiz (api)'
2025-11-08 20:07:56.139 +01:00 [INF] Request finished HTTP/1.1 GET http://localhost:5082/api/quizapi/10 - 200 258 application/json; charset=utf-8 200.4751ms
2025-11-08 20:07:56.141 +01:00 [INF] Request starting HTTP/1.1 GET http://localhost:5082/api/quizapi/10 - null null
2025-11-08 20:07:56.142 +01:00 [INF] CORS policy execution successful.
2025-11-08 20:07:56.142 +01:00 [INF] Executing endpoint 'api.Controllers.QuizAPIController.GetQuiz (api)'
2025-11-08 20:07:56.142 +01:00 [INF] Route matched with {action = "GetQuiz", controller = "QuizAPI"}. Executing controller action with signature System.Threading.Tasks.Task`1[Microsoft.AspNetCore.Mvc.IActionResult] GetQuiz(Int32) on controller api.Controllers.QuizAPIController (api).
2025-11-08 20:07:56.153 +01:00 [INF] Executing OkObjectResult, writing value of type 'api.Models.Quiz'.
2025-11-08 20:07:56.154 +01:00 [INF] Executed action api.Controllers.QuizAPIController.GetQuiz (api) in 11.4142ms
2025-11-08 20:07:56.155 +01:00 [INF] Executed endpoint 'api.Controllers.QuizAPIController.GetQuiz (api)'
2025-11-08 20:07:56.156 +01:00 [INF] Request finished HTTP/1.1 GET http://localhost:5082/api/quizapi/10 - 200 258 application/json; charset=utf-8 14.581ms
2025-11-08 20:08:15.965 +01:00 [INF] Request starting HTTP/1.1 GET http://localhost:5082/api/quizapi/quizlist - null null
2025-11-08 20:08:15.967 +01:00 [INF] CORS policy execution successful.
2025-11-08 20:08:15.967 +01:00 [INF] Executing endpoint 'api.Controllers.QuizAPIController.QuizList (api)'
2025-11-08 20:08:15.967 +01:00 [INF] Route matched with {action = "QuizList", controller = "QuizAPI"}. Executing controller action with signature System.Threading.Tasks.Task`1[Microsoft.AspNetCore.Mvc.IActionResult] QuizList() on controller api.Controllers.QuizAPIController (api).
2025-11-08 20:08:15.977 +01:00 [INF] Executing OkObjectResult, writing value of type 'System.Linq.Enumerable+SelectListIterator`2[[api.Models.Quiz, api, Version=1.0.0.0, Culture=neutral, PublicKeyToken=null],[api.DTOs.QuizDto, api, Version=1.0.0.0, Culture=neutral, PublicKeyToken=null]]'.
2025-11-08 20:08:15.978 +01:00 [INF] Executed action api.Controllers.QuizAPIController.QuizList (api) in 10.0658ms
2025-11-08 20:08:15.978 +01:00 [INF] Executed endpoint 'api.Controllers.QuizAPIController.QuizList (api)'
2025-11-08 20:08:15.978 +01:00 [INF] Request finished HTTP/1.1 GET http://localhost:5082/api/quizapi/quizlist - 200 377 application/json; charset=utf-8 12.7273ms
2025-11-08 20:08:15.980 +01:00 [INF] Request starting HTTP/1.1 GET http://localhost:5082/api/quizapi/quizlist - null null
2025-11-08 20:08:15.981 +01:00 [INF] CORS policy execution successful.
2025-11-08 20:08:15.982 +01:00 [INF] Executing endpoint 'api.Controllers.QuizAPIController.QuizList (api)'
2025-11-08 20:08:15.982 +01:00 [INF] Route matched with {action = "QuizList", controller = "QuizAPI"}. Executing controller action with signature System.Threading.Tasks.Task`1[Microsoft.AspNetCore.Mvc.IActionResult] QuizList() on controller api.Controllers.QuizAPIController (api).
2025-11-08 20:08:15.989 +01:00 [INF] Executing OkObjectResult, writing value of type 'System.Linq.Enumerable+SelectListIterator`2[[api.Models.Quiz, api, Version=1.0.0.0, Culture=neutral, PublicKeyToken=null],[api.DTOs.QuizDto, api, Version=1.0.0.0, Culture=neutral, PublicKeyToken=null]]'.
2025-11-08 20:08:15.989 +01:00 [INF] Executed action api.Controllers.QuizAPIController.QuizList (api) in 6.9888ms
2025-11-08 20:08:15.990 +01:00 [INF] Executed endpoint 'api.Controllers.QuizAPIController.QuizList (api)'
2025-11-08 20:08:15.990 +01:00 [INF] Request finished HTTP/1.1 GET http://localhost:5082/api/quizapi/quizlist - 200 377 application/json; charset=utf-8 9.7771ms
2025-11-08 20:08:18.313 +01:00 [INF] Request starting HTTP/1.1 GET http://localhost:5082/api/takequizapi/takequizlist - null null
2025-11-08 20:08:18.314 +01:00 [INF] CORS policy execution successful.
2025-11-08 20:08:18.315 +01:00 [INF] Executing endpoint 'api.Controllers.TakeQuizApiController.GetAllQuizzes (api)'
2025-11-08 20:08:18.324 +01:00 [INF] Route matched with {action = "GetAllQuizzes", controller = "TakeQuizApi"}. Executing controller action with signature System.Threading.Tasks.Task`1[Microsoft.AspNetCore.Mvc.IActionResult] GetAllQuizzes() on controller api.Controllers.TakeQuizApiController (api).
2025-11-08 20:08:18.336 +01:00 [INF] Executing OkObjectResult, writing value of type 'System.Collections.Generic.List`1[[api.DTOs.QuizDto, api, Version=1.0.0.0, Culture=neutral, PublicKeyToken=null]]'.
2025-11-08 20:08:18.338 +01:00 [INF] Executed action api.Controllers.TakeQuizApiController.GetAllQuizzes (api) in 13.2839ms
2025-11-08 20:08:18.338 +01:00 [INF] Executed endpoint 'api.Controllers.TakeQuizApiController.GetAllQuizzes (api)'
2025-11-08 20:08:18.338 +01:00 [INF] Request finished HTTP/1.1 GET http://localhost:5082/api/takequizapi/takequizlist - 200 377 application/json; charset=utf-8 25.1682ms
2025-11-08 20:08:18.340 +01:00 [INF] Request starting HTTP/1.1 GET http://localhost:5082/api/takequizapi/takequizlist - null null
2025-11-08 20:08:18.342 +01:00 [INF] CORS policy execution successful.
2025-11-08 20:08:18.342 +01:00 [INF] Executing endpoint 'api.Controllers.TakeQuizApiController.GetAllQuizzes (api)'
2025-11-08 20:08:18.343 +01:00 [INF] Route matched with {action = "GetAllQuizzes", controller = "TakeQuizApi"}. Executing controller action with signature System.Threading.Tasks.Task`1[Microsoft.AspNetCore.Mvc.IActionResult] GetAllQuizzes() on controller api.Controllers.TakeQuizApiController (api).
2025-11-08 20:08:18.353 +01:00 [INF] Executing OkObjectResult, writing value of type 'System.Collections.Generic.List`1[[api.DTOs.QuizDto, api, Version=1.0.0.0, Culture=neutral, PublicKeyToken=null]]'.
2025-11-08 20:08:18.353 +01:00 [INF] Executed action api.Controllers.TakeQuizApiController.GetAllQuizzes (api) in 10.4516ms
2025-11-08 20:08:18.353 +01:00 [INF] Executed endpoint 'api.Controllers.TakeQuizApiController.GetAllQuizzes (api)'
2025-11-08 20:08:18.354 +01:00 [INF] Request finished HTTP/1.1 GET http://localhost:5082/api/takequizapi/takequizlist - 200 377 application/json; charset=utf-8 13.6075ms
2025-11-08 20:08:20.414 +01:00 [INF] Request starting HTTP/1.1 GET http://localhost:5082/api/takequizapi/2 - null null
2025-11-08 20:08:20.414 +01:00 [INF] CORS policy execution successful.
2025-11-08 20:08:20.415 +01:00 [INF] Executing endpoint 'api.Controllers.TakeQuizApiController.GetQuiz (api)'
2025-11-08 20:08:20.424 +01:00 [INF] Route matched with {action = "GetQuiz", controller = "TakeQuizApi"}. Executing controller action with signature System.Threading.Tasks.Task`1[Microsoft.AspNetCore.Mvc.IActionResult] GetQuiz(Int32) on controller api.Controllers.TakeQuizApiController (api).
2025-11-08 20:08:20.432 +01:00 [INF] Executing OkObjectResult, writing value of type 'api.DTOs.QuizDto'.
2025-11-08 20:08:20.439 +01:00 [INF] Executed action api.Controllers.TakeQuizApiController.GetQuiz (api) in 14.4074ms
2025-11-08 20:08:20.439 +01:00 [INF] Executed endpoint 'api.Controllers.TakeQuizApiController.GetQuiz (api)'
2025-11-08 20:08:20.439 +01:00 [INF] Request finished HTTP/1.1 GET http://localhost:5082/api/takequizapi/2 - 200 870 application/json; charset=utf-8 25.0837ms
2025-11-08 20:08:20.442 +01:00 [INF] Request starting HTTP/1.1 GET http://localhost:5082/api/takequizapi/2 - null null
2025-11-08 20:08:20.442 +01:00 [INF] CORS policy execution successful.
2025-11-08 20:08:20.443 +01:00 [INF] Executing endpoint 'api.Controllers.TakeQuizApiController.GetQuiz (api)'
2025-11-08 20:08:20.443 +01:00 [INF] Route matched with {action = "GetQuiz", controller = "TakeQuizApi"}. Executing controller action with signature System.Threading.Tasks.Task`1[Microsoft.AspNetCore.Mvc.IActionResult] GetQuiz(Int32) on controller api.Controllers.TakeQuizApiController (api).
2025-11-08 20:08:20.450 +01:00 [INF] Executing OkObjectResult, writing value of type 'api.DTOs.QuizDto'.
2025-11-08 20:08:20.451 +01:00 [INF] Executed action api.Controllers.TakeQuizApiController.GetQuiz (api) in 7.7558ms
2025-11-08 20:08:20.451 +01:00 [INF] Executed endpoint 'api.Controllers.TakeQuizApiController.GetQuiz (api)'
2025-11-08 20:08:20.453 +01:00 [INF] Request finished HTTP/1.1 GET http://localhost:5082/api/takequizapi/2 - 200 870 application/json; charset=utf-8 10.7118ms
2025-11-08 20:08:43.768 +01:00 [INF] Application is shutting down...
