2025-11-08 14:12:09.638 +01:00 [INF] User profile is available. Using 'C:\Users\Admin\AppData\Local\ASP.NET\DataProtection-Keys' as key repository and Windows DPAPI to encrypt keys at rest.
2025-11-08 14:12:09.713 +01:00 [INF] Now listening on: http://localhost:5082
2025-11-08 14:12:09.716 +01:00 [INF] Application started. Press Ctrl+C to shut down.
2025-11-08 14:12:09.717 +01:00 [INF] Hosting environment: Development
2025-11-08 14:12:09.717 +01:00 [INF] Content root path: C:\Users\Admin\OneDrive - OsloMet\FinalExamITPE3200\EXAMFAM\api
2025-11-08 14:12:22.128 +01:00 [INF] Request starting HTTP/1.1 OPTIONS http://localhost:5082/api/Auth/login - null null
2025-11-08 14:12:22.166 +01:00 [INF] CORS policy execution successful.
2025-11-08 14:12:22.179 +01:00 [INF] Request finished HTTP/1.1 OPTIONS http://localhost:5082/api/Auth/login - 204 null null 53.2007ms
2025-11-08 14:12:22.183 +01:00 [INF] Request starting HTTP/1.1 POST http://localhost:5082/api/Auth/login - application/json 48
2025-11-08 14:12:22.189 +01:00 [INF] CORS policy execution successful.
2025-11-08 14:12:22.285 +01:00 [INF] Executing endpoint 'api.Controllers.AuthController.Login (api)'
2025-11-08 14:12:22.321 +01:00 [INF] Route matched with {action = "Login", controller = "Auth"}. Executing controller action with signature System.Threading.Tasks.Task`1[Microsoft.AspNetCore.Mvc.IActionResult] Login(api.DTOs.LoginDto) on controller api.Controllers.AuthController (api).
2025-11-08 14:12:23.605 +01:00 [INF] [AuthAPIController] user authorised for eksempel1234
2025-11-08 14:12:23.610 +01:00 [INF] [AuthAPIController] JWT token created for eksempel1234
2025-11-08 14:12:23.642 +01:00 [INF] Executing OkObjectResult, writing value of type '<>f__AnonymousType1`1[[System.String, System.Private.CoreLib, Version=8.0.0.0, Culture=neutral, PublicKeyToken=7cec85d7bea7798e]]'.
2025-11-08 14:12:23.673 +01:00 [INF] Executed action api.Controllers.AuthController.Login (api) in 1347.4853ms
2025-11-08 14:12:23.673 +01:00 [INF] Executed endpoint 'api.Controllers.AuthController.Login (api)'
2025-11-08 14:12:23.681 +01:00 [INF] Request finished HTTP/1.1 POST http://localhost:5082/api/Auth/login - 200 496 application/json; charset=utf-8 1497.7945ms
2025-11-08 14:12:26.709 +01:00 [INF] Request starting HTTP/1.1 GET http://localhost:5082/api/quizapi/quizlist - null null
2025-11-08 14:12:26.716 +01:00 [INF] CORS policy execution successful.
2025-11-08 14:12:26.717 +01:00 [INF] Executing endpoint 'api.Controllers.QuizAPIController.QuizList (api)'
2025-11-08 14:12:26.729 +01:00 [INF] Route matched with {action = "QuizList", controller = "QuizAPI"}. Executing controller action with signature System.Threading.Tasks.Task`1[Microsoft.AspNetCore.Mvc.IActionResult] QuizList() on controller api.Controllers.QuizAPIController (api).
2025-11-08 14:12:26.980 +01:00 [WRN] Compiling a query which loads related collections for more than one collection navigation, either via 'Include' or through projection, but no 'QuerySplittingBehavior' has been configured. By default, Entity Framework will use 'QuerySplittingBehavior.SingleQuery', which can potentially result in slow query performance. See https://go.microsoft.com/fwlink/?linkid=2134277 for more information. To identify the query that's triggering this warning call 'ConfigureWarnings(w => w.Throw(RelationalEventId.MultipleCollectionIncludeWarning))'.
2025-11-08 14:12:27.058 +01:00 [INF] Executing OkObjectResult, writing value of type 'System.Linq.Enumerable+SelectListIterator`2[[api.Models.Quiz, api, Version=1.0.0.0, Culture=neutral, PublicKeyToken=null],[api.DTOs.QuizDto, api, Version=1.0.0.0, Culture=neutral, PublicKeyToken=null]]'.
2025-11-08 14:12:27.068 +01:00 [INF] Executed action api.Controllers.QuizAPIController.QuizList (api) in 338.9484ms
2025-11-08 14:12:27.068 +01:00 [INF] Executed endpoint 'api.Controllers.QuizAPIController.QuizList (api)'
2025-11-08 14:12:27.069 +01:00 [INF] Request finished HTTP/1.1 GET http://localhost:5082/api/quizapi/quizlist - 200 330 application/json; charset=utf-8 359.7671ms
2025-11-08 14:12:27.071 +01:00 [INF] Request starting HTTP/1.1 GET http://localhost:5082/api/quizapi/quizlist - null null
2025-11-08 14:12:27.073 +01:00 [INF] CORS policy execution successful.
2025-11-08 14:12:27.076 +01:00 [INF] Executing endpoint 'api.Controllers.QuizAPIController.QuizList (api)'
2025-11-08 14:12:27.076 +01:00 [INF] Route matched with {action = "QuizList", controller = "QuizAPI"}. Executing controller action with signature System.Threading.Tasks.Task`1[Microsoft.AspNetCore.Mvc.IActionResult] QuizList() on controller api.Controllers.QuizAPIController (api).
2025-11-08 14:12:27.096 +01:00 [INF] Executing OkObjectResult, writing value of type 'System.Linq.Enumerable+SelectListIterator`2[[api.Models.Quiz, api, Version=1.0.0.0, Culture=neutral, PublicKeyToken=null],[api.DTOs.QuizDto, api, Version=1.0.0.0, Culture=neutral, PublicKeyToken=null]]'.
2025-11-08 14:12:27.097 +01:00 [INF] Executed action api.Controllers.QuizAPIController.QuizList (api) in 20.7055ms
2025-11-08 14:12:27.097 +01:00 [INF] Executed endpoint 'api.Controllers.QuizAPIController.QuizList (api)'
2025-11-08 14:12:27.097 +01:00 [INF] Request finished HTTP/1.1 GET http://localhost:5082/api/quizapi/quizlist - 200 330 application/json; charset=utf-8 25.9112ms
2025-11-08 14:12:33.656 +01:00 [INF] Request starting HTTP/1.1 GET http://localhost:5082/api/quizapi/8 - null null
2025-11-08 14:12:33.656 +01:00 [INF] CORS policy execution successful.
2025-11-08 14:12:33.657 +01:00 [INF] Executing endpoint 'api.Controllers.QuizAPIController.GetQuiz (api)'
2025-11-08 14:12:33.664 +01:00 [INF] Route matched with {action = "GetQuiz", controller = "QuizAPI"}. Executing controller action with signature System.Threading.Tasks.Task`1[Microsoft.AspNetCore.Mvc.IActionResult] GetQuiz(Int32) on controller api.Controllers.QuizAPIController (api).
2025-11-08 14:12:33.685 +01:00 [WRN] Compiling a query which loads related collections for more than one collection navigation, either via 'Include' or through projection, but no 'QuerySplittingBehavior' has been configured. By default, Entity Framework will use 'QuerySplittingBehavior.SingleQuery', which can potentially result in slow query performance. See https://go.microsoft.com/fwlink/?linkid=2134277 for more information. To identify the query that's triggering this warning call 'ConfigureWarnings(w => w.Throw(RelationalEventId.MultipleCollectionIncludeWarning))'.
2025-11-08 14:12:33.691 +01:00 [INF] Executing OkObjectResult, writing value of type 'api.Models.Quiz'.
2025-11-08 14:12:33.698 +01:00 [INF] Executed action api.Controllers.QuizAPIController.GetQuiz (api) in 33.8358ms
2025-11-08 14:12:33.698 +01:00 [INF] Executed endpoint 'api.Controllers.QuizAPIController.GetQuiz (api)'
2025-11-08 14:12:33.698 +01:00 [INF] Request finished HTTP/1.1 GET http://localhost:5082/api/quizapi/8 - 200 244 application/json; charset=utf-8 42.8707ms
2025-11-08 14:12:33.700 +01:00 [INF] Request starting HTTP/1.1 GET http://localhost:5082/api/quizapi/8 - null null
2025-11-08 14:12:33.700 +01:00 [INF] CORS policy execution successful.
2025-11-08 14:12:33.701 +01:00 [INF] Executing endpoint 'api.Controllers.QuizAPIController.GetQuiz (api)'
2025-11-08 14:12:33.701 +01:00 [INF] Route matched with {action = "GetQuiz", controller = "QuizAPI"}. Executing controller action with signature System.Threading.Tasks.Task`1[Microsoft.AspNetCore.Mvc.IActionResult] GetQuiz(Int32) on controller api.Controllers.QuizAPIController (api).
2025-11-08 14:12:33.707 +01:00 [INF] Executing OkObjectResult, writing value of type 'api.Models.Quiz'.
2025-11-08 14:12:33.708 +01:00 [INF] Executed action api.Controllers.QuizAPIController.GetQuiz (api) in 7.3027ms
2025-11-08 14:12:33.708 +01:00 [INF] Executed endpoint 'api.Controllers.QuizAPIController.GetQuiz (api)'
2025-11-08 14:12:33.708 +01:00 [INF] Request finished HTTP/1.1 GET http://localhost:5082/api/quizapi/8 - 200 244 application/json; charset=utf-8 8.4165ms
2025-11-08 14:17:38.643 +01:00 [INF] Application is shutting down...
