2025-11-08 17:18:06.743 +01:00 [INF] User profile is available. Using 'C:\Users\Admin\AppData\Local\ASP.NET\DataProtection-Keys' as key repository and Windows DPAPI to encrypt keys at rest.
2025-11-08 17:18:06.818 +01:00 [INF] Now listening on: http://localhost:5082
2025-11-08 17:18:06.821 +01:00 [INF] Application started. Press Ctrl+C to shut down.
2025-11-08 17:18:06.821 +01:00 [INF] Hosting environment: Development
2025-11-08 17:18:06.822 +01:00 [INF] Content root path: C:\Users\Admin\OneDrive - OsloMet\FinalExamITPE3200\EXAMFAM\api
2025-11-08 17:18:14.619 +01:00 [INF] Request starting HTTP/1.1 GET http://localhost:5082/api/takequizapi/takequizlist - null null
2025-11-08 17:18:14.670 +01:00 [INF] CORS policy execution successful.
2025-11-08 17:18:14.734 +01:00 [INF] Executing endpoint 'api.Controllers.TakeQuizApiController.GetAllQuizzes (api)'
2025-11-08 17:18:14.765 +01:00 [INF] Route matched with {action = "GetAllQuizzes", controller = "TakeQuizApi"}. Executing controller action with signature System.Threading.Tasks.Task`1[Microsoft.AspNetCore.Mvc.IActionResult] GetAllQuizzes() on controller api.Controllers.TakeQuizApiController (api).
2025-11-08 17:18:15.709 +01:00 [WRN] Compiling a query which loads related collections for more than one collection navigation, either via 'Include' or through projection, but no 'QuerySplittingBehavior' has been configured. By default, Entity Framework will use 'QuerySplittingBehavior.SingleQuery', which can potentially result in slow query performance. See https://go.microsoft.com/fwlink/?linkid=2134277 for more information. To identify the query that's triggering this warning call 'ConfigureWarnings(w => w.Throw(RelationalEventId.MultipleCollectionIncludeWarning))'.
2025-11-08 17:18:15.941 +01:00 [INF] Executing OkObjectResult, writing value of type 'System.Collections.Generic.List`1[[api.DTOs.QuizDto, api, Version=1.0.0.0, Culture=neutral, PublicKeyToken=null]]'.
2025-11-08 17:18:16.039 +01:00 [INF] Executed action api.Controllers.TakeQuizApiController.GetAllQuizzes (api) in 1270.0892ms
2025-11-08 17:18:16.040 +01:00 [INF] Executed endpoint 'api.Controllers.TakeQuizApiController.GetAllQuizzes (api)'
2025-11-08 17:18:16.050 +01:00 [INF] Request finished HTTP/1.1 GET http://localhost:5082/api/takequizapi/takequizlist - 200 330 application/json; charset=utf-8 1432.1351ms
2025-11-08 17:18:16.053 +01:00 [INF] Request starting HTTP/1.1 GET http://localhost:5082/api/takequizapi/takequizlist - null null
2025-11-08 17:18:16.060 +01:00 [INF] CORS policy execution successful.
2025-11-08 17:18:16.064 +01:00 [INF] Executing endpoint 'api.Controllers.TakeQuizApiController.GetAllQuizzes (api)'
2025-11-08 17:18:16.065 +01:00 [INF] Route matched with {action = "GetAllQuizzes", controller = "TakeQuizApi"}. Executing controller action with signature System.Threading.Tasks.Task`1[Microsoft.AspNetCore.Mvc.IActionResult] GetAllQuizzes() on controller api.Controllers.TakeQuizApiController (api).
2025-11-08 17:18:16.091 +01:00 [INF] Executing OkObjectResult, writing value of type 'System.Collections.Generic.List`1[[api.DTOs.QuizDto, api, Version=1.0.0.0, Culture=neutral, PublicKeyToken=null]]'.
2025-11-08 17:18:16.093 +01:00 [INF] Executed action api.Controllers.TakeQuizApiController.GetAllQuizzes (api) in 27.1455ms
2025-11-08 17:18:16.093 +01:00 [INF] Executed endpoint 'api.Controllers.TakeQuizApiController.GetAllQuizzes (api)'
2025-11-08 17:18:16.093 +01:00 [INF] Request finished HTTP/1.1 GET http://localhost:5082/api/takequizapi/takequizlist - 200 330 application/json; charset=utf-8 40.3855ms
2025-11-08 17:18:18.085 +01:00 [INF] Request starting HTTP/1.1 GET http://localhost:5082/api/quizapi/quizlist - null null
2025-11-08 17:18:18.088 +01:00 [INF] CORS policy execution successful.
2025-11-08 17:18:18.091 +01:00 [INF] Executing endpoint 'api.Controllers.QuizAPIController.QuizList (api)'
2025-11-08 17:18:18.101 +01:00 [INF] Route matched with {action = "QuizList", controller = "QuizAPI"}. Executing controller action with signature System.Threading.Tasks.Task`1[Microsoft.AspNetCore.Mvc.IActionResult] QuizList() on controller api.Controllers.QuizAPIController (api).
2025-11-08 17:18:18.215 +01:00 [INF] Executing OkObjectResult, writing value of type 'System.Linq.Enumerable+SelectListIterator`2[[api.Models.Quiz, api, Version=1.0.0.0, Culture=neutral, PublicKeyToken=null],[api.DTOs.QuizDto, api, Version=1.0.0.0, Culture=neutral, PublicKeyToken=null]]'.
2025-11-08 17:18:18.218 +01:00 [INF] Executed action api.Controllers.QuizAPIController.QuizList (api) in 116.1004ms
2025-11-08 17:18:18.218 +01:00 [INF] Executed endpoint 'api.Controllers.QuizAPIController.QuizList (api)'
2025-11-08 17:18:18.218 +01:00 [INF] Request finished HTTP/1.1 GET http://localhost:5082/api/quizapi/quizlist - 200 330 application/json; charset=utf-8 133.1924ms
2025-11-08 17:18:18.221 +01:00 [INF] Request starting HTTP/1.1 GET http://localhost:5082/api/quizapi/quizlist - null null
2025-11-08 17:18:18.224 +01:00 [INF] CORS policy execution successful.
2025-11-08 17:18:18.224 +01:00 [INF] Executing endpoint 'api.Controllers.QuizAPIController.QuizList (api)'
2025-11-08 17:18:18.224 +01:00 [INF] Route matched with {action = "QuizList", controller = "QuizAPI"}. Executing controller action with signature System.Threading.Tasks.Task`1[Microsoft.AspNetCore.Mvc.IActionResult] QuizList() on controller api.Controllers.QuizAPIController (api).
2025-11-08 17:18:18.233 +01:00 [INF] Executing OkObjectResult, writing value of type 'System.Linq.Enumerable+SelectListIterator`2[[api.Models.Quiz, api, Version=1.0.0.0, Culture=neutral, PublicKeyToken=null],[api.DTOs.QuizDto, api, Version=1.0.0.0, Culture=neutral, PublicKeyToken=null]]'.
2025-11-08 17:18:18.234 +01:00 [INF] Executed action api.Controllers.QuizAPIController.QuizList (api) in 9.5897ms
2025-11-08 17:18:18.235 +01:00 [INF] Executed endpoint 'api.Controllers.QuizAPIController.QuizList (api)'
2025-11-08 17:18:18.235 +01:00 [INF] Request finished HTTP/1.1 GET http://localhost:5082/api/quizapi/quizlist - 200 330 application/json; charset=utf-8 14.3559ms
2025-11-08 17:18:19.811 +01:00 [INF] Request starting HTTP/1.1 GET http://localhost:5082/api/takequizapi/takequizlist - null null
2025-11-08 17:18:19.813 +01:00 [INF] CORS policy execution successful.
2025-11-08 17:18:19.813 +01:00 [INF] Executing endpoint 'api.Controllers.TakeQuizApiController.GetAllQuizzes (api)'
2025-11-08 17:18:19.813 +01:00 [INF] Route matched with {action = "GetAllQuizzes", controller = "TakeQuizApi"}. Executing controller action with signature System.Threading.Tasks.Task`1[Microsoft.AspNetCore.Mvc.IActionResult] GetAllQuizzes() on controller api.Controllers.TakeQuizApiController (api).
2025-11-08 17:18:19.823 +01:00 [INF] Executing OkObjectResult, writing value of type 'System.Collections.Generic.List`1[[api.DTOs.QuizDto, api, Version=1.0.0.0, Culture=neutral, PublicKeyToken=null]]'.
2025-11-08 17:18:19.825 +01:00 [INF] Executed action api.Controllers.TakeQuizApiController.GetAllQuizzes (api) in 11.3381ms
2025-11-08 17:18:19.825 +01:00 [INF] Executed endpoint 'api.Controllers.TakeQuizApiController.GetAllQuizzes (api)'
2025-11-08 17:18:19.826 +01:00 [INF] Request finished HTTP/1.1 GET http://localhost:5082/api/takequizapi/takequizlist - 200 330 application/json; charset=utf-8 14.851ms
2025-11-08 17:18:19.830 +01:00 [INF] Request starting HTTP/1.1 GET http://localhost:5082/api/takequizapi/takequizlist - null null
2025-11-08 17:18:19.831 +01:00 [INF] CORS policy execution successful.
2025-11-08 17:18:19.831 +01:00 [INF] Executing endpoint 'api.Controllers.TakeQuizApiController.GetAllQuizzes (api)'
2025-11-08 17:18:19.832 +01:00 [INF] Route matched with {action = "GetAllQuizzes", controller = "TakeQuizApi"}. Executing controller action with signature System.Threading.Tasks.Task`1[Microsoft.AspNetCore.Mvc.IActionResult] GetAllQuizzes() on controller api.Controllers.TakeQuizApiController (api).
2025-11-08 17:18:19.839 +01:00 [INF] Executing OkObjectResult, writing value of type 'System.Collections.Generic.List`1[[api.DTOs.QuizDto, api, Version=1.0.0.0, Culture=neutral, PublicKeyToken=null]]'.
2025-11-08 17:18:19.841 +01:00 [INF] Executed action api.Controllers.TakeQuizApiController.GetAllQuizzes (api) in 9.0833ms
2025-11-08 17:18:19.842 +01:00 [INF] Executed endpoint 'api.Controllers.TakeQuizApiController.GetAllQuizzes (api)'
2025-11-08 17:18:19.842 +01:00 [INF] Request finished HTTP/1.1 GET http://localhost:5082/api/takequizapi/takequizlist - 200 330 application/json; charset=utf-8 12.5764ms
2025-11-08 17:20:52.332 +01:00 [INF] Request starting HTTP/1.1 GET http://localhost:5082/api/quizapi/quizlist - null null
2025-11-08 17:20:52.356 +01:00 [INF] CORS policy execution successful.
2025-11-08 17:20:52.364 +01:00 [INF] Executing endpoint 'api.Controllers.QuizAPIController.QuizList (api)'
2025-11-08 17:20:52.370 +01:00 [INF] Route matched with {action = "QuizList", controller = "QuizAPI"}. Executing controller action with signature System.Threading.Tasks.Task`1[Microsoft.AspNetCore.Mvc.IActionResult] QuizList() on controller api.Controllers.QuizAPIController (api).
2025-11-08 17:20:52.443 +01:00 [INF] Executing OkObjectResult, writing value of type 'System.Linq.Enumerable+SelectListIterator`2[[api.Models.Quiz, api, Version=1.0.0.0, Culture=neutral, PublicKeyToken=null],[api.DTOs.QuizDto, api, Version=1.0.0.0, Culture=neutral, PublicKeyToken=null]]'.
2025-11-08 17:20:52.450 +01:00 [INF] Executed action api.Controllers.QuizAPIController.QuizList (api) in 78.7476ms
2025-11-08 17:20:52.450 +01:00 [INF] Executed endpoint 'api.Controllers.QuizAPIController.QuizList (api)'
2025-11-08 17:20:52.451 +01:00 [INF] Request finished HTTP/1.1 GET http://localhost:5082/api/quizapi/quizlist - 200 330 application/json; charset=utf-8 124.6055ms
2025-11-08 17:20:52.454 +01:00 [INF] Request starting HTTP/1.1 GET http://localhost:5082/api/quizapi/quizlist - null null
2025-11-08 17:20:52.454 +01:00 [INF] CORS policy execution successful.
2025-11-08 17:20:52.455 +01:00 [INF] Executing endpoint 'api.Controllers.QuizAPIController.QuizList (api)'
2025-11-08 17:20:52.455 +01:00 [INF] Route matched with {action = "QuizList", controller = "QuizAPI"}. Executing controller action with signature System.Threading.Tasks.Task`1[Microsoft.AspNetCore.Mvc.IActionResult] QuizList() on controller api.Controllers.QuizAPIController (api).
2025-11-08 17:20:52.463 +01:00 [INF] Executing OkObjectResult, writing value of type 'System.Linq.Enumerable+SelectListIterator`2[[api.Models.Quiz, api, Version=1.0.0.0, Culture=neutral, PublicKeyToken=null],[api.DTOs.QuizDto, api, Version=1.0.0.0, Culture=neutral, PublicKeyToken=null]]'.
2025-11-08 17:20:52.464 +01:00 [INF] Executed action api.Controllers.QuizAPIController.QuizList (api) in 8.8047ms
2025-11-08 17:20:52.465 +01:00 [INF] Executed endpoint 'api.Controllers.QuizAPIController.QuizList (api)'
2025-11-08 17:20:52.465 +01:00 [INF] Request finished HTTP/1.1 GET http://localhost:5082/api/quizapi/quizlist - 200 330 application/json; charset=utf-8 11.3314ms
2025-11-08 17:20:53.606 +01:00 [INF] Request starting HTTP/1.1 GET http://localhost:5082/api/takequizapi/takequizlist - null null
2025-11-08 17:20:53.606 +01:00 [INF] CORS policy execution successful.
2025-11-08 17:20:53.607 +01:00 [INF] Executing endpoint 'api.Controllers.TakeQuizApiController.GetAllQuizzes (api)'
2025-11-08 17:20:53.607 +01:00 [INF] Route matched with {action = "GetAllQuizzes", controller = "TakeQuizApi"}. Executing controller action with signature System.Threading.Tasks.Task`1[Microsoft.AspNetCore.Mvc.IActionResult] GetAllQuizzes() on controller api.Controllers.TakeQuizApiController (api).
2025-11-08 17:20:53.617 +01:00 [INF] Executing OkObjectResult, writing value of type 'System.Collections.Generic.List`1[[api.DTOs.QuizDto, api, Version=1.0.0.0, Culture=neutral, PublicKeyToken=null]]'.
2025-11-08 17:20:53.618 +01:00 [INF] Executed action api.Controllers.TakeQuizApiController.GetAllQuizzes (api) in 10.6472ms
2025-11-08 17:20:53.618 +01:00 [INF] Executed endpoint 'api.Controllers.TakeQuizApiController.GetAllQuizzes (api)'
2025-11-08 17:20:53.618 +01:00 [INF] Request finished HTTP/1.1 GET http://localhost:5082/api/takequizapi/takequizlist - 200 330 application/json; charset=utf-8 12.5851ms
2025-11-08 17:20:53.620 +01:00 [INF] Request starting HTTP/1.1 GET http://localhost:5082/api/takequizapi/takequizlist - null null
2025-11-08 17:20:53.620 +01:00 [INF] CORS policy execution successful.
2025-11-08 17:20:53.621 +01:00 [INF] Executing endpoint 'api.Controllers.TakeQuizApiController.GetAllQuizzes (api)'
2025-11-08 17:20:53.621 +01:00 [INF] Route matched with {action = "GetAllQuizzes", controller = "TakeQuizApi"}. Executing controller action with signature System.Threading.Tasks.Task`1[Microsoft.AspNetCore.Mvc.IActionResult] GetAllQuizzes() on controller api.Controllers.TakeQuizApiController (api).
2025-11-08 17:20:53.629 +01:00 [INF] Executing OkObjectResult, writing value of type 'System.Collections.Generic.List`1[[api.DTOs.QuizDto, api, Version=1.0.0.0, Culture=neutral, PublicKeyToken=null]]'.
2025-11-08 17:20:53.630 +01:00 [INF] Executed action api.Controllers.TakeQuizApiController.GetAllQuizzes (api) in 8.9434ms
2025-11-08 17:20:53.630 +01:00 [INF] Executed endpoint 'api.Controllers.TakeQuizApiController.GetAllQuizzes (api)'
2025-11-08 17:20:53.630 +01:00 [INF] Request finished HTTP/1.1 GET http://localhost:5082/api/takequizapi/takequizlist - 200 330 application/json; charset=utf-8 10.2619ms
2025-11-08 17:20:54.977 +01:00 [INF] Request starting HTTP/1.1 GET http://localhost:5082/api/takequizapi/2 - null null
2025-11-08 17:20:54.978 +01:00 [INF] CORS policy execution successful.
2025-11-08 17:20:54.978 +01:00 [INF] Executing endpoint 'api.Controllers.TakeQuizApiController.GetQuiz (api)'
2025-11-08 17:20:55.027 +01:00 [INF] Route matched with {action = "GetQuiz", controller = "TakeQuizApi"}. Executing controller action with signature System.Threading.Tasks.Task`1[Microsoft.AspNetCore.Mvc.IActionResult] GetQuiz(Int32) on controller api.Controllers.TakeQuizApiController (api).
2025-11-08 17:20:55.125 +01:00 [WRN] Compiling a query which loads related collections for more than one collection navigation, either via 'Include' or through projection, but no 'QuerySplittingBehavior' has been configured. By default, Entity Framework will use 'QuerySplittingBehavior.SingleQuery', which can potentially result in slow query performance. See https://go.microsoft.com/fwlink/?linkid=2134277 for more information. To identify the query that's triggering this warning call 'ConfigureWarnings(w => w.Throw(RelationalEventId.MultipleCollectionIncludeWarning))'.
2025-11-08 17:20:55.155 +01:00 [INF] Executing OkObjectResult, writing value of type 'api.DTOs.QuizDto'.
2025-11-08 17:20:55.172 +01:00 [INF] Executed action api.Controllers.TakeQuizApiController.GetQuiz (api) in 144.3363ms
2025-11-08 17:20:55.172 +01:00 [INF] Executed endpoint 'api.Controllers.TakeQuizApiController.GetQuiz (api)'
2025-11-08 17:20:55.172 +01:00 [INF] Request finished HTTP/1.1 GET http://localhost:5082/api/takequizapi/2 - 200 870 application/json; charset=utf-8 194.5779ms
2025-11-08 17:20:55.174 +01:00 [INF] Request starting HTTP/1.1 GET http://localhost:5082/api/takequizapi/2 - null null
2025-11-08 17:20:55.174 +01:00 [INF] CORS policy execution successful.
2025-11-08 17:20:55.175 +01:00 [INF] Executing endpoint 'api.Controllers.TakeQuizApiController.GetQuiz (api)'
2025-11-08 17:20:55.175 +01:00 [INF] Route matched with {action = "GetQuiz", controller = "TakeQuizApi"}. Executing controller action with signature System.Threading.Tasks.Task`1[Microsoft.AspNetCore.Mvc.IActionResult] GetQuiz(Int32) on controller api.Controllers.TakeQuizApiController (api).
2025-11-08 17:20:55.182 +01:00 [INF] Executing OkObjectResult, writing value of type 'api.DTOs.QuizDto'.
2025-11-08 17:20:55.182 +01:00 [INF] Executed action api.Controllers.TakeQuizApiController.GetQuiz (api) in 7.3761ms
2025-11-08 17:20:55.183 +01:00 [INF] Executed endpoint 'api.Controllers.TakeQuizApiController.GetQuiz (api)'
2025-11-08 17:20:55.183 +01:00 [INF] Request finished HTTP/1.1 GET http://localhost:5082/api/takequizapi/2 - 200 870 application/json; charset=utf-8 8.7932ms
2025-11-08 17:20:57.514 +01:00 [INF] Request starting HTTP/1.1 GET http://localhost:5082/api/takequizapi/takequizlist - null null
2025-11-08 17:20:57.514 +01:00 [INF] CORS policy execution successful.
2025-11-08 17:20:57.515 +01:00 [INF] Executing endpoint 'api.Controllers.TakeQuizApiController.GetAllQuizzes (api)'
2025-11-08 17:20:57.515 +01:00 [INF] Route matched with {action = "GetAllQuizzes", controller = "TakeQuizApi"}. Executing controller action with signature System.Threading.Tasks.Task`1[Microsoft.AspNetCore.Mvc.IActionResult] GetAllQuizzes() on controller api.Controllers.TakeQuizApiController (api).
2025-11-08 17:20:57.521 +01:00 [INF] Executing OkObjectResult, writing value of type 'System.Collections.Generic.List`1[[api.DTOs.QuizDto, api, Version=1.0.0.0, Culture=neutral, PublicKeyToken=null]]'.
2025-11-08 17:20:57.521 +01:00 [INF] Executed action api.Controllers.TakeQuizApiController.GetAllQuizzes (api) in 6.3405ms
2025-11-08 17:20:57.521 +01:00 [INF] Executed endpoint 'api.Controllers.TakeQuizApiController.GetAllQuizzes (api)'
2025-11-08 17:20:57.522 +01:00 [INF] Request finished HTTP/1.1 GET http://localhost:5082/api/takequizapi/takequizlist - 200 330 application/json; charset=utf-8 7.9251ms
2025-11-08 17:20:57.524 +01:00 [INF] Request starting HTTP/1.1 GET http://localhost:5082/api/takequizapi/takequizlist - null null
2025-11-08 17:20:57.524 +01:00 [INF] CORS policy execution successful.
2025-11-08 17:20:57.525 +01:00 [INF] Executing endpoint 'api.Controllers.TakeQuizApiController.GetAllQuizzes (api)'
2025-11-08 17:20:57.525 +01:00 [INF] Route matched with {action = "GetAllQuizzes", controller = "TakeQuizApi"}. Executing controller action with signature System.Threading.Tasks.Task`1[Microsoft.AspNetCore.Mvc.IActionResult] GetAllQuizzes() on controller api.Controllers.TakeQuizApiController (api).
2025-11-08 17:20:57.530 +01:00 [INF] Executing OkObjectResult, writing value of type 'System.Collections.Generic.List`1[[api.DTOs.QuizDto, api, Version=1.0.0.0, Culture=neutral, PublicKeyToken=null]]'.
2025-11-08 17:20:57.531 +01:00 [INF] Executed action api.Controllers.TakeQuizApiController.GetAllQuizzes (api) in 5.6416ms
2025-11-08 17:20:57.531 +01:00 [INF] Executed endpoint 'api.Controllers.TakeQuizApiController.GetAllQuizzes (api)'
2025-11-08 17:20:57.531 +01:00 [INF] Request finished HTTP/1.1 GET http://localhost:5082/api/takequizapi/takequizlist - 200 330 application/json; charset=utf-8 7.4005ms
2025-11-08 17:21:13.106 +01:00 [WRN] As of ""2025-11-08T16:21:13.0825186+00:00"", the heartbeat has been running for ""00:00:03.1069199"" which is longer than ""00:00:01"". This could be caused by thread pool starvation.
2025-11-08 17:21:15.772 +01:00 [INF] Request starting HTTP/1.1 GET http://localhost:5082/api/takequizapi/attempts/2 - null null
2025-11-08 17:21:15.786 +01:00 [INF] CORS policy execution successful.
2025-11-08 17:21:15.790 +01:00 [INF] Executing endpoint 'api.Controllers.TakeQuizApiController.GetAttempts (api)'
2025-11-08 17:21:15.831 +01:00 [INF] Route matched with {action = "GetAttempts", controller = "TakeQuizApi"}. Executing controller action with signature System.Threading.Tasks.Task`1[Microsoft.AspNetCore.Mvc.IActionResult] GetAttempts(Int32) on controller api.Controllers.TakeQuizApiController (api).
2025-11-08 17:21:15.989 +01:00 [WRN] Compiling a query which loads related collections for more than one collection navigation, either via 'Include' or through projection, but no 'QuerySplittingBehavior' has been configured. By default, Entity Framework will use 'QuerySplittingBehavior.SingleQuery', which can potentially result in slow query performance. See https://go.microsoft.com/fwlink/?linkid=2134277 for more information. To identify the query that's triggering this warning call 'ConfigureWarnings(w => w.Throw(RelationalEventId.MultipleCollectionIncludeWarning))'.
2025-11-08 17:21:16.065 +01:00 [INF] Executing OkObjectResult, writing value of type 'System.Collections.Generic.List`1[[api.DTOs.QuizResultDto, api, Version=1.0.0.0, Culture=neutral, PublicKeyToken=null]]'.
2025-11-08 17:21:16.076 +01:00 [INF] Executed action api.Controllers.TakeQuizApiController.GetAttempts (api) in 243.9685ms
2025-11-08 17:21:16.076 +01:00 [INF] Executed endpoint 'api.Controllers.TakeQuizApiController.GetAttempts (api)'
2025-11-08 17:21:16.076 +01:00 [INF] Request finished HTTP/1.1 GET http://localhost:5082/api/takequizapi/attempts/2 - 200 1274 application/json; charset=utf-8 304.5006ms
2025-11-08 17:21:16.080 +01:00 [INF] Request starting HTTP/1.1 GET http://localhost:5082/api/takequizapi/attempts/2 - null null
2025-11-08 17:21:16.081 +01:00 [INF] CORS policy execution successful.
2025-11-08 17:21:16.081 +01:00 [INF] Executing endpoint 'api.Controllers.TakeQuizApiController.GetAttempts (api)'
2025-11-08 17:21:16.081 +01:00 [INF] Route matched with {action = "GetAttempts", controller = "TakeQuizApi"}. Executing controller action with signature System.Threading.Tasks.Task`1[Microsoft.AspNetCore.Mvc.IActionResult] GetAttempts(Int32) on controller api.Controllers.TakeQuizApiController (api).
2025-11-08 17:21:16.085 +01:00 [INF] Executing OkObjectResult, writing value of type 'System.Collections.Generic.List`1[[api.DTOs.QuizResultDto, api, Version=1.0.0.0, Culture=neutral, PublicKeyToken=null]]'.
2025-11-08 17:21:16.087 +01:00 [INF] Executed action api.Controllers.TakeQuizApiController.GetAttempts (api) in 5.396ms
2025-11-08 17:21:16.087 +01:00 [INF] Executed endpoint 'api.Controllers.TakeQuizApiController.GetAttempts (api)'
2025-11-08 17:21:16.087 +01:00 [INF] Request finished HTTP/1.1 GET http://localhost:5082/api/takequizapi/attempts/2 - 200 1274 application/json; charset=utf-8 6.5879ms
2025-11-08 17:21:18.961 +01:00 [INF] Request starting HTTP/1.1 GET http://localhost:5082/api/takequizapi/takequizlist - null null
2025-11-08 17:21:18.961 +01:00 [INF] CORS policy execution successful.
2025-11-08 17:21:18.963 +01:00 [INF] Executing endpoint 'api.Controllers.TakeQuizApiController.GetAllQuizzes (api)'
2025-11-08 17:21:18.963 +01:00 [INF] Route matched with {action = "GetAllQuizzes", controller = "TakeQuizApi"}. Executing controller action with signature System.Threading.Tasks.Task`1[Microsoft.AspNetCore.Mvc.IActionResult] GetAllQuizzes() on controller api.Controllers.TakeQuizApiController (api).
2025-11-08 17:21:18.967 +01:00 [INF] Executing OkObjectResult, writing value of type 'System.Collections.Generic.List`1[[api.DTOs.QuizDto, api, Version=1.0.0.0, Culture=neutral, PublicKeyToken=null]]'.
2025-11-08 17:21:18.967 +01:00 [INF] Executed action api.Controllers.TakeQuizApiController.GetAllQuizzes (api) in 4.1148ms
2025-11-08 17:21:18.967 +01:00 [INF] Executed endpoint 'api.Controllers.TakeQuizApiController.GetAllQuizzes (api)'
2025-11-08 17:21:18.968 +01:00 [INF] Request finished HTTP/1.1 GET http://localhost:5082/api/takequizapi/takequizlist - 200 330 application/json; charset=utf-8 7.1828ms
2025-11-08 17:21:18.970 +01:00 [INF] Request starting HTTP/1.1 GET http://localhost:5082/api/takequizapi/takequizlist - null null
2025-11-08 17:21:18.971 +01:00 [INF] CORS policy execution successful.
2025-11-08 17:21:18.971 +01:00 [INF] Executing endpoint 'api.Controllers.TakeQuizApiController.GetAllQuizzes (api)'
2025-11-08 17:21:18.971 +01:00 [INF] Route matched with {action = "GetAllQuizzes", controller = "TakeQuizApi"}. Executing controller action with signature System.Threading.Tasks.Task`1[Microsoft.AspNetCore.Mvc.IActionResult] GetAllQuizzes() on controller api.Controllers.TakeQuizApiController (api).
2025-11-08 17:21:18.974 +01:00 [INF] Executing OkObjectResult, writing value of type 'System.Collections.Generic.List`1[[api.DTOs.QuizDto, api, Version=1.0.0.0, Culture=neutral, PublicKeyToken=null]]'.
2025-11-08 17:21:18.974 +01:00 [INF] Executed action api.Controllers.TakeQuizApiController.GetAllQuizzes (api) in 3.4422ms
2025-11-08 17:21:18.975 +01:00 [INF] Executed endpoint 'api.Controllers.TakeQuizApiController.GetAllQuizzes (api)'
2025-11-08 17:21:18.975 +01:00 [INF] Request finished HTTP/1.1 GET http://localhost:5082/api/takequizapi/takequizlist - 200 330 application/json; charset=utf-8 4.487ms
2025-11-08 17:21:20.991 +01:00 [INF] Request starting HTTP/1.1 GET http://localhost:5082/api/takequizapi/attempts/7 - null null
2025-11-08 17:21:20.994 +01:00 [INF] CORS policy execution successful.
2025-11-08 17:21:20.995 +01:00 [INF] Executing endpoint 'api.Controllers.TakeQuizApiController.GetAttempts (api)'
2025-11-08 17:21:20.995 +01:00 [INF] Route matched with {action = "GetAttempts", controller = "TakeQuizApi"}. Executing controller action with signature System.Threading.Tasks.Task`1[Microsoft.AspNetCore.Mvc.IActionResult] GetAttempts(Int32) on controller api.Controllers.TakeQuizApiController (api).
2025-11-08 17:21:20.998 +01:00 [INF] Executing OkObjectResult, writing value of type 'System.Collections.Generic.List`1[[api.DTOs.QuizResultDto, api, Version=1.0.0.0, Culture=neutral, PublicKeyToken=null]]'.
2025-11-08 17:21:20.999 +01:00 [INF] Executed action api.Controllers.TakeQuizApiController.GetAttempts (api) in 4.1886ms
2025-11-08 17:21:20.999 +01:00 [INF] Executed endpoint 'api.Controllers.TakeQuizApiController.GetAttempts (api)'
2025-11-08 17:21:21.000 +01:00 [INF] Request finished HTTP/1.1 GET http://localhost:5082/api/takequizapi/attempts/7 - 200 98 application/json; charset=utf-8 8.2626ms
2025-11-08 17:21:21.003 +01:00 [INF] Request starting HTTP/1.1 GET http://localhost:5082/api/takequizapi/attempts/7 - null null
2025-11-08 17:21:21.004 +01:00 [INF] CORS policy execution successful.
2025-11-08 17:21:21.004 +01:00 [INF] Executing endpoint 'api.Controllers.TakeQuizApiController.GetAttempts (api)'
2025-11-08 17:21:21.004 +01:00 [INF] Route matched with {action = "GetAttempts", controller = "TakeQuizApi"}. Executing controller action with signature System.Threading.Tasks.Task`1[Microsoft.AspNetCore.Mvc.IActionResult] GetAttempts(Int32) on controller api.Controllers.TakeQuizApiController (api).
2025-11-08 17:21:21.007 +01:00 [INF] Executing OkObjectResult, writing value of type 'System.Collections.Generic.List`1[[api.DTOs.QuizResultDto, api, Version=1.0.0.0, Culture=neutral, PublicKeyToken=null]]'.
2025-11-08 17:21:21.008 +01:00 [INF] Executed action api.Controllers.TakeQuizApiController.GetAttempts (api) in 3.632ms
2025-11-08 17:21:21.008 +01:00 [INF] Executed endpoint 'api.Controllers.TakeQuizApiController.GetAttempts (api)'
2025-11-08 17:21:21.008 +01:00 [INF] Request finished HTTP/1.1 GET http://localhost:5082/api/takequizapi/attempts/7 - 200 98 application/json; charset=utf-8 5.3589ms
2025-11-08 17:21:22.431 +01:00 [INF] Request starting HTTP/1.1 GET http://localhost:5082/api/takequizapi/takequizlist - null null
2025-11-08 17:21:22.432 +01:00 [INF] CORS policy execution successful.
2025-11-08 17:21:22.432 +01:00 [INF] Executing endpoint 'api.Controllers.TakeQuizApiController.GetAllQuizzes (api)'
2025-11-08 17:21:22.432 +01:00 [INF] Route matched with {action = "GetAllQuizzes", controller = "TakeQuizApi"}. Executing controller action with signature System.Threading.Tasks.Task`1[Microsoft.AspNetCore.Mvc.IActionResult] GetAllQuizzes() on controller api.Controllers.TakeQuizApiController (api).
2025-11-08 17:21:22.435 +01:00 [INF] Executing OkObjectResult, writing value of type 'System.Collections.Generic.List`1[[api.DTOs.QuizDto, api, Version=1.0.0.0, Culture=neutral, PublicKeyToken=null]]'.
2025-11-08 17:21:22.436 +01:00 [INF] Executed action api.Controllers.TakeQuizApiController.GetAllQuizzes (api) in 3.8978ms
2025-11-08 17:21:22.436 +01:00 [INF] Executed endpoint 'api.Controllers.TakeQuizApiController.GetAllQuizzes (api)'
2025-11-08 17:21:22.436 +01:00 [INF] Request finished HTTP/1.1 GET http://localhost:5082/api/takequizapi/takequizlist - 200 330 application/json; charset=utf-8 4.5554ms
2025-11-08 17:21:22.438 +01:00 [INF] Request starting HTTP/1.1 GET http://localhost:5082/api/takequizapi/takequizlist - null null
2025-11-08 17:21:22.439 +01:00 [INF] CORS policy execution successful.
2025-11-08 17:21:22.439 +01:00 [INF] Executing endpoint 'api.Controllers.TakeQuizApiController.GetAllQuizzes (api)'
2025-11-08 17:21:22.439 +01:00 [INF] Route matched with {action = "GetAllQuizzes", controller = "TakeQuizApi"}. Executing controller action with signature System.Threading.Tasks.Task`1[Microsoft.AspNetCore.Mvc.IActionResult] GetAllQuizzes() on controller api.Controllers.TakeQuizApiController (api).
2025-11-08 17:21:22.445 +01:00 [INF] Executing OkObjectResult, writing value of type 'System.Collections.Generic.List`1[[api.DTOs.QuizDto, api, Version=1.0.0.0, Culture=neutral, PublicKeyToken=null]]'.
2025-11-08 17:21:22.446 +01:00 [INF] Executed action api.Controllers.TakeQuizApiController.GetAllQuizzes (api) in 6.6188ms
2025-11-08 17:21:22.446 +01:00 [INF] Executed endpoint 'api.Controllers.TakeQuizApiController.GetAllQuizzes (api)'
2025-11-08 17:21:22.446 +01:00 [INF] Request finished HTTP/1.1 GET http://localhost:5082/api/takequizapi/takequizlist - 200 330 application/json; charset=utf-8 8.1378ms
2025-11-08 17:21:23.572 +01:00 [INF] Request starting HTTP/1.1 GET http://localhost:5082/api/takequizapi/attempts/8 - null null
2025-11-08 17:21:23.572 +01:00 [INF] CORS policy execution successful.
2025-11-08 17:21:23.572 +01:00 [INF] Executing endpoint 'api.Controllers.TakeQuizApiController.GetAttempts (api)'
2025-11-08 17:21:23.572 +01:00 [INF] Route matched with {action = "GetAttempts", controller = "TakeQuizApi"}. Executing controller action with signature System.Threading.Tasks.Task`1[Microsoft.AspNetCore.Mvc.IActionResult] GetAttempts(Int32) on controller api.Controllers.TakeQuizApiController (api).
2025-11-08 17:21:23.575 +01:00 [INF] Executing OkObjectResult, writing value of type 'System.Collections.Generic.List`1[[api.DTOs.QuizResultDto, api, Version=1.0.0.0, Culture=neutral, PublicKeyToken=null]]'.
2025-11-08 17:21:23.575 +01:00 [INF] Executed action api.Controllers.TakeQuizApiController.GetAttempts (api) in 3.0392ms
2025-11-08 17:21:23.575 +01:00 [INF] Executed endpoint 'api.Controllers.TakeQuizApiController.GetAttempts (api)'
2025-11-08 17:21:23.575 +01:00 [INF] Request finished HTTP/1.1 GET http://localhost:5082/api/takequizapi/attempts/8 - 200 102 application/json; charset=utf-8 3.8666ms
2025-11-08 17:21:23.579 +01:00 [INF] Request starting HTTP/1.1 GET http://localhost:5082/api/takequizapi/attempts/8 - null null
2025-11-08 17:21:23.579 +01:00 [INF] CORS policy execution successful.
2025-11-08 17:21:23.580 +01:00 [INF] Executing endpoint 'api.Controllers.TakeQuizApiController.GetAttempts (api)'
2025-11-08 17:21:23.580 +01:00 [INF] Route matched with {action = "GetAttempts", controller = "TakeQuizApi"}. Executing controller action with signature System.Threading.Tasks.Task`1[Microsoft.AspNetCore.Mvc.IActionResult] GetAttempts(Int32) on controller api.Controllers.TakeQuizApiController (api).
2025-11-08 17:21:23.584 +01:00 [INF] Executing OkObjectResult, writing value of type 'System.Collections.Generic.List`1[[api.DTOs.QuizResultDto, api, Version=1.0.0.0, Culture=neutral, PublicKeyToken=null]]'.
2025-11-08 17:21:23.584 +01:00 [INF] Executed action api.Controllers.TakeQuizApiController.GetAttempts (api) in 4.0753ms
2025-11-08 17:21:23.584 +01:00 [INF] Executed endpoint 'api.Controllers.TakeQuizApiController.GetAttempts (api)'
2025-11-08 17:21:23.584 +01:00 [INF] Request finished HTTP/1.1 GET http://localhost:5082/api/takequizapi/attempts/8 - 200 102 application/json; charset=utf-8 5.5273ms
2025-11-08 17:21:24.614 +01:00 [INF] Request starting HTTP/1.1 GET http://localhost:5082/api/takequizapi/takequizlist - null null
2025-11-08 17:21:24.614 +01:00 [INF] CORS policy execution successful.
2025-11-08 17:21:24.614 +01:00 [INF] Executing endpoint 'api.Controllers.TakeQuizApiController.GetAllQuizzes (api)'
2025-11-08 17:21:24.614 +01:00 [INF] Route matched with {action = "GetAllQuizzes", controller = "TakeQuizApi"}. Executing controller action with signature System.Threading.Tasks.Task`1[Microsoft.AspNetCore.Mvc.IActionResult] GetAllQuizzes() on controller api.Controllers.TakeQuizApiController (api).
2025-11-08 17:21:24.617 +01:00 [INF] Executing OkObjectResult, writing value of type 'System.Collections.Generic.List`1[[api.DTOs.QuizDto, api, Version=1.0.0.0, Culture=neutral, PublicKeyToken=null]]'.
2025-11-08 17:21:24.617 +01:00 [INF] Executed action api.Controllers.TakeQuizApiController.GetAllQuizzes (api) in 2.9796ms
2025-11-08 17:21:24.617 +01:00 [INF] Executed endpoint 'api.Controllers.TakeQuizApiController.GetAllQuizzes (api)'
2025-11-08 17:21:24.617 +01:00 [INF] Request finished HTTP/1.1 GET http://localhost:5082/api/takequizapi/takequizlist - 200 330 application/json; charset=utf-8 3.5049ms
2025-11-08 17:21:24.619 +01:00 [INF] Request starting HTTP/1.1 GET http://localhost:5082/api/takequizapi/takequizlist - null null
2025-11-08 17:21:24.619 +01:00 [INF] CORS policy execution successful.
2025-11-08 17:21:24.619 +01:00 [INF] Executing endpoint 'api.Controllers.TakeQuizApiController.GetAllQuizzes (api)'
2025-11-08 17:21:24.620 +01:00 [INF] Route matched with {action = "GetAllQuizzes", controller = "TakeQuizApi"}. Executing controller action with signature System.Threading.Tasks.Task`1[Microsoft.AspNetCore.Mvc.IActionResult] GetAllQuizzes() on controller api.Controllers.TakeQuizApiController (api).
2025-11-08 17:21:24.623 +01:00 [INF] Executing OkObjectResult, writing value of type 'System.Collections.Generic.List`1[[api.DTOs.QuizDto, api, Version=1.0.0.0, Culture=neutral, PublicKeyToken=null]]'.
2025-11-08 17:21:24.624 +01:00 [INF] Executed action api.Controllers.TakeQuizApiController.GetAllQuizzes (api) in 3.876ms
2025-11-08 17:21:24.624 +01:00 [INF] Executed endpoint 'api.Controllers.TakeQuizApiController.GetAllQuizzes (api)'
2025-11-08 17:21:24.624 +01:00 [INF] Request finished HTTP/1.1 GET http://localhost:5082/api/takequizapi/takequizlist - 200 330 application/json; charset=utf-8 4.7633ms
2025-11-08 17:21:25.583 +01:00 [INF] Request starting HTTP/1.1 GET http://localhost:5082/api/takequizapi/6 - null null
2025-11-08 17:21:25.583 +01:00 [INF] CORS policy execution successful.
2025-11-08 17:21:25.583 +01:00 [INF] Executing endpoint 'api.Controllers.TakeQuizApiController.GetQuiz (api)'
2025-11-08 17:21:25.584 +01:00 [INF] Route matched with {action = "GetQuiz", controller = "TakeQuizApi"}. Executing controller action with signature System.Threading.Tasks.Task`1[Microsoft.AspNetCore.Mvc.IActionResult] GetQuiz(Int32) on controller api.Controllers.TakeQuizApiController (api).
2025-11-08 17:21:25.588 +01:00 [INF] Executing OkObjectResult, writing value of type 'api.DTOs.QuizDto'.
2025-11-08 17:21:25.589 +01:00 [INF] Executed action api.Controllers.TakeQuizApiController.GetQuiz (api) in 4.6911ms
2025-11-08 17:21:25.589 +01:00 [INF] Executed endpoint 'api.Controllers.TakeQuizApiController.GetQuiz (api)'
2025-11-08 17:21:25.589 +01:00 [INF] Request finished HTTP/1.1 GET http://localhost:5082/api/takequizapi/6 - 200 1451 application/json; charset=utf-8 6.3255ms
2025-11-08 17:21:25.591 +01:00 [INF] Request starting HTTP/1.1 GET http://localhost:5082/api/takequizapi/6 - null null
2025-11-08 17:21:25.592 +01:00 [INF] CORS policy execution successful.
2025-11-08 17:21:25.592 +01:00 [INF] Executing endpoint 'api.Controllers.TakeQuizApiController.GetQuiz (api)'
2025-11-08 17:21:25.592 +01:00 [INF] Route matched with {action = "GetQuiz", controller = "TakeQuizApi"}. Executing controller action with signature System.Threading.Tasks.Task`1[Microsoft.AspNetCore.Mvc.IActionResult] GetQuiz(Int32) on controller api.Controllers.TakeQuizApiController (api).
2025-11-08 17:21:25.595 +01:00 [INF] Executing OkObjectResult, writing value of type 'api.DTOs.QuizDto'.
2025-11-08 17:21:25.596 +01:00 [INF] Executed action api.Controllers.TakeQuizApiController.GetQuiz (api) in 3.3858ms
2025-11-08 17:21:25.596 +01:00 [INF] Executed endpoint 'api.Controllers.TakeQuizApiController.GetQuiz (api)'
2025-11-08 17:21:25.596 +01:00 [INF] Request finished HTTP/1.1 GET http://localhost:5082/api/takequizapi/6 - 200 1451 application/json; charset=utf-8 4.7103ms
2025-11-08 17:21:28.784 +01:00 [INF] Request starting HTTP/1.1 GET http://localhost:5082/api/takequizapi/takequizlist - null null
2025-11-08 17:21:28.784 +01:00 [INF] CORS policy execution successful.
2025-11-08 17:21:28.784 +01:00 [INF] Executing endpoint 'api.Controllers.TakeQuizApiController.GetAllQuizzes (api)'
2025-11-08 17:21:28.784 +01:00 [INF] Route matched with {action = "GetAllQuizzes", controller = "TakeQuizApi"}. Executing controller action with signature System.Threading.Tasks.Task`1[Microsoft.AspNetCore.Mvc.IActionResult] GetAllQuizzes() on controller api.Controllers.TakeQuizApiController (api).
2025-11-08 17:21:28.793 +01:00 [INF] Executing OkObjectResult, writing value of type 'System.Collections.Generic.List`1[[api.DTOs.QuizDto, api, Version=1.0.0.0, Culture=neutral, PublicKeyToken=null]]'.
2025-11-08 17:21:28.793 +01:00 [INF] Executed action api.Controllers.TakeQuizApiController.GetAllQuizzes (api) in 8.6704ms
2025-11-08 17:21:28.793 +01:00 [INF] Executed endpoint 'api.Controllers.TakeQuizApiController.GetAllQuizzes (api)'
2025-11-08 17:21:28.793 +01:00 [INF] Request finished HTTP/1.1 GET http://localhost:5082/api/takequizapi/takequizlist - 200 330 application/json; charset=utf-8 9.6342ms
2025-11-08 17:21:28.795 +01:00 [INF] Request starting HTTP/1.1 GET http://localhost:5082/api/takequizapi/takequizlist - null null
2025-11-08 17:21:28.795 +01:00 [INF] CORS policy execution successful.
2025-11-08 17:21:28.796 +01:00 [INF] Executing endpoint 'api.Controllers.TakeQuizApiController.GetAllQuizzes (api)'
2025-11-08 17:21:28.796 +01:00 [INF] Route matched with {action = "GetAllQuizzes", controller = "TakeQuizApi"}. Executing controller action with signature System.Threading.Tasks.Task`1[Microsoft.AspNetCore.Mvc.IActionResult] GetAllQuizzes() on controller api.Controllers.TakeQuizApiController (api).
2025-11-08 17:21:28.800 +01:00 [INF] Executing OkObjectResult, writing value of type 'System.Collections.Generic.List`1[[api.DTOs.QuizDto, api, Version=1.0.0.0, Culture=neutral, PublicKeyToken=null]]'.
2025-11-08 17:21:28.801 +01:00 [INF] Executed action api.Controllers.TakeQuizApiController.GetAllQuizzes (api) in 5.0413ms
2025-11-08 17:21:28.801 +01:00 [INF] Executed endpoint 'api.Controllers.TakeQuizApiController.GetAllQuizzes (api)'
2025-11-08 17:21:28.801 +01:00 [INF] Request finished HTTP/1.1 GET http://localhost:5082/api/takequizapi/takequizlist - 200 330 application/json; charset=utf-8 6.0181ms
2025-11-08 17:21:31.082 +01:00 [INF] Request starting HTTP/1.1 GET http://localhost:5082/api/takequizapi/attempts/3 - null null
2025-11-08 17:21:31.083 +01:00 [INF] CORS policy execution successful.
2025-11-08 17:21:31.083 +01:00 [INF] Executing endpoint 'api.Controllers.TakeQuizApiController.GetAttempts (api)'
2025-11-08 17:21:31.083 +01:00 [INF] Route matched with {action = "GetAttempts", controller = "TakeQuizApi"}. Executing controller action with signature System.Threading.Tasks.Task`1[Microsoft.AspNetCore.Mvc.IActionResult] GetAttempts(Int32) on controller api.Controllers.TakeQuizApiController (api).
2025-11-08 17:21:31.085 +01:00 [INF] Executing OkObjectResult, writing value of type 'System.Collections.Generic.List`1[[api.DTOs.QuizResultDto, api, Version=1.0.0.0, Culture=neutral, PublicKeyToken=null]]'.
2025-11-08 17:21:31.085 +01:00 [INF] Executed action api.Controllers.TakeQuizApiController.GetAttempts (api) in 2.202ms
2025-11-08 17:21:31.085 +01:00 [INF] Executed endpoint 'api.Controllers.TakeQuizApiController.GetAttempts (api)'
2025-11-08 17:21:31.085 +01:00 [INF] Request finished HTTP/1.1 GET http://localhost:5082/api/takequizapi/attempts/3 - 200 648 application/json; charset=utf-8 3.04ms
2025-11-08 17:21:31.087 +01:00 [INF] Request starting HTTP/1.1 GET http://localhost:5082/api/takequizapi/attempts/3 - null null
2025-11-08 17:21:31.087 +01:00 [INF] CORS policy execution successful.
2025-11-08 17:21:31.088 +01:00 [INF] Executing endpoint 'api.Controllers.TakeQuizApiController.GetAttempts (api)'
2025-11-08 17:21:31.088 +01:00 [INF] Route matched with {action = "GetAttempts", controller = "TakeQuizApi"}. Executing controller action with signature System.Threading.Tasks.Task`1[Microsoft.AspNetCore.Mvc.IActionResult] GetAttempts(Int32) on controller api.Controllers.TakeQuizApiController (api).
2025-11-08 17:21:31.091 +01:00 [INF] Executing OkObjectResult, writing value of type 'System.Collections.Generic.List`1[[api.DTOs.QuizResultDto, api, Version=1.0.0.0, Culture=neutral, PublicKeyToken=null]]'.
2025-11-08 17:21:31.092 +01:00 [INF] Executed action api.Controllers.TakeQuizApiController.GetAttempts (api) in 3.2391ms
2025-11-08 17:21:31.092 +01:00 [INF] Executed endpoint 'api.Controllers.TakeQuizApiController.GetAttempts (api)'
2025-11-08 17:21:31.092 +01:00 [INF] Request finished HTTP/1.1 GET http://localhost:5082/api/takequizapi/attempts/3 - 200 648 application/json; charset=utf-8 4.8234ms
2025-11-08 17:21:32.934 +01:00 [INF] Request starting HTTP/1.1 GET http://localhost:5082/api/takequizapi/takequizlist - null null
2025-11-08 17:21:32.935 +01:00 [INF] CORS policy execution successful.
2025-11-08 17:21:32.936 +01:00 [INF] Executing endpoint 'api.Controllers.TakeQuizApiController.GetAllQuizzes (api)'
2025-11-08 17:21:32.937 +01:00 [INF] Route matched with {action = "GetAllQuizzes", controller = "TakeQuizApi"}. Executing controller action with signature System.Threading.Tasks.Task`1[Microsoft.AspNetCore.Mvc.IActionResult] GetAllQuizzes() on controller api.Controllers.TakeQuizApiController (api).
2025-11-08 17:21:32.943 +01:00 [INF] Executing OkObjectResult, writing value of type 'System.Collections.Generic.List`1[[api.DTOs.QuizDto, api, Version=1.0.0.0, Culture=neutral, PublicKeyToken=null]]'.
2025-11-08 17:21:32.944 +01:00 [INF] Executed action api.Controllers.TakeQuizApiController.GetAllQuizzes (api) in 6.2235ms
2025-11-08 17:21:32.944 +01:00 [INF] Executed endpoint 'api.Controllers.TakeQuizApiController.GetAllQuizzes (api)'
2025-11-08 17:21:32.944 +01:00 [INF] Request finished HTTP/1.1 GET http://localhost:5082/api/takequizapi/takequizlist - 200 330 application/json; charset=utf-8 9.9794ms
2025-11-08 17:21:32.945 +01:00 [INF] Request starting HTTP/1.1 GET http://localhost:5082/api/takequizapi/takequizlist - null null
2025-11-08 17:21:32.945 +01:00 [INF] CORS policy execution successful.
2025-11-08 17:21:32.946 +01:00 [INF] Executing endpoint 'api.Controllers.TakeQuizApiController.GetAllQuizzes (api)'
2025-11-08 17:21:32.946 +01:00 [INF] Route matched with {action = "GetAllQuizzes", controller = "TakeQuizApi"}. Executing controller action with signature System.Threading.Tasks.Task`1[Microsoft.AspNetCore.Mvc.IActionResult] GetAllQuizzes() on controller api.Controllers.TakeQuizApiController (api).
2025-11-08 17:21:32.949 +01:00 [INF] Executing OkObjectResult, writing value of type 'System.Collections.Generic.List`1[[api.DTOs.QuizDto, api, Version=1.0.0.0, Culture=neutral, PublicKeyToken=null]]'.
2025-11-08 17:21:32.949 +01:00 [INF] Executed action api.Controllers.TakeQuizApiController.GetAllQuizzes (api) in 3.133ms
2025-11-08 17:21:32.949 +01:00 [INF] Executed endpoint 'api.Controllers.TakeQuizApiController.GetAllQuizzes (api)'
2025-11-08 17:21:32.949 +01:00 [INF] Request finished HTTP/1.1 GET http://localhost:5082/api/takequizapi/takequizlist - 200 330 application/json; charset=utf-8 3.8502ms
2025-11-08 17:21:35.051 +01:00 [INF] Request starting HTTP/1.1 GET http://localhost:5082/api/quizapi/quizlist - null null
2025-11-08 17:21:35.051 +01:00 [INF] CORS policy execution successful.
2025-11-08 17:21:35.051 +01:00 [INF] Executing endpoint 'api.Controllers.QuizAPIController.QuizList (api)'
2025-11-08 17:21:35.052 +01:00 [INF] Route matched with {action = "QuizList", controller = "QuizAPI"}. Executing controller action with signature System.Threading.Tasks.Task`1[Microsoft.AspNetCore.Mvc.IActionResult] QuizList() on controller api.Controllers.QuizAPIController (api).
2025-11-08 17:21:35.055 +01:00 [INF] Executing OkObjectResult, writing value of type 'System.Linq.Enumerable+SelectListIterator`2[[api.Models.Quiz, api, Version=1.0.0.0, Culture=neutral, PublicKeyToken=null],[api.DTOs.QuizDto, api, Version=1.0.0.0, Culture=neutral, PublicKeyToken=null]]'.
2025-11-08 17:21:35.055 +01:00 [INF] Executed action api.Controllers.QuizAPIController.QuizList (api) in 3.0074ms
2025-11-08 17:21:35.055 +01:00 [INF] Executed endpoint 'api.Controllers.QuizAPIController.QuizList (api)'
2025-11-08 17:21:35.055 +01:00 [INF] Request finished HTTP/1.1 GET http://localhost:5082/api/quizapi/quizlist - 200 330 application/json; charset=utf-8 4.5874ms
2025-11-08 17:21:35.058 +01:00 [INF] Request starting HTTP/1.1 GET http://localhost:5082/api/quizapi/quizlist - null null
2025-11-08 17:21:35.058 +01:00 [INF] CORS policy execution successful.
2025-11-08 17:21:35.058 +01:00 [INF] Executing endpoint 'api.Controllers.QuizAPIController.QuizList (api)'
2025-11-08 17:21:35.058 +01:00 [INF] Route matched with {action = "QuizList", controller = "QuizAPI"}. Executing controller action with signature System.Threading.Tasks.Task`1[Microsoft.AspNetCore.Mvc.IActionResult] QuizList() on controller api.Controllers.QuizAPIController (api).
2025-11-08 17:21:35.061 +01:00 [INF] Executing OkObjectResult, writing value of type 'System.Linq.Enumerable+SelectListIterator`2[[api.Models.Quiz, api, Version=1.0.0.0, Culture=neutral, PublicKeyToken=null],[api.DTOs.QuizDto, api, Version=1.0.0.0, Culture=neutral, PublicKeyToken=null]]'.
2025-11-08 17:21:35.061 +01:00 [INF] Executed action api.Controllers.QuizAPIController.QuizList (api) in 2.6491ms
2025-11-08 17:21:35.061 +01:00 [INF] Executed endpoint 'api.Controllers.QuizAPIController.QuizList (api)'
2025-11-08 17:21:35.061 +01:00 [INF] Request finished HTTP/1.1 GET http://localhost:5082/api/quizapi/quizlist - 200 330 application/json; charset=utf-8 3.5581ms
2025-11-08 17:21:35.973 +01:00 [INF] Request starting HTTP/1.1 GET http://localhost:5082/api/takequizapi/takequizlist - null null
2025-11-08 17:21:35.973 +01:00 [INF] CORS policy execution successful.
2025-11-08 17:21:35.973 +01:00 [INF] Executing endpoint 'api.Controllers.TakeQuizApiController.GetAllQuizzes (api)'
2025-11-08 17:21:35.973 +01:00 [INF] Route matched with {action = "GetAllQuizzes", controller = "TakeQuizApi"}. Executing controller action with signature System.Threading.Tasks.Task`1[Microsoft.AspNetCore.Mvc.IActionResult] GetAllQuizzes() on controller api.Controllers.TakeQuizApiController (api).
2025-11-08 17:21:35.976 +01:00 [INF] Executing OkObjectResult, writing value of type 'System.Collections.Generic.List`1[[api.DTOs.QuizDto, api, Version=1.0.0.0, Culture=neutral, PublicKeyToken=null]]'.
2025-11-08 17:21:35.977 +01:00 [INF] Executed action api.Controllers.TakeQuizApiController.GetAllQuizzes (api) in 3.3042ms
2025-11-08 17:21:35.977 +01:00 [INF] Executed endpoint 'api.Controllers.TakeQuizApiController.GetAllQuizzes (api)'
2025-11-08 17:21:35.977 +01:00 [INF] Request finished HTTP/1.1 GET http://localhost:5082/api/takequizapi/takequizlist - 200 330 application/json; charset=utf-8 3.9328ms
2025-11-08 17:21:35.978 +01:00 [INF] Request starting HTTP/1.1 GET http://localhost:5082/api/takequizapi/takequizlist - null null
2025-11-08 17:21:35.979 +01:00 [INF] CORS policy execution successful.
2025-11-08 17:21:35.979 +01:00 [INF] Executing endpoint 'api.Controllers.TakeQuizApiController.GetAllQuizzes (api)'
2025-11-08 17:21:35.979 +01:00 [INF] Route matched with {action = "GetAllQuizzes", controller = "TakeQuizApi"}. Executing controller action with signature System.Threading.Tasks.Task`1[Microsoft.AspNetCore.Mvc.IActionResult] GetAllQuizzes() on controller api.Controllers.TakeQuizApiController (api).
2025-11-08 17:21:35.981 +01:00 [INF] Executing OkObjectResult, writing value of type 'System.Collections.Generic.List`1[[api.DTOs.QuizDto, api, Version=1.0.0.0, Culture=neutral, PublicKeyToken=null]]'.
2025-11-08 17:21:35.981 +01:00 [INF] Executed action api.Controllers.TakeQuizApiController.GetAllQuizzes (api) in 1.9552ms
2025-11-08 17:21:35.981 +01:00 [INF] Executed endpoint 'api.Controllers.TakeQuizApiController.GetAllQuizzes (api)'
2025-11-08 17:21:35.981 +01:00 [INF] Request finished HTTP/1.1 GET http://localhost:5082/api/takequizapi/takequizlist - 200 330 application/json; charset=utf-8 2.4976ms
2025-11-08 17:21:41.678 +01:00 [INF] Request starting HTTP/1.1 GET http://localhost:5082/api/takequizapi/attempts/7 - null null
2025-11-08 17:21:41.678 +01:00 [INF] CORS policy execution successful.
2025-11-08 17:21:41.678 +01:00 [INF] Executing endpoint 'api.Controllers.TakeQuizApiController.GetAttempts (api)'
2025-11-08 17:21:41.678 +01:00 [INF] Route matched with {action = "GetAttempts", controller = "TakeQuizApi"}. Executing controller action with signature System.Threading.Tasks.Task`1[Microsoft.AspNetCore.Mvc.IActionResult] GetAttempts(Int32) on controller api.Controllers.TakeQuizApiController (api).
2025-11-08 17:21:41.681 +01:00 [INF] Executing OkObjectResult, writing value of type 'System.Collections.Generic.List`1[[api.DTOs.QuizResultDto, api, Version=1.0.0.0, Culture=neutral, PublicKeyToken=null]]'.
2025-11-08 17:21:41.682 +01:00 [INF] Executed action api.Controllers.TakeQuizApiController.GetAttempts (api) in 3.1872ms
2025-11-08 17:21:41.682 +01:00 [INF] Executed endpoint 'api.Controllers.TakeQuizApiController.GetAttempts (api)'
2025-11-08 17:21:41.682 +01:00 [INF] Request finished HTTP/1.1 GET http://localhost:5082/api/takequizapi/attempts/7 - 200 98 application/json; charset=utf-8 3.7119ms
2025-11-08 17:21:41.684 +01:00 [INF] Request starting HTTP/1.1 GET http://localhost:5082/api/takequizapi/attempts/7 - null null
2025-11-08 17:21:41.685 +01:00 [INF] CORS policy execution successful.
2025-11-08 17:21:41.685 +01:00 [INF] Executing endpoint 'api.Controllers.TakeQuizApiController.GetAttempts (api)'
2025-11-08 17:21:41.685 +01:00 [INF] Route matched with {action = "GetAttempts", controller = "TakeQuizApi"}. Executing controller action with signature System.Threading.Tasks.Task`1[Microsoft.AspNetCore.Mvc.IActionResult] GetAttempts(Int32) on controller api.Controllers.TakeQuizApiController (api).
2025-11-08 17:21:41.688 +01:00 [INF] Executing OkObjectResult, writing value of type 'System.Collections.Generic.List`1[[api.DTOs.QuizResultDto, api, Version=1.0.0.0, Culture=neutral, PublicKeyToken=null]]'.
2025-11-08 17:21:41.688 +01:00 [INF] Executed action api.Controllers.TakeQuizApiController.GetAttempts (api) in 2.9285ms
2025-11-08 17:21:41.688 +01:00 [INF] Executed endpoint 'api.Controllers.TakeQuizApiController.GetAttempts (api)'
2025-11-08 17:21:41.688 +01:00 [INF] Request finished HTTP/1.1 GET http://localhost:5082/api/takequizapi/attempts/7 - 200 98 application/json; charset=utf-8 3.7992ms
2025-11-08 17:21:42.934 +01:00 [INF] Request starting HTTP/1.1 GET http://localhost:5082/api/takequizapi/takequizlist - null null
2025-11-08 17:21:42.934 +01:00 [INF] CORS policy execution successful.
2025-11-08 17:21:42.934 +01:00 [INF] Executing endpoint 'api.Controllers.TakeQuizApiController.GetAllQuizzes (api)'
2025-11-08 17:21:42.934 +01:00 [INF] Route matched with {action = "GetAllQuizzes", controller = "TakeQuizApi"}. Executing controller action with signature System.Threading.Tasks.Task`1[Microsoft.AspNetCore.Mvc.IActionResult] GetAllQuizzes() on controller api.Controllers.TakeQuizApiController (api).
2025-11-08 17:21:42.936 +01:00 [INF] Executing OkObjectResult, writing value of type 'System.Collections.Generic.List`1[[api.DTOs.QuizDto, api, Version=1.0.0.0, Culture=neutral, PublicKeyToken=null]]'.
2025-11-08 17:21:42.937 +01:00 [INF] Executed action api.Controllers.TakeQuizApiController.GetAllQuizzes (api) in 2.6764ms
2025-11-08 17:21:42.937 +01:00 [INF] Executed endpoint 'api.Controllers.TakeQuizApiController.GetAllQuizzes (api)'
2025-11-08 17:21:42.937 +01:00 [INF] Request finished HTTP/1.1 GET http://localhost:5082/api/takequizapi/takequizlist - 200 330 application/json; charset=utf-8 3.4086ms
2025-11-08 17:21:42.938 +01:00 [INF] Request starting HTTP/1.1 GET http://localhost:5082/api/takequizapi/takequizlist - null null
2025-11-08 17:21:42.939 +01:00 [INF] CORS policy execution successful.
2025-11-08 17:21:42.939 +01:00 [INF] Executing endpoint 'api.Controllers.TakeQuizApiController.GetAllQuizzes (api)'
2025-11-08 17:21:42.939 +01:00 [INF] Route matched with {action = "GetAllQuizzes", controller = "TakeQuizApi"}. Executing controller action with signature System.Threading.Tasks.Task`1[Microsoft.AspNetCore.Mvc.IActionResult] GetAllQuizzes() on controller api.Controllers.TakeQuizApiController (api).
2025-11-08 17:21:42.941 +01:00 [INF] Executing OkObjectResult, writing value of type 'System.Collections.Generic.List`1[[api.DTOs.QuizDto, api, Version=1.0.0.0, Culture=neutral, PublicKeyToken=null]]'.
2025-11-08 17:21:42.941 +01:00 [INF] Executed action api.Controllers.TakeQuizApiController.GetAllQuizzes (api) in 2.501ms
2025-11-08 17:21:42.942 +01:00 [INF] Executed endpoint 'api.Controllers.TakeQuizApiController.GetAllQuizzes (api)'
2025-11-08 17:21:42.942 +01:00 [INF] Request finished HTTP/1.1 GET http://localhost:5082/api/takequizapi/takequizlist - 200 330 application/json; charset=utf-8 3.2429ms
2025-11-08 17:21:43.899 +01:00 [INF] Request starting HTTP/1.1 GET http://localhost:5082/api/takequizapi/attempts/8 - null null
2025-11-08 17:21:43.899 +01:00 [INF] CORS policy execution successful.
2025-11-08 17:21:43.899 +01:00 [INF] Executing endpoint 'api.Controllers.TakeQuizApiController.GetAttempts (api)'
2025-11-08 17:21:43.899 +01:00 [INF] Route matched with {action = "GetAttempts", controller = "TakeQuizApi"}. Executing controller action with signature System.Threading.Tasks.Task`1[Microsoft.AspNetCore.Mvc.IActionResult] GetAttempts(Int32) on controller api.Controllers.TakeQuizApiController (api).
2025-11-08 17:21:43.901 +01:00 [INF] Executing OkObjectResult, writing value of type 'System.Collections.Generic.List`1[[api.DTOs.QuizResultDto, api, Version=1.0.0.0, Culture=neutral, PublicKeyToken=null]]'.
2025-11-08 17:21:43.901 +01:00 [INF] Executed action api.Controllers.TakeQuizApiController.GetAttempts (api) in 1.8146ms
2025-11-08 17:21:43.901 +01:00 [INF] Executed endpoint 'api.Controllers.TakeQuizApiController.GetAttempts (api)'
2025-11-08 17:21:43.901 +01:00 [INF] Request finished HTTP/1.1 GET http://localhost:5082/api/takequizapi/attempts/8 - 200 102 application/json; charset=utf-8 2.2276ms
2025-11-08 17:21:43.903 +01:00 [INF] Request starting HTTP/1.1 GET http://localhost:5082/api/takequizapi/attempts/8 - null null
2025-11-08 17:21:43.903 +01:00 [INF] CORS policy execution successful.
2025-11-08 17:21:43.903 +01:00 [INF] Executing endpoint 'api.Controllers.TakeQuizApiController.GetAttempts (api)'
2025-11-08 17:21:43.903 +01:00 [INF] Route matched with {action = "GetAttempts", controller = "TakeQuizApi"}. Executing controller action with signature System.Threading.Tasks.Task`1[Microsoft.AspNetCore.Mvc.IActionResult] GetAttempts(Int32) on controller api.Controllers.TakeQuizApiController (api).
2025-11-08 17:21:43.905 +01:00 [INF] Executing OkObjectResult, writing value of type 'System.Collections.Generic.List`1[[api.DTOs.QuizResultDto, api, Version=1.0.0.0, Culture=neutral, PublicKeyToken=null]]'.
2025-11-08 17:21:43.905 +01:00 [INF] Executed action api.Controllers.TakeQuizApiController.GetAttempts (api) in 1.6573ms
2025-11-08 17:21:43.905 +01:00 [INF] Executed endpoint 'api.Controllers.TakeQuizApiController.GetAttempts (api)'
2025-11-08 17:21:43.905 +01:00 [INF] Request finished HTTP/1.1 GET http://localhost:5082/api/takequizapi/attempts/8 - 200 102 application/json; charset=utf-8 2.1621ms
2025-11-08 17:21:45.165 +01:00 [INF] Request starting HTTP/1.1 GET http://localhost:5082/api/takequizapi/takequizlist - null null
2025-11-08 17:21:45.165 +01:00 [INF] CORS policy execution successful.
2025-11-08 17:21:45.165 +01:00 [INF] Executing endpoint 'api.Controllers.TakeQuizApiController.GetAllQuizzes (api)'
2025-11-08 17:21:45.165 +01:00 [INF] Route matched with {action = "GetAllQuizzes", controller = "TakeQuizApi"}. Executing controller action with signature System.Threading.Tasks.Task`1[Microsoft.AspNetCore.Mvc.IActionResult] GetAllQuizzes() on controller api.Controllers.TakeQuizApiController (api).
2025-11-08 17:21:45.167 +01:00 [INF] Executing OkObjectResult, writing value of type 'System.Collections.Generic.List`1[[api.DTOs.QuizDto, api, Version=1.0.0.0, Culture=neutral, PublicKeyToken=null]]'.
2025-11-08 17:21:45.167 +01:00 [INF] Executed action api.Controllers.TakeQuizApiController.GetAllQuizzes (api) in 1.7436ms
2025-11-08 17:21:45.167 +01:00 [INF] Executed endpoint 'api.Controllers.TakeQuizApiController.GetAllQuizzes (api)'
2025-11-08 17:21:45.167 +01:00 [INF] Request finished HTTP/1.1 GET http://localhost:5082/api/takequizapi/takequizlist - 200 330 application/json; charset=utf-8 2.3447ms
2025-11-08 17:21:45.169 +01:00 [INF] Request starting HTTP/1.1 GET http://localhost:5082/api/takequizapi/takequizlist - null null
2025-11-08 17:21:45.170 +01:00 [INF] CORS policy execution successful.
2025-11-08 17:21:45.170 +01:00 [INF] Executing endpoint 'api.Controllers.TakeQuizApiController.GetAllQuizzes (api)'
2025-11-08 17:21:45.170 +01:00 [INF] Route matched with {action = "GetAllQuizzes", controller = "TakeQuizApi"}. Executing controller action with signature System.Threading.Tasks.Task`1[Microsoft.AspNetCore.Mvc.IActionResult] GetAllQuizzes() on controller api.Controllers.TakeQuizApiController (api).
2025-11-08 17:21:45.172 +01:00 [INF] Executing OkObjectResult, writing value of type 'System.Collections.Generic.List`1[[api.DTOs.QuizDto, api, Version=1.0.0.0, Culture=neutral, PublicKeyToken=null]]'.
2025-11-08 17:21:45.172 +01:00 [INF] Executed action api.Controllers.TakeQuizApiController.GetAllQuizzes (api) in 1.926ms
2025-11-08 17:21:45.172 +01:00 [INF] Executed endpoint 'api.Controllers.TakeQuizApiController.GetAllQuizzes (api)'
2025-11-08 17:21:45.172 +01:00 [INF] Request finished HTTP/1.1 GET http://localhost:5082/api/takequizapi/takequizlist - 200 330 application/json; charset=utf-8 2.6063ms
2025-11-08 17:21:46.085 +01:00 [INF] Request starting HTTP/1.1 GET http://localhost:5082/api/takequizapi/attempts/8 - null null
2025-11-08 17:21:46.085 +01:00 [INF] CORS policy execution successful.
2025-11-08 17:21:46.085 +01:00 [INF] Executing endpoint 'api.Controllers.TakeQuizApiController.GetAttempts (api)'
2025-11-08 17:21:46.085 +01:00 [INF] Route matched with {action = "GetAttempts", controller = "TakeQuizApi"}. Executing controller action with signature System.Threading.Tasks.Task`1[Microsoft.AspNetCore.Mvc.IActionResult] GetAttempts(Int32) on controller api.Controllers.TakeQuizApiController (api).
2025-11-08 17:21:46.089 +01:00 [INF] Executing OkObjectResult, writing value of type 'System.Collections.Generic.List`1[[api.DTOs.QuizResultDto, api, Version=1.0.0.0, Culture=neutral, PublicKeyToken=null]]'.
2025-11-08 17:21:46.089 +01:00 [INF] Executed action api.Controllers.TakeQuizApiController.GetAttempts (api) in 3.3007ms
2025-11-08 17:21:46.089 +01:00 [INF] Executed endpoint 'api.Controllers.TakeQuizApiController.GetAttempts (api)'
2025-11-08 17:21:46.089 +01:00 [INF] Request finished HTTP/1.1 GET http://localhost:5082/api/takequizapi/attempts/8 - 200 102 application/json; charset=utf-8 3.9973ms
2025-11-08 17:21:46.091 +01:00 [INF] Request starting HTTP/1.1 GET http://localhost:5082/api/takequizapi/attempts/8 - null null
2025-11-08 17:21:46.092 +01:00 [INF] CORS policy execution successful.
2025-11-08 17:21:46.092 +01:00 [INF] Executing endpoint 'api.Controllers.TakeQuizApiController.GetAttempts (api)'
2025-11-08 17:21:46.092 +01:00 [INF] Route matched with {action = "GetAttempts", controller = "TakeQuizApi"}. Executing controller action with signature System.Threading.Tasks.Task`1[Microsoft.AspNetCore.Mvc.IActionResult] GetAttempts(Int32) on controller api.Controllers.TakeQuizApiController (api).
2025-11-08 17:21:46.095 +01:00 [INF] Executing OkObjectResult, writing value of type 'System.Collections.Generic.List`1[[api.DTOs.QuizResultDto, api, Version=1.0.0.0, Culture=neutral, PublicKeyToken=null]]'.
2025-11-08 17:21:46.095 +01:00 [INF] Executed action api.Controllers.TakeQuizApiController.GetAttempts (api) in 2.9236ms
2025-11-08 17:21:46.095 +01:00 [INF] Executed endpoint 'api.Controllers.TakeQuizApiController.GetAttempts (api)'
2025-11-08 17:21:46.095 +01:00 [INF] Request finished HTTP/1.1 GET http://localhost:5082/api/takequizapi/attempts/8 - 200 102 application/json; charset=utf-8 3.8772ms
2025-11-08 17:21:48.247 +01:00 [INF] Request starting HTTP/1.1 OPTIONS http://localhost:5082/api/takequizapi/attempt/38 - null null
2025-11-08 17:21:48.247 +01:00 [INF] CORS policy execution successful.
2025-11-08 17:21:48.252 +01:00 [INF] Request finished HTTP/1.1 OPTIONS http://localhost:5082/api/takequizapi/attempt/38 - 204 null null 4.9654ms
2025-11-08 17:21:48.256 +01:00 [INF] Request starting HTTP/1.1 DELETE http://localhost:5082/api/takequizapi/attempt/38 - null null
2025-11-08 17:21:48.256 +01:00 [INF] CORS policy execution successful.
2025-11-08 17:21:48.256 +01:00 [INF] Executing endpoint 'api.Controllers.TakeQuizApiController.DeleteAttempt (api)'
2025-11-08 17:21:48.264 +01:00 [INF] Route matched with {action = "DeleteAttempt", controller = "TakeQuizApi"}. Executing controller action with signature System.Threading.Tasks.Task`1[Microsoft.AspNetCore.Mvc.IActionResult] DeleteAttempt(Int32) on controller api.Controllers.TakeQuizApiController (api).
2025-11-08 17:21:48.423 +01:00 [INF] [QuizRepository] Attempt 38 deleted successfully
2025-11-08 17:21:48.424 +01:00 [INF] Executing OkObjectResult, writing value of type '<>f__AnonymousType4`1[[System.String, System.Private.CoreLib, Version=8.0.0.0, Culture=neutral, PublicKeyToken=7cec85d7bea7798e]]'.
2025-11-08 17:21:48.437 +01:00 [INF] Executed action api.Controllers.TakeQuizApiController.DeleteAttempt (api) in 172.326ms
2025-11-08 17:21:48.437 +01:00 [INF] Executed endpoint 'api.Controllers.TakeQuizApiController.DeleteAttempt (api)'
2025-11-08 17:21:48.437 +01:00 [INF] Request finished HTTP/1.1 DELETE http://localhost:5082/api/takequizapi/attempt/38 - 200 42 application/json; charset=utf-8 181.2015ms
2025-11-08 17:21:52.538 +01:00 [INF] Request starting HTTP/1.1 GET http://localhost:5082/api/takequizapi/takequizlist - null null
2025-11-08 17:21:52.539 +01:00 [INF] CORS policy execution successful.
2025-11-08 17:21:52.539 +01:00 [INF] Executing endpoint 'api.Controllers.TakeQuizApiController.GetAllQuizzes (api)'
2025-11-08 17:21:52.539 +01:00 [INF] Route matched with {action = "GetAllQuizzes", controller = "TakeQuizApi"}. Executing controller action with signature System.Threading.Tasks.Task`1[Microsoft.AspNetCore.Mvc.IActionResult] GetAllQuizzes() on controller api.Controllers.TakeQuizApiController (api).
2025-11-08 17:21:52.546 +01:00 [INF] Executing OkObjectResult, writing value of type 'System.Collections.Generic.List`1[[api.DTOs.QuizDto, api, Version=1.0.0.0, Culture=neutral, PublicKeyToken=null]]'.
2025-11-08 17:21:52.547 +01:00 [INF] Executed action api.Controllers.TakeQuizApiController.GetAllQuizzes (api) in 7.6278ms
2025-11-08 17:21:52.547 +01:00 [INF] Executed endpoint 'api.Controllers.TakeQuizApiController.GetAllQuizzes (api)'
2025-11-08 17:21:52.547 +01:00 [INF] Request finished HTTP/1.1 GET http://localhost:5082/api/takequizapi/takequizlist - 200 330 application/json; charset=utf-8 8.6548ms
2025-11-08 17:21:52.549 +01:00 [INF] Request starting HTTP/1.1 GET http://localhost:5082/api/takequizapi/takequizlist - null null
2025-11-08 17:21:52.549 +01:00 [INF] CORS policy execution successful.
2025-11-08 17:21:52.549 +01:00 [INF] Executing endpoint 'api.Controllers.TakeQuizApiController.GetAllQuizzes (api)'
2025-11-08 17:21:52.549 +01:00 [INF] Route matched with {action = "GetAllQuizzes", controller = "TakeQuizApi"}. Executing controller action with signature System.Threading.Tasks.Task`1[Microsoft.AspNetCore.Mvc.IActionResult] GetAllQuizzes() on controller api.Controllers.TakeQuizApiController (api).
2025-11-08 17:21:52.555 +01:00 [INF] Executing OkObjectResult, writing value of type 'System.Collections.Generic.List`1[[api.DTOs.QuizDto, api, Version=1.0.0.0, Culture=neutral, PublicKeyToken=null]]'.
2025-11-08 17:21:52.555 +01:00 [INF] Executed action api.Controllers.TakeQuizApiController.GetAllQuizzes (api) in 5.6472ms
2025-11-08 17:21:52.555 +01:00 [INF] Executed endpoint 'api.Controllers.TakeQuizApiController.GetAllQuizzes (api)'
2025-11-08 17:21:52.555 +01:00 [INF] Request finished HTTP/1.1 GET http://localhost:5082/api/takequizapi/takequizlist - 200 330 application/json; charset=utf-8 6.6531ms
2025-11-08 17:21:53.564 +01:00 [INF] Request starting HTTP/1.1 GET http://localhost:5082/api/takequizapi/attempts/8 - null null
2025-11-08 17:21:53.565 +01:00 [INF] CORS policy execution successful.
2025-11-08 17:21:53.565 +01:00 [INF] Executing endpoint 'api.Controllers.TakeQuizApiController.GetAttempts (api)'
2025-11-08 17:21:53.565 +01:00 [INF] Route matched with {action = "GetAttempts", controller = "TakeQuizApi"}. Executing controller action with signature System.Threading.Tasks.Task`1[Microsoft.AspNetCore.Mvc.IActionResult] GetAttempts(Int32) on controller api.Controllers.TakeQuizApiController (api).
2025-11-08 17:21:53.566 +01:00 [INF] Executing OkObjectResult, writing value of type 'System.Collections.Generic.List`1[[api.DTOs.QuizResultDto, api, Version=1.0.0.0, Culture=neutral, PublicKeyToken=null]]'.
2025-11-08 17:21:53.566 +01:00 [INF] Executed action api.Controllers.TakeQuizApiController.GetAttempts (api) in 1.6041ms
2025-11-08 17:21:53.567 +01:00 [INF] Executed endpoint 'api.Controllers.TakeQuizApiController.GetAttempts (api)'
2025-11-08 17:21:53.567 +01:00 [INF] Request finished HTTP/1.1 GET http://localhost:5082/api/takequizapi/attempts/8 - 200 2 application/json; charset=utf-8 2.0961ms
2025-11-08 17:21:53.568 +01:00 [INF] Request starting HTTP/1.1 GET http://localhost:5082/api/takequizapi/attempts/8 - null null
2025-11-08 17:21:53.568 +01:00 [INF] CORS policy execution successful.
2025-11-08 17:21:53.568 +01:00 [INF] Executing endpoint 'api.Controllers.TakeQuizApiController.GetAttempts (api)'
2025-11-08 17:21:53.568 +01:00 [INF] Route matched with {action = "GetAttempts", controller = "TakeQuizApi"}. Executing controller action with signature System.Threading.Tasks.Task`1[Microsoft.AspNetCore.Mvc.IActionResult] GetAttempts(Int32) on controller api.Controllers.TakeQuizApiController (api).
2025-11-08 17:21:53.570 +01:00 [INF] Executing OkObjectResult, writing value of type 'System.Collections.Generic.List`1[[api.DTOs.QuizResultDto, api, Version=1.0.0.0, Culture=neutral, PublicKeyToken=null]]'.
2025-11-08 17:21:53.570 +01:00 [INF] Executed action api.Controllers.TakeQuizApiController.GetAttempts (api) in 1.5405ms
2025-11-08 17:21:53.570 +01:00 [INF] Executed endpoint 'api.Controllers.TakeQuizApiController.GetAttempts (api)'
2025-11-08 17:21:53.570 +01:00 [INF] Request finished HTTP/1.1 GET http://localhost:5082/api/takequizapi/attempts/8 - 200 2 application/json; charset=utf-8 2.0974ms
2025-11-08 17:21:54.597 +01:00 [INF] Request starting HTTP/1.1 GET http://localhost:5082/api/takequizapi/takequizlist - null null
2025-11-08 17:21:54.597 +01:00 [INF] CORS policy execution successful.
2025-11-08 17:21:54.597 +01:00 [INF] Executing endpoint 'api.Controllers.TakeQuizApiController.GetAllQuizzes (api)'
2025-11-08 17:21:54.597 +01:00 [INF] Route matched with {action = "GetAllQuizzes", controller = "TakeQuizApi"}. Executing controller action with signature System.Threading.Tasks.Task`1[Microsoft.AspNetCore.Mvc.IActionResult] GetAllQuizzes() on controller api.Controllers.TakeQuizApiController (api).
2025-11-08 17:21:54.601 +01:00 [INF] Executing OkObjectResult, writing value of type 'System.Collections.Generic.List`1[[api.DTOs.QuizDto, api, Version=1.0.0.0, Culture=neutral, PublicKeyToken=null]]'.
2025-11-08 17:21:54.601 +01:00 [INF] Executed action api.Controllers.TakeQuizApiController.GetAllQuizzes (api) in 3.7037ms
2025-11-08 17:21:54.601 +01:00 [INF] Executed endpoint 'api.Controllers.TakeQuizApiController.GetAllQuizzes (api)'
2025-11-08 17:21:54.601 +01:00 [INF] Request finished HTTP/1.1 GET http://localhost:5082/api/takequizapi/takequizlist - 200 330 application/json; charset=utf-8 4.5925ms
2025-11-08 17:21:54.603 +01:00 [INF] Request starting HTTP/1.1 GET http://localhost:5082/api/takequizapi/takequizlist - null null
2025-11-08 17:21:54.604 +01:00 [INF] CORS policy execution successful.
2025-11-08 17:21:54.604 +01:00 [INF] Executing endpoint 'api.Controllers.TakeQuizApiController.GetAllQuizzes (api)'
2025-11-08 17:21:54.604 +01:00 [INF] Route matched with {action = "GetAllQuizzes", controller = "TakeQuizApi"}. Executing controller action with signature System.Threading.Tasks.Task`1[Microsoft.AspNetCore.Mvc.IActionResult] GetAllQuizzes() on controller api.Controllers.TakeQuizApiController (api).
2025-11-08 17:21:54.608 +01:00 [INF] Executing OkObjectResult, writing value of type 'System.Collections.Generic.List`1[[api.DTOs.QuizDto, api, Version=1.0.0.0, Culture=neutral, PublicKeyToken=null]]'.
2025-11-08 17:21:54.609 +01:00 [INF] Executed action api.Controllers.TakeQuizApiController.GetAllQuizzes (api) in 4.2306ms
2025-11-08 17:21:54.609 +01:00 [INF] Executed endpoint 'api.Controllers.TakeQuizApiController.GetAllQuizzes (api)'
2025-11-08 17:21:54.609 +01:00 [INF] Request finished HTTP/1.1 GET http://localhost:5082/api/takequizapi/takequizlist - 200 330 application/json; charset=utf-8 5.5247ms
2025-11-08 17:21:55.588 +01:00 [INF] Request starting HTTP/1.1 GET http://localhost:5082/api/takequizapi/attempts/6 - null null
2025-11-08 17:21:55.588 +01:00 [INF] CORS policy execution successful.
2025-11-08 17:21:55.588 +01:00 [INF] Executing endpoint 'api.Controllers.TakeQuizApiController.GetAttempts (api)'
2025-11-08 17:21:55.589 +01:00 [INF] Route matched with {action = "GetAttempts", controller = "TakeQuizApi"}. Executing controller action with signature System.Threading.Tasks.Task`1[Microsoft.AspNetCore.Mvc.IActionResult] GetAttempts(Int32) on controller api.Controllers.TakeQuizApiController (api).
2025-11-08 17:21:55.591 +01:00 [INF] Executing OkObjectResult, writing value of type 'System.Collections.Generic.List`1[[api.DTOs.QuizResultDto, api, Version=1.0.0.0, Culture=neutral, PublicKeyToken=null]]'.
2025-11-08 17:21:55.591 +01:00 [INF] Executed action api.Controllers.TakeQuizApiController.GetAttempts (api) in 2.5691ms
2025-11-08 17:21:55.591 +01:00 [INF] Executed endpoint 'api.Controllers.TakeQuizApiController.GetAttempts (api)'
2025-11-08 17:21:55.591 +01:00 [INF] Request finished HTTP/1.1 GET http://localhost:5082/api/takequizapi/attempts/6 - 200 2 application/json; charset=utf-8 3.6452ms
2025-11-08 17:21:55.594 +01:00 [INF] Request starting HTTP/1.1 GET http://localhost:5082/api/takequizapi/attempts/6 - null null
2025-11-08 17:21:55.594 +01:00 [INF] CORS policy execution successful.
2025-11-08 17:21:55.594 +01:00 [INF] Executing endpoint 'api.Controllers.TakeQuizApiController.GetAttempts (api)'
2025-11-08 17:21:55.594 +01:00 [INF] Route matched with {action = "GetAttempts", controller = "TakeQuizApi"}. Executing controller action with signature System.Threading.Tasks.Task`1[Microsoft.AspNetCore.Mvc.IActionResult] GetAttempts(Int32) on controller api.Controllers.TakeQuizApiController (api).
2025-11-08 17:21:55.596 +01:00 [INF] Executing OkObjectResult, writing value of type 'System.Collections.Generic.List`1[[api.DTOs.QuizResultDto, api, Version=1.0.0.0, Culture=neutral, PublicKeyToken=null]]'.
2025-11-08 17:21:55.596 +01:00 [INF] Executed action api.Controllers.TakeQuizApiController.GetAttempts (api) in 1.7211ms
2025-11-08 17:21:55.596 +01:00 [INF] Executed endpoint 'api.Controllers.TakeQuizApiController.GetAttempts (api)'
2025-11-08 17:21:55.596 +01:00 [INF] Request finished HTTP/1.1 GET http://localhost:5082/api/takequizapi/attempts/6 - 200 2 application/json; charset=utf-8 2.6079ms
2025-11-08 17:21:57.581 +01:00 [INF] Request starting HTTP/1.1 GET http://localhost:5082/api/takequizapi/takequizlist - null null
2025-11-08 17:21:57.581 +01:00 [INF] CORS policy execution successful.
2025-11-08 17:21:57.581 +01:00 [INF] Executing endpoint 'api.Controllers.TakeQuizApiController.GetAllQuizzes (api)'
2025-11-08 17:21:57.581 +01:00 [INF] Route matched with {action = "GetAllQuizzes", controller = "TakeQuizApi"}. Executing controller action with signature System.Threading.Tasks.Task`1[Microsoft.AspNetCore.Mvc.IActionResult] GetAllQuizzes() on controller api.Controllers.TakeQuizApiController (api).
2025-11-08 17:21:57.584 +01:00 [INF] Executing OkObjectResult, writing value of type 'System.Collections.Generic.List`1[[api.DTOs.QuizDto, api, Version=1.0.0.0, Culture=neutral, PublicKeyToken=null]]'.
2025-11-08 17:21:57.584 +01:00 [INF] Executed action api.Controllers.TakeQuizApiController.GetAllQuizzes (api) in 2.6495ms
2025-11-08 17:21:57.584 +01:00 [INF] Executed endpoint 'api.Controllers.TakeQuizApiController.GetAllQuizzes (api)'
2025-11-08 17:21:57.584 +01:00 [INF] Request finished HTTP/1.1 GET http://localhost:5082/api/takequizapi/takequizlist - 200 330 application/json; charset=utf-8 3.3387ms
2025-11-08 17:21:57.586 +01:00 [INF] Request starting HTTP/1.1 GET http://localhost:5082/api/takequizapi/takequizlist - null null
2025-11-08 17:21:57.586 +01:00 [INF] CORS policy execution successful.
2025-11-08 17:21:57.586 +01:00 [INF] Executing endpoint 'api.Controllers.TakeQuizApiController.GetAllQuizzes (api)'
2025-11-08 17:21:57.587 +01:00 [INF] Route matched with {action = "GetAllQuizzes", controller = "TakeQuizApi"}. Executing controller action with signature System.Threading.Tasks.Task`1[Microsoft.AspNetCore.Mvc.IActionResult] GetAllQuizzes() on controller api.Controllers.TakeQuizApiController (api).
2025-11-08 17:21:57.588 +01:00 [INF] Executing OkObjectResult, writing value of type 'System.Collections.Generic.List`1[[api.DTOs.QuizDto, api, Version=1.0.0.0, Culture=neutral, PublicKeyToken=null]]'.
2025-11-08 17:21:57.589 +01:00 [INF] Executed action api.Controllers.TakeQuizApiController.GetAllQuizzes (api) in 2.1181ms
2025-11-08 17:21:57.589 +01:00 [INF] Executed endpoint 'api.Controllers.TakeQuizApiController.GetAllQuizzes (api)'
2025-11-08 17:21:57.589 +01:00 [INF] Request finished HTTP/1.1 GET http://localhost:5082/api/takequizapi/takequizlist - 200 330 application/json; charset=utf-8 2.801ms
2025-11-08 17:21:58.450 +01:00 [INF] Request starting HTTP/1.1 GET http://localhost:5082/api/takequizapi/attempts/6 - null null
2025-11-08 17:21:58.451 +01:00 [INF] CORS policy execution successful.
2025-11-08 17:21:58.451 +01:00 [INF] Executing endpoint 'api.Controllers.TakeQuizApiController.GetAttempts (api)'
2025-11-08 17:21:58.451 +01:00 [INF] Route matched with {action = "GetAttempts", controller = "TakeQuizApi"}. Executing controller action with signature System.Threading.Tasks.Task`1[Microsoft.AspNetCore.Mvc.IActionResult] GetAttempts(Int32) on controller api.Controllers.TakeQuizApiController (api).
2025-11-08 17:21:58.453 +01:00 [INF] Executing OkObjectResult, writing value of type 'System.Collections.Generic.List`1[[api.DTOs.QuizResultDto, api, Version=1.0.0.0, Culture=neutral, PublicKeyToken=null]]'.
2025-11-08 17:21:58.453 +01:00 [INF] Executed action api.Controllers.TakeQuizApiController.GetAttempts (api) in 2.1533ms
2025-11-08 17:21:58.453 +01:00 [INF] Executed endpoint 'api.Controllers.TakeQuizApiController.GetAttempts (api)'
2025-11-08 17:21:58.453 +01:00 [INF] Request finished HTTP/1.1 GET http://localhost:5082/api/takequizapi/attempts/6 - 200 2 application/json; charset=utf-8 2.8476ms
2025-11-08 17:21:58.456 +01:00 [INF] Request starting HTTP/1.1 GET http://localhost:5082/api/takequizapi/attempts/6 - null null
2025-11-08 17:21:58.456 +01:00 [INF] CORS policy execution successful.
2025-11-08 17:21:58.456 +01:00 [INF] Executing endpoint 'api.Controllers.TakeQuizApiController.GetAttempts (api)'
2025-11-08 17:21:58.456 +01:00 [INF] Route matched with {action = "GetAttempts", controller = "TakeQuizApi"}. Executing controller action with signature System.Threading.Tasks.Task`1[Microsoft.AspNetCore.Mvc.IActionResult] GetAttempts(Int32) on controller api.Controllers.TakeQuizApiController (api).
2025-11-08 17:21:58.458 +01:00 [INF] Executing OkObjectResult, writing value of type 'System.Collections.Generic.List`1[[api.DTOs.QuizResultDto, api, Version=1.0.0.0, Culture=neutral, PublicKeyToken=null]]'.
2025-11-08 17:21:58.458 +01:00 [INF] Executed action api.Controllers.TakeQuizApiController.GetAttempts (api) in 2.4537ms
2025-11-08 17:21:58.459 +01:00 [INF] Executed endpoint 'api.Controllers.TakeQuizApiController.GetAttempts (api)'
2025-11-08 17:21:58.459 +01:00 [INF] Request finished HTTP/1.1 GET http://localhost:5082/api/takequizapi/attempts/6 - 200 2 application/json; charset=utf-8 3.1408ms
2025-11-08 17:21:59.083 +01:00 [INF] Request starting HTTP/1.1 GET http://localhost:5082/api/takequizapi/takequizlist - null null
2025-11-08 17:21:59.083 +01:00 [INF] CORS policy execution successful.
2025-11-08 17:21:59.084 +01:00 [INF] Executing endpoint 'api.Controllers.TakeQuizApiController.GetAllQuizzes (api)'
2025-11-08 17:21:59.084 +01:00 [INF] Route matched with {action = "GetAllQuizzes", controller = "TakeQuizApi"}. Executing controller action with signature System.Threading.Tasks.Task`1[Microsoft.AspNetCore.Mvc.IActionResult] GetAllQuizzes() on controller api.Controllers.TakeQuizApiController (api).
2025-11-08 17:21:59.087 +01:00 [INF] Executing OkObjectResult, writing value of type 'System.Collections.Generic.List`1[[api.DTOs.QuizDto, api, Version=1.0.0.0, Culture=neutral, PublicKeyToken=null]]'.
2025-11-08 17:21:59.087 +01:00 [INF] Executed action api.Controllers.TakeQuizApiController.GetAllQuizzes (api) in 3.4516ms
2025-11-08 17:21:59.087 +01:00 [INF] Executed endpoint 'api.Controllers.TakeQuizApiController.GetAllQuizzes (api)'
2025-11-08 17:21:59.088 +01:00 [INF] Request finished HTTP/1.1 GET http://localhost:5082/api/takequizapi/takequizlist - 200 330 application/json; charset=utf-8 4.3024ms
2025-11-08 17:21:59.089 +01:00 [INF] Request starting HTTP/1.1 GET http://localhost:5082/api/takequizapi/takequizlist - null null
2025-11-08 17:21:59.089 +01:00 [INF] CORS policy execution successful.
2025-11-08 17:21:59.090 +01:00 [INF] Executing endpoint 'api.Controllers.TakeQuizApiController.GetAllQuizzes (api)'
2025-11-08 17:21:59.090 +01:00 [INF] Route matched with {action = "GetAllQuizzes", controller = "TakeQuizApi"}. Executing controller action with signature System.Threading.Tasks.Task`1[Microsoft.AspNetCore.Mvc.IActionResult] GetAllQuizzes() on controller api.Controllers.TakeQuizApiController (api).
2025-11-08 17:21:59.092 +01:00 [INF] Executing OkObjectResult, writing value of type 'System.Collections.Generic.List`1[[api.DTOs.QuizDto, api, Version=1.0.0.0, Culture=neutral, PublicKeyToken=null]]'.
2025-11-08 17:21:59.093 +01:00 [INF] Executed action api.Controllers.TakeQuizApiController.GetAllQuizzes (api) in 3.2533ms
2025-11-08 17:21:59.093 +01:00 [INF] Executed endpoint 'api.Controllers.TakeQuizApiController.GetAllQuizzes (api)'
2025-11-08 17:21:59.093 +01:00 [INF] Request finished HTTP/1.1 GET http://localhost:5082/api/takequizapi/takequizlist - 200 330 application/json; charset=utf-8 3.8656ms
2025-11-08 17:21:59.867 +01:00 [INF] Request starting HTTP/1.1 GET http://localhost:5082/api/takequizapi/attempts/5 - null null
2025-11-08 17:21:59.868 +01:00 [INF] CORS policy execution successful.
2025-11-08 17:21:59.868 +01:00 [INF] Executing endpoint 'api.Controllers.TakeQuizApiController.GetAttempts (api)'
2025-11-08 17:21:59.868 +01:00 [INF] Route matched with {action = "GetAttempts", controller = "TakeQuizApi"}. Executing controller action with signature System.Threading.Tasks.Task`1[Microsoft.AspNetCore.Mvc.IActionResult] GetAttempts(Int32) on controller api.Controllers.TakeQuizApiController (api).
2025-11-08 17:21:59.872 +01:00 [INF] Executing OkObjectResult, writing value of type 'System.Collections.Generic.List`1[[api.DTOs.QuizResultDto, api, Version=1.0.0.0, Culture=neutral, PublicKeyToken=null]]'.
2025-11-08 17:21:59.873 +01:00 [INF] Executed action api.Controllers.TakeQuizApiController.GetAttempts (api) in 5.1176ms
2025-11-08 17:21:59.873 +01:00 [INF] Executed endpoint 'api.Controllers.TakeQuizApiController.GetAttempts (api)'
2025-11-08 17:21:59.873 +01:00 [INF] Request finished HTTP/1.1 GET http://localhost:5082/api/takequizapi/attempts/5 - 200 99 application/json; charset=utf-8 5.8791ms
2025-11-08 17:21:59.876 +01:00 [INF] Request starting HTTP/1.1 GET http://localhost:5082/api/takequizapi/attempts/5 - null null
2025-11-08 17:21:59.876 +01:00 [INF] CORS policy execution successful.
2025-11-08 17:21:59.876 +01:00 [INF] Executing endpoint 'api.Controllers.TakeQuizApiController.GetAttempts (api)'
2025-11-08 17:21:59.876 +01:00 [INF] Route matched with {action = "GetAttempts", controller = "TakeQuizApi"}. Executing controller action with signature System.Threading.Tasks.Task`1[Microsoft.AspNetCore.Mvc.IActionResult] GetAttempts(Int32) on controller api.Controllers.TakeQuizApiController (api).
2025-11-08 17:21:59.878 +01:00 [INF] Executing OkObjectResult, writing value of type 'System.Collections.Generic.List`1[[api.DTOs.QuizResultDto, api, Version=1.0.0.0, Culture=neutral, PublicKeyToken=null]]'.
2025-11-08 17:21:59.878 +01:00 [INF] Executed action api.Controllers.TakeQuizApiController.GetAttempts (api) in 1.99ms
2025-11-08 17:21:59.878 +01:00 [INF] Executed endpoint 'api.Controllers.TakeQuizApiController.GetAttempts (api)'
2025-11-08 17:21:59.878 +01:00 [INF] Request finished HTTP/1.1 GET http://localhost:5082/api/takequizapi/attempts/5 - 200 99 application/json; charset=utf-8 2.4995ms
2025-11-08 17:22:00.836 +01:00 [INF] Request starting HTTP/1.1 GET http://localhost:5082/api/takequizapi/takequizlist - null null
2025-11-08 17:22:00.836 +01:00 [INF] CORS policy execution successful.
2025-11-08 17:22:00.836 +01:00 [INF] Executing endpoint 'api.Controllers.TakeQuizApiController.GetAllQuizzes (api)'
2025-11-08 17:22:00.837 +01:00 [INF] Route matched with {action = "GetAllQuizzes", controller = "TakeQuizApi"}. Executing controller action with signature System.Threading.Tasks.Task`1[Microsoft.AspNetCore.Mvc.IActionResult] GetAllQuizzes() on controller api.Controllers.TakeQuizApiController (api).
2025-11-08 17:22:00.839 +01:00 [INF] Executing OkObjectResult, writing value of type 'System.Collections.Generic.List`1[[api.DTOs.QuizDto, api, Version=1.0.0.0, Culture=neutral, PublicKeyToken=null]]'.
2025-11-08 17:22:00.839 +01:00 [INF] Executed action api.Controllers.TakeQuizApiController.GetAllQuizzes (api) in 2.238ms
2025-11-08 17:22:00.839 +01:00 [INF] Executed endpoint 'api.Controllers.TakeQuizApiController.GetAllQuizzes (api)'
2025-11-08 17:22:00.839 +01:00 [INF] Request finished HTTP/1.1 GET http://localhost:5082/api/takequizapi/takequizlist - 200 330 application/json; charset=utf-8 3.4373ms
2025-11-08 17:22:00.841 +01:00 [INF] Request starting HTTP/1.1 GET http://localhost:5082/api/takequizapi/takequizlist - null null
2025-11-08 17:22:00.841 +01:00 [INF] CORS policy execution successful.
2025-11-08 17:22:00.841 +01:00 [INF] Executing endpoint 'api.Controllers.TakeQuizApiController.GetAllQuizzes (api)'
2025-11-08 17:22:00.841 +01:00 [INF] Route matched with {action = "GetAllQuizzes", controller = "TakeQuizApi"}. Executing controller action with signature System.Threading.Tasks.Task`1[Microsoft.AspNetCore.Mvc.IActionResult] GetAllQuizzes() on controller api.Controllers.TakeQuizApiController (api).
2025-11-08 17:22:00.844 +01:00 [INF] Executing OkObjectResult, writing value of type 'System.Collections.Generic.List`1[[api.DTOs.QuizDto, api, Version=1.0.0.0, Culture=neutral, PublicKeyToken=null]]'.
2025-11-08 17:22:00.844 +01:00 [INF] Executed action api.Controllers.TakeQuizApiController.GetAllQuizzes (api) in 3.1057ms
2025-11-08 17:22:00.845 +01:00 [INF] Executed endpoint 'api.Controllers.TakeQuizApiController.GetAllQuizzes (api)'
2025-11-08 17:22:00.845 +01:00 [INF] Request finished HTTP/1.1 GET http://localhost:5082/api/takequizapi/takequizlist - 200 330 application/json; charset=utf-8 3.7046ms
2025-11-08 17:22:03.304 +01:00 [INF] Request starting HTTP/1.1 GET http://localhost:5082/api/quizapi/quizlist - null null
2025-11-08 17:22:03.305 +01:00 [INF] CORS policy execution successful.
2025-11-08 17:22:03.305 +01:00 [INF] Executing endpoint 'api.Controllers.QuizAPIController.QuizList (api)'
2025-11-08 17:22:03.305 +01:00 [INF] Route matched with {action = "QuizList", controller = "QuizAPI"}. Executing controller action with signature System.Threading.Tasks.Task`1[Microsoft.AspNetCore.Mvc.IActionResult] QuizList() on controller api.Controllers.QuizAPIController (api).
2025-11-08 17:22:03.307 +01:00 [INF] Executing OkObjectResult, writing value of type 'System.Linq.Enumerable+SelectListIterator`2[[api.Models.Quiz, api, Version=1.0.0.0, Culture=neutral, PublicKeyToken=null],[api.DTOs.QuizDto, api, Version=1.0.0.0, Culture=neutral, PublicKeyToken=null]]'.
2025-11-08 17:22:03.308 +01:00 [INF] Executed action api.Controllers.QuizAPIController.QuizList (api) in 2.7265ms
2025-11-08 17:22:03.308 +01:00 [INF] Executed endpoint 'api.Controllers.QuizAPIController.QuizList (api)'
2025-11-08 17:22:03.308 +01:00 [INF] Request finished HTTP/1.1 GET http://localhost:5082/api/quizapi/quizlist - 200 330 application/json; charset=utf-8 3.7905ms
2025-11-08 17:22:03.311 +01:00 [INF] Request starting HTTP/1.1 GET http://localhost:5082/api/quizapi/quizlist - null null
2025-11-08 17:22:03.311 +01:00 [INF] CORS policy execution successful.
2025-11-08 17:22:03.311 +01:00 [INF] Executing endpoint 'api.Controllers.QuizAPIController.QuizList (api)'
2025-11-08 17:22:03.311 +01:00 [INF] Route matched with {action = "QuizList", controller = "QuizAPI"}. Executing controller action with signature System.Threading.Tasks.Task`1[Microsoft.AspNetCore.Mvc.IActionResult] QuizList() on controller api.Controllers.QuizAPIController (api).
2025-11-08 17:22:03.313 +01:00 [INF] Executing OkObjectResult, writing value of type 'System.Linq.Enumerable+SelectListIterator`2[[api.Models.Quiz, api, Version=1.0.0.0, Culture=neutral, PublicKeyToken=null],[api.DTOs.QuizDto, api, Version=1.0.0.0, Culture=neutral, PublicKeyToken=null]]'.
2025-11-08 17:22:03.314 +01:00 [INF] Executed action api.Controllers.QuizAPIController.QuizList (api) in 2.5154ms
2025-11-08 17:22:03.314 +01:00 [INF] Executed endpoint 'api.Controllers.QuizAPIController.QuizList (api)'
2025-11-08 17:22:03.314 +01:00 [INF] Request finished HTTP/1.1 GET http://localhost:5082/api/quizapi/quizlist - 200 330 application/json; charset=utf-8 3.2279ms
2025-11-08 17:22:06.637 +01:00 [INF] Request starting HTTP/1.1 GET http://localhost:5082/api/quizapi/quizlist - null null
2025-11-08 17:22:06.638 +01:00 [INF] CORS policy execution successful.
2025-11-08 17:22:06.638 +01:00 [INF] Executing endpoint 'api.Controllers.QuizAPIController.QuizList (api)'
2025-11-08 17:22:06.638 +01:00 [INF] Route matched with {action = "QuizList", controller = "QuizAPI"}. Executing controller action with signature System.Threading.Tasks.Task`1[Microsoft.AspNetCore.Mvc.IActionResult] QuizList() on controller api.Controllers.QuizAPIController (api).
2025-11-08 17:22:06.639 +01:00 [INF] Executing OkObjectResult, writing value of type 'System.Linq.Enumerable+SelectListIterator`2[[api.Models.Quiz, api, Version=1.0.0.0, Culture=neutral, PublicKeyToken=null],[api.DTOs.QuizDto, api, Version=1.0.0.0, Culture=neutral, PublicKeyToken=null]]'.
2025-11-08 17:22:06.639 +01:00 [INF] Executed action api.Controllers.QuizAPIController.QuizList (api) in 1.6294ms
2025-11-08 17:22:06.639 +01:00 [INF] Executed endpoint 'api.Controllers.QuizAPIController.QuizList (api)'
2025-11-08 17:22:06.639 +01:00 [INF] Request finished HTTP/1.1 GET http://localhost:5082/api/quizapi/quizlist - 200 330 application/json; charset=utf-8 1.994ms
2025-11-08 17:22:06.641 +01:00 [INF] Request starting HTTP/1.1 GET http://localhost:5082/api/quizapi/quizlist - null null
2025-11-08 17:22:06.641 +01:00 [INF] CORS policy execution successful.
2025-11-08 17:22:06.642 +01:00 [INF] Executing endpoint 'api.Controllers.QuizAPIController.QuizList (api)'
2025-11-08 17:22:06.642 +01:00 [INF] Route matched with {action = "QuizList", controller = "QuizAPI"}. Executing controller action with signature System.Threading.Tasks.Task`1[Microsoft.AspNetCore.Mvc.IActionResult] QuizList() on controller api.Controllers.QuizAPIController (api).
2025-11-08 17:22:06.643 +01:00 [INF] Executing OkObjectResult, writing value of type 'System.Linq.Enumerable+SelectListIterator`2[[api.Models.Quiz, api, Version=1.0.0.0, Culture=neutral, PublicKeyToken=null],[api.DTOs.QuizDto, api, Version=1.0.0.0, Culture=neutral, PublicKeyToken=null]]'.
2025-11-08 17:22:06.644 +01:00 [INF] Executed action api.Controllers.QuizAPIController.QuizList (api) in 2.0079ms
2025-11-08 17:22:06.644 +01:00 [INF] Executed endpoint 'api.Controllers.QuizAPIController.QuizList (api)'
2025-11-08 17:22:06.644 +01:00 [INF] Request finished HTTP/1.1 GET http://localhost:5082/api/quizapi/quizlist - 200 330 application/json; charset=utf-8 2.5694ms
2025-11-08 17:22:10.915 +01:00 [INF] Application is shutting down...
