2025-10-23 17:08:49.906 +02:00 [INF] Now listening on: https://localhost:7262
2025-10-23 17:08:49.920 +02:00 [INF] Now listening on: http://localhost:5082
2025-10-23 17:08:49.928 +02:00 [INF] Application started. Press Ctrl+C to shut down.
2025-10-23 17:08:49.932 +02:00 [INF] Hosting environment: Development
2025-10-23 17:08:49.935 +02:00 [INF] Content root path: C:\Users\Admin\OneDrive - OsloMet\FinalExamITPE3200\EXAMFAM\api
2025-10-23 17:08:53.690 +02:00 [INF] Request starting HTTP/1.1 GET http://localhost:5082/swagger/index.html - null null
2025-10-23 17:08:53.868 +02:00 [INF] Request finished HTTP/1.1 GET http://localhost:5082/swagger/index.html - 200 null text/html;charset=utf-8 181.3185ms
2025-10-23 17:08:54.332 +02:00 [INF] Request starting HTTP/1.1 GET http://localhost:5082/swagger/v1/swagger.json - null null
2025-10-23 17:08:54.413 +02:00 [INF] Request finished HTTP/1.1 GET http://localhost:5082/swagger/v1/swagger.json - 200 null application/json;charset=utf-8 81.6987ms
2025-10-23 17:09:01.966 +02:00 [INF] Request starting HTTP/1.1 GET http://localhost:5082/api/QuizAPI/quizlist - null null
2025-10-23 17:09:01.997 +02:00 [INF] Executing endpoint 'api.Controllers.QuizAPIController.QuizList (api)'
2025-10-23 17:09:02.037 +02:00 [INF] Route matched with {action = "QuizList", controller = "QuizAPI"}. Executing controller action with signature System.Threading.Tasks.Task`1[Microsoft.AspNetCore.Mvc.IActionResult] QuizList() on controller api.Controllers.QuizAPIController (api).
2025-10-23 17:09:03.737 +02:00 [WRN] Compiling a query which loads related collections for more than one collection navigation, either via 'Include' or through projection, but no 'QuerySplittingBehavior' has been configured. By default, Entity Framework will use 'QuerySplittingBehavior.SingleQuery', which can potentially result in slow query performance. See https://go.microsoft.com/fwlink/?linkid=2134277 for more information. To identify the query that's triggering this warning call 'ConfigureWarnings(w => w.Throw(RelationalEventId.MultipleCollectionIncludeWarning))'.
2025-10-23 17:09:03.876 +02:00 [ERR] Failed executing DbCommand (19ms) [Parameters=[], CommandType='"Text"', CommandTimeout='30']
SELECT "q"."QuizId", "q"."Title", "t"."QuestionId", "t"."QuizId", "t"."Text", "t"."AnswerOptionId", "t"."IsCorrect", "t"."QuestionId0", "t"."Text0"
FROM "Quizzes" AS "q"
LEFT JOIN (
    SELECT "q0"."QuestionId", "q0"."QuizId", "q0"."Text", "a"."AnswerOptionId", "a"."IsCorrect", "a"."QuestionId" AS "QuestionId0", "a"."Text" AS "Text0"
    FROM "Questions" AS "q0"
    LEFT JOIN "AnswerOptions" AS "a" ON "q0"."QuestionId" = "a"."QuestionId"
) AS "t" ON "q"."QuizId" = "t"."QuizId"
ORDER BY "q"."QuizId", "t"."QuestionId"
2025-10-23 17:09:03.967 +02:00 [ERR] An exception occurred while iterating over the results of a query for context type 'api.DAL.QuizDbContext'.
Microsoft.Data.Sqlite.SqliteException (0x80004005): SQLite Error 1: 'no such table: Quizzes'.
   at Microsoft.Data.Sqlite.SqliteException.ThrowExceptionForRC(Int32 rc, sqlite3 db)
   at Microsoft.Data.Sqlite.SqliteCommand.PrepareAndEnumerateStatements()+MoveNext()
   at Microsoft.Data.Sqlite.SqliteCommand.GetStatements()+MoveNext()
   at Microsoft.Data.Sqlite.SqliteDataReader.NextResult()
   at Microsoft.Data.Sqlite.SqliteCommand.ExecuteReader(CommandBehavior behavior)
   at Microsoft.Data.Sqlite.SqliteCommand.ExecuteReaderAsync(CommandBehavior behavior, CancellationToken cancellationToken)
   at Microsoft.Data.Sqlite.SqliteCommand.ExecuteDbDataReaderAsync(CommandBehavior behavior, CancellationToken cancellationToken)
   at Microsoft.EntityFrameworkCore.Storage.RelationalCommand.ExecuteReaderAsync(RelationalCommandParameterObject parameterObject, CancellationToken cancellationToken)
   at Microsoft.EntityFrameworkCore.Storage.RelationalCommand.ExecuteReaderAsync(RelationalCommandParameterObject parameterObject, CancellationToken cancellationToken)
   at Microsoft.EntityFrameworkCore.Query.Internal.SingleQueryingEnumerable`1.AsyncEnumerator.InitializeReaderAsync(AsyncEnumerator enumerator, CancellationToken cancellationToken)
   at Microsoft.EntityFrameworkCore.Query.Internal.SingleQueryingEnumerable`1.AsyncEnumerator.MoveNextAsync()
Microsoft.Data.Sqlite.SqliteException (0x80004005): SQLite Error 1: 'no such table: Quizzes'.
   at Microsoft.Data.Sqlite.SqliteException.ThrowExceptionForRC(Int32 rc, sqlite3 db)
   at Microsoft.Data.Sqlite.SqliteCommand.PrepareAndEnumerateStatements()+MoveNext()
   at Microsoft.Data.Sqlite.SqliteCommand.GetStatements()+MoveNext()
   at Microsoft.Data.Sqlite.SqliteDataReader.NextResult()
   at Microsoft.Data.Sqlite.SqliteCommand.ExecuteReader(CommandBehavior behavior)
   at Microsoft.Data.Sqlite.SqliteCommand.ExecuteReaderAsync(CommandBehavior behavior, CancellationToken cancellationToken)
   at Microsoft.Data.Sqlite.SqliteCommand.ExecuteDbDataReaderAsync(CommandBehavior behavior, CancellationToken cancellationToken)
   at Microsoft.EntityFrameworkCore.Storage.RelationalCommand.ExecuteReaderAsync(RelationalCommandParameterObject parameterObject, CancellationToken cancellationToken)
   at Microsoft.EntityFrameworkCore.Storage.RelationalCommand.ExecuteReaderAsync(RelationalCommandParameterObject parameterObject, CancellationToken cancellationToken)
   at Microsoft.EntityFrameworkCore.Query.Internal.SingleQueryingEnumerable`1.AsyncEnumerator.InitializeReaderAsync(AsyncEnumerator enumerator, CancellationToken cancellationToken)
   at Microsoft.EntityFrameworkCore.Query.Internal.SingleQueryingEnumerable`1.AsyncEnumerator.MoveNextAsync()
2025-10-23 17:09:04.690 +02:00 [ERR] [QuizRepository] GetAll() failed: SQLite Error 1: 'no such table: Quizzes'.
2025-10-23 17:09:04.695 +02:00 [ERR] [QuizAPIController] quiz list not found while executing _repo.GetAll()
2025-10-23 17:09:04.705 +02:00 [INF] Executing NotFoundObjectResult, writing value of type 'System.String'.
2025-10-23 17:09:04.714 +02:00 [INF] Executed action api.Controllers.QuizAPIController.QuizList (api) in 2671.9383ms
2025-10-23 17:09:04.714 +02:00 [INF] Executed endpoint 'api.Controllers.QuizAPIController.QuizList (api)'
2025-10-23 17:09:04.725 +02:00 [INF] Request finished HTTP/1.1 GET http://localhost:5082/api/QuizAPI/quizlist - 404 null text/plain; charset=utf-8 2758.5512ms
