2025-10-29 10:53:06.530 +01:00 [INF] Now listening on: http://localhost:5082
2025-10-29 10:53:06.538 +01:00 [INF] Application started. Press Ctrl+C to shut down.
2025-10-29 10:53:06.539 +01:00 [INF] Hosting environment: Development
2025-10-29 10:53:06.540 +01:00 [INF] Content root path: C:\Users\Admin\OneDrive - OsloMet\FinalExamITPE3200\EXAMFAM\api
2025-10-29 10:53:09.227 +01:00 [INF] Request starting HTTP/1.1 GET http://localhost:5082/api/quizapi/quizlist - null null
2025-10-29 10:53:09.267 +01:00 [INF] CORS policy execution successful.
2025-10-29 10:53:09.273 +01:00 [INF] Executing endpoint 'api.Controllers.QuizAPIController.QuizList (api)'
2025-10-29 10:53:09.299 +01:00 [INF] Route matched with {action = "QuizList", controller = "QuizAPI"}. Executing controller action with signature System.Threading.Tasks.Task`1[Microsoft.AspNetCore.Mvc.IActionResult] QuizList() on controller api.Controllers.QuizAPIController (api).
2025-10-29 10:53:10.117 +01:00 [WRN] Compiling a query which loads related collections for more than one collection navigation, either via 'Include' or through projection, but no 'QuerySplittingBehavior' has been configured. By default, Entity Framework will use 'QuerySplittingBehavior.SingleQuery', which can potentially result in slow query performance. See https://go.microsoft.com/fwlink/?linkid=2134277 for more information. To identify the query that's triggering this warning call 'ConfigureWarnings(w => w.Throw(RelationalEventId.MultipleCollectionIncludeWarning))'.
2025-10-29 10:53:10.265 +01:00 [INF] Executing OkObjectResult, writing value of type 'System.Linq.Enumerable+SelectListIterator`2[[api.Models.Quiz, api, Version=1.0.0.0, Culture=neutral, PublicKeyToken=null],[api.DTOs.QuizDto, api, Version=1.0.0.0, Culture=neutral, PublicKeyToken=null]]'.
2025-10-29 10:53:10.333 +01:00 [INF] Executed action api.Controllers.QuizAPIController.QuizList (api) in 1030.684ms
2025-10-29 10:53:10.334 +01:00 [INF] Executed endpoint 'api.Controllers.QuizAPIController.QuizList (api)'
2025-10-29 10:53:10.340 +01:00 [INF] Request finished HTTP/1.1 GET http://localhost:5082/api/quizapi/quizlist - 200 208 application/json; charset=utf-8 1115.5754ms
2025-10-29 10:53:10.342 +01:00 [INF] Request starting HTTP/1.1 GET http://localhost:5082/api/quizapi/quizlist - null null
2025-10-29 10:53:10.345 +01:00 [INF] CORS policy execution successful.
2025-10-29 10:53:10.345 +01:00 [INF] Executing endpoint 'api.Controllers.QuizAPIController.QuizList (api)'
2025-10-29 10:53:10.345 +01:00 [INF] Route matched with {action = "QuizList", controller = "QuizAPI"}. Executing controller action with signature System.Threading.Tasks.Task`1[Microsoft.AspNetCore.Mvc.IActionResult] QuizList() on controller api.Controllers.QuizAPIController (api).
2025-10-29 10:53:10.367 +01:00 [INF] Executing OkObjectResult, writing value of type 'System.Linq.Enumerable+SelectListIterator`2[[api.Models.Quiz, api, Version=1.0.0.0, Culture=neutral, PublicKeyToken=null],[api.DTOs.QuizDto, api, Version=1.0.0.0, Culture=neutral, PublicKeyToken=null]]'.
2025-10-29 10:53:10.367 +01:00 [INF] Executed action api.Controllers.QuizAPIController.QuizList (api) in 22.0604ms
2025-10-29 10:53:10.368 +01:00 [INF] Executed endpoint 'api.Controllers.QuizAPIController.QuizList (api)'
2025-10-29 10:53:10.368 +01:00 [INF] Request finished HTTP/1.1 GET http://localhost:5082/api/quizapi/quizlist - 200 208 application/json; charset=utf-8 25.9105ms
2025-10-29 10:53:31.395 +01:00 [INF] Request starting HTTP/1.1 OPTIONS http://localhost:5082/api/QuizAPI/create - null null
2025-10-29 10:53:31.397 +01:00 [INF] CORS policy execution successful.
2025-10-29 10:53:31.398 +01:00 [INF] Request finished HTTP/1.1 OPTIONS http://localhost:5082/api/QuizAPI/create - 204 null null 2.9295ms
2025-10-29 10:53:31.401 +01:00 [INF] Request starting HTTP/1.1 POST http://localhost:5082/api/QuizAPI/create - application/json 140
2025-10-29 10:53:31.402 +01:00 [INF] CORS policy execution successful.
2025-10-29 10:53:31.402 +01:00 [INF] Executing endpoint 'api.Controllers.QuizAPIController.Create (api)'
2025-10-29 10:53:31.409 +01:00 [INF] Route matched with {action = "Create", controller = "QuizAPI"}. Executing controller action with signature System.Threading.Tasks.Task`1[Microsoft.AspNetCore.Mvc.IActionResult] Create(api.DTOs.QuizDto) on controller api.Controllers.QuizAPIController (api).
2025-10-29 10:53:31.627 +01:00 [INF] Executing CreatedAtActionResult, writing value of type 'api.Models.Quiz'.
2025-10-29 10:53:31.645 +01:00 [INF] Executed action api.Controllers.QuizAPIController.Create (api) in 235.7987ms
2025-10-29 10:53:31.645 +01:00 [INF] Executed endpoint 'api.Controllers.QuizAPIController.Create (api)'
2025-10-29 10:53:31.645 +01:00 [INF] Request finished HTTP/1.1 POST http://localhost:5082/api/QuizAPI/create - 201 252 application/json; charset=utf-8 243.9189ms
2025-10-29 10:53:31.665 +01:00 [INF] Request starting HTTP/1.1 GET http://localhost:5082/api/quizapi/quizlist - null null
2025-10-29 10:53:31.665 +01:00 [INF] CORS policy execution successful.
2025-10-29 10:53:31.666 +01:00 [INF] Executing endpoint 'api.Controllers.QuizAPIController.QuizList (api)'
2025-10-29 10:53:31.666 +01:00 [INF] Route matched with {action = "QuizList", controller = "QuizAPI"}. Executing controller action with signature System.Threading.Tasks.Task`1[Microsoft.AspNetCore.Mvc.IActionResult] QuizList() on controller api.Controllers.QuizAPIController (api).
2025-10-29 10:53:31.671 +01:00 [INF] Executing OkObjectResult, writing value of type 'System.Linq.Enumerable+SelectListIterator`2[[api.Models.Quiz, api, Version=1.0.0.0, Culture=neutral, PublicKeyToken=null],[api.DTOs.QuizDto, api, Version=1.0.0.0, Culture=neutral, PublicKeyToken=null]]'.
2025-10-29 10:53:31.672 +01:00 [INF] Executed action api.Controllers.QuizAPIController.QuizList (api) in 5.7562ms
2025-10-29 10:53:31.672 +01:00 [INF] Executed endpoint 'api.Controllers.QuizAPIController.QuizList (api)'
2025-10-29 10:53:31.672 +01:00 [INF] Request finished HTTP/1.1 GET http://localhost:5082/api/quizapi/quizlist - 200 253 application/json; charset=utf-8 6.8782ms
2025-10-29 10:53:31.674 +01:00 [INF] Request starting HTTP/1.1 GET http://localhost:5082/api/quizapi/quizlist - null null
2025-10-29 10:53:31.675 +01:00 [INF] CORS policy execution successful.
2025-10-29 10:53:31.675 +01:00 [INF] Executing endpoint 'api.Controllers.QuizAPIController.QuizList (api)'
2025-10-29 10:53:31.675 +01:00 [INF] Route matched with {action = "QuizList", controller = "QuizAPI"}. Executing controller action with signature System.Threading.Tasks.Task`1[Microsoft.AspNetCore.Mvc.IActionResult] QuizList() on controller api.Controllers.QuizAPIController (api).
2025-10-29 10:53:31.681 +01:00 [INF] Executing OkObjectResult, writing value of type 'System.Linq.Enumerable+SelectListIterator`2[[api.Models.Quiz, api, Version=1.0.0.0, Culture=neutral, PublicKeyToken=null],[api.DTOs.QuizDto, api, Version=1.0.0.0, Culture=neutral, PublicKeyToken=null]]'.
2025-10-29 10:53:31.681 +01:00 [INF] Executed action api.Controllers.QuizAPIController.QuizList (api) in 5.94ms
2025-10-29 10:53:31.681 +01:00 [INF] Executed endpoint 'api.Controllers.QuizAPIController.QuizList (api)'
2025-10-29 10:53:31.682 +01:00 [INF] Request finished HTTP/1.1 GET http://localhost:5082/api/quizapi/quizlist - 200 253 application/json; charset=utf-8 7.2007ms
2025-10-29 10:53:33.459 +01:00 [INF] Request starting HTTP/1.1 GET http://localhost:5082/api/quizapi/6 - null null
2025-10-29 10:53:33.460 +01:00 [INF] CORS policy execution successful.
2025-10-29 10:53:33.460 +01:00 [INF] Executing endpoint 'api.Controllers.QuizAPIController.GetQuiz (api)'
2025-10-29 10:53:33.465 +01:00 [INF] Route matched with {action = "GetQuiz", controller = "QuizAPI"}. Executing controller action with signature System.Threading.Tasks.Task`1[Microsoft.AspNetCore.Mvc.IActionResult] GetQuiz(Int32) on controller api.Controllers.QuizAPIController (api).
2025-10-29 10:53:33.488 +01:00 [WRN] Compiling a query which loads related collections for more than one collection navigation, either via 'Include' or through projection, but no 'QuerySplittingBehavior' has been configured. By default, Entity Framework will use 'QuerySplittingBehavior.SingleQuery', which can potentially result in slow query performance. See https://go.microsoft.com/fwlink/?linkid=2134277 for more information. To identify the query that's triggering this warning call 'ConfigureWarnings(w => w.Throw(RelationalEventId.MultipleCollectionIncludeWarning))'.
2025-10-29 10:53:33.496 +01:00 [INF] Executing OkObjectResult, writing value of type 'api.DTOs.QuizDto'.
2025-10-29 10:53:33.498 +01:00 [INF] Executed action api.Controllers.QuizAPIController.GetQuiz (api) in 33.3403ms
2025-10-29 10:53:33.498 +01:00 [INF] Executed endpoint 'api.Controllers.QuizAPIController.GetQuiz (api)'
2025-10-29 10:53:33.498 +01:00 [INF] Request finished HTTP/1.1 GET http://localhost:5082/api/quizapi/6 - 200 209 application/json; charset=utf-8 39.1792ms
2025-10-29 10:53:33.500 +01:00 [INF] Request starting HTTP/1.1 GET http://localhost:5082/api/quizapi/6 - null null
2025-10-29 10:53:33.500 +01:00 [INF] CORS policy execution successful.
2025-10-29 10:53:33.501 +01:00 [INF] Executing endpoint 'api.Controllers.QuizAPIController.GetQuiz (api)'
2025-10-29 10:53:33.501 +01:00 [INF] Route matched with {action = "GetQuiz", controller = "QuizAPI"}. Executing controller action with signature System.Threading.Tasks.Task`1[Microsoft.AspNetCore.Mvc.IActionResult] GetQuiz(Int32) on controller api.Controllers.QuizAPIController (api).
2025-10-29 10:53:33.506 +01:00 [INF] Executing OkObjectResult, writing value of type 'api.DTOs.QuizDto'.
2025-10-29 10:53:33.506 +01:00 [INF] Executed action api.Controllers.QuizAPIController.GetQuiz (api) in 5.0395ms
2025-10-29 10:53:33.506 +01:00 [INF] Executed endpoint 'api.Controllers.QuizAPIController.GetQuiz (api)'
2025-10-29 10:53:33.506 +01:00 [INF] Request finished HTTP/1.1 GET http://localhost:5082/api/quizapi/6 - 200 209 application/json; charset=utf-8 6.5293ms
2025-10-29 10:53:34.772 +01:00 [INF] Request starting HTTP/1.1 GET http://localhost:5082/api/quizapi/quizlist - null null
2025-10-29 10:53:34.773 +01:00 [INF] CORS policy execution successful.
2025-10-29 10:53:34.773 +01:00 [INF] Executing endpoint 'api.Controllers.QuizAPIController.QuizList (api)'
2025-10-29 10:53:34.774 +01:00 [INF] Route matched with {action = "QuizList", controller = "QuizAPI"}. Executing controller action with signature System.Threading.Tasks.Task`1[Microsoft.AspNetCore.Mvc.IActionResult] QuizList() on controller api.Controllers.QuizAPIController (api).
2025-10-29 10:53:34.779 +01:00 [INF] Executing OkObjectResult, writing value of type 'System.Linq.Enumerable+SelectListIterator`2[[api.Models.Quiz, api, Version=1.0.0.0, Culture=neutral, PublicKeyToken=null],[api.DTOs.QuizDto, api, Version=1.0.0.0, Culture=neutral, PublicKeyToken=null]]'.
2025-10-29 10:53:34.779 +01:00 [INF] Executed action api.Controllers.QuizAPIController.QuizList (api) in 5.3092ms
2025-10-29 10:53:34.779 +01:00 [INF] Executed endpoint 'api.Controllers.QuizAPIController.QuizList (api)'
2025-10-29 10:53:34.779 +01:00 [INF] Request finished HTTP/1.1 GET http://localhost:5082/api/quizapi/quizlist - 200 253 application/json; charset=utf-8 6.9322ms
2025-10-29 10:53:34.781 +01:00 [INF] Request starting HTTP/1.1 GET http://localhost:5082/api/quizapi/quizlist - null null
2025-10-29 10:53:34.781 +01:00 [INF] CORS policy execution successful.
2025-10-29 10:53:34.782 +01:00 [INF] Executing endpoint 'api.Controllers.QuizAPIController.QuizList (api)'
2025-10-29 10:53:34.782 +01:00 [INF] Route matched with {action = "QuizList", controller = "QuizAPI"}. Executing controller action with signature System.Threading.Tasks.Task`1[Microsoft.AspNetCore.Mvc.IActionResult] QuizList() on controller api.Controllers.QuizAPIController (api).
2025-10-29 10:53:34.786 +01:00 [INF] Executing OkObjectResult, writing value of type 'System.Linq.Enumerable+SelectListIterator`2[[api.Models.Quiz, api, Version=1.0.0.0, Culture=neutral, PublicKeyToken=null],[api.DTOs.QuizDto, api, Version=1.0.0.0, Culture=neutral, PublicKeyToken=null]]'.
2025-10-29 10:53:34.787 +01:00 [INF] Executed action api.Controllers.QuizAPIController.QuizList (api) in 5.0194ms
2025-10-29 10:53:34.787 +01:00 [INF] Executed endpoint 'api.Controllers.QuizAPIController.QuizList (api)'
2025-10-29 10:53:34.787 +01:00 [INF] Request finished HTTP/1.1 GET http://localhost:5082/api/quizapi/quizlist - 200 253 application/json; charset=utf-8 6.3432ms
2025-10-29 10:53:36.176 +01:00 [INF] Request starting HTTP/1.1 GET http://localhost:5082/api/quizapi/6 - null null
2025-10-29 10:53:36.177 +01:00 [INF] CORS policy execution successful.
2025-10-29 10:53:36.177 +01:00 [INF] Executing endpoint 'api.Controllers.QuizAPIController.GetQuiz (api)'
2025-10-29 10:53:36.177 +01:00 [INF] Route matched with {action = "GetQuiz", controller = "QuizAPI"}. Executing controller action with signature System.Threading.Tasks.Task`1[Microsoft.AspNetCore.Mvc.IActionResult] GetQuiz(Int32) on controller api.Controllers.QuizAPIController (api).
2025-10-29 10:53:36.179 +01:00 [INF] Executing OkObjectResult, writing value of type 'api.DTOs.QuizDto'.
2025-10-29 10:53:36.179 +01:00 [INF] Executed action api.Controllers.QuizAPIController.GetQuiz (api) in 1.9408ms
2025-10-29 10:53:36.179 +01:00 [INF] Executed endpoint 'api.Controllers.QuizAPIController.GetQuiz (api)'
2025-10-29 10:53:36.179 +01:00 [INF] Request finished HTTP/1.1 GET http://localhost:5082/api/quizapi/6 - 200 209 application/json; charset=utf-8 2.7347ms
2025-10-29 10:53:36.181 +01:00 [INF] Request starting HTTP/1.1 GET http://localhost:5082/api/quizapi/6 - null null
2025-10-29 10:53:36.181 +01:00 [INF] CORS policy execution successful.
2025-10-29 10:53:36.181 +01:00 [INF] Executing endpoint 'api.Controllers.QuizAPIController.GetQuiz (api)'
2025-10-29 10:53:36.181 +01:00 [INF] Route matched with {action = "GetQuiz", controller = "QuizAPI"}. Executing controller action with signature System.Threading.Tasks.Task`1[Microsoft.AspNetCore.Mvc.IActionResult] GetQuiz(Int32) on controller api.Controllers.QuizAPIController (api).
2025-10-29 10:53:36.183 +01:00 [INF] Executing OkObjectResult, writing value of type 'api.DTOs.QuizDto'.
2025-10-29 10:53:36.183 +01:00 [INF] Executed action api.Controllers.QuizAPIController.GetQuiz (api) in 2.0347ms
2025-10-29 10:53:36.184 +01:00 [INF] Executed endpoint 'api.Controllers.QuizAPIController.GetQuiz (api)'
2025-10-29 10:53:36.184 +01:00 [INF] Request finished HTTP/1.1 GET http://localhost:5082/api/quizapi/6 - 200 209 application/json; charset=utf-8 2.8511ms
2025-10-29 10:53:37.693 +01:00 [INF] Request starting HTTP/1.1 GET http://localhost:5082/api/quizapi/quizlist - null null
2025-10-29 10:53:37.693 +01:00 [INF] CORS policy execution successful.
2025-10-29 10:53:37.694 +01:00 [INF] Executing endpoint 'api.Controllers.QuizAPIController.QuizList (api)'
2025-10-29 10:53:37.694 +01:00 [INF] Route matched with {action = "QuizList", controller = "QuizAPI"}. Executing controller action with signature System.Threading.Tasks.Task`1[Microsoft.AspNetCore.Mvc.IActionResult] QuizList() on controller api.Controllers.QuizAPIController (api).
2025-10-29 10:53:37.696 +01:00 [INF] Executing OkObjectResult, writing value of type 'System.Linq.Enumerable+SelectListIterator`2[[api.Models.Quiz, api, Version=1.0.0.0, Culture=neutral, PublicKeyToken=null],[api.DTOs.QuizDto, api, Version=1.0.0.0, Culture=neutral, PublicKeyToken=null]]'.
2025-10-29 10:53:37.696 +01:00 [INF] Executed action api.Controllers.QuizAPIController.QuizList (api) in 2.2953ms
2025-10-29 10:53:37.696 +01:00 [INF] Executed endpoint 'api.Controllers.QuizAPIController.QuizList (api)'
2025-10-29 10:53:37.696 +01:00 [INF] Request finished HTTP/1.1 GET http://localhost:5082/api/quizapi/quizlist - 200 253 application/json; charset=utf-8 3.0187ms
2025-10-29 10:53:37.698 +01:00 [INF] Request starting HTTP/1.1 GET http://localhost:5082/api/quizapi/quizlist - null null
2025-10-29 10:53:37.698 +01:00 [INF] CORS policy execution successful.
2025-10-29 10:53:37.698 +01:00 [INF] Executing endpoint 'api.Controllers.QuizAPIController.QuizList (api)'
2025-10-29 10:53:37.699 +01:00 [INF] Route matched with {action = "QuizList", controller = "QuizAPI"}. Executing controller action with signature System.Threading.Tasks.Task`1[Microsoft.AspNetCore.Mvc.IActionResult] QuizList() on controller api.Controllers.QuizAPIController (api).
2025-10-29 10:53:37.700 +01:00 [INF] Executing OkObjectResult, writing value of type 'System.Linq.Enumerable+SelectListIterator`2[[api.Models.Quiz, api, Version=1.0.0.0, Culture=neutral, PublicKeyToken=null],[api.DTOs.QuizDto, api, Version=1.0.0.0, Culture=neutral, PublicKeyToken=null]]'.
2025-10-29 10:53:37.701 +01:00 [INF] Executed action api.Controllers.QuizAPIController.QuizList (api) in 2.3035ms
2025-10-29 10:53:37.701 +01:00 [INF] Executed endpoint 'api.Controllers.QuizAPIController.QuizList (api)'
2025-10-29 10:53:37.701 +01:00 [INF] Request finished HTTP/1.1 GET http://localhost:5082/api/quizapi/quizlist - 200 253 application/json; charset=utf-8 3.1665ms
2025-10-29 10:53:40.959 +01:00 [INF] Request starting HTTP/1.1 GET http://localhost:5082/api/quizapi/6 - null null
2025-10-29 10:53:40.960 +01:00 [INF] CORS policy execution successful.
2025-10-29 10:53:40.960 +01:00 [INF] Executing endpoint 'api.Controllers.QuizAPIController.GetQuiz (api)'
2025-10-29 10:53:40.960 +01:00 [INF] Route matched with {action = "GetQuiz", controller = "QuizAPI"}. Executing controller action with signature System.Threading.Tasks.Task`1[Microsoft.AspNetCore.Mvc.IActionResult] GetQuiz(Int32) on controller api.Controllers.QuizAPIController (api).
2025-10-29 10:53:40.962 +01:00 [INF] Executing OkObjectResult, writing value of type 'api.DTOs.QuizDto'.
2025-10-29 10:53:40.963 +01:00 [INF] Executed action api.Controllers.QuizAPIController.GetQuiz (api) in 2.917ms
2025-10-29 10:53:40.963 +01:00 [INF] Executed endpoint 'api.Controllers.QuizAPIController.GetQuiz (api)'
2025-10-29 10:53:40.963 +01:00 [INF] Request finished HTTP/1.1 GET http://localhost:5082/api/quizapi/6 - 200 209 application/json; charset=utf-8 3.9313ms
2025-10-29 10:53:40.965 +01:00 [INF] Request starting HTTP/1.1 GET http://localhost:5082/api/quizapi/6 - null null
2025-10-29 10:53:40.965 +01:00 [INF] CORS policy execution successful.
2025-10-29 10:53:40.966 +01:00 [INF] Executing endpoint 'api.Controllers.QuizAPIController.GetQuiz (api)'
2025-10-29 10:53:40.966 +01:00 [INF] Route matched with {action = "GetQuiz", controller = "QuizAPI"}. Executing controller action with signature System.Threading.Tasks.Task`1[Microsoft.AspNetCore.Mvc.IActionResult] GetQuiz(Int32) on controller api.Controllers.QuizAPIController (api).
2025-10-29 10:53:40.969 +01:00 [INF] Executing OkObjectResult, writing value of type 'api.DTOs.QuizDto'.
2025-10-29 10:53:40.969 +01:00 [INF] Executed action api.Controllers.QuizAPIController.GetQuiz (api) in 3.5447ms
2025-10-29 10:53:40.970 +01:00 [INF] Executed endpoint 'api.Controllers.QuizAPIController.GetQuiz (api)'
2025-10-29 10:53:40.970 +01:00 [INF] Request finished HTTP/1.1 GET http://localhost:5082/api/quizapi/6 - 200 209 application/json; charset=utf-8 4.4681ms
2025-10-29 10:53:43.229 +01:00 [INF] Request starting HTTP/1.1 GET http://localhost:5082/api/quizapi/quizlist - null null
2025-10-29 10:53:43.229 +01:00 [INF] CORS policy execution successful.
2025-10-29 10:53:43.230 +01:00 [INF] Executing endpoint 'api.Controllers.QuizAPIController.QuizList (api)'
2025-10-29 10:53:43.230 +01:00 [INF] Route matched with {action = "QuizList", controller = "QuizAPI"}. Executing controller action with signature System.Threading.Tasks.Task`1[Microsoft.AspNetCore.Mvc.IActionResult] QuizList() on controller api.Controllers.QuizAPIController (api).
2025-10-29 10:53:43.233 +01:00 [INF] Executing OkObjectResult, writing value of type 'System.Linq.Enumerable+SelectListIterator`2[[api.Models.Quiz, api, Version=1.0.0.0, Culture=neutral, PublicKeyToken=null],[api.DTOs.QuizDto, api, Version=1.0.0.0, Culture=neutral, PublicKeyToken=null]]'.
2025-10-29 10:53:43.233 +01:00 [INF] Executed action api.Controllers.QuizAPIController.QuizList (api) in 3.1327ms
2025-10-29 10:53:43.233 +01:00 [INF] Executed endpoint 'api.Controllers.QuizAPIController.QuizList (api)'
2025-10-29 10:53:43.233 +01:00 [INF] Request finished HTTP/1.1 GET http://localhost:5082/api/quizapi/quizlist - 200 253 application/json; charset=utf-8 4.6126ms
2025-10-29 10:53:43.236 +01:00 [INF] Request starting HTTP/1.1 GET http://localhost:5082/api/quizapi/quizlist - null null
2025-10-29 10:53:43.236 +01:00 [INF] CORS policy execution successful.
2025-10-29 10:53:43.236 +01:00 [INF] Executing endpoint 'api.Controllers.QuizAPIController.QuizList (api)'
2025-10-29 10:53:43.236 +01:00 [INF] Route matched with {action = "QuizList", controller = "QuizAPI"}. Executing controller action with signature System.Threading.Tasks.Task`1[Microsoft.AspNetCore.Mvc.IActionResult] QuizList() on controller api.Controllers.QuizAPIController (api).
2025-10-29 10:53:43.239 +01:00 [INF] Executing OkObjectResult, writing value of type 'System.Linq.Enumerable+SelectListIterator`2[[api.Models.Quiz, api, Version=1.0.0.0, Culture=neutral, PublicKeyToken=null],[api.DTOs.QuizDto, api, Version=1.0.0.0, Culture=neutral, PublicKeyToken=null]]'.
2025-10-29 10:53:43.240 +01:00 [INF] Executed action api.Controllers.QuizAPIController.QuizList (api) in 3.567ms
2025-10-29 10:53:43.240 +01:00 [INF] Executed endpoint 'api.Controllers.QuizAPIController.QuizList (api)'
2025-10-29 10:53:43.240 +01:00 [INF] Request finished HTTP/1.1 GET http://localhost:5082/api/quizapi/quizlist - 200 253 application/json; charset=utf-8 4.5036ms
2025-10-29 10:53:54.483 +01:00 [INF] Request starting HTTP/1.1 GET http://localhost:5082/api/quizapi/6 - null null
2025-10-29 10:53:54.486 +01:00 [INF] CORS policy execution successful.
2025-10-29 10:53:54.486 +01:00 [INF] Executing endpoint 'api.Controllers.QuizAPIController.GetQuiz (api)'
2025-10-29 10:53:54.486 +01:00 [INF] Route matched with {action = "GetQuiz", controller = "QuizAPI"}. Executing controller action with signature System.Threading.Tasks.Task`1[Microsoft.AspNetCore.Mvc.IActionResult] GetQuiz(Int32) on controller api.Controllers.QuizAPIController (api).
2025-10-29 10:53:54.489 +01:00 [INF] Executing OkObjectResult, writing value of type 'api.DTOs.QuizDto'.
2025-10-29 10:53:54.489 +01:00 [INF] Executed action api.Controllers.QuizAPIController.GetQuiz (api) in 2.7834ms
2025-10-29 10:53:54.489 +01:00 [INF] Executed endpoint 'api.Controllers.QuizAPIController.GetQuiz (api)'
2025-10-29 10:53:54.490 +01:00 [INF] Request finished HTTP/1.1 GET http://localhost:5082/api/quizapi/6 - 200 209 application/json; charset=utf-8 7.0001ms
2025-10-29 10:53:54.492 +01:00 [INF] Request starting HTTP/1.1 GET http://localhost:5082/api/quizapi/6 - null null
2025-10-29 10:53:54.493 +01:00 [INF] CORS policy execution successful.
2025-10-29 10:53:54.493 +01:00 [INF] Executing endpoint 'api.Controllers.QuizAPIController.GetQuiz (api)'
2025-10-29 10:53:54.493 +01:00 [INF] Route matched with {action = "GetQuiz", controller = "QuizAPI"}. Executing controller action with signature System.Threading.Tasks.Task`1[Microsoft.AspNetCore.Mvc.IActionResult] GetQuiz(Int32) on controller api.Controllers.QuizAPIController (api).
2025-10-29 10:53:54.495 +01:00 [INF] Executing OkObjectResult, writing value of type 'api.DTOs.QuizDto'.
2025-10-29 10:53:54.495 +01:00 [INF] Executed action api.Controllers.QuizAPIController.GetQuiz (api) in 2.268ms
2025-10-29 10:53:54.496 +01:00 [INF] Executed endpoint 'api.Controllers.QuizAPIController.GetQuiz (api)'
2025-10-29 10:53:54.496 +01:00 [INF] Request finished HTTP/1.1 GET http://localhost:5082/api/quizapi/6 - 200 209 application/json; charset=utf-8 3.8159ms
2025-10-29 10:53:56.071 +01:00 [INF] Request starting HTTP/1.1 GET http://localhost:5082/api/quizapi/quizlist - null null
2025-10-29 10:53:56.072 +01:00 [INF] CORS policy execution successful.
2025-10-29 10:53:56.072 +01:00 [INF] Executing endpoint 'api.Controllers.QuizAPIController.QuizList (api)'
2025-10-29 10:53:56.072 +01:00 [INF] Route matched with {action = "QuizList", controller = "QuizAPI"}. Executing controller action with signature System.Threading.Tasks.Task`1[Microsoft.AspNetCore.Mvc.IActionResult] QuizList() on controller api.Controllers.QuizAPIController (api).
2025-10-29 10:53:56.076 +01:00 [INF] Executing OkObjectResult, writing value of type 'System.Linq.Enumerable+SelectListIterator`2[[api.Models.Quiz, api, Version=1.0.0.0, Culture=neutral, PublicKeyToken=null],[api.DTOs.QuizDto, api, Version=1.0.0.0, Culture=neutral, PublicKeyToken=null]]'.
2025-10-29 10:53:56.077 +01:00 [INF] Executed action api.Controllers.QuizAPIController.QuizList (api) in 4.3937ms
2025-10-29 10:53:56.077 +01:00 [INF] Executed endpoint 'api.Controllers.QuizAPIController.QuizList (api)'
2025-10-29 10:53:56.077 +01:00 [INF] Request finished HTTP/1.1 GET http://localhost:5082/api/quizapi/quizlist - 200 253 application/json; charset=utf-8 5.6019ms
2025-10-29 10:53:56.079 +01:00 [INF] Request starting HTTP/1.1 GET http://localhost:5082/api/quizapi/quizlist - null null
2025-10-29 10:53:56.080 +01:00 [INF] CORS policy execution successful.
2025-10-29 10:53:56.080 +01:00 [INF] Executing endpoint 'api.Controllers.QuizAPIController.QuizList (api)'
2025-10-29 10:53:56.080 +01:00 [INF] Route matched with {action = "QuizList", controller = "QuizAPI"}. Executing controller action with signature System.Threading.Tasks.Task`1[Microsoft.AspNetCore.Mvc.IActionResult] QuizList() on controller api.Controllers.QuizAPIController (api).
2025-10-29 10:53:56.082 +01:00 [INF] Executing OkObjectResult, writing value of type 'System.Linq.Enumerable+SelectListIterator`2[[api.Models.Quiz, api, Version=1.0.0.0, Culture=neutral, PublicKeyToken=null],[api.DTOs.QuizDto, api, Version=1.0.0.0, Culture=neutral, PublicKeyToken=null]]'.
2025-10-29 10:53:56.083 +01:00 [INF] Executed action api.Controllers.QuizAPIController.QuizList (api) in 2.7747ms
2025-10-29 10:53:56.083 +01:00 [INF] Executed endpoint 'api.Controllers.QuizAPIController.QuizList (api)'
2025-10-29 10:53:56.083 +01:00 [INF] Request finished HTTP/1.1 GET http://localhost:5082/api/quizapi/quizlist - 200 253 application/json; charset=utf-8 4.0387ms
2025-10-29 10:54:07.396 +01:00 [INF] Request starting HTTP/1.1 GET http://localhost:5082/api/quizapi/6 - null null
2025-10-29 10:54:07.396 +01:00 [INF] CORS policy execution successful.
2025-10-29 10:54:07.396 +01:00 [INF] Executing endpoint 'api.Controllers.QuizAPIController.GetQuiz (api)'
2025-10-29 10:54:07.396 +01:00 [INF] Route matched with {action = "GetQuiz", controller = "QuizAPI"}. Executing controller action with signature System.Threading.Tasks.Task`1[Microsoft.AspNetCore.Mvc.IActionResult] GetQuiz(Int32) on controller api.Controllers.QuizAPIController (api).
2025-10-29 10:54:07.400 +01:00 [INF] Executing OkObjectResult, writing value of type 'api.DTOs.QuizDto'.
2025-10-29 10:54:07.400 +01:00 [INF] Executed action api.Controllers.QuizAPIController.GetQuiz (api) in 3.5827ms
2025-10-29 10:54:07.400 +01:00 [INF] Executed endpoint 'api.Controllers.QuizAPIController.GetQuiz (api)'
2025-10-29 10:54:07.400 +01:00 [INF] Request finished HTTP/1.1 GET http://localhost:5082/api/quizapi/6 - 200 209 application/json; charset=utf-8 4.5366ms
2025-10-29 10:54:07.404 +01:00 [INF] Request starting HTTP/1.1 GET http://localhost:5082/api/quizapi/6 - null null
2025-10-29 10:54:07.405 +01:00 [INF] CORS policy execution successful.
2025-10-29 10:54:07.405 +01:00 [INF] Executing endpoint 'api.Controllers.QuizAPIController.GetQuiz (api)'
2025-10-29 10:54:07.405 +01:00 [INF] Route matched with {action = "GetQuiz", controller = "QuizAPI"}. Executing controller action with signature System.Threading.Tasks.Task`1[Microsoft.AspNetCore.Mvc.IActionResult] GetQuiz(Int32) on controller api.Controllers.QuizAPIController (api).
2025-10-29 10:54:07.408 +01:00 [INF] Executing OkObjectResult, writing value of type 'api.DTOs.QuizDto'.
2025-10-29 10:54:07.408 +01:00 [INF] Executed action api.Controllers.QuizAPIController.GetQuiz (api) in 3.0828ms
2025-10-29 10:54:07.408 +01:00 [INF] Executed endpoint 'api.Controllers.QuizAPIController.GetQuiz (api)'
2025-10-29 10:54:07.408 +01:00 [INF] Request finished HTTP/1.1 GET http://localhost:5082/api/quizapi/6 - 200 209 application/json; charset=utf-8 4.1463ms
2025-10-29 10:54:15.944 +01:00 [INF] Request starting HTTP/1.1 GET http://localhost:5082/api/quizapi/quizlist - null null
2025-10-29 10:54:15.944 +01:00 [INF] CORS policy execution successful.
2025-10-29 10:54:15.944 +01:00 [INF] Executing endpoint 'api.Controllers.QuizAPIController.QuizList (api)'
2025-10-29 10:54:15.945 +01:00 [INF] Route matched with {action = "QuizList", controller = "QuizAPI"}. Executing controller action with signature System.Threading.Tasks.Task`1[Microsoft.AspNetCore.Mvc.IActionResult] QuizList() on controller api.Controllers.QuizAPIController (api).
2025-10-29 10:54:15.946 +01:00 [INF] Executing OkObjectResult, writing value of type 'System.Linq.Enumerable+SelectListIterator`2[[api.Models.Quiz, api, Version=1.0.0.0, Culture=neutral, PublicKeyToken=null],[api.DTOs.QuizDto, api, Version=1.0.0.0, Culture=neutral, PublicKeyToken=null]]'.
2025-10-29 10:54:15.946 +01:00 [INF] Executed action api.Controllers.QuizAPIController.QuizList (api) in 1.7908ms
2025-10-29 10:54:15.946 +01:00 [INF] Executed endpoint 'api.Controllers.QuizAPIController.QuizList (api)'
2025-10-29 10:54:15.947 +01:00 [INF] Request finished HTTP/1.1 GET http://localhost:5082/api/quizapi/quizlist - 200 253 application/json; charset=utf-8 2.3839ms
2025-10-29 10:54:15.949 +01:00 [INF] Request starting HTTP/1.1 GET http://localhost:5082/api/quizapi/quizlist - null null
2025-10-29 10:54:15.949 +01:00 [INF] CORS policy execution successful.
2025-10-29 10:54:15.949 +01:00 [INF] Executing endpoint 'api.Controllers.QuizAPIController.QuizList (api)'
2025-10-29 10:54:15.949 +01:00 [INF] Route matched with {action = "QuizList", controller = "QuizAPI"}. Executing controller action with signature System.Threading.Tasks.Task`1[Microsoft.AspNetCore.Mvc.IActionResult] QuizList() on controller api.Controllers.QuizAPIController (api).
2025-10-29 10:54:15.950 +01:00 [INF] Executing OkObjectResult, writing value of type 'System.Linq.Enumerable+SelectListIterator`2[[api.Models.Quiz, api, Version=1.0.0.0, Culture=neutral, PublicKeyToken=null],[api.DTOs.QuizDto, api, Version=1.0.0.0, Culture=neutral, PublicKeyToken=null]]'.
2025-10-29 10:54:15.951 +01:00 [INF] Executed action api.Controllers.QuizAPIController.QuizList (api) in 1.6843ms
2025-10-29 10:54:15.951 +01:00 [INF] Executed endpoint 'api.Controllers.QuizAPIController.QuizList (api)'
2025-10-29 10:54:15.951 +01:00 [INF] Request finished HTTP/1.1 GET http://localhost:5082/api/quizapi/quizlist - 200 253 application/json; charset=utf-8 2.2199ms
2025-10-29 10:54:22.137 +01:00 [INF] Application is shutting down...
