2025-11-04 15:18:20.680 +01:00 [INF] User profile is available. Using 'C:\Users\Admin\AppData\Local\ASP.NET\DataProtection-Keys' as key repository and Windows DPAPI to encrypt keys at rest.
2025-11-04 15:18:20.741 +01:00 [INF] Now listening on: http://localhost:5082
2025-11-04 15:18:20.744 +01:00 [INF] Application started. Press Ctrl+C to shut down.
2025-11-04 15:18:20.744 +01:00 [INF] Hosting environment: Development
2025-11-04 15:18:20.744 +01:00 [INF] Content root path: C:\Users\Admin\OneDrive - OsloMet\FinalExamITPE3200\EXAMFAM\api
2025-11-04 15:18:41.204 +01:00 [INF] Request starting HTTP/1.1 GET http://localhost:5082/api/quizapi/quizlist - null null
2025-11-04 15:18:41.359 +01:00 [INF] CORS policy execution successful.
2025-11-04 15:18:41.438 +01:00 [INF] Executing endpoint 'api.Controllers.QuizAPIController.QuizList (api)'
2025-11-04 15:18:41.499 +01:00 [INF] Route matched with {action = "QuizList", controller = "QuizAPI"}. Executing controller action with signature System.Threading.Tasks.Task`1[Microsoft.AspNetCore.Mvc.IActionResult] QuizList() on controller api.Controllers.QuizAPIController (api).
2025-11-04 15:18:42.615 +01:00 [WRN] Compiling a query which loads related collections for more than one collection navigation, either via 'Include' or through projection, but no 'QuerySplittingBehavior' has been configured. By default, Entity Framework will use 'QuerySplittingBehavior.SingleQuery', which can potentially result in slow query performance. See https://go.microsoft.com/fwlink/?linkid=2134277 for more information. To identify the query that's triggering this warning call 'ConfigureWarnings(w => w.Throw(RelationalEventId.MultipleCollectionIncludeWarning))'.
2025-11-04 15:18:42.878 +01:00 [INF] Executing OkObjectResult, writing value of type 'System.Linq.Enumerable+SelectListIterator`2[[api.Models.Quiz, api, Version=1.0.0.0, Culture=neutral, PublicKeyToken=null],[api.DTOs.QuizDto, api, Version=1.0.0.0, Culture=neutral, PublicKeyToken=null]]'.
2025-11-04 15:18:43.038 +01:00 [INF] Executed action api.Controllers.QuizAPIController.QuizList (api) in 1532.8045ms
2025-11-04 15:18:43.040 +01:00 [INF] Executed endpoint 'api.Controllers.QuizAPIController.QuizList (api)'
2025-11-04 15:18:43.050 +01:00 [INF] Request finished HTTP/1.1 GET http://localhost:5082/api/quizapi/quizlist - 200 284 application/json; charset=utf-8 1863.4565ms
2025-11-04 15:18:43.053 +01:00 [INF] Request starting HTTP/1.1 GET http://localhost:5082/api/quizapi/quizlist - null null
2025-11-04 15:18:43.057 +01:00 [INF] CORS policy execution successful.
2025-11-04 15:18:43.060 +01:00 [INF] Executing endpoint 'api.Controllers.QuizAPIController.QuizList (api)'
2025-11-04 15:18:43.060 +01:00 [INF] Route matched with {action = "QuizList", controller = "QuizAPI"}. Executing controller action with signature System.Threading.Tasks.Task`1[Microsoft.AspNetCore.Mvc.IActionResult] QuizList() on controller api.Controllers.QuizAPIController (api).
2025-11-04 15:18:43.100 +01:00 [INF] Executing OkObjectResult, writing value of type 'System.Linq.Enumerable+SelectListIterator`2[[api.Models.Quiz, api, Version=1.0.0.0, Culture=neutral, PublicKeyToken=null],[api.DTOs.QuizDto, api, Version=1.0.0.0, Culture=neutral, PublicKeyToken=null]]'.
2025-11-04 15:18:43.101 +01:00 [INF] Executed action api.Controllers.QuizAPIController.QuizList (api) in 40.9141ms
2025-11-04 15:18:43.102 +01:00 [INF] Executed endpoint 'api.Controllers.QuizAPIController.QuizList (api)'
2025-11-04 15:18:43.103 +01:00 [INF] Request finished HTTP/1.1 GET http://localhost:5082/api/quizapi/quizlist - 200 284 application/json; charset=utf-8 49.0791ms
2025-11-04 15:18:47.009 +01:00 [INF] Request starting HTTP/1.1 OPTIONS http://localhost:5082/api/Auth/login - null null
2025-11-04 15:18:47.011 +01:00 [INF] CORS policy execution successful.
2025-11-04 15:18:47.013 +01:00 [INF] Request finished HTTP/1.1 OPTIONS http://localhost:5082/api/Auth/login - 204 null null 4.4188ms
2025-11-04 15:18:47.018 +01:00 [INF] Request starting HTTP/1.1 POST http://localhost:5082/api/Auth/login - application/json 46
2025-11-04 15:18:47.019 +01:00 [INF] CORS policy execution successful.
2025-11-04 15:18:47.022 +01:00 [INF] Executing endpoint 'api.Controllers.AuthController.Login (api)'
2025-11-04 15:18:47.040 +01:00 [INF] Route matched with {action = "Login", controller = "Auth"}. Executing controller action with signature System.Threading.Tasks.Task`1[Microsoft.AspNetCore.Mvc.IActionResult] Login(api.DTOs.LoginDto) on controller api.Controllers.AuthController (api).
2025-11-04 15:18:47.380 +01:00 [INF] [AuthAPIController] user authorised for Fanny432
2025-11-04 15:18:47.386 +01:00 [INF] [AuthAPIController] JWT token created for Fanny432
2025-11-04 15:18:47.419 +01:00 [INF] Executing OkObjectResult, writing value of type '<>f__AnonymousType1`1[[System.String, System.Private.CoreLib, Version=8.0.0.0, Culture=neutral, PublicKeyToken=7cec85d7bea7798e]]'.
2025-11-04 15:18:47.425 +01:00 [INF] Executed action api.Controllers.AuthController.Login (api) in 383.9403ms
2025-11-04 15:18:47.425 +01:00 [INF] Executed endpoint 'api.Controllers.AuthController.Login (api)'
2025-11-04 15:18:47.425 +01:00 [INF] Request finished HTTP/1.1 POST http://localhost:5082/api/Auth/login - 200 491 application/json; charset=utf-8 407.5386ms
2025-11-04 15:18:47.469 +01:00 [INF] Request starting HTTP/1.1 GET http://localhost:5082/api/quizapi/quizlist - null null
2025-11-04 15:18:47.470 +01:00 [INF] CORS policy execution successful.
2025-11-04 15:18:47.471 +01:00 [INF] Executing endpoint 'api.Controllers.QuizAPIController.QuizList (api)'
2025-11-04 15:18:47.471 +01:00 [INF] Route matched with {action = "QuizList", controller = "QuizAPI"}. Executing controller action with signature System.Threading.Tasks.Task`1[Microsoft.AspNetCore.Mvc.IActionResult] QuizList() on controller api.Controllers.QuizAPIController (api).
2025-11-04 15:18:47.487 +01:00 [INF] Executing OkObjectResult, writing value of type 'System.Linq.Enumerable+SelectListIterator`2[[api.Models.Quiz, api, Version=1.0.0.0, Culture=neutral, PublicKeyToken=null],[api.DTOs.QuizDto, api, Version=1.0.0.0, Culture=neutral, PublicKeyToken=null]]'.
2025-11-04 15:18:47.488 +01:00 [INF] Executed action api.Controllers.QuizAPIController.QuizList (api) in 16.7105ms
2025-11-04 15:18:47.488 +01:00 [INF] Executed endpoint 'api.Controllers.QuizAPIController.QuizList (api)'
2025-11-04 15:18:47.489 +01:00 [INF] Request finished HTTP/1.1 GET http://localhost:5082/api/quizapi/quizlist - 200 284 application/json; charset=utf-8 20.06ms
2025-11-04 15:18:47.491 +01:00 [INF] Request starting HTTP/1.1 GET http://localhost:5082/api/quizapi/quizlist - null null
2025-11-04 15:18:47.491 +01:00 [INF] CORS policy execution successful.
2025-11-04 15:18:47.492 +01:00 [INF] Executing endpoint 'api.Controllers.QuizAPIController.QuizList (api)'
2025-11-04 15:18:47.492 +01:00 [INF] Route matched with {action = "QuizList", controller = "QuizAPI"}. Executing controller action with signature System.Threading.Tasks.Task`1[Microsoft.AspNetCore.Mvc.IActionResult] QuizList() on controller api.Controllers.QuizAPIController (api).
2025-11-04 15:18:47.497 +01:00 [INF] Executing OkObjectResult, writing value of type 'System.Linq.Enumerable+SelectListIterator`2[[api.Models.Quiz, api, Version=1.0.0.0, Culture=neutral, PublicKeyToken=null],[api.DTOs.QuizDto, api, Version=1.0.0.0, Culture=neutral, PublicKeyToken=null]]'.
2025-11-04 15:18:47.498 +01:00 [INF] Executed action api.Controllers.QuizAPIController.QuizList (api) in 6.2348ms
2025-11-04 15:18:47.498 +01:00 [INF] Executed endpoint 'api.Controllers.QuizAPIController.QuizList (api)'
2025-11-04 15:18:47.498 +01:00 [INF] Request finished HTTP/1.1 GET http://localhost:5082/api/quizapi/quizlist - 200 284 application/json; charset=utf-8 7.5326ms
2025-11-04 15:19:04.736 +01:00 [INF] Application is shutting down...
