2025-11-13 13:08:25.455 +01:00 [INF] User profile is available. Using 'C:\Users\Admin\AppData\Local\ASP.NET\DataProtection-Keys' as key repository and Windows DPAPI to encrypt keys at rest.
2025-11-13 13:08:25.539 +01:00 [INF] Now listening on: http://localhost:5082
2025-11-13 13:08:25.541 +01:00 [INF] Application started. Press Ctrl+C to shut down.
2025-11-13 13:08:25.542 +01:00 [INF] Hosting environment: Development
2025-11-13 13:08:25.542 +01:00 [INF] Content root path: C:\Users\Admin\OneDrive - OsloMet\FinalExamITPE3200\EXAMFAM\api
2025-11-13 13:08:32.757 +01:00 [INF] Request starting HTTP/1.1 OPTIONS http://localhost:5082/api/takequizapi/takequizlist - null null
2025-11-13 13:08:32.756 +01:00 [INF] Request starting HTTP/1.1 OPTIONS http://localhost:5082/api/takequizapi/takequizlist - null null
2025-11-13 13:08:32.797 +01:00 [INF] CORS policy execution successful.
2025-11-13 13:08:32.797 +01:00 [INF] CORS policy execution successful.
2025-11-13 13:08:32.809 +01:00 [INF] Request finished HTTP/1.1 OPTIONS http://localhost:5082/api/takequizapi/takequizlist - 204 null null 54.8088ms
2025-11-13 13:08:32.809 +01:00 [INF] Request finished HTTP/1.1 OPTIONS http://localhost:5082/api/takequizapi/takequizlist - 204 null null 54.8111ms
2025-11-13 13:08:32.811 +01:00 [INF] Request starting HTTP/1.1 GET http://localhost:5082/api/takequizapi/takequizlist - application/json null
2025-11-13 13:08:32.822 +01:00 [INF] CORS policy execution successful.
2025-11-13 13:08:32.945 +01:00 [INF] Executing endpoint 'api.Controllers.TakeQuizApiController.GetAllQuizzes (api)'
2025-11-13 13:08:32.967 +01:00 [INF] Route matched with {action = "GetAllQuizzes", controller = "TakeQuizApi"}. Executing controller action with signature System.Threading.Tasks.Task`1[Microsoft.AspNetCore.Mvc.IActionResult] GetAllQuizzes() on controller api.Controllers.TakeQuizApiController (api).
2025-11-13 13:08:33.204 +01:00 [WRN] Compiling a query which loads related collections for more than one collection navigation, either via 'Include' or through projection, but no 'QuerySplittingBehavior' has been configured. By default, Entity Framework will use 'QuerySplittingBehavior.SingleQuery', which can potentially result in slow query performance. See https://go.microsoft.com/fwlink/?linkid=2134277 for more information. To identify the query that's triggering this warning call 'ConfigureWarnings(w => w.Throw(RelationalEventId.MultipleCollectionIncludeWarning))'.
2025-11-13 13:08:33.299 +01:00 [INF] Executing OkObjectResult, writing value of type 'System.Collections.Generic.List`1[[api.DTOs.QuizDto, api, Version=1.0.0.0, Culture=neutral, PublicKeyToken=null]]'.
2025-11-13 13:08:33.414 +01:00 [INF] Executed action api.Controllers.TakeQuizApiController.GetAllQuizzes (api) in 442.1557ms
2025-11-13 13:08:33.414 +01:00 [INF] Executed endpoint 'api.Controllers.TakeQuizApiController.GetAllQuizzes (api)'
2025-11-13 13:08:33.418 +01:00 [INF] Request finished HTTP/1.1 GET http://localhost:5082/api/takequizapi/takequizlist - 200 328 application/json; charset=utf-8 606.7464ms
2025-11-13 13:08:33.420 +01:00 [INF] Request starting HTTP/1.1 GET http://localhost:5082/api/takequizapi/takequizlist - application/json null
2025-11-13 13:08:33.421 +01:00 [INF] CORS policy execution successful.
2025-11-13 13:08:33.424 +01:00 [INF] Executing endpoint 'api.Controllers.TakeQuizApiController.GetAllQuizzes (api)'
2025-11-13 13:08:33.424 +01:00 [INF] Route matched with {action = "GetAllQuizzes", controller = "TakeQuizApi"}. Executing controller action with signature System.Threading.Tasks.Task`1[Microsoft.AspNetCore.Mvc.IActionResult] GetAllQuizzes() on controller api.Controllers.TakeQuizApiController (api).
2025-11-13 13:08:33.446 +01:00 [INF] Executing OkObjectResult, writing value of type 'System.Collections.Generic.List`1[[api.DTOs.QuizDto, api, Version=1.0.0.0, Culture=neutral, PublicKeyToken=null]]'.
2025-11-13 13:08:33.447 +01:00 [INF] Executed action api.Controllers.TakeQuizApiController.GetAllQuizzes (api) in 22.2662ms
2025-11-13 13:08:33.447 +01:00 [INF] Executed endpoint 'api.Controllers.TakeQuizApiController.GetAllQuizzes (api)'
2025-11-13 13:08:33.447 +01:00 [INF] Request finished HTTP/1.1 GET http://localhost:5082/api/takequizapi/takequizlist - 200 328 application/json; charset=utf-8 27.2234ms
2025-11-13 13:08:35.843 +01:00 [INF] Request starting HTTP/1.1 OPTIONS http://localhost:5082/api/takequizapi/11 - null null
2025-11-13 13:08:35.843 +01:00 [INF] CORS policy execution successful.
2025-11-13 13:08:35.844 +01:00 [INF] Request finished HTTP/1.1 OPTIONS http://localhost:5082/api/takequizapi/11 - 204 null null 1.2559ms
2025-11-13 13:08:35.844 +01:00 [INF] Request starting HTTP/1.1 OPTIONS http://localhost:5082/api/takequizapi/11 - null null
2025-11-13 13:08:35.844 +01:00 [INF] CORS policy execution successful.
2025-11-13 13:08:35.845 +01:00 [INF] Request finished HTTP/1.1 OPTIONS http://localhost:5082/api/takequizapi/11 - 204 null null 0.4278ms
2025-11-13 13:08:35.847 +01:00 [INF] Request starting HTTP/1.1 GET http://localhost:5082/api/takequizapi/11 - application/json null
2025-11-13 13:08:35.848 +01:00 [INF] CORS policy execution successful.
2025-11-13 13:08:35.851 +01:00 [INF] Executing endpoint 'api.Controllers.TakeQuizApiController.GetQuiz (api)'
2025-11-13 13:08:35.862 +01:00 [INF] Route matched with {action = "GetQuiz", controller = "TakeQuizApi"}. Executing controller action with signature System.Threading.Tasks.Task`1[Microsoft.AspNetCore.Mvc.IActionResult] GetQuiz(Int32) on controller api.Controllers.TakeQuizApiController (api).
2025-11-13 13:08:35.896 +01:00 [WRN] Compiling a query which loads related collections for more than one collection navigation, either via 'Include' or through projection, but no 'QuerySplittingBehavior' has been configured. By default, Entity Framework will use 'QuerySplittingBehavior.SingleQuery', which can potentially result in slow query performance. See https://go.microsoft.com/fwlink/?linkid=2134277 for more information. To identify the query that's triggering this warning call 'ConfigureWarnings(w => w.Throw(RelationalEventId.MultipleCollectionIncludeWarning))'.
2025-11-13 13:08:35.907 +01:00 [INF] Executing OkObjectResult, writing value of type 'api.DTOs.QuizDto'.
2025-11-13 13:08:35.915 +01:00 [INF] Executed action api.Controllers.TakeQuizApiController.GetQuiz (api) in 52.1327ms
2025-11-13 13:08:35.915 +01:00 [INF] Executed endpoint 'api.Controllers.TakeQuizApiController.GetQuiz (api)'
2025-11-13 13:08:35.915 +01:00 [INF] Request finished HTTP/1.1 GET http://localhost:5082/api/takequizapi/11 - 200 747 application/json; charset=utf-8 67.908ms
2025-11-13 13:08:35.917 +01:00 [INF] Request starting HTTP/1.1 GET http://localhost:5082/api/takequizapi/11 - application/json null
2025-11-13 13:08:35.917 +01:00 [INF] CORS policy execution successful.
2025-11-13 13:08:35.918 +01:00 [INF] Executing endpoint 'api.Controllers.TakeQuizApiController.GetQuiz (api)'
2025-11-13 13:08:35.918 +01:00 [INF] Route matched with {action = "GetQuiz", controller = "TakeQuizApi"}. Executing controller action with signature System.Threading.Tasks.Task`1[Microsoft.AspNetCore.Mvc.IActionResult] GetQuiz(Int32) on controller api.Controllers.TakeQuizApiController (api).
2025-11-13 13:08:35.926 +01:00 [INF] Executing OkObjectResult, writing value of type 'api.DTOs.QuizDto'.
2025-11-13 13:08:35.926 +01:00 [INF] Executed action api.Controllers.TakeQuizApiController.GetQuiz (api) in 7.762ms
2025-11-13 13:08:35.927 +01:00 [INF] Executed endpoint 'api.Controllers.TakeQuizApiController.GetQuiz (api)'
2025-11-13 13:08:35.927 +01:00 [INF] Request finished HTTP/1.1 GET http://localhost:5082/api/takequizapi/11 - 200 747 application/json; charset=utf-8 9.7713ms
2025-11-13 13:10:50.770 +01:00 [INF] Request starting HTTP/1.1 GET http://localhost:5082/images/Island.png - null null
2025-11-13 13:10:50.786 +01:00 [INF] The file /images/Island.png was not modified
2025-11-13 13:10:50.786 +01:00 [INF] Request finished HTTP/1.1 GET http://localhost:5082/images/Island.png - 304 null image/png 15.6011ms
2025-11-13 13:10:50.843 +01:00 [INF] Request starting HTTP/1.1 GET http://localhost:5082/favicon.ico - null null
2025-11-13 13:10:50.846 +01:00 [INF] Request finished HTTP/1.1 GET http://localhost:5082/favicon.ico - 404 0 null 2.5651ms
2025-11-13 13:10:50.848 +01:00 [INF] Request reached the end of the middleware pipeline without being handled by application code. Request path: GET http://localhost:5082/favicon.ico, Response status code: 404
2025-11-13 13:11:00.249 +01:00 [INF] Request starting HTTP/1.1 GET http://localhost:5082/images/Spain.png - null null
2025-11-13 13:11:00.268 +01:00 [INF] Sending file. Request path: '/images/Spain.png'. Physical path: 'C:\Users\Admin\OneDrive - OsloMet\FinalExamITPE3200\EXAMFAM\api\wwwroot\images\Spain.png'
2025-11-13 13:11:00.269 +01:00 [INF] Request finished HTTP/1.1 GET http://localhost:5082/images/Spain.png - 200 88750 image/png 19.4359ms
2025-11-13 13:14:24.133 +01:00 [INF] Application is shutting down...
