2025-11-06 17:27:20.569 +01:00 [INF] User profile is available. Using 'C:\Users\Admin\AppData\Local\ASP.NET\DataProtection-Keys' as key repository and Windows DPAPI to encrypt keys at rest.
2025-11-06 17:27:20.642 +01:00 [INF] Now listening on: http://localhost:5082
2025-11-06 17:27:20.644 +01:00 [INF] Application started. Press Ctrl+C to shut down.
2025-11-06 17:27:20.644 +01:00 [INF] Hosting environment: Development
2025-11-06 17:27:20.644 +01:00 [INF] Content root path: C:\Users\Admin\OneDrive - OsloMet\FinalExamITPE3200\EXAMFAM\api
2025-11-06 17:27:39.398 +01:00 [INF] Request starting HTTP/1.1 GET http://localhost:5082/api/quizapi/quizlist - null null
2025-11-06 17:27:39.435 +01:00 [INF] CORS policy execution successful.
2025-11-06 17:27:39.493 +01:00 [INF] Executing endpoint 'api.Controllers.QuizAPIController.QuizList (api)'
2025-11-06 17:27:39.520 +01:00 [INF] Route matched with {action = "QuizList", controller = "QuizAPI"}. Executing controller action with signature System.Threading.Tasks.Task`1[Microsoft.AspNetCore.Mvc.IActionResult] QuizList() on controller api.Controllers.QuizAPIController (api).
2025-11-06 17:27:40.295 +01:00 [WRN] Compiling a query which loads related collections for more than one collection navigation, either via 'Include' or through projection, but no 'QuerySplittingBehavior' has been configured. By default, Entity Framework will use 'QuerySplittingBehavior.SingleQuery', which can potentially result in slow query performance. See https://go.microsoft.com/fwlink/?linkid=2134277 for more information. To identify the query that's triggering this warning call 'ConfigureWarnings(w => w.Throw(RelationalEventId.MultipleCollectionIncludeWarning))'.
2025-11-06 17:27:40.452 +01:00 [INF] Executing OkObjectResult, writing value of type 'System.Linq.Enumerable+SelectListIterator`2[[api.Models.Quiz, api, Version=1.0.0.0, Culture=neutral, PublicKeyToken=null],[api.DTOs.QuizDto, api, Version=1.0.0.0, Culture=neutral, PublicKeyToken=null]]'.
2025-11-06 17:27:40.526 +01:00 [INF] Executed action api.Controllers.QuizAPIController.QuizList (api) in 1003.63ms
2025-11-06 17:27:40.527 +01:00 [INF] Executed endpoint 'api.Controllers.QuizAPIController.QuizList (api)'
2025-11-06 17:27:40.532 +01:00 [INF] Request finished HTTP/1.1 GET http://localhost:5082/api/quizapi/quizlist - 200 330 application/json; charset=utf-8 1136.2144ms
2025-11-06 17:27:40.534 +01:00 [INF] Request starting HTTP/1.1 GET http://localhost:5082/api/quizapi/quizlist - null null
2025-11-06 17:27:40.537 +01:00 [INF] CORS policy execution successful.
2025-11-06 17:27:40.538 +01:00 [INF] Executing endpoint 'api.Controllers.QuizAPIController.QuizList (api)'
2025-11-06 17:27:40.538 +01:00 [INF] Route matched with {action = "QuizList", controller = "QuizAPI"}. Executing controller action with signature System.Threading.Tasks.Task`1[Microsoft.AspNetCore.Mvc.IActionResult] QuizList() on controller api.Controllers.QuizAPIController (api).
2025-11-06 17:27:40.557 +01:00 [INF] Executing OkObjectResult, writing value of type 'System.Linq.Enumerable+SelectListIterator`2[[api.Models.Quiz, api, Version=1.0.0.0, Culture=neutral, PublicKeyToken=null],[api.DTOs.QuizDto, api, Version=1.0.0.0, Culture=neutral, PublicKeyToken=null]]'.
2025-11-06 17:27:40.558 +01:00 [INF] Executed action api.Controllers.QuizAPIController.QuizList (api) in 19.5042ms
2025-11-06 17:27:40.558 +01:00 [INF] Executed endpoint 'api.Controllers.QuizAPIController.QuizList (api)'
2025-11-06 17:27:40.558 +01:00 [INF] Request finished HTTP/1.1 GET http://localhost:5082/api/quizapi/quizlist - 200 330 application/json; charset=utf-8 24.3307ms
2025-11-06 17:27:46.437 +01:00 [INF] Request starting HTTP/1.1 GET http://localhost:5082/api/quizapi/quizlist - null null
2025-11-06 17:27:46.438 +01:00 [INF] CORS policy execution successful.
2025-11-06 17:27:46.440 +01:00 [INF] Executing endpoint 'api.Controllers.QuizAPIController.QuizList (api)'
2025-11-06 17:27:46.441 +01:00 [INF] Route matched with {action = "QuizList", controller = "QuizAPI"}. Executing controller action with signature System.Threading.Tasks.Task`1[Microsoft.AspNetCore.Mvc.IActionResult] QuizList() on controller api.Controllers.QuizAPIController (api).
2025-11-06 17:27:46.497 +01:00 [INF] Executing OkObjectResult, writing value of type 'System.Linq.Enumerable+SelectListIterator`2[[api.Models.Quiz, api, Version=1.0.0.0, Culture=neutral, PublicKeyToken=null],[api.DTOs.QuizDto, api, Version=1.0.0.0, Culture=neutral, PublicKeyToken=null]]'.
2025-11-06 17:27:46.497 +01:00 [INF] Executed action api.Controllers.QuizAPIController.QuizList (api) in 56.7041ms
2025-11-06 17:27:46.498 +01:00 [INF] Executed endpoint 'api.Controllers.QuizAPIController.QuizList (api)'
2025-11-06 17:27:46.498 +01:00 [INF] Request finished HTTP/1.1 GET http://localhost:5082/api/quizapi/quizlist - 200 330 application/json; charset=utf-8 61.2478ms
2025-11-06 17:27:46.500 +01:00 [INF] Request starting HTTP/1.1 GET http://localhost:5082/api/quizapi/quizlist - null null
2025-11-06 17:27:46.500 +01:00 [INF] CORS policy execution successful.
2025-11-06 17:27:46.501 +01:00 [INF] Executing endpoint 'api.Controllers.QuizAPIController.QuizList (api)'
2025-11-06 17:27:46.501 +01:00 [INF] Route matched with {action = "QuizList", controller = "QuizAPI"}. Executing controller action with signature System.Threading.Tasks.Task`1[Microsoft.AspNetCore.Mvc.IActionResult] QuizList() on controller api.Controllers.QuizAPIController (api).
2025-11-06 17:27:46.505 +01:00 [INF] Executing OkObjectResult, writing value of type 'System.Linq.Enumerable+SelectListIterator`2[[api.Models.Quiz, api, Version=1.0.0.0, Culture=neutral, PublicKeyToken=null],[api.DTOs.QuizDto, api, Version=1.0.0.0, Culture=neutral, PublicKeyToken=null]]'.
2025-11-06 17:27:46.506 +01:00 [INF] Executed action api.Controllers.QuizAPIController.QuizList (api) in 5.2952ms
2025-11-06 17:27:46.506 +01:00 [INF] Executed endpoint 'api.Controllers.QuizAPIController.QuizList (api)'
2025-11-06 17:27:46.506 +01:00 [INF] Request finished HTTP/1.1 GET http://localhost:5082/api/quizapi/quizlist - 200 330 application/json; charset=utf-8 6.6923ms
2025-11-06 17:27:54.500 +01:00 [INF] Request starting HTTP/1.1 GET http://localhost:5082/api/quizapi/quizlist - null null
2025-11-06 17:27:54.501 +01:00 [INF] CORS policy execution successful.
2025-11-06 17:27:54.501 +01:00 [INF] Executing endpoint 'api.Controllers.QuizAPIController.QuizList (api)'
2025-11-06 17:27:54.502 +01:00 [INF] Route matched with {action = "QuizList", controller = "QuizAPI"}. Executing controller action with signature System.Threading.Tasks.Task`1[Microsoft.AspNetCore.Mvc.IActionResult] QuizList() on controller api.Controllers.QuizAPIController (api).
2025-11-06 17:27:54.508 +01:00 [INF] Executing OkObjectResult, writing value of type 'System.Linq.Enumerable+SelectListIterator`2[[api.Models.Quiz, api, Version=1.0.0.0, Culture=neutral, PublicKeyToken=null],[api.DTOs.QuizDto, api, Version=1.0.0.0, Culture=neutral, PublicKeyToken=null]]'.
2025-11-06 17:27:54.509 +01:00 [INF] Executed action api.Controllers.QuizAPIController.QuizList (api) in 6.8687ms
2025-11-06 17:27:54.509 +01:00 [INF] Executed endpoint 'api.Controllers.QuizAPIController.QuizList (api)'
2025-11-06 17:27:54.509 +01:00 [INF] Request finished HTTP/1.1 GET http://localhost:5082/api/quizapi/quizlist - 200 330 application/json; charset=utf-8 9.2338ms
2025-11-06 17:27:54.511 +01:00 [INF] Request starting HTTP/1.1 GET http://localhost:5082/api/quizapi/quizlist - null null
2025-11-06 17:27:54.511 +01:00 [INF] CORS policy execution successful.
2025-11-06 17:27:54.511 +01:00 [INF] Executing endpoint 'api.Controllers.QuizAPIController.QuizList (api)'
2025-11-06 17:27:54.511 +01:00 [INF] Route matched with {action = "QuizList", controller = "QuizAPI"}. Executing controller action with signature System.Threading.Tasks.Task`1[Microsoft.AspNetCore.Mvc.IActionResult] QuizList() on controller api.Controllers.QuizAPIController (api).
2025-11-06 17:27:54.516 +01:00 [INF] Executing OkObjectResult, writing value of type 'System.Linq.Enumerable+SelectListIterator`2[[api.Models.Quiz, api, Version=1.0.0.0, Culture=neutral, PublicKeyToken=null],[api.DTOs.QuizDto, api, Version=1.0.0.0, Culture=neutral, PublicKeyToken=null]]'.
2025-11-06 17:27:54.517 +01:00 [INF] Executed action api.Controllers.QuizAPIController.QuizList (api) in 5.7684ms
2025-11-06 17:27:54.518 +01:00 [INF] Executed endpoint 'api.Controllers.QuizAPIController.QuizList (api)'
2025-11-06 17:27:54.518 +01:00 [INF] Request finished HTTP/1.1 GET http://localhost:5082/api/quizapi/quizlist - 200 330 application/json; charset=utf-8 7.5438ms
2025-11-06 17:28:35.334 +01:00 [INF] Request starting HTTP/1.1 OPTIONS http://localhost:5082/api/Auth/register - null null
2025-11-06 17:28:35.335 +01:00 [INF] CORS policy execution successful.
2025-11-06 17:28:35.336 +01:00 [INF] Request finished HTTP/1.1 OPTIONS http://localhost:5082/api/Auth/register - 204 null null 1.7387ms
2025-11-06 17:28:35.339 +01:00 [INF] Request starting HTTP/1.1 POST http://localhost:5082/api/Auth/register - application/json 75
2025-11-06 17:28:35.340 +01:00 [INF] CORS policy execution successful.
2025-11-06 17:28:35.340 +01:00 [INF] Executing endpoint 'api.Controllers.AuthController.Register (api)'
2025-11-06 17:28:35.348 +01:00 [INF] Route matched with {action = "Register", controller = "Auth"}. Executing controller action with signature System.Threading.Tasks.Task`1[Microsoft.AspNetCore.Mvc.IActionResult] Register(api.DTOs.RegisterDto) on controller api.Controllers.AuthController (api).
2025-11-06 17:28:35.409 +01:00 [WRN] [AuthAPIController] user registration failed for eksempel123
2025-11-06 17:28:35.410 +01:00 [INF] Executing BadRequestObjectResult, writing value of type 'System.Collections.Generic.List`1[[Microsoft.AspNetCore.Identity.IdentityError, Microsoft.Extensions.Identity.Core, Version=8.0.0.0, Culture=neutral, PublicKeyToken=adb9793829ddae60]]'.
2025-11-06 17:28:35.411 +01:00 [INF] Executed action api.Controllers.AuthController.Register (api) in 62.9363ms
2025-11-06 17:28:35.411 +01:00 [INF] Executed endpoint 'api.Controllers.AuthController.Register (api)'
2025-11-06 17:28:35.412 +01:00 [INF] Request finished HTTP/1.1 POST http://localhost:5082/api/Auth/register - 400 224 application/json; charset=utf-8 73.1486ms
2025-11-06 17:28:54.697 +01:00 [INF] Request starting HTTP/1.1 OPTIONS http://localhost:5082/api/Auth/register - null null
2025-11-06 17:28:54.697 +01:00 [INF] CORS policy execution successful.
2025-11-06 17:28:54.698 +01:00 [INF] Request finished HTTP/1.1 OPTIONS http://localhost:5082/api/Auth/register - 204 null null 0.6433ms
2025-11-06 17:28:54.700 +01:00 [INF] Request starting HTTP/1.1 POST http://localhost:5082/api/Auth/register - application/json 77
2025-11-06 17:28:54.700 +01:00 [INF] CORS policy execution successful.
2025-11-06 17:28:54.700 +01:00 [INF] Executing endpoint 'api.Controllers.AuthController.Register (api)'
2025-11-06 17:28:54.700 +01:00 [INF] Route matched with {action = "Register", controller = "Auth"}. Executing controller action with signature System.Threading.Tasks.Task`1[Microsoft.AspNetCore.Mvc.IActionResult] Register(api.DTOs.RegisterDto) on controller api.Controllers.AuthController (api).
2025-11-06 17:28:54.981 +01:00 [INF] [AuthAPIController] user registered for eksempel1234
2025-11-06 17:28:54.982 +01:00 [INF] Executing OkObjectResult, writing value of type '<>f__AnonymousType0`1[[System.String, System.Private.CoreLib, Version=8.0.0.0, Culture=neutral, PublicKeyToken=7cec85d7bea7798e]]'.
2025-11-06 17:28:54.987 +01:00 [INF] Executed action api.Controllers.AuthController.Register (api) in 286.8569ms
2025-11-06 17:28:54.988 +01:00 [INF] Executed endpoint 'api.Controllers.AuthController.Register (api)'
2025-11-06 17:28:54.988 +01:00 [INF] Request finished HTTP/1.1 POST http://localhost:5082/api/Auth/register - 200 42 application/json; charset=utf-8 288.2878ms
2025-11-06 17:28:59.947 +01:00 [INF] Request starting HTTP/1.1 OPTIONS http://localhost:5082/api/Auth/login - null null
2025-11-06 17:28:59.948 +01:00 [INF] CORS policy execution successful.
2025-11-06 17:28:59.948 +01:00 [INF] Request finished HTTP/1.1 OPTIONS http://localhost:5082/api/Auth/login - 204 null null 0.5111ms
2025-11-06 17:28:59.950 +01:00 [INF] Request starting HTTP/1.1 POST http://localhost:5082/api/Auth/login - application/json 48
2025-11-06 17:28:59.950 +01:00 [INF] CORS policy execution successful.
2025-11-06 17:28:59.950 +01:00 [INF] Executing endpoint 'api.Controllers.AuthController.Login (api)'
2025-11-06 17:28:59.957 +01:00 [INF] Route matched with {action = "Login", controller = "Auth"}. Executing controller action with signature System.Threading.Tasks.Task`1[Microsoft.AspNetCore.Mvc.IActionResult] Login(api.DTOs.LoginDto) on controller api.Controllers.AuthController (api).
2025-11-06 17:29:00.064 +01:00 [INF] [AuthAPIController] user authorised for eksempel1234
2025-11-06 17:29:00.074 +01:00 [INF] [AuthAPIController] JWT token created for eksempel1234
2025-11-06 17:29:00.115 +01:00 [INF] Executing OkObjectResult, writing value of type '<>f__AnonymousType1`1[[System.String, System.Private.CoreLib, Version=8.0.0.0, Culture=neutral, PublicKeyToken=7cec85d7bea7798e]]'.
2025-11-06 17:29:00.116 +01:00 [INF] Executed action api.Controllers.AuthController.Login (api) in 159.2719ms
2025-11-06 17:29:00.116 +01:00 [INF] Executed endpoint 'api.Controllers.AuthController.Login (api)'
2025-11-06 17:29:00.117 +01:00 [INF] Request finished HTTP/1.1 POST http://localhost:5082/api/Auth/login - 200 496 application/json; charset=utf-8 166.7961ms
2025-11-06 17:29:05.079 +01:00 [INF] Request starting HTTP/1.1 GET http://localhost:5082/api/quizapi/quizlist - null null
2025-11-06 17:29:05.079 +01:00 [INF] CORS policy execution successful.
2025-11-06 17:29:05.080 +01:00 [INF] Executing endpoint 'api.Controllers.QuizAPIController.QuizList (api)'
2025-11-06 17:29:05.080 +01:00 [INF] Route matched with {action = "QuizList", controller = "QuizAPI"}. Executing controller action with signature System.Threading.Tasks.Task`1[Microsoft.AspNetCore.Mvc.IActionResult] QuizList() on controller api.Controllers.QuizAPIController (api).
2025-11-06 17:29:05.084 +01:00 [INF] Executing OkObjectResult, writing value of type 'System.Linq.Enumerable+SelectListIterator`2[[api.Models.Quiz, api, Version=1.0.0.0, Culture=neutral, PublicKeyToken=null],[api.DTOs.QuizDto, api, Version=1.0.0.0, Culture=neutral, PublicKeyToken=null]]'.
2025-11-06 17:29:05.084 +01:00 [INF] Executed action api.Controllers.QuizAPIController.QuizList (api) in 4.1937ms
2025-11-06 17:29:05.084 +01:00 [INF] Executed endpoint 'api.Controllers.QuizAPIController.QuizList (api)'
2025-11-06 17:29:05.084 +01:00 [INF] Request finished HTTP/1.1 GET http://localhost:5082/api/quizapi/quizlist - 200 330 application/json; charset=utf-8 5.5898ms
2025-11-06 17:29:05.087 +01:00 [INF] Request starting HTTP/1.1 GET http://localhost:5082/api/quizapi/quizlist - null null
2025-11-06 17:29:05.088 +01:00 [INF] CORS policy execution successful.
2025-11-06 17:29:05.088 +01:00 [INF] Executing endpoint 'api.Controllers.QuizAPIController.QuizList (api)'
2025-11-06 17:29:05.088 +01:00 [INF] Route matched with {action = "QuizList", controller = "QuizAPI"}. Executing controller action with signature System.Threading.Tasks.Task`1[Microsoft.AspNetCore.Mvc.IActionResult] QuizList() on controller api.Controllers.QuizAPIController (api).
2025-11-06 17:29:05.093 +01:00 [INF] Executing OkObjectResult, writing value of type 'System.Linq.Enumerable+SelectListIterator`2[[api.Models.Quiz, api, Version=1.0.0.0, Culture=neutral, PublicKeyToken=null],[api.DTOs.QuizDto, api, Version=1.0.0.0, Culture=neutral, PublicKeyToken=null]]'.
2025-11-06 17:29:05.093 +01:00 [INF] Executed action api.Controllers.QuizAPIController.QuizList (api) in 4.7527ms
2025-11-06 17:29:05.094 +01:00 [INF] Executed endpoint 'api.Controllers.QuizAPIController.QuizList (api)'
2025-11-06 17:29:05.094 +01:00 [INF] Request finished HTTP/1.1 GET http://localhost:5082/api/quizapi/quizlist - 200 330 application/json; charset=utf-8 6.5715ms
2025-11-06 17:29:07.432 +01:00 [INF] Request starting HTTP/1.1 GET http://localhost:5082/api/takequizapi/takequizlist - null null
2025-11-06 17:29:07.432 +01:00 [INF] CORS policy execution successful.
2025-11-06 17:29:07.432 +01:00 [INF] Executing endpoint 'api.Controllers.TakeQuizApiController.GetAllQuizzes (api)'
2025-11-06 17:29:07.437 +01:00 [INF] Route matched with {action = "GetAllQuizzes", controller = "TakeQuizApi"}. Executing controller action with signature System.Threading.Tasks.Task`1[Microsoft.AspNetCore.Mvc.IActionResult] GetAllQuizzes() on controller api.Controllers.TakeQuizApiController (api).
2025-11-06 17:29:07.443 +01:00 [INF] Executing OkObjectResult, writing value of type 'System.Collections.Generic.List`1[[api.DTOs.QuizDto, api, Version=1.0.0.0, Culture=neutral, PublicKeyToken=null]]'.
2025-11-06 17:29:07.444 +01:00 [INF] Executed action api.Controllers.TakeQuizApiController.GetAllQuizzes (api) in 6.8904ms
2025-11-06 17:29:07.444 +01:00 [INF] Executed endpoint 'api.Controllers.TakeQuizApiController.GetAllQuizzes (api)'
2025-11-06 17:29:07.444 +01:00 [INF] Request finished HTTP/1.1 GET http://localhost:5082/api/takequizapi/takequizlist - 200 330 application/json; charset=utf-8 12.7454ms
2025-11-06 17:29:07.447 +01:00 [INF] Request starting HTTP/1.1 GET http://localhost:5082/api/takequizapi/takequizlist - null null
2025-11-06 17:29:07.448 +01:00 [INF] CORS policy execution successful.
2025-11-06 17:29:07.449 +01:00 [INF] Executing endpoint 'api.Controllers.TakeQuizApiController.GetAllQuizzes (api)'
2025-11-06 17:29:07.449 +01:00 [INF] Route matched with {action = "GetAllQuizzes", controller = "TakeQuizApi"}. Executing controller action with signature System.Threading.Tasks.Task`1[Microsoft.AspNetCore.Mvc.IActionResult] GetAllQuizzes() on controller api.Controllers.TakeQuizApiController (api).
2025-11-06 17:29:07.453 +01:00 [INF] Executing OkObjectResult, writing value of type 'System.Collections.Generic.List`1[[api.DTOs.QuizDto, api, Version=1.0.0.0, Culture=neutral, PublicKeyToken=null]]'.
2025-11-06 17:29:07.454 +01:00 [INF] Executed action api.Controllers.TakeQuizApiController.GetAllQuizzes (api) in 4.8555ms
2025-11-06 17:29:07.454 +01:00 [INF] Executed endpoint 'api.Controllers.TakeQuizApiController.GetAllQuizzes (api)'
2025-11-06 17:29:07.454 +01:00 [INF] Request finished HTTP/1.1 GET http://localhost:5082/api/takequizapi/takequizlist - 200 330 application/json; charset=utf-8 7.4466ms
2025-11-06 17:29:10.692 +01:00 [INF] Request starting HTTP/1.1 GET http://localhost:5082/api/quizapi/quizlist - null null
2025-11-06 17:29:10.693 +01:00 [INF] CORS policy execution successful.
2025-11-06 17:29:10.693 +01:00 [INF] Executing endpoint 'api.Controllers.QuizAPIController.QuizList (api)'
2025-11-06 17:29:10.693 +01:00 [INF] Route matched with {action = "QuizList", controller = "QuizAPI"}. Executing controller action with signature System.Threading.Tasks.Task`1[Microsoft.AspNetCore.Mvc.IActionResult] QuizList() on controller api.Controllers.QuizAPIController (api).
2025-11-06 17:29:10.697 +01:00 [INF] Executing OkObjectResult, writing value of type 'System.Linq.Enumerable+SelectListIterator`2[[api.Models.Quiz, api, Version=1.0.0.0, Culture=neutral, PublicKeyToken=null],[api.DTOs.QuizDto, api, Version=1.0.0.0, Culture=neutral, PublicKeyToken=null]]'.
2025-11-06 17:29:10.698 +01:00 [INF] Executed action api.Controllers.QuizAPIController.QuizList (api) in 4.2971ms
2025-11-06 17:29:10.698 +01:00 [INF] Executed endpoint 'api.Controllers.QuizAPIController.QuizList (api)'
2025-11-06 17:29:10.698 +01:00 [INF] Request finished HTTP/1.1 GET http://localhost:5082/api/quizapi/quizlist - 200 330 application/json; charset=utf-8 5.3521ms
2025-11-06 17:29:10.699 +01:00 [INF] Request starting HTTP/1.1 GET http://localhost:5082/api/quizapi/quizlist - null null
2025-11-06 17:29:10.700 +01:00 [INF] CORS policy execution successful.
2025-11-06 17:29:10.700 +01:00 [INF] Executing endpoint 'api.Controllers.QuizAPIController.QuizList (api)'
2025-11-06 17:29:10.700 +01:00 [INF] Route matched with {action = "QuizList", controller = "QuizAPI"}. Executing controller action with signature System.Threading.Tasks.Task`1[Microsoft.AspNetCore.Mvc.IActionResult] QuizList() on controller api.Controllers.QuizAPIController (api).
2025-11-06 17:29:10.703 +01:00 [INF] Executing OkObjectResult, writing value of type 'System.Linq.Enumerable+SelectListIterator`2[[api.Models.Quiz, api, Version=1.0.0.0, Culture=neutral, PublicKeyToken=null],[api.DTOs.QuizDto, api, Version=1.0.0.0, Culture=neutral, PublicKeyToken=null]]'.
2025-11-06 17:29:10.704 +01:00 [INF] Executed action api.Controllers.QuizAPIController.QuizList (api) in 3.3724ms
2025-11-06 17:29:10.704 +01:00 [INF] Executed endpoint 'api.Controllers.QuizAPIController.QuizList (api)'
2025-11-06 17:29:10.704 +01:00 [INF] Request finished HTTP/1.1 GET http://localhost:5082/api/quizapi/quizlist - 200 330 application/json; charset=utf-8 4.4496ms
2025-11-06 17:29:29.835 +01:00 [INF] Request starting HTTP/1.1 GET http://localhost:5082/api/quizapi/quizlist - null null
2025-11-06 17:29:29.835 +01:00 [INF] CORS policy execution successful.
2025-11-06 17:29:29.836 +01:00 [INF] Executing endpoint 'api.Controllers.QuizAPIController.QuizList (api)'
2025-11-06 17:29:29.836 +01:00 [INF] Route matched with {action = "QuizList", controller = "QuizAPI"}. Executing controller action with signature System.Threading.Tasks.Task`1[Microsoft.AspNetCore.Mvc.IActionResult] QuizList() on controller api.Controllers.QuizAPIController (api).
2025-11-06 17:29:29.839 +01:00 [INF] Executing OkObjectResult, writing value of type 'System.Linq.Enumerable+SelectListIterator`2[[api.Models.Quiz, api, Version=1.0.0.0, Culture=neutral, PublicKeyToken=null],[api.DTOs.QuizDto, api, Version=1.0.0.0, Culture=neutral, PublicKeyToken=null]]'.
2025-11-06 17:29:29.840 +01:00 [INF] Executed action api.Controllers.QuizAPIController.QuizList (api) in 3.6115ms
2025-11-06 17:29:29.840 +01:00 [INF] Executed endpoint 'api.Controllers.QuizAPIController.QuizList (api)'
2025-11-06 17:29:29.840 +01:00 [INF] Request finished HTTP/1.1 GET http://localhost:5082/api/quizapi/quizlist - 200 330 application/json; charset=utf-8 4.8482ms
2025-11-06 17:29:29.842 +01:00 [INF] Request starting HTTP/1.1 GET http://localhost:5082/api/quizapi/quizlist - null null
2025-11-06 17:29:29.843 +01:00 [INF] CORS policy execution successful.
2025-11-06 17:29:29.843 +01:00 [INF] Executing endpoint 'api.Controllers.QuizAPIController.QuizList (api)'
2025-11-06 17:29:29.843 +01:00 [INF] Route matched with {action = "QuizList", controller = "QuizAPI"}. Executing controller action with signature System.Threading.Tasks.Task`1[Microsoft.AspNetCore.Mvc.IActionResult] QuizList() on controller api.Controllers.QuizAPIController (api).
2025-11-06 17:29:29.846 +01:00 [INF] Executing OkObjectResult, writing value of type 'System.Linq.Enumerable+SelectListIterator`2[[api.Models.Quiz, api, Version=1.0.0.0, Culture=neutral, PublicKeyToken=null],[api.DTOs.QuizDto, api, Version=1.0.0.0, Culture=neutral, PublicKeyToken=null]]'.
2025-11-06 17:29:29.846 +01:00 [INF] Executed action api.Controllers.QuizAPIController.QuizList (api) in 2.9037ms
2025-11-06 17:29:29.846 +01:00 [INF] Executed endpoint 'api.Controllers.QuizAPIController.QuizList (api)'
2025-11-06 17:29:29.847 +01:00 [INF] Request finished HTTP/1.1 GET http://localhost:5082/api/quizapi/quizlist - 200 330 application/json; charset=utf-8 4.9525ms
2025-11-06 17:29:45.456 +01:00 [INF] Application is shutting down...
