2025-11-14 14:20:08.315 +01:00 [INF] User profile is available. Using 'C:\Users\Admin\AppData\Local\ASP.NET\DataProtection-Keys' as key repository and Windows DPAPI to encrypt keys at rest.
2025-11-14 14:20:08.406 +01:00 [INF] Now listening on: http://localhost:5082
2025-11-14 14:20:08.410 +01:00 [INF] Application started. Press Ctrl+C to shut down.
2025-11-14 14:20:08.411 +01:00 [INF] Hosting environment: Development
2025-11-14 14:20:08.411 +01:00 [INF] Content root path: C:\Users\Admin\OneDrive - OsloMet\FinalExamITPE3200\EXAMFAM\api
2025-11-14 14:20:24.421 +01:00 [INF] Request starting HTTP/1.1 OPTIONS http://localhost:5082/api/takequizapi/takequizlist - null null
2025-11-14 14:20:24.421 +01:00 [INF] Request starting HTTP/1.1 OPTIONS http://localhost:5082/api/takequizapi/takequizlist - null null
2025-11-14 14:20:24.485 +01:00 [INF] CORS policy execution successful.
2025-11-14 14:20:24.485 +01:00 [INF] CORS policy execution successful.
2025-11-14 14:20:24.497 +01:00 [INF] Request finished HTTP/1.1 OPTIONS http://localhost:5082/api/takequizapi/takequizlist - 204 null null 80.247ms
2025-11-14 14:20:24.497 +01:00 [INF] Request finished HTTP/1.1 OPTIONS http://localhost:5082/api/takequizapi/takequizlist - 204 null null 80.2474ms
2025-11-14 14:20:24.501 +01:00 [INF] Request starting HTTP/1.1 GET http://localhost:5082/api/takequizapi/takequizlist - application/json null
2025-11-14 14:20:24.513 +01:00 [INF] CORS policy execution successful.
2025-11-14 14:20:24.699 +01:00 [INF] Executing endpoint 'api.Controllers.TakeQuizApiController.GetAllQuizzes (api)'
2025-11-14 14:20:24.723 +01:00 [INF] Route matched with {action = "GetAllQuizzes", controller = "TakeQuizApi"}. Executing controller action with signature System.Threading.Tasks.Task`1[Microsoft.AspNetCore.Mvc.IActionResult] GetAllQuizzes() on controller api.Controllers.TakeQuizApiController (api).
2025-11-14 14:20:24.973 +01:00 [WRN] Compiling a query which loads related collections for more than one collection navigation, either via 'Include' or through projection, but no 'QuerySplittingBehavior' has been configured. By default, Entity Framework will use 'QuerySplittingBehavior.SingleQuery', which can potentially result in slow query performance. See https://go.microsoft.com/fwlink/?linkid=2134277 for more information. To identify the query that's triggering this warning call 'ConfigureWarnings(w => w.Throw(RelationalEventId.MultipleCollectionIncludeWarning))'.
2025-11-14 14:20:25.060 +01:00 [INF] Executing OkObjectResult, writing value of type 'System.Collections.Generic.List`1[[api.DTOs.QuizDto, api, Version=1.0.0.0, Culture=neutral, PublicKeyToken=null]]'.
2025-11-14 14:20:25.146 +01:00 [INF] Executed action api.Controllers.TakeQuizApiController.GetAllQuizzes (api) in 419.1941ms
2025-11-14 14:20:25.147 +01:00 [INF] Executed endpoint 'api.Controllers.TakeQuizApiController.GetAllQuizzes (api)'
2025-11-14 14:20:25.150 +01:00 [INF] Request finished HTTP/1.1 GET http://localhost:5082/api/takequizapi/takequizlist - 200 377 application/json; charset=utf-8 649.396ms
2025-11-14 14:20:25.152 +01:00 [INF] Request starting HTTP/1.1 GET http://localhost:5082/api/takequizapi/takequizlist - application/json null
2025-11-14 14:20:25.153 +01:00 [INF] CORS policy execution successful.
2025-11-14 14:20:25.155 +01:00 [INF] Executing endpoint 'api.Controllers.TakeQuizApiController.GetAllQuizzes (api)'
2025-11-14 14:20:25.155 +01:00 [INF] Route matched with {action = "GetAllQuizzes", controller = "TakeQuizApi"}. Executing controller action with signature System.Threading.Tasks.Task`1[Microsoft.AspNetCore.Mvc.IActionResult] GetAllQuizzes() on controller api.Controllers.TakeQuizApiController (api).
2025-11-14 14:20:25.179 +01:00 [INF] Executing OkObjectResult, writing value of type 'System.Collections.Generic.List`1[[api.DTOs.QuizDto, api, Version=1.0.0.0, Culture=neutral, PublicKeyToken=null]]'.
2025-11-14 14:20:25.180 +01:00 [INF] Executed action api.Controllers.TakeQuizApiController.GetAllQuizzes (api) in 24.8106ms
2025-11-14 14:20:25.180 +01:00 [INF] Executed endpoint 'api.Controllers.TakeQuizApiController.GetAllQuizzes (api)'
2025-11-14 14:20:25.181 +01:00 [INF] Request finished HTTP/1.1 GET http://localhost:5082/api/takequizapi/takequizlist - 200 377 application/json; charset=utf-8 28.6679ms
2025-11-14 14:20:27.403 +01:00 [INF] Request starting HTTP/1.1 OPTIONS http://localhost:5082/api/takequizapi/2 - null null
2025-11-14 14:20:27.404 +01:00 [INF] CORS policy execution successful.
2025-11-14 14:20:27.404 +01:00 [INF] Request starting HTTP/1.1 OPTIONS http://localhost:5082/api/takequizapi/2 - null null
2025-11-14 14:20:27.404 +01:00 [INF] CORS policy execution successful.
2025-11-14 14:20:27.405 +01:00 [INF] Request finished HTTP/1.1 OPTIONS http://localhost:5082/api/takequizapi/2 - 204 null null 0.5322ms
2025-11-14 14:20:27.405 +01:00 [INF] Request finished HTTP/1.1 OPTIONS http://localhost:5082/api/takequizapi/2 - 204 null null 1.8741ms
2025-11-14 14:20:27.408 +01:00 [INF] Request starting HTTP/1.1 GET http://localhost:5082/api/takequizapi/2 - application/json null
2025-11-14 14:20:27.408 +01:00 [INF] CORS policy execution successful.
2025-11-14 14:20:27.412 +01:00 [INF] Executing endpoint 'api.Controllers.TakeQuizApiController.GetQuiz (api)'
2025-11-14 14:20:27.429 +01:00 [INF] Route matched with {action = "GetQuiz", controller = "TakeQuizApi"}. Executing controller action with signature System.Threading.Tasks.Task`1[Microsoft.AspNetCore.Mvc.IActionResult] GetQuiz(Int32) on controller api.Controllers.TakeQuizApiController (api).
2025-11-14 14:20:27.476 +01:00 [WRN] Compiling a query which loads related collections for more than one collection navigation, either via 'Include' or through projection, but no 'QuerySplittingBehavior' has been configured. By default, Entity Framework will use 'QuerySplittingBehavior.SingleQuery', which can potentially result in slow query performance. See https://go.microsoft.com/fwlink/?linkid=2134277 for more information. To identify the query that's triggering this warning call 'ConfigureWarnings(w => w.Throw(RelationalEventId.MultipleCollectionIncludeWarning))'.
2025-11-14 14:20:27.489 +01:00 [INF] Executing OkObjectResult, writing value of type 'api.DTOs.QuizDto'.
2025-11-14 14:20:27.495 +01:00 [INF] Executed action api.Controllers.TakeQuizApiController.GetQuiz (api) in 65.825ms
2025-11-14 14:20:27.495 +01:00 [INF] Executed endpoint 'api.Controllers.TakeQuizApiController.GetQuiz (api)'
2025-11-14 14:20:27.495 +01:00 [INF] Request finished HTTP/1.1 GET http://localhost:5082/api/takequizapi/2 - 200 918 application/json; charset=utf-8 87.5135ms
2025-11-14 14:20:27.498 +01:00 [INF] Request starting HTTP/1.1 GET http://localhost:5082/api/takequizapi/2 - application/json null
2025-11-14 14:20:27.499 +01:00 [INF] CORS policy execution successful.
2025-11-14 14:20:27.499 +01:00 [INF] Executing endpoint 'api.Controllers.TakeQuizApiController.GetQuiz (api)'
2025-11-14 14:20:27.500 +01:00 [INF] Route matched with {action = "GetQuiz", controller = "TakeQuizApi"}. Executing controller action with signature System.Threading.Tasks.Task`1[Microsoft.AspNetCore.Mvc.IActionResult] GetQuiz(Int32) on controller api.Controllers.TakeQuizApiController (api).
2025-11-14 14:20:27.509 +01:00 [INF] Executing OkObjectResult, writing value of type 'api.DTOs.QuizDto'.
2025-11-14 14:20:27.510 +01:00 [INF] Executed action api.Controllers.TakeQuizApiController.GetQuiz (api) in 10.1216ms
2025-11-14 14:20:27.510 +01:00 [INF] Executed endpoint 'api.Controllers.TakeQuizApiController.GetQuiz (api)'
2025-11-14 14:20:27.510 +01:00 [INF] Request finished HTTP/1.1 GET http://localhost:5082/api/takequizapi/2 - 200 918 application/json; charset=utf-8 12.5088ms
2025-11-14 14:20:32.679 +01:00 [INF] Request starting HTTP/1.1 OPTIONS http://localhost:5082/api/takequizapi/submit - null null
2025-11-14 14:20:32.679 +01:00 [INF] CORS policy execution successful.
2025-11-14 14:20:32.680 +01:00 [INF] Request finished HTTP/1.1 OPTIONS http://localhost:5082/api/takequizapi/submit - 204 null null 1.0673ms
2025-11-14 14:20:32.683 +01:00 [INF] Request starting HTTP/1.1 POST http://localhost:5082/api/takequizapi/submit - application/json 71
2025-11-14 14:20:32.684 +01:00 [INF] CORS policy execution successful.
2025-11-14 14:20:32.695 +01:00 [INF] Executing endpoint 'api.Controllers.TakeQuizApiController.Submit (api)'
2025-11-14 14:20:32.702 +01:00 [INF] Route matched with {action = "Submit", controller = "TakeQuizApi"}. Executing controller action with signature System.Threading.Tasks.Task`1[Microsoft.AspNetCore.Mvc.IActionResult] Submit(api.DTOs.QuizSubmissionDto) on controller api.Controllers.TakeQuizApiController (api).
2025-11-14 14:20:32.764 +01:00 [INF] Executing OkObjectResult, writing value of type 'System.Collections.Generic.Dictionary`2[[System.String, System.Private.CoreLib, Version=8.0.0.0, Culture=neutral, PublicKeyToken=7cec85d7bea7798e],[System.Int32, System.Private.CoreLib, Version=8.0.0.0, Culture=neutral, PublicKeyToken=7cec85d7bea7798e]]'.
2025-11-14 14:20:32.768 +01:00 [INF] Executed action api.Controllers.TakeQuizApiController.Submit (api) in 65.5579ms
2025-11-14 14:20:32.768 +01:00 [INF] Executed endpoint 'api.Controllers.TakeQuizApiController.Submit (api)'
2025-11-14 14:20:32.769 +01:00 [INF] Request finished HTTP/1.1 POST http://localhost:5082/api/takequizapi/submit - 200 11 application/json; charset=utf-8 85.6389ms
2025-11-14 14:20:34.496 +01:00 [INF] Request starting HTTP/1.1 OPTIONS http://localhost:5082/api/takequizapi/saveattempt - null null
2025-11-14 14:20:34.496 +01:00 [INF] CORS policy execution successful.
2025-11-14 14:20:34.497 +01:00 [INF] Request finished HTTP/1.1 OPTIONS http://localhost:5082/api/takequizapi/saveattempt - 204 null null 0.6938ms
2025-11-14 14:20:34.499 +01:00 [INF] Request starting HTTP/1.1 POST http://localhost:5082/api/takequizapi/saveattempt - application/json 42
2025-11-14 14:20:34.499 +01:00 [INF] CORS policy execution successful.
2025-11-14 14:20:34.505 +01:00 [INF] Executing endpoint 'api.Controllers.TakeQuizApiController.SaveAttempt (api)'
2025-11-14 14:20:34.511 +01:00 [INF] Route matched with {action = "SaveAttempt", controller = "TakeQuizApi"}. Executing controller action with signature System.Threading.Tasks.Task`1[Microsoft.AspNetCore.Mvc.IActionResult] SaveAttempt(api.DTOs.QuizResultDto) on controller api.Controllers.TakeQuizApiController (api).
2025-11-14 14:20:34.531 +01:00 [INF] Saving QuizResult: {"QuizResultId":0,"UserName":"studen","QuizId":2,"Quiz":null,"Score":1,"SubmittedAt":"2025-11-14T13:20:34.5274524Z","TimeUsedSeconds":5,"$type":"QuizResult"}
2025-11-14 14:20:34.715 +01:00 [ERR] Failed executing DbCommand (3ms) [Parameters=[@p0='?' (DbType = Int32), @p1='?' (DbType = Int32), @p2='?' (DbType = DateTime), @p3='?' (DbType = Int32), @p4='?' (Size = 6)], CommandType='"Text"', CommandTimeout='30']
INSERT INTO "UserQuizResults" ("QuizId", "Score", "SubmittedAt", "TimeUsedSeconds", "UserName")
VALUES (@p0, @p1, @p2, @p3, @p4)
RETURNING "QuizResultId";
2025-11-14 14:20:34.753 +01:00 [ERR] An exception occurred in the database while saving changes for context type 'api.DAL.QuizDbContext'.
Microsoft.EntityFrameworkCore.DbUpdateException: An error occurred while saving the entity changes. See the inner exception for details.
 ---> Microsoft.Data.Sqlite.SqliteException (0x80004005): SQLite Error 1: 'table UserQuizResults has no column named SubmittedAt'.
   at Microsoft.Data.Sqlite.SqliteException.ThrowExceptionForRC(Int32 rc, sqlite3 db)
   at Microsoft.Data.Sqlite.SqliteCommand.PrepareAndEnumerateStatements()+MoveNext()
   at Microsoft.Data.Sqlite.SqliteCommand.GetStatements()+MoveNext()
   at Microsoft.Data.Sqlite.SqliteDataReader.NextResult()
   at Microsoft.Data.Sqlite.SqliteCommand.ExecuteReader(CommandBehavior behavior)
   at Microsoft.Data.Sqlite.SqliteCommand.ExecuteReaderAsync(CommandBehavior behavior, CancellationToken cancellationToken)
   at Microsoft.Data.Sqlite.SqliteCommand.ExecuteDbDataReaderAsync(CommandBehavior behavior, CancellationToken cancellationToken)
   at Microsoft.EntityFrameworkCore.Storage.RelationalCommand.ExecuteReaderAsync(RelationalCommandParameterObject parameterObject, CancellationToken cancellationToken)
   at Microsoft.EntityFrameworkCore.Storage.RelationalCommand.ExecuteReaderAsync(RelationalCommandParameterObject parameterObject, CancellationToken cancellationToken)
   at Microsoft.EntityFrameworkCore.Update.ReaderModificationCommandBatch.ExecuteAsync(IRelationalConnection connection, CancellationToken cancellationToken)
   --- End of inner exception stack trace ---
   at Microsoft.EntityFrameworkCore.Update.ReaderModificationCommandBatch.ExecuteAsync(IRelationalConnection connection, CancellationToken cancellationToken)
   at Microsoft.EntityFrameworkCore.Update.Internal.BatchExecutor.ExecuteAsync(IEnumerable`1 commandBatches, IRelationalConnection connection, CancellationToken cancellationToken)
   at Microsoft.EntityFrameworkCore.Update.Internal.BatchExecutor.ExecuteAsync(IEnumerable`1 commandBatches, IRelationalConnection connection, CancellationToken cancellationToken)
   at Microsoft.EntityFrameworkCore.Update.Internal.BatchExecutor.ExecuteAsync(IEnumerable`1 commandBatches, IRelationalConnection connection, CancellationToken cancellationToken)
   at Microsoft.EntityFrameworkCore.ChangeTracking.Internal.StateManager.SaveChangesAsync(IList`1 entriesToSave, CancellationToken cancellationToken)
   at Microsoft.EntityFrameworkCore.ChangeTracking.Internal.StateManager.SaveChangesAsync(StateManager stateManager, Boolean acceptAllChangesOnSuccess, CancellationToken cancellationToken)
   at Microsoft.EntityFrameworkCore.DbContext.SaveChangesAsync(Boolean acceptAllChangesOnSuccess, CancellationToken cancellationToken)
Microsoft.EntityFrameworkCore.DbUpdateException: An error occurred while saving the entity changes. See the inner exception for details.
 ---> Microsoft.Data.Sqlite.SqliteException (0x80004005): SQLite Error 1: 'table UserQuizResults has no column named SubmittedAt'.
   at Microsoft.Data.Sqlite.SqliteException.ThrowExceptionForRC(Int32 rc, sqlite3 db)
   at Microsoft.Data.Sqlite.SqliteCommand.PrepareAndEnumerateStatements()+MoveNext()
   at Microsoft.Data.Sqlite.SqliteCommand.GetStatements()+MoveNext()
   at Microsoft.Data.Sqlite.SqliteDataReader.NextResult()
   at Microsoft.Data.Sqlite.SqliteCommand.ExecuteReader(CommandBehavior behavior)
   at Microsoft.Data.Sqlite.SqliteCommand.ExecuteReaderAsync(CommandBehavior behavior, CancellationToken cancellationToken)
   at Microsoft.Data.Sqlite.SqliteCommand.ExecuteDbDataReaderAsync(CommandBehavior behavior, CancellationToken cancellationToken)
   at Microsoft.EntityFrameworkCore.Storage.RelationalCommand.ExecuteReaderAsync(RelationalCommandParameterObject parameterObject, CancellationToken cancellationToken)
   at Microsoft.EntityFrameworkCore.Storage.RelationalCommand.ExecuteReaderAsync(RelationalCommandParameterObject parameterObject, CancellationToken cancellationToken)
   at Microsoft.EntityFrameworkCore.Update.ReaderModificationCommandBatch.ExecuteAsync(IRelationalConnection connection, CancellationToken cancellationToken)
   --- End of inner exception stack trace ---
   at Microsoft.EntityFrameworkCore.Update.ReaderModificationCommandBatch.ExecuteAsync(IRelationalConnection connection, CancellationToken cancellationToken)
   at Microsoft.EntityFrameworkCore.Update.Internal.BatchExecutor.ExecuteAsync(IEnumerable`1 commandBatches, IRelationalConnection connection, CancellationToken cancellationToken)
   at Microsoft.EntityFrameworkCore.Update.Internal.BatchExecutor.ExecuteAsync(IEnumerable`1 commandBatches, IRelationalConnection connection, CancellationToken cancellationToken)
   at Microsoft.EntityFrameworkCore.Update.Internal.BatchExecutor.ExecuteAsync(IEnumerable`1 commandBatches, IRelationalConnection connection, CancellationToken cancellationToken)
   at Microsoft.EntityFrameworkCore.ChangeTracking.Internal.StateManager.SaveChangesAsync(IList`1 entriesToSave, CancellationToken cancellationToken)
   at Microsoft.EntityFrameworkCore.ChangeTracking.Internal.StateManager.SaveChangesAsync(StateManager stateManager, Boolean acceptAllChangesOnSuccess, CancellationToken cancellationToken)
   at Microsoft.EntityFrameworkCore.DbContext.SaveChangesAsync(Boolean acceptAllChangesOnSuccess, CancellationToken cancellationToken)
2025-11-14 14:20:34.759 +01:00 [ERR] [QuizRepository] AddResultAsync failed for result {"QuizResultId":0,"UserName":"studen","QuizId":2,"Quiz":{"QuizId":2,"Title":"Norway","Questions":[{"QuestionId":94,"Text":"What is the capital of Norway?","ImageUrl":null,"QuizId":2,"AnswerOptions":[{"AnswerOptionId":294,"Text":"Oslo","IsCorrect":true,"QuestionId":94,"$type":"AnswerOption"},{"AnswerOptionId":295,"Text":"Bergen","IsCorrect":false,"QuestionId":94,"$type":"AnswerOption"},{"AnswerOptionId":296,"Text":"Trondheim","IsCorrect":false,"QuestionId":94,"$type":"AnswerOption"}],"$type":"Question"},{"QuestionId":95,"Text":"What is a traditional Norwegian dish?","ImageUrl":null,"QuizId":2,"AnswerOptions":[{"AnswerOptionId":297,"Text":"Sushi","IsCorrect":false,"QuestionId":95,"$type":"AnswerOption"},{"AnswerOptionId":298,"Text":"Lutefisk","IsCorrect":true,"QuestionId":95,"$type":"AnswerOption"},{"AnswerOptionId":299,"Text":"Tacos","IsCorrect":false,"QuestionId":95,"$type":"AnswerOption"},{"AnswerOptionId":300,"Text":"Pizza","IsCorrect":false,"QuestionId":95,"$type":"AnswerOption"}],"$type":"Question"},{"QuestionId":96,"Text":"Which fjord is the deepest in Norway?","ImageUrl":null,"QuizId":2,"AnswerOptions":[{"AnswerOptionId":301,"Text":"Sognefjord","IsCorrect":true,"QuestionId":96,"$type":"AnswerOption"},{"AnswerOptionId":302,"Text":"Geirangerfjord","IsCorrect":false,"QuestionId":96,"$type":"AnswerOption"},{"AnswerOptionId":303,"Text":"Lysefjord","IsCorrect":false,"QuestionId":96,"$type":"AnswerOption"}],"$type":"Question"}],"$type":"Quiz"},"Score":1,"SubmittedAt":"2025-11-14T13:20:34.5274524Z","TimeUsedSeconds":5,"$type":"QuizResult"}: An error occurred while saving the entity changes. See the inner exception for details.
2025-11-14 14:20:34.761 +01:00 [ERR] [TakeQuizApiController] SaveAttempt failed: An error occurred while saving the entity changes. See the inner exception for details.
2025-11-14 14:20:34.761 +01:00 [INF] Executing ObjectResult, writing value of type 'System.String'.
2025-11-14 14:20:34.762 +01:00 [INF] Executed action api.Controllers.TakeQuizApiController.SaveAttempt (api) in 250.5093ms
2025-11-14 14:20:34.762 +01:00 [INF] Executed endpoint 'api.Controllers.TakeQuizApiController.SaveAttempt (api)'
2025-11-14 14:20:34.763 +01:00 [INF] Request finished HTTP/1.1 POST http://localhost:5082/api/takequizapi/saveattempt - 500 null text/plain; charset=utf-8 263.7798ms
2025-11-14 14:21:56.730 +01:00 [INF] Application is shutting down...
