2025-11-08 16:42:12.503 +01:00 [INF] User profile is available. Using 'C:\Users\Admin\AppData\Local\ASP.NET\DataProtection-Keys' as key repository and Windows DPAPI to encrypt keys at rest.
2025-11-08 16:42:12.569 +01:00 [INF] Now listening on: http://localhost:5082
2025-11-08 16:42:12.571 +01:00 [INF] Application started. Press Ctrl+C to shut down.
2025-11-08 16:42:12.572 +01:00 [INF] Hosting environment: Development
2025-11-08 16:42:12.572 +01:00 [INF] Content root path: C:\Users\Admin\OneDrive - OsloMet\FinalExamITPE3200\EXAMFAM\api
2025-11-08 16:42:20.868 +01:00 [INF] Request starting HTTP/1.1 GET http://localhost:5082/api/quizapi/quizlist - null null
2025-11-08 16:42:20.925 +01:00 [INF] CORS policy execution successful.
2025-11-08 16:42:20.966 +01:00 [INF] Executing endpoint 'api.Controllers.QuizAPIController.QuizList (api)'
2025-11-08 16:42:20.998 +01:00 [INF] Route matched with {action = "QuizList", controller = "QuizAPI"}. Executing controller action with signature System.Threading.Tasks.Task`1[Microsoft.AspNetCore.Mvc.IActionResult] QuizList() on controller api.Controllers.QuizAPIController (api).
2025-11-08 16:42:21.971 +01:00 [WRN] Compiling a query which loads related collections for more than one collection navigation, either via 'Include' or through projection, but no 'QuerySplittingBehavior' has been configured. By default, Entity Framework will use 'QuerySplittingBehavior.SingleQuery', which can potentially result in slow query performance. See https://go.microsoft.com/fwlink/?linkid=2134277 for more information. To identify the query that's triggering this warning call 'ConfigureWarnings(w => w.Throw(RelationalEventId.MultipleCollectionIncludeWarning))'.
2025-11-08 16:42:22.154 +01:00 [INF] Executing OkObjectResult, writing value of type 'System.Linq.Enumerable+SelectListIterator`2[[api.Models.Quiz, api, Version=1.0.0.0, Culture=neutral, PublicKeyToken=null],[api.DTOs.QuizDto, api, Version=1.0.0.0, Culture=neutral, PublicKeyToken=null]]'.
2025-11-08 16:42:22.259 +01:00 [INF] Executed action api.Controllers.QuizAPIController.QuizList (api) in 1257.3642ms
2025-11-08 16:42:22.260 +01:00 [INF] Executed endpoint 'api.Controllers.QuizAPIController.QuizList (api)'
2025-11-08 16:42:22.267 +01:00 [INF] Request finished HTTP/1.1 GET http://localhost:5082/api/quizapi/quizlist - 200 330 application/json; charset=utf-8 1401.6719ms
2025-11-08 16:42:22.270 +01:00 [INF] Request starting HTTP/1.1 GET http://localhost:5082/api/quizapi/quizlist - null null
2025-11-08 16:42:22.274 +01:00 [INF] CORS policy execution successful.
2025-11-08 16:42:22.276 +01:00 [INF] Executing endpoint 'api.Controllers.QuizAPIController.QuizList (api)'
2025-11-08 16:42:22.277 +01:00 [INF] Route matched with {action = "QuizList", controller = "QuizAPI"}. Executing controller action with signature System.Threading.Tasks.Task`1[Microsoft.AspNetCore.Mvc.IActionResult] QuizList() on controller api.Controllers.QuizAPIController (api).
2025-11-08 16:42:22.302 +01:00 [INF] Executing OkObjectResult, writing value of type 'System.Linq.Enumerable+SelectListIterator`2[[api.Models.Quiz, api, Version=1.0.0.0, Culture=neutral, PublicKeyToken=null],[api.DTOs.QuizDto, api, Version=1.0.0.0, Culture=neutral, PublicKeyToken=null]]'.
2025-11-08 16:42:22.304 +01:00 [INF] Executed action api.Controllers.QuizAPIController.QuizList (api) in 26.5945ms
2025-11-08 16:42:22.304 +01:00 [INF] Executed endpoint 'api.Controllers.QuizAPIController.QuizList (api)'
2025-11-08 16:42:22.304 +01:00 [INF] Request finished HTTP/1.1 GET http://localhost:5082/api/quizapi/quizlist - 200 330 application/json; charset=utf-8 34.9292ms
2025-11-08 16:42:26.629 +01:00 [INF] Request starting HTTP/1.1 OPTIONS http://localhost:5082/api/Auth/login - null null
2025-11-08 16:42:26.634 +01:00 [INF] CORS policy execution successful.
2025-11-08 16:42:26.642 +01:00 [INF] Request finished HTTP/1.1 OPTIONS http://localhost:5082/api/Auth/login - 204 null null 13.3136ms
2025-11-08 16:42:26.651 +01:00 [INF] Request starting HTTP/1.1 POST http://localhost:5082/api/Auth/login - application/json 48
2025-11-08 16:42:26.657 +01:00 [INF] CORS policy execution successful.
2025-11-08 16:42:26.664 +01:00 [INF] Executing endpoint 'api.Controllers.AuthController.Login (api)'
2025-11-08 16:42:26.694 +01:00 [INF] Route matched with {action = "Login", controller = "Auth"}. Executing controller action with signature System.Threading.Tasks.Task`1[Microsoft.AspNetCore.Mvc.IActionResult] Login(api.DTOs.LoginDto) on controller api.Controllers.AuthController (api).
2025-11-08 16:42:27.120 +01:00 [INF] [AuthAPIController] user authorised for eksempel1234
2025-11-08 16:42:27.131 +01:00 [INF] [AuthAPIController] JWT token created for eksempel1234
2025-11-08 16:42:27.163 +01:00 [INF] Executing OkObjectResult, writing value of type '<>f__AnonymousType1`1[[System.String, System.Private.CoreLib, Version=8.0.0.0, Culture=neutral, PublicKeyToken=7cec85d7bea7798e]]'.
2025-11-08 16:42:27.168 +01:00 [INF] Executed action api.Controllers.AuthController.Login (api) in 473.5743ms
2025-11-08 16:42:27.168 +01:00 [INF] Executed endpoint 'api.Controllers.AuthController.Login (api)'
2025-11-08 16:42:27.169 +01:00 [INF] Request finished HTTP/1.1 POST http://localhost:5082/api/Auth/login - 200 496 application/json; charset=utf-8 517.9766ms
2025-11-08 16:42:29.248 +01:00 [INF] Request starting HTTP/1.1 GET http://localhost:5082/api/quizapi/quizlist - null null
2025-11-08 16:42:29.250 +01:00 [INF] CORS policy execution successful.
2025-11-08 16:42:29.250 +01:00 [INF] Executing endpoint 'api.Controllers.QuizAPIController.QuizList (api)'
2025-11-08 16:42:29.250 +01:00 [INF] Route matched with {action = "QuizList", controller = "QuizAPI"}. Executing controller action with signature System.Threading.Tasks.Task`1[Microsoft.AspNetCore.Mvc.IActionResult] QuizList() on controller api.Controllers.QuizAPIController (api).
2025-11-08 16:42:29.263 +01:00 [INF] Executing OkObjectResult, writing value of type 'System.Linq.Enumerable+SelectListIterator`2[[api.Models.Quiz, api, Version=1.0.0.0, Culture=neutral, PublicKeyToken=null],[api.DTOs.QuizDto, api, Version=1.0.0.0, Culture=neutral, PublicKeyToken=null]]'.
2025-11-08 16:42:29.264 +01:00 [INF] Executed action api.Controllers.QuizAPIController.QuizList (api) in 13.0932ms
2025-11-08 16:42:29.264 +01:00 [INF] Executed endpoint 'api.Controllers.QuizAPIController.QuizList (api)'
2025-11-08 16:42:29.264 +01:00 [INF] Request finished HTTP/1.1 GET http://localhost:5082/api/quizapi/quizlist - 200 330 application/json; charset=utf-8 16.5022ms
2025-11-08 16:42:29.267 +01:00 [INF] Request starting HTTP/1.1 GET http://localhost:5082/api/quizapi/quizlist - null null
2025-11-08 16:42:29.267 +01:00 [INF] CORS policy execution successful.
2025-11-08 16:42:29.267 +01:00 [INF] Executing endpoint 'api.Controllers.QuizAPIController.QuizList (api)'
2025-11-08 16:42:29.268 +01:00 [INF] Route matched with {action = "QuizList", controller = "QuizAPI"}. Executing controller action with signature System.Threading.Tasks.Task`1[Microsoft.AspNetCore.Mvc.IActionResult] QuizList() on controller api.Controllers.QuizAPIController (api).
2025-11-08 16:42:29.274 +01:00 [INF] Executing OkObjectResult, writing value of type 'System.Linq.Enumerable+SelectListIterator`2[[api.Models.Quiz, api, Version=1.0.0.0, Culture=neutral, PublicKeyToken=null],[api.DTOs.QuizDto, api, Version=1.0.0.0, Culture=neutral, PublicKeyToken=null]]'.
2025-11-08 16:42:29.275 +01:00 [INF] Executed action api.Controllers.QuizAPIController.QuizList (api) in 7.0043ms
2025-11-08 16:42:29.275 +01:00 [INF] Executed endpoint 'api.Controllers.QuizAPIController.QuizList (api)'
2025-11-08 16:42:29.275 +01:00 [INF] Request finished HTTP/1.1 GET http://localhost:5082/api/quizapi/quizlist - 200 330 application/json; charset=utf-8 8.1515ms
2025-11-08 16:42:49.874 +01:00 [INF] Request starting HTTP/1.1 GET http://localhost:5082/api/quizapi/quizlist - null null
2025-11-08 16:42:49.875 +01:00 [INF] CORS policy execution successful.
2025-11-08 16:42:49.875 +01:00 [INF] Executing endpoint 'api.Controllers.QuizAPIController.QuizList (api)'
2025-11-08 16:42:49.875 +01:00 [INF] Route matched with {action = "QuizList", controller = "QuizAPI"}. Executing controller action with signature System.Threading.Tasks.Task`1[Microsoft.AspNetCore.Mvc.IActionResult] QuizList() on controller api.Controllers.QuizAPIController (api).
2025-11-08 16:42:49.882 +01:00 [INF] Executing OkObjectResult, writing value of type 'System.Linq.Enumerable+SelectListIterator`2[[api.Models.Quiz, api, Version=1.0.0.0, Culture=neutral, PublicKeyToken=null],[api.DTOs.QuizDto, api, Version=1.0.0.0, Culture=neutral, PublicKeyToken=null]]'.
2025-11-08 16:42:49.884 +01:00 [INF] Executed action api.Controllers.QuizAPIController.QuizList (api) in 8.3361ms
2025-11-08 16:42:49.884 +01:00 [INF] Executed endpoint 'api.Controllers.QuizAPIController.QuizList (api)'
2025-11-08 16:42:49.884 +01:00 [INF] Request finished HTTP/1.1 GET http://localhost:5082/api/quizapi/quizlist - 200 330 application/json; charset=utf-8 10.078ms
2025-11-08 16:42:49.887 +01:00 [INF] Request starting HTTP/1.1 GET http://localhost:5082/api/quizapi/quizlist - null null
2025-11-08 16:42:49.887 +01:00 [INF] CORS policy execution successful.
2025-11-08 16:42:49.888 +01:00 [INF] Executing endpoint 'api.Controllers.QuizAPIController.QuizList (api)'
2025-11-08 16:42:49.888 +01:00 [INF] Route matched with {action = "QuizList", controller = "QuizAPI"}. Executing controller action with signature System.Threading.Tasks.Task`1[Microsoft.AspNetCore.Mvc.IActionResult] QuizList() on controller api.Controllers.QuizAPIController (api).
2025-11-08 16:42:49.894 +01:00 [INF] Executing OkObjectResult, writing value of type 'System.Linq.Enumerable+SelectListIterator`2[[api.Models.Quiz, api, Version=1.0.0.0, Culture=neutral, PublicKeyToken=null],[api.DTOs.QuizDto, api, Version=1.0.0.0, Culture=neutral, PublicKeyToken=null]]'.
2025-11-08 16:42:49.895 +01:00 [INF] Executed action api.Controllers.QuizAPIController.QuizList (api) in 6.4549ms
2025-11-08 16:42:49.895 +01:00 [INF] Executed endpoint 'api.Controllers.QuizAPIController.QuizList (api)'
2025-11-08 16:42:49.895 +01:00 [INF] Request finished HTTP/1.1 GET http://localhost:5082/api/quizapi/quizlist - 200 330 application/json; charset=utf-8 8.6041ms
2025-11-08 16:42:50.946 +01:00 [INF] Request starting HTTP/1.1 GET http://localhost:5082/api/quizapi/8 - null null
2025-11-08 16:42:50.947 +01:00 [INF] CORS policy execution successful.
2025-11-08 16:42:50.947 +01:00 [INF] Executing endpoint 'api.Controllers.QuizAPIController.GetQuiz (api)'
2025-11-08 16:42:50.952 +01:00 [INF] Route matched with {action = "GetQuiz", controller = "QuizAPI"}. Executing controller action with signature System.Threading.Tasks.Task`1[Microsoft.AspNetCore.Mvc.IActionResult] GetQuiz(Int32) on controller api.Controllers.QuizAPIController (api).
2025-11-08 16:42:50.970 +01:00 [WRN] Compiling a query which loads related collections for more than one collection navigation, either via 'Include' or through projection, but no 'QuerySplittingBehavior' has been configured. By default, Entity Framework will use 'QuerySplittingBehavior.SingleQuery', which can potentially result in slow query performance. See https://go.microsoft.com/fwlink/?linkid=2134277 for more information. To identify the query that's triggering this warning call 'ConfigureWarnings(w => w.Throw(RelationalEventId.MultipleCollectionIncludeWarning))'.
2025-11-08 16:42:50.976 +01:00 [INF] Executing OkObjectResult, writing value of type 'api.Models.Quiz'.
2025-11-08 16:42:50.981 +01:00 [INF] Executed action api.Controllers.QuizAPIController.GetQuiz (api) in 28.3694ms
2025-11-08 16:42:50.981 +01:00 [INF] Executed endpoint 'api.Controllers.QuizAPIController.GetQuiz (api)'
2025-11-08 16:42:50.981 +01:00 [INF] Request finished HTTP/1.1 GET http://localhost:5082/api/quizapi/8 - 200 244 application/json; charset=utf-8 35.084ms
2025-11-08 16:42:50.983 +01:00 [INF] Request starting HTTP/1.1 GET http://localhost:5082/api/quizapi/8 - null null
2025-11-08 16:42:50.984 +01:00 [INF] CORS policy execution successful.
2025-11-08 16:42:50.984 +01:00 [INF] Executing endpoint 'api.Controllers.QuizAPIController.GetQuiz (api)'
2025-11-08 16:42:50.984 +01:00 [INF] Route matched with {action = "GetQuiz", controller = "QuizAPI"}. Executing controller action with signature System.Threading.Tasks.Task`1[Microsoft.AspNetCore.Mvc.IActionResult] GetQuiz(Int32) on controller api.Controllers.QuizAPIController (api).
2025-11-08 16:42:50.988 +01:00 [INF] Executing OkObjectResult, writing value of type 'api.Models.Quiz'.
2025-11-08 16:42:50.988 +01:00 [INF] Executed action api.Controllers.QuizAPIController.GetQuiz (api) in 4.4115ms
2025-11-08 16:42:50.988 +01:00 [INF] Executed endpoint 'api.Controllers.QuizAPIController.GetQuiz (api)'
2025-11-08 16:42:50.989 +01:00 [INF] Request finished HTTP/1.1 GET http://localhost:5082/api/quizapi/8 - 200 244 application/json; charset=utf-8 5.2882ms
2025-11-08 16:42:54.260 +01:00 [INF] Request starting HTTP/1.1 OPTIONS http://localhost:5082/api/quizapi/update/8 - null null
2025-11-08 16:42:54.261 +01:00 [INF] CORS policy execution successful.
2025-11-08 16:42:54.261 +01:00 [INF] Request finished HTTP/1.1 OPTIONS http://localhost:5082/api/quizapi/update/8 - 204 null null 0.7276ms
2025-11-08 16:42:54.263 +01:00 [INF] Request starting HTTP/1.1 PUT http://localhost:5082/api/quizapi/update/8 - application/json 130
2025-11-08 16:42:54.264 +01:00 [INF] CORS policy execution successful.
2025-11-08 16:42:54.326 +01:00 [INF] Executing endpoint 'api.Controllers.QuizAPIController.Update (api)'
2025-11-08 16:42:54.329 +01:00 [INF] Route matched with {action = "Update", controller = "QuizAPI"}. Executing controller action with signature System.Threading.Tasks.Task`1[Microsoft.AspNetCore.Mvc.IActionResult] Update(Int32, api.DTOs.QuizDto) on controller api.Controllers.QuizAPIController (api).
2025-11-08 16:42:54.509 +01:00 [INF] Executing OkObjectResult, writing value of type 'api.Models.Quiz'.
2025-11-08 16:42:54.509 +01:00 [INF] Executed action api.Controllers.QuizAPIController.Update (api) in 179.8407ms
2025-11-08 16:42:54.509 +01:00 [INF] Executed endpoint 'api.Controllers.QuizAPIController.Update (api)'
2025-11-08 16:42:54.509 +01:00 [INF] Request finished HTTP/1.1 PUT http://localhost:5082/api/quizapi/update/8 - 200 245 application/json; charset=utf-8 245.8613ms
2025-11-08 16:42:54.526 +01:00 [INF] Request starting HTTP/1.1 GET http://localhost:5082/api/quizapi/quizlist - null null
2025-11-08 16:42:54.526 +01:00 [INF] CORS policy execution successful.
2025-11-08 16:42:54.527 +01:00 [INF] Executing endpoint 'api.Controllers.QuizAPIController.QuizList (api)'
2025-11-08 16:42:54.527 +01:00 [INF] Route matched with {action = "QuizList", controller = "QuizAPI"}. Executing controller action with signature System.Threading.Tasks.Task`1[Microsoft.AspNetCore.Mvc.IActionResult] QuizList() on controller api.Controllers.QuizAPIController (api).
2025-11-08 16:42:54.529 +01:00 [INF] Executing OkObjectResult, writing value of type 'System.Linq.Enumerable+SelectListIterator`2[[api.Models.Quiz, api, Version=1.0.0.0, Culture=neutral, PublicKeyToken=null],[api.DTOs.QuizDto, api, Version=1.0.0.0, Culture=neutral, PublicKeyToken=null]]'.
2025-11-08 16:42:54.530 +01:00 [INF] Executed action api.Controllers.QuizAPIController.QuizList (api) in 2.9981ms
2025-11-08 16:42:54.530 +01:00 [INF] Executed endpoint 'api.Controllers.QuizAPIController.QuizList (api)'
2025-11-08 16:42:54.530 +01:00 [INF] Request finished HTTP/1.1 GET http://localhost:5082/api/quizapi/quizlist - 200 330 application/json; charset=utf-8 3.725ms
2025-11-08 16:42:54.532 +01:00 [INF] Request starting HTTP/1.1 GET http://localhost:5082/api/quizapi/quizlist - null null
2025-11-08 16:42:54.532 +01:00 [INF] CORS policy execution successful.
2025-11-08 16:42:54.533 +01:00 [INF] Executing endpoint 'api.Controllers.QuizAPIController.QuizList (api)'
2025-11-08 16:42:54.533 +01:00 [INF] Route matched with {action = "QuizList", controller = "QuizAPI"}. Executing controller action with signature System.Threading.Tasks.Task`1[Microsoft.AspNetCore.Mvc.IActionResult] QuizList() on controller api.Controllers.QuizAPIController (api).
2025-11-08 16:42:54.535 +01:00 [INF] Executing OkObjectResult, writing value of type 'System.Linq.Enumerable+SelectListIterator`2[[api.Models.Quiz, api, Version=1.0.0.0, Culture=neutral, PublicKeyToken=null],[api.DTOs.QuizDto, api, Version=1.0.0.0, Culture=neutral, PublicKeyToken=null]]'.
2025-11-08 16:42:54.536 +01:00 [INF] Executed action api.Controllers.QuizAPIController.QuizList (api) in 3.7007ms
2025-11-08 16:42:54.537 +01:00 [INF] Executed endpoint 'api.Controllers.QuizAPIController.QuizList (api)'
2025-11-08 16:42:54.537 +01:00 [INF] Request finished HTTP/1.1 GET http://localhost:5082/api/quizapi/quizlist - 200 330 application/json; charset=utf-8 4.6286ms
2025-11-08 16:42:55.928 +01:00 [INF] Request starting HTTP/1.1 GET http://localhost:5082/api/quizapi/8 - null null
2025-11-08 16:42:55.928 +01:00 [INF] CORS policy execution successful.
2025-11-08 16:42:55.928 +01:00 [INF] Executing endpoint 'api.Controllers.QuizAPIController.GetQuiz (api)'
2025-11-08 16:42:55.928 +01:00 [INF] Route matched with {action = "GetQuiz", controller = "QuizAPI"}. Executing controller action with signature System.Threading.Tasks.Task`1[Microsoft.AspNetCore.Mvc.IActionResult] GetQuiz(Int32) on controller api.Controllers.QuizAPIController (api).
2025-11-08 16:42:55.931 +01:00 [INF] Executing OkObjectResult, writing value of type 'api.Models.Quiz'.
2025-11-08 16:42:55.931 +01:00 [INF] Executed action api.Controllers.QuizAPIController.GetQuiz (api) in 2.63ms
2025-11-08 16:42:55.931 +01:00 [INF] Executed endpoint 'api.Controllers.QuizAPIController.GetQuiz (api)'
2025-11-08 16:42:55.931 +01:00 [INF] Request finished HTTP/1.1 GET http://localhost:5082/api/quizapi/8 - 200 245 application/json; charset=utf-8 3.5454ms
2025-11-08 16:42:55.934 +01:00 [INF] Request starting HTTP/1.1 GET http://localhost:5082/api/quizapi/8 - null null
2025-11-08 16:42:55.934 +01:00 [INF] CORS policy execution successful.
2025-11-08 16:42:55.934 +01:00 [INF] Executing endpoint 'api.Controllers.QuizAPIController.GetQuiz (api)'
2025-11-08 16:42:55.934 +01:00 [INF] Route matched with {action = "GetQuiz", controller = "QuizAPI"}. Executing controller action with signature System.Threading.Tasks.Task`1[Microsoft.AspNetCore.Mvc.IActionResult] GetQuiz(Int32) on controller api.Controllers.QuizAPIController (api).
2025-11-08 16:42:55.937 +01:00 [INF] Executing OkObjectResult, writing value of type 'api.Models.Quiz'.
2025-11-08 16:42:55.937 +01:00 [INF] Executed action api.Controllers.QuizAPIController.GetQuiz (api) in 3.0708ms
2025-11-08 16:42:55.938 +01:00 [INF] Executed endpoint 'api.Controllers.QuizAPIController.GetQuiz (api)'
2025-11-08 16:42:55.938 +01:00 [INF] Request finished HTTP/1.1 GET http://localhost:5082/api/quizapi/8 - 200 245 application/json; charset=utf-8 4.2197ms
2025-11-08 16:42:57.085 +01:00 [INF] Request starting HTTP/1.1 GET http://localhost:5082/api/quizapi/quizlist - null null
2025-11-08 16:42:57.085 +01:00 [INF] CORS policy execution successful.
2025-11-08 16:42:57.086 +01:00 [INF] Executing endpoint 'api.Controllers.QuizAPIController.QuizList (api)'
2025-11-08 16:42:57.086 +01:00 [INF] Route matched with {action = "QuizList", controller = "QuizAPI"}. Executing controller action with signature System.Threading.Tasks.Task`1[Microsoft.AspNetCore.Mvc.IActionResult] QuizList() on controller api.Controllers.QuizAPIController (api).
2025-11-08 16:42:57.090 +01:00 [INF] Executing OkObjectResult, writing value of type 'System.Linq.Enumerable+SelectListIterator`2[[api.Models.Quiz, api, Version=1.0.0.0, Culture=neutral, PublicKeyToken=null],[api.DTOs.QuizDto, api, Version=1.0.0.0, Culture=neutral, PublicKeyToken=null]]'.
2025-11-08 16:42:57.091 +01:00 [INF] Executed action api.Controllers.QuizAPIController.QuizList (api) in 4.6187ms
2025-11-08 16:42:57.091 +01:00 [INF] Executed endpoint 'api.Controllers.QuizAPIController.QuizList (api)'
2025-11-08 16:42:57.091 +01:00 [INF] Request finished HTTP/1.1 GET http://localhost:5082/api/quizapi/quizlist - 200 330 application/json; charset=utf-8 6.0113ms
2025-11-08 16:42:57.093 +01:00 [INF] Request starting HTTP/1.1 GET http://localhost:5082/api/quizapi/quizlist - null null
2025-11-08 16:42:57.093 +01:00 [INF] CORS policy execution successful.
2025-11-08 16:42:57.093 +01:00 [INF] Executing endpoint 'api.Controllers.QuizAPIController.QuizList (api)'
2025-11-08 16:42:57.093 +01:00 [INF] Route matched with {action = "QuizList", controller = "QuizAPI"}. Executing controller action with signature System.Threading.Tasks.Task`1[Microsoft.AspNetCore.Mvc.IActionResult] QuizList() on controller api.Controllers.QuizAPIController (api).
2025-11-08 16:42:57.096 +01:00 [INF] Executing OkObjectResult, writing value of type 'System.Linq.Enumerable+SelectListIterator`2[[api.Models.Quiz, api, Version=1.0.0.0, Culture=neutral, PublicKeyToken=null],[api.DTOs.QuizDto, api, Version=1.0.0.0, Culture=neutral, PublicKeyToken=null]]'.
2025-11-08 16:42:57.096 +01:00 [INF] Executed action api.Controllers.QuizAPIController.QuizList (api) in 2.5989ms
2025-11-08 16:42:57.096 +01:00 [INF] Executed endpoint 'api.Controllers.QuizAPIController.QuizList (api)'
2025-11-08 16:42:57.096 +01:00 [INF] Request finished HTTP/1.1 GET http://localhost:5082/api/quizapi/quizlist - 200 330 application/json; charset=utf-8 3.6272ms
2025-11-08 16:43:45.662 +01:00 [INF] Request starting HTTP/1.1 GET http://localhost:5082/api/quizapi/8 - null null
2025-11-08 16:43:45.665 +01:00 [INF] CORS policy execution successful.
2025-11-08 16:43:45.666 +01:00 [INF] Executing endpoint 'api.Controllers.QuizAPIController.GetQuiz (api)'
2025-11-08 16:43:45.667 +01:00 [INF] Route matched with {action = "GetQuiz", controller = "QuizAPI"}. Executing controller action with signature System.Threading.Tasks.Task`1[Microsoft.AspNetCore.Mvc.IActionResult] GetQuiz(Int32) on controller api.Controllers.QuizAPIController (api).
2025-11-08 16:43:45.676 +01:00 [INF] Executing OkObjectResult, writing value of type 'api.Models.Quiz'.
2025-11-08 16:43:45.676 +01:00 [INF] Executed action api.Controllers.QuizAPIController.GetQuiz (api) in 9.3184ms
2025-11-08 16:43:45.677 +01:00 [INF] Executed endpoint 'api.Controllers.QuizAPIController.GetQuiz (api)'
2025-11-08 16:43:45.677 +01:00 [INF] Request finished HTTP/1.1 GET http://localhost:5082/api/quizapi/8 - 200 245 application/json; charset=utf-8 15.1145ms
2025-11-08 16:43:45.680 +01:00 [INF] Request starting HTTP/1.1 GET http://localhost:5082/api/quizapi/8 - null null
2025-11-08 16:43:45.681 +01:00 [INF] CORS policy execution successful.
2025-11-08 16:43:45.681 +01:00 [INF] Executing endpoint 'api.Controllers.QuizAPIController.GetQuiz (api)'
2025-11-08 16:43:45.681 +01:00 [INF] Route matched with {action = "GetQuiz", controller = "QuizAPI"}. Executing controller action with signature System.Threading.Tasks.Task`1[Microsoft.AspNetCore.Mvc.IActionResult] GetQuiz(Int32) on controller api.Controllers.QuizAPIController (api).
2025-11-08 16:43:45.683 +01:00 [INF] Executing OkObjectResult, writing value of type 'api.Models.Quiz'.
2025-11-08 16:43:45.683 +01:00 [INF] Executed action api.Controllers.QuizAPIController.GetQuiz (api) in 2.2463ms
2025-11-08 16:43:45.683 +01:00 [INF] Executed endpoint 'api.Controllers.QuizAPIController.GetQuiz (api)'
2025-11-08 16:43:45.683 +01:00 [INF] Request finished HTTP/1.1 GET http://localhost:5082/api/quizapi/8 - 200 245 application/json; charset=utf-8 3.5893ms
2025-11-08 16:43:46.945 +01:00 [INF] Request starting HTTP/1.1 OPTIONS http://localhost:5082/api/quizapi/update/8 - null null
2025-11-08 16:43:46.945 +01:00 [INF] CORS policy execution successful.
2025-11-08 16:43:46.946 +01:00 [INF] Request finished HTTP/1.1 OPTIONS http://localhost:5082/api/quizapi/update/8 - 204 null null 0.5483ms
2025-11-08 16:43:46.948 +01:00 [INF] Request starting HTTP/1.1 PUT http://localhost:5082/api/quizapi/update/8 - application/json 130
2025-11-08 16:43:46.948 +01:00 [INF] CORS policy execution successful.
2025-11-08 16:43:46.953 +01:00 [INF] Executing endpoint 'api.Controllers.QuizAPIController.Update (api)'
2025-11-08 16:43:46.953 +01:00 [INF] Route matched with {action = "Update", controller = "QuizAPI"}. Executing controller action with signature System.Threading.Tasks.Task`1[Microsoft.AspNetCore.Mvc.IActionResult] Update(Int32, api.DTOs.QuizDto) on controller api.Controllers.QuizAPIController (api).
2025-11-08 16:43:46.964 +01:00 [INF] Executing OkObjectResult, writing value of type 'api.Models.Quiz'.
2025-11-08 16:43:46.965 +01:00 [INF] Executed action api.Controllers.QuizAPIController.Update (api) in 11.6481ms
2025-11-08 16:43:46.965 +01:00 [INF] Executed endpoint 'api.Controllers.QuizAPIController.Update (api)'
2025-11-08 16:43:46.965 +01:00 [INF] Request finished HTTP/1.1 PUT http://localhost:5082/api/quizapi/update/8 - 200 245 application/json; charset=utf-8 16.6476ms
2025-11-08 16:43:46.994 +01:00 [INF] Request starting HTTP/1.1 GET http://localhost:5082/api/quizapi/quizlist - null null
2025-11-08 16:43:46.994 +01:00 [INF] CORS policy execution successful.
2025-11-08 16:43:46.995 +01:00 [INF] Executing endpoint 'api.Controllers.QuizAPIController.QuizList (api)'
2025-11-08 16:43:46.995 +01:00 [INF] Route matched with {action = "QuizList", controller = "QuizAPI"}. Executing controller action with signature System.Threading.Tasks.Task`1[Microsoft.AspNetCore.Mvc.IActionResult] QuizList() on controller api.Controllers.QuizAPIController (api).
2025-11-08 16:43:46.998 +01:00 [INF] Executing OkObjectResult, writing value of type 'System.Linq.Enumerable+SelectListIterator`2[[api.Models.Quiz, api, Version=1.0.0.0, Culture=neutral, PublicKeyToken=null],[api.DTOs.QuizDto, api, Version=1.0.0.0, Culture=neutral, PublicKeyToken=null]]'.
2025-11-08 16:43:46.998 +01:00 [INF] Executed action api.Controllers.QuizAPIController.QuizList (api) in 3.7268ms
2025-11-08 16:43:46.999 +01:00 [INF] Executed endpoint 'api.Controllers.QuizAPIController.QuizList (api)'
2025-11-08 16:43:46.999 +01:00 [INF] Request finished HTTP/1.1 GET http://localhost:5082/api/quizapi/quizlist - 200 330 application/json; charset=utf-8 4.6333ms
2025-11-08 16:43:47.000 +01:00 [INF] Request starting HTTP/1.1 GET http://localhost:5082/api/quizapi/quizlist - null null
2025-11-08 16:43:47.000 +01:00 [INF] CORS policy execution successful.
2025-11-08 16:43:47.001 +01:00 [INF] Executing endpoint 'api.Controllers.QuizAPIController.QuizList (api)'
2025-11-08 16:43:47.001 +01:00 [INF] Route matched with {action = "QuizList", controller = "QuizAPI"}. Executing controller action with signature System.Threading.Tasks.Task`1[Microsoft.AspNetCore.Mvc.IActionResult] QuizList() on controller api.Controllers.QuizAPIController (api).
2025-11-08 16:43:47.005 +01:00 [INF] Executing OkObjectResult, writing value of type 'System.Linq.Enumerable+SelectListIterator`2[[api.Models.Quiz, api, Version=1.0.0.0, Culture=neutral, PublicKeyToken=null],[api.DTOs.QuizDto, api, Version=1.0.0.0, Culture=neutral, PublicKeyToken=null]]'.
2025-11-08 16:43:47.005 +01:00 [INF] Executed action api.Controllers.QuizAPIController.QuizList (api) in 4.1224ms
2025-11-08 16:43:47.005 +01:00 [INF] Executed endpoint 'api.Controllers.QuizAPIController.QuizList (api)'
2025-11-08 16:43:47.005 +01:00 [INF] Request finished HTTP/1.1 GET http://localhost:5082/api/quizapi/quizlist - 200 330 application/json; charset=utf-8 5.0916ms
2025-11-08 16:43:48.363 +01:00 [INF] Request starting HTTP/1.1 GET http://localhost:5082/api/quizapi/8 - null null
2025-11-08 16:43:48.363 +01:00 [INF] CORS policy execution successful.
2025-11-08 16:43:48.364 +01:00 [INF] Executing endpoint 'api.Controllers.QuizAPIController.GetQuiz (api)'
2025-11-08 16:43:48.364 +01:00 [INF] Route matched with {action = "GetQuiz", controller = "QuizAPI"}. Executing controller action with signature System.Threading.Tasks.Task`1[Microsoft.AspNetCore.Mvc.IActionResult] GetQuiz(Int32) on controller api.Controllers.QuizAPIController (api).
2025-11-08 16:43:48.366 +01:00 [INF] Executing OkObjectResult, writing value of type 'api.Models.Quiz'.
2025-11-08 16:43:48.366 +01:00 [INF] Executed action api.Controllers.QuizAPIController.GetQuiz (api) in 1.8726ms
2025-11-08 16:43:48.366 +01:00 [INF] Executed endpoint 'api.Controllers.QuizAPIController.GetQuiz (api)'
2025-11-08 16:43:48.366 +01:00 [INF] Request finished HTTP/1.1 GET http://localhost:5082/api/quizapi/8 - 200 245 application/json; charset=utf-8 3.0803ms
2025-11-08 16:43:48.369 +01:00 [INF] Request starting HTTP/1.1 GET http://localhost:5082/api/quizapi/8 - null null
2025-11-08 16:43:48.369 +01:00 [INF] CORS policy execution successful.
2025-11-08 16:43:48.369 +01:00 [INF] Executing endpoint 'api.Controllers.QuizAPIController.GetQuiz (api)'
2025-11-08 16:43:48.370 +01:00 [INF] Route matched with {action = "GetQuiz", controller = "QuizAPI"}. Executing controller action with signature System.Threading.Tasks.Task`1[Microsoft.AspNetCore.Mvc.IActionResult] GetQuiz(Int32) on controller api.Controllers.QuizAPIController (api).
2025-11-08 16:43:48.373 +01:00 [INF] Executing OkObjectResult, writing value of type 'api.Models.Quiz'.
2025-11-08 16:43:48.373 +01:00 [INF] Executed action api.Controllers.QuizAPIController.GetQuiz (api) in 3.3787ms
2025-11-08 16:43:48.373 +01:00 [INF] Executed endpoint 'api.Controllers.QuizAPIController.GetQuiz (api)'
2025-11-08 16:43:48.374 +01:00 [INF] Request finished HTTP/1.1 GET http://localhost:5082/api/quizapi/8 - 200 245 application/json; charset=utf-8 5.2097ms
2025-11-08 16:46:05.648 +01:00 [INF] Application is shutting down...
