2025-10-29 10:44:23.879 +01:00 [INF] Now listening on: http://localhost:5082
2025-10-29 10:44:23.889 +01:00 [INF] Application started. Press Ctrl+C to shut down.
2025-10-29 10:44:23.890 +01:00 [INF] Hosting environment: Development
2025-10-29 10:44:23.890 +01:00 [INF] Content root path: C:\Users\Admin\OneDrive - OsloMet\FinalExamITPE3200\EXAMFAM\api
2025-10-29 10:44:25.984 +01:00 [INF] Request starting HTTP/1.1 GET http://localhost:5082/api/quizapi/quizlist - null null
2025-10-29 10:44:26.028 +01:00 [INF] CORS policy execution successful.
2025-10-29 10:44:26.033 +01:00 [INF] Executing endpoint 'api.Controllers.QuizAPIController.QuizList (api)'
2025-10-29 10:44:26.059 +01:00 [INF] Route matched with {action = "QuizList", controller = "QuizAPI"}. Executing controller action with signature System.Threading.Tasks.Task`1[Microsoft.AspNetCore.Mvc.IActionResult] QuizList() on controller api.Controllers.QuizAPIController (api).
2025-10-29 10:44:26.891 +01:00 [WRN] Compiling a query which loads related collections for more than one collection navigation, either via 'Include' or through projection, but no 'QuerySplittingBehavior' has been configured. By default, Entity Framework will use 'QuerySplittingBehavior.SingleQuery', which can potentially result in slow query performance. See https://go.microsoft.com/fwlink/?linkid=2134277 for more information. To identify the query that's triggering this warning call 'ConfigureWarnings(w => w.Throw(RelationalEventId.MultipleCollectionIncludeWarning))'.
2025-10-29 10:44:27.047 +01:00 [INF] Executing OkObjectResult, writing value of type 'System.Linq.Enumerable+SelectListIterator`2[[api.Models.Quiz, api, Version=1.0.0.0, Culture=neutral, PublicKeyToken=null],[api.DTOs.QuizDto, api, Version=1.0.0.0, Culture=neutral, PublicKeyToken=null]]'.
2025-10-29 10:44:27.119 +01:00 [INF] Executed action api.Controllers.QuizAPIController.QuizList (api) in 1057.4437ms
2025-10-29 10:44:27.120 +01:00 [INF] Executed endpoint 'api.Controllers.QuizAPIController.QuizList (api)'
2025-10-29 10:44:27.125 +01:00 [INF] Request finished HTTP/1.1 GET http://localhost:5082/api/quizapi/quizlist - 200 208 application/json; charset=utf-8 1143.6856ms
2025-10-29 10:44:27.128 +01:00 [INF] Request starting HTTP/1.1 GET http://localhost:5082/api/quizapi/quizlist - null null
2025-10-29 10:44:27.130 +01:00 [INF] CORS policy execution successful.
2025-10-29 10:44:27.131 +01:00 [INF] Executing endpoint 'api.Controllers.QuizAPIController.QuizList (api)'
2025-10-29 10:44:27.131 +01:00 [INF] Route matched with {action = "QuizList", controller = "QuizAPI"}. Executing controller action with signature System.Threading.Tasks.Task`1[Microsoft.AspNetCore.Mvc.IActionResult] QuizList() on controller api.Controllers.QuizAPIController (api).
2025-10-29 10:44:27.154 +01:00 [INF] Executing OkObjectResult, writing value of type 'System.Linq.Enumerable+SelectListIterator`2[[api.Models.Quiz, api, Version=1.0.0.0, Culture=neutral, PublicKeyToken=null],[api.DTOs.QuizDto, api, Version=1.0.0.0, Culture=neutral, PublicKeyToken=null]]'.
2025-10-29 10:44:27.155 +01:00 [INF] Executed action api.Controllers.QuizAPIController.QuizList (api) in 23.748ms
2025-10-29 10:44:27.155 +01:00 [INF] Executed endpoint 'api.Controllers.QuizAPIController.QuizList (api)'
2025-10-29 10:44:27.155 +01:00 [INF] Request finished HTTP/1.1 GET http://localhost:5082/api/quizapi/quizlist - 200 208 application/json; charset=utf-8 27.6092ms
2025-10-29 10:44:29.675 +01:00 [INF] Request starting HTTP/1.1 GET http://localhost:5082/api/quizapi/5 - null null
2025-10-29 10:44:29.677 +01:00 [INF] CORS policy execution successful.
2025-10-29 10:44:29.677 +01:00 [INF] Executing endpoint 'api.Controllers.QuizAPIController.GetQuiz (api)'
2025-10-29 10:44:29.687 +01:00 [INF] Route matched with {action = "GetQuiz", controller = "QuizAPI"}. Executing controller action with signature System.Threading.Tasks.Task`1[Microsoft.AspNetCore.Mvc.IActionResult] GetQuiz(Int32) on controller api.Controllers.QuizAPIController (api).
2025-10-29 10:44:29.766 +01:00 [WRN] Compiling a query which loads related collections for more than one collection navigation, either via 'Include' or through projection, but no 'QuerySplittingBehavior' has been configured. By default, Entity Framework will use 'QuerySplittingBehavior.SingleQuery', which can potentially result in slow query performance. See https://go.microsoft.com/fwlink/?linkid=2134277 for more information. To identify the query that's triggering this warning call 'ConfigureWarnings(w => w.Throw(RelationalEventId.MultipleCollectionIncludeWarning))'.
2025-10-29 10:44:29.778 +01:00 [INF] Executing OkObjectResult, writing value of type 'api.DTOs.QuizDto'.
2025-10-29 10:44:29.783 +01:00 [INF] Executed action api.Controllers.QuizAPIController.GetQuiz (api) in 95.5522ms
2025-10-29 10:44:29.783 +01:00 [INF] Executed endpoint 'api.Controllers.QuizAPIController.GetQuiz (api)'
2025-10-29 10:44:29.783 +01:00 [INF] Request finished HTTP/1.1 GET http://localhost:5082/api/quizapi/5 - 200 491 application/json; charset=utf-8 108.2651ms
2025-10-29 10:44:29.786 +01:00 [INF] Request starting HTTP/1.1 GET http://localhost:5082/api/quizapi/5 - null null
2025-10-29 10:44:29.786 +01:00 [INF] CORS policy execution successful.
2025-10-29 10:44:29.786 +01:00 [INF] Executing endpoint 'api.Controllers.QuizAPIController.GetQuiz (api)'
2025-10-29 10:44:29.786 +01:00 [INF] Route matched with {action = "GetQuiz", controller = "QuizAPI"}. Executing controller action with signature System.Threading.Tasks.Task`1[Microsoft.AspNetCore.Mvc.IActionResult] GetQuiz(Int32) on controller api.Controllers.QuizAPIController (api).
2025-10-29 10:44:29.790 +01:00 [INF] Executing OkObjectResult, writing value of type 'api.DTOs.QuizDto'.
2025-10-29 10:44:29.791 +01:00 [INF] Executed action api.Controllers.QuizAPIController.GetQuiz (api) in 4.5985ms
2025-10-29 10:44:29.791 +01:00 [INF] Executed endpoint 'api.Controllers.QuizAPIController.GetQuiz (api)'
2025-10-29 10:44:29.791 +01:00 [INF] Request finished HTTP/1.1 GET http://localhost:5082/api/quizapi/5 - 200 491 application/json; charset=utf-8 5.7854ms
2025-10-29 10:48:23.627 +01:00 [INF] Request starting HTTP/1.1 GET http://localhost:5082/api/quizapi/quizlist - null null
2025-10-29 10:48:23.643 +01:00 [INF] CORS policy execution successful.
2025-10-29 10:48:23.644 +01:00 [INF] Executing endpoint 'api.Controllers.QuizAPIController.QuizList (api)'
2025-10-29 10:48:23.648 +01:00 [INF] Route matched with {action = "QuizList", controller = "QuizAPI"}. Executing controller action with signature System.Threading.Tasks.Task`1[Microsoft.AspNetCore.Mvc.IActionResult] QuizList() on controller api.Controllers.QuizAPIController (api).
2025-10-29 10:48:23.693 +01:00 [INF] Executing OkObjectResult, writing value of type 'System.Linq.Enumerable+SelectListIterator`2[[api.Models.Quiz, api, Version=1.0.0.0, Culture=neutral, PublicKeyToken=null],[api.DTOs.QuizDto, api, Version=1.0.0.0, Culture=neutral, PublicKeyToken=null]]'.
2025-10-29 10:48:23.695 +01:00 [INF] Executed action api.Controllers.QuizAPIController.QuizList (api) in 46.6689ms
2025-10-29 10:48:23.695 +01:00 [INF] Executed endpoint 'api.Controllers.QuizAPIController.QuizList (api)'
2025-10-29 10:48:23.695 +01:00 [INF] Request finished HTTP/1.1 GET http://localhost:5082/api/quizapi/quizlist - 200 208 application/json; charset=utf-8 72.059ms
2025-10-29 10:48:23.697 +01:00 [INF] Request starting HTTP/1.1 GET http://localhost:5082/api/quizapi/quizlist - null null
2025-10-29 10:48:23.698 +01:00 [INF] CORS policy execution successful.
2025-10-29 10:48:23.698 +01:00 [INF] Executing endpoint 'api.Controllers.QuizAPIController.QuizList (api)'
2025-10-29 10:48:23.698 +01:00 [INF] Route matched with {action = "QuizList", controller = "QuizAPI"}. Executing controller action with signature System.Threading.Tasks.Task`1[Microsoft.AspNetCore.Mvc.IActionResult] QuizList() on controller api.Controllers.QuizAPIController (api).
2025-10-29 10:48:23.701 +01:00 [INF] Executing OkObjectResult, writing value of type 'System.Linq.Enumerable+SelectListIterator`2[[api.Models.Quiz, api, Version=1.0.0.0, Culture=neutral, PublicKeyToken=null],[api.DTOs.QuizDto, api, Version=1.0.0.0, Culture=neutral, PublicKeyToken=null]]'.
2025-10-29 10:48:23.702 +01:00 [INF] Executed action api.Controllers.QuizAPIController.QuizList (api) in 3.8332ms
2025-10-29 10:48:23.702 +01:00 [INF] Executed endpoint 'api.Controllers.QuizAPIController.QuizList (api)'
2025-10-29 10:48:23.702 +01:00 [INF] Request finished HTTP/1.1 GET http://localhost:5082/api/quizapi/quizlist - 200 208 application/json; charset=utf-8 4.9058ms
2025-10-29 10:48:24.807 +01:00 [INF] Request starting HTTP/1.1 GET http://localhost:5082/api/quizapi/5 - null null
2025-10-29 10:48:24.807 +01:00 [INF] CORS policy execution successful.
2025-10-29 10:48:24.807 +01:00 [INF] Executing endpoint 'api.Controllers.QuizAPIController.GetQuiz (api)'
2025-10-29 10:48:24.807 +01:00 [INF] Route matched with {action = "GetQuiz", controller = "QuizAPI"}. Executing controller action with signature System.Threading.Tasks.Task`1[Microsoft.AspNetCore.Mvc.IActionResult] GetQuiz(Int32) on controller api.Controllers.QuizAPIController (api).
2025-10-29 10:48:24.817 +01:00 [INF] Executing OkObjectResult, writing value of type 'api.DTOs.QuizDto'.
2025-10-29 10:48:24.819 +01:00 [INF] Executed action api.Controllers.QuizAPIController.GetQuiz (api) in 11.722ms
2025-10-29 10:48:24.819 +01:00 [INF] Executed endpoint 'api.Controllers.QuizAPIController.GetQuiz (api)'
2025-10-29 10:48:24.820 +01:00 [INF] Request finished HTTP/1.1 GET http://localhost:5082/api/quizapi/5 - 200 491 application/json; charset=utf-8 12.9457ms
2025-10-29 10:48:24.822 +01:00 [INF] Request starting HTTP/1.1 GET http://localhost:5082/api/quizapi/5 - null null
2025-10-29 10:48:24.822 +01:00 [INF] CORS policy execution successful.
2025-10-29 10:48:24.822 +01:00 [INF] Executing endpoint 'api.Controllers.QuizAPIController.GetQuiz (api)'
2025-10-29 10:48:24.822 +01:00 [INF] Route matched with {action = "GetQuiz", controller = "QuizAPI"}. Executing controller action with signature System.Threading.Tasks.Task`1[Microsoft.AspNetCore.Mvc.IActionResult] GetQuiz(Int32) on controller api.Controllers.QuizAPIController (api).
2025-10-29 10:48:24.826 +01:00 [INF] Executing OkObjectResult, writing value of type 'api.DTOs.QuizDto'.
2025-10-29 10:48:24.827 +01:00 [INF] Executed action api.Controllers.QuizAPIController.GetQuiz (api) in 4.789ms
2025-10-29 10:48:24.828 +01:00 [INF] Executed endpoint 'api.Controllers.QuizAPIController.GetQuiz (api)'
2025-10-29 10:48:24.828 +01:00 [INF] Request finished HTTP/1.1 GET http://localhost:5082/api/quizapi/5 - 200 491 application/json; charset=utf-8 6.0912ms
2025-10-29 10:48:43.260 +01:00 [INF] Request starting HTTP/1.1 OPTIONS http://localhost:5082/api/quizapi/update/5 - null null
2025-10-29 10:48:43.262 +01:00 [INF] CORS policy execution successful.
2025-10-29 10:48:43.264 +01:00 [INF] Request finished HTTP/1.1 OPTIONS http://localhost:5082/api/quizapi/update/5 - 204 null null 3.6144ms
2025-10-29 10:48:43.269 +01:00 [INF] Request starting HTTP/1.1 PUT http://localhost:5082/api/quizapi/update/5 - application/json 322
2025-10-29 10:48:43.270 +01:00 [INF] CORS policy execution successful.
2025-10-29 10:48:43.270 +01:00 [INF] Executing endpoint 'api.Controllers.QuizAPIController.Update (api)'
2025-10-29 10:48:43.285 +01:00 [INF] Route matched with {action = "Update", controller = "QuizAPI"}. Executing controller action with signature System.Threading.Tasks.Task`1[Microsoft.AspNetCore.Mvc.IActionResult] Update(Int32, api.DTOs.QuizDto) on controller api.Controllers.QuizAPIController (api).
2025-10-29 10:48:43.537 +01:00 [INF] Executing OkObjectResult, writing value of type 'api.Models.Quiz'.
2025-10-29 10:48:43.544 +01:00 [INF] Executed action api.Controllers.QuizAPIController.Update (api) in 258.966ms
2025-10-29 10:48:43.544 +01:00 [INF] Executed endpoint 'api.Controllers.QuizAPIController.Update (api)'
2025-10-29 10:48:43.544 +01:00 [INF] Request finished HTTP/1.1 PUT http://localhost:5082/api/quizapi/update/5 - 200 609 application/json; charset=utf-8 275.0985ms
2025-10-29 10:48:43.561 +01:00 [INF] Request starting HTTP/1.1 GET http://localhost:5082/api/quizapi/quizlist - null null
2025-10-29 10:48:43.561 +01:00 [INF] CORS policy execution successful.
2025-10-29 10:48:43.561 +01:00 [INF] Executing endpoint 'api.Controllers.QuizAPIController.QuizList (api)'
2025-10-29 10:48:43.561 +01:00 [INF] Route matched with {action = "QuizList", controller = "QuizAPI"}. Executing controller action with signature System.Threading.Tasks.Task`1[Microsoft.AspNetCore.Mvc.IActionResult] QuizList() on controller api.Controllers.QuizAPIController (api).
2025-10-29 10:48:43.565 +01:00 [INF] Executing OkObjectResult, writing value of type 'System.Linq.Enumerable+SelectListIterator`2[[api.Models.Quiz, api, Version=1.0.0.0, Culture=neutral, PublicKeyToken=null],[api.DTOs.QuizDto, api, Version=1.0.0.0, Culture=neutral, PublicKeyToken=null]]'.
2025-10-29 10:48:43.566 +01:00 [INF] Executed action api.Controllers.QuizAPIController.QuizList (api) in 4.3546ms
2025-10-29 10:48:43.566 +01:00 [INF] Executed endpoint 'api.Controllers.QuizAPIController.QuizList (api)'
2025-10-29 10:48:43.566 +01:00 [INF] Request finished HTTP/1.1 GET http://localhost:5082/api/quizapi/quizlist - 200 208 application/json; charset=utf-8 5.3763ms
2025-10-29 10:48:43.569 +01:00 [INF] Request starting HTTP/1.1 GET http://localhost:5082/api/quizapi/quizlist - null null
2025-10-29 10:48:43.570 +01:00 [INF] CORS policy execution successful.
2025-10-29 10:48:43.570 +01:00 [INF] Executing endpoint 'api.Controllers.QuizAPIController.QuizList (api)'
2025-10-29 10:48:43.570 +01:00 [INF] Route matched with {action = "QuizList", controller = "QuizAPI"}. Executing controller action with signature System.Threading.Tasks.Task`1[Microsoft.AspNetCore.Mvc.IActionResult] QuizList() on controller api.Controllers.QuizAPIController (api).
2025-10-29 10:48:43.573 +01:00 [INF] Executing OkObjectResult, writing value of type 'System.Linq.Enumerable+SelectListIterator`2[[api.Models.Quiz, api, Version=1.0.0.0, Culture=neutral, PublicKeyToken=null],[api.DTOs.QuizDto, api, Version=1.0.0.0, Culture=neutral, PublicKeyToken=null]]'.
2025-10-29 10:48:43.573 +01:00 [INF] Executed action api.Controllers.QuizAPIController.QuizList (api) in 3.0371ms
2025-10-29 10:48:43.573 +01:00 [INF] Executed endpoint 'api.Controllers.QuizAPIController.QuizList (api)'
2025-10-29 10:48:43.574 +01:00 [INF] Request finished HTTP/1.1 GET http://localhost:5082/api/quizapi/quizlist - 200 208 application/json; charset=utf-8 4.1945ms
2025-10-29 10:48:45.207 +01:00 [INF] Request starting HTTP/1.1 GET http://localhost:5082/api/quizapi/5 - null null
2025-10-29 10:48:45.207 +01:00 [INF] CORS policy execution successful.
2025-10-29 10:48:45.207 +01:00 [INF] Executing endpoint 'api.Controllers.QuizAPIController.GetQuiz (api)'
2025-10-29 10:48:45.207 +01:00 [INF] Route matched with {action = "GetQuiz", controller = "QuizAPI"}. Executing controller action with signature System.Threading.Tasks.Task`1[Microsoft.AspNetCore.Mvc.IActionResult] GetQuiz(Int32) on controller api.Controllers.QuizAPIController (api).
2025-10-29 10:48:45.210 +01:00 [INF] Executing OkObjectResult, writing value of type 'api.DTOs.QuizDto'.
2025-10-29 10:48:45.210 +01:00 [INF] Executed action api.Controllers.QuizAPIController.GetQuiz (api) in 2.9846ms
2025-10-29 10:48:45.211 +01:00 [INF] Executed endpoint 'api.Controllers.QuizAPIController.GetQuiz (api)'
2025-10-29 10:48:45.211 +01:00 [INF] Request finished HTTP/1.1 GET http://localhost:5082/api/quizapi/5 - 200 491 application/json; charset=utf-8 3.9717ms
2025-10-29 10:48:45.212 +01:00 [INF] Request starting HTTP/1.1 GET http://localhost:5082/api/quizapi/5 - null null
2025-10-29 10:48:45.213 +01:00 [INF] CORS policy execution successful.
2025-10-29 10:48:45.213 +01:00 [INF] Executing endpoint 'api.Controllers.QuizAPIController.GetQuiz (api)'
2025-10-29 10:48:45.213 +01:00 [INF] Route matched with {action = "GetQuiz", controller = "QuizAPI"}. Executing controller action with signature System.Threading.Tasks.Task`1[Microsoft.AspNetCore.Mvc.IActionResult] GetQuiz(Int32) on controller api.Controllers.QuizAPIController (api).
2025-10-29 10:48:45.215 +01:00 [INF] Executing OkObjectResult, writing value of type 'api.DTOs.QuizDto'.
2025-10-29 10:48:45.216 +01:00 [INF] Executed action api.Controllers.QuizAPIController.GetQuiz (api) in 2.7809ms
2025-10-29 10:48:45.216 +01:00 [INF] Executed endpoint 'api.Controllers.QuizAPIController.GetQuiz (api)'
2025-10-29 10:48:45.216 +01:00 [INF] Request finished HTTP/1.1 GET http://localhost:5082/api/quizapi/5 - 200 491 application/json; charset=utf-8 3.8028ms
2025-10-29 10:48:46.551 +01:00 [INF] Request starting HTTP/1.1 GET http://localhost:5082/api/quizapi/quizlist - null null
2025-10-29 10:48:46.551 +01:00 [INF] CORS policy execution successful.
2025-10-29 10:48:46.551 +01:00 [INF] Executing endpoint 'api.Controllers.QuizAPIController.QuizList (api)'
2025-10-29 10:48:46.552 +01:00 [INF] Route matched with {action = "QuizList", controller = "QuizAPI"}. Executing controller action with signature System.Threading.Tasks.Task`1[Microsoft.AspNetCore.Mvc.IActionResult] QuizList() on controller api.Controllers.QuizAPIController (api).
2025-10-29 10:48:46.556 +01:00 [INF] Executing OkObjectResult, writing value of type 'System.Linq.Enumerable+SelectListIterator`2[[api.Models.Quiz, api, Version=1.0.0.0, Culture=neutral, PublicKeyToken=null],[api.DTOs.QuizDto, api, Version=1.0.0.0, Culture=neutral, PublicKeyToken=null]]'.
2025-10-29 10:48:46.557 +01:00 [INF] Executed action api.Controllers.QuizAPIController.QuizList (api) in 5.0167ms
2025-10-29 10:48:46.557 +01:00 [INF] Executed endpoint 'api.Controllers.QuizAPIController.QuizList (api)'
2025-10-29 10:48:46.557 +01:00 [INF] Request finished HTTP/1.1 GET http://localhost:5082/api/quizapi/quizlist - 200 208 application/json; charset=utf-8 5.8559ms
2025-10-29 10:48:46.559 +01:00 [INF] Request starting HTTP/1.1 GET http://localhost:5082/api/quizapi/quizlist - null null
2025-10-29 10:48:46.559 +01:00 [INF] CORS policy execution successful.
2025-10-29 10:48:46.559 +01:00 [INF] Executing endpoint 'api.Controllers.QuizAPIController.QuizList (api)'
2025-10-29 10:48:46.559 +01:00 [INF] Route matched with {action = "QuizList", controller = "QuizAPI"}. Executing controller action with signature System.Threading.Tasks.Task`1[Microsoft.AspNetCore.Mvc.IActionResult] QuizList() on controller api.Controllers.QuizAPIController (api).
2025-10-29 10:48:46.562 +01:00 [INF] Executing OkObjectResult, writing value of type 'System.Linq.Enumerable+SelectListIterator`2[[api.Models.Quiz, api, Version=1.0.0.0, Culture=neutral, PublicKeyToken=null],[api.DTOs.QuizDto, api, Version=1.0.0.0, Culture=neutral, PublicKeyToken=null]]'.
2025-10-29 10:48:46.562 +01:00 [INF] Executed action api.Controllers.QuizAPIController.QuizList (api) in 3.2739ms
2025-10-29 10:48:46.563 +01:00 [INF] Executed endpoint 'api.Controllers.QuizAPIController.QuizList (api)'
2025-10-29 10:48:46.563 +01:00 [INF] Request finished HTTP/1.1 GET http://localhost:5082/api/quizapi/quizlist - 200 208 application/json; charset=utf-8 4.0452ms
2025-10-29 10:48:58.144 +01:00 [INF] Application is shutting down...
