2025-11-03 17:41:22.215 +01:00 [INF] User profile is available. Using 'C:\Users\Aliza Mudassar\AppData\Local\ASP.NET\DataProtection-Keys' as key repository and Windows DPAPI to encrypt keys at rest.
2025-11-03 17:41:22.690 +01:00 [INF] Now listening on: http://localhost:5082
2025-11-03 17:41:22.699 +01:00 [INF] Application started. Press Ctrl+C to shut down.
2025-11-03 17:41:22.700 +01:00 [INF] Hosting environment: Development
2025-11-03 17:41:22.701 +01:00 [INF] Content root path: C:\Users\Aliza Mudassar\OneDrive - OsloMet\webapplikasjoner\EXAMFAM\api
2025-11-03 17:41:49.845 +01:00 [INF] Request starting HTTP/1.1 GET http://localhost:5082/api/takequizapi/takequizlist - null null
2025-11-03 17:41:50.375 +01:00 [INF] CORS policy execution successful.
2025-11-03 17:41:50.798 +01:00 [INF] Executing endpoint 'api.Controllers.TakeQuizApiController.GetAllQuizzes (api)'
2025-11-03 17:41:50.941 +01:00 [INF] Route matched with {action = "GetAllQuizzes", controller = "TakeQuizApi"}. Executing controller action with signature System.Threading.Tasks.Task`1[Microsoft.AspNetCore.Mvc.IActionResult] GetAllQuizzes() on controller api.Controllers.TakeQuizApiController (api).
2025-11-03 17:41:56.614 +01:00 [INF] Request starting HTTP/1.1 GET http://localhost:5082/api/quizapi/quizlist - null null
2025-11-03 17:41:56.622 +01:00 [INF] CORS policy execution successful.
2025-11-03 17:41:56.629 +01:00 [INF] Executing endpoint 'api.Controllers.QuizAPIController.QuizList (api)'
2025-11-03 17:41:56.637 +01:00 [INF] Route matched with {action = "QuizList", controller = "QuizAPI"}. Executing controller action with signature System.Threading.Tasks.Task`1[Microsoft.AspNetCore.Mvc.IActionResult] QuizList() on controller api.Controllers.QuizAPIController (api).
2025-11-03 17:41:57.528 +01:00 [WRN] Compiling a query which loads related collections for more than one collection navigation, either via 'Include' or through projection, but no 'QuerySplittingBehavior' has been configured. By default, Entity Framework will use 'QuerySplittingBehavior.SingleQuery', which can potentially result in slow query performance. See https://go.microsoft.com/fwlink/?linkid=2134277 for more information. To identify the query that's triggering this warning call 'ConfigureWarnings(w => w.Throw(RelationalEventId.MultipleCollectionIncludeWarning))'.
2025-11-03 17:41:58.088 +01:00 [INF] Executing OkObjectResult, writing value of type 'System.Collections.Generic.List`1[[api.DTOs.QuizDto, api, Version=1.0.0.0, Culture=neutral, PublicKeyToken=null]]'.
2025-11-03 17:41:58.088 +01:00 [INF] Executing OkObjectResult, writing value of type 'System.Linq.Enumerable+SelectListIterator`2[[api.Models.Quiz, api, Version=1.0.0.0, Culture=neutral, PublicKeyToken=null],[api.DTOs.QuizDto, api, Version=1.0.0.0, Culture=neutral, PublicKeyToken=null]]'.
2025-11-03 17:41:58.414 +01:00 [INF] Executed action api.Controllers.TakeQuizApiController.GetAllQuizzes (api) in 7460.949ms
2025-11-03 17:41:58.414 +01:00 [INF] Executed action api.Controllers.QuizAPIController.QuizList (api) in 1772.0404ms
2025-11-03 17:41:58.423 +01:00 [INF] Executed endpoint 'api.Controllers.TakeQuizApiController.GetAllQuizzes (api)'
2025-11-03 17:41:58.423 +01:00 [INF] Executed endpoint 'api.Controllers.QuizAPIController.QuizList (api)'
2025-11-03 17:41:58.452 +01:00 [INF] Request finished HTTP/1.1 GET http://localhost:5082/api/takequizapi/takequizlist - 200 284 application/json; charset=utf-8 8611.1886ms
2025-11-03 17:41:58.460 +01:00 [INF] Request starting HTTP/1.1 GET http://localhost:5082/api/takequizapi/takequizlist - null null
2025-11-03 17:41:58.463 +01:00 [INF] Request finished HTTP/1.1 GET http://localhost:5082/api/quizapi/quizlist - 200 284 application/json; charset=utf-8 1836.2709ms
2025-11-03 17:41:58.464 +01:00 [INF] Request starting HTTP/1.1 GET http://localhost:5082/api/quizapi/quizlist - null null
2025-11-03 17:41:58.466 +01:00 [INF] CORS policy execution successful.
2025-11-03 17:41:58.467 +01:00 [INF] CORS policy execution successful.
2025-11-03 17:41:58.475 +01:00 [INF] Executing endpoint 'api.Controllers.TakeQuizApiController.GetAllQuizzes (api)'
2025-11-03 17:41:58.475 +01:00 [INF] Executing endpoint 'api.Controllers.QuizAPIController.QuizList (api)'
2025-11-03 17:41:58.475 +01:00 [INF] Route matched with {action = "GetAllQuizzes", controller = "TakeQuizApi"}. Executing controller action with signature System.Threading.Tasks.Task`1[Microsoft.AspNetCore.Mvc.IActionResult] GetAllQuizzes() on controller api.Controllers.TakeQuizApiController (api).
2025-11-03 17:41:58.476 +01:00 [INF] Route matched with {action = "QuizList", controller = "QuizAPI"}. Executing controller action with signature System.Threading.Tasks.Task`1[Microsoft.AspNetCore.Mvc.IActionResult] QuizList() on controller api.Controllers.QuizAPIController (api).
2025-11-03 17:41:58.778 +01:00 [INF] Executing OkObjectResult, writing value of type 'System.Linq.Enumerable+SelectListIterator`2[[api.Models.Quiz, api, Version=1.0.0.0, Culture=neutral, PublicKeyToken=null],[api.DTOs.QuizDto, api, Version=1.0.0.0, Culture=neutral, PublicKeyToken=null]]'.
2025-11-03 17:41:58.780 +01:00 [INF] Executed action api.Controllers.QuizAPIController.QuizList (api) in 304.2119ms
2025-11-03 17:41:58.781 +01:00 [INF] Executed endpoint 'api.Controllers.QuizAPIController.QuizList (api)'
2025-11-03 17:41:58.781 +01:00 [INF] Request finished HTTP/1.1 GET http://localhost:5082/api/quizapi/quizlist - 200 284 application/json; charset=utf-8 317.1773ms
2025-11-03 17:41:58.781 +01:00 [INF] Executing OkObjectResult, writing value of type 'System.Collections.Generic.List`1[[api.DTOs.QuizDto, api, Version=1.0.0.0, Culture=neutral, PublicKeyToken=null]]'.
2025-11-03 17:41:58.783 +01:00 [INF] Executed action api.Controllers.TakeQuizApiController.GetAllQuizzes (api) in 307.4237ms
2025-11-03 17:41:58.784 +01:00 [INF] Executed endpoint 'api.Controllers.TakeQuizApiController.GetAllQuizzes (api)'
2025-11-03 17:41:58.785 +01:00 [INF] Request finished HTTP/1.1 GET http://localhost:5082/api/takequizapi/takequizlist - 200 284 application/json; charset=utf-8 325.0187ms
2025-11-03 17:41:59.565 +01:00 [INF] Request starting HTTP/1.1 GET http://localhost:5082/api/takequizapi/takequizlist - null null
2025-11-03 17:41:59.565 +01:00 [INF] CORS policy execution successful.
2025-11-03 17:41:59.566 +01:00 [INF] Executing endpoint 'api.Controllers.TakeQuizApiController.GetAllQuizzes (api)'
2025-11-03 17:41:59.566 +01:00 [INF] Route matched with {action = "GetAllQuizzes", controller = "TakeQuizApi"}. Executing controller action with signature System.Threading.Tasks.Task`1[Microsoft.AspNetCore.Mvc.IActionResult] GetAllQuizzes() on controller api.Controllers.TakeQuizApiController (api).
2025-11-03 17:41:59.598 +01:00 [INF] Executing OkObjectResult, writing value of type 'System.Collections.Generic.List`1[[api.DTOs.QuizDto, api, Version=1.0.0.0, Culture=neutral, PublicKeyToken=null]]'.
2025-11-03 17:41:59.599 +01:00 [INF] Executed action api.Controllers.TakeQuizApiController.GetAllQuizzes (api) in 32.3213ms
2025-11-03 17:41:59.599 +01:00 [INF] Executed endpoint 'api.Controllers.TakeQuizApiController.GetAllQuizzes (api)'
2025-11-03 17:41:59.600 +01:00 [INF] Request finished HTTP/1.1 GET http://localhost:5082/api/takequizapi/takequizlist - 200 284 application/json; charset=utf-8 35.4751ms
2025-11-03 17:41:59.757 +01:00 [INF] Request starting HTTP/1.1 GET http://localhost:5082/api/takequizapi/takequizlist - null null
2025-11-03 17:41:59.757 +01:00 [INF] CORS policy execution successful.
2025-11-03 17:41:59.758 +01:00 [INF] Executing endpoint 'api.Controllers.TakeQuizApiController.GetAllQuizzes (api)'
2025-11-03 17:41:59.758 +01:00 [INF] Route matched with {action = "GetAllQuizzes", controller = "TakeQuizApi"}. Executing controller action with signature System.Threading.Tasks.Task`1[Microsoft.AspNetCore.Mvc.IActionResult] GetAllQuizzes() on controller api.Controllers.TakeQuizApiController (api).
2025-11-03 17:41:59.776 +01:00 [INF] Executing OkObjectResult, writing value of type 'System.Collections.Generic.List`1[[api.DTOs.QuizDto, api, Version=1.0.0.0, Culture=neutral, PublicKeyToken=null]]'.
2025-11-03 17:41:59.778 +01:00 [INF] Executed action api.Controllers.TakeQuizApiController.GetAllQuizzes (api) in 19.6377ms
2025-11-03 17:41:59.779 +01:00 [INF] Executed endpoint 'api.Controllers.TakeQuizApiController.GetAllQuizzes (api)'
2025-11-03 17:41:59.779 +01:00 [INF] Request finished HTTP/1.1 GET http://localhost:5082/api/takequizapi/takequizlist - 200 284 application/json; charset=utf-8 22.465ms
2025-11-03 17:42:01.478 +01:00 [INF] Request starting HTTP/1.1 GET http://localhost:5082/api/takequizapi/attempts/2 - null null
2025-11-03 17:42:01.478 +01:00 [INF] CORS policy execution successful.
2025-11-03 17:42:01.479 +01:00 [INF] Executing endpoint 'api.Controllers.TakeQuizApiController.GetAttempts (api)'
2025-11-03 17:42:01.540 +01:00 [INF] Route matched with {action = "GetAttempts", controller = "TakeQuizApi"}. Executing controller action with signature System.Threading.Tasks.Task`1[Microsoft.AspNetCore.Mvc.IActionResult] GetAttempts(Int32) on controller api.Controllers.TakeQuizApiController (api).
2025-11-03 17:42:01.745 +01:00 [WRN] Compiling a query which loads related collections for more than one collection navigation, either via 'Include' or through projection, but no 'QuerySplittingBehavior' has been configured. By default, Entity Framework will use 'QuerySplittingBehavior.SingleQuery', which can potentially result in slow query performance. See https://go.microsoft.com/fwlink/?linkid=2134277 for more information. To identify the query that's triggering this warning call 'ConfigureWarnings(w => w.Throw(RelationalEventId.MultipleCollectionIncludeWarning))'.
2025-11-03 17:42:01.987 +01:00 [INF] Executing OkObjectResult, writing value of type 'System.Collections.Generic.List`1[[api.DTOs.QuizResultDto, api, Version=1.0.0.0, Culture=neutral, PublicKeyToken=null]]'.
2025-11-03 17:42:02.000 +01:00 [INF] Executed action api.Controllers.TakeQuizApiController.GetAttempts (api) in 459.2868ms
2025-11-03 17:42:02.000 +01:00 [INF] Executed endpoint 'api.Controllers.TakeQuizApiController.GetAttempts (api)'
2025-11-03 17:42:02.003 +01:00 [INF] Request finished HTTP/1.1 GET http://localhost:5082/api/takequizapi/attempts/2 - 200 1958 application/json; charset=utf-8 523.0937ms
2025-11-03 17:42:02.084 +01:00 [INF] Request starting HTTP/1.1 GET http://localhost:5082/api/takequizapi/attempts/2 - null null
2025-11-03 17:42:02.085 +01:00 [INF] CORS policy execution successful.
2025-11-03 17:42:02.085 +01:00 [INF] Executing endpoint 'api.Controllers.TakeQuizApiController.GetAttempts (api)'
2025-11-03 17:42:02.086 +01:00 [INF] Route matched with {action = "GetAttempts", controller = "TakeQuizApi"}. Executing controller action with signature System.Threading.Tasks.Task`1[Microsoft.AspNetCore.Mvc.IActionResult] GetAttempts(Int32) on controller api.Controllers.TakeQuizApiController (api).
2025-11-03 17:42:02.170 +01:00 [INF] Executing OkObjectResult, writing value of type 'System.Collections.Generic.List`1[[api.DTOs.QuizResultDto, api, Version=1.0.0.0, Culture=neutral, PublicKeyToken=null]]'.
2025-11-03 17:42:02.172 +01:00 [INF] Executed action api.Controllers.TakeQuizApiController.GetAttempts (api) in 83.4871ms
2025-11-03 17:42:02.172 +01:00 [INF] Executed endpoint 'api.Controllers.TakeQuizApiController.GetAttempts (api)'
2025-11-03 17:42:02.172 +01:00 [INF] Request finished HTTP/1.1 GET http://localhost:5082/api/takequizapi/attempts/2 - 200 1958 application/json; charset=utf-8 88.194ms
2025-11-03 17:42:05.975 +01:00 [INF] Request starting HTTP/1.1 OPTIONS http://localhost:5082/api/takequizapi/attempt/27 - null null
2025-11-03 17:42:05.976 +01:00 [INF] CORS policy execution successful.
2025-11-03 17:42:05.977 +01:00 [INF] Request finished HTTP/1.1 OPTIONS http://localhost:5082/api/takequizapi/attempt/27 - 204 null null 3.7347ms
2025-11-03 17:42:06.181 +01:00 [INF] Request starting HTTP/1.1 DELETE http://localhost:5082/api/takequizapi/attempt/27 - null null
2025-11-03 17:42:06.181 +01:00 [INF] CORS policy execution successful.
2025-11-03 17:42:06.182 +01:00 [INF] Executing endpoint 'api.Controllers.TakeQuizApiController.DeleteAttempt (api)'
2025-11-03 17:42:06.196 +01:00 [INF] Route matched with {action = "DeleteAttempt", controller = "TakeQuizApi"}. Executing controller action with signature System.Threading.Tasks.Task`1[Microsoft.AspNetCore.Mvc.IActionResult] DeleteAttempt(Int32) on controller api.Controllers.TakeQuizApiController (api).
2025-11-03 17:42:06.851 +01:00 [INF] [QuizRepository] Attempt 27 deleted successfully
2025-11-03 17:42:06.853 +01:00 [INF] Executing OkObjectResult, writing value of type '<>f__AnonymousType4`1[[System.String, System.Private.CoreLib, Version=8.0.0.0, Culture=neutral, PublicKeyToken=7cec85d7bea7798e]]'.
2025-11-03 17:42:06.907 +01:00 [INF] Executed action api.Controllers.TakeQuizApiController.DeleteAttempt (api) in 710.7998ms
2025-11-03 17:42:06.907 +01:00 [INF] Executed endpoint 'api.Controllers.TakeQuizApiController.DeleteAttempt (api)'
2025-11-03 17:42:06.908 +01:00 [INF] Request finished HTTP/1.1 DELETE http://localhost:5082/api/takequizapi/attempt/27 - 200 42 application/json; charset=utf-8 727.1187ms
2025-11-03 17:42:19.927 +01:00 [INF] Request starting HTTP/1.1 OPTIONS http://localhost:5082/api/takequizapi/attempt/30 - null null
2025-11-03 17:42:19.937 +01:00 [INF] CORS policy execution successful.
2025-11-03 17:42:19.938 +01:00 [INF] Request finished HTTP/1.1 OPTIONS http://localhost:5082/api/takequizapi/attempt/30 - 204 null null 10.8337ms
2025-11-03 17:42:19.947 +01:00 [INF] Request starting HTTP/1.1 DELETE http://localhost:5082/api/takequizapi/attempt/30 - null null
2025-11-03 17:42:19.947 +01:00 [INF] CORS policy execution successful.
2025-11-03 17:42:19.948 +01:00 [INF] Executing endpoint 'api.Controllers.TakeQuizApiController.DeleteAttempt (api)'
2025-11-03 17:42:19.948 +01:00 [INF] Route matched with {action = "DeleteAttempt", controller = "TakeQuizApi"}. Executing controller action with signature System.Threading.Tasks.Task`1[Microsoft.AspNetCore.Mvc.IActionResult] DeleteAttempt(Int32) on controller api.Controllers.TakeQuizApiController (api).
2025-11-03 17:42:19.999 +01:00 [INF] [QuizRepository] Attempt 30 deleted successfully
2025-11-03 17:42:19.999 +01:00 [INF] Executing OkObjectResult, writing value of type '<>f__AnonymousType4`1[[System.String, System.Private.CoreLib, Version=8.0.0.0, Culture=neutral, PublicKeyToken=7cec85d7bea7798e]]'.
2025-11-03 17:42:20.000 +01:00 [INF] Executed action api.Controllers.TakeQuizApiController.DeleteAttempt (api) in 51.3164ms
2025-11-03 17:42:20.004 +01:00 [INF] Executed endpoint 'api.Controllers.TakeQuizApiController.DeleteAttempt (api)'
2025-11-03 17:42:20.005 +01:00 [INF] Request finished HTTP/1.1 DELETE http://localhost:5082/api/takequizapi/attempt/30 - 200 42 application/json; charset=utf-8 58.6459ms
2025-11-03 17:42:45.595 +01:00 [INF] Request starting HTTP/1.1 GET http://localhost:5082/api/takequizapi/takequizlist - null null
2025-11-03 17:42:45.596 +01:00 [INF] CORS policy execution successful.
2025-11-03 17:42:45.597 +01:00 [INF] Executing endpoint 'api.Controllers.TakeQuizApiController.GetAllQuizzes (api)'
2025-11-03 17:42:45.598 +01:00 [INF] Route matched with {action = "GetAllQuizzes", controller = "TakeQuizApi"}. Executing controller action with signature System.Threading.Tasks.Task`1[Microsoft.AspNetCore.Mvc.IActionResult] GetAllQuizzes() on controller api.Controllers.TakeQuizApiController (api).
2025-11-03 17:42:45.618 +01:00 [INF] Executing OkObjectResult, writing value of type 'System.Collections.Generic.List`1[[api.DTOs.QuizDto, api, Version=1.0.0.0, Culture=neutral, PublicKeyToken=null]]'.
2025-11-03 17:42:45.620 +01:00 [INF] Executed action api.Controllers.TakeQuizApiController.GetAllQuizzes (api) in 22.0897ms
2025-11-03 17:42:45.621 +01:00 [INF] Executed endpoint 'api.Controllers.TakeQuizApiController.GetAllQuizzes (api)'
2025-11-03 17:42:45.621 +01:00 [INF] Request finished HTTP/1.1 GET http://localhost:5082/api/takequizapi/takequizlist - 200 284 application/json; charset=utf-8 26.331ms
2025-11-03 17:42:45.881 +01:00 [INF] Request starting HTTP/1.1 GET http://localhost:5082/api/takequizapi/takequizlist - null null
2025-11-03 17:42:45.882 +01:00 [INF] CORS policy execution successful.
2025-11-03 17:42:45.883 +01:00 [INF] Executing endpoint 'api.Controllers.TakeQuizApiController.GetAllQuizzes (api)'
2025-11-03 17:42:45.884 +01:00 [INF] Route matched with {action = "GetAllQuizzes", controller = "TakeQuizApi"}. Executing controller action with signature System.Threading.Tasks.Task`1[Microsoft.AspNetCore.Mvc.IActionResult] GetAllQuizzes() on controller api.Controllers.TakeQuizApiController (api).
2025-11-03 17:42:45.916 +01:00 [INF] Executing OkObjectResult, writing value of type 'System.Collections.Generic.List`1[[api.DTOs.QuizDto, api, Version=1.0.0.0, Culture=neutral, PublicKeyToken=null]]'.
2025-11-03 17:42:45.919 +01:00 [INF] Executed action api.Controllers.TakeQuizApiController.GetAllQuizzes (api) in 32.7571ms
2025-11-03 17:42:45.919 +01:00 [INF] Executed endpoint 'api.Controllers.TakeQuizApiController.GetAllQuizzes (api)'
2025-11-03 17:42:45.920 +01:00 [INF] Request finished HTTP/1.1 GET http://localhost:5082/api/takequizapi/takequizlist - 200 284 application/json; charset=utf-8 38.7458ms
2025-11-03 17:44:22.062 +01:00 [INF] Request starting HTTP/1.1 GET http://localhost:5082/api/takequizapi/attempts/2 - null null
2025-11-03 17:44:22.067 +01:00 [INF] CORS policy execution successful.
2025-11-03 17:44:22.070 +01:00 [INF] Executing endpoint 'api.Controllers.TakeQuizApiController.GetAttempts (api)'
2025-11-03 17:44:22.071 +01:00 [INF] Route matched with {action = "GetAttempts", controller = "TakeQuizApi"}. Executing controller action with signature System.Threading.Tasks.Task`1[Microsoft.AspNetCore.Mvc.IActionResult] GetAttempts(Int32) on controller api.Controllers.TakeQuizApiController (api).
2025-11-03 17:44:22.113 +01:00 [INF] Executing OkObjectResult, writing value of type 'System.Collections.Generic.List`1[[api.DTOs.QuizResultDto, api, Version=1.0.0.0, Culture=neutral, PublicKeyToken=null]]'.
2025-11-03 17:44:22.124 +01:00 [INF] Executed action api.Controllers.TakeQuizApiController.GetAttempts (api) in 52.2491ms
2025-11-03 17:44:22.124 +01:00 [INF] Executed endpoint 'api.Controllers.TakeQuizApiController.GetAttempts (api)'
2025-11-03 17:44:22.128 +01:00 [INF] Request finished HTTP/1.1 GET http://localhost:5082/api/takequizapi/attempts/2 - 200 1765 application/json; charset=utf-8 65.0818ms
2025-11-03 17:44:22.176 +01:00 [INF] Request starting HTTP/1.1 GET http://localhost:5082/api/takequizapi/attempts/2 - null null
2025-11-03 17:44:22.203 +01:00 [INF] CORS policy execution successful.
2025-11-03 17:44:22.204 +01:00 [INF] Executing endpoint 'api.Controllers.TakeQuizApiController.GetAttempts (api)'
2025-11-03 17:44:22.204 +01:00 [INF] Route matched with {action = "GetAttempts", controller = "TakeQuizApi"}. Executing controller action with signature System.Threading.Tasks.Task`1[Microsoft.AspNetCore.Mvc.IActionResult] GetAttempts(Int32) on controller api.Controllers.TakeQuizApiController (api).
2025-11-03 17:44:22.222 +01:00 [INF] Executing OkObjectResult, writing value of type 'System.Collections.Generic.List`1[[api.DTOs.QuizResultDto, api, Version=1.0.0.0, Culture=neutral, PublicKeyToken=null]]'.
2025-11-03 17:44:22.223 +01:00 [INF] Executed action api.Controllers.TakeQuizApiController.GetAttempts (api) in 18.8242ms
2025-11-03 17:44:22.224 +01:00 [INF] Executed endpoint 'api.Controllers.TakeQuizApiController.GetAttempts (api)'
2025-11-03 17:44:22.224 +01:00 [INF] Request finished HTTP/1.1 GET http://localhost:5082/api/takequizapi/attempts/2 - 200 1765 application/json; charset=utf-8 48.4283ms
2025-11-03 17:44:29.319 +01:00 [INF] Request starting HTTP/1.1 OPTIONS http://localhost:5082/api/takequizapi/attempt/26 - null null
2025-11-03 17:44:29.320 +01:00 [INF] CORS policy execution successful.
2025-11-03 17:44:29.321 +01:00 [INF] Request finished HTTP/1.1 OPTIONS http://localhost:5082/api/takequizapi/attempt/26 - 204 null null 2.2436ms
2025-11-03 17:44:29.330 +01:00 [INF] Request starting HTTP/1.1 DELETE http://localhost:5082/api/takequizapi/attempt/26 - null null
2025-11-03 17:44:29.330 +01:00 [INF] CORS policy execution successful.
2025-11-03 17:44:29.331 +01:00 [INF] Executing endpoint 'api.Controllers.TakeQuizApiController.DeleteAttempt (api)'
2025-11-03 17:44:29.332 +01:00 [INF] Route matched with {action = "DeleteAttempt", controller = "TakeQuizApi"}. Executing controller action with signature System.Threading.Tasks.Task`1[Microsoft.AspNetCore.Mvc.IActionResult] DeleteAttempt(Int32) on controller api.Controllers.TakeQuizApiController (api).
2025-11-03 17:44:29.365 +01:00 [INF] [QuizRepository] Attempt 26 deleted successfully
2025-11-03 17:44:29.366 +01:00 [INF] Executing OkObjectResult, writing value of type '<>f__AnonymousType4`1[[System.String, System.Private.CoreLib, Version=8.0.0.0, Culture=neutral, PublicKeyToken=7cec85d7bea7798e]]'.
2025-11-03 17:44:29.366 +01:00 [INF] Executed action api.Controllers.TakeQuizApiController.DeleteAttempt (api) in 34.0866ms
2025-11-03 17:44:29.367 +01:00 [INF] Executed endpoint 'api.Controllers.TakeQuizApiController.DeleteAttempt (api)'
2025-11-03 17:44:29.367 +01:00 [INF] Request finished HTTP/1.1 DELETE http://localhost:5082/api/takequizapi/attempt/26 - 200 42 application/json; charset=utf-8 37.7674ms
2025-11-03 17:44:36.813 +01:00 [INF] Request starting HTTP/1.1 OPTIONS http://localhost:5082/api/takequizapi/attempt/24 - null null
2025-11-03 17:44:36.813 +01:00 [INF] CORS policy execution successful.
2025-11-03 17:44:36.813 +01:00 [INF] Request finished HTTP/1.1 OPTIONS http://localhost:5082/api/takequizapi/attempt/24 - 204 null null 0.5615ms
2025-11-03 17:44:36.829 +01:00 [INF] Request starting HTTP/1.1 DELETE http://localhost:5082/api/takequizapi/attempt/24 - null null
2025-11-03 17:44:36.829 +01:00 [INF] CORS policy execution successful.
2025-11-03 17:44:36.829 +01:00 [INF] Executing endpoint 'api.Controllers.TakeQuizApiController.DeleteAttempt (api)'
2025-11-03 17:44:36.830 +01:00 [INF] Route matched with {action = "DeleteAttempt", controller = "TakeQuizApi"}. Executing controller action with signature System.Threading.Tasks.Task`1[Microsoft.AspNetCore.Mvc.IActionResult] DeleteAttempt(Int32) on controller api.Controllers.TakeQuizApiController (api).
2025-11-03 17:44:36.857 +01:00 [INF] [QuizRepository] Attempt 24 deleted successfully
2025-11-03 17:44:36.858 +01:00 [INF] Executing OkObjectResult, writing value of type '<>f__AnonymousType4`1[[System.String, System.Private.CoreLib, Version=8.0.0.0, Culture=neutral, PublicKeyToken=7cec85d7bea7798e]]'.
2025-11-03 17:44:36.858 +01:00 [INF] Executed action api.Controllers.TakeQuizApiController.DeleteAttempt (api) in 28.0593ms
2025-11-03 17:44:36.858 +01:00 [INF] Executed endpoint 'api.Controllers.TakeQuizApiController.DeleteAttempt (api)'
2025-11-03 17:44:36.858 +01:00 [INF] Request finished HTTP/1.1 DELETE http://localhost:5082/api/takequizapi/attempt/24 - 200 42 application/json; charset=utf-8 29.9795ms
2025-11-03 17:44:44.120 +01:00 [INF] Request starting HTTP/1.1 GET http://localhost:5082/api/takequizapi/takequizlist - null null
2025-11-03 17:44:44.120 +01:00 [INF] CORS policy execution successful.
2025-11-03 17:44:44.121 +01:00 [INF] Executing endpoint 'api.Controllers.TakeQuizApiController.GetAllQuizzes (api)'
2025-11-03 17:44:44.121 +01:00 [INF] Route matched with {action = "GetAllQuizzes", controller = "TakeQuizApi"}. Executing controller action with signature System.Threading.Tasks.Task`1[Microsoft.AspNetCore.Mvc.IActionResult] GetAllQuizzes() on controller api.Controllers.TakeQuizApiController (api).
2025-11-03 17:44:44.132 +01:00 [INF] Executing OkObjectResult, writing value of type 'System.Collections.Generic.List`1[[api.DTOs.QuizDto, api, Version=1.0.0.0, Culture=neutral, PublicKeyToken=null]]'.
2025-11-03 17:44:44.132 +01:00 [INF] Executed action api.Controllers.TakeQuizApiController.GetAllQuizzes (api) in 11.1945ms
2025-11-03 17:44:44.132 +01:00 [INF] Executed endpoint 'api.Controllers.TakeQuizApiController.GetAllQuizzes (api)'
2025-11-03 17:44:44.133 +01:00 [INF] Request finished HTTP/1.1 GET http://localhost:5082/api/takequizapi/takequizlist - 200 284 application/json; charset=utf-8 12.8472ms
2025-11-03 17:44:44.140 +01:00 [INF] Request starting HTTP/1.1 GET http://localhost:5082/api/takequizapi/takequizlist - null null
2025-11-03 17:44:44.174 +01:00 [INF] CORS policy execution successful.
2025-11-03 17:44:44.175 +01:00 [INF] Executing endpoint 'api.Controllers.TakeQuizApiController.GetAllQuizzes (api)'
2025-11-03 17:44:44.175 +01:00 [INF] Route matched with {action = "GetAllQuizzes", controller = "TakeQuizApi"}. Executing controller action with signature System.Threading.Tasks.Task`1[Microsoft.AspNetCore.Mvc.IActionResult] GetAllQuizzes() on controller api.Controllers.TakeQuizApiController (api).
2025-11-03 17:44:44.185 +01:00 [INF] Executing OkObjectResult, writing value of type 'System.Collections.Generic.List`1[[api.DTOs.QuizDto, api, Version=1.0.0.0, Culture=neutral, PublicKeyToken=null]]'.
2025-11-03 17:44:44.185 +01:00 [INF] Executed action api.Controllers.TakeQuizApiController.GetAllQuizzes (api) in 10.2154ms
2025-11-03 17:44:44.186 +01:00 [INF] Executed endpoint 'api.Controllers.TakeQuizApiController.GetAllQuizzes (api)'
2025-11-03 17:44:44.186 +01:00 [INF] Request finished HTTP/1.1 GET http://localhost:5082/api/takequizapi/takequizlist - 200 284 application/json; charset=utf-8 45.9379ms
2025-11-03 17:44:46.014 +01:00 [INF] Request starting HTTP/1.1 GET http://localhost:5082/api/takequizapi/2 - null null
2025-11-03 17:44:46.020 +01:00 [INF] CORS policy execution successful.
2025-11-03 17:44:46.021 +01:00 [INF] Executing endpoint 'api.Controllers.TakeQuizApiController.GetQuiz (api)'
2025-11-03 17:44:46.052 +01:00 [INF] Route matched with {action = "GetQuiz", controller = "TakeQuizApi"}. Executing controller action with signature System.Threading.Tasks.Task`1[Microsoft.AspNetCore.Mvc.IActionResult] GetQuiz(Int32) on controller api.Controllers.TakeQuizApiController (api).
2025-11-03 17:44:46.167 +01:00 [WRN] Compiling a query which loads related collections for more than one collection navigation, either via 'Include' or through projection, but no 'QuerySplittingBehavior' has been configured. By default, Entity Framework will use 'QuerySplittingBehavior.SingleQuery', which can potentially result in slow query performance. See https://go.microsoft.com/fwlink/?linkid=2134277 for more information. To identify the query that's triggering this warning call 'ConfigureWarnings(w => w.Throw(RelationalEventId.MultipleCollectionIncludeWarning))'.
2025-11-03 17:44:46.197 +01:00 [INF] Executing OkObjectResult, writing value of type 'api.DTOs.QuizDto'.
2025-11-03 17:44:46.227 +01:00 [INF] Executed action api.Controllers.TakeQuizApiController.GetQuiz (api) in 174.6759ms
2025-11-03 17:44:46.228 +01:00 [INF] Executed endpoint 'api.Controllers.TakeQuizApiController.GetQuiz (api)'
2025-11-03 17:44:46.229 +01:00 [INF] Request finished HTTP/1.1 GET http://localhost:5082/api/takequizapi/2 - 200 870 application/json; charset=utf-8 213.8848ms
2025-11-03 17:44:46.240 +01:00 [INF] Request starting HTTP/1.1 GET http://localhost:5082/api/takequizapi/2 - null null
2025-11-03 17:44:46.242 +01:00 [INF] CORS policy execution successful.
2025-11-03 17:44:46.243 +01:00 [INF] Executing endpoint 'api.Controllers.TakeQuizApiController.GetQuiz (api)'
2025-11-03 17:44:46.244 +01:00 [INF] Route matched with {action = "GetQuiz", controller = "TakeQuizApi"}. Executing controller action with signature System.Threading.Tasks.Task`1[Microsoft.AspNetCore.Mvc.IActionResult] GetQuiz(Int32) on controller api.Controllers.TakeQuizApiController (api).
2025-11-03 17:44:46.253 +01:00 [INF] Executing OkObjectResult, writing value of type 'api.DTOs.QuizDto'.
2025-11-03 17:44:46.253 +01:00 [INF] Executed action api.Controllers.TakeQuizApiController.GetQuiz (api) in 9.1318ms
2025-11-03 17:44:46.254 +01:00 [INF] Executed endpoint 'api.Controllers.TakeQuizApiController.GetQuiz (api)'
2025-11-03 17:44:46.254 +01:00 [INF] Request finished HTTP/1.1 GET http://localhost:5082/api/takequizapi/2 - 200 870 application/json; charset=utf-8 14.4424ms
2025-11-03 17:44:53.227 +01:00 [INF] Request starting HTTP/1.1 OPTIONS http://localhost:5082/api/takequizapi/submit - null null
2025-11-03 17:44:53.227 +01:00 [INF] CORS policy execution successful.
2025-11-03 17:44:53.230 +01:00 [INF] Request finished HTTP/1.1 OPTIONS http://localhost:5082/api/takequizapi/submit - 204 null null 3.0943ms
2025-11-03 17:44:53.234 +01:00 [INF] Request starting HTTP/1.1 POST http://localhost:5082/api/takequizapi/submit - application/json 67
2025-11-03 17:44:53.236 +01:00 [INF] CORS policy execution successful.
2025-11-03 17:44:53.236 +01:00 [INF] Executing endpoint 'api.Controllers.TakeQuizApiController.Submit (api)'
2025-11-03 17:44:53.259 +01:00 [INF] Route matched with {action = "Submit", controller = "TakeQuizApi"}. Executing controller action with signature System.Threading.Tasks.Task`1[Microsoft.AspNetCore.Mvc.IActionResult] Submit(api.DTOs.QuizSubmissionDto) on controller api.Controllers.TakeQuizApiController (api).
2025-11-03 17:44:53.464 +01:00 [INF] Executing OkObjectResult, writing value of type '<>f__AnonymousType3`1[[System.Int32, System.Private.CoreLib, Version=8.0.0.0, Culture=neutral, PublicKeyToken=7cec85d7bea7798e]]'.
2025-11-03 17:44:53.470 +01:00 [INF] Executed action api.Controllers.TakeQuizApiController.Submit (api) in 211.4376ms
2025-11-03 17:44:53.471 +01:00 [INF] Executed endpoint 'api.Controllers.TakeQuizApiController.Submit (api)'
2025-11-03 17:44:53.471 +01:00 [INF] Request finished HTTP/1.1 POST http://localhost:5082/api/takequizapi/submit - 200 11 application/json; charset=utf-8 237.8251ms
2025-11-03 17:44:56.071 +01:00 [INF] Request starting HTTP/1.1 OPTIONS http://localhost:5082/api/takequizapi/saveattempt - null null
2025-11-03 17:44:56.072 +01:00 [INF] CORS policy execution successful.
2025-11-03 17:44:56.073 +01:00 [INF] Request finished HTTP/1.1 OPTIONS http://localhost:5082/api/takequizapi/saveattempt - 204 null null 1.3901ms
2025-11-03 17:44:56.076 +01:00 [INF] Request starting HTTP/1.1 POST http://localhost:5082/api/takequizapi/saveattempt - application/json 38
2025-11-03 17:44:56.076 +01:00 [INF] CORS policy execution successful.
2025-11-03 17:44:56.076 +01:00 [INF] Executing endpoint 'api.Controllers.TakeQuizApiController.SaveAttempt (api)'
2025-11-03 17:44:56.086 +01:00 [INF] Route matched with {action = "SaveAttempt", controller = "TakeQuizApi"}. Executing controller action with signature System.Threading.Tasks.Task`1[Microsoft.AspNetCore.Mvc.IActionResult] SaveAttempt(api.DTOs.QuizResultDto) on controller api.Controllers.TakeQuizApiController (api).
2025-11-03 17:44:56.319 +01:00 [INF] Executing OkObjectResult, writing value of type '<>f__AnonymousType4`1[[System.String, System.Private.CoreLib, Version=8.0.0.0, Culture=neutral, PublicKeyToken=7cec85d7bea7798e]]'.
2025-11-03 17:44:56.320 +01:00 [INF] Executed action api.Controllers.TakeQuizApiController.SaveAttempt (api) in 232.9653ms
2025-11-03 17:44:56.320 +01:00 [INF] Executed endpoint 'api.Controllers.TakeQuizApiController.SaveAttempt (api)'
2025-11-03 17:44:56.321 +01:00 [INF] Request finished HTTP/1.1 POST http://localhost:5082/api/takequizapi/saveattempt - 200 40 application/json; charset=utf-8 244.7136ms
2025-11-03 17:45:00.605 +01:00 [INF] Request starting HTTP/1.1 GET http://localhost:5082/api/takequizapi/takequizlist - null null
2025-11-03 17:45:00.606 +01:00 [INF] CORS policy execution successful.
2025-11-03 17:45:00.606 +01:00 [INF] Executing endpoint 'api.Controllers.TakeQuizApiController.GetAllQuizzes (api)'
2025-11-03 17:45:00.606 +01:00 [INF] Route matched with {action = "GetAllQuizzes", controller = "TakeQuizApi"}. Executing controller action with signature System.Threading.Tasks.Task`1[Microsoft.AspNetCore.Mvc.IActionResult] GetAllQuizzes() on controller api.Controllers.TakeQuizApiController (api).
2025-11-03 17:45:00.613 +01:00 [INF] Executing OkObjectResult, writing value of type 'System.Collections.Generic.List`1[[api.DTOs.QuizDto, api, Version=1.0.0.0, Culture=neutral, PublicKeyToken=null]]'.
2025-11-03 17:45:00.614 +01:00 [INF] Executed action api.Controllers.TakeQuizApiController.GetAllQuizzes (api) in 6.9458ms
2025-11-03 17:45:00.614 +01:00 [INF] Executed endpoint 'api.Controllers.TakeQuizApiController.GetAllQuizzes (api)'
2025-11-03 17:45:00.614 +01:00 [INF] Request finished HTTP/1.1 GET http://localhost:5082/api/takequizapi/takequizlist - 200 284 application/json; charset=utf-8 10.0993ms
2025-11-03 17:45:00.642 +01:00 [INF] Request starting HTTP/1.1 GET http://localhost:5082/api/takequizapi/takequizlist - null null
2025-11-03 17:45:00.650 +01:00 [INF] CORS policy execution successful.
2025-11-03 17:45:00.650 +01:00 [INF] Executing endpoint 'api.Controllers.TakeQuizApiController.GetAllQuizzes (api)'
2025-11-03 17:45:00.651 +01:00 [INF] Route matched with {action = "GetAllQuizzes", controller = "TakeQuizApi"}. Executing controller action with signature System.Threading.Tasks.Task`1[Microsoft.AspNetCore.Mvc.IActionResult] GetAllQuizzes() on controller api.Controllers.TakeQuizApiController (api).
2025-11-03 17:45:00.663 +01:00 [INF] Executing OkObjectResult, writing value of type 'System.Collections.Generic.List`1[[api.DTOs.QuizDto, api, Version=1.0.0.0, Culture=neutral, PublicKeyToken=null]]'.
2025-11-03 17:45:00.665 +01:00 [INF] Executed action api.Controllers.TakeQuizApiController.GetAllQuizzes (api) in 13.268ms
2025-11-03 17:45:00.665 +01:00 [INF] Executed endpoint 'api.Controllers.TakeQuizApiController.GetAllQuizzes (api)'
2025-11-03 17:45:00.666 +01:00 [INF] Request finished HTTP/1.1 GET http://localhost:5082/api/takequizapi/takequizlist - 200 284 application/json; charset=utf-8 23.8036ms
2025-11-03 17:45:02.795 +01:00 [INF] Request starting HTTP/1.1 GET http://localhost:5082/api/takequizapi/attempts/2 - null null
2025-11-03 17:45:02.796 +01:00 [INF] CORS policy execution successful.
2025-11-03 17:45:02.796 +01:00 [INF] Executing endpoint 'api.Controllers.TakeQuizApiController.GetAttempts (api)'
2025-11-03 17:45:02.797 +01:00 [INF] Route matched with {action = "GetAttempts", controller = "TakeQuizApi"}. Executing controller action with signature System.Threading.Tasks.Task`1[Microsoft.AspNetCore.Mvc.IActionResult] GetAttempts(Int32) on controller api.Controllers.TakeQuizApiController (api).
2025-11-03 17:45:02.816 +01:00 [INF] Executing OkObjectResult, writing value of type 'System.Collections.Generic.List`1[[api.DTOs.QuizResultDto, api, Version=1.0.0.0, Culture=neutral, PublicKeyToken=null]]'.
2025-11-03 17:45:02.817 +01:00 [INF] Executed action api.Controllers.TakeQuizApiController.GetAttempts (api) in 20.427ms
2025-11-03 17:45:02.818 +01:00 [INF] Executed endpoint 'api.Controllers.TakeQuizApiController.GetAttempts (api)'
2025-11-03 17:45:02.818 +01:00 [INF] Request finished HTTP/1.1 GET http://localhost:5082/api/takequizapi/attempts/2 - 200 1667 application/json; charset=utf-8 23.1942ms
2025-11-03 17:45:02.853 +01:00 [INF] Request starting HTTP/1.1 GET http://localhost:5082/api/takequizapi/attempts/2 - null null
2025-11-03 17:45:02.854 +01:00 [INF] CORS policy execution successful.
2025-11-03 17:45:02.854 +01:00 [INF] Executing endpoint 'api.Controllers.TakeQuizApiController.GetAttempts (api)'
2025-11-03 17:45:02.854 +01:00 [INF] Route matched with {action = "GetAttempts", controller = "TakeQuizApi"}. Executing controller action with signature System.Threading.Tasks.Task`1[Microsoft.AspNetCore.Mvc.IActionResult] GetAttempts(Int32) on controller api.Controllers.TakeQuizApiController (api).
2025-11-03 17:45:02.870 +01:00 [INF] Executing OkObjectResult, writing value of type 'System.Collections.Generic.List`1[[api.DTOs.QuizResultDto, api, Version=1.0.0.0, Culture=neutral, PublicKeyToken=null]]'.
2025-11-03 17:45:02.939 +01:00 [INF] Executed action api.Controllers.TakeQuizApiController.GetAttempts (api) in 84.3354ms
2025-11-03 17:45:02.939 +01:00 [INF] Executed endpoint 'api.Controllers.TakeQuizApiController.GetAttempts (api)'
2025-11-03 17:45:02.940 +01:00 [INF] Request finished HTTP/1.1 GET http://localhost:5082/api/takequizapi/attempts/2 - 200 1667 application/json; charset=utf-8 88.4986ms
2025-11-03 17:45:07.960 +01:00 [INF] Request starting HTTP/1.1 GET http://localhost:5082/api/takequizapi/takequizlist - null null
2025-11-03 17:45:07.961 +01:00 [INF] CORS policy execution successful.
2025-11-03 17:45:07.962 +01:00 [INF] Executing endpoint 'api.Controllers.TakeQuizApiController.GetAllQuizzes (api)'
2025-11-03 17:45:07.962 +01:00 [INF] Route matched with {action = "GetAllQuizzes", controller = "TakeQuizApi"}. Executing controller action with signature System.Threading.Tasks.Task`1[Microsoft.AspNetCore.Mvc.IActionResult] GetAllQuizzes() on controller api.Controllers.TakeQuizApiController (api).
2025-11-03 17:45:07.969 +01:00 [INF] Executing OkObjectResult, writing value of type 'System.Collections.Generic.List`1[[api.DTOs.QuizDto, api, Version=1.0.0.0, Culture=neutral, PublicKeyToken=null]]'.
2025-11-03 17:45:07.970 +01:00 [INF] Executed action api.Controllers.TakeQuizApiController.GetAllQuizzes (api) in 7.4545ms
2025-11-03 17:45:07.970 +01:00 [INF] Executed endpoint 'api.Controllers.TakeQuizApiController.GetAllQuizzes (api)'
2025-11-03 17:45:07.970 +01:00 [INF] Request finished HTTP/1.1 GET http://localhost:5082/api/takequizapi/takequizlist - 200 284 application/json; charset=utf-8 9.9789ms
2025-11-03 17:45:07.998 +01:00 [INF] Request starting HTTP/1.1 GET http://localhost:5082/api/takequizapi/takequizlist - null null
2025-11-03 17:45:07.998 +01:00 [INF] CORS policy execution successful.
2025-11-03 17:45:07.999 +01:00 [INF] Executing endpoint 'api.Controllers.TakeQuizApiController.GetAllQuizzes (api)'
2025-11-03 17:45:07.999 +01:00 [INF] Route matched with {action = "GetAllQuizzes", controller = "TakeQuizApi"}. Executing controller action with signature System.Threading.Tasks.Task`1[Microsoft.AspNetCore.Mvc.IActionResult] GetAllQuizzes() on controller api.Controllers.TakeQuizApiController (api).
2025-11-03 17:45:08.015 +01:00 [INF] Executing OkObjectResult, writing value of type 'System.Collections.Generic.List`1[[api.DTOs.QuizDto, api, Version=1.0.0.0, Culture=neutral, PublicKeyToken=null]]'.
2025-11-03 17:45:08.015 +01:00 [INF] Executed action api.Controllers.TakeQuizApiController.GetAllQuizzes (api) in 15.947ms
2025-11-03 17:45:08.016 +01:00 [INF] Executed endpoint 'api.Controllers.TakeQuizApiController.GetAllQuizzes (api)'
2025-11-03 17:45:08.017 +01:00 [INF] Request finished HTTP/1.1 GET http://localhost:5082/api/takequizapi/takequizlist - 200 284 application/json; charset=utf-8 19.522ms
2025-11-03 17:45:10.111 +01:00 [INF] Request starting HTTP/1.1 GET http://localhost:5082/api/takequizapi/attempts/1 - null null
2025-11-03 17:45:10.112 +01:00 [INF] CORS policy execution successful.
2025-11-03 17:45:10.112 +01:00 [INF] Executing endpoint 'api.Controllers.TakeQuizApiController.GetAttempts (api)'
2025-11-03 17:45:10.113 +01:00 [INF] Route matched with {action = "GetAttempts", controller = "TakeQuizApi"}. Executing controller action with signature System.Threading.Tasks.Task`1[Microsoft.AspNetCore.Mvc.IActionResult] GetAttempts(Int32) on controller api.Controllers.TakeQuizApiController (api).
2025-11-03 17:45:10.140 +01:00 [INF] Executing OkObjectResult, writing value of type 'System.Collections.Generic.List`1[[api.DTOs.QuizResultDto, api, Version=1.0.0.0, Culture=neutral, PublicKeyToken=null]]'.
2025-11-03 17:45:10.141 +01:00 [INF] Executed action api.Controllers.TakeQuizApiController.GetAttempts (api) in 27.5387ms
2025-11-03 17:45:10.141 +01:00 [INF] Executed endpoint 'api.Controllers.TakeQuizApiController.GetAttempts (api)'
2025-11-03 17:45:10.142 +01:00 [INF] Request finished HTTP/1.1 GET http://localhost:5082/api/takequizapi/attempts/1 - 200 282 application/json; charset=utf-8 30.4078ms
2025-11-03 17:45:10.165 +01:00 [INF] Request starting HTTP/1.1 GET http://localhost:5082/api/takequizapi/attempts/1 - null null
2025-11-03 17:45:10.179 +01:00 [INF] CORS policy execution successful.
2025-11-03 17:45:10.179 +01:00 [INF] Executing endpoint 'api.Controllers.TakeQuizApiController.GetAttempts (api)'
2025-11-03 17:45:10.179 +01:00 [INF] Route matched with {action = "GetAttempts", controller = "TakeQuizApi"}. Executing controller action with signature System.Threading.Tasks.Task`1[Microsoft.AspNetCore.Mvc.IActionResult] GetAttempts(Int32) on controller api.Controllers.TakeQuizApiController (api).
2025-11-03 17:45:10.187 +01:00 [INF] Executing OkObjectResult, writing value of type 'System.Collections.Generic.List`1[[api.DTOs.QuizResultDto, api, Version=1.0.0.0, Culture=neutral, PublicKeyToken=null]]'.
2025-11-03 17:45:10.188 +01:00 [INF] Executed action api.Controllers.TakeQuizApiController.GetAttempts (api) in 8.8451ms
2025-11-03 17:45:10.189 +01:00 [INF] Executed endpoint 'api.Controllers.TakeQuizApiController.GetAttempts (api)'
2025-11-03 17:45:10.189 +01:00 [INF] Request finished HTTP/1.1 GET http://localhost:5082/api/takequizapi/attempts/1 - 200 282 application/json; charset=utf-8 23.9445ms
2025-11-03 17:45:15.820 +01:00 [INF] Request starting HTTP/1.1 OPTIONS http://localhost:5082/api/takequizapi/attempt/1 - null null
2025-11-03 17:45:15.820 +01:00 [INF] CORS policy execution successful.
2025-11-03 17:45:15.821 +01:00 [INF] Request finished HTTP/1.1 OPTIONS http://localhost:5082/api/takequizapi/attempt/1 - 204 null null 0.9985ms
2025-11-03 17:45:15.827 +01:00 [INF] Request starting HTTP/1.1 DELETE http://localhost:5082/api/takequizapi/attempt/1 - null null
2025-11-03 17:45:15.827 +01:00 [INF] CORS policy execution successful.
2025-11-03 17:45:15.832 +01:00 [INF] Executing endpoint 'api.Controllers.TakeQuizApiController.DeleteAttempt (api)'
2025-11-03 17:45:15.833 +01:00 [INF] Route matched with {action = "DeleteAttempt", controller = "TakeQuizApi"}. Executing controller action with signature System.Threading.Tasks.Task`1[Microsoft.AspNetCore.Mvc.IActionResult] DeleteAttempt(Int32) on controller api.Controllers.TakeQuizApiController (api).
2025-11-03 17:45:15.843 +01:00 [INF] [QuizRepository] Attempt 1 deleted successfully
2025-11-03 17:45:15.843 +01:00 [INF] Executing OkObjectResult, writing value of type '<>f__AnonymousType4`1[[System.String, System.Private.CoreLib, Version=8.0.0.0, Culture=neutral, PublicKeyToken=7cec85d7bea7798e]]'.
2025-11-03 17:45:15.844 +01:00 [INF] Executed action api.Controllers.TakeQuizApiController.DeleteAttempt (api) in 10.2427ms
2025-11-03 17:45:15.844 +01:00 [INF] Executed endpoint 'api.Controllers.TakeQuizApiController.DeleteAttempt (api)'
2025-11-03 17:45:15.845 +01:00 [INF] Request finished HTTP/1.1 DELETE http://localhost:5082/api/takequizapi/attempt/1 - 200 42 application/json; charset=utf-8 17.8925ms
2025-11-03 17:45:20.795 +01:00 [INF] Request starting HTTP/1.1 GET http://localhost:5082/api/takequizapi/takequizlist - null null
2025-11-03 17:45:20.796 +01:00 [INF] CORS policy execution successful.
2025-11-03 17:45:20.796 +01:00 [INF] Executing endpoint 'api.Controllers.TakeQuizApiController.GetAllQuizzes (api)'
2025-11-03 17:45:20.797 +01:00 [INF] Route matched with {action = "GetAllQuizzes", controller = "TakeQuizApi"}. Executing controller action with signature System.Threading.Tasks.Task`1[Microsoft.AspNetCore.Mvc.IActionResult] GetAllQuizzes() on controller api.Controllers.TakeQuizApiController (api).
2025-11-03 17:45:20.803 +01:00 [INF] Executing OkObjectResult, writing value of type 'System.Collections.Generic.List`1[[api.DTOs.QuizDto, api, Version=1.0.0.0, Culture=neutral, PublicKeyToken=null]]'.
2025-11-03 17:45:20.804 +01:00 [INF] Executed action api.Controllers.TakeQuizApiController.GetAllQuizzes (api) in 5.9557ms
2025-11-03 17:45:20.805 +01:00 [INF] Executed endpoint 'api.Controllers.TakeQuizApiController.GetAllQuizzes (api)'
2025-11-03 17:45:20.806 +01:00 [INF] Request finished HTTP/1.1 GET http://localhost:5082/api/takequizapi/takequizlist - 200 284 application/json; charset=utf-8 10.3457ms
2025-11-03 17:45:20.833 +01:00 [INF] Request starting HTTP/1.1 GET http://localhost:5082/api/takequizapi/takequizlist - null null
2025-11-03 17:45:20.835 +01:00 [INF] CORS policy execution successful.
2025-11-03 17:45:20.835 +01:00 [INF] Executing endpoint 'api.Controllers.TakeQuizApiController.GetAllQuizzes (api)'
2025-11-03 17:45:20.836 +01:00 [INF] Route matched with {action = "GetAllQuizzes", controller = "TakeQuizApi"}. Executing controller action with signature System.Threading.Tasks.Task`1[Microsoft.AspNetCore.Mvc.IActionResult] GetAllQuizzes() on controller api.Controllers.TakeQuizApiController (api).
2025-11-03 17:45:20.874 +01:00 [INF] Executing OkObjectResult, writing value of type 'System.Collections.Generic.List`1[[api.DTOs.QuizDto, api, Version=1.0.0.0, Culture=neutral, PublicKeyToken=null]]'.
2025-11-03 17:45:20.880 +01:00 [INF] Executed action api.Controllers.TakeQuizApiController.GetAllQuizzes (api) in 41.0219ms
2025-11-03 17:45:20.880 +01:00 [INF] Executed endpoint 'api.Controllers.TakeQuizApiController.GetAllQuizzes (api)'
2025-11-03 17:45:20.886 +01:00 [INF] Request finished HTTP/1.1 GET http://localhost:5082/api/takequizapi/takequizlist - 200 284 application/json; charset=utf-8 53.9252ms
2025-11-03 17:48:38.543 +01:00 [INF] Request starting HTTP/1.1 GET http://localhost:5082/api/quizapi/quizlist - null null
2025-11-03 17:48:38.584 +01:00 [INF] CORS policy execution successful.
2025-11-03 17:48:38.622 +01:00 [INF] Executing endpoint 'api.Controllers.QuizAPIController.QuizList (api)'
2025-11-03 17:48:38.632 +01:00 [INF] Route matched with {action = "QuizList", controller = "QuizAPI"}. Executing controller action with signature System.Threading.Tasks.Task`1[Microsoft.AspNetCore.Mvc.IActionResult] QuizList() on controller api.Controllers.QuizAPIController (api).
2025-11-03 17:48:38.758 +01:00 [INF] Executing OkObjectResult, writing value of type 'System.Linq.Enumerable+SelectListIterator`2[[api.Models.Quiz, api, Version=1.0.0.0, Culture=neutral, PublicKeyToken=null],[api.DTOs.QuizDto, api, Version=1.0.0.0, Culture=neutral, PublicKeyToken=null]]'.
2025-11-03 17:48:38.765 +01:00 [INF] Executed action api.Controllers.QuizAPIController.QuizList (api) in 130.595ms
2025-11-03 17:48:38.765 +01:00 [INF] Executed endpoint 'api.Controllers.QuizAPIController.QuizList (api)'
2025-11-03 17:48:38.767 +01:00 [INF] Request finished HTTP/1.1 GET http://localhost:5082/api/quizapi/quizlist - 200 284 application/json; charset=utf-8 227.8488ms
2025-11-03 17:48:38.802 +01:00 [INF] Request starting HTTP/1.1 GET http://localhost:5082/api/quizapi/quizlist - null null
2025-11-03 17:48:38.811 +01:00 [INF] CORS policy execution successful.
2025-11-03 17:48:38.812 +01:00 [INF] Executing endpoint 'api.Controllers.QuizAPIController.QuizList (api)'
2025-11-03 17:48:38.812 +01:00 [INF] Route matched with {action = "QuizList", controller = "QuizAPI"}. Executing controller action with signature System.Threading.Tasks.Task`1[Microsoft.AspNetCore.Mvc.IActionResult] QuizList() on controller api.Controllers.QuizAPIController (api).
2025-11-03 17:48:38.829 +01:00 [INF] Executing OkObjectResult, writing value of type 'System.Linq.Enumerable+SelectListIterator`2[[api.Models.Quiz, api, Version=1.0.0.0, Culture=neutral, PublicKeyToken=null],[api.DTOs.QuizDto, api, Version=1.0.0.0, Culture=neutral, PublicKeyToken=null]]'.
2025-11-03 17:48:38.829 +01:00 [INF] Executed action api.Controllers.QuizAPIController.QuizList (api) in 17.3635ms
2025-11-03 17:48:38.833 +01:00 [INF] Executed endpoint 'api.Controllers.QuizAPIController.QuizList (api)'
2025-11-03 17:48:38.834 +01:00 [INF] Request finished HTTP/1.1 GET http://localhost:5082/api/quizapi/quizlist - 200 284 application/json; charset=utf-8 37.5844ms
2025-11-03 17:48:41.428 +01:00 [INF] Request starting HTTP/1.1 GET http://localhost:5082/api/takequizapi/takequizlist - null null
2025-11-03 17:48:41.430 +01:00 [INF] CORS policy execution successful.
2025-11-03 17:48:41.430 +01:00 [INF] Executing endpoint 'api.Controllers.TakeQuizApiController.GetAllQuizzes (api)'
2025-11-03 17:48:41.433 +01:00 [INF] Route matched with {action = "GetAllQuizzes", controller = "TakeQuizApi"}. Executing controller action with signature System.Threading.Tasks.Task`1[Microsoft.AspNetCore.Mvc.IActionResult] GetAllQuizzes() on controller api.Controllers.TakeQuizApiController (api).
2025-11-03 17:48:41.440 +01:00 [INF] Executing OkObjectResult, writing value of type 'System.Collections.Generic.List`1[[api.DTOs.QuizDto, api, Version=1.0.0.0, Culture=neutral, PublicKeyToken=null]]'.
2025-11-03 17:48:41.441 +01:00 [INF] Executed action api.Controllers.TakeQuizApiController.GetAllQuizzes (api) in 7.7222ms
2025-11-03 17:48:41.441 +01:00 [INF] Executed endpoint 'api.Controllers.TakeQuizApiController.GetAllQuizzes (api)'
2025-11-03 17:48:41.441 +01:00 [INF] Request finished HTTP/1.1 GET http://localhost:5082/api/takequizapi/takequizlist - 200 284 application/json; charset=utf-8 12.9596ms
2025-11-03 17:48:41.474 +01:00 [INF] Request starting HTTP/1.1 GET http://localhost:5082/api/takequizapi/takequizlist - null null
2025-11-03 17:48:41.474 +01:00 [INF] CORS policy execution successful.
2025-11-03 17:48:41.474 +01:00 [INF] Executing endpoint 'api.Controllers.TakeQuizApiController.GetAllQuizzes (api)'
2025-11-03 17:48:41.475 +01:00 [INF] Route matched with {action = "GetAllQuizzes", controller = "TakeQuizApi"}. Executing controller action with signature System.Threading.Tasks.Task`1[Microsoft.AspNetCore.Mvc.IActionResult] GetAllQuizzes() on controller api.Controllers.TakeQuizApiController (api).
2025-11-03 17:48:41.490 +01:00 [INF] Executing OkObjectResult, writing value of type 'System.Collections.Generic.List`1[[api.DTOs.QuizDto, api, Version=1.0.0.0, Culture=neutral, PublicKeyToken=null]]'.
2025-11-03 17:48:41.490 +01:00 [INF] Executed action api.Controllers.TakeQuizApiController.GetAllQuizzes (api) in 15.3393ms
2025-11-03 17:48:41.490 +01:00 [INF] Executed endpoint 'api.Controllers.TakeQuizApiController.GetAllQuizzes (api)'
2025-11-03 17:48:41.490 +01:00 [INF] Request finished HTTP/1.1 GET http://localhost:5082/api/takequizapi/takequizlist - 200 284 application/json; charset=utf-8 16.7721ms
2025-11-03 17:49:07.949 +01:00 [INF] Request starting HTTP/1.1 GET http://localhost:5082/api/quizapi/quizlist - null null
2025-11-03 17:49:07.958 +01:00 [INF] CORS policy execution successful.
2025-11-03 17:49:07.958 +01:00 [INF] Executing endpoint 'api.Controllers.QuizAPIController.QuizList (api)'
2025-11-03 17:49:07.959 +01:00 [INF] Route matched with {action = "QuizList", controller = "QuizAPI"}. Executing controller action with signature System.Threading.Tasks.Task`1[Microsoft.AspNetCore.Mvc.IActionResult] QuizList() on controller api.Controllers.QuizAPIController (api).
2025-11-03 17:49:07.966 +01:00 [INF] Executing OkObjectResult, writing value of type 'System.Linq.Enumerable+SelectListIterator`2[[api.Models.Quiz, api, Version=1.0.0.0, Culture=neutral, PublicKeyToken=null],[api.DTOs.QuizDto, api, Version=1.0.0.0, Culture=neutral, PublicKeyToken=null]]'.
2025-11-03 17:49:07.966 +01:00 [INF] Executed action api.Controllers.QuizAPIController.QuizList (api) in 7.5198ms
2025-11-03 17:49:07.967 +01:00 [INF] Executed endpoint 'api.Controllers.QuizAPIController.QuizList (api)'
2025-11-03 17:49:07.967 +01:00 [INF] Request finished HTTP/1.1 GET http://localhost:5082/api/quizapi/quizlist - 200 284 application/json; charset=utf-8 18.0211ms
2025-11-03 17:49:07.991 +01:00 [INF] Request starting HTTP/1.1 GET http://localhost:5082/api/quizapi/quizlist - null null
2025-11-03 17:49:07.991 +01:00 [INF] CORS policy execution successful.
2025-11-03 17:49:07.992 +01:00 [INF] Executing endpoint 'api.Controllers.QuizAPIController.QuizList (api)'
2025-11-03 17:49:08.000 +01:00 [INF] Route matched with {action = "QuizList", controller = "QuizAPI"}. Executing controller action with signature System.Threading.Tasks.Task`1[Microsoft.AspNetCore.Mvc.IActionResult] QuizList() on controller api.Controllers.QuizAPIController (api).
2025-11-03 17:49:08.012 +01:00 [INF] Executing OkObjectResult, writing value of type 'System.Linq.Enumerable+SelectListIterator`2[[api.Models.Quiz, api, Version=1.0.0.0, Culture=neutral, PublicKeyToken=null],[api.DTOs.QuizDto, api, Version=1.0.0.0, Culture=neutral, PublicKeyToken=null]]'.
2025-11-03 17:49:08.013 +01:00 [INF] Executed action api.Controllers.QuizAPIController.QuizList (api) in 13.0055ms
2025-11-03 17:49:08.013 +01:00 [INF] Executed endpoint 'api.Controllers.QuizAPIController.QuizList (api)'
2025-11-03 17:49:08.013 +01:00 [INF] Request finished HTTP/1.1 GET http://localhost:5082/api/quizapi/quizlist - 200 284 application/json; charset=utf-8 22.2188ms
2025-11-03 17:49:10.324 +01:00 [INF] Request starting HTTP/1.1 GET http://localhost:5082/api/takequizapi/takequizlist - null null
2025-11-03 17:49:10.331 +01:00 [INF] CORS policy execution successful.
2025-11-03 17:49:10.332 +01:00 [INF] Executing endpoint 'api.Controllers.TakeQuizApiController.GetAllQuizzes (api)'
2025-11-03 17:49:10.333 +01:00 [INF] Route matched with {action = "GetAllQuizzes", controller = "TakeQuizApi"}. Executing controller action with signature System.Threading.Tasks.Task`1[Microsoft.AspNetCore.Mvc.IActionResult] GetAllQuizzes() on controller api.Controllers.TakeQuizApiController (api).
2025-11-03 17:49:10.342 +01:00 [INF] Executing OkObjectResult, writing value of type 'System.Collections.Generic.List`1[[api.DTOs.QuizDto, api, Version=1.0.0.0, Culture=neutral, PublicKeyToken=null]]'.
2025-11-03 17:49:10.343 +01:00 [INF] Executed action api.Controllers.TakeQuizApiController.GetAllQuizzes (api) in 9.537ms
2025-11-03 17:49:10.343 +01:00 [INF] Executed endpoint 'api.Controllers.TakeQuizApiController.GetAllQuizzes (api)'
2025-11-03 17:49:10.343 +01:00 [INF] Request finished HTTP/1.1 GET http://localhost:5082/api/takequizapi/takequizlist - 200 284 application/json; charset=utf-8 19.0173ms
2025-11-03 17:49:10.356 +01:00 [INF] Request starting HTTP/1.1 GET http://localhost:5082/api/takequizapi/takequizlist - null null
2025-11-03 17:49:10.356 +01:00 [INF] CORS policy execution successful.
2025-11-03 17:49:10.356 +01:00 [INF] Executing endpoint 'api.Controllers.TakeQuizApiController.GetAllQuizzes (api)'
2025-11-03 17:49:10.357 +01:00 [INF] Route matched with {action = "GetAllQuizzes", controller = "TakeQuizApi"}. Executing controller action with signature System.Threading.Tasks.Task`1[Microsoft.AspNetCore.Mvc.IActionResult] GetAllQuizzes() on controller api.Controllers.TakeQuizApiController (api).
2025-11-03 17:49:10.372 +01:00 [INF] Executing OkObjectResult, writing value of type 'System.Collections.Generic.List`1[[api.DTOs.QuizDto, api, Version=1.0.0.0, Culture=neutral, PublicKeyToken=null]]'.
2025-11-03 17:49:10.372 +01:00 [INF] Executed action api.Controllers.TakeQuizApiController.GetAllQuizzes (api) in 15.8136ms
2025-11-03 17:49:10.373 +01:00 [INF] Executed endpoint 'api.Controllers.TakeQuizApiController.GetAllQuizzes (api)'
2025-11-03 17:49:10.373 +01:00 [INF] Request finished HTTP/1.1 GET http://localhost:5082/api/takequizapi/takequizlist - 200 284 application/json; charset=utf-8 17.0669ms
2025-11-03 17:49:14.044 +01:00 [INF] Request starting HTTP/1.1 GET http://localhost:5082/api/takequizapi/attempts/1 - null null
2025-11-03 17:49:14.045 +01:00 [INF] CORS policy execution successful.
2025-11-03 17:49:14.045 +01:00 [INF] Executing endpoint 'api.Controllers.TakeQuizApiController.GetAttempts (api)'
2025-11-03 17:49:14.047 +01:00 [INF] Route matched with {action = "GetAttempts", controller = "TakeQuizApi"}. Executing controller action with signature System.Threading.Tasks.Task`1[Microsoft.AspNetCore.Mvc.IActionResult] GetAttempts(Int32) on controller api.Controllers.TakeQuizApiController (api).
2025-11-03 17:49:14.085 +01:00 [INF] Executing OkObjectResult, writing value of type 'System.Collections.Generic.List`1[[api.DTOs.QuizResultDto, api, Version=1.0.0.0, Culture=neutral, PublicKeyToken=null]]'.
2025-11-03 17:49:14.085 +01:00 [INF] Executed action api.Controllers.TakeQuizApiController.GetAttempts (api) in 38.3955ms
2025-11-03 17:49:14.085 +01:00 [INF] Executed endpoint 'api.Controllers.TakeQuizApiController.GetAttempts (api)'
2025-11-03 17:49:14.086 +01:00 [INF] Request finished HTTP/1.1 GET http://localhost:5082/api/takequizapi/attempts/1 - 200 188 application/json; charset=utf-8 41.5507ms
2025-11-03 17:49:14.108 +01:00 [INF] Request starting HTTP/1.1 GET http://localhost:5082/api/takequizapi/attempts/1 - null null
2025-11-03 17:49:14.108 +01:00 [INF] CORS policy execution successful.
2025-11-03 17:49:14.108 +01:00 [INF] Executing endpoint 'api.Controllers.TakeQuizApiController.GetAttempts (api)'
2025-11-03 17:49:14.118 +01:00 [INF] Route matched with {action = "GetAttempts", controller = "TakeQuizApi"}. Executing controller action with signature System.Threading.Tasks.Task`1[Microsoft.AspNetCore.Mvc.IActionResult] GetAttempts(Int32) on controller api.Controllers.TakeQuizApiController (api).
2025-11-03 17:49:14.136 +01:00 [INF] Executing OkObjectResult, writing value of type 'System.Collections.Generic.List`1[[api.DTOs.QuizResultDto, api, Version=1.0.0.0, Culture=neutral, PublicKeyToken=null]]'.
2025-11-03 17:49:14.136 +01:00 [INF] Executed action api.Controllers.TakeQuizApiController.GetAttempts (api) in 18.0711ms
2025-11-03 17:49:14.137 +01:00 [INF] Executed endpoint 'api.Controllers.TakeQuizApiController.GetAttempts (api)'
2025-11-03 17:49:14.137 +01:00 [INF] Request finished HTTP/1.1 GET http://localhost:5082/api/takequizapi/attempts/1 - 200 188 application/json; charset=utf-8 28.907ms
2025-11-03 17:49:18.170 +01:00 [INF] Request starting HTTP/1.1 GET http://localhost:5082/api/takequizapi/takequizlist - null null
2025-11-03 17:49:18.171 +01:00 [INF] CORS policy execution successful.
2025-11-03 17:49:18.171 +01:00 [INF] Executing endpoint 'api.Controllers.TakeQuizApiController.GetAllQuizzes (api)'
2025-11-03 17:49:18.172 +01:00 [INF] Route matched with {action = "GetAllQuizzes", controller = "TakeQuizApi"}. Executing controller action with signature System.Threading.Tasks.Task`1[Microsoft.AspNetCore.Mvc.IActionResult] GetAllQuizzes() on controller api.Controllers.TakeQuizApiController (api).
2025-11-03 17:49:18.184 +01:00 [INF] Executing OkObjectResult, writing value of type 'System.Collections.Generic.List`1[[api.DTOs.QuizDto, api, Version=1.0.0.0, Culture=neutral, PublicKeyToken=null]]'.
2025-11-03 17:49:18.185 +01:00 [INF] Executed action api.Controllers.TakeQuizApiController.GetAllQuizzes (api) in 12.501ms
2025-11-03 17:49:18.185 +01:00 [INF] Executed endpoint 'api.Controllers.TakeQuizApiController.GetAllQuizzes (api)'
2025-11-03 17:49:18.186 +01:00 [INF] Request finished HTTP/1.1 GET http://localhost:5082/api/takequizapi/takequizlist - 200 284 application/json; charset=utf-8 15.3751ms
2025-11-03 17:49:18.218 +01:00 [INF] Request starting HTTP/1.1 GET http://localhost:5082/api/takequizapi/takequizlist - null null
2025-11-03 17:49:18.218 +01:00 [INF] CORS policy execution successful.
2025-11-03 17:49:18.219 +01:00 [INF] Executing endpoint 'api.Controllers.TakeQuizApiController.GetAllQuizzes (api)'
2025-11-03 17:49:18.219 +01:00 [INF] Route matched with {action = "GetAllQuizzes", controller = "TakeQuizApi"}. Executing controller action with signature System.Threading.Tasks.Task`1[Microsoft.AspNetCore.Mvc.IActionResult] GetAllQuizzes() on controller api.Controllers.TakeQuizApiController (api).
2025-11-03 17:49:18.228 +01:00 [INF] Executing OkObjectResult, writing value of type 'System.Collections.Generic.List`1[[api.DTOs.QuizDto, api, Version=1.0.0.0, Culture=neutral, PublicKeyToken=null]]'.
2025-11-03 17:49:18.228 +01:00 [INF] Executed action api.Controllers.TakeQuizApiController.GetAllQuizzes (api) in 9.1323ms
2025-11-03 17:49:18.228 +01:00 [INF] Executed endpoint 'api.Controllers.TakeQuizApiController.GetAllQuizzes (api)'
2025-11-03 17:49:18.229 +01:00 [INF] Request finished HTTP/1.1 GET http://localhost:5082/api/takequizapi/takequizlist - 200 284 application/json; charset=utf-8 10.8155ms
2025-11-03 17:49:23.691 +01:00 [INF] Request starting HTTP/1.1 GET http://localhost:5082/api/takequizapi/attempts/7 - null null
2025-11-03 17:49:23.691 +01:00 [INF] CORS policy execution successful.
2025-11-03 17:49:23.692 +01:00 [INF] Executing endpoint 'api.Controllers.TakeQuizApiController.GetAttempts (api)'
2025-11-03 17:49:23.692 +01:00 [INF] Route matched with {action = "GetAttempts", controller = "TakeQuizApi"}. Executing controller action with signature System.Threading.Tasks.Task`1[Microsoft.AspNetCore.Mvc.IActionResult] GetAttempts(Int32) on controller api.Controllers.TakeQuizApiController (api).
2025-11-03 17:49:23.699 +01:00 [INF] Executing OkObjectResult, writing value of type 'System.Collections.Generic.List`1[[api.DTOs.QuizResultDto, api, Version=1.0.0.0, Culture=neutral, PublicKeyToken=null]]'.
2025-11-03 17:49:23.699 +01:00 [INF] Executed action api.Controllers.TakeQuizApiController.GetAttempts (api) in 7.0527ms
2025-11-03 17:49:23.699 +01:00 [INF] Executed endpoint 'api.Controllers.TakeQuizApiController.GetAttempts (api)'
2025-11-03 17:49:23.699 +01:00 [INF] Request finished HTTP/1.1 GET http://localhost:5082/api/takequizapi/attempts/7 - 200 98 application/json; charset=utf-8 8.4796ms
2025-11-03 17:49:23.710 +01:00 [INF] Request starting HTTP/1.1 GET http://localhost:5082/api/takequizapi/attempts/7 - null null
2025-11-03 17:49:23.730 +01:00 [INF] CORS policy execution successful.
2025-11-03 17:49:23.730 +01:00 [INF] Executing endpoint 'api.Controllers.TakeQuizApiController.GetAttempts (api)'
2025-11-03 17:49:23.730 +01:00 [INF] Route matched with {action = "GetAttempts", controller = "TakeQuizApi"}. Executing controller action with signature System.Threading.Tasks.Task`1[Microsoft.AspNetCore.Mvc.IActionResult] GetAttempts(Int32) on controller api.Controllers.TakeQuizApiController (api).
2025-11-03 17:49:23.739 +01:00 [INF] Executing OkObjectResult, writing value of type 'System.Collections.Generic.List`1[[api.DTOs.QuizResultDto, api, Version=1.0.0.0, Culture=neutral, PublicKeyToken=null]]'.
2025-11-03 17:49:23.739 +01:00 [INF] Executed action api.Controllers.TakeQuizApiController.GetAttempts (api) in 8.769ms
2025-11-03 17:49:23.740 +01:00 [INF] Executed endpoint 'api.Controllers.TakeQuizApiController.GetAttempts (api)'
2025-11-03 17:49:23.740 +01:00 [INF] Request finished HTTP/1.1 GET http://localhost:5082/api/takequizapi/attempts/7 - 200 98 application/json; charset=utf-8 29.681ms
2025-11-03 17:49:26.980 +01:00 [INF] Request starting HTTP/1.1 GET http://localhost:5082/api/takequizapi/takequizlist - null null
2025-11-03 17:49:26.980 +01:00 [INF] CORS policy execution successful.
2025-11-03 17:49:26.980 +01:00 [INF] Executing endpoint 'api.Controllers.TakeQuizApiController.GetAllQuizzes (api)'
2025-11-03 17:49:26.981 +01:00 [INF] Route matched with {action = "GetAllQuizzes", controller = "TakeQuizApi"}. Executing controller action with signature System.Threading.Tasks.Task`1[Microsoft.AspNetCore.Mvc.IActionResult] GetAllQuizzes() on controller api.Controllers.TakeQuizApiController (api).
2025-11-03 17:49:26.993 +01:00 [INF] Executing OkObjectResult, writing value of type 'System.Collections.Generic.List`1[[api.DTOs.QuizDto, api, Version=1.0.0.0, Culture=neutral, PublicKeyToken=null]]'.
2025-11-03 17:49:27.018 +01:00 [INF] Executed action api.Controllers.TakeQuizApiController.GetAllQuizzes (api) in 37.3999ms
2025-11-03 17:49:27.019 +01:00 [INF] Executed endpoint 'api.Controllers.TakeQuizApiController.GetAllQuizzes (api)'
2025-11-03 17:49:27.019 +01:00 [INF] Request finished HTTP/1.1 GET http://localhost:5082/api/takequizapi/takequizlist - 200 284 application/json; charset=utf-8 38.768ms
2025-11-03 17:49:27.033 +01:00 [INF] Request starting HTTP/1.1 GET http://localhost:5082/api/takequizapi/takequizlist - null null
2025-11-03 17:49:27.033 +01:00 [INF] CORS policy execution successful.
2025-11-03 17:49:27.034 +01:00 [INF] Executing endpoint 'api.Controllers.TakeQuizApiController.GetAllQuizzes (api)'
2025-11-03 17:49:27.034 +01:00 [INF] Route matched with {action = "GetAllQuizzes", controller = "TakeQuizApi"}. Executing controller action with signature System.Threading.Tasks.Task`1[Microsoft.AspNetCore.Mvc.IActionResult] GetAllQuizzes() on controller api.Controllers.TakeQuizApiController (api).
2025-11-03 17:49:27.060 +01:00 [INF] Executing OkObjectResult, writing value of type 'System.Collections.Generic.List`1[[api.DTOs.QuizDto, api, Version=1.0.0.0, Culture=neutral, PublicKeyToken=null]]'.
2025-11-03 17:49:27.065 +01:00 [INF] Executed action api.Controllers.TakeQuizApiController.GetAllQuizzes (api) in 31.397ms
2025-11-03 17:49:27.067 +01:00 [INF] Executed endpoint 'api.Controllers.TakeQuizApiController.GetAllQuizzes (api)'
2025-11-03 17:49:27.070 +01:00 [INF] Request finished HTTP/1.1 GET http://localhost:5082/api/takequizapi/takequizlist - 200 284 application/json; charset=utf-8 36.3487ms
2025-11-03 17:56:23.504 +01:00 [INF] Request starting HTTP/1.1 GET http://localhost:5082/api/quizapi/quizlist - null null
2025-11-03 17:56:23.556 +01:00 [INF] CORS policy execution successful.
2025-11-03 17:56:23.579 +01:00 [INF] Executing endpoint 'api.Controllers.QuizAPIController.QuizList (api)'
2025-11-03 17:56:23.594 +01:00 [INF] Route matched with {action = "QuizList", controller = "QuizAPI"}. Executing controller action with signature System.Threading.Tasks.Task`1[Microsoft.AspNetCore.Mvc.IActionResult] QuizList() on controller api.Controllers.QuizAPIController (api).
2025-11-03 17:56:23.886 +01:00 [INF] Executing OkObjectResult, writing value of type 'System.Linq.Enumerable+SelectListIterator`2[[api.Models.Quiz, api, Version=1.0.0.0, Culture=neutral, PublicKeyToken=null],[api.DTOs.QuizDto, api, Version=1.0.0.0, Culture=neutral, PublicKeyToken=null]]'.
2025-11-03 17:56:23.923 +01:00 [INF] Executed action api.Controllers.QuizAPIController.QuizList (api) in 325.9147ms
2025-11-03 17:56:23.923 +01:00 [INF] Executed endpoint 'api.Controllers.QuizAPIController.QuizList (api)'
2025-11-03 17:56:23.924 +01:00 [INF] Request finished HTTP/1.1 GET http://localhost:5082/api/quizapi/quizlist - 200 284 application/json; charset=utf-8 429.0852ms
2025-11-03 17:56:23.962 +01:00 [INF] Request starting HTTP/1.1 GET http://localhost:5082/api/quizapi/quizlist - null null
2025-11-03 17:56:23.965 +01:00 [INF] CORS policy execution successful.
2025-11-03 17:56:23.965 +01:00 [INF] Executing endpoint 'api.Controllers.QuizAPIController.QuizList (api)'
2025-11-03 17:56:23.966 +01:00 [INF] Route matched with {action = "QuizList", controller = "QuizAPI"}. Executing controller action with signature System.Threading.Tasks.Task`1[Microsoft.AspNetCore.Mvc.IActionResult] QuizList() on controller api.Controllers.QuizAPIController (api).
2025-11-03 17:56:23.973 +01:00 [INF] Executing OkObjectResult, writing value of type 'System.Linq.Enumerable+SelectListIterator`2[[api.Models.Quiz, api, Version=1.0.0.0, Culture=neutral, PublicKeyToken=null],[api.DTOs.QuizDto, api, Version=1.0.0.0, Culture=neutral, PublicKeyToken=null]]'.
2025-11-03 17:56:23.973 +01:00 [INF] Executed action api.Controllers.QuizAPIController.QuizList (api) in 7.3344ms
2025-11-03 17:56:23.974 +01:00 [INF] Executed endpoint 'api.Controllers.QuizAPIController.QuizList (api)'
2025-11-03 17:56:23.974 +01:00 [INF] Request finished HTTP/1.1 GET http://localhost:5082/api/quizapi/quizlist - 200 284 application/json; charset=utf-8 13.7362ms
2025-11-03 17:56:26.093 +01:00 [INF] Request starting HTTP/1.1 GET http://localhost:5082/api/takequizapi/takequizlist - null null
2025-11-03 17:56:26.100 +01:00 [INF] CORS policy execution successful.
2025-11-03 17:56:26.101 +01:00 [INF] Executing endpoint 'api.Controllers.TakeQuizApiController.GetAllQuizzes (api)'
2025-11-03 17:56:26.114 +01:00 [INF] Route matched with {action = "GetAllQuizzes", controller = "TakeQuizApi"}. Executing controller action with signature System.Threading.Tasks.Task`1[Microsoft.AspNetCore.Mvc.IActionResult] GetAllQuizzes() on controller api.Controllers.TakeQuizApiController (api).
2025-11-03 17:56:26.128 +01:00 [INF] Executing OkObjectResult, writing value of type 'System.Collections.Generic.List`1[[api.DTOs.QuizDto, api, Version=1.0.0.0, Culture=neutral, PublicKeyToken=null]]'.
2025-11-03 17:56:26.129 +01:00 [INF] Executed action api.Controllers.TakeQuizApiController.GetAllQuizzes (api) in 10.7258ms
2025-11-03 17:56:26.129 +01:00 [INF] Executed endpoint 'api.Controllers.TakeQuizApiController.GetAllQuizzes (api)'
2025-11-03 17:56:26.130 +01:00 [INF] Request finished HTTP/1.1 GET http://localhost:5082/api/takequizapi/takequizlist - 200 284 application/json; charset=utf-8 36.297ms
2025-11-03 17:56:26.212 +01:00 [INF] Request starting HTTP/1.1 GET http://localhost:5082/api/takequizapi/takequizlist - null null
2025-11-03 17:56:26.213 +01:00 [INF] CORS policy execution successful.
2025-11-03 17:56:26.250 +01:00 [INF] Executing endpoint 'api.Controllers.TakeQuizApiController.GetAllQuizzes (api)'
2025-11-03 17:56:26.250 +01:00 [INF] Route matched with {action = "GetAllQuizzes", controller = "TakeQuizApi"}. Executing controller action with signature System.Threading.Tasks.Task`1[Microsoft.AspNetCore.Mvc.IActionResult] GetAllQuizzes() on controller api.Controllers.TakeQuizApiController (api).
2025-11-03 17:56:26.264 +01:00 [INF] Executing OkObjectResult, writing value of type 'System.Collections.Generic.List`1[[api.DTOs.QuizDto, api, Version=1.0.0.0, Culture=neutral, PublicKeyToken=null]]'.
2025-11-03 17:56:26.265 +01:00 [INF] Executed action api.Controllers.TakeQuizApiController.GetAllQuizzes (api) in 14.2382ms
2025-11-03 17:56:26.265 +01:00 [INF] Executed endpoint 'api.Controllers.TakeQuizApiController.GetAllQuizzes (api)'
2025-11-03 17:56:26.266 +01:00 [INF] Request finished HTTP/1.1 GET http://localhost:5082/api/takequizapi/takequizlist - 200 284 application/json; charset=utf-8 53.077ms
2025-11-03 17:56:28.824 +01:00 [INF] Request starting HTTP/1.1 GET http://localhost:5082/api/takequizapi/attempts/2 - null null
2025-11-03 17:56:28.825 +01:00 [INF] CORS policy execution successful.
2025-11-03 17:56:28.825 +01:00 [INF] Executing endpoint 'api.Controllers.TakeQuizApiController.GetAttempts (api)'
2025-11-03 17:56:28.826 +01:00 [INF] Route matched with {action = "GetAttempts", controller = "TakeQuizApi"}. Executing controller action with signature System.Threading.Tasks.Task`1[Microsoft.AspNetCore.Mvc.IActionResult] GetAttempts(Int32) on controller api.Controllers.TakeQuizApiController (api).
2025-11-03 17:56:28.891 +01:00 [INF] Executing OkObjectResult, writing value of type 'System.Collections.Generic.List`1[[api.DTOs.QuizResultDto, api, Version=1.0.0.0, Culture=neutral, PublicKeyToken=null]]'.
2025-11-03 17:56:28.893 +01:00 [INF] Executed action api.Controllers.TakeQuizApiController.GetAttempts (api) in 66.426ms
2025-11-03 17:56:28.893 +01:00 [INF] Executed endpoint 'api.Controllers.TakeQuizApiController.GetAttempts (api)'
2025-11-03 17:56:28.894 +01:00 [INF] Request finished HTTP/1.1 GET http://localhost:5082/api/takequizapi/attempts/2 - 200 1667 application/json; charset=utf-8 69.6627ms
2025-11-03 17:56:28.952 +01:00 [INF] Request starting HTTP/1.1 GET http://localhost:5082/api/takequizapi/attempts/2 - null null
2025-11-03 17:56:28.960 +01:00 [INF] CORS policy execution successful.
2025-11-03 17:56:28.962 +01:00 [INF] Executing endpoint 'api.Controllers.TakeQuizApiController.GetAttempts (api)'
2025-11-03 17:56:28.963 +01:00 [INF] Route matched with {action = "GetAttempts", controller = "TakeQuizApi"}. Executing controller action with signature System.Threading.Tasks.Task`1[Microsoft.AspNetCore.Mvc.IActionResult] GetAttempts(Int32) on controller api.Controllers.TakeQuizApiController (api).
2025-11-03 17:56:28.979 +01:00 [INF] Executing OkObjectResult, writing value of type 'System.Collections.Generic.List`1[[api.DTOs.QuizResultDto, api, Version=1.0.0.0, Culture=neutral, PublicKeyToken=null]]'.
2025-11-03 17:56:28.981 +01:00 [INF] Executed action api.Controllers.TakeQuizApiController.GetAttempts (api) in 17.0959ms
2025-11-03 17:56:28.981 +01:00 [INF] Executed endpoint 'api.Controllers.TakeQuizApiController.GetAttempts (api)'
2025-11-03 17:56:28.981 +01:00 [INF] Request finished HTTP/1.1 GET http://localhost:5082/api/takequizapi/attempts/2 - 200 1667 application/json; charset=utf-8 28.9341ms
2025-11-03 17:56:38.074 +01:00 [INF] Request starting HTTP/1.1 OPTIONS http://localhost:5082/api/takequizapi/attempt/3 - null null
2025-11-03 17:56:38.081 +01:00 [INF] CORS policy execution successful.
2025-11-03 17:56:38.093 +01:00 [INF] Request finished HTTP/1.1 OPTIONS http://localhost:5082/api/takequizapi/attempt/3 - 204 null null 18.9032ms
2025-11-03 17:56:38.103 +01:00 [INF] Request starting HTTP/1.1 DELETE http://localhost:5082/api/takequizapi/attempt/3 - null null
2025-11-03 17:56:38.103 +01:00 [INF] CORS policy execution successful.
2025-11-03 17:56:38.104 +01:00 [INF] Executing endpoint 'api.Controllers.TakeQuizApiController.DeleteAttempt (api)'
2025-11-03 17:56:38.104 +01:00 [INF] Route matched with {action = "DeleteAttempt", controller = "TakeQuizApi"}. Executing controller action with signature System.Threading.Tasks.Task`1[Microsoft.AspNetCore.Mvc.IActionResult] DeleteAttempt(Int32) on controller api.Controllers.TakeQuizApiController (api).
2025-11-03 17:56:38.272 +01:00 [INF] [QuizRepository] Attempt 3 deleted successfully
2025-11-03 17:56:38.273 +01:00 [INF] Executing OkObjectResult, writing value of type '<>f__AnonymousType4`1[[System.String, System.Private.CoreLib, Version=8.0.0.0, Culture=neutral, PublicKeyToken=7cec85d7bea7798e]]'.
2025-11-03 17:56:38.273 +01:00 [INF] Executed action api.Controllers.TakeQuizApiController.DeleteAttempt (api) in 169.2276ms
2025-11-03 17:56:38.273 +01:00 [INF] Executed endpoint 'api.Controllers.TakeQuizApiController.DeleteAttempt (api)'
2025-11-03 17:56:38.274 +01:00 [INF] Request finished HTTP/1.1 DELETE http://localhost:5082/api/takequizapi/attempt/3 - 200 42 application/json; charset=utf-8 170.6277ms
2025-11-03 17:57:01.217 +01:00 [INF] Request starting HTTP/1.1 GET http://localhost:5082/api/takequizapi/takequizlist - null null
2025-11-03 17:57:01.217 +01:00 [INF] CORS policy execution successful.
2025-11-03 17:57:01.218 +01:00 [INF] Executing endpoint 'api.Controllers.TakeQuizApiController.GetAllQuizzes (api)'
2025-11-03 17:57:01.218 +01:00 [INF] Route matched with {action = "GetAllQuizzes", controller = "TakeQuizApi"}. Executing controller action with signature System.Threading.Tasks.Task`1[Microsoft.AspNetCore.Mvc.IActionResult] GetAllQuizzes() on controller api.Controllers.TakeQuizApiController (api).
2025-11-03 17:57:01.229 +01:00 [INF] Executing OkObjectResult, writing value of type 'System.Collections.Generic.List`1[[api.DTOs.QuizDto, api, Version=1.0.0.0, Culture=neutral, PublicKeyToken=null]]'.
2025-11-03 17:57:01.230 +01:00 [INF] Executed action api.Controllers.TakeQuizApiController.GetAllQuizzes (api) in 11.7295ms
2025-11-03 17:57:01.230 +01:00 [INF] Executed endpoint 'api.Controllers.TakeQuizApiController.GetAllQuizzes (api)'
2025-11-03 17:57:01.230 +01:00 [INF] Request finished HTTP/1.1 GET http://localhost:5082/api/takequizapi/takequizlist - 200 284 application/json; charset=utf-8 13.0486ms
2025-11-03 17:57:01.267 +01:00 [INF] Request starting HTTP/1.1 GET http://localhost:5082/api/takequizapi/takequizlist - null null
2025-11-03 17:57:01.268 +01:00 [INF] CORS policy execution successful.
2025-11-03 17:57:01.269 +01:00 [INF] Executing endpoint 'api.Controllers.TakeQuizApiController.GetAllQuizzes (api)'
2025-11-03 17:57:01.270 +01:00 [INF] Route matched with {action = "GetAllQuizzes", controller = "TakeQuizApi"}. Executing controller action with signature System.Threading.Tasks.Task`1[Microsoft.AspNetCore.Mvc.IActionResult] GetAllQuizzes() on controller api.Controllers.TakeQuizApiController (api).
2025-11-03 17:57:01.301 +01:00 [INF] Executing OkObjectResult, writing value of type 'System.Collections.Generic.List`1[[api.DTOs.QuizDto, api, Version=1.0.0.0, Culture=neutral, PublicKeyToken=null]]'.
2025-11-03 17:57:01.302 +01:00 [INF] Executed action api.Controllers.TakeQuizApiController.GetAllQuizzes (api) in 31.9777ms
2025-11-03 17:57:01.302 +01:00 [INF] Executed endpoint 'api.Controllers.TakeQuizApiController.GetAllQuizzes (api)'
2025-11-03 17:57:01.303 +01:00 [INF] Request finished HTTP/1.1 GET http://localhost:5082/api/takequizapi/takequizlist - 200 284 application/json; charset=utf-8 36.0016ms
2025-11-03 17:57:02.644 +01:00 [INF] Request starting HTTP/1.1 GET http://localhost:5082/api/quizapi/quizlist - null null
2025-11-03 17:57:02.644 +01:00 [INF] CORS policy execution successful.
2025-11-03 17:57:02.644 +01:00 [INF] Executing endpoint 'api.Controllers.QuizAPIController.QuizList (api)'
2025-11-03 17:57:02.646 +01:00 [INF] Route matched with {action = "QuizList", controller = "QuizAPI"}. Executing controller action with signature System.Threading.Tasks.Task`1[Microsoft.AspNetCore.Mvc.IActionResult] QuizList() on controller api.Controllers.QuizAPIController (api).
2025-11-03 17:57:02.659 +01:00 [INF] Executing OkObjectResult, writing value of type 'System.Linq.Enumerable+SelectListIterator`2[[api.Models.Quiz, api, Version=1.0.0.0, Culture=neutral, PublicKeyToken=null],[api.DTOs.QuizDto, api, Version=1.0.0.0, Culture=neutral, PublicKeyToken=null]]'.
2025-11-03 17:57:02.659 +01:00 [INF] Executed action api.Controllers.QuizAPIController.QuizList (api) in 12.5047ms
2025-11-03 17:57:02.659 +01:00 [INF] Executed endpoint 'api.Controllers.QuizAPIController.QuizList (api)'
2025-11-03 17:57:02.659 +01:00 [INF] Request finished HTTP/1.1 GET http://localhost:5082/api/quizapi/quizlist - 200 284 application/json; charset=utf-8 15.6758ms
2025-11-03 17:57:02.673 +01:00 [INF] Request starting HTTP/1.1 GET http://localhost:5082/api/quizapi/quizlist - null null
2025-11-03 17:57:02.673 +01:00 [INF] CORS policy execution successful.
2025-11-03 17:57:02.674 +01:00 [INF] Executing endpoint 'api.Controllers.QuizAPIController.QuizList (api)'
2025-11-03 17:57:02.677 +01:00 [INF] Route matched with {action = "QuizList", controller = "QuizAPI"}. Executing controller action with signature System.Threading.Tasks.Task`1[Microsoft.AspNetCore.Mvc.IActionResult] QuizList() on controller api.Controllers.QuizAPIController (api).
2025-11-03 17:57:02.698 +01:00 [INF] Executing OkObjectResult, writing value of type 'System.Linq.Enumerable+SelectListIterator`2[[api.Models.Quiz, api, Version=1.0.0.0, Culture=neutral, PublicKeyToken=null],[api.DTOs.QuizDto, api, Version=1.0.0.0, Culture=neutral, PublicKeyToken=null]]'.
2025-11-03 17:57:02.711 +01:00 [INF] Executed action api.Controllers.QuizAPIController.QuizList (api) in 33.5225ms
2025-11-03 17:57:02.712 +01:00 [INF] Executed endpoint 'api.Controllers.QuizAPIController.QuizList (api)'
2025-11-03 17:57:02.713 +01:00 [INF] Request finished HTTP/1.1 GET http://localhost:5082/api/quizapi/quizlist - 200 284 application/json; charset=utf-8 39.5322ms
2025-11-03 18:02:47.336 +01:00 [INF] Request starting HTTP/1.1 GET http://localhost:5082/api/quizapi/quizlist - null null
2025-11-03 18:02:47.360 +01:00 [INF] CORS policy execution successful.
2025-11-03 18:02:47.400 +01:00 [INF] Executing endpoint 'api.Controllers.QuizAPIController.QuizList (api)'
2025-11-03 18:02:47.411 +01:00 [INF] Route matched with {action = "QuizList", controller = "QuizAPI"}. Executing controller action with signature System.Threading.Tasks.Task`1[Microsoft.AspNetCore.Mvc.IActionResult] QuizList() on controller api.Controllers.QuizAPIController (api).
2025-11-03 18:02:47.556 +01:00 [INF] Executing OkObjectResult, writing value of type 'System.Linq.Enumerable+SelectListIterator`2[[api.Models.Quiz, api, Version=1.0.0.0, Culture=neutral, PublicKeyToken=null],[api.DTOs.QuizDto, api, Version=1.0.0.0, Culture=neutral, PublicKeyToken=null]]'.
2025-11-03 18:02:47.559 +01:00 [INF] Executed action api.Controllers.QuizAPIController.QuizList (api) in 147.1306ms
2025-11-03 18:02:47.559 +01:00 [INF] Executed endpoint 'api.Controllers.QuizAPIController.QuizList (api)'
2025-11-03 18:02:47.569 +01:00 [INF] Request finished HTTP/1.1 GET http://localhost:5082/api/quizapi/quizlist - 200 284 application/json; charset=utf-8 227.9123ms
2025-11-03 18:02:47.587 +01:00 [INF] Request starting HTTP/1.1 GET http://localhost:5082/api/quizapi/quizlist - null null
2025-11-03 18:02:47.628 +01:00 [INF] CORS policy execution successful.
2025-11-03 18:02:47.629 +01:00 [INF] Executing endpoint 'api.Controllers.QuizAPIController.QuizList (api)'
2025-11-03 18:02:47.629 +01:00 [INF] Route matched with {action = "QuizList", controller = "QuizAPI"}. Executing controller action with signature System.Threading.Tasks.Task`1[Microsoft.AspNetCore.Mvc.IActionResult] QuizList() on controller api.Controllers.QuizAPIController (api).
2025-11-03 18:02:47.652 +01:00 [INF] Executing OkObjectResult, writing value of type 'System.Linq.Enumerable+SelectListIterator`2[[api.Models.Quiz, api, Version=1.0.0.0, Culture=neutral, PublicKeyToken=null],[api.DTOs.QuizDto, api, Version=1.0.0.0, Culture=neutral, PublicKeyToken=null]]'.
2025-11-03 18:02:47.652 +01:00 [INF] Executed action api.Controllers.QuizAPIController.QuizList (api) in 22.9008ms
2025-11-03 18:02:47.653 +01:00 [INF] Executed endpoint 'api.Controllers.QuizAPIController.QuizList (api)'
2025-11-03 18:02:47.653 +01:00 [INF] Request finished HTTP/1.1 GET http://localhost:5082/api/quizapi/quizlist - 200 284 application/json; charset=utf-8 66.4143ms
2025-11-03 18:02:49.654 +01:00 [INF] Request starting HTTP/1.1 GET http://localhost:5082/api/takequizapi/takequizlist - null null
2025-11-03 18:02:49.654 +01:00 [INF] CORS policy execution successful.
2025-11-03 18:02:49.654 +01:00 [INF] Executing endpoint 'api.Controllers.TakeQuizApiController.GetAllQuizzes (api)'
2025-11-03 18:02:49.654 +01:00 [INF] Route matched with {action = "GetAllQuizzes", controller = "TakeQuizApi"}. Executing controller action with signature System.Threading.Tasks.Task`1[Microsoft.AspNetCore.Mvc.IActionResult] GetAllQuizzes() on controller api.Controllers.TakeQuizApiController (api).
2025-11-03 18:02:49.670 +01:00 [INF] Executing OkObjectResult, writing value of type 'System.Collections.Generic.List`1[[api.DTOs.QuizDto, api, Version=1.0.0.0, Culture=neutral, PublicKeyToken=null]]'.
2025-11-03 18:02:49.671 +01:00 [INF] Executed action api.Controllers.TakeQuizApiController.GetAllQuizzes (api) in 16.8413ms
2025-11-03 18:02:49.672 +01:00 [INF] Executed endpoint 'api.Controllers.TakeQuizApiController.GetAllQuizzes (api)'
2025-11-03 18:02:49.672 +01:00 [INF] Request finished HTTP/1.1 GET http://localhost:5082/api/takequizapi/takequizlist - 200 284 application/json; charset=utf-8 18.7584ms
2025-11-03 18:02:49.746 +01:00 [INF] Request starting HTTP/1.1 GET http://localhost:5082/api/takequizapi/takequizlist - null null
2025-11-03 18:02:49.746 +01:00 [INF] CORS policy execution successful.
2025-11-03 18:02:49.746 +01:00 [INF] Executing endpoint 'api.Controllers.TakeQuizApiController.GetAllQuizzes (api)'
2025-11-03 18:02:49.747 +01:00 [INF] Route matched with {action = "GetAllQuizzes", controller = "TakeQuizApi"}. Executing controller action with signature System.Threading.Tasks.Task`1[Microsoft.AspNetCore.Mvc.IActionResult] GetAllQuizzes() on controller api.Controllers.TakeQuizApiController (api).
2025-11-03 18:02:49.772 +01:00 [INF] Executing OkObjectResult, writing value of type 'System.Collections.Generic.List`1[[api.DTOs.QuizDto, api, Version=1.0.0.0, Culture=neutral, PublicKeyToken=null]]'.
2025-11-03 18:02:49.772 +01:00 [INF] Executed action api.Controllers.TakeQuizApiController.GetAllQuizzes (api) in 25.3541ms
2025-11-03 18:02:49.772 +01:00 [INF] Executed endpoint 'api.Controllers.TakeQuizApiController.GetAllQuizzes (api)'
2025-11-03 18:02:49.773 +01:00 [INF] Request finished HTTP/1.1 GET http://localhost:5082/api/takequizapi/takequizlist - 200 284 application/json; charset=utf-8 26.5817ms
2025-11-03 18:03:08.031 +01:00 [INF] Request starting HTTP/1.1 GET http://localhost:5082/api/quizapi/quizlist - null null
2025-11-03 18:03:08.032 +01:00 [INF] CORS policy execution successful.
2025-11-03 18:03:08.032 +01:00 [INF] Executing endpoint 'api.Controllers.QuizAPIController.QuizList (api)'
2025-11-03 18:03:08.032 +01:00 [INF] Route matched with {action = "QuizList", controller = "QuizAPI"}. Executing controller action with signature System.Threading.Tasks.Task`1[Microsoft.AspNetCore.Mvc.IActionResult] QuizList() on controller api.Controllers.QuizAPIController (api).
2025-11-03 18:03:08.043 +01:00 [INF] Executing OkObjectResult, writing value of type 'System.Linq.Enumerable+SelectListIterator`2[[api.Models.Quiz, api, Version=1.0.0.0, Culture=neutral, PublicKeyToken=null],[api.DTOs.QuizDto, api, Version=1.0.0.0, Culture=neutral, PublicKeyToken=null]]'.
2025-11-03 18:03:08.047 +01:00 [INF] Executed action api.Controllers.QuizAPIController.QuizList (api) in 14.16ms
2025-11-03 18:03:08.047 +01:00 [INF] Executed endpoint 'api.Controllers.QuizAPIController.QuizList (api)'
2025-11-03 18:03:08.047 +01:00 [INF] Request finished HTTP/1.1 GET http://localhost:5082/api/quizapi/quizlist - 200 284 application/json; charset=utf-8 16.2259ms
2025-11-03 18:03:08.108 +01:00 [INF] Request starting HTTP/1.1 GET http://localhost:5082/api/quizapi/quizlist - null null
2025-11-03 18:03:08.109 +01:00 [INF] CORS policy execution successful.
2025-11-03 18:03:08.109 +01:00 [INF] Executing endpoint 'api.Controllers.QuizAPIController.QuizList (api)'
2025-11-03 18:03:08.109 +01:00 [INF] Route matched with {action = "QuizList", controller = "QuizAPI"}. Executing controller action with signature System.Threading.Tasks.Task`1[Microsoft.AspNetCore.Mvc.IActionResult] QuizList() on controller api.Controllers.QuizAPIController (api).
2025-11-03 18:03:08.123 +01:00 [INF] Executing OkObjectResult, writing value of type 'System.Linq.Enumerable+SelectListIterator`2[[api.Models.Quiz, api, Version=1.0.0.0, Culture=neutral, PublicKeyToken=null],[api.DTOs.QuizDto, api, Version=1.0.0.0, Culture=neutral, PublicKeyToken=null]]'.
2025-11-03 18:03:08.124 +01:00 [INF] Executed action api.Controllers.QuizAPIController.QuizList (api) in 14.1393ms
2025-11-03 18:03:08.124 +01:00 [INF] Executed endpoint 'api.Controllers.QuizAPIController.QuizList (api)'
2025-11-03 18:03:08.124 +01:00 [INF] Request finished HTTP/1.1 GET http://localhost:5082/api/quizapi/quizlist - 200 284 application/json; charset=utf-8 15.6291ms
2025-11-03 18:03:08.958 +01:00 [INF] Request starting HTTP/1.1 GET http://localhost:5082/api/takequizapi/takequizlist - null null
2025-11-03 18:03:08.958 +01:00 [INF] CORS policy execution successful.
2025-11-03 18:03:08.958 +01:00 [INF] Executing endpoint 'api.Controllers.TakeQuizApiController.GetAllQuizzes (api)'
2025-11-03 18:03:08.958 +01:00 [INF] Route matched with {action = "GetAllQuizzes", controller = "TakeQuizApi"}. Executing controller action with signature System.Threading.Tasks.Task`1[Microsoft.AspNetCore.Mvc.IActionResult] GetAllQuizzes() on controller api.Controllers.TakeQuizApiController (api).
2025-11-03 18:03:08.968 +01:00 [INF] Executing OkObjectResult, writing value of type 'System.Collections.Generic.List`1[[api.DTOs.QuizDto, api, Version=1.0.0.0, Culture=neutral, PublicKeyToken=null]]'.
2025-11-03 18:03:08.969 +01:00 [INF] Executed action api.Controllers.TakeQuizApiController.GetAllQuizzes (api) in 10.3911ms
2025-11-03 18:03:08.969 +01:00 [INF] Executed endpoint 'api.Controllers.TakeQuizApiController.GetAllQuizzes (api)'
2025-11-03 18:03:08.969 +01:00 [INF] Request finished HTTP/1.1 GET http://localhost:5082/api/takequizapi/takequizlist - 200 284 application/json; charset=utf-8 11.4358ms
2025-11-03 18:03:09.026 +01:00 [INF] Request starting HTTP/1.1 GET http://localhost:5082/api/takequizapi/takequizlist - null null
2025-11-03 18:03:09.026 +01:00 [INF] CORS policy execution successful.
2025-11-03 18:03:09.026 +01:00 [INF] Executing endpoint 'api.Controllers.TakeQuizApiController.GetAllQuizzes (api)'
2025-11-03 18:03:09.026 +01:00 [INF] Route matched with {action = "GetAllQuizzes", controller = "TakeQuizApi"}. Executing controller action with signature System.Threading.Tasks.Task`1[Microsoft.AspNetCore.Mvc.IActionResult] GetAllQuizzes() on controller api.Controllers.TakeQuizApiController (api).
2025-11-03 18:03:09.034 +01:00 [INF] Executing OkObjectResult, writing value of type 'System.Collections.Generic.List`1[[api.DTOs.QuizDto, api, Version=1.0.0.0, Culture=neutral, PublicKeyToken=null]]'.
2025-11-03 18:03:09.034 +01:00 [INF] Executed action api.Controllers.TakeQuizApiController.GetAllQuizzes (api) in 7.8334ms
2025-11-03 18:03:09.034 +01:00 [INF] Executed endpoint 'api.Controllers.TakeQuizApiController.GetAllQuizzes (api)'
2025-11-03 18:03:09.035 +01:00 [INF] Request finished HTTP/1.1 GET http://localhost:5082/api/takequizapi/takequizlist - 200 284 application/json; charset=utf-8 8.8816ms
