2025-11-13 12:00:30.648 +01:00 [INF] User profile is available. Using 'C:\Users\Admin\AppData\Local\ASP.NET\DataProtection-Keys' as key repository and Windows DPAPI to encrypt keys at rest.
2025-11-13 12:00:30.730 +01:00 [INF] Now listening on: http://localhost:5082
2025-11-13 12:00:30.733 +01:00 [INF] Application started. Press Ctrl+C to shut down.
2025-11-13 12:00:30.733 +01:00 [INF] Hosting environment: Development
2025-11-13 12:00:30.733 +01:00 [INF] Content root path: C:\Users\Admin\OneDrive - OsloMet\FinalExamITPE3200\EXAMFAM\api
2025-11-13 12:00:37.104 +01:00 [WRN] As of ""2025-11-13T11:00:37.0661138+00:00"", the heartbeat has been running for ""00:00:02.3272677"" which is longer than ""00:00:01"". This could be caused by thread pool starvation.
2025-11-13 12:01:28.966 +01:00 [INF] Request starting HTTP/1.1 GET http://localhost:5082/images/Island.png - null null
2025-11-13 12:01:29.090 +01:00 [INF] Sending file. Request path: '/images/Island.png'. Physical path: 'C:\Users\Admin\OneDrive - OsloMet\FinalExamITPE3200\EXAMFAM\api\wwwroot\images\Island.png'
2025-11-13 12:01:29.095 +01:00 [INF] Request finished HTTP/1.1 GET http://localhost:5082/images/Island.png - 200 3722 image/png 137.1358ms
2025-11-13 12:01:29.166 +01:00 [INF] Request starting HTTP/1.1 GET http://localhost:5082/favicon.ico - null null
2025-11-13 12:01:29.339 +01:00 [INF] Request finished HTTP/1.1 GET http://localhost:5082/favicon.ico - 404 0 null 172.8462ms
2025-11-13 12:01:29.346 +01:00 [INF] Request reached the end of the middleware pipeline without being handled by application code. Request path: GET http://localhost:5082/favicon.ico, Response status code: 404
2025-11-13 12:04:36.911 +01:00 [INF] Request starting HTTP/1.1 GET http://localhost:5082/api/quizapi/quizlist - null null
2025-11-13 12:04:37.012 +01:00 [INF] CORS policy execution successful.
2025-11-13 12:04:37.035 +01:00 [INF] Executing endpoint 'api.Controllers.QuizAPIController.QuizList (api)'
2025-11-13 12:04:37.110 +01:00 [INF] Route matched with {action = "QuizList", controller = "QuizAPI"}. Executing controller action with signature System.Threading.Tasks.Task`1[Microsoft.AspNetCore.Mvc.IActionResult] QuizList() on controller api.Controllers.QuizAPIController (api).
2025-11-13 12:04:38.147 +01:00 [WRN] Compiling a query which loads related collections for more than one collection navigation, either via 'Include' or through projection, but no 'QuerySplittingBehavior' has been configured. By default, Entity Framework will use 'QuerySplittingBehavior.SingleQuery', which can potentially result in slow query performance. See https://go.microsoft.com/fwlink/?linkid=2134277 for more information. To identify the query that's triggering this warning call 'ConfigureWarnings(w => w.Throw(RelationalEventId.MultipleCollectionIncludeWarning))'.
2025-11-13 12:04:38.366 +01:00 [INF] Executing OkObjectResult, writing value of type 'System.Linq.Enumerable+SelectListIterator`2[[api.Models.Quiz, api, Version=1.0.0.0, Culture=neutral, PublicKeyToken=null],[api.DTOs.QuizDto, api, Version=1.0.0.0, Culture=neutral, PublicKeyToken=null]]'.
2025-11-13 12:04:38.561 +01:00 [INF] Executed action api.Controllers.QuizAPIController.QuizList (api) in 1443.4584ms
2025-11-13 12:04:38.561 +01:00 [INF] Executed endpoint 'api.Controllers.QuizAPIController.QuizList (api)'
2025-11-13 12:04:38.569 +01:00 [INF] Request finished HTTP/1.1 GET http://localhost:5082/api/quizapi/quizlist - 200 328 application/json; charset=utf-8 1669.5369ms
2025-11-13 12:04:38.570 +01:00 [INF] Request starting HTTP/1.1 GET http://localhost:5082/api/quizapi/quizlist - null null
2025-11-13 12:04:38.574 +01:00 [INF] CORS policy execution successful.
2025-11-13 12:04:38.582 +01:00 [INF] Executing endpoint 'api.Controllers.QuizAPIController.QuizList (api)'
2025-11-13 12:04:38.583 +01:00 [INF] Route matched with {action = "QuizList", controller = "QuizAPI"}. Executing controller action with signature System.Threading.Tasks.Task`1[Microsoft.AspNetCore.Mvc.IActionResult] QuizList() on controller api.Controllers.QuizAPIController (api).
2025-11-13 12:04:38.622 +01:00 [INF] Executing OkObjectResult, writing value of type 'System.Linq.Enumerable+SelectListIterator`2[[api.Models.Quiz, api, Version=1.0.0.0, Culture=neutral, PublicKeyToken=null],[api.DTOs.QuizDto, api, Version=1.0.0.0, Culture=neutral, PublicKeyToken=null]]'.
2025-11-13 12:04:38.623 +01:00 [INF] Executed action api.Controllers.QuizAPIController.QuizList (api) in 39.1766ms
2025-11-13 12:04:38.624 +01:00 [INF] Executed endpoint 'api.Controllers.QuizAPIController.QuizList (api)'
2025-11-13 12:04:38.625 +01:00 [INF] Request finished HTTP/1.1 GET http://localhost:5082/api/quizapi/quizlist - 200 328 application/json; charset=utf-8 54.7593ms
2025-11-13 12:04:40.863 +01:00 [INF] Request starting HTTP/1.1 GET http://localhost:5082/api/quizapi/11 - null null
2025-11-13 12:04:40.863 +01:00 [INF] CORS policy execution successful.
2025-11-13 12:04:40.864 +01:00 [INF] Executing endpoint 'api.Controllers.QuizAPIController.GetQuiz (api)'
2025-11-13 12:04:40.880 +01:00 [INF] Route matched with {action = "GetQuiz", controller = "QuizAPI"}. Executing controller action with signature System.Threading.Tasks.Task`1[Microsoft.AspNetCore.Mvc.IActionResult] GetQuiz(Int32) on controller api.Controllers.QuizAPIController (api).
2025-11-13 12:04:40.926 +01:00 [WRN] Compiling a query which loads related collections for more than one collection navigation, either via 'Include' or through projection, but no 'QuerySplittingBehavior' has been configured. By default, Entity Framework will use 'QuerySplittingBehavior.SingleQuery', which can potentially result in slow query performance. See https://go.microsoft.com/fwlink/?linkid=2134277 for more information. To identify the query that's triggering this warning call 'ConfigureWarnings(w => w.Throw(RelationalEventId.MultipleCollectionIncludeWarning))'.
2025-11-13 12:04:40.936 +01:00 [INF] Executing OkObjectResult, writing value of type 'api.Models.Quiz'.
2025-11-13 12:04:40.946 +01:00 [INF] Executed action api.Controllers.QuizAPIController.GetQuiz (api) in 65.2551ms
2025-11-13 12:04:40.946 +01:00 [INF] Executed endpoint 'api.Controllers.QuizAPIController.GetQuiz (api)'
2025-11-13 12:04:40.946 +01:00 [INF] Request finished HTTP/1.1 GET http://localhost:5082/api/quizapi/11 - 200 374 application/json; charset=utf-8 83.3008ms
2025-11-13 12:04:40.949 +01:00 [INF] Request starting HTTP/1.1 GET http://localhost:5082/api/quizapi/11 - null null
2025-11-13 12:04:40.949 +01:00 [INF] CORS policy execution successful.
2025-11-13 12:04:40.950 +01:00 [INF] Executing endpoint 'api.Controllers.QuizAPIController.GetQuiz (api)'
2025-11-13 12:04:40.950 +01:00 [INF] Route matched with {action = "GetQuiz", controller = "QuizAPI"}. Executing controller action with signature System.Threading.Tasks.Task`1[Microsoft.AspNetCore.Mvc.IActionResult] GetQuiz(Int32) on controller api.Controllers.QuizAPIController (api).
2025-11-13 12:04:40.954 +01:00 [INF] Executing OkObjectResult, writing value of type 'api.Models.Quiz'.
2025-11-13 12:04:40.955 +01:00 [INF] Executed action api.Controllers.QuizAPIController.GetQuiz (api) in 4.5783ms
2025-11-13 12:04:40.955 +01:00 [INF] Executed endpoint 'api.Controllers.QuizAPIController.GetQuiz (api)'
2025-11-13 12:04:40.955 +01:00 [INF] Request finished HTTP/1.1 GET http://localhost:5082/api/quizapi/11 - 200 374 application/json; charset=utf-8 6.2908ms
2025-11-13 12:08:19.921 +01:00 [INF] Request starting HTTP/1.1 GET http://localhost:5082/api/quizapi/quizlist - null null
2025-11-13 12:08:19.963 +01:00 [INF] CORS policy execution successful.
2025-11-13 12:08:19.987 +01:00 [INF] Executing endpoint 'api.Controllers.QuizAPIController.QuizList (api)'
2025-11-13 12:08:19.998 +01:00 [INF] Route matched with {action = "QuizList", controller = "QuizAPI"}. Executing controller action with signature System.Threading.Tasks.Task`1[Microsoft.AspNetCore.Mvc.IActionResult] QuizList() on controller api.Controllers.QuizAPIController (api).
2025-11-13 12:08:20.190 +01:00 [INF] Executing OkObjectResult, writing value of type 'System.Linq.Enumerable+SelectListIterator`2[[api.Models.Quiz, api, Version=1.0.0.0, Culture=neutral, PublicKeyToken=null],[api.DTOs.QuizDto, api, Version=1.0.0.0, Culture=neutral, PublicKeyToken=null]]'.
2025-11-13 12:08:20.206 +01:00 [INF] Executed action api.Controllers.QuizAPIController.QuizList (api) in 206.5849ms
2025-11-13 12:08:20.206 +01:00 [INF] Executed endpoint 'api.Controllers.QuizAPIController.QuizList (api)'
2025-11-13 12:08:20.208 +01:00 [INF] Request finished HTTP/1.1 GET http://localhost:5082/api/quizapi/quizlist - 200 328 application/json; charset=utf-8 299.1011ms
2025-11-13 12:08:20.211 +01:00 [INF] Request starting HTTP/1.1 GET http://localhost:5082/api/quizapi/quizlist - null null
2025-11-13 12:08:20.211 +01:00 [INF] CORS policy execution successful.
2025-11-13 12:08:20.212 +01:00 [INF] Executing endpoint 'api.Controllers.QuizAPIController.QuizList (api)'
2025-11-13 12:08:20.212 +01:00 [INF] Route matched with {action = "QuizList", controller = "QuizAPI"}. Executing controller action with signature System.Threading.Tasks.Task`1[Microsoft.AspNetCore.Mvc.IActionResult] QuizList() on controller api.Controllers.QuizAPIController (api).
2025-11-13 12:08:20.226 +01:00 [INF] Executing OkObjectResult, writing value of type 'System.Linq.Enumerable+SelectListIterator`2[[api.Models.Quiz, api, Version=1.0.0.0, Culture=neutral, PublicKeyToken=null],[api.DTOs.QuizDto, api, Version=1.0.0.0, Culture=neutral, PublicKeyToken=null]]'.
2025-11-13 12:08:20.227 +01:00 [INF] Executed action api.Controllers.QuizAPIController.QuizList (api) in 14.774ms
2025-11-13 12:08:20.227 +01:00 [INF] Executed endpoint 'api.Controllers.QuizAPIController.QuizList (api)'
2025-11-13 12:08:20.227 +01:00 [INF] Request finished HTTP/1.1 GET http://localhost:5082/api/quizapi/quizlist - 200 328 application/json; charset=utf-8 16.4938ms
2025-11-13 12:08:29.187 +01:00 [INF] Request starting HTTP/1.1 OPTIONS http://localhost:5082/api/Auth/login - null null
2025-11-13 12:08:29.192 +01:00 [INF] CORS policy execution successful.
2025-11-13 12:08:29.206 +01:00 [INF] Request finished HTTP/1.1 OPTIONS http://localhost:5082/api/Auth/login - 204 null null 19.7412ms
2025-11-13 12:08:29.214 +01:00 [INF] Request starting HTTP/1.1 POST http://localhost:5082/api/Auth/login - application/json 41
2025-11-13 12:08:29.216 +01:00 [INF] CORS policy execution successful.
2025-11-13 12:08:29.217 +01:00 [INF] Executing endpoint 'api.Controllers.AuthController.Login (api)'
2025-11-13 12:08:29.274 +01:00 [INF] Route matched with {action = "Login", controller = "Auth"}. Executing controller action with signature System.Threading.Tasks.Task`1[Microsoft.AspNetCore.Mvc.IActionResult] Login(api.DTOs.LoginDto) on controller api.Controllers.AuthController (api).
2025-11-13 12:08:29.960 +01:00 [INF] [AuthController] JWT token created for lena with roles Student
2025-11-13 12:08:30.371 +01:00 [INF] [AuthController] user authorised for lena
2025-11-13 12:08:30.371 +01:00 [INF] Executing OkObjectResult, writing value of type '<>f__AnonymousType1`1[[System.String, System.Private.CoreLib, Version=8.0.0.0, Culture=neutral, PublicKeyToken=7cec85d7bea7798e]]'.
2025-11-13 12:08:30.380 +01:00 [INF] Executed action api.Controllers.AuthController.Login (api) in 1106.2607ms
2025-11-13 12:08:30.380 +01:00 [INF] Executed endpoint 'api.Controllers.AuthController.Login (api)'
2025-11-13 12:08:30.381 +01:00 [INF] Request finished HTTP/1.1 POST http://localhost:5082/api/Auth/login - 200 665 application/json; charset=utf-8 1166.8425ms
2025-11-13 12:08:33.482 +01:00 [INF] Request starting HTTP/1.1 OPTIONS http://localhost:5082/api/takequizapi/takequizlist - null null
2025-11-13 12:08:33.482 +01:00 [INF] Request starting HTTP/1.1 OPTIONS http://localhost:5082/api/takequizapi/takequizlist - null null
2025-11-13 12:08:33.485 +01:00 [INF] CORS policy execution successful.
2025-11-13 12:08:33.485 +01:00 [INF] CORS policy execution successful.
2025-11-13 12:08:33.486 +01:00 [INF] Request finished HTTP/1.1 OPTIONS http://localhost:5082/api/takequizapi/takequizlist - 204 null null 4.1383ms
2025-11-13 12:08:33.486 +01:00 [INF] Request finished HTTP/1.1 OPTIONS http://localhost:5082/api/takequizapi/takequizlist - 204 null null 4.3292ms
2025-11-13 12:08:33.494 +01:00 [INF] Request starting HTTP/1.1 GET http://localhost:5082/api/takequizapi/takequizlist - application/json null
2025-11-13 12:08:33.496 +01:00 [INF] CORS policy execution successful.
2025-11-13 12:08:33.566 +01:00 [INF] Executing endpoint 'api.Controllers.TakeQuizApiController.GetAllQuizzes (api)'
2025-11-13 12:08:33.572 +01:00 [INF] Route matched with {action = "GetAllQuizzes", controller = "TakeQuizApi"}. Executing controller action with signature System.Threading.Tasks.Task`1[Microsoft.AspNetCore.Mvc.IActionResult] GetAllQuizzes() on controller api.Controllers.TakeQuizApiController (api).
2025-11-13 12:08:33.579 +01:00 [INF] Executing OkObjectResult, writing value of type 'System.Collections.Generic.List`1[[api.DTOs.QuizDto, api, Version=1.0.0.0, Culture=neutral, PublicKeyToken=null]]'.
2025-11-13 12:08:33.582 +01:00 [INF] Executed action api.Controllers.TakeQuizApiController.GetAllQuizzes (api) in 9.9578ms
2025-11-13 12:08:33.582 +01:00 [INF] Executed endpoint 'api.Controllers.TakeQuizApiController.GetAllQuizzes (api)'
2025-11-13 12:08:33.582 +01:00 [INF] Request finished HTTP/1.1 GET http://localhost:5082/api/takequizapi/takequizlist - 200 328 application/json; charset=utf-8 88.6299ms
2025-11-13 12:08:33.585 +01:00 [INF] Request starting HTTP/1.1 GET http://localhost:5082/api/takequizapi/takequizlist - application/json null
2025-11-13 12:08:33.585 +01:00 [INF] CORS policy execution successful.
2025-11-13 12:08:33.586 +01:00 [INF] Executing endpoint 'api.Controllers.TakeQuizApiController.GetAllQuizzes (api)'
2025-11-13 12:08:33.586 +01:00 [INF] Route matched with {action = "GetAllQuizzes", controller = "TakeQuizApi"}. Executing controller action with signature System.Threading.Tasks.Task`1[Microsoft.AspNetCore.Mvc.IActionResult] GetAllQuizzes() on controller api.Controllers.TakeQuizApiController (api).
2025-11-13 12:08:33.591 +01:00 [INF] Executing OkObjectResult, writing value of type 'System.Collections.Generic.List`1[[api.DTOs.QuizDto, api, Version=1.0.0.0, Culture=neutral, PublicKeyToken=null]]'.
2025-11-13 12:08:33.592 +01:00 [INF] Executed action api.Controllers.TakeQuizApiController.GetAllQuizzes (api) in 5.3766ms
2025-11-13 12:08:33.592 +01:00 [INF] Executed endpoint 'api.Controllers.TakeQuizApiController.GetAllQuizzes (api)'
2025-11-13 12:08:33.592 +01:00 [INF] Request finished HTTP/1.1 GET http://localhost:5082/api/takequizapi/takequizlist - 200 328 application/json; charset=utf-8 7.41ms
2025-11-13 12:08:35.287 +01:00 [INF] Request starting HTTP/1.1 OPTIONS http://localhost:5082/api/takequizapi/11 - null null
2025-11-13 12:08:35.287 +01:00 [INF] CORS policy execution successful.
2025-11-13 12:08:35.287 +01:00 [INF] Request starting HTTP/1.1 OPTIONS http://localhost:5082/api/takequizapi/11 - null null
2025-11-13 12:08:35.287 +01:00 [INF] CORS policy execution successful.
2025-11-13 12:08:35.287 +01:00 [INF] Request finished HTTP/1.1 OPTIONS http://localhost:5082/api/takequizapi/11 - 204 null null 0.7327ms
2025-11-13 12:08:35.287 +01:00 [INF] Request finished HTTP/1.1 OPTIONS http://localhost:5082/api/takequizapi/11 - 204 null null 0.4017ms
2025-11-13 12:08:35.291 +01:00 [INF] Request starting HTTP/1.1 GET http://localhost:5082/api/takequizapi/11 - application/json null
2025-11-13 12:08:35.291 +01:00 [INF] CORS policy execution successful.
2025-11-13 12:08:35.291 +01:00 [INF] Executing endpoint 'api.Controllers.TakeQuizApiController.GetQuiz (api)'
2025-11-13 12:08:35.298 +01:00 [INF] Route matched with {action = "GetQuiz", controller = "TakeQuizApi"}. Executing controller action with signature System.Threading.Tasks.Task`1[Microsoft.AspNetCore.Mvc.IActionResult] GetQuiz(Int32) on controller api.Controllers.TakeQuizApiController (api).
2025-11-13 12:08:35.304 +01:00 [INF] Executing OkObjectResult, writing value of type 'api.DTOs.QuizDto'.
2025-11-13 12:08:35.310 +01:00 [INF] Executed action api.Controllers.TakeQuizApiController.GetQuiz (api) in 11.7724ms
2025-11-13 12:08:35.310 +01:00 [INF] Executed endpoint 'api.Controllers.TakeQuizApiController.GetQuiz (api)'
2025-11-13 12:08:35.311 +01:00 [INF] Request finished HTTP/1.1 GET http://localhost:5082/api/takequizapi/11 - 200 320 application/json; charset=utf-8 19.8978ms
2025-11-13 12:08:35.313 +01:00 [INF] Request starting HTTP/1.1 GET http://localhost:5082/api/takequizapi/11 - application/json null
2025-11-13 12:08:35.313 +01:00 [INF] CORS policy execution successful.
2025-11-13 12:08:35.314 +01:00 [INF] Executing endpoint 'api.Controllers.TakeQuizApiController.GetQuiz (api)'
2025-11-13 12:08:35.314 +01:00 [INF] Route matched with {action = "GetQuiz", controller = "TakeQuizApi"}. Executing controller action with signature System.Threading.Tasks.Task`1[Microsoft.AspNetCore.Mvc.IActionResult] GetQuiz(Int32) on controller api.Controllers.TakeQuizApiController (api).
2025-11-13 12:08:35.318 +01:00 [INF] Executing OkObjectResult, writing value of type 'api.DTOs.QuizDto'.
2025-11-13 12:08:35.318 +01:00 [INF] Executed action api.Controllers.TakeQuizApiController.GetQuiz (api) in 3.6352ms
2025-11-13 12:08:35.318 +01:00 [INF] Executed endpoint 'api.Controllers.TakeQuizApiController.GetQuiz (api)'
2025-11-13 12:08:35.319 +01:00 [INF] Request finished HTTP/1.1 GET http://localhost:5082/api/takequizapi/11 - 200 320 application/json; charset=utf-8 5.3252ms
2025-11-13 12:11:25.367 +01:00 [INF] Application is shutting down...
