2025-10-31 16:53:35.503 +01:00 [INF] Now listening on: http://localhost:5082
2025-10-31 16:53:35.522 +01:00 [INF] Application started. Press Ctrl+C to shut down.
2025-10-31 16:53:35.524 +01:00 [INF] Hosting environment: Development
2025-10-31 16:53:35.524 +01:00 [INF] Content root path: C:\Users\Admin\OneDrive - OsloMet\FinalExamITPE3200\EXAMFAM\api
2025-10-31 16:53:56.347 +01:00 [WRN] As of ""2025-10-31T15:53:56.1703695+00:00"", the heartbeat has been running for ""00:00:02.4908321"" which is longer than ""00:00:01"". This could be caused by thread pool starvation.
2025-10-31 16:54:07.457 +01:00 [INF] Request starting HTTP/1.1 GET http://localhost:5082/api/quizapi/quizlist - null null
2025-10-31 16:54:07.686 +01:00 [INF] CORS policy execution successful.
2025-10-31 16:54:07.692 +01:00 [INF] Executing endpoint 'api.Controllers.QuizAPIController.QuizList (api)'
2025-10-31 16:54:07.760 +01:00 [INF] Route matched with {action = "QuizList", controller = "QuizAPI"}. Executing controller action with signature System.Threading.Tasks.Task`1[Microsoft.AspNetCore.Mvc.IActionResult] QuizList() on controller api.Controllers.QuizAPIController (api).
2025-10-31 16:54:12.227 +01:00 [WRN] As of ""2025-10-31T15:54:12.2250708+00:00"", the heartbeat has been running for ""00:00:02.9782796"" which is longer than ""00:00:01"". This could be caused by thread pool starvation.
2025-10-31 16:54:12.672 +01:00 [WRN] Compiling a query which loads related collections for more than one collection navigation, either via 'Include' or through projection, but no 'QuerySplittingBehavior' has been configured. By default, Entity Framework will use 'QuerySplittingBehavior.SingleQuery', which can potentially result in slow query performance. See https://go.microsoft.com/fwlink/?linkid=2134277 for more information. To identify the query that's triggering this warning call 'ConfigureWarnings(w => w.Throw(RelationalEventId.MultipleCollectionIncludeWarning))'.
2025-10-31 16:54:12.944 +01:00 [INF] Executing OkObjectResult, writing value of type 'System.Linq.Enumerable+SelectListIterator`2[[api.Models.Quiz, api, Version=1.0.0.0, Culture=neutral, PublicKeyToken=null],[api.DTOs.QuizDto, api, Version=1.0.0.0, Culture=neutral, PublicKeyToken=null]]'.
2025-10-31 16:54:13.159 +01:00 [INF] Executed action api.Controllers.QuizAPIController.QuizList (api) in 5392.1005ms
2025-10-31 16:54:13.160 +01:00 [INF] Executed endpoint 'api.Controllers.QuizAPIController.QuizList (api)'
2025-10-31 16:54:13.172 +01:00 [INF] Request finished HTTP/1.1 GET http://localhost:5082/api/quizapi/quizlist - 200 284 application/json; charset=utf-8 5722.9653ms
2025-10-31 16:54:13.176 +01:00 [INF] Request starting HTTP/1.1 GET http://localhost:5082/api/quizapi/quizlist - null null
2025-10-31 16:54:13.187 +01:00 [INF] CORS policy execution successful.
2025-10-31 16:54:13.188 +01:00 [INF] Executing endpoint 'api.Controllers.QuizAPIController.QuizList (api)'
2025-10-31 16:54:13.189 +01:00 [INF] Route matched with {action = "QuizList", controller = "QuizAPI"}. Executing controller action with signature System.Threading.Tasks.Task`1[Microsoft.AspNetCore.Mvc.IActionResult] QuizList() on controller api.Controllers.QuizAPIController (api).
2025-10-31 16:54:13.270 +01:00 [INF] Executing OkObjectResult, writing value of type 'System.Linq.Enumerable+SelectListIterator`2[[api.Models.Quiz, api, Version=1.0.0.0, Culture=neutral, PublicKeyToken=null],[api.DTOs.QuizDto, api, Version=1.0.0.0, Culture=neutral, PublicKeyToken=null]]'.
2025-10-31 16:54:13.271 +01:00 [INF] Executed action api.Controllers.QuizAPIController.QuizList (api) in 82.0951ms
2025-10-31 16:54:13.272 +01:00 [INF] Executed endpoint 'api.Controllers.QuizAPIController.QuizList (api)'
2025-10-31 16:54:13.273 +01:00 [INF] Request finished HTTP/1.1 GET http://localhost:5082/api/quizapi/quizlist - 200 284 application/json; charset=utf-8 96.4542ms
2025-10-31 16:54:15.982 +01:00 [INF] Request starting HTTP/1.1 GET http://localhost:5082/api/quizapi/7 - null null
2025-10-31 16:54:15.985 +01:00 [INF] CORS policy execution successful.
2025-10-31 16:54:15.986 +01:00 [INF] Executing endpoint 'api.Controllers.QuizAPIController.GetQuiz (api)'
2025-10-31 16:54:16.004 +01:00 [INF] Route matched with {action = "GetQuiz", controller = "QuizAPI"}. Executing controller action with signature System.Threading.Tasks.Task`1[Microsoft.AspNetCore.Mvc.IActionResult] GetQuiz(Int32) on controller api.Controllers.QuizAPIController (api).
2025-10-31 16:54:16.149 +01:00 [WRN] Compiling a query which loads related collections for more than one collection navigation, either via 'Include' or through projection, but no 'QuerySplittingBehavior' has been configured. By default, Entity Framework will use 'QuerySplittingBehavior.SingleQuery', which can potentially result in slow query performance. See https://go.microsoft.com/fwlink/?linkid=2134277 for more information. To identify the query that's triggering this warning call 'ConfigureWarnings(w => w.Throw(RelationalEventId.MultipleCollectionIncludeWarning))'.
2025-10-31 16:54:16.172 +01:00 [INF] Executing OkObjectResult, writing value of type 'api.Models.Quiz'.
2025-10-31 16:54:16.185 +01:00 [INF] Executed action api.Controllers.QuizAPIController.GetQuiz (api) in 180.5643ms
2025-10-31 16:54:16.185 +01:00 [INF] Executed endpoint 'api.Controllers.QuizAPIController.GetQuiz (api)'
2025-10-31 16:54:16.185 +01:00 [INF] Request finished HTTP/1.1 GET http://localhost:5082/api/quizapi/7 - 200 1368 application/json; charset=utf-8 203.2406ms
2025-10-31 16:54:16.189 +01:00 [INF] Request starting HTTP/1.1 GET http://localhost:5082/api/quizapi/7 - null null
2025-10-31 16:54:16.189 +01:00 [INF] CORS policy execution successful.
2025-10-31 16:54:16.189 +01:00 [INF] Executing endpoint 'api.Controllers.QuizAPIController.GetQuiz (api)'
2025-10-31 16:54:16.189 +01:00 [INF] Route matched with {action = "GetQuiz", controller = "QuizAPI"}. Executing controller action with signature System.Threading.Tasks.Task`1[Microsoft.AspNetCore.Mvc.IActionResult] GetQuiz(Int32) on controller api.Controllers.QuizAPIController (api).
2025-10-31 16:54:16.201 +01:00 [INF] Executing OkObjectResult, writing value of type 'api.Models.Quiz'.
2025-10-31 16:54:16.202 +01:00 [INF] Executed action api.Controllers.QuizAPIController.GetQuiz (api) in 11.9516ms
2025-10-31 16:54:16.202 +01:00 [INF] Executed endpoint 'api.Controllers.QuizAPIController.GetQuiz (api)'
2025-10-31 16:54:16.202 +01:00 [INF] Request finished HTTP/1.1 GET http://localhost:5082/api/quizapi/7 - 200 1368 application/json; charset=utf-8 13.6288ms
2025-10-31 16:54:19.367 +01:00 [INF] Request starting HTTP/1.1 GET http://localhost:5082/api/quizapi/quizlist - null null
2025-10-31 16:54:19.370 +01:00 [INF] CORS policy execution successful.
2025-10-31 16:54:19.370 +01:00 [INF] Executing endpoint 'api.Controllers.QuizAPIController.QuizList (api)'
2025-10-31 16:54:19.370 +01:00 [INF] Route matched with {action = "QuizList", controller = "QuizAPI"}. Executing controller action with signature System.Threading.Tasks.Task`1[Microsoft.AspNetCore.Mvc.IActionResult] QuizList() on controller api.Controllers.QuizAPIController (api).
2025-10-31 16:54:19.382 +01:00 [INF] Executing OkObjectResult, writing value of type 'System.Linq.Enumerable+SelectListIterator`2[[api.Models.Quiz, api, Version=1.0.0.0, Culture=neutral, PublicKeyToken=null],[api.DTOs.QuizDto, api, Version=1.0.0.0, Culture=neutral, PublicKeyToken=null]]'.
2025-10-31 16:54:19.382 +01:00 [INF] Executed action api.Controllers.QuizAPIController.QuizList (api) in 11.8476ms
2025-10-31 16:54:19.383 +01:00 [INF] Executed endpoint 'api.Controllers.QuizAPIController.QuizList (api)'
2025-10-31 16:54:19.383 +01:00 [INF] Request finished HTTP/1.1 GET http://localhost:5082/api/quizapi/quizlist - 200 284 application/json; charset=utf-8 15.6923ms
2025-10-31 16:54:19.385 +01:00 [INF] Request starting HTTP/1.1 GET http://localhost:5082/api/quizapi/quizlist - null null
2025-10-31 16:54:19.386 +01:00 [INF] CORS policy execution successful.
2025-10-31 16:54:19.386 +01:00 [INF] Executing endpoint 'api.Controllers.QuizAPIController.QuizList (api)'
2025-10-31 16:54:19.386 +01:00 [INF] Route matched with {action = "QuizList", controller = "QuizAPI"}. Executing controller action with signature System.Threading.Tasks.Task`1[Microsoft.AspNetCore.Mvc.IActionResult] QuizList() on controller api.Controllers.QuizAPIController (api).
2025-10-31 16:54:19.395 +01:00 [INF] Executing OkObjectResult, writing value of type 'System.Linq.Enumerable+SelectListIterator`2[[api.Models.Quiz, api, Version=1.0.0.0, Culture=neutral, PublicKeyToken=null],[api.DTOs.QuizDto, api, Version=1.0.0.0, Culture=neutral, PublicKeyToken=null]]'.
2025-10-31 16:54:19.396 +01:00 [INF] Executed action api.Controllers.QuizAPIController.QuizList (api) in 9.6418ms
2025-10-31 16:54:19.397 +01:00 [INF] Executed endpoint 'api.Controllers.QuizAPIController.QuizList (api)'
2025-10-31 16:54:19.397 +01:00 [INF] Request finished HTTP/1.1 GET http://localhost:5082/api/quizapi/quizlist - 200 284 application/json; charset=utf-8 11.573ms
2025-10-31 16:54:20.557 +01:00 [INF] Request starting HTTP/1.1 GET http://localhost:5082/api/quizapi/6 - null null
2025-10-31 16:54:20.558 +01:00 [INF] CORS policy execution successful.
2025-10-31 16:54:20.558 +01:00 [INF] Executing endpoint 'api.Controllers.QuizAPIController.GetQuiz (api)'
2025-10-31 16:54:20.558 +01:00 [INF] Route matched with {action = "GetQuiz", controller = "QuizAPI"}. Executing controller action with signature System.Threading.Tasks.Task`1[Microsoft.AspNetCore.Mvc.IActionResult] GetQuiz(Int32) on controller api.Controllers.QuizAPIController (api).
2025-10-31 16:54:20.563 +01:00 [INF] Executing OkObjectResult, writing value of type 'api.Models.Quiz'.
2025-10-31 16:54:20.565 +01:00 [INF] Executed action api.Controllers.QuizAPIController.GetQuiz (api) in 6.7827ms
2025-10-31 16:54:20.565 +01:00 [INF] Executed endpoint 'api.Controllers.QuizAPIController.GetQuiz (api)'
2025-10-31 16:54:20.566 +01:00 [INF] Request finished HTTP/1.1 GET http://localhost:5082/api/quizapi/6 - 200 1773 application/json; charset=utf-8 8.9464ms
2025-10-31 16:54:20.568 +01:00 [INF] Request starting HTTP/1.1 GET http://localhost:5082/api/quizapi/6 - null null
2025-10-31 16:54:20.569 +01:00 [INF] CORS policy execution successful.
2025-10-31 16:54:20.569 +01:00 [INF] Executing endpoint 'api.Controllers.QuizAPIController.GetQuiz (api)'
2025-10-31 16:54:20.569 +01:00 [INF] Route matched with {action = "GetQuiz", controller = "QuizAPI"}. Executing controller action with signature System.Threading.Tasks.Task`1[Microsoft.AspNetCore.Mvc.IActionResult] GetQuiz(Int32) on controller api.Controllers.QuizAPIController (api).
2025-10-31 16:54:20.572 +01:00 [INF] Executing OkObjectResult, writing value of type 'api.Models.Quiz'.
2025-10-31 16:54:20.573 +01:00 [INF] Executed action api.Controllers.QuizAPIController.GetQuiz (api) in 3.2909ms
2025-10-31 16:54:20.573 +01:00 [INF] Executed endpoint 'api.Controllers.QuizAPIController.GetQuiz (api)'
2025-10-31 16:54:20.573 +01:00 [INF] Request finished HTTP/1.1 GET http://localhost:5082/api/quizapi/6 - 200 1773 application/json; charset=utf-8 5.0997ms
2025-10-31 16:54:25.740 +01:00 [INF] Request starting HTTP/1.1 GET http://localhost:5082/api/quizapi/quizlist - null null
2025-10-31 16:54:25.740 +01:00 [INF] CORS policy execution successful.
2025-10-31 16:54:25.740 +01:00 [INF] Executing endpoint 'api.Controllers.QuizAPIController.QuizList (api)'
2025-10-31 16:54:25.740 +01:00 [INF] Route matched with {action = "QuizList", controller = "QuizAPI"}. Executing controller action with signature System.Threading.Tasks.Task`1[Microsoft.AspNetCore.Mvc.IActionResult] QuizList() on controller api.Controllers.QuizAPIController (api).
2025-10-31 16:54:25.743 +01:00 [INF] Executing OkObjectResult, writing value of type 'System.Linq.Enumerable+SelectListIterator`2[[api.Models.Quiz, api, Version=1.0.0.0, Culture=neutral, PublicKeyToken=null],[api.DTOs.QuizDto, api, Version=1.0.0.0, Culture=neutral, PublicKeyToken=null]]'.
2025-10-31 16:54:25.744 +01:00 [INF] Executed action api.Controllers.QuizAPIController.QuizList (api) in 3.9111ms
2025-10-31 16:54:25.744 +01:00 [INF] Executed endpoint 'api.Controllers.QuizAPIController.QuizList (api)'
2025-10-31 16:54:25.744 +01:00 [INF] Request finished HTTP/1.1 GET http://localhost:5082/api/quizapi/quizlist - 200 284 application/json; charset=utf-8 4.8375ms
2025-10-31 16:54:25.747 +01:00 [INF] Request starting HTTP/1.1 GET http://localhost:5082/api/quizapi/quizlist - null null
2025-10-31 16:54:25.747 +01:00 [INF] CORS policy execution successful.
2025-10-31 16:54:25.747 +01:00 [INF] Executing endpoint 'api.Controllers.QuizAPIController.QuizList (api)'
2025-10-31 16:54:25.747 +01:00 [INF] Route matched with {action = "QuizList", controller = "QuizAPI"}. Executing controller action with signature System.Threading.Tasks.Task`1[Microsoft.AspNetCore.Mvc.IActionResult] QuizList() on controller api.Controllers.QuizAPIController (api).
2025-10-31 16:54:25.750 +01:00 [INF] Executing OkObjectResult, writing value of type 'System.Linq.Enumerable+SelectListIterator`2[[api.Models.Quiz, api, Version=1.0.0.0, Culture=neutral, PublicKeyToken=null],[api.DTOs.QuizDto, api, Version=1.0.0.0, Culture=neutral, PublicKeyToken=null]]'.
2025-10-31 16:54:25.750 +01:00 [INF] Executed action api.Controllers.QuizAPIController.QuizList (api) in 3.3022ms
2025-10-31 16:54:25.751 +01:00 [INF] Executed endpoint 'api.Controllers.QuizAPIController.QuizList (api)'
2025-10-31 16:54:25.751 +01:00 [INF] Request finished HTTP/1.1 GET http://localhost:5082/api/quizapi/quizlist - 200 284 application/json; charset=utf-8 4.304ms
2025-10-31 16:54:27.124 +01:00 [INF] Request starting HTTP/1.1 GET http://localhost:5082/api/quizapi/1 - null null
2025-10-31 16:54:27.125 +01:00 [INF] CORS policy execution successful.
2025-10-31 16:54:27.125 +01:00 [INF] Executing endpoint 'api.Controllers.QuizAPIController.GetQuiz (api)'
2025-10-31 16:54:27.125 +01:00 [INF] Route matched with {action = "GetQuiz", controller = "QuizAPI"}. Executing controller action with signature System.Threading.Tasks.Task`1[Microsoft.AspNetCore.Mvc.IActionResult] GetQuiz(Int32) on controller api.Controllers.QuizAPIController (api).
2025-10-31 16:54:27.129 +01:00 [INF] Executing OkObjectResult, writing value of type 'api.Models.Quiz'.
2025-10-31 16:54:27.129 +01:00 [INF] Executed action api.Controllers.QuizAPIController.GetQuiz (api) in 4.1166ms
2025-10-31 16:54:27.129 +01:00 [INF] Executed endpoint 'api.Controllers.QuizAPIController.GetQuiz (api)'
2025-10-31 16:54:27.130 +01:00 [INF] Request finished HTTP/1.1 GET http://localhost:5082/api/quizapi/1 - 200 1327 application/json; charset=utf-8 5.1279ms
2025-10-31 16:54:27.133 +01:00 [INF] Request starting HTTP/1.1 GET http://localhost:5082/api/quizapi/1 - null null
2025-10-31 16:54:27.133 +01:00 [INF] CORS policy execution successful.
2025-10-31 16:54:27.134 +01:00 [INF] Executing endpoint 'api.Controllers.QuizAPIController.GetQuiz (api)'
2025-10-31 16:54:27.134 +01:00 [INF] Route matched with {action = "GetQuiz", controller = "QuizAPI"}. Executing controller action with signature System.Threading.Tasks.Task`1[Microsoft.AspNetCore.Mvc.IActionResult] GetQuiz(Int32) on controller api.Controllers.QuizAPIController (api).
2025-10-31 16:54:27.138 +01:00 [INF] Executing OkObjectResult, writing value of type 'api.Models.Quiz'.
2025-10-31 16:54:27.138 +01:00 [INF] Executed action api.Controllers.QuizAPIController.GetQuiz (api) in 4.2629ms
2025-10-31 16:54:27.139 +01:00 [INF] Executed endpoint 'api.Controllers.QuizAPIController.GetQuiz (api)'
2025-10-31 16:54:27.139 +01:00 [INF] Request finished HTTP/1.1 GET http://localhost:5082/api/quizapi/1 - 200 1327 application/json; charset=utf-8 6.0471ms
2025-10-31 16:54:31.198 +01:00 [INF] Request starting HTTP/1.1 GET http://localhost:5082/api/quizapi/quizlist - null null
2025-10-31 16:54:31.199 +01:00 [INF] CORS policy execution successful.
2025-10-31 16:54:31.199 +01:00 [INF] Executing endpoint 'api.Controllers.QuizAPIController.QuizList (api)'
2025-10-31 16:54:31.199 +01:00 [INF] Route matched with {action = "QuizList", controller = "QuizAPI"}. Executing controller action with signature System.Threading.Tasks.Task`1[Microsoft.AspNetCore.Mvc.IActionResult] QuizList() on controller api.Controllers.QuizAPIController (api).
2025-10-31 16:54:31.204 +01:00 [INF] Executing OkObjectResult, writing value of type 'System.Linq.Enumerable+SelectListIterator`2[[api.Models.Quiz, api, Version=1.0.0.0, Culture=neutral, PublicKeyToken=null],[api.DTOs.QuizDto, api, Version=1.0.0.0, Culture=neutral, PublicKeyToken=null]]'.
2025-10-31 16:54:31.204 +01:00 [INF] Executed action api.Controllers.QuizAPIController.QuizList (api) in 4.9978ms
2025-10-31 16:54:31.204 +01:00 [INF] Executed endpoint 'api.Controllers.QuizAPIController.QuizList (api)'
2025-10-31 16:54:31.205 +01:00 [INF] Request finished HTTP/1.1 GET http://localhost:5082/api/quizapi/quizlist - 200 284 application/json; charset=utf-8 6.2604ms
2025-10-31 16:54:31.207 +01:00 [INF] Request starting HTTP/1.1 GET http://localhost:5082/api/quizapi/quizlist - null null
2025-10-31 16:54:31.207 +01:00 [INF] CORS policy execution successful.
2025-10-31 16:54:31.207 +01:00 [INF] Executing endpoint 'api.Controllers.QuizAPIController.QuizList (api)'
2025-10-31 16:54:31.207 +01:00 [INF] Route matched with {action = "QuizList", controller = "QuizAPI"}. Executing controller action with signature System.Threading.Tasks.Task`1[Microsoft.AspNetCore.Mvc.IActionResult] QuizList() on controller api.Controllers.QuizAPIController (api).
2025-10-31 16:54:31.211 +01:00 [INF] Executing OkObjectResult, writing value of type 'System.Linq.Enumerable+SelectListIterator`2[[api.Models.Quiz, api, Version=1.0.0.0, Culture=neutral, PublicKeyToken=null],[api.DTOs.QuizDto, api, Version=1.0.0.0, Culture=neutral, PublicKeyToken=null]]'.
2025-10-31 16:54:31.212 +01:00 [INF] Executed action api.Controllers.QuizAPIController.QuizList (api) in 3.9929ms
2025-10-31 16:54:31.212 +01:00 [INF] Executed endpoint 'api.Controllers.QuizAPIController.QuizList (api)'
2025-10-31 16:54:31.212 +01:00 [INF] Request finished HTTP/1.1 GET http://localhost:5082/api/quizapi/quizlist - 200 284 application/json; charset=utf-8 5.4057ms
2025-10-31 16:54:32.531 +01:00 [INF] Request starting HTTP/1.1 GET http://localhost:5082/api/quizapi/3 - null null
2025-10-31 16:54:32.531 +01:00 [INF] CORS policy execution successful.
2025-10-31 16:54:32.531 +01:00 [INF] Executing endpoint 'api.Controllers.QuizAPIController.GetQuiz (api)'
2025-10-31 16:54:32.532 +01:00 [INF] Route matched with {action = "GetQuiz", controller = "QuizAPI"}. Executing controller action with signature System.Threading.Tasks.Task`1[Microsoft.AspNetCore.Mvc.IActionResult] GetQuiz(Int32) on controller api.Controllers.QuizAPIController (api).
2025-10-31 16:54:32.538 +01:00 [INF] Executing OkObjectResult, writing value of type 'api.Models.Quiz'.
2025-10-31 16:54:32.539 +01:00 [INF] Executed action api.Controllers.QuizAPIController.GetQuiz (api) in 7.2881ms
2025-10-31 16:54:32.539 +01:00 [INF] Executed endpoint 'api.Controllers.QuizAPIController.GetQuiz (api)'
2025-10-31 16:54:32.540 +01:00 [INF] Request finished HTTP/1.1 GET http://localhost:5082/api/quizapi/3 - 200 1457 application/json; charset=utf-8 9.0079ms
2025-10-31 16:54:32.542 +01:00 [INF] Request starting HTTP/1.1 GET http://localhost:5082/api/quizapi/3 - null null
2025-10-31 16:54:32.542 +01:00 [INF] CORS policy execution successful.
2025-10-31 16:54:32.542 +01:00 [INF] Executing endpoint 'api.Controllers.QuizAPIController.GetQuiz (api)'
2025-10-31 16:54:32.542 +01:00 [INF] Route matched with {action = "GetQuiz", controller = "QuizAPI"}. Executing controller action with signature System.Threading.Tasks.Task`1[Microsoft.AspNetCore.Mvc.IActionResult] GetQuiz(Int32) on controller api.Controllers.QuizAPIController (api).
2025-10-31 16:54:32.547 +01:00 [INF] Executing OkObjectResult, writing value of type 'api.Models.Quiz'.
2025-10-31 16:54:32.547 +01:00 [INF] Executed action api.Controllers.QuizAPIController.GetQuiz (api) in 4.9678ms
2025-10-31 16:54:32.547 +01:00 [INF] Executed endpoint 'api.Controllers.QuizAPIController.GetQuiz (api)'
2025-10-31 16:54:32.548 +01:00 [INF] Request finished HTTP/1.1 GET http://localhost:5082/api/quizapi/3 - 200 1457 application/json; charset=utf-8 6.1617ms
2025-10-31 16:54:35.316 +01:00 [INF] Request starting HTTP/1.1 GET http://localhost:5082/api/quizapi/quizlist - null null
2025-10-31 16:54:35.316 +01:00 [INF] CORS policy execution successful.
2025-10-31 16:54:35.317 +01:00 [INF] Executing endpoint 'api.Controllers.QuizAPIController.QuizList (api)'
2025-10-31 16:54:35.317 +01:00 [INF] Route matched with {action = "QuizList", controller = "QuizAPI"}. Executing controller action with signature System.Threading.Tasks.Task`1[Microsoft.AspNetCore.Mvc.IActionResult] QuizList() on controller api.Controllers.QuizAPIController (api).
2025-10-31 16:54:35.323 +01:00 [INF] Executing OkObjectResult, writing value of type 'System.Linq.Enumerable+SelectListIterator`2[[api.Models.Quiz, api, Version=1.0.0.0, Culture=neutral, PublicKeyToken=null],[api.DTOs.QuizDto, api, Version=1.0.0.0, Culture=neutral, PublicKeyToken=null]]'.
2025-10-31 16:54:35.324 +01:00 [INF] Executed action api.Controllers.QuizAPIController.QuizList (api) in 6.8575ms
2025-10-31 16:54:35.324 +01:00 [INF] Executed endpoint 'api.Controllers.QuizAPIController.QuizList (api)'
2025-10-31 16:54:35.325 +01:00 [INF] Request finished HTTP/1.1 GET http://localhost:5082/api/quizapi/quizlist - 200 284 application/json; charset=utf-8 9.0335ms
2025-10-31 16:54:35.328 +01:00 [INF] Request starting HTTP/1.1 GET http://localhost:5082/api/quizapi/quizlist - null null
2025-10-31 16:54:35.329 +01:00 [INF] CORS policy execution successful.
2025-10-31 16:54:35.330 +01:00 [INF] Executing endpoint 'api.Controllers.QuizAPIController.QuizList (api)'
2025-10-31 16:54:35.330 +01:00 [INF] Route matched with {action = "QuizList", controller = "QuizAPI"}. Executing controller action with signature System.Threading.Tasks.Task`1[Microsoft.AspNetCore.Mvc.IActionResult] QuizList() on controller api.Controllers.QuizAPIController (api).
2025-10-31 16:54:35.333 +01:00 [INF] Executing OkObjectResult, writing value of type 'System.Linq.Enumerable+SelectListIterator`2[[api.Models.Quiz, api, Version=1.0.0.0, Culture=neutral, PublicKeyToken=null],[api.DTOs.QuizDto, api, Version=1.0.0.0, Culture=neutral, PublicKeyToken=null]]'.
2025-10-31 16:54:35.333 +01:00 [INF] Executed action api.Controllers.QuizAPIController.QuizList (api) in 3.2982ms
2025-10-31 16:54:35.333 +01:00 [INF] Executed endpoint 'api.Controllers.QuizAPIController.QuizList (api)'
2025-10-31 16:54:35.334 +01:00 [INF] Request finished HTTP/1.1 GET http://localhost:5082/api/quizapi/quizlist - 200 284 application/json; charset=utf-8 5.4361ms
2025-10-31 16:54:36.677 +01:00 [INF] Request starting HTTP/1.1 GET http://localhost:5082/api/quizapi/6 - null null
2025-10-31 16:54:36.677 +01:00 [INF] CORS policy execution successful.
2025-10-31 16:54:36.677 +01:00 [INF] Executing endpoint 'api.Controllers.QuizAPIController.GetQuiz (api)'
2025-10-31 16:54:36.678 +01:00 [INF] Route matched with {action = "GetQuiz", controller = "QuizAPI"}. Executing controller action with signature System.Threading.Tasks.Task`1[Microsoft.AspNetCore.Mvc.IActionResult] GetQuiz(Int32) on controller api.Controllers.QuizAPIController (api).
2025-10-31 16:54:36.682 +01:00 [INF] Executing OkObjectResult, writing value of type 'api.Models.Quiz'.
2025-10-31 16:54:36.683 +01:00 [INF] Executed action api.Controllers.QuizAPIController.GetQuiz (api) in 5.1437ms
2025-10-31 16:54:36.683 +01:00 [INF] Executed endpoint 'api.Controllers.QuizAPIController.GetQuiz (api)'
2025-10-31 16:54:36.684 +01:00 [INF] Request finished HTTP/1.1 GET http://localhost:5082/api/quizapi/6 - 200 1773 application/json; charset=utf-8 7.0248ms
2025-10-31 16:54:36.686 +01:00 [INF] Request starting HTTP/1.1 GET http://localhost:5082/api/quizapi/6 - null null
2025-10-31 16:54:36.686 +01:00 [INF] CORS policy execution successful.
2025-10-31 16:54:36.686 +01:00 [INF] Executing endpoint 'api.Controllers.QuizAPIController.GetQuiz (api)'
2025-10-31 16:54:36.686 +01:00 [INF] Route matched with {action = "GetQuiz", controller = "QuizAPI"}. Executing controller action with signature System.Threading.Tasks.Task`1[Microsoft.AspNetCore.Mvc.IActionResult] GetQuiz(Int32) on controller api.Controllers.QuizAPIController (api).
2025-10-31 16:54:36.689 +01:00 [INF] Executing OkObjectResult, writing value of type 'api.Models.Quiz'.
2025-10-31 16:54:36.690 +01:00 [INF] Executed action api.Controllers.QuizAPIController.GetQuiz (api) in 3.1115ms
2025-10-31 16:54:36.690 +01:00 [INF] Executed endpoint 'api.Controllers.QuizAPIController.GetQuiz (api)'
2025-10-31 16:54:36.690 +01:00 [INF] Request finished HTTP/1.1 GET http://localhost:5082/api/quizapi/6 - 200 1773 application/json; charset=utf-8 4.2589ms
2025-10-31 16:54:43.513 +01:00 [INF] Request starting HTTP/1.1 GET http://localhost:5082/api/quizapi/quizlist - null null
2025-10-31 16:54:43.513 +01:00 [INF] CORS policy execution successful.
2025-10-31 16:54:43.513 +01:00 [INF] Executing endpoint 'api.Controllers.QuizAPIController.QuizList (api)'
2025-10-31 16:54:43.514 +01:00 [INF] Route matched with {action = "QuizList", controller = "QuizAPI"}. Executing controller action with signature System.Threading.Tasks.Task`1[Microsoft.AspNetCore.Mvc.IActionResult] QuizList() on controller api.Controllers.QuizAPIController (api).
2025-10-31 16:54:43.518 +01:00 [INF] Executing OkObjectResult, writing value of type 'System.Linq.Enumerable+SelectListIterator`2[[api.Models.Quiz, api, Version=1.0.0.0, Culture=neutral, PublicKeyToken=null],[api.DTOs.QuizDto, api, Version=1.0.0.0, Culture=neutral, PublicKeyToken=null]]'.
2025-10-31 16:54:43.518 +01:00 [INF] Executed action api.Controllers.QuizAPIController.QuizList (api) in 4.4586ms
2025-10-31 16:54:43.518 +01:00 [INF] Executed endpoint 'api.Controllers.QuizAPIController.QuizList (api)'
2025-10-31 16:54:43.518 +01:00 [INF] Request finished HTTP/1.1 GET http://localhost:5082/api/quizapi/quizlist - 200 284 application/json; charset=utf-8 5.4076ms
2025-10-31 16:54:43.521 +01:00 [INF] Request starting HTTP/1.1 GET http://localhost:5082/api/quizapi/quizlist - null null
2025-10-31 16:54:43.522 +01:00 [INF] CORS policy execution successful.
2025-10-31 16:54:43.522 +01:00 [INF] Executing endpoint 'api.Controllers.QuizAPIController.QuizList (api)'
2025-10-31 16:54:43.522 +01:00 [INF] Route matched with {action = "QuizList", controller = "QuizAPI"}. Executing controller action with signature System.Threading.Tasks.Task`1[Microsoft.AspNetCore.Mvc.IActionResult] QuizList() on controller api.Controllers.QuizAPIController (api).
2025-10-31 16:54:43.530 +01:00 [INF] Executing OkObjectResult, writing value of type 'System.Linq.Enumerable+SelectListIterator`2[[api.Models.Quiz, api, Version=1.0.0.0, Culture=neutral, PublicKeyToken=null],[api.DTOs.QuizDto, api, Version=1.0.0.0, Culture=neutral, PublicKeyToken=null]]'.
2025-10-31 16:54:43.530 +01:00 [INF] Executed action api.Controllers.QuizAPIController.QuizList (api) in 7.6266ms
2025-10-31 16:54:43.530 +01:00 [INF] Executed endpoint 'api.Controllers.QuizAPIController.QuizList (api)'
2025-10-31 16:54:43.530 +01:00 [INF] Request finished HTTP/1.1 GET http://localhost:5082/api/quizapi/quizlist - 200 284 application/json; charset=utf-8 8.7519ms
2025-10-31 16:54:50.438 +01:00 [INF] Application is shutting down...
