2025-10-27 09:28:25.448 +01:00 [INF] Now listening on: http://localhost:5082
2025-10-27 09:28:25.466 +01:00 [INF] Application started. Press Ctrl+C to shut down.
2025-10-27 09:28:25.467 +01:00 [INF] Hosting environment: Development
2025-10-27 09:28:25.468 +01:00 [INF] Content root path: C:\Users\Admin\OneDrive - OsloMet\FinalExamITPE3200\EXAMFAM\api
2025-10-27 09:28:29.031 +01:00 [INF] Request starting HTTP/1.1 GET http://localhost:5082/api/quizapi/quizlist - null null
2025-10-27 09:28:29.077 +01:00 [INF] CORS policy execution successful.
2025-10-27 09:28:29.080 +01:00 [INF] Executing endpoint 'api.Controllers.QuizAPIController.QuizList (api)'
2025-10-27 09:28:29.108 +01:00 [INF] Route matched with {action = "QuizList", controller = "QuizAPI"}. Executing controller action with signature System.Threading.Tasks.Task`1[Microsoft.AspNetCore.Mvc.IActionResult] QuizList() on controller api.Controllers.QuizAPIController (api).
2025-10-27 09:28:30.145 +01:00 [WRN] Compiling a query which loads related collections for more than one collection navigation, either via 'Include' or through projection, but no 'QuerySplittingBehavior' has been configured. By default, Entity Framework will use 'QuerySplittingBehavior.SingleQuery', which can potentially result in slow query performance. See https://go.microsoft.com/fwlink/?linkid=2134277 for more information. To identify the query that's triggering this warning call 'ConfigureWarnings(w => w.Throw(RelationalEventId.MultipleCollectionIncludeWarning))'.
2025-10-27 09:28:30.352 +01:00 [INF] Executing OkObjectResult, writing value of type 'System.Linq.Enumerable+SelectListIterator`2[[api.Models.Quiz, api, Version=1.0.0.0, Culture=neutral, PublicKeyToken=null],[api.DTOs.QuizDto, api, Version=1.0.0.0, Culture=neutral, PublicKeyToken=null]]'.
2025-10-27 09:28:30.451 +01:00 [INF] Executed action api.Controllers.QuizAPIController.QuizList (api) in 1337.4552ms
2025-10-27 09:28:30.452 +01:00 [INF] Executed endpoint 'api.Controllers.QuizAPIController.QuizList (api)'
2025-10-27 09:28:30.462 +01:00 [INF] Request finished HTTP/1.1 GET http://localhost:5082/api/quizapi/quizlist - 200 43 application/json; charset=utf-8 1432.3554ms
2025-10-27 09:28:30.465 +01:00 [INF] Request starting HTTP/1.1 GET http://localhost:5082/api/quizapi/quizlist - null null
2025-10-27 09:28:30.469 +01:00 [INF] CORS policy execution successful.
2025-10-27 09:28:30.469 +01:00 [INF] Executing endpoint 'api.Controllers.QuizAPIController.QuizList (api)'
2025-10-27 09:28:30.469 +01:00 [INF] Route matched with {action = "QuizList", controller = "QuizAPI"}. Executing controller action with signature System.Threading.Tasks.Task`1[Microsoft.AspNetCore.Mvc.IActionResult] QuizList() on controller api.Controllers.QuizAPIController (api).
2025-10-27 09:28:30.498 +01:00 [INF] Executing OkObjectResult, writing value of type 'System.Linq.Enumerable+SelectListIterator`2[[api.Models.Quiz, api, Version=1.0.0.0, Culture=neutral, PublicKeyToken=null],[api.DTOs.QuizDto, api, Version=1.0.0.0, Culture=neutral, PublicKeyToken=null]]'.
2025-10-27 09:28:30.499 +01:00 [INF] Executed action api.Controllers.QuizAPIController.QuizList (api) in 29.2003ms
2025-10-27 09:28:30.499 +01:00 [INF] Executed endpoint 'api.Controllers.QuizAPIController.QuizList (api)'
2025-10-27 09:28:30.499 +01:00 [INF] Request finished HTTP/1.1 GET http://localhost:5082/api/quizapi/quizlist - 200 43 application/json; charset=utf-8 34.2973ms
2025-10-27 09:29:00.392 +01:00 [INF] Request starting HTTP/1.1 OPTIONS http://localhost:5082/api/QuizAPI/create - null null
2025-10-27 09:29:00.416 +01:00 [INF] CORS policy execution successful.
2025-10-27 09:29:00.424 +01:00 [INF] Request finished HTTP/1.1 OPTIONS http://localhost:5082/api/QuizAPI/create - 204 null null 33.7684ms
2025-10-27 09:29:00.432 +01:00 [INF] Request starting HTTP/1.1 POST http://localhost:5082/api/QuizAPI/create - application/json 129
2025-10-27 09:29:00.433 +01:00 [INF] CORS policy execution successful.
2025-10-27 09:29:00.434 +01:00 [INF] Executing endpoint 'api.Controllers.QuizAPIController.Create (api)'
2025-10-27 09:29:00.494 +01:00 [INF] Route matched with {action = "Create", controller = "QuizAPI"}. Executing controller action with signature System.Threading.Tasks.Task`1[Microsoft.AspNetCore.Mvc.IActionResult] Create(api.DTOs.QuizDto) on controller api.Controllers.QuizAPIController (api).
2025-10-27 09:29:01.033 +01:00 [INF] Executing CreatedAtActionResult, writing value of type 'api.Models.Quiz'.
2025-10-27 09:29:01.088 +01:00 [INF] Executed action api.Controllers.QuizAPIController.Create (api) in 593.1734ms
2025-10-27 09:29:01.088 +01:00 [INF] Executed endpoint 'api.Controllers.QuizAPIController.Create (api)'
2025-10-27 09:29:01.088 +01:00 [INF] Request finished HTTP/1.1 POST http://localhost:5082/api/QuizAPI/create - 201 234 application/json; charset=utf-8 656.4204ms
2025-10-27 09:29:01.126 +01:00 [INF] Request starting HTTP/1.1 GET http://localhost:5082/api/quizapi/quizlist - null null
2025-10-27 09:29:01.128 +01:00 [INF] CORS policy execution successful.
2025-10-27 09:29:01.129 +01:00 [INF] Executing endpoint 'api.Controllers.QuizAPIController.QuizList (api)'
2025-10-27 09:29:01.129 +01:00 [INF] Route matched with {action = "QuizList", controller = "QuizAPI"}. Executing controller action with signature System.Threading.Tasks.Task`1[Microsoft.AspNetCore.Mvc.IActionResult] QuizList() on controller api.Controllers.QuizAPIController (api).
2025-10-27 09:29:01.137 +01:00 [INF] Executing OkObjectResult, writing value of type 'System.Linq.Enumerable+SelectListIterator`2[[api.Models.Quiz, api, Version=1.0.0.0, Culture=neutral, PublicKeyToken=null],[api.DTOs.QuizDto, api, Version=1.0.0.0, Culture=neutral, PublicKeyToken=null]]'.
2025-10-27 09:29:01.137 +01:00 [INF] Executed action api.Controllers.QuizAPIController.QuizList (api) in 7.9357ms
2025-10-27 09:29:01.137 +01:00 [INF] Executed endpoint 'api.Controllers.QuizAPIController.QuizList (api)'
2025-10-27 09:29:01.138 +01:00 [INF] Request finished HTTP/1.1 GET http://localhost:5082/api/quizapi/quizlist - 200 86 application/json; charset=utf-8 11.5749ms
2025-10-27 09:29:01.140 +01:00 [INF] Request starting HTTP/1.1 GET http://localhost:5082/api/quizapi/quizlist - null null
2025-10-27 09:29:01.141 +01:00 [INF] CORS policy execution successful.
2025-10-27 09:29:01.141 +01:00 [INF] Executing endpoint 'api.Controllers.QuizAPIController.QuizList (api)'
2025-10-27 09:29:01.141 +01:00 [INF] Route matched with {action = "QuizList", controller = "QuizAPI"}. Executing controller action with signature System.Threading.Tasks.Task`1[Microsoft.AspNetCore.Mvc.IActionResult] QuizList() on controller api.Controllers.QuizAPIController (api).
2025-10-27 09:29:01.144 +01:00 [INF] Executing OkObjectResult, writing value of type 'System.Linq.Enumerable+SelectListIterator`2[[api.Models.Quiz, api, Version=1.0.0.0, Culture=neutral, PublicKeyToken=null],[api.DTOs.QuizDto, api, Version=1.0.0.0, Culture=neutral, PublicKeyToken=null]]'.
2025-10-27 09:29:01.145 +01:00 [INF] Executed action api.Controllers.QuizAPIController.QuizList (api) in 3.4237ms
2025-10-27 09:29:01.145 +01:00 [INF] Executed endpoint 'api.Controllers.QuizAPIController.QuizList (api)'
2025-10-27 09:29:01.146 +01:00 [INF] Request finished HTTP/1.1 GET http://localhost:5082/api/quizapi/quizlist - 200 86 application/json; charset=utf-8 5.3319ms
2025-10-27 09:29:25.473 +01:00 [INF] Application is shutting down...
