2025-11-10 21:32:23.562 +01:00 [INF] User profile is available. Using 'C:\Users\Admin\AppData\Local\ASP.NET\DataProtection-Keys' as key repository and Windows DPAPI to encrypt keys at rest.
2025-11-10 21:32:23.684 +01:00 [INF] Now listening on: http://localhost:5082
2025-11-10 21:32:23.688 +01:00 [INF] Application started. Press Ctrl+C to shut down.
2025-11-10 21:32:23.688 +01:00 [INF] Hosting environment: Development
2025-11-10 21:32:23.688 +01:00 [INF] Content root path: C:\Users\Admin\OneDrive - OsloMet\FinalExamITPE3200\EXAMFAM\api
2025-11-10 21:32:51.362 +01:00 [INF] Request starting HTTP/1.1 OPTIONS http://localhost:5082/api/Auth/register - null null
2025-11-10 21:32:51.495 +01:00 [INF] CORS policy execution successful.
2025-11-10 21:32:51.509 +01:00 [INF] Request finished HTTP/1.1 OPTIONS http://localhost:5082/api/Auth/register - 204 null null 160.7239ms
2025-11-10 21:32:51.515 +01:00 [INF] Request starting HTTP/1.1 POST http://localhost:5082/api/Auth/register - application/json 71
2025-11-10 21:32:51.520 +01:00 [INF] CORS policy execution successful.
2025-11-10 21:32:51.656 +01:00 [INF] Executing endpoint 'api.Controllers.AuthController.Register (api)'
2025-11-10 21:32:51.700 +01:00 [INF] Route matched with {action = "Register", controller = "Auth"}. Executing controller action with signature System.Threading.Tasks.Task`1[Microsoft.AspNetCore.Mvc.IActionResult] Register(api.DTOs.RegisterDto) on controller api.Controllers.AuthController (api).
2025-11-10 21:32:51.996 +01:00 [WRN] [AuthAPIController] user registration failed for hello123
2025-11-10 21:32:52.000 +01:00 [INF] Executing BadRequestObjectResult, writing value of type 'System.Collections.Generic.List`1[[Microsoft.AspNetCore.Identity.IdentityError, Microsoft.Extensions.Identity.Core, Version=8.0.0.0, Culture=neutral, PublicKeyToken=adb9793829ddae60]]'.
2025-11-10 21:32:52.028 +01:00 [INF] Executed action api.Controllers.AuthController.Register (api) in 324.0849ms
2025-11-10 21:32:52.029 +01:00 [INF] Executed endpoint 'api.Controllers.AuthController.Register (api)'
2025-11-10 21:32:52.030 +01:00 [INF] Request finished HTTP/1.1 POST http://localhost:5082/api/Auth/register - 400 408 application/json; charset=utf-8 515.4774ms
2025-11-10 21:32:58.711 +01:00 [INF] Request starting HTTP/1.1 OPTIONS http://localhost:5082/api/Auth/register - null null
2025-11-10 21:32:58.713 +01:00 [INF] CORS policy execution successful.
2025-11-10 21:32:58.713 +01:00 [INF] Request finished HTTP/1.1 OPTIONS http://localhost:5082/api/Auth/register - 204 null null 1.8188ms
2025-11-10 21:32:58.715 +01:00 [INF] Request starting HTTP/1.1 POST http://localhost:5082/api/Auth/register - application/json 74
2025-11-10 21:32:58.715 +01:00 [INF] CORS policy execution successful.
2025-11-10 21:32:58.717 +01:00 [INF] Executing endpoint 'api.Controllers.AuthController.Register (api)'
2025-11-10 21:32:58.717 +01:00 [INF] Route matched with {action = "Register", controller = "Auth"}. Executing controller action with signature System.Threading.Tasks.Task`1[Microsoft.AspNetCore.Mvc.IActionResult] Register(api.DTOs.RegisterDto) on controller api.Controllers.AuthController (api).
2025-11-10 21:32:58.733 +01:00 [WRN] [AuthAPIController] user registration failed for hello123
2025-11-10 21:32:58.734 +01:00 [INF] Executing BadRequestObjectResult, writing value of type 'System.Collections.Generic.List`1[[Microsoft.AspNetCore.Identity.IdentityError, Microsoft.Extensions.Identity.Core, Version=8.0.0.0, Culture=neutral, PublicKeyToken=adb9793829ddae60]]'.
2025-11-10 21:32:58.735 +01:00 [INF] Executed action api.Controllers.AuthController.Register (api) in 17.7108ms
2025-11-10 21:32:58.735 +01:00 [INF] Executed endpoint 'api.Controllers.AuthController.Register (api)'
2025-11-10 21:32:58.735 +01:00 [INF] Request finished HTTP/1.1 POST http://localhost:5082/api/Auth/register - 400 121 application/json; charset=utf-8 20.5273ms
2025-11-10 21:33:02.174 +01:00 [INF] Request starting HTTP/1.1 POST http://localhost:5082/api/Auth/register - application/json 75
2025-11-10 21:33:02.175 +01:00 [INF] CORS policy execution successful.
2025-11-10 21:33:02.181 +01:00 [INF] Executing endpoint 'api.Controllers.AuthController.Register (api)'
2025-11-10 21:33:02.181 +01:00 [INF] Route matched with {action = "Register", controller = "Auth"}. Executing controller action with signature System.Threading.Tasks.Task`1[Microsoft.AspNetCore.Mvc.IActionResult] Register(api.DTOs.RegisterDto) on controller api.Controllers.AuthController (api).
2025-11-10 21:33:03.750 +01:00 [WRN] [AuthAPIController] user registration failed for hello123
2025-11-10 21:33:03.750 +01:00 [INF] Executing BadRequestObjectResult, writing value of type 'System.Collections.Generic.List`1[[Microsoft.AspNetCore.Identity.IdentityError, Microsoft.Extensions.Identity.Core, Version=8.0.0.0, Culture=neutral, PublicKeyToken=adb9793829ddae60]]'.
2025-11-10 21:33:03.751 +01:00 [INF] Executed action api.Controllers.AuthController.Register (api) in 1569.4013ms
2025-11-10 21:33:03.751 +01:00 [INF] Executed endpoint 'api.Controllers.AuthController.Register (api)'
2025-11-10 21:33:03.757 +01:00 [INF] Request finished HTTP/1.1 POST http://localhost:5082/api/Auth/register - 400 84 application/json; charset=utf-8 1582.9861ms
2025-11-10 21:33:09.530 +01:00 [INF] Request starting HTTP/1.1 OPTIONS http://localhost:5082/api/Auth/register - null null
2025-11-10 21:33:09.531 +01:00 [INF] CORS policy execution successful.
2025-11-10 21:33:09.531 +01:00 [INF] Request finished HTTP/1.1 OPTIONS http://localhost:5082/api/Auth/register - 204 null null 3.2135ms
2025-11-10 21:33:09.534 +01:00 [INF] Request starting HTTP/1.1 POST http://localhost:5082/api/Auth/register - application/json 77
2025-11-10 21:33:09.535 +01:00 [INF] CORS policy execution successful.
2025-11-10 21:33:09.535 +01:00 [INF] Executing endpoint 'api.Controllers.AuthController.Register (api)'
2025-11-10 21:33:09.535 +01:00 [INF] Route matched with {action = "Register", controller = "Auth"}. Executing controller action with signature System.Threading.Tasks.Task`1[Microsoft.AspNetCore.Mvc.IActionResult] Register(api.DTOs.RegisterDto) on controller api.Controllers.AuthController (api).
2025-11-10 21:33:09.831 +01:00 [INF] [AuthAPIController] user registered for hello12345
2025-11-10 21:33:09.834 +01:00 [INF] Executing OkObjectResult, writing value of type '<>f__AnonymousType0`1[[System.String, System.Private.CoreLib, Version=8.0.0.0, Culture=neutral, PublicKeyToken=7cec85d7bea7798e]]'.
2025-11-10 21:33:09.852 +01:00 [INF] Executed action api.Controllers.AuthController.Register (api) in 317.0219ms
2025-11-10 21:33:09.853 +01:00 [INF] Executed endpoint 'api.Controllers.AuthController.Register (api)'
2025-11-10 21:33:09.853 +01:00 [INF] Request finished HTTP/1.1 POST http://localhost:5082/api/Auth/register - 200 42 application/json; charset=utf-8 318.8478ms
2025-11-10 21:33:14.680 +01:00 [INF] Request starting HTTP/1.1 OPTIONS http://localhost:5082/api/Auth/login - null null
2025-11-10 21:33:14.680 +01:00 [INF] CORS policy execution successful.
2025-11-10 21:33:14.681 +01:00 [INF] Request finished HTTP/1.1 OPTIONS http://localhost:5082/api/Auth/login - 204 null null 0.7091ms
2025-11-10 21:33:14.682 +01:00 [INF] Request starting HTTP/1.1 POST http://localhost:5082/api/Auth/login - application/json 48
2025-11-10 21:33:14.683 +01:00 [INF] CORS policy execution successful.
2025-11-10 21:33:14.683 +01:00 [INF] Executing endpoint 'api.Controllers.AuthController.Login (api)'
2025-11-10 21:33:14.702 +01:00 [INF] Route matched with {action = "Login", controller = "Auth"}. Executing controller action with signature System.Threading.Tasks.Task`1[Microsoft.AspNetCore.Mvc.IActionResult] Login(api.DTOs.LoginDto) on controller api.Controllers.AuthController (api).
2025-11-10 21:33:14.812 +01:00 [INF] [AuthAPIController] user authorised for hello12345
2025-11-10 21:33:14.827 +01:00 [INF] [AuthAPIController] JWT token created for hello12345
2025-11-10 21:33:14.983 +01:00 [INF] Executing OkObjectResult, writing value of type '<>f__AnonymousType1`1[[System.String, System.Private.CoreLib, Version=8.0.0.0, Culture=neutral, PublicKeyToken=7cec85d7bea7798e]]'.
2025-11-10 21:33:14.985 +01:00 [INF] Executed action api.Controllers.AuthController.Login (api) in 282.48ms
2025-11-10 21:33:14.985 +01:00 [INF] Executed endpoint 'api.Controllers.AuthController.Login (api)'
2025-11-10 21:33:14.985 +01:00 [INF] Request finished HTTP/1.1 POST http://localhost:5082/api/Auth/login - 200 493 application/json; charset=utf-8 302.4928ms
2025-11-10 21:33:17.437 +01:00 [INF] Request starting HTTP/1.1 GET http://localhost:5082/api/quizapi/quizlist - null null
2025-11-10 21:33:17.455 +01:00 [INF] CORS policy execution successful.
2025-11-10 21:33:17.455 +01:00 [INF] Executing endpoint 'api.Controllers.QuizAPIController.QuizList (api)'
2025-11-10 21:33:17.460 +01:00 [INF] Route matched with {action = "QuizList", controller = "QuizAPI"}. Executing controller action with signature System.Threading.Tasks.Task`1[Microsoft.AspNetCore.Mvc.IActionResult] QuizList() on controller api.Controllers.QuizAPIController (api).
2025-11-10 21:33:17.720 +01:00 [WRN] Compiling a query which loads related collections for more than one collection navigation, either via 'Include' or through projection, but no 'QuerySplittingBehavior' has been configured. By default, Entity Framework will use 'QuerySplittingBehavior.SingleQuery', which can potentially result in slow query performance. See https://go.microsoft.com/fwlink/?linkid=2134277 for more information. To identify the query that's triggering this warning call 'ConfigureWarnings(w => w.Throw(RelationalEventId.MultipleCollectionIncludeWarning))'.
2025-11-10 21:33:17.792 +01:00 [INF] Executing OkObjectResult, writing value of type 'System.Linq.Enumerable+SelectListIterator`2[[api.Models.Quiz, api, Version=1.0.0.0, Culture=neutral, PublicKeyToken=null],[api.DTOs.QuizDto, api, Version=1.0.0.0, Culture=neutral, PublicKeyToken=null]]'.
2025-11-10 21:33:17.801 +01:00 [INF] Executed action api.Controllers.QuizAPIController.QuizList (api) in 340.8423ms
2025-11-10 21:33:17.801 +01:00 [INF] Executed endpoint 'api.Controllers.QuizAPIController.QuizList (api)'
2025-11-10 21:33:17.801 +01:00 [INF] Request finished HTTP/1.1 GET http://localhost:5082/api/quizapi/quizlist - 200 377 application/json; charset=utf-8 364.1824ms
2025-11-10 21:33:17.805 +01:00 [INF] Request starting HTTP/1.1 GET http://localhost:5082/api/quizapi/quizlist - null null
2025-11-10 21:33:17.807 +01:00 [INF] CORS policy execution successful.
2025-11-10 21:33:17.807 +01:00 [INF] Executing endpoint 'api.Controllers.QuizAPIController.QuizList (api)'
2025-11-10 21:33:17.807 +01:00 [INF] Route matched with {action = "QuizList", controller = "QuizAPI"}. Executing controller action with signature System.Threading.Tasks.Task`1[Microsoft.AspNetCore.Mvc.IActionResult] QuizList() on controller api.Controllers.QuizAPIController (api).
2025-11-10 21:33:17.813 +01:00 [INF] Executing OkObjectResult, writing value of type 'System.Linq.Enumerable+SelectListIterator`2[[api.Models.Quiz, api, Version=1.0.0.0, Culture=neutral, PublicKeyToken=null],[api.DTOs.QuizDto, api, Version=1.0.0.0, Culture=neutral, PublicKeyToken=null]]'.
2025-11-10 21:33:17.813 +01:00 [INF] Executed action api.Controllers.QuizAPIController.QuizList (api) in 6.0336ms
2025-11-10 21:33:17.813 +01:00 [INF] Executed endpoint 'api.Controllers.QuizAPIController.QuizList (api)'
2025-11-10 21:33:17.813 +01:00 [INF] Request finished HTTP/1.1 GET http://localhost:5082/api/quizapi/quizlist - 200 377 application/json; charset=utf-8 8.6541ms
2025-11-10 21:33:18.848 +01:00 [INF] Request starting HTTP/1.1 GET http://localhost:5082/api/takequizapi/takequizlist - null null
2025-11-10 21:33:18.849 +01:00 [INF] CORS policy execution successful.
2025-11-10 21:33:18.850 +01:00 [INF] Executing endpoint 'api.Controllers.TakeQuizApiController.GetAllQuizzes (api)'
2025-11-10 21:33:18.857 +01:00 [INF] Route matched with {action = "GetAllQuizzes", controller = "TakeQuizApi"}. Executing controller action with signature System.Threading.Tasks.Task`1[Microsoft.AspNetCore.Mvc.IActionResult] GetAllQuizzes() on controller api.Controllers.TakeQuizApiController (api).
2025-11-10 21:33:18.868 +01:00 [INF] Executing OkObjectResult, writing value of type 'System.Collections.Generic.List`1[[api.DTOs.QuizDto, api, Version=1.0.0.0, Culture=neutral, PublicKeyToken=null]]'.
2025-11-10 21:33:18.870 +01:00 [INF] Executed action api.Controllers.TakeQuizApiController.GetAllQuizzes (api) in 12.7184ms
2025-11-10 21:33:18.870 +01:00 [INF] Executed endpoint 'api.Controllers.TakeQuizApiController.GetAllQuizzes (api)'
2025-11-10 21:33:18.870 +01:00 [INF] Request finished HTTP/1.1 GET http://localhost:5082/api/takequizapi/takequizlist - 200 377 application/json; charset=utf-8 21.5513ms
2025-11-10 21:33:18.874 +01:00 [INF] Request starting HTTP/1.1 GET http://localhost:5082/api/takequizapi/takequizlist - null null
2025-11-10 21:33:18.875 +01:00 [INF] CORS policy execution successful.
2025-11-10 21:33:18.875 +01:00 [INF] Executing endpoint 'api.Controllers.TakeQuizApiController.GetAllQuizzes (api)'
2025-11-10 21:33:18.876 +01:00 [INF] Route matched with {action = "GetAllQuizzes", controller = "TakeQuizApi"}. Executing controller action with signature System.Threading.Tasks.Task`1[Microsoft.AspNetCore.Mvc.IActionResult] GetAllQuizzes() on controller api.Controllers.TakeQuizApiController (api).
2025-11-10 21:33:18.881 +01:00 [INF] Executing OkObjectResult, writing value of type 'System.Collections.Generic.List`1[[api.DTOs.QuizDto, api, Version=1.0.0.0, Culture=neutral, PublicKeyToken=null]]'.
2025-11-10 21:33:18.882 +01:00 [INF] Executed action api.Controllers.TakeQuizApiController.GetAllQuizzes (api) in 6.3179ms
2025-11-10 21:33:18.882 +01:00 [INF] Executed endpoint 'api.Controllers.TakeQuizApiController.GetAllQuizzes (api)'
2025-11-10 21:33:18.882 +01:00 [INF] Request finished HTTP/1.1 GET http://localhost:5082/api/takequizapi/takequizlist - 200 377 application/json; charset=utf-8 8.5597ms
2025-11-10 21:33:19.722 +01:00 [INF] Request starting HTTP/1.1 GET http://localhost:5082/api/takequizapi/2 - null null
2025-11-10 21:33:19.722 +01:00 [INF] CORS policy execution successful.
2025-11-10 21:33:19.722 +01:00 [INF] Executing endpoint 'api.Controllers.TakeQuizApiController.GetQuiz (api)'
2025-11-10 21:33:19.729 +01:00 [INF] Route matched with {action = "GetQuiz", controller = "TakeQuizApi"}. Executing controller action with signature System.Threading.Tasks.Task`1[Microsoft.AspNetCore.Mvc.IActionResult] GetQuiz(Int32) on controller api.Controllers.TakeQuizApiController (api).
2025-11-10 21:33:19.756 +01:00 [WRN] Compiling a query which loads related collections for more than one collection navigation, either via 'Include' or through projection, but no 'QuerySplittingBehavior' has been configured. By default, Entity Framework will use 'QuerySplittingBehavior.SingleQuery', which can potentially result in slow query performance. See https://go.microsoft.com/fwlink/?linkid=2134277 for more information. To identify the query that's triggering this warning call 'ConfigureWarnings(w => w.Throw(RelationalEventId.MultipleCollectionIncludeWarning))'.
2025-11-10 21:33:19.763 +01:00 [INF] Executing OkObjectResult, writing value of type 'api.DTOs.QuizDto'.
2025-11-10 21:33:19.769 +01:00 [INF] Executed action api.Controllers.TakeQuizApiController.GetQuiz (api) in 39.3943ms
2025-11-10 21:33:19.769 +01:00 [INF] Executed endpoint 'api.Controllers.TakeQuizApiController.GetQuiz (api)'
2025-11-10 21:33:19.770 +01:00 [INF] Request finished HTTP/1.1 GET http://localhost:5082/api/takequizapi/2 - 200 870 application/json; charset=utf-8 47.9804ms
2025-11-10 21:33:19.772 +01:00 [INF] Request starting HTTP/1.1 GET http://localhost:5082/api/takequizapi/2 - null null
2025-11-10 21:33:19.772 +01:00 [INF] CORS policy execution successful.
2025-11-10 21:33:19.772 +01:00 [INF] Executing endpoint 'api.Controllers.TakeQuizApiController.GetQuiz (api)'
2025-11-10 21:33:19.772 +01:00 [INF] Route matched with {action = "GetQuiz", controller = "TakeQuizApi"}. Executing controller action with signature System.Threading.Tasks.Task`1[Microsoft.AspNetCore.Mvc.IActionResult] GetQuiz(Int32) on controller api.Controllers.TakeQuizApiController (api).
2025-11-10 21:33:19.777 +01:00 [INF] Executing OkObjectResult, writing value of type 'api.DTOs.QuizDto'.
2025-11-10 21:33:19.778 +01:00 [INF] Executed action api.Controllers.TakeQuizApiController.GetQuiz (api) in 5.1979ms
2025-11-10 21:33:19.778 +01:00 [INF] Executed endpoint 'api.Controllers.TakeQuizApiController.GetQuiz (api)'
2025-11-10 21:33:19.778 +01:00 [INF] Request finished HTTP/1.1 GET http://localhost:5082/api/takequizapi/2 - 200 870 application/json; charset=utf-8 6.3712ms
2025-11-10 21:33:31.078 +01:00 [INF] Request starting HTTP/1.1 OPTIONS http://localhost:5082/api/takequizapi/submit - null null
2025-11-10 21:33:31.079 +01:00 [INF] CORS policy execution successful.
2025-11-10 21:33:31.080 +01:00 [INF] Request finished HTTP/1.1 OPTIONS http://localhost:5082/api/takequizapi/submit - 204 null null 1.8314ms
2025-11-10 21:33:31.084 +01:00 [INF] Request starting HTTP/1.1 POST http://localhost:5082/api/takequizapi/submit - application/json 70
2025-11-10 21:33:31.084 +01:00 [INF] CORS policy execution successful.
2025-11-10 21:33:31.084 +01:00 [INF] Executing endpoint 'api.Controllers.TakeQuizApiController.Submit (api)'
2025-11-10 21:33:31.088 +01:00 [INF] Route matched with {action = "Submit", controller = "TakeQuizApi"}. Executing controller action with signature System.Threading.Tasks.Task`1[Microsoft.AspNetCore.Mvc.IActionResult] Submit(api.DTOs.QuizSubmissionDto) on controller api.Controllers.TakeQuizApiController (api).
2025-11-10 21:33:31.133 +01:00 [INF] Executing OkObjectResult, writing value of type 'System.Collections.Generic.Dictionary`2[[System.String, System.Private.CoreLib, Version=8.0.0.0, Culture=neutral, PublicKeyToken=7cec85d7bea7798e],[System.Int32, System.Private.CoreLib, Version=8.0.0.0, Culture=neutral, PublicKeyToken=7cec85d7bea7798e]]'.
2025-11-10 21:33:31.137 +01:00 [INF] Executed action api.Controllers.TakeQuizApiController.Submit (api) in 48.1263ms
2025-11-10 21:33:31.137 +01:00 [INF] Executed endpoint 'api.Controllers.TakeQuizApiController.Submit (api)'
2025-11-10 21:33:31.137 +01:00 [INF] Request finished HTTP/1.1 POST http://localhost:5082/api/takequizapi/submit - 200 11 application/json; charset=utf-8 52.793ms
2025-11-10 21:33:32.816 +01:00 [INF] Request starting HTTP/1.1 OPTIONS http://localhost:5082/api/takequizapi/saveattempt - null null
2025-11-10 21:33:32.816 +01:00 [INF] CORS policy execution successful.
2025-11-10 21:33:32.816 +01:00 [INF] Request finished HTTP/1.1 OPTIONS http://localhost:5082/api/takequizapi/saveattempt - 204 null null 0.3811ms
2025-11-10 21:33:32.818 +01:00 [INF] Request starting HTTP/1.1 POST http://localhost:5082/api/takequizapi/saveattempt - application/json 41
2025-11-10 21:33:32.819 +01:00 [INF] CORS policy execution successful.
2025-11-10 21:33:32.819 +01:00 [INF] Executing endpoint 'api.Controllers.TakeQuizApiController.SaveAttempt (api)'
2025-11-10 21:33:32.825 +01:00 [INF] Route matched with {action = "SaveAttempt", controller = "TakeQuizApi"}. Executing controller action with signature System.Threading.Tasks.Task`1[Microsoft.AspNetCore.Mvc.IActionResult] SaveAttempt(api.DTOs.QuizResultDto) on controller api.Controllers.TakeQuizApiController (api).
2025-11-10 21:33:32.920 +01:00 [INF] Executing OkObjectResult, writing value of type '<>f__AnonymousType3`1[[System.String, System.Private.CoreLib, Version=8.0.0.0, Culture=neutral, PublicKeyToken=7cec85d7bea7798e]]'.
2025-11-10 21:33:32.924 +01:00 [INF] Executed action api.Controllers.TakeQuizApiController.SaveAttempt (api) in 99.3863ms
2025-11-10 21:33:32.925 +01:00 [INF] Executed endpoint 'api.Controllers.TakeQuizApiController.SaveAttempt (api)'
2025-11-10 21:33:32.925 +01:00 [INF] Request finished HTTP/1.1 POST http://localhost:5082/api/takequizapi/saveattempt - 200 40 application/json; charset=utf-8 106.3115ms
2025-11-10 21:33:36.699 +01:00 [INF] Request starting HTTP/1.1 GET http://localhost:5082/api/takequizapi/takequizlist - null null
2025-11-10 21:33:36.700 +01:00 [INF] CORS policy execution successful.
2025-11-10 21:33:36.700 +01:00 [INF] Executing endpoint 'api.Controllers.TakeQuizApiController.GetAllQuizzes (api)'
2025-11-10 21:33:36.700 +01:00 [INF] Route matched with {action = "GetAllQuizzes", controller = "TakeQuizApi"}. Executing controller action with signature System.Threading.Tasks.Task`1[Microsoft.AspNetCore.Mvc.IActionResult] GetAllQuizzes() on controller api.Controllers.TakeQuizApiController (api).
2025-11-10 21:33:36.705 +01:00 [INF] Executing OkObjectResult, writing value of type 'System.Collections.Generic.List`1[[api.DTOs.QuizDto, api, Version=1.0.0.0, Culture=neutral, PublicKeyToken=null]]'.
2025-11-10 21:33:36.706 +01:00 [INF] Executed action api.Controllers.TakeQuizApiController.GetAllQuizzes (api) in 5.417ms
2025-11-10 21:33:36.706 +01:00 [INF] Executed endpoint 'api.Controllers.TakeQuizApiController.GetAllQuizzes (api)'
2025-11-10 21:33:36.706 +01:00 [INF] Request finished HTTP/1.1 GET http://localhost:5082/api/takequizapi/takequizlist - 200 377 application/json; charset=utf-8 7.0376ms
2025-11-10 21:33:36.711 +01:00 [INF] Request starting HTTP/1.1 GET http://localhost:5082/api/takequizapi/takequizlist - null null
2025-11-10 21:33:36.712 +01:00 [INF] CORS policy execution successful.
2025-11-10 21:33:36.712 +01:00 [INF] Executing endpoint 'api.Controllers.TakeQuizApiController.GetAllQuizzes (api)'
2025-11-10 21:33:36.712 +01:00 [INF] Route matched with {action = "GetAllQuizzes", controller = "TakeQuizApi"}. Executing controller action with signature System.Threading.Tasks.Task`1[Microsoft.AspNetCore.Mvc.IActionResult] GetAllQuizzes() on controller api.Controllers.TakeQuizApiController (api).
2025-11-10 21:33:36.717 +01:00 [INF] Executing OkObjectResult, writing value of type 'System.Collections.Generic.List`1[[api.DTOs.QuizDto, api, Version=1.0.0.0, Culture=neutral, PublicKeyToken=null]]'.
2025-11-10 21:33:36.718 +01:00 [INF] Executed action api.Controllers.TakeQuizApiController.GetAllQuizzes (api) in 5.3115ms
2025-11-10 21:33:36.718 +01:00 [INF] Executed endpoint 'api.Controllers.TakeQuizApiController.GetAllQuizzes (api)'
2025-11-10 21:33:36.718 +01:00 [INF] Request finished HTTP/1.1 GET http://localhost:5082/api/takequizapi/takequizlist - 200 377 application/json; charset=utf-8 7.2329ms
2025-11-10 21:33:37.651 +01:00 [INF] Request starting HTTP/1.1 GET http://localhost:5082/api/takequizapi/attempts/2 - null null
2025-11-10 21:33:37.651 +01:00 [INF] CORS policy execution successful.
2025-11-10 21:33:37.651 +01:00 [INF] Executing endpoint 'api.Controllers.TakeQuizApiController.GetAttempts (api)'
2025-11-10 21:33:37.657 +01:00 [INF] Route matched with {action = "GetAttempts", controller = "TakeQuizApi"}. Executing controller action with signature System.Threading.Tasks.Task`1[Microsoft.AspNetCore.Mvc.IActionResult] GetAttempts(Int32) on controller api.Controllers.TakeQuizApiController (api).
2025-11-10 21:33:37.704 +01:00 [WRN] Compiling a query which loads related collections for more than one collection navigation, either via 'Include' or through projection, but no 'QuerySplittingBehavior' has been configured. By default, Entity Framework will use 'QuerySplittingBehavior.SingleQuery', which can potentially result in slow query performance. See https://go.microsoft.com/fwlink/?linkid=2134277 for more information. To identify the query that's triggering this warning call 'ConfigureWarnings(w => w.Throw(RelationalEventId.MultipleCollectionIncludeWarning))'.
2025-11-10 21:33:37.715 +01:00 [INF] Executing OkObjectResult, writing value of type 'System.Collections.Generic.List`1[[api.DTOs.QuizResultDto, api, Version=1.0.0.0, Culture=neutral, PublicKeyToken=null]]'.
2025-11-10 21:33:37.717 +01:00 [INF] Executed action api.Controllers.TakeQuizApiController.GetAttempts (api) in 59.8403ms
2025-11-10 21:33:37.717 +01:00 [INF] Executed endpoint 'api.Controllers.TakeQuizApiController.GetAttempts (api)'
2025-11-10 21:33:37.718 +01:00 [INF] Request finished HTTP/1.1 GET http://localhost:5082/api/takequizapi/attempts/2 - 200 300 application/json; charset=utf-8 67.0489ms
2025-11-10 21:33:37.720 +01:00 [INF] Request starting HTTP/1.1 GET http://localhost:5082/api/takequizapi/attempts/2 - null null
2025-11-10 21:33:37.721 +01:00 [INF] CORS policy execution successful.
2025-11-10 21:33:37.721 +01:00 [INF] Executing endpoint 'api.Controllers.TakeQuizApiController.GetAttempts (api)'
2025-11-10 21:33:37.721 +01:00 [INF] Route matched with {action = "GetAttempts", controller = "TakeQuizApi"}. Executing controller action with signature System.Threading.Tasks.Task`1[Microsoft.AspNetCore.Mvc.IActionResult] GetAttempts(Int32) on controller api.Controllers.TakeQuizApiController (api).
2025-11-10 21:33:37.725 +01:00 [INF] Executing OkObjectResult, writing value of type 'System.Collections.Generic.List`1[[api.DTOs.QuizResultDto, api, Version=1.0.0.0, Culture=neutral, PublicKeyToken=null]]'.
2025-11-10 21:33:37.725 +01:00 [INF] Executed action api.Controllers.TakeQuizApiController.GetAttempts (api) in 3.8782ms
2025-11-10 21:33:37.725 +01:00 [INF] Executed endpoint 'api.Controllers.TakeQuizApiController.GetAttempts (api)'
2025-11-10 21:33:37.725 +01:00 [INF] Request finished HTTP/1.1 GET http://localhost:5082/api/takequizapi/attempts/2 - 200 300 application/json; charset=utf-8 4.7765ms
2025-11-10 21:33:38.814 +01:00 [INF] Request starting HTTP/1.1 GET http://localhost:5082/api/takequizapi/takequizlist - null null
2025-11-10 21:33:38.814 +01:00 [INF] CORS policy execution successful.
2025-11-10 21:33:38.814 +01:00 [INF] Executing endpoint 'api.Controllers.TakeQuizApiController.GetAllQuizzes (api)'
2025-11-10 21:33:38.814 +01:00 [INF] Route matched with {action = "GetAllQuizzes", controller = "TakeQuizApi"}. Executing controller action with signature System.Threading.Tasks.Task`1[Microsoft.AspNetCore.Mvc.IActionResult] GetAllQuizzes() on controller api.Controllers.TakeQuizApiController (api).
2025-11-10 21:33:38.818 +01:00 [INF] Executing OkObjectResult, writing value of type 'System.Collections.Generic.List`1[[api.DTOs.QuizDto, api, Version=1.0.0.0, Culture=neutral, PublicKeyToken=null]]'.
2025-11-10 21:33:38.819 +01:00 [INF] Executed action api.Controllers.TakeQuizApiController.GetAllQuizzes (api) in 4.1942ms
2025-11-10 21:33:38.819 +01:00 [INF] Executed endpoint 'api.Controllers.TakeQuizApiController.GetAllQuizzes (api)'
2025-11-10 21:33:38.819 +01:00 [INF] Request finished HTTP/1.1 GET http://localhost:5082/api/takequizapi/takequizlist - 200 377 application/json; charset=utf-8 5.3709ms
2025-11-10 21:33:38.822 +01:00 [INF] Request starting HTTP/1.1 GET http://localhost:5082/api/takequizapi/takequizlist - null null
2025-11-10 21:33:38.823 +01:00 [INF] CORS policy execution successful.
2025-11-10 21:33:38.823 +01:00 [INF] Executing endpoint 'api.Controllers.TakeQuizApiController.GetAllQuizzes (api)'
2025-11-10 21:33:38.823 +01:00 [INF] Route matched with {action = "GetAllQuizzes", controller = "TakeQuizApi"}. Executing controller action with signature System.Threading.Tasks.Task`1[Microsoft.AspNetCore.Mvc.IActionResult] GetAllQuizzes() on controller api.Controllers.TakeQuizApiController (api).
2025-11-10 21:33:38.829 +01:00 [INF] Executing OkObjectResult, writing value of type 'System.Collections.Generic.List`1[[api.DTOs.QuizDto, api, Version=1.0.0.0, Culture=neutral, PublicKeyToken=null]]'.
2025-11-10 21:33:38.829 +01:00 [INF] Executed action api.Controllers.TakeQuizApiController.GetAllQuizzes (api) in 5.4476ms
2025-11-10 21:33:38.829 +01:00 [INF] Executed endpoint 'api.Controllers.TakeQuizApiController.GetAllQuizzes (api)'
2025-11-10 21:33:38.829 +01:00 [INF] Request finished HTTP/1.1 GET http://localhost:5082/api/takequizapi/takequizlist - 200 377 application/json; charset=utf-8 7.1529ms
2025-11-10 21:33:40.136 +01:00 [INF] Request starting HTTP/1.1 GET http://localhost:5082/api/quizapi/quizlist - null null
2025-11-10 21:33:40.137 +01:00 [INF] CORS policy execution successful.
2025-11-10 21:33:40.137 +01:00 [INF] Executing endpoint 'api.Controllers.QuizAPIController.QuizList (api)'
2025-11-10 21:33:40.138 +01:00 [INF] Route matched with {action = "QuizList", controller = "QuizAPI"}. Executing controller action with signature System.Threading.Tasks.Task`1[Microsoft.AspNetCore.Mvc.IActionResult] QuizList() on controller api.Controllers.QuizAPIController (api).
2025-11-10 21:33:40.145 +01:00 [INF] Executing OkObjectResult, writing value of type 'System.Linq.Enumerable+SelectListIterator`2[[api.Models.Quiz, api, Version=1.0.0.0, Culture=neutral, PublicKeyToken=null],[api.DTOs.QuizDto, api, Version=1.0.0.0, Culture=neutral, PublicKeyToken=null]]'.
2025-11-10 21:33:40.146 +01:00 [INF] Executed action api.Controllers.QuizAPIController.QuizList (api) in 7.2853ms
2025-11-10 21:33:40.146 +01:00 [INF] Executed endpoint 'api.Controllers.QuizAPIController.QuizList (api)'
2025-11-10 21:33:40.146 +01:00 [INF] Request finished HTTP/1.1 GET http://localhost:5082/api/quizapi/quizlist - 200 377 application/json; charset=utf-8 9.8422ms
2025-11-10 21:33:40.148 +01:00 [INF] Request starting HTTP/1.1 GET http://localhost:5082/api/quizapi/quizlist - null null
2025-11-10 21:33:40.148 +01:00 [INF] CORS policy execution successful.
2025-11-10 21:33:40.148 +01:00 [INF] Executing endpoint 'api.Controllers.QuizAPIController.QuizList (api)'
2025-11-10 21:33:40.148 +01:00 [INF] Route matched with {action = "QuizList", controller = "QuizAPI"}. Executing controller action with signature System.Threading.Tasks.Task`1[Microsoft.AspNetCore.Mvc.IActionResult] QuizList() on controller api.Controllers.QuizAPIController (api).
2025-11-10 21:33:40.151 +01:00 [INF] Executing OkObjectResult, writing value of type 'System.Linq.Enumerable+SelectListIterator`2[[api.Models.Quiz, api, Version=1.0.0.0, Culture=neutral, PublicKeyToken=null],[api.DTOs.QuizDto, api, Version=1.0.0.0, Culture=neutral, PublicKeyToken=null]]'.
2025-11-10 21:33:40.151 +01:00 [INF] Executed action api.Controllers.QuizAPIController.QuizList (api) in 3.203ms
2025-11-10 21:33:40.151 +01:00 [INF] Executed endpoint 'api.Controllers.QuizAPIController.QuizList (api)'
2025-11-10 21:33:40.152 +01:00 [INF] Request finished HTTP/1.1 GET http://localhost:5082/api/quizapi/quizlist - 200 377 application/json; charset=utf-8 4.0035ms
2025-11-10 21:33:41.433 +01:00 [INF] Request starting HTTP/1.1 GET http://localhost:5082/api/quizapi/10 - null null
2025-11-10 21:33:41.434 +01:00 [INF] CORS policy execution successful.
2025-11-10 21:33:41.435 +01:00 [INF] Executing endpoint 'api.Controllers.QuizAPIController.GetQuiz (api)'
2025-11-10 21:33:41.454 +01:00 [INF] Route matched with {action = "GetQuiz", controller = "QuizAPI"}. Executing controller action with signature System.Threading.Tasks.Task`1[Microsoft.AspNetCore.Mvc.IActionResult] GetQuiz(Int32) on controller api.Controllers.QuizAPIController (api).
2025-11-10 21:33:41.464 +01:00 [INF] Executing OkObjectResult, writing value of type 'api.Models.Quiz'.
2025-11-10 21:33:41.475 +01:00 [INF] Executed action api.Controllers.QuizAPIController.GetQuiz (api) in 20.6598ms
2025-11-10 21:33:41.475 +01:00 [INF] Executed endpoint 'api.Controllers.QuizAPIController.GetQuiz (api)'
2025-11-10 21:33:41.476 +01:00 [INF] Request finished HTTP/1.1 GET http://localhost:5082/api/quizapi/10 - 200 758 application/json; charset=utf-8 43.6072ms
2025-11-10 21:33:41.479 +01:00 [INF] Request starting HTTP/1.1 GET http://localhost:5082/api/quizapi/10 - null null
2025-11-10 21:33:41.480 +01:00 [INF] CORS policy execution successful.
2025-11-10 21:33:41.480 +01:00 [INF] Executing endpoint 'api.Controllers.QuizAPIController.GetQuiz (api)'
2025-11-10 21:33:41.481 +01:00 [INF] Route matched with {action = "GetQuiz", controller = "QuizAPI"}. Executing controller action with signature System.Threading.Tasks.Task`1[Microsoft.AspNetCore.Mvc.IActionResult] GetQuiz(Int32) on controller api.Controllers.QuizAPIController (api).
2025-11-10 21:33:41.490 +01:00 [INF] Executing OkObjectResult, writing value of type 'api.Models.Quiz'.
2025-11-10 21:33:41.492 +01:00 [INF] Executed action api.Controllers.QuizAPIController.GetQuiz (api) in 11.3784ms
2025-11-10 21:33:41.493 +01:00 [INF] Executed endpoint 'api.Controllers.QuizAPIController.GetQuiz (api)'
2025-11-10 21:33:41.493 +01:00 [INF] Request finished HTTP/1.1 GET http://localhost:5082/api/quizapi/10 - 200 758 application/json; charset=utf-8 13.923ms
2025-11-10 21:33:43.491 +01:00 [INF] Request starting HTTP/1.1 OPTIONS http://localhost:5082/api/quizapi/update/10 - null null
2025-11-10 21:33:43.491 +01:00 [INF] CORS policy execution successful.
2025-11-10 21:33:43.492 +01:00 [INF] Request finished HTTP/1.1 OPTIONS http://localhost:5082/api/quizapi/update/10 - 204 null null 0.838ms
2025-11-10 21:33:43.494 +01:00 [INF] Request starting HTTP/1.1 PUT http://localhost:5082/api/quizapi/update/10 - application/json 393
2025-11-10 21:33:43.494 +01:00 [INF] CORS policy execution successful.
2025-11-10 21:33:43.622 +01:00 [INF] Executing endpoint 'api.Controllers.QuizAPIController.Update (api)'
2025-11-10 21:33:43.625 +01:00 [INF] Route matched with {action = "Update", controller = "QuizAPI"}. Executing controller action with signature System.Threading.Tasks.Task`1[Microsoft.AspNetCore.Mvc.IActionResult] Update(Int32, api.DTOs.QuizDto) on controller api.Controllers.QuizAPIController (api).
2025-11-10 21:33:43.763 +01:00 [INF] Executing OkObjectResult, writing value of type 'api.Models.Quiz'.
2025-11-10 21:33:43.764 +01:00 [INF] Executed action api.Controllers.QuizAPIController.Update (api) in 138.4108ms
2025-11-10 21:33:43.764 +01:00 [INF] Executed endpoint 'api.Controllers.QuizAPIController.Update (api)'
2025-11-10 21:33:43.764 +01:00 [INF] Request finished HTTP/1.1 PUT http://localhost:5082/api/quizapi/update/10 - 200 758 application/json; charset=utf-8 269.7107ms
2025-11-10 21:33:43.788 +01:00 [INF] Request starting HTTP/1.1 GET http://localhost:5082/api/quizapi/quizlist - null null
2025-11-10 21:33:43.788 +01:00 [INF] CORS policy execution successful.
2025-11-10 21:33:43.789 +01:00 [INF] Executing endpoint 'api.Controllers.QuizAPIController.QuizList (api)'
2025-11-10 21:33:43.789 +01:00 [INF] Route matched with {action = "QuizList", controller = "QuizAPI"}. Executing controller action with signature System.Threading.Tasks.Task`1[Microsoft.AspNetCore.Mvc.IActionResult] QuizList() on controller api.Controllers.QuizAPIController (api).
2025-11-10 21:33:43.792 +01:00 [INF] Executing OkObjectResult, writing value of type 'System.Linq.Enumerable+SelectListIterator`2[[api.Models.Quiz, api, Version=1.0.0.0, Culture=neutral, PublicKeyToken=null],[api.DTOs.QuizDto, api, Version=1.0.0.0, Culture=neutral, PublicKeyToken=null]]'.
2025-11-10 21:33:43.793 +01:00 [INF] Executed action api.Controllers.QuizAPIController.QuizList (api) in 3.7228ms
2025-11-10 21:33:43.793 +01:00 [INF] Executed endpoint 'api.Controllers.QuizAPIController.QuizList (api)'
2025-11-10 21:33:43.793 +01:00 [INF] Request finished HTTP/1.1 GET http://localhost:5082/api/quizapi/quizlist - 200 377 application/json; charset=utf-8 5.1873ms
2025-11-10 21:33:43.795 +01:00 [INF] Request starting HTTP/1.1 GET http://localhost:5082/api/quizapi/quizlist - null null
2025-11-10 21:33:43.796 +01:00 [INF] CORS policy execution successful.
2025-11-10 21:33:43.796 +01:00 [INF] Executing endpoint 'api.Controllers.QuizAPIController.QuizList (api)'
2025-11-10 21:33:43.797 +01:00 [INF] Route matched with {action = "QuizList", controller = "QuizAPI"}. Executing controller action with signature System.Threading.Tasks.Task`1[Microsoft.AspNetCore.Mvc.IActionResult] QuizList() on controller api.Controllers.QuizAPIController (api).
2025-11-10 21:33:43.801 +01:00 [INF] Executing OkObjectResult, writing value of type 'System.Linq.Enumerable+SelectListIterator`2[[api.Models.Quiz, api, Version=1.0.0.0, Culture=neutral, PublicKeyToken=null],[api.DTOs.QuizDto, api, Version=1.0.0.0, Culture=neutral, PublicKeyToken=null]]'.
2025-11-10 21:33:43.802 +01:00 [INF] Executed action api.Controllers.QuizAPIController.QuizList (api) in 4.74ms
2025-11-10 21:33:43.802 +01:00 [INF] Executed endpoint 'api.Controllers.QuizAPIController.QuizList (api)'
2025-11-10 21:33:43.802 +01:00 [INF] Request finished HTTP/1.1 GET http://localhost:5082/api/quizapi/quizlist - 200 377 application/json; charset=utf-8 6.6729ms
2025-11-10 21:33:44.821 +01:00 [INF] Request starting HTTP/1.1 GET http://localhost:5082/api/quizapi/10 - null null
2025-11-10 21:33:44.823 +01:00 [INF] CORS policy execution successful.
2025-11-10 21:33:44.823 +01:00 [INF] Executing endpoint 'api.Controllers.QuizAPIController.GetQuiz (api)'
2025-11-10 21:33:44.823 +01:00 [INF] Route matched with {action = "GetQuiz", controller = "QuizAPI"}. Executing controller action with signature System.Threading.Tasks.Task`1[Microsoft.AspNetCore.Mvc.IActionResult] GetQuiz(Int32) on controller api.Controllers.QuizAPIController (api).
2025-11-10 21:33:44.827 +01:00 [INF] Executing OkObjectResult, writing value of type 'api.Models.Quiz'.
2025-11-10 21:33:44.827 +01:00 [INF] Executed action api.Controllers.QuizAPIController.GetQuiz (api) in 4.0151ms
2025-11-10 21:33:44.827 +01:00 [INF] Executed endpoint 'api.Controllers.QuizAPIController.GetQuiz (api)'
2025-11-10 21:33:44.827 +01:00 [INF] Request finished HTTP/1.1 GET http://localhost:5082/api/quizapi/10 - 200 758 application/json; charset=utf-8 5.9768ms
2025-11-10 21:33:44.834 +01:00 [INF] Request starting HTTP/1.1 GET http://localhost:5082/api/quizapi/10 - null null
2025-11-10 21:33:44.834 +01:00 [INF] CORS policy execution successful.
2025-11-10 21:33:44.834 +01:00 [INF] Executing endpoint 'api.Controllers.QuizAPIController.GetQuiz (api)'
2025-11-10 21:33:44.834 +01:00 [INF] Route matched with {action = "GetQuiz", controller = "QuizAPI"}. Executing controller action with signature System.Threading.Tasks.Task`1[Microsoft.AspNetCore.Mvc.IActionResult] GetQuiz(Int32) on controller api.Controllers.QuizAPIController (api).
2025-11-10 21:33:44.837 +01:00 [INF] Executing OkObjectResult, writing value of type 'api.Models.Quiz'.
2025-11-10 21:33:44.838 +01:00 [INF] Executed action api.Controllers.QuizAPIController.GetQuiz (api) in 3.5709ms
2025-11-10 21:33:44.838 +01:00 [INF] Executed endpoint 'api.Controllers.QuizAPIController.GetQuiz (api)'
2025-11-10 21:33:44.838 +01:00 [INF] Request finished HTTP/1.1 GET http://localhost:5082/api/quizapi/10 - 200 758 application/json; charset=utf-8 4.8349ms
2025-11-10 21:33:46.113 +01:00 [INF] Request starting HTTP/1.1 GET http://localhost:5082/api/quizapi/quizlist - null null
2025-11-10 21:33:46.114 +01:00 [INF] CORS policy execution successful.
2025-11-10 21:33:46.114 +01:00 [INF] Executing endpoint 'api.Controllers.QuizAPIController.QuizList (api)'
2025-11-10 21:33:46.114 +01:00 [INF] Route matched with {action = "QuizList", controller = "QuizAPI"}. Executing controller action with signature System.Threading.Tasks.Task`1[Microsoft.AspNetCore.Mvc.IActionResult] QuizList() on controller api.Controllers.QuizAPIController (api).
2025-11-10 21:33:46.119 +01:00 [INF] Executing OkObjectResult, writing value of type 'System.Linq.Enumerable+SelectListIterator`2[[api.Models.Quiz, api, Version=1.0.0.0, Culture=neutral, PublicKeyToken=null],[api.DTOs.QuizDto, api, Version=1.0.0.0, Culture=neutral, PublicKeyToken=null]]'.
2025-11-10 21:33:46.119 +01:00 [INF] Executed action api.Controllers.QuizAPIController.QuizList (api) in 4.9612ms
2025-11-10 21:33:46.119 +01:00 [INF] Executed endpoint 'api.Controllers.QuizAPIController.QuizList (api)'
2025-11-10 21:33:46.120 +01:00 [INF] Request finished HTTP/1.1 GET http://localhost:5082/api/quizapi/quizlist - 200 377 application/json; charset=utf-8 6.0332ms
2025-11-10 21:33:46.123 +01:00 [INF] Request starting HTTP/1.1 GET http://localhost:5082/api/quizapi/quizlist - null null
2025-11-10 21:33:46.124 +01:00 [INF] CORS policy execution successful.
2025-11-10 21:33:46.124 +01:00 [INF] Executing endpoint 'api.Controllers.QuizAPIController.QuizList (api)'
2025-11-10 21:33:46.124 +01:00 [INF] Route matched with {action = "QuizList", controller = "QuizAPI"}. Executing controller action with signature System.Threading.Tasks.Task`1[Microsoft.AspNetCore.Mvc.IActionResult] QuizList() on controller api.Controllers.QuizAPIController (api).
2025-11-10 21:33:46.127 +01:00 [INF] Executing OkObjectResult, writing value of type 'System.Linq.Enumerable+SelectListIterator`2[[api.Models.Quiz, api, Version=1.0.0.0, Culture=neutral, PublicKeyToken=null],[api.DTOs.QuizDto, api, Version=1.0.0.0, Culture=neutral, PublicKeyToken=null]]'.
2025-11-10 21:33:46.128 +01:00 [INF] Executed action api.Controllers.QuizAPIController.QuizList (api) in 3.1096ms
2025-11-10 21:33:46.128 +01:00 [INF] Executed endpoint 'api.Controllers.QuizAPIController.QuizList (api)'
2025-11-10 21:33:46.128 +01:00 [INF] Request finished HTTP/1.1 GET http://localhost:5082/api/quizapi/quizlist - 200 377 application/json; charset=utf-8 4.5317ms
2025-11-10 21:33:47.567 +01:00 [INF] Request starting HTTP/1.1 GET http://localhost:5082/api/quizapi/10 - null null
2025-11-10 21:33:47.567 +01:00 [INF] CORS policy execution successful.
2025-11-10 21:33:47.568 +01:00 [INF] Executing endpoint 'api.Controllers.QuizAPIController.GetQuiz (api)'
2025-11-10 21:33:47.568 +01:00 [INF] Route matched with {action = "GetQuiz", controller = "QuizAPI"}. Executing controller action with signature System.Threading.Tasks.Task`1[Microsoft.AspNetCore.Mvc.IActionResult] GetQuiz(Int32) on controller api.Controllers.QuizAPIController (api).
2025-11-10 21:33:47.576 +01:00 [INF] Executing OkObjectResult, writing value of type 'api.Models.Quiz'.
2025-11-10 21:33:47.577 +01:00 [INF] Executed action api.Controllers.QuizAPIController.GetQuiz (api) in 8.8932ms
2025-11-10 21:33:47.577 +01:00 [INF] Executed endpoint 'api.Controllers.QuizAPIController.GetQuiz (api)'
2025-11-10 21:33:47.578 +01:00 [INF] Request finished HTTP/1.1 GET http://localhost:5082/api/quizapi/10 - 200 758 application/json; charset=utf-8 10.4859ms
2025-11-10 21:33:47.580 +01:00 [INF] Request starting HTTP/1.1 GET http://localhost:5082/api/quizapi/10 - null null
2025-11-10 21:33:47.581 +01:00 [INF] CORS policy execution successful.
2025-11-10 21:33:47.581 +01:00 [INF] Executing endpoint 'api.Controllers.QuizAPIController.GetQuiz (api)'
2025-11-10 21:33:47.581 +01:00 [INF] Route matched with {action = "GetQuiz", controller = "QuizAPI"}. Executing controller action with signature System.Threading.Tasks.Task`1[Microsoft.AspNetCore.Mvc.IActionResult] GetQuiz(Int32) on controller api.Controllers.QuizAPIController (api).
2025-11-10 21:33:47.585 +01:00 [INF] Executing OkObjectResult, writing value of type 'api.Models.Quiz'.
2025-11-10 21:33:47.586 +01:00 [INF] Executed action api.Controllers.QuizAPIController.GetQuiz (api) in 4.6467ms
2025-11-10 21:33:47.587 +01:00 [INF] Executed endpoint 'api.Controllers.QuizAPIController.GetQuiz (api)'
2025-11-10 21:33:47.587 +01:00 [INF] Request finished HTTP/1.1 GET http://localhost:5082/api/quizapi/10 - 200 758 application/json; charset=utf-8 6.6254ms
2025-11-10 21:33:53.030 +01:00 [INF] Request starting HTTP/1.1 GET http://localhost:5082/api/quizapi/quizlist - null null
2025-11-10 21:33:53.031 +01:00 [INF] CORS policy execution successful.
2025-11-10 21:33:53.031 +01:00 [INF] Executing endpoint 'api.Controllers.QuizAPIController.QuizList (api)'
2025-11-10 21:33:53.032 +01:00 [INF] Route matched with {action = "QuizList", controller = "QuizAPI"}. Executing controller action with signature System.Threading.Tasks.Task`1[Microsoft.AspNetCore.Mvc.IActionResult] QuizList() on controller api.Controllers.QuizAPIController (api).
2025-11-10 21:33:53.035 +01:00 [INF] Executing OkObjectResult, writing value of type 'System.Linq.Enumerable+SelectListIterator`2[[api.Models.Quiz, api, Version=1.0.0.0, Culture=neutral, PublicKeyToken=null],[api.DTOs.QuizDto, api, Version=1.0.0.0, Culture=neutral, PublicKeyToken=null]]'.
2025-11-10 21:33:53.035 +01:00 [INF] Executed action api.Controllers.QuizAPIController.QuizList (api) in 3.1038ms
2025-11-10 21:33:53.035 +01:00 [INF] Executed endpoint 'api.Controllers.QuizAPIController.QuizList (api)'
2025-11-10 21:33:53.035 +01:00 [INF] Request finished HTTP/1.1 GET http://localhost:5082/api/quizapi/quizlist - 200 377 application/json; charset=utf-8 4.679ms
2025-11-10 21:33:53.038 +01:00 [INF] Request starting HTTP/1.1 GET http://localhost:5082/api/quizapi/quizlist - null null
2025-11-10 21:33:53.038 +01:00 [INF] CORS policy execution successful.
2025-11-10 21:33:53.038 +01:00 [INF] Executing endpoint 'api.Controllers.QuizAPIController.QuizList (api)'
2025-11-10 21:33:53.038 +01:00 [INF] Route matched with {action = "QuizList", controller = "QuizAPI"}. Executing controller action with signature System.Threading.Tasks.Task`1[Microsoft.AspNetCore.Mvc.IActionResult] QuizList() on controller api.Controllers.QuizAPIController (api).
2025-11-10 21:33:53.042 +01:00 [INF] Executing OkObjectResult, writing value of type 'System.Linq.Enumerable+SelectListIterator`2[[api.Models.Quiz, api, Version=1.0.0.0, Culture=neutral, PublicKeyToken=null],[api.DTOs.QuizDto, api, Version=1.0.0.0, Culture=neutral, PublicKeyToken=null]]'.
2025-11-10 21:33:53.043 +01:00 [INF] Executed action api.Controllers.QuizAPIController.QuizList (api) in 4.8301ms
2025-11-10 21:33:53.043 +01:00 [INF] Executed endpoint 'api.Controllers.QuizAPIController.QuizList (api)'
2025-11-10 21:33:53.043 +01:00 [INF] Request finished HTTP/1.1 GET http://localhost:5082/api/quizapi/quizlist - 200 377 application/json; charset=utf-8 5.7222ms
2025-11-10 21:33:57.106 +01:00 [INF] Application is shutting down...
