2025-11-14 16:41:41.283 +01:00 [INF] User profile is available. Using 'C:\Users\Admin\AppData\Local\ASP.NET\DataProtection-Keys' as key repository and Windows DPAPI to encrypt keys at rest.
2025-11-14 16:41:41.407 +01:00 [INF] Now listening on: http://localhost:5082
2025-11-14 16:41:41.411 +01:00 [INF] Application started. Press Ctrl+C to shut down.
2025-11-14 16:41:41.411 +01:00 [INF] Hosting environment: Development
2025-11-14 16:41:41.411 +01:00 [INF] Content root path: C:\Users\Admin\OneDrive - OsloMet\FinalExamITPE3200\EXAMFAM\api
2025-11-14 16:41:53.525 +01:00 [INF] Request starting HTTP/1.1 OPTIONS http://localhost:5082/api/Auth/login - null null
2025-11-14 16:41:53.587 +01:00 [INF] CORS policy execution successful.
2025-11-14 16:41:53.600 +01:00 [INF] Request finished HTTP/1.1 OPTIONS http://localhost:5082/api/Auth/login - 204 null null 78.382ms
2025-11-14 16:41:53.605 +01:00 [INF] Request starting HTTP/1.1 POST http://localhost:5082/api/Auth/login - application/json 39
2025-11-14 16:41:53.611 +01:00 [INF] CORS policy execution successful.
2025-11-14 16:41:53.666 +01:00 [INF] Executing endpoint 'api.Controllers.AuthController.Login (api)'
2025-11-14 16:41:53.699 +01:00 [INF] Route matched with {action = "Login", controller = "Auth"}. Executing controller action with signature System.Threading.Tasks.Task`1[Microsoft.AspNetCore.Mvc.IActionResult] Login(api.DTOs.LoginDto) on controller api.Controllers.AuthController (api).
2025-11-14 16:41:54.244 +01:00 [INF] [AuthController] JWT token created for Lea with roles Teacher
2025-11-14 16:41:54.281 +01:00 [INF] [AuthController] user authorised for Lea
2025-11-14 16:41:54.289 +01:00 [INF] Executing OkObjectResult, writing value of type '<>f__AnonymousType1`1[[System.String, System.Private.CoreLib, Version=8.0.0.0, Culture=neutral, PublicKeyToken=7cec85d7bea7798e]]'.
2025-11-14 16:41:54.341 +01:00 [INF] Executed action api.Controllers.AuthController.Login (api) in 635.579ms
2025-11-14 16:41:54.342 +01:00 [INF] Executed endpoint 'api.Controllers.AuthController.Login (api)'
2025-11-14 16:41:54.349 +01:00 [INF] Request finished HTTP/1.1 POST http://localhost:5082/api/Auth/login - 200 668 application/json; charset=utf-8 744.2624ms
2025-11-14 16:42:12.634 +01:00 [INF] Request starting HTTP/1.1 GET http://localhost:5082/api/quizapi/quizlist - null null
2025-11-14 16:42:12.650 +01:00 [INF] CORS policy execution successful.
2025-11-14 16:42:12.654 +01:00 [INF] Executing endpoint 'api.Controllers.QuizAPIController.QuizList (api)'
2025-11-14 16:42:12.662 +01:00 [INF] Route matched with {action = "QuizList", controller = "QuizAPI"}. Executing controller action with signature System.Threading.Tasks.Task`1[Microsoft.AspNetCore.Mvc.IActionResult] QuizList() on controller api.Controllers.QuizAPIController (api).
2025-11-14 16:42:12.852 +01:00 [WRN] Compiling a query which loads related collections for more than one collection navigation, either via 'Include' or through projection, but no 'QuerySplittingBehavior' has been configured. By default, Entity Framework will use 'QuerySplittingBehavior.SingleQuery', which can potentially result in slow query performance. See https://go.microsoft.com/fwlink/?linkid=2134277 for more information. To identify the query that's triggering this warning call 'ConfigureWarnings(w => w.Throw(RelationalEventId.MultipleCollectionIncludeWarning))'.
2025-11-14 16:42:12.949 +01:00 [INF] Executing OkObjectResult, writing value of type 'System.Linq.Enumerable+SelectListIterator`2[[api.Models.Quiz, api, Version=1.0.0.0, Culture=neutral, PublicKeyToken=null],[api.DTOs.QuizDto, api, Version=1.0.0.0, Culture=neutral, PublicKeyToken=null]]'.
2025-11-14 16:42:12.964 +01:00 [INF] Executed action api.Controllers.QuizAPIController.QuizList (api) in 301.8423ms
2025-11-14 16:42:12.964 +01:00 [INF] Executed endpoint 'api.Controllers.QuizAPIController.QuizList (api)'
2025-11-14 16:42:12.964 +01:00 [INF] Request finished HTTP/1.1 GET http://localhost:5082/api/quizapi/quizlist - 200 377 application/json; charset=utf-8 330.1117ms
2025-11-14 16:42:12.968 +01:00 [INF] Request starting HTTP/1.1 GET http://localhost:5082/api/quizapi/quizlist - null null
2025-11-14 16:42:12.970 +01:00 [INF] CORS policy execution successful.
2025-11-14 16:42:12.973 +01:00 [INF] Executing endpoint 'api.Controllers.QuizAPIController.QuizList (api)'
2025-11-14 16:42:12.973 +01:00 [INF] Route matched with {action = "QuizList", controller = "QuizAPI"}. Executing controller action with signature System.Threading.Tasks.Task`1[Microsoft.AspNetCore.Mvc.IActionResult] QuizList() on controller api.Controllers.QuizAPIController (api).
2025-11-14 16:42:12.983 +01:00 [INF] Executing OkObjectResult, writing value of type 'System.Linq.Enumerable+SelectListIterator`2[[api.Models.Quiz, api, Version=1.0.0.0, Culture=neutral, PublicKeyToken=null],[api.DTOs.QuizDto, api, Version=1.0.0.0, Culture=neutral, PublicKeyToken=null]]'.
2025-11-14 16:42:12.983 +01:00 [INF] Executed action api.Controllers.QuizAPIController.QuizList (api) in 10.0919ms
2025-11-14 16:42:12.984 +01:00 [INF] Executed endpoint 'api.Controllers.QuizAPIController.QuizList (api)'
2025-11-14 16:42:12.984 +01:00 [INF] Request finished HTTP/1.1 GET http://localhost:5082/api/quizapi/quizlist - 200 377 application/json; charset=utf-8 15.9155ms
2025-11-14 16:42:16.165 +01:00 [INF] Request starting HTTP/1.1 GET http://localhost:5082/api/quizapi/12 - null null
2025-11-14 16:42:16.167 +01:00 [INF] CORS policy execution successful.
2025-11-14 16:42:16.167 +01:00 [INF] Executing endpoint 'api.Controllers.QuizAPIController.GetQuiz (api)'
2025-11-14 16:42:16.176 +01:00 [INF] Route matched with {action = "GetQuiz", controller = "QuizAPI"}. Executing controller action with signature System.Threading.Tasks.Task`1[Microsoft.AspNetCore.Mvc.IActionResult] GetQuiz(Int32) on controller api.Controllers.QuizAPIController (api).
2025-11-14 16:42:16.206 +01:00 [WRN] Compiling a query which loads related collections for more than one collection navigation, either via 'Include' or through projection, but no 'QuerySplittingBehavior' has been configured. By default, Entity Framework will use 'QuerySplittingBehavior.SingleQuery', which can potentially result in slow query performance. See https://go.microsoft.com/fwlink/?linkid=2134277 for more information. To identify the query that's triggering this warning call 'ConfigureWarnings(w => w.Throw(RelationalEventId.MultipleCollectionIncludeWarning))'.
2025-11-14 16:42:16.215 +01:00 [INF] Executing OkObjectResult, writing value of type 'api.Models.Quiz'.
2025-11-14 16:42:16.229 +01:00 [INF] Executed action api.Controllers.QuizAPIController.GetQuiz (api) in 53.5258ms
2025-11-14 16:42:16.230 +01:00 [INF] Executed endpoint 'api.Controllers.QuizAPIController.GetQuiz (api)'
2025-11-14 16:42:16.230 +01:00 [INF] Request finished HTTP/1.1 GET http://localhost:5082/api/quizapi/12 - 200 926 application/json; charset=utf-8 64.6661ms
2025-11-14 16:42:16.233 +01:00 [INF] Request starting HTTP/1.1 GET http://localhost:5082/api/quizapi/12 - null null
2025-11-14 16:42:16.234 +01:00 [INF] CORS policy execution successful.
2025-11-14 16:42:16.234 +01:00 [INF] Executing endpoint 'api.Controllers.QuizAPIController.GetQuiz (api)'
2025-11-14 16:42:16.234 +01:00 [INF] Route matched with {action = "GetQuiz", controller = "QuizAPI"}. Executing controller action with signature System.Threading.Tasks.Task`1[Microsoft.AspNetCore.Mvc.IActionResult] GetQuiz(Int32) on controller api.Controllers.QuizAPIController (api).
2025-11-14 16:42:16.240 +01:00 [INF] Executing OkObjectResult, writing value of type 'api.Models.Quiz'.
2025-11-14 16:42:16.241 +01:00 [INF] Executed action api.Controllers.QuizAPIController.GetQuiz (api) in 6.0585ms
2025-11-14 16:42:16.241 +01:00 [INF] Executed endpoint 'api.Controllers.QuizAPIController.GetQuiz (api)'
2025-11-14 16:42:16.241 +01:00 [INF] Request finished HTTP/1.1 GET http://localhost:5082/api/quizapi/12 - 200 926 application/json; charset=utf-8 7.7162ms
2025-11-14 16:42:20.309 +01:00 [INF] Request starting HTTP/1.1 GET http://localhost:5082/api/quizapi/quizlist - null null
2025-11-14 16:42:20.310 +01:00 [INF] CORS policy execution successful.
2025-11-14 16:42:20.310 +01:00 [INF] Executing endpoint 'api.Controllers.QuizAPIController.QuizList (api)'
2025-11-14 16:42:20.311 +01:00 [INF] Route matched with {action = "QuizList", controller = "QuizAPI"}. Executing controller action with signature System.Threading.Tasks.Task`1[Microsoft.AspNetCore.Mvc.IActionResult] QuizList() on controller api.Controllers.QuizAPIController (api).
2025-11-14 16:42:20.323 +01:00 [INF] Executing OkObjectResult, writing value of type 'System.Linq.Enumerable+SelectListIterator`2[[api.Models.Quiz, api, Version=1.0.0.0, Culture=neutral, PublicKeyToken=null],[api.DTOs.QuizDto, api, Version=1.0.0.0, Culture=neutral, PublicKeyToken=null]]'.
2025-11-14 16:42:20.324 +01:00 [INF] Executed action api.Controllers.QuizAPIController.QuizList (api) in 12.784ms
2025-11-14 16:42:20.324 +01:00 [INF] Executed endpoint 'api.Controllers.QuizAPIController.QuizList (api)'
2025-11-14 16:42:20.324 +01:00 [INF] Request finished HTTP/1.1 GET http://localhost:5082/api/quizapi/quizlist - 200 377 application/json; charset=utf-8 14.808ms
2025-11-14 16:42:20.327 +01:00 [INF] Request starting HTTP/1.1 GET http://localhost:5082/api/quizapi/quizlist - null null
2025-11-14 16:42:20.327 +01:00 [INF] CORS policy execution successful.
2025-11-14 16:42:20.328 +01:00 [INF] Executing endpoint 'api.Controllers.QuizAPIController.QuizList (api)'
2025-11-14 16:42:20.328 +01:00 [INF] Route matched with {action = "QuizList", controller = "QuizAPI"}. Executing controller action with signature System.Threading.Tasks.Task`1[Microsoft.AspNetCore.Mvc.IActionResult] QuizList() on controller api.Controllers.QuizAPIController (api).
2025-11-14 16:42:20.338 +01:00 [INF] Executing OkObjectResult, writing value of type 'System.Linq.Enumerable+SelectListIterator`2[[api.Models.Quiz, api, Version=1.0.0.0, Culture=neutral, PublicKeyToken=null],[api.DTOs.QuizDto, api, Version=1.0.0.0, Culture=neutral, PublicKeyToken=null]]'.
2025-11-14 16:42:20.339 +01:00 [INF] Executed action api.Controllers.QuizAPIController.QuizList (api) in 10.689ms
2025-11-14 16:42:20.340 +01:00 [INF] Executed endpoint 'api.Controllers.QuizAPIController.QuizList (api)'
2025-11-14 16:42:20.340 +01:00 [INF] Request finished HTTP/1.1 GET http://localhost:5082/api/quizapi/quizlist - 200 377 application/json; charset=utf-8 13.0225ms
2025-11-14 16:42:22.605 +01:00 [INF] Request starting HTTP/1.1 GET http://localhost:5082/api/quizapi/5 - null null
2025-11-14 16:42:22.605 +01:00 [INF] CORS policy execution successful.
2025-11-14 16:42:22.606 +01:00 [INF] Executing endpoint 'api.Controllers.QuizAPIController.GetQuiz (api)'
2025-11-14 16:42:22.607 +01:00 [INF] Route matched with {action = "GetQuiz", controller = "QuizAPI"}. Executing controller action with signature System.Threading.Tasks.Task`1[Microsoft.AspNetCore.Mvc.IActionResult] GetQuiz(Int32) on controller api.Controllers.QuizAPIController (api).
2025-11-14 16:42:22.612 +01:00 [INF] Executing OkObjectResult, writing value of type 'api.Models.Quiz'.
2025-11-14 16:42:22.614 +01:00 [INF] Executed action api.Controllers.QuizAPIController.GetQuiz (api) in 6.8719ms
2025-11-14 16:42:22.614 +01:00 [INF] Executed endpoint 'api.Controllers.QuizAPIController.GetQuiz (api)'
2025-11-14 16:42:22.614 +01:00 [INF] Request finished HTTP/1.1 GET http://localhost:5082/api/quizapi/5 - 200 2212 application/json; charset=utf-8 9.7337ms
2025-11-14 16:42:22.616 +01:00 [INF] Request starting HTTP/1.1 GET http://localhost:5082/api/quizapi/5 - null null
2025-11-14 16:42:22.617 +01:00 [INF] CORS policy execution successful.
2025-11-14 16:42:22.617 +01:00 [INF] Executing endpoint 'api.Controllers.QuizAPIController.GetQuiz (api)'
2025-11-14 16:42:22.617 +01:00 [INF] Route matched with {action = "GetQuiz", controller = "QuizAPI"}. Executing controller action with signature System.Threading.Tasks.Task`1[Microsoft.AspNetCore.Mvc.IActionResult] GetQuiz(Int32) on controller api.Controllers.QuizAPIController (api).
2025-11-14 16:42:22.621 +01:00 [INF] Executing OkObjectResult, writing value of type 'api.Models.Quiz'.
2025-11-14 16:42:22.622 +01:00 [INF] Executed action api.Controllers.QuizAPIController.GetQuiz (api) in 4.5801ms
2025-11-14 16:42:22.622 +01:00 [INF] Executed endpoint 'api.Controllers.QuizAPIController.GetQuiz (api)'
2025-11-14 16:42:22.622 +01:00 [INF] Request finished HTTP/1.1 GET http://localhost:5082/api/quizapi/5 - 200 2212 application/json; charset=utf-8 5.9336ms
2025-11-14 16:42:25.360 +01:00 [INF] Request starting HTTP/1.1 GET http://localhost:5082/api/quizapi/quizlist - null null
2025-11-14 16:42:25.360 +01:00 [INF] CORS policy execution successful.
2025-11-14 16:42:25.361 +01:00 [INF] Executing endpoint 'api.Controllers.QuizAPIController.QuizList (api)'
2025-11-14 16:42:25.361 +01:00 [INF] Route matched with {action = "QuizList", controller = "QuizAPI"}. Executing controller action with signature System.Threading.Tasks.Task`1[Microsoft.AspNetCore.Mvc.IActionResult] QuizList() on controller api.Controllers.QuizAPIController (api).
2025-11-14 16:42:25.372 +01:00 [INF] Executing OkObjectResult, writing value of type 'System.Linq.Enumerable+SelectListIterator`2[[api.Models.Quiz, api, Version=1.0.0.0, Culture=neutral, PublicKeyToken=null],[api.DTOs.QuizDto, api, Version=1.0.0.0, Culture=neutral, PublicKeyToken=null]]'.
2025-11-14 16:42:25.373 +01:00 [INF] Executed action api.Controllers.QuizAPIController.QuizList (api) in 11.5907ms
2025-11-14 16:42:25.373 +01:00 [INF] Executed endpoint 'api.Controllers.QuizAPIController.QuizList (api)'
2025-11-14 16:42:25.373 +01:00 [INF] Request finished HTTP/1.1 GET http://localhost:5082/api/quizapi/quizlist - 200 377 application/json; charset=utf-8 13.5593ms
2025-11-14 16:42:25.377 +01:00 [INF] Request starting HTTP/1.1 GET http://localhost:5082/api/quizapi/quizlist - null null
2025-11-14 16:42:25.378 +01:00 [INF] CORS policy execution successful.
2025-11-14 16:42:25.379 +01:00 [INF] Executing endpoint 'api.Controllers.QuizAPIController.QuizList (api)'
2025-11-14 16:42:25.379 +01:00 [INF] Route matched with {action = "QuizList", controller = "QuizAPI"}. Executing controller action with signature System.Threading.Tasks.Task`1[Microsoft.AspNetCore.Mvc.IActionResult] QuizList() on controller api.Controllers.QuizAPIController (api).
2025-11-14 16:42:25.388 +01:00 [INF] Executing OkObjectResult, writing value of type 'System.Linq.Enumerable+SelectListIterator`2[[api.Models.Quiz, api, Version=1.0.0.0, Culture=neutral, PublicKeyToken=null],[api.DTOs.QuizDto, api, Version=1.0.0.0, Culture=neutral, PublicKeyToken=null]]'.
2025-11-14 16:42:25.389 +01:00 [INF] Executed action api.Controllers.QuizAPIController.QuizList (api) in 9.2447ms
2025-11-14 16:42:25.389 +01:00 [INF] Executed endpoint 'api.Controllers.QuizAPIController.QuizList (api)'
2025-11-14 16:42:25.390 +01:00 [INF] Request finished HTTP/1.1 GET http://localhost:5082/api/quizapi/quizlist - 200 377 application/json; charset=utf-8 12.8284ms
2025-11-14 16:43:29.971 +01:00 [INF] Request starting HTTP/1.1 GET http://localhost:5082/api/quizapi/12 - null null
2025-11-14 16:43:29.971 +01:00 [INF] CORS policy execution successful.
2025-11-14 16:43:29.972 +01:00 [INF] Executing endpoint 'api.Controllers.QuizAPIController.GetQuiz (api)'
2025-11-14 16:43:29.972 +01:00 [INF] Route matched with {action = "GetQuiz", controller = "QuizAPI"}. Executing controller action with signature System.Threading.Tasks.Task`1[Microsoft.AspNetCore.Mvc.IActionResult] GetQuiz(Int32) on controller api.Controllers.QuizAPIController (api).
2025-11-14 16:43:29.976 +01:00 [INF] Executing OkObjectResult, writing value of type 'api.Models.Quiz'.
2025-11-14 16:43:29.976 +01:00 [INF] Executed action api.Controllers.QuizAPIController.GetQuiz (api) in 4.0461ms
2025-11-14 16:43:29.976 +01:00 [INF] Executed endpoint 'api.Controllers.QuizAPIController.GetQuiz (api)'
2025-11-14 16:43:29.977 +01:00 [INF] Request finished HTTP/1.1 GET http://localhost:5082/api/quizapi/12 - 200 926 application/json; charset=utf-8 5.7087ms
2025-11-14 16:43:29.979 +01:00 [INF] Request starting HTTP/1.1 GET http://localhost:5082/api/quizapi/12 - null null
2025-11-14 16:43:29.980 +01:00 [INF] CORS policy execution successful.
2025-11-14 16:43:29.981 +01:00 [INF] Executing endpoint 'api.Controllers.QuizAPIController.GetQuiz (api)'
2025-11-14 16:43:29.982 +01:00 [INF] Route matched with {action = "GetQuiz", controller = "QuizAPI"}. Executing controller action with signature System.Threading.Tasks.Task`1[Microsoft.AspNetCore.Mvc.IActionResult] GetQuiz(Int32) on controller api.Controllers.QuizAPIController (api).
2025-11-14 16:43:29.984 +01:00 [INF] Executing OkObjectResult, writing value of type 'api.Models.Quiz'.
2025-11-14 16:43:29.985 +01:00 [INF] Executed action api.Controllers.QuizAPIController.GetQuiz (api) in 3.136ms
2025-11-14 16:43:29.985 +01:00 [INF] Executed endpoint 'api.Controllers.QuizAPIController.GetQuiz (api)'
2025-11-14 16:43:29.986 +01:00 [INF] Request finished HTTP/1.1 GET http://localhost:5082/api/quizapi/12 - 200 926 application/json; charset=utf-8 6.5921ms
2025-11-14 16:44:07.248 +01:00 [INF] Request starting HTTP/1.1 OPTIONS http://localhost:5082/api/quizapi/update/12 - null null
2025-11-14 16:44:07.248 +01:00 [INF] CORS policy execution successful.
2025-11-14 16:44:07.250 +01:00 [INF] Request finished HTTP/1.1 OPTIONS http://localhost:5082/api/quizapi/update/12 - 204 null null 2.2464ms
2025-11-14 16:44:07.256 +01:00 [INF] Request starting HTTP/1.1 PUT http://localhost:5082/api/quizapi/update/12 - application/json 507
2025-11-14 16:44:07.257 +01:00 [INF] CORS policy execution successful.
2025-11-14 16:44:07.361 +01:00 [INF] Executing endpoint 'api.Controllers.QuizAPIController.Update (api)'
2025-11-14 16:44:07.369 +01:00 [INF] Route matched with {action = "Update", controller = "QuizAPI"}. Executing controller action with signature System.Threading.Tasks.Task`1[Microsoft.AspNetCore.Mvc.IActionResult] Update(Int32, api.DTOs.QuizDto) on controller api.Controllers.QuizAPIController (api).
2025-11-14 16:44:07.683 +01:00 [INF] Executing OkObjectResult, writing value of type 'api.Models.Quiz'.
2025-11-14 16:44:07.684 +01:00 [INF] Executed action api.Controllers.QuizAPIController.Update (api) in 315.1097ms
2025-11-14 16:44:07.684 +01:00 [INF] Executed endpoint 'api.Controllers.QuizAPIController.Update (api)'
2025-11-14 16:44:07.684 +01:00 [INF] Request finished HTTP/1.1 PUT http://localhost:5082/api/quizapi/update/12 - 200 939 application/json; charset=utf-8 427.9383ms
2025-11-14 16:44:07.727 +01:00 [INF] Request starting HTTP/1.1 GET http://localhost:5082/api/quizapi/quizlist - null null
2025-11-14 16:44:07.728 +01:00 [INF] CORS policy execution successful.
2025-11-14 16:44:07.728 +01:00 [INF] Executing endpoint 'api.Controllers.QuizAPIController.QuizList (api)'
2025-11-14 16:44:07.728 +01:00 [INF] Route matched with {action = "QuizList", controller = "QuizAPI"}. Executing controller action with signature System.Threading.Tasks.Task`1[Microsoft.AspNetCore.Mvc.IActionResult] QuizList() on controller api.Controllers.QuizAPIController (api).
2025-11-14 16:44:07.734 +01:00 [INF] Executing OkObjectResult, writing value of type 'System.Linq.Enumerable+SelectListIterator`2[[api.Models.Quiz, api, Version=1.0.0.0, Culture=neutral, PublicKeyToken=null],[api.DTOs.QuizDto, api, Version=1.0.0.0, Culture=neutral, PublicKeyToken=null]]'.
2025-11-14 16:44:07.735 +01:00 [INF] Executed action api.Controllers.QuizAPIController.QuizList (api) in 6.2858ms
2025-11-14 16:44:07.735 +01:00 [INF] Executed endpoint 'api.Controllers.QuizAPIController.QuizList (api)'
2025-11-14 16:44:07.735 +01:00 [INF] Request finished HTTP/1.1 GET http://localhost:5082/api/quizapi/quizlist - 200 377 application/json; charset=utf-8 7.409ms
2025-11-14 16:44:07.737 +01:00 [INF] Request starting HTTP/1.1 GET http://localhost:5082/api/quizapi/quizlist - null null
2025-11-14 16:44:07.737 +01:00 [INF] CORS policy execution successful.
2025-11-14 16:44:07.737 +01:00 [INF] Executing endpoint 'api.Controllers.QuizAPIController.QuizList (api)'
2025-11-14 16:44:07.738 +01:00 [INF] Route matched with {action = "QuizList", controller = "QuizAPI"}. Executing controller action with signature System.Threading.Tasks.Task`1[Microsoft.AspNetCore.Mvc.IActionResult] QuizList() on controller api.Controllers.QuizAPIController (api).
2025-11-14 16:44:07.741 +01:00 [INF] Executing OkObjectResult, writing value of type 'System.Linq.Enumerable+SelectListIterator`2[[api.Models.Quiz, api, Version=1.0.0.0, Culture=neutral, PublicKeyToken=null],[api.DTOs.QuizDto, api, Version=1.0.0.0, Culture=neutral, PublicKeyToken=null]]'.
2025-11-14 16:44:07.742 +01:00 [INF] Executed action api.Controllers.QuizAPIController.QuizList (api) in 3.7782ms
2025-11-14 16:44:07.742 +01:00 [INF] Executed endpoint 'api.Controllers.QuizAPIController.QuizList (api)'
2025-11-14 16:44:07.742 +01:00 [INF] Request finished HTTP/1.1 GET http://localhost:5082/api/quizapi/quizlist - 200 377 application/json; charset=utf-8 5.274ms
2025-11-14 16:44:11.028 +01:00 [INF] Request starting HTTP/1.1 GET http://localhost:5082/api/quizapi/12 - null null
2025-11-14 16:44:11.030 +01:00 [INF] CORS policy execution successful.
2025-11-14 16:44:11.031 +01:00 [INF] Executing endpoint 'api.Controllers.QuizAPIController.GetQuiz (api)'
2025-11-14 16:44:11.032 +01:00 [INF] Route matched with {action = "GetQuiz", controller = "QuizAPI"}. Executing controller action with signature System.Threading.Tasks.Task`1[Microsoft.AspNetCore.Mvc.IActionResult] GetQuiz(Int32) on controller api.Controllers.QuizAPIController (api).
2025-11-14 16:44:11.039 +01:00 [INF] Executing OkObjectResult, writing value of type 'api.Models.Quiz'.
2025-11-14 16:44:11.039 +01:00 [INF] Executed action api.Controllers.QuizAPIController.GetQuiz (api) in 7.5036ms
2025-11-14 16:44:11.039 +01:00 [INF] Executed endpoint 'api.Controllers.QuizAPIController.GetQuiz (api)'
2025-11-14 16:44:11.040 +01:00 [INF] Request finished HTTP/1.1 GET http://localhost:5082/api/quizapi/12 - 200 939 application/json; charset=utf-8 11.5146ms
2025-11-14 16:44:11.042 +01:00 [INF] Request starting HTTP/1.1 GET http://localhost:5082/api/quizapi/12 - null null
2025-11-14 16:44:11.043 +01:00 [INF] CORS policy execution successful.
2025-11-14 16:44:11.043 +01:00 [INF] Executing endpoint 'api.Controllers.QuizAPIController.GetQuiz (api)'
2025-11-14 16:44:11.043 +01:00 [INF] Route matched with {action = "GetQuiz", controller = "QuizAPI"}. Executing controller action with signature System.Threading.Tasks.Task`1[Microsoft.AspNetCore.Mvc.IActionResult] GetQuiz(Int32) on controller api.Controllers.QuizAPIController (api).
2025-11-14 16:44:11.048 +01:00 [INF] Executing OkObjectResult, writing value of type 'api.Models.Quiz'.
2025-11-14 16:44:11.049 +01:00 [INF] Executed action api.Controllers.QuizAPIController.GetQuiz (api) in 5.2693ms
2025-11-14 16:44:11.049 +01:00 [INF] Executed endpoint 'api.Controllers.QuizAPIController.GetQuiz (api)'
2025-11-14 16:44:11.050 +01:00 [INF] Request finished HTTP/1.1 GET http://localhost:5082/api/quizapi/12 - 200 939 application/json; charset=utf-8 8.3391ms
2025-11-14 16:44:11.063 +01:00 [INF] Request starting HTTP/1.1 GET http://localhost:5082/images/china - null null
2025-11-14 16:44:11.066 +01:00 [INF] Request finished HTTP/1.1 GET http://localhost:5082/images/china - 404 0 null 2.0727ms
2025-11-14 16:44:11.069 +01:00 [INF] Request reached the end of the middleware pipeline without being handled by application code. Request path: GET http://localhost:5082/images/china, Response status code: 404
2025-11-14 16:44:12.787 +01:00 [INF] Request starting HTTP/1.1 GET http://localhost:5082/api/quizapi/quizlist - null null
2025-11-14 16:44:12.787 +01:00 [INF] CORS policy execution successful.
2025-11-14 16:44:12.787 +01:00 [INF] Executing endpoint 'api.Controllers.QuizAPIController.QuizList (api)'
2025-11-14 16:44:12.788 +01:00 [INF] Route matched with {action = "QuizList", controller = "QuizAPI"}. Executing controller action with signature System.Threading.Tasks.Task`1[Microsoft.AspNetCore.Mvc.IActionResult] QuizList() on controller api.Controllers.QuizAPIController (api).
2025-11-14 16:44:12.794 +01:00 [INF] Executing OkObjectResult, writing value of type 'System.Linq.Enumerable+SelectListIterator`2[[api.Models.Quiz, api, Version=1.0.0.0, Culture=neutral, PublicKeyToken=null],[api.DTOs.QuizDto, api, Version=1.0.0.0, Culture=neutral, PublicKeyToken=null]]'.
2025-11-14 16:44:12.794 +01:00 [INF] Executed action api.Controllers.QuizAPIController.QuizList (api) in 6.2531ms
2025-11-14 16:44:12.794 +01:00 [INF] Executed endpoint 'api.Controllers.QuizAPIController.QuizList (api)'
2025-11-14 16:44:12.794 +01:00 [INF] Request finished HTTP/1.1 GET http://localhost:5082/api/quizapi/quizlist - 200 377 application/json; charset=utf-8 7.6157ms
2025-11-14 16:44:12.799 +01:00 [INF] Request starting HTTP/1.1 GET http://localhost:5082/api/quizapi/quizlist - null null
2025-11-14 16:44:12.799 +01:00 [INF] CORS policy execution successful.
2025-11-14 16:44:12.800 +01:00 [INF] Executing endpoint 'api.Controllers.QuizAPIController.QuizList (api)'
2025-11-14 16:44:12.800 +01:00 [INF] Route matched with {action = "QuizList", controller = "QuizAPI"}. Executing controller action with signature System.Threading.Tasks.Task`1[Microsoft.AspNetCore.Mvc.IActionResult] QuizList() on controller api.Controllers.QuizAPIController (api).
2025-11-14 16:44:12.804 +01:00 [INF] Executing OkObjectResult, writing value of type 'System.Linq.Enumerable+SelectListIterator`2[[api.Models.Quiz, api, Version=1.0.0.0, Culture=neutral, PublicKeyToken=null],[api.DTOs.QuizDto, api, Version=1.0.0.0, Culture=neutral, PublicKeyToken=null]]'.
2025-11-14 16:44:12.804 +01:00 [INF] Executed action api.Controllers.QuizAPIController.QuizList (api) in 4.3799ms
2025-11-14 16:44:12.804 +01:00 [INF] Executed endpoint 'api.Controllers.QuizAPIController.QuizList (api)'
2025-11-14 16:44:12.804 +01:00 [INF] Request finished HTTP/1.1 GET http://localhost:5082/api/quizapi/quizlist - 200 377 application/json; charset=utf-8 5.8412ms
2025-11-14 16:44:13.659 +01:00 [INF] Request starting HTTP/1.1 GET http://localhost:5082/api/quizapi/12 - null null
2025-11-14 16:44:13.659 +01:00 [INF] CORS policy execution successful.
2025-11-14 16:44:13.660 +01:00 [INF] Executing endpoint 'api.Controllers.QuizAPIController.GetQuiz (api)'
2025-11-14 16:44:13.660 +01:00 [INF] Route matched with {action = "GetQuiz", controller = "QuizAPI"}. Executing controller action with signature System.Threading.Tasks.Task`1[Microsoft.AspNetCore.Mvc.IActionResult] GetQuiz(Int32) on controller api.Controllers.QuizAPIController (api).
2025-11-14 16:44:13.665 +01:00 [INF] Executing OkObjectResult, writing value of type 'api.Models.Quiz'.
2025-11-14 16:44:13.666 +01:00 [INF] Executed action api.Controllers.QuizAPIController.GetQuiz (api) in 5.9586ms
2025-11-14 16:44:13.666 +01:00 [INF] Executed endpoint 'api.Controllers.QuizAPIController.GetQuiz (api)'
2025-11-14 16:44:13.666 +01:00 [INF] Request finished HTTP/1.1 GET http://localhost:5082/api/quizapi/12 - 200 939 application/json; charset=utf-8 7.5058ms
2025-11-14 16:44:13.669 +01:00 [INF] Request starting HTTP/1.1 GET http://localhost:5082/api/quizapi/12 - null null
2025-11-14 16:44:13.669 +01:00 [INF] CORS policy execution successful.
2025-11-14 16:44:13.669 +01:00 [INF] Executing endpoint 'api.Controllers.QuizAPIController.GetQuiz (api)'
2025-11-14 16:44:13.669 +01:00 [INF] Route matched with {action = "GetQuiz", controller = "QuizAPI"}. Executing controller action with signature System.Threading.Tasks.Task`1[Microsoft.AspNetCore.Mvc.IActionResult] GetQuiz(Int32) on controller api.Controllers.QuizAPIController (api).
2025-11-14 16:44:13.674 +01:00 [INF] Executing OkObjectResult, writing value of type 'api.Models.Quiz'.
2025-11-14 16:44:13.677 +01:00 [INF] Executed action api.Controllers.QuizAPIController.GetQuiz (api) in 7.5035ms
2025-11-14 16:44:13.677 +01:00 [INF] Executed endpoint 'api.Controllers.QuizAPIController.GetQuiz (api)'
2025-11-14 16:44:13.679 +01:00 [INF] Request finished HTTP/1.1 GET http://localhost:5082/api/quizapi/12 - 200 939 application/json; charset=utf-8 10.3343ms
2025-11-14 16:44:25.676 +01:00 [INF] Request starting HTTP/1.1 OPTIONS http://localhost:5082/api/quizapi/update/12 - null null
2025-11-14 16:44:25.676 +01:00 [INF] CORS policy execution successful.
2025-11-14 16:44:25.676 +01:00 [INF] Request finished HTTP/1.1 OPTIONS http://localhost:5082/api/quizapi/update/12 - 204 null null 0.4908ms
2025-11-14 16:44:25.679 +01:00 [INF] Request starting HTTP/1.1 PUT http://localhost:5082/api/quizapi/update/12 - application/json 385
2025-11-14 16:44:25.679 +01:00 [INF] CORS policy execution successful.
2025-11-14 16:44:25.683 +01:00 [INF] Executing endpoint 'api.Controllers.QuizAPIController.Update (api)'
2025-11-14 16:44:25.683 +01:00 [INF] Route matched with {action = "Update", controller = "QuizAPI"}. Executing controller action with signature System.Threading.Tasks.Task`1[Microsoft.AspNetCore.Mvc.IActionResult] Update(Int32, api.DTOs.QuizDto) on controller api.Controllers.QuizAPIController (api).
2025-11-14 16:44:25.718 +01:00 [INF] Executing OkObjectResult, writing value of type 'api.Models.Quiz'.
2025-11-14 16:44:25.718 +01:00 [INF] Executed action api.Controllers.QuizAPIController.Update (api) in 34.8196ms
2025-11-14 16:44:25.719 +01:00 [INF] Executed endpoint 'api.Controllers.QuizAPIController.Update (api)'
2025-11-14 16:44:25.719 +01:00 [INF] Request finished HTTP/1.1 PUT http://localhost:5082/api/quizapi/update/12 - 200 712 application/json; charset=utf-8 40.2409ms
2025-11-14 16:44:25.772 +01:00 [INF] Request starting HTTP/1.1 GET http://localhost:5082/api/quizapi/quizlist - null null
2025-11-14 16:44:25.773 +01:00 [INF] CORS policy execution successful.
2025-11-14 16:44:25.773 +01:00 [INF] Executing endpoint 'api.Controllers.QuizAPIController.QuizList (api)'
2025-11-14 16:44:25.773 +01:00 [INF] Route matched with {action = "QuizList", controller = "QuizAPI"}. Executing controller action with signature System.Threading.Tasks.Task`1[Microsoft.AspNetCore.Mvc.IActionResult] QuizList() on controller api.Controllers.QuizAPIController (api).
2025-11-14 16:44:25.777 +01:00 [INF] Executing OkObjectResult, writing value of type 'System.Linq.Enumerable+SelectListIterator`2[[api.Models.Quiz, api, Version=1.0.0.0, Culture=neutral, PublicKeyToken=null],[api.DTOs.QuizDto, api, Version=1.0.0.0, Culture=neutral, PublicKeyToken=null]]'.
2025-11-14 16:44:25.778 +01:00 [INF] Executed action api.Controllers.QuizAPIController.QuizList (api) in 4.1354ms
2025-11-14 16:44:25.778 +01:00 [INF] Executed endpoint 'api.Controllers.QuizAPIController.QuizList (api)'
2025-11-14 16:44:25.778 +01:00 [INF] Request finished HTTP/1.1 GET http://localhost:5082/api/quizapi/quizlist - 200 377 application/json; charset=utf-8 5.3913ms
2025-11-14 16:44:25.782 +01:00 [INF] Request starting HTTP/1.1 GET http://localhost:5082/api/quizapi/quizlist - null null
2025-11-14 16:44:25.782 +01:00 [INF] CORS policy execution successful.
2025-11-14 16:44:25.782 +01:00 [INF] Executing endpoint 'api.Controllers.QuizAPIController.QuizList (api)'
2025-11-14 16:44:25.783 +01:00 [INF] Route matched with {action = "QuizList", controller = "QuizAPI"}. Executing controller action with signature System.Threading.Tasks.Task`1[Microsoft.AspNetCore.Mvc.IActionResult] QuizList() on controller api.Controllers.QuizAPIController (api).
2025-11-14 16:44:25.787 +01:00 [INF] Executing OkObjectResult, writing value of type 'System.Linq.Enumerable+SelectListIterator`2[[api.Models.Quiz, api, Version=1.0.0.0, Culture=neutral, PublicKeyToken=null],[api.DTOs.QuizDto, api, Version=1.0.0.0, Culture=neutral, PublicKeyToken=null]]'.
2025-11-14 16:44:25.787 +01:00 [INF] Executed action api.Controllers.QuizAPIController.QuizList (api) in 4.486ms
2025-11-14 16:44:25.787 +01:00 [INF] Executed endpoint 'api.Controllers.QuizAPIController.QuizList (api)'
2025-11-14 16:44:25.787 +01:00 [INF] Request finished HTTP/1.1 GET http://localhost:5082/api/quizapi/quizlist - 200 377 application/json; charset=utf-8 5.9715ms
2025-11-14 16:44:26.993 +01:00 [INF] Request starting HTTP/1.1 GET http://localhost:5082/api/quizapi/12 - null null
2025-11-14 16:44:26.994 +01:00 [INF] CORS policy execution successful.
2025-11-14 16:44:26.994 +01:00 [INF] Executing endpoint 'api.Controllers.QuizAPIController.GetQuiz (api)'
2025-11-14 16:44:26.994 +01:00 [INF] Route matched with {action = "GetQuiz", controller = "QuizAPI"}. Executing controller action with signature System.Threading.Tasks.Task`1[Microsoft.AspNetCore.Mvc.IActionResult] GetQuiz(Int32) on controller api.Controllers.QuizAPIController (api).
2025-11-14 16:44:26.999 +01:00 [INF] Executing OkObjectResult, writing value of type 'api.Models.Quiz'.
2025-11-14 16:44:26.999 +01:00 [INF] Executed action api.Controllers.QuizAPIController.GetQuiz (api) in 5.1987ms
2025-11-14 16:44:27.000 +01:00 [INF] Executed endpoint 'api.Controllers.QuizAPIController.GetQuiz (api)'
2025-11-14 16:44:27.000 +01:00 [INF] Request finished HTTP/1.1 GET http://localhost:5082/api/quizapi/12 - 200 712 application/json; charset=utf-8 6.8714ms
2025-11-14 16:44:27.002 +01:00 [INF] Request starting HTTP/1.1 GET http://localhost:5082/api/quizapi/12 - null null
2025-11-14 16:44:27.002 +01:00 [INF] CORS policy execution successful.
2025-11-14 16:44:27.002 +01:00 [INF] Executing endpoint 'api.Controllers.QuizAPIController.GetQuiz (api)'
2025-11-14 16:44:27.003 +01:00 [INF] Route matched with {action = "GetQuiz", controller = "QuizAPI"}. Executing controller action with signature System.Threading.Tasks.Task`1[Microsoft.AspNetCore.Mvc.IActionResult] GetQuiz(Int32) on controller api.Controllers.QuizAPIController (api).
2025-11-14 16:44:27.005 +01:00 [INF] Executing OkObjectResult, writing value of type 'api.Models.Quiz'.
2025-11-14 16:44:27.005 +01:00 [INF] Executed action api.Controllers.QuizAPIController.GetQuiz (api) in 2.7914ms
2025-11-14 16:44:27.006 +01:00 [INF] Executed endpoint 'api.Controllers.QuizAPIController.GetQuiz (api)'
2025-11-14 16:44:27.006 +01:00 [INF] Request finished HTTP/1.1 GET http://localhost:5082/api/quizapi/12 - 200 712 application/json; charset=utf-8 4.0121ms
2025-11-14 16:44:28.219 +01:00 [INF] Request starting HTTP/1.1 GET http://localhost:5082/api/quizapi/quizlist - null null
2025-11-14 16:44:28.220 +01:00 [INF] CORS policy execution successful.
2025-11-14 16:44:28.220 +01:00 [INF] Executing endpoint 'api.Controllers.QuizAPIController.QuizList (api)'
2025-11-14 16:44:28.220 +01:00 [INF] Route matched with {action = "QuizList", controller = "QuizAPI"}. Executing controller action with signature System.Threading.Tasks.Task`1[Microsoft.AspNetCore.Mvc.IActionResult] QuizList() on controller api.Controllers.QuizAPIController (api).
2025-11-14 16:44:28.231 +01:00 [INF] Executing OkObjectResult, writing value of type 'System.Linq.Enumerable+SelectListIterator`2[[api.Models.Quiz, api, Version=1.0.0.0, Culture=neutral, PublicKeyToken=null],[api.DTOs.QuizDto, api, Version=1.0.0.0, Culture=neutral, PublicKeyToken=null]]'.
2025-11-14 16:44:28.232 +01:00 [INF] Executed action api.Controllers.QuizAPIController.QuizList (api) in 11.8433ms
2025-11-14 16:44:28.232 +01:00 [INF] Executed endpoint 'api.Controllers.QuizAPIController.QuizList (api)'
2025-11-14 16:44:28.233 +01:00 [INF] Request finished HTTP/1.1 GET http://localhost:5082/api/quizapi/quizlist - 200 377 application/json; charset=utf-8 13.4284ms
2025-11-14 16:44:28.235 +01:00 [INF] Request starting HTTP/1.1 GET http://localhost:5082/api/quizapi/quizlist - null null
2025-11-14 16:44:28.235 +01:00 [INF] CORS policy execution successful.
2025-11-14 16:44:28.235 +01:00 [INF] Executing endpoint 'api.Controllers.QuizAPIController.QuizList (api)'
2025-11-14 16:44:28.235 +01:00 [INF] Route matched with {action = "QuizList", controller = "QuizAPI"}. Executing controller action with signature System.Threading.Tasks.Task`1[Microsoft.AspNetCore.Mvc.IActionResult] QuizList() on controller api.Controllers.QuizAPIController (api).
2025-11-14 16:44:28.239 +01:00 [INF] Executing OkObjectResult, writing value of type 'System.Linq.Enumerable+SelectListIterator`2[[api.Models.Quiz, api, Version=1.0.0.0, Culture=neutral, PublicKeyToken=null],[api.DTOs.QuizDto, api, Version=1.0.0.0, Culture=neutral, PublicKeyToken=null]]'.
2025-11-14 16:44:28.240 +01:00 [INF] Executed action api.Controllers.QuizAPIController.QuizList (api) in 3.9938ms
2025-11-14 16:44:28.240 +01:00 [INF] Executed endpoint 'api.Controllers.QuizAPIController.QuizList (api)'
2025-11-14 16:44:28.240 +01:00 [INF] Request finished HTTP/1.1 GET http://localhost:5082/api/quizapi/quizlist - 200 377 application/json; charset=utf-8 5.7412ms
2025-11-14 16:44:29.270 +01:00 [INF] Request starting HTTP/1.1 GET http://localhost:5082/api/quizapi/11 - null null
2025-11-14 16:44:29.271 +01:00 [INF] CORS policy execution successful.
2025-11-14 16:44:29.271 +01:00 [INF] Executing endpoint 'api.Controllers.QuizAPIController.GetQuiz (api)'
2025-11-14 16:44:29.271 +01:00 [INF] Route matched with {action = "GetQuiz", controller = "QuizAPI"}. Executing controller action with signature System.Threading.Tasks.Task`1[Microsoft.AspNetCore.Mvc.IActionResult] GetQuiz(Int32) on controller api.Controllers.QuizAPIController (api).
2025-11-14 16:44:29.273 +01:00 [INF] Executing OkObjectResult, writing value of type 'api.Models.Quiz'.
2025-11-14 16:44:29.274 +01:00 [INF] Executed action api.Controllers.QuizAPIController.GetQuiz (api) in 2.5452ms
2025-11-14 16:44:29.274 +01:00 [INF] Executed endpoint 'api.Controllers.QuizAPIController.GetQuiz (api)'
2025-11-14 16:44:29.274 +01:00 [INF] Request finished HTTP/1.1 GET http://localhost:5082/api/quizapi/11 - 200 1712 application/json; charset=utf-8 3.5735ms
2025-11-14 16:44:29.276 +01:00 [INF] Request starting HTTP/1.1 GET http://localhost:5082/api/quizapi/11 - null null
2025-11-14 16:44:29.277 +01:00 [INF] CORS policy execution successful.
2025-11-14 16:44:29.277 +01:00 [INF] Executing endpoint 'api.Controllers.QuizAPIController.GetQuiz (api)'
2025-11-14 16:44:29.277 +01:00 [INF] Route matched with {action = "GetQuiz", controller = "QuizAPI"}. Executing controller action with signature System.Threading.Tasks.Task`1[Microsoft.AspNetCore.Mvc.IActionResult] GetQuiz(Int32) on controller api.Controllers.QuizAPIController (api).
2025-11-14 16:44:29.283 +01:00 [INF] Executing OkObjectResult, writing value of type 'api.Models.Quiz'.
2025-11-14 16:44:29.285 +01:00 [INF] Executed action api.Controllers.QuizAPIController.GetQuiz (api) in 7.2417ms
2025-11-14 16:44:29.287 +01:00 [INF] Executed endpoint 'api.Controllers.QuizAPIController.GetQuiz (api)'
2025-11-14 16:44:29.288 +01:00 [INF] Request finished HTTP/1.1 GET http://localhost:5082/api/quizapi/11 - 200 1712 application/json; charset=utf-8 11.2248ms
2025-11-14 16:44:29.298 +01:00 [INF] Request starting HTTP/1.1 GET http://localhost:5082/images/Brasil.png - null null
2025-11-14 16:44:29.299 +01:00 [INF] Request starting HTTP/1.1 GET http://localhost:5082/images/Spain.png - null null
2025-11-14 16:44:29.298 +01:00 [INF] Request starting HTTP/1.1 GET http://localhost:5082/images/China.png - null null
2025-11-14 16:44:29.299 +01:00 [INF] Request starting HTTP/1.1 GET http://localhost:5082/images/Island.png - null null
2025-11-14 16:44:29.307 +01:00 [INF] Request starting HTTP/1.1 GET http://localhost:5082/images/SouthAfrica.png - null null
2025-11-14 16:44:29.317 +01:00 [INF] The file /images/China.png was not modified
2025-11-14 16:44:29.317 +01:00 [INF] The file /images/Island.png was not modified
2025-11-14 16:44:29.317 +01:00 [INF] The file /images/SouthAfrica.png was not modified
2025-11-14 16:44:29.317 +01:00 [INF] The file /images/Brasil.png was not modified
2025-11-14 16:44:29.317 +01:00 [INF] The file /images/Spain.png was not modified
2025-11-14 16:44:29.318 +01:00 [INF] Request finished HTTP/1.1 GET http://localhost:5082/images/Spain.png - 304 null image/png 19.0963ms
2025-11-14 16:44:29.318 +01:00 [INF] Request finished HTTP/1.1 GET http://localhost:5082/images/Island.png - 304 null image/png 18.386ms
2025-11-14 16:44:29.318 +01:00 [INF] Request finished HTTP/1.1 GET http://localhost:5082/images/SouthAfrica.png - 304 null image/png 11.2823ms
2025-11-14 16:44:29.318 +01:00 [INF] Request finished HTTP/1.1 GET http://localhost:5082/images/Brasil.png - 304 null image/png 19.6117ms
2025-11-14 16:44:29.318 +01:00 [INF] Request finished HTTP/1.1 GET http://localhost:5082/images/China.png - 304 null image/png 19.7763ms
2025-11-14 16:44:32.404 +01:00 [INF] Request starting HTTP/1.1 GET http://localhost:5082/api/quizapi/quizlist - null null
2025-11-14 16:44:32.405 +01:00 [INF] CORS policy execution successful.
2025-11-14 16:44:32.405 +01:00 [INF] Executing endpoint 'api.Controllers.QuizAPIController.QuizList (api)'
2025-11-14 16:44:32.406 +01:00 [INF] Route matched with {action = "QuizList", controller = "QuizAPI"}. Executing controller action with signature System.Threading.Tasks.Task`1[Microsoft.AspNetCore.Mvc.IActionResult] QuizList() on controller api.Controllers.QuizAPIController (api).
2025-11-14 16:44:32.410 +01:00 [INF] Executing OkObjectResult, writing value of type 'System.Linq.Enumerable+SelectListIterator`2[[api.Models.Quiz, api, Version=1.0.0.0, Culture=neutral, PublicKeyToken=null],[api.DTOs.QuizDto, api, Version=1.0.0.0, Culture=neutral, PublicKeyToken=null]]'.
2025-11-14 16:44:32.411 +01:00 [INF] Executed action api.Controllers.QuizAPIController.QuizList (api) in 5.2132ms
2025-11-14 16:44:32.411 +01:00 [INF] Executed endpoint 'api.Controllers.QuizAPIController.QuizList (api)'
2025-11-14 16:44:32.411 +01:00 [INF] Request finished HTTP/1.1 GET http://localhost:5082/api/quizapi/quizlist - 200 377 application/json; charset=utf-8 7.3143ms
2025-11-14 16:44:32.414 +01:00 [INF] Request starting HTTP/1.1 GET http://localhost:5082/api/quizapi/quizlist - null null
2025-11-14 16:44:32.415 +01:00 [INF] CORS policy execution successful.
2025-11-14 16:44:32.415 +01:00 [INF] Executing endpoint 'api.Controllers.QuizAPIController.QuizList (api)'
2025-11-14 16:44:32.415 +01:00 [INF] Route matched with {action = "QuizList", controller = "QuizAPI"}. Executing controller action with signature System.Threading.Tasks.Task`1[Microsoft.AspNetCore.Mvc.IActionResult] QuizList() on controller api.Controllers.QuizAPIController (api).
2025-11-14 16:44:32.422 +01:00 [INF] Executing OkObjectResult, writing value of type 'System.Linq.Enumerable+SelectListIterator`2[[api.Models.Quiz, api, Version=1.0.0.0, Culture=neutral, PublicKeyToken=null],[api.DTOs.QuizDto, api, Version=1.0.0.0, Culture=neutral, PublicKeyToken=null]]'.
2025-11-14 16:44:32.422 +01:00 [INF] Executed action api.Controllers.QuizAPIController.QuizList (api) in 6.9032ms
2025-11-14 16:44:32.423 +01:00 [INF] Executed endpoint 'api.Controllers.QuizAPIController.QuizList (api)'
2025-11-14 16:44:32.423 +01:00 [INF] Request finished HTTP/1.1 GET http://localhost:5082/api/quizapi/quizlist - 200 377 application/json; charset=utf-8 8.3605ms
2025-11-14 16:44:45.702 +01:00 [INF] Request starting HTTP/1.1 OPTIONS http://localhost:5082/api/Auth/login - null null
2025-11-14 16:44:45.702 +01:00 [INF] CORS policy execution successful.
2025-11-14 16:44:45.703 +01:00 [INF] Request finished HTTP/1.1 OPTIONS http://localhost:5082/api/Auth/login - 204 null null 0.4814ms
2025-11-14 16:44:45.704 +01:00 [INF] Request starting HTTP/1.1 POST http://localhost:5082/api/Auth/login - application/json 43
2025-11-14 16:44:45.704 +01:00 [INF] CORS policy execution successful.
2025-11-14 16:44:45.705 +01:00 [INF] Executing endpoint 'api.Controllers.AuthController.Login (api)'
2025-11-14 16:44:45.705 +01:00 [INF] Route matched with {action = "Login", controller = "Auth"}. Executing controller action with signature System.Threading.Tasks.Task`1[Microsoft.AspNetCore.Mvc.IActionResult] Login(api.DTOs.LoginDto) on controller api.Controllers.AuthController (api).
2025-11-14 16:44:45.820 +01:00 [INF] [AuthController] JWT token created for Maria with roles Student
2025-11-14 16:44:45.821 +01:00 [INF] [AuthController] user authorised for Maria
2025-11-14 16:44:45.821 +01:00 [INF] Executing OkObjectResult, writing value of type '<>f__AnonymousType1`1[[System.String, System.Private.CoreLib, Version=8.0.0.0, Culture=neutral, PublicKeyToken=7cec85d7bea7798e]]'.
2025-11-14 16:44:45.821 +01:00 [INF] Executed action api.Controllers.AuthController.Login (api) in 116.3565ms
2025-11-14 16:44:45.821 +01:00 [INF] Executed endpoint 'api.Controllers.AuthController.Login (api)'
2025-11-14 16:44:45.821 +01:00 [INF] Request finished HTTP/1.1 POST http://localhost:5082/api/Auth/login - 200 673 application/json; charset=utf-8 117.2093ms
2025-11-14 16:44:47.672 +01:00 [INF] Request starting HTTP/1.1 OPTIONS http://localhost:5082/api/takequizapi/takequizlist - null null
2025-11-14 16:44:47.675 +01:00 [INF] CORS policy execution successful.
2025-11-14 16:44:47.675 +01:00 [INF] Request finished HTTP/1.1 OPTIONS http://localhost:5082/api/takequizapi/takequizlist - 204 null null 3.2417ms
2025-11-14 16:44:47.678 +01:00 [INF] Request starting HTTP/1.1 OPTIONS http://localhost:5082/api/takequizapi/takequizlist - null null
2025-11-14 16:44:47.681 +01:00 [INF] CORS policy execution successful.
2025-11-14 16:44:47.682 +01:00 [INF] Request finished HTTP/1.1 OPTIONS http://localhost:5082/api/takequizapi/takequizlist - 204 null null 3.4508ms
2025-11-14 16:44:47.682 +01:00 [INF] Request starting HTTP/1.1 GET http://localhost:5082/api/takequizapi/takequizlist - application/json null
2025-11-14 16:44:47.682 +01:00 [INF] CORS policy execution successful.
2025-11-14 16:44:47.684 +01:00 [INF] Executing endpoint 'api.Controllers.TakeQuizApiController.GetAllQuizzes (api)'
2025-11-14 16:44:47.689 +01:00 [INF] Route matched with {action = "GetAllQuizzes", controller = "TakeQuizApi"}. Executing controller action with signature System.Threading.Tasks.Task`1[Microsoft.AspNetCore.Mvc.IActionResult] GetAllQuizzes() on controller api.Controllers.TakeQuizApiController (api).
2025-11-14 16:44:47.696 +01:00 [INF] Executing OkObjectResult, writing value of type 'System.Collections.Generic.List`1[[api.DTOs.QuizDto, api, Version=1.0.0.0, Culture=neutral, PublicKeyToken=null]]'.
2025-11-14 16:44:47.697 +01:00 [INF] Executed action api.Controllers.TakeQuizApiController.GetAllQuizzes (api) in 7.6277ms
2025-11-14 16:44:47.698 +01:00 [INF] Executed endpoint 'api.Controllers.TakeQuizApiController.GetAllQuizzes (api)'
2025-11-14 16:44:47.698 +01:00 [INF] Request finished HTTP/1.1 GET http://localhost:5082/api/takequizapi/takequizlist - 200 377 application/json; charset=utf-8 15.8654ms
2025-11-14 16:44:47.701 +01:00 [INF] Request starting HTTP/1.1 GET http://localhost:5082/api/takequizapi/takequizlist - application/json null
2025-11-14 16:44:47.702 +01:00 [INF] CORS policy execution successful.
2025-11-14 16:44:47.703 +01:00 [INF] Executing endpoint 'api.Controllers.TakeQuizApiController.GetAllQuizzes (api)'
2025-11-14 16:44:47.704 +01:00 [INF] Route matched with {action = "GetAllQuizzes", controller = "TakeQuizApi"}. Executing controller action with signature System.Threading.Tasks.Task`1[Microsoft.AspNetCore.Mvc.IActionResult] GetAllQuizzes() on controller api.Controllers.TakeQuizApiController (api).
2025-11-14 16:44:47.710 +01:00 [INF] Executing OkObjectResult, writing value of type 'System.Collections.Generic.List`1[[api.DTOs.QuizDto, api, Version=1.0.0.0, Culture=neutral, PublicKeyToken=null]]'.
2025-11-14 16:44:47.712 +01:00 [INF] Executed action api.Controllers.TakeQuizApiController.GetAllQuizzes (api) in 7.4553ms
2025-11-14 16:44:47.712 +01:00 [INF] Executed endpoint 'api.Controllers.TakeQuizApiController.GetAllQuizzes (api)'
2025-11-14 16:44:47.713 +01:00 [INF] Request finished HTTP/1.1 GET http://localhost:5082/api/takequizapi/takequizlist - 200 377 application/json; charset=utf-8 11.882ms
2025-11-14 16:44:52.104 +01:00 [INF] Request starting HTTP/1.1 OPTIONS http://localhost:5082/api/takequizapi/7 - null null
2025-11-14 16:44:52.105 +01:00 [INF] CORS policy execution successful.
2025-11-14 16:44:52.105 +01:00 [INF] Request finished HTTP/1.1 OPTIONS http://localhost:5082/api/takequizapi/7 - 204 null null 0.5444ms
2025-11-14 16:44:52.106 +01:00 [INF] Request starting HTTP/1.1 OPTIONS http://localhost:5082/api/takequizapi/7 - null null
2025-11-14 16:44:52.106 +01:00 [INF] CORS policy execution successful.
2025-11-14 16:44:52.106 +01:00 [INF] Request finished HTTP/1.1 OPTIONS http://localhost:5082/api/takequizapi/7 - 204 null null 0.4904ms
2025-11-14 16:44:52.109 +01:00 [INF] Request starting HTTP/1.1 GET http://localhost:5082/api/takequizapi/7 - application/json null
2025-11-14 16:44:52.109 +01:00 [INF] CORS policy execution successful.
2025-11-14 16:44:52.109 +01:00 [INF] Executing endpoint 'api.Controllers.TakeQuizApiController.GetQuiz (api)'
2025-11-14 16:44:52.115 +01:00 [INF] Route matched with {action = "GetQuiz", controller = "TakeQuizApi"}. Executing controller action with signature System.Threading.Tasks.Task`1[Microsoft.AspNetCore.Mvc.IActionResult] GetQuiz(Int32) on controller api.Controllers.TakeQuizApiController (api).
2025-11-14 16:44:52.121 +01:00 [INF] Executing OkObjectResult, writing value of type 'api.DTOs.QuizDto'.
2025-11-14 16:44:52.123 +01:00 [INF] Executed action api.Controllers.TakeQuizApiController.GetQuiz (api) in 8.2104ms
2025-11-14 16:44:52.123 +01:00 [INF] Executed endpoint 'api.Controllers.TakeQuizApiController.GetQuiz (api)'
2025-11-14 16:44:52.124 +01:00 [INF] Request finished HTTP/1.1 GET http://localhost:5082/api/takequizapi/7 - 200 1200 application/json; charset=utf-8 14.9752ms
2025-11-14 16:44:52.128 +01:00 [INF] Request starting HTTP/1.1 GET http://localhost:5082/api/takequizapi/7 - application/json null
2025-11-14 16:44:52.128 +01:00 [INF] CORS policy execution successful.
2025-11-14 16:44:52.129 +01:00 [INF] Executing endpoint 'api.Controllers.TakeQuizApiController.GetQuiz (api)'
2025-11-14 16:44:52.129 +01:00 [INF] Route matched with {action = "GetQuiz", controller = "TakeQuizApi"}. Executing controller action with signature System.Threading.Tasks.Task`1[Microsoft.AspNetCore.Mvc.IActionResult] GetQuiz(Int32) on controller api.Controllers.TakeQuizApiController (api).
2025-11-14 16:44:52.134 +01:00 [INF] Executing OkObjectResult, writing value of type 'api.DTOs.QuizDto'.
2025-11-14 16:44:52.135 +01:00 [INF] Executed action api.Controllers.TakeQuizApiController.GetQuiz (api) in 4.9521ms
2025-11-14 16:44:52.135 +01:00 [INF] Executed endpoint 'api.Controllers.TakeQuizApiController.GetQuiz (api)'
2025-11-14 16:44:52.135 +01:00 [INF] Request finished HTTP/1.1 GET http://localhost:5082/api/takequizapi/7 - 200 1200 application/json; charset=utf-8 7.2295ms
2025-11-14 16:45:06.758 +01:00 [INF] Request starting HTTP/1.1 OPTIONS http://localhost:5082/api/takequizapi/submit - null null
2025-11-14 16:45:06.758 +01:00 [INF] CORS policy execution successful.
2025-11-14 16:45:06.758 +01:00 [INF] Request finished HTTP/1.1 OPTIONS http://localhost:5082/api/takequizapi/submit - 204 null null 0.8271ms
2025-11-14 16:45:06.760 +01:00 [INF] Request starting HTTP/1.1 POST http://localhost:5082/api/takequizapi/submit - application/json 85
2025-11-14 16:45:06.761 +01:00 [INF] CORS policy execution successful.
2025-11-14 16:45:06.765 +01:00 [INF] Executing endpoint 'api.Controllers.TakeQuizApiController.Submit (api)'
2025-11-14 16:45:06.770 +01:00 [INF] Route matched with {action = "Submit", controller = "TakeQuizApi"}. Executing controller action with signature System.Threading.Tasks.Task`1[Microsoft.AspNetCore.Mvc.IActionResult] Submit(api.DTOs.QuizSubmissionDto) on controller api.Controllers.TakeQuizApiController (api).
2025-11-14 16:45:06.800 +01:00 [INF] Executing OkObjectResult, writing value of type 'System.Collections.Generic.Dictionary`2[[System.String, System.Private.CoreLib, Version=8.0.0.0, Culture=neutral, PublicKeyToken=7cec85d7bea7798e],[System.Int32, System.Private.CoreLib, Version=8.0.0.0, Culture=neutral, PublicKeyToken=7cec85d7bea7798e]]'.
2025-11-14 16:45:06.803 +01:00 [INF] Executed action api.Controllers.TakeQuizApiController.Submit (api) in 32.0003ms
2025-11-14 16:45:06.803 +01:00 [INF] Executed endpoint 'api.Controllers.TakeQuizApiController.Submit (api)'
2025-11-14 16:45:06.803 +01:00 [INF] Request finished HTTP/1.1 POST http://localhost:5082/api/takequizapi/submit - 200 11 application/json; charset=utf-8 42.475ms
2025-11-14 16:45:09.800 +01:00 [INF] Request starting HTTP/1.1 OPTIONS http://localhost:5082/api/takequizapi/saveattempt - null null
2025-11-14 16:45:09.800 +01:00 [INF] CORS policy execution successful.
2025-11-14 16:45:09.802 +01:00 [INF] Request finished HTTP/1.1 OPTIONS http://localhost:5082/api/takequizapi/saveattempt - 204 null null 2.6815ms
2025-11-14 16:45:09.805 +01:00 [INF] Request starting HTTP/1.1 POST http://localhost:5082/api/takequizapi/saveattempt - application/json 43
2025-11-14 16:45:09.805 +01:00 [INF] CORS policy execution successful.
2025-11-14 16:45:09.805 +01:00 [INF] Executing endpoint 'api.Controllers.TakeQuizApiController.SaveAttempt (api)'
2025-11-14 16:45:09.810 +01:00 [INF] Route matched with {action = "SaveAttempt", controller = "TakeQuizApi"}. Executing controller action with signature System.Threading.Tasks.Task`1[Microsoft.AspNetCore.Mvc.IActionResult] SaveAttempt(api.DTOs.QuizResultDto) on controller api.Controllers.TakeQuizApiController (api).
2025-11-14 16:45:09.873 +01:00 [INF] Executing OkObjectResult, writing value of type '<>f__AnonymousType3`1[[System.String, System.Private.CoreLib, Version=8.0.0.0, Culture=neutral, PublicKeyToken=7cec85d7bea7798e]]'.
2025-11-14 16:45:09.875 +01:00 [INF] Executed action api.Controllers.TakeQuizApiController.SaveAttempt (api) in 64.0884ms
2025-11-14 16:45:09.875 +01:00 [INF] Executed endpoint 'api.Controllers.TakeQuizApiController.SaveAttempt (api)'
2025-11-14 16:45:09.875 +01:00 [INF] Request finished HTTP/1.1 POST http://localhost:5082/api/takequizapi/saveattempt - 200 40 application/json; charset=utf-8 70.3149ms
2025-11-14 16:45:13.893 +01:00 [INF] Request starting HTTP/1.1 OPTIONS http://localhost:5082/api/takequizapi/takequizlist - null null
2025-11-14 16:45:13.893 +01:00 [INF] CORS policy execution successful.
2025-11-14 16:45:13.894 +01:00 [INF] Request finished HTTP/1.1 OPTIONS http://localhost:5082/api/takequizapi/takequizlist - 204 null null 0.6088ms
2025-11-14 16:45:13.898 +01:00 [INF] Request starting HTTP/1.1 OPTIONS http://localhost:5082/api/takequizapi/takequizlist - null null
2025-11-14 16:45:13.899 +01:00 [INF] CORS policy execution successful.
2025-11-14 16:45:13.899 +01:00 [INF] Request starting HTTP/1.1 GET http://localhost:5082/api/takequizapi/takequizlist - application/json null
2025-11-14 16:45:13.899 +01:00 [INF] CORS policy execution successful.
2025-11-14 16:45:13.899 +01:00 [INF] Request finished HTTP/1.1 OPTIONS http://localhost:5082/api/takequizapi/takequizlist - 204 null null 0.6888ms
2025-11-14 16:45:13.900 +01:00 [INF] Executing endpoint 'api.Controllers.TakeQuizApiController.GetAllQuizzes (api)'
2025-11-14 16:45:13.901 +01:00 [INF] Route matched with {action = "GetAllQuizzes", controller = "TakeQuizApi"}. Executing controller action with signature System.Threading.Tasks.Task`1[Microsoft.AspNetCore.Mvc.IActionResult] GetAllQuizzes() on controller api.Controllers.TakeQuizApiController (api).
2025-11-14 16:45:13.906 +01:00 [INF] Executing OkObjectResult, writing value of type 'System.Collections.Generic.List`1[[api.DTOs.QuizDto, api, Version=1.0.0.0, Culture=neutral, PublicKeyToken=null]]'.
2025-11-14 16:45:13.907 +01:00 [INF] Executed action api.Controllers.TakeQuizApiController.GetAllQuizzes (api) in 5.7337ms
2025-11-14 16:45:13.908 +01:00 [INF] Executed endpoint 'api.Controllers.TakeQuizApiController.GetAllQuizzes (api)'
2025-11-14 16:45:13.908 +01:00 [INF] Request finished HTTP/1.1 GET http://localhost:5082/api/takequizapi/takequizlist - 200 377 application/json; charset=utf-8 9.5417ms
2025-11-14 16:45:13.915 +01:00 [INF] Request starting HTTP/1.1 GET http://localhost:5082/api/takequizapi/takequizlist - application/json null
2025-11-14 16:45:13.916 +01:00 [INF] CORS policy execution successful.
2025-11-14 16:45:13.917 +01:00 [INF] Executing endpoint 'api.Controllers.TakeQuizApiController.GetAllQuizzes (api)'
2025-11-14 16:45:13.917 +01:00 [INF] Route matched with {action = "GetAllQuizzes", controller = "TakeQuizApi"}. Executing controller action with signature System.Threading.Tasks.Task`1[Microsoft.AspNetCore.Mvc.IActionResult] GetAllQuizzes() on controller api.Controllers.TakeQuizApiController (api).
2025-11-14 16:45:13.929 +01:00 [INF] Executing OkObjectResult, writing value of type 'System.Collections.Generic.List`1[[api.DTOs.QuizDto, api, Version=1.0.0.0, Culture=neutral, PublicKeyToken=null]]'.
2025-11-14 16:45:13.931 +01:00 [INF] Executed action api.Controllers.TakeQuizApiController.GetAllQuizzes (api) in 13.1122ms
2025-11-14 16:45:13.932 +01:00 [INF] Executed endpoint 'api.Controllers.TakeQuizApiController.GetAllQuizzes (api)'
2025-11-14 16:45:13.935 +01:00 [INF] Request finished HTTP/1.1 GET http://localhost:5082/api/takequizapi/takequizlist - 200 377 application/json; charset=utf-8 19.486ms
2025-11-14 16:45:16.197 +01:00 [INF] Request starting HTTP/1.1 OPTIONS http://localhost:5082/api/takequizapi/attempts/7 - null null
2025-11-14 16:45:16.198 +01:00 [INF] CORS policy execution successful.
2025-11-14 16:45:16.198 +01:00 [INF] Request finished HTTP/1.1 OPTIONS http://localhost:5082/api/takequizapi/attempts/7 - 204 null null 0.9141ms
2025-11-14 16:45:16.203 +01:00 [INF] Request starting HTTP/1.1 OPTIONS http://localhost:5082/api/takequizapi/attempts/7 - null null
2025-11-14 16:45:16.203 +01:00 [INF] CORS policy execution successful.
2025-11-14 16:45:16.203 +01:00 [INF] Request finished HTTP/1.1 OPTIONS http://localhost:5082/api/takequizapi/attempts/7 - 204 null null 0.4213ms
2025-11-14 16:45:16.205 +01:00 [INF] Request starting HTTP/1.1 GET http://localhost:5082/api/takequizapi/attempts/7 - application/json null
2025-11-14 16:45:16.205 +01:00 [INF] CORS policy execution successful.
2025-11-14 16:45:16.207 +01:00 [INF] Executing endpoint 'api.Controllers.TakeQuizApiController.GetAttempts (api)'
2025-11-14 16:45:16.216 +01:00 [INF] Route matched with {action = "GetAttempts", controller = "TakeQuizApi"}. Executing controller action with signature System.Threading.Tasks.Task`1[Microsoft.AspNetCore.Mvc.IActionResult] GetAttempts(Int32) on controller api.Controllers.TakeQuizApiController (api).
2025-11-14 16:45:16.245 +01:00 [WRN] Compiling a query which loads related collections for more than one collection navigation, either via 'Include' or through projection, but no 'QuerySplittingBehavior' has been configured. By default, Entity Framework will use 'QuerySplittingBehavior.SingleQuery', which can potentially result in slow query performance. See https://go.microsoft.com/fwlink/?linkid=2134277 for more information. To identify the query that's triggering this warning call 'ConfigureWarnings(w => w.Throw(RelationalEventId.MultipleCollectionIncludeWarning))'.
2025-11-14 16:45:16.271 +01:00 [INF] Executing OkObjectResult, writing value of type 'System.Collections.Generic.List`1[[api.DTOs.QuizResultDto, api, Version=1.0.0.0, Culture=neutral, PublicKeyToken=null]]'.
2025-11-14 16:45:16.277 +01:00 [INF] Executed action api.Controllers.TakeQuizApiController.GetAttempts (api) in 60.8761ms
2025-11-14 16:45:16.277 +01:00 [INF] Executed endpoint 'api.Controllers.TakeQuizApiController.GetAttempts (api)'
2025-11-14 16:45:16.277 +01:00 [INF] Request finished HTTP/1.1 GET http://localhost:5082/api/takequizapi/attempts/7 - 200 167 application/json; charset=utf-8 72.0646ms
2025-11-14 16:45:16.279 +01:00 [INF] Request starting HTTP/1.1 GET http://localhost:5082/api/takequizapi/attempts/7 - application/json null
2025-11-14 16:45:16.280 +01:00 [INF] CORS policy execution successful.
2025-11-14 16:45:16.281 +01:00 [INF] Executing endpoint 'api.Controllers.TakeQuizApiController.GetAttempts (api)'
2025-11-14 16:45:16.282 +01:00 [INF] Route matched with {action = "GetAttempts", controller = "TakeQuizApi"}. Executing controller action with signature System.Threading.Tasks.Task`1[Microsoft.AspNetCore.Mvc.IActionResult] GetAttempts(Int32) on controller api.Controllers.TakeQuizApiController (api).
2025-11-14 16:45:16.287 +01:00 [INF] Executing OkObjectResult, writing value of type 'System.Collections.Generic.List`1[[api.DTOs.QuizResultDto, api, Version=1.0.0.0, Culture=neutral, PublicKeyToken=null]]'.
2025-11-14 16:45:16.287 +01:00 [INF] Executed action api.Controllers.TakeQuizApiController.GetAttempts (api) in 5.7062ms
2025-11-14 16:45:16.288 +01:00 [INF] Executed endpoint 'api.Controllers.TakeQuizApiController.GetAttempts (api)'
2025-11-14 16:45:16.288 +01:00 [INF] Request finished HTTP/1.1 GET http://localhost:5082/api/takequizapi/attempts/7 - 200 167 application/json; charset=utf-8 8.2782ms
2025-11-14 16:45:17.995 +01:00 [INF] Request starting HTTP/1.1 GET http://localhost:5082/api/takequizapi/takequizlist - application/json null
2025-11-14 16:45:17.995 +01:00 [INF] CORS policy execution successful.
2025-11-14 16:45:17.996 +01:00 [INF] Executing endpoint 'api.Controllers.TakeQuizApiController.GetAllQuizzes (api)'
2025-11-14 16:45:17.996 +01:00 [INF] Route matched with {action = "GetAllQuizzes", controller = "TakeQuizApi"}. Executing controller action with signature System.Threading.Tasks.Task`1[Microsoft.AspNetCore.Mvc.IActionResult] GetAllQuizzes() on controller api.Controllers.TakeQuizApiController (api).
2025-11-14 16:45:18.005 +01:00 [INF] Executing OkObjectResult, writing value of type 'System.Collections.Generic.List`1[[api.DTOs.QuizDto, api, Version=1.0.0.0, Culture=neutral, PublicKeyToken=null]]'.
2025-11-14 16:45:18.006 +01:00 [INF] Executed action api.Controllers.TakeQuizApiController.GetAllQuizzes (api) in 9.3365ms
2025-11-14 16:45:18.006 +01:00 [INF] Executed endpoint 'api.Controllers.TakeQuizApiController.GetAllQuizzes (api)'
2025-11-14 16:45:18.006 +01:00 [INF] Request finished HTTP/1.1 GET http://localhost:5082/api/takequizapi/takequizlist - 200 377 application/json; charset=utf-8 10.7323ms
2025-11-14 16:45:18.009 +01:00 [INF] Request starting HTTP/1.1 GET http://localhost:5082/api/takequizapi/takequizlist - application/json null
2025-11-14 16:45:18.010 +01:00 [INF] CORS policy execution successful.
2025-11-14 16:45:18.010 +01:00 [INF] Executing endpoint 'api.Controllers.TakeQuizApiController.GetAllQuizzes (api)'
2025-11-14 16:45:18.011 +01:00 [INF] Route matched with {action = "GetAllQuizzes", controller = "TakeQuizApi"}. Executing controller action with signature System.Threading.Tasks.Task`1[Microsoft.AspNetCore.Mvc.IActionResult] GetAllQuizzes() on controller api.Controllers.TakeQuizApiController (api).
2025-11-14 16:45:18.015 +01:00 [INF] Executing OkObjectResult, writing value of type 'System.Collections.Generic.List`1[[api.DTOs.QuizDto, api, Version=1.0.0.0, Culture=neutral, PublicKeyToken=null]]'.
2025-11-14 16:45:18.016 +01:00 [INF] Executed action api.Controllers.TakeQuizApiController.GetAllQuizzes (api) in 5.1373ms
2025-11-14 16:45:18.016 +01:00 [INF] Executed endpoint 'api.Controllers.TakeQuizApiController.GetAllQuizzes (api)'
2025-11-14 16:45:18.017 +01:00 [INF] Request finished HTTP/1.1 GET http://localhost:5082/api/takequizapi/takequizlist - 200 377 application/json; charset=utf-8 7.1872ms
2025-11-14 16:45:18.871 +01:00 [INF] Request starting HTTP/1.1 GET http://localhost:5082/api/takequizapi/attempts/7 - application/json null
2025-11-14 16:45:18.872 +01:00 [INF] CORS policy execution successful.
2025-11-14 16:45:18.872 +01:00 [INF] Executing endpoint 'api.Controllers.TakeQuizApiController.GetAttempts (api)'
2025-11-14 16:45:18.872 +01:00 [INF] Route matched with {action = "GetAttempts", controller = "TakeQuizApi"}. Executing controller action with signature System.Threading.Tasks.Task`1[Microsoft.AspNetCore.Mvc.IActionResult] GetAttempts(Int32) on controller api.Controllers.TakeQuizApiController (api).
2025-11-14 16:45:18.876 +01:00 [INF] Executing OkObjectResult, writing value of type 'System.Collections.Generic.List`1[[api.DTOs.QuizResultDto, api, Version=1.0.0.0, Culture=neutral, PublicKeyToken=null]]'.
2025-11-14 16:45:18.876 +01:00 [INF] Executed action api.Controllers.TakeQuizApiController.GetAttempts (api) in 3.7297ms
2025-11-14 16:45:18.876 +01:00 [INF] Executed endpoint 'api.Controllers.TakeQuizApiController.GetAttempts (api)'
2025-11-14 16:45:18.876 +01:00 [INF] Request finished HTTP/1.1 GET http://localhost:5082/api/takequizapi/attempts/7 - 200 167 application/json; charset=utf-8 5.1771ms
2025-11-14 16:45:18.881 +01:00 [INF] Request starting HTTP/1.1 GET http://localhost:5082/api/takequizapi/attempts/7 - application/json null
2025-11-14 16:45:18.881 +01:00 [INF] CORS policy execution successful.
2025-11-14 16:45:18.882 +01:00 [INF] Executing endpoint 'api.Controllers.TakeQuizApiController.GetAttempts (api)'
2025-11-14 16:45:18.883 +01:00 [INF] Route matched with {action = "GetAttempts", controller = "TakeQuizApi"}. Executing controller action with signature System.Threading.Tasks.Task`1[Microsoft.AspNetCore.Mvc.IActionResult] GetAttempts(Int32) on controller api.Controllers.TakeQuizApiController (api).
2025-11-14 16:45:18.887 +01:00 [INF] Executing OkObjectResult, writing value of type 'System.Collections.Generic.List`1[[api.DTOs.QuizResultDto, api, Version=1.0.0.0, Culture=neutral, PublicKeyToken=null]]'.
2025-11-14 16:45:18.887 +01:00 [INF] Executed action api.Controllers.TakeQuizApiController.GetAttempts (api) in 4.4067ms
2025-11-14 16:45:18.888 +01:00 [INF] Executed endpoint 'api.Controllers.TakeQuizApiController.GetAttempts (api)'
2025-11-14 16:45:18.889 +01:00 [INF] Request finished HTTP/1.1 GET http://localhost:5082/api/takequizapi/attempts/7 - 200 167 application/json; charset=utf-8 8.2301ms
2025-11-14 16:45:28.201 +01:00 [INF] Request starting HTTP/1.1 OPTIONS http://localhost:5082/api/takequizapi/takequizlist - null null
2025-11-14 16:45:28.202 +01:00 [INF] CORS policy execution successful.
2025-11-14 16:45:28.203 +01:00 [INF] Request finished HTTP/1.1 OPTIONS http://localhost:5082/api/takequizapi/takequizlist - 204 null null 1.9836ms
2025-11-14 16:45:28.206 +01:00 [INF] Request starting HTTP/1.1 OPTIONS http://localhost:5082/api/takequizapi/takequizlist - null null
2025-11-14 16:45:28.206 +01:00 [INF] CORS policy execution successful.
2025-11-14 16:45:28.207 +01:00 [INF] Request finished HTTP/1.1 OPTIONS http://localhost:5082/api/takequizapi/takequizlist - 204 null null 0.6753ms
2025-11-14 16:45:28.208 +01:00 [INF] Request starting HTTP/1.1 GET http://localhost:5082/api/takequizapi/takequizlist - application/json null
2025-11-14 16:45:28.208 +01:00 [INF] CORS policy execution successful.
2025-11-14 16:45:28.209 +01:00 [INF] Executing endpoint 'api.Controllers.TakeQuizApiController.GetAllQuizzes (api)'
2025-11-14 16:45:28.209 +01:00 [INF] Route matched with {action = "GetAllQuizzes", controller = "TakeQuizApi"}. Executing controller action with signature System.Threading.Tasks.Task`1[Microsoft.AspNetCore.Mvc.IActionResult] GetAllQuizzes() on controller api.Controllers.TakeQuizApiController (api).
2025-11-14 16:45:28.215 +01:00 [INF] Executing OkObjectResult, writing value of type 'System.Collections.Generic.List`1[[api.DTOs.QuizDto, api, Version=1.0.0.0, Culture=neutral, PublicKeyToken=null]]'.
2025-11-14 16:45:28.216 +01:00 [INF] Executed action api.Controllers.TakeQuizApiController.GetAllQuizzes (api) in 6.4057ms
2025-11-14 16:45:28.216 +01:00 [INF] Executed endpoint 'api.Controllers.TakeQuizApiController.GetAllQuizzes (api)'
2025-11-14 16:45:28.216 +01:00 [INF] Request finished HTTP/1.1 GET http://localhost:5082/api/takequizapi/takequizlist - 200 377 application/json; charset=utf-8 8.5567ms
2025-11-14 16:45:28.218 +01:00 [INF] Request starting HTTP/1.1 GET http://localhost:5082/api/takequizapi/takequizlist - application/json null
2025-11-14 16:45:28.219 +01:00 [INF] CORS policy execution successful.
2025-11-14 16:45:28.219 +01:00 [INF] Executing endpoint 'api.Controllers.TakeQuizApiController.GetAllQuizzes (api)'
2025-11-14 16:45:28.219 +01:00 [INF] Route matched with {action = "GetAllQuizzes", controller = "TakeQuizApi"}. Executing controller action with signature System.Threading.Tasks.Task`1[Microsoft.AspNetCore.Mvc.IActionResult] GetAllQuizzes() on controller api.Controllers.TakeQuizApiController (api).
2025-11-14 16:45:28.223 +01:00 [INF] Executing OkObjectResult, writing value of type 'System.Collections.Generic.List`1[[api.DTOs.QuizDto, api, Version=1.0.0.0, Culture=neutral, PublicKeyToken=null]]'.
2025-11-14 16:45:28.224 +01:00 [INF] Executed action api.Controllers.TakeQuizApiController.GetAllQuizzes (api) in 4.3739ms
2025-11-14 16:45:28.224 +01:00 [INF] Executed endpoint 'api.Controllers.TakeQuizApiController.GetAllQuizzes (api)'
2025-11-14 16:45:28.224 +01:00 [INF] Request finished HTTP/1.1 GET http://localhost:5082/api/takequizapi/takequizlist - 200 377 application/json; charset=utf-8 5.7111ms
2025-11-14 16:45:29.565 +01:00 [INF] Request starting HTTP/1.1 OPTIONS http://localhost:5082/api/takequizapi/attempts/6 - null null
2025-11-14 16:45:29.565 +01:00 [INF] Request starting HTTP/1.1 OPTIONS http://localhost:5082/api/takequizapi/attempts/6 - null null
2025-11-14 16:45:29.565 +01:00 [INF] CORS policy execution successful.
2025-11-14 16:45:29.565 +01:00 [INF] CORS policy execution successful.
2025-11-14 16:45:29.565 +01:00 [INF] Request finished HTTP/1.1 OPTIONS http://localhost:5082/api/takequizapi/attempts/6 - 204 null null 0.2208ms
2025-11-14 16:45:29.565 +01:00 [INF] Request finished HTTP/1.1 OPTIONS http://localhost:5082/api/takequizapi/attempts/6 - 204 null null 1.4431ms
2025-11-14 16:45:29.575 +01:00 [INF] Request starting HTTP/1.1 GET http://localhost:5082/api/takequizapi/attempts/6 - application/json null
2025-11-14 16:45:29.575 +01:00 [INF] CORS policy execution successful.
2025-11-14 16:45:29.576 +01:00 [INF] Executing endpoint 'api.Controllers.TakeQuizApiController.GetAttempts (api)'
2025-11-14 16:45:29.576 +01:00 [INF] Route matched with {action = "GetAttempts", controller = "TakeQuizApi"}. Executing controller action with signature System.Threading.Tasks.Task`1[Microsoft.AspNetCore.Mvc.IActionResult] GetAttempts(Int32) on controller api.Controllers.TakeQuizApiController (api).
2025-11-14 16:45:29.579 +01:00 [INF] Executing OkObjectResult, writing value of type 'System.Collections.Generic.List`1[[api.DTOs.QuizResultDto, api, Version=1.0.0.0, Culture=neutral, PublicKeyToken=null]]'.
2025-11-14 16:45:29.579 +01:00 [INF] Executed action api.Controllers.TakeQuizApiController.GetAttempts (api) in 3.4028ms
2025-11-14 16:45:29.579 +01:00 [INF] Executed endpoint 'api.Controllers.TakeQuizApiController.GetAttempts (api)'
2025-11-14 16:45:29.579 +01:00 [INF] Request finished HTTP/1.1 GET http://localhost:5082/api/takequizapi/attempts/6 - 200 169 application/json; charset=utf-8 4.534ms
2025-11-14 16:45:29.583 +01:00 [INF] Request starting HTTP/1.1 GET http://localhost:5082/api/takequizapi/attempts/6 - application/json null
2025-11-14 16:45:29.583 +01:00 [INF] CORS policy execution successful.
2025-11-14 16:45:29.584 +01:00 [INF] Executing endpoint 'api.Controllers.TakeQuizApiController.GetAttempts (api)'
2025-11-14 16:45:29.584 +01:00 [INF] Route matched with {action = "GetAttempts", controller = "TakeQuizApi"}. Executing controller action with signature System.Threading.Tasks.Task`1[Microsoft.AspNetCore.Mvc.IActionResult] GetAttempts(Int32) on controller api.Controllers.TakeQuizApiController (api).
2025-11-14 16:45:29.587 +01:00 [INF] Executing OkObjectResult, writing value of type 'System.Collections.Generic.List`1[[api.DTOs.QuizResultDto, api, Version=1.0.0.0, Culture=neutral, PublicKeyToken=null]]'.
2025-11-14 16:45:29.587 +01:00 [INF] Executed action api.Controllers.TakeQuizApiController.GetAttempts (api) in 3.3197ms
2025-11-14 16:45:29.587 +01:00 [INF] Executed endpoint 'api.Controllers.TakeQuizApiController.GetAttempts (api)'
2025-11-14 16:45:29.587 +01:00 [INF] Request finished HTTP/1.1 GET http://localhost:5082/api/takequizapi/attempts/6 - 200 169 application/json; charset=utf-8 4.5787ms
2025-11-14 16:45:31.115 +01:00 [INF] Request starting HTTP/1.1 GET http://localhost:5082/api/takequizapi/takequizlist - application/json null
2025-11-14 16:45:31.116 +01:00 [INF] CORS policy execution successful.
2025-11-14 16:45:31.116 +01:00 [INF] Executing endpoint 'api.Controllers.TakeQuizApiController.GetAllQuizzes (api)'
2025-11-14 16:45:31.116 +01:00 [INF] Route matched with {action = "GetAllQuizzes", controller = "TakeQuizApi"}. Executing controller action with signature System.Threading.Tasks.Task`1[Microsoft.AspNetCore.Mvc.IActionResult] GetAllQuizzes() on controller api.Controllers.TakeQuizApiController (api).
2025-11-14 16:45:31.120 +01:00 [INF] Executing OkObjectResult, writing value of type 'System.Collections.Generic.List`1[[api.DTOs.QuizDto, api, Version=1.0.0.0, Culture=neutral, PublicKeyToken=null]]'.
2025-11-14 16:45:31.121 +01:00 [INF] Executed action api.Controllers.TakeQuizApiController.GetAllQuizzes (api) in 4.1872ms
2025-11-14 16:45:31.121 +01:00 [INF] Executed endpoint 'api.Controllers.TakeQuizApiController.GetAllQuizzes (api)'
2025-11-14 16:45:31.121 +01:00 [INF] Request finished HTTP/1.1 GET http://localhost:5082/api/takequizapi/takequizlist - 200 377 application/json; charset=utf-8 5.5863ms
2025-11-14 16:45:31.123 +01:00 [INF] Request starting HTTP/1.1 GET http://localhost:5082/api/takequizapi/takequizlist - application/json null
2025-11-14 16:45:31.124 +01:00 [INF] CORS policy execution successful.
2025-11-14 16:45:31.124 +01:00 [INF] Executing endpoint 'api.Controllers.TakeQuizApiController.GetAllQuizzes (api)'
2025-11-14 16:45:31.124 +01:00 [INF] Route matched with {action = "GetAllQuizzes", controller = "TakeQuizApi"}. Executing controller action with signature System.Threading.Tasks.Task`1[Microsoft.AspNetCore.Mvc.IActionResult] GetAllQuizzes() on controller api.Controllers.TakeQuizApiController (api).
2025-11-14 16:45:31.129 +01:00 [INF] Executing OkObjectResult, writing value of type 'System.Collections.Generic.List`1[[api.DTOs.QuizDto, api, Version=1.0.0.0, Culture=neutral, PublicKeyToken=null]]'.
2025-11-14 16:45:31.129 +01:00 [INF] Executed action api.Controllers.TakeQuizApiController.GetAllQuizzes (api) in 4.7906ms
2025-11-14 16:45:31.130 +01:00 [INF] Executed endpoint 'api.Controllers.TakeQuizApiController.GetAllQuizzes (api)'
2025-11-14 16:45:31.130 +01:00 [INF] Request finished HTTP/1.1 GET http://localhost:5082/api/takequizapi/takequizlist - 200 377 application/json; charset=utf-8 6.584ms
2025-11-14 16:45:43.782 +01:00 [INF] Request starting HTTP/1.1 OPTIONS http://localhost:5082/api/Auth/login - null null
2025-11-14 16:45:43.782 +01:00 [INF] CORS policy execution successful.
2025-11-14 16:45:43.782 +01:00 [INF] Request finished HTTP/1.1 OPTIONS http://localhost:5082/api/Auth/login - 204 null null 0.3397ms
2025-11-14 16:45:43.785 +01:00 [INF] Request starting HTTP/1.1 POST http://localhost:5082/api/Auth/login - application/json 39
2025-11-14 16:45:43.785 +01:00 [INF] CORS policy execution successful.
2025-11-14 16:45:43.785 +01:00 [INF] Executing endpoint 'api.Controllers.AuthController.Login (api)'
2025-11-14 16:45:43.785 +01:00 [INF] Route matched with {action = "Login", controller = "Auth"}. Executing controller action with signature System.Threading.Tasks.Task`1[Microsoft.AspNetCore.Mvc.IActionResult] Login(api.DTOs.LoginDto) on controller api.Controllers.AuthController (api).
2025-11-14 16:45:43.958 +01:00 [INF] [AuthController] JWT token created for Lea with roles Teacher
2025-11-14 16:45:43.958 +01:00 [INF] [AuthController] user authorised for Lea
2025-11-14 16:45:43.958 +01:00 [INF] Executing OkObjectResult, writing value of type '<>f__AnonymousType1`1[[System.String, System.Private.CoreLib, Version=8.0.0.0, Culture=neutral, PublicKeyToken=7cec85d7bea7798e]]'.
2025-11-14 16:45:43.959 +01:00 [INF] Executed action api.Controllers.AuthController.Login (api) in 173.241ms
2025-11-14 16:45:43.959 +01:00 [INF] Executed endpoint 'api.Controllers.AuthController.Login (api)'
2025-11-14 16:45:43.959 +01:00 [INF] Request finished HTTP/1.1 POST http://localhost:5082/api/Auth/login - 200 668 application/json; charset=utf-8 173.963ms
2025-11-14 16:45:46.741 +01:00 [INF] Request starting HTTP/1.1 GET http://localhost:5082/api/quizapi/quizlist - null null
2025-11-14 16:45:46.742 +01:00 [INF] CORS policy execution successful.
2025-11-14 16:45:46.742 +01:00 [INF] Executing endpoint 'api.Controllers.QuizAPIController.QuizList (api)'
2025-11-14 16:45:46.742 +01:00 [INF] Route matched with {action = "QuizList", controller = "QuizAPI"}. Executing controller action with signature System.Threading.Tasks.Task`1[Microsoft.AspNetCore.Mvc.IActionResult] QuizList() on controller api.Controllers.QuizAPIController (api).
2025-11-14 16:45:46.751 +01:00 [INF] Executing OkObjectResult, writing value of type 'System.Linq.Enumerable+SelectListIterator`2[[api.Models.Quiz, api, Version=1.0.0.0, Culture=neutral, PublicKeyToken=null],[api.DTOs.QuizDto, api, Version=1.0.0.0, Culture=neutral, PublicKeyToken=null]]'.
2025-11-14 16:45:46.754 +01:00 [INF] Executed action api.Controllers.QuizAPIController.QuizList (api) in 12.1586ms
2025-11-14 16:45:46.754 +01:00 [INF] Executed endpoint 'api.Controllers.QuizAPIController.QuizList (api)'
2025-11-14 16:45:46.755 +01:00 [INF] Request finished HTTP/1.1 GET http://localhost:5082/api/quizapi/quizlist - 200 377 application/json; charset=utf-8 13.1622ms
2025-11-14 16:45:46.760 +01:00 [INF] Request starting HTTP/1.1 GET http://localhost:5082/api/quizapi/quizlist - null null
2025-11-14 16:45:46.760 +01:00 [INF] CORS policy execution successful.
2025-11-14 16:45:46.760 +01:00 [INF] Executing endpoint 'api.Controllers.QuizAPIController.QuizList (api)'
2025-11-14 16:45:46.760 +01:00 [INF] Route matched with {action = "QuizList", controller = "QuizAPI"}. Executing controller action with signature System.Threading.Tasks.Task`1[Microsoft.AspNetCore.Mvc.IActionResult] QuizList() on controller api.Controllers.QuizAPIController (api).
2025-11-14 16:45:46.770 +01:00 [INF] Executing OkObjectResult, writing value of type 'System.Linq.Enumerable+SelectListIterator`2[[api.Models.Quiz, api, Version=1.0.0.0, Culture=neutral, PublicKeyToken=null],[api.DTOs.QuizDto, api, Version=1.0.0.0, Culture=neutral, PublicKeyToken=null]]'.
2025-11-14 16:45:46.770 +01:00 [INF] Executed action api.Controllers.QuizAPIController.QuizList (api) in 9.8562ms
2025-11-14 16:45:46.771 +01:00 [INF] Executed endpoint 'api.Controllers.QuizAPIController.QuizList (api)'
2025-11-14 16:45:46.772 +01:00 [INF] Request finished HTTP/1.1 GET http://localhost:5082/api/quizapi/quizlist - 200 377 application/json; charset=utf-8 12.1242ms
2025-11-14 16:45:47.492 +01:00 [INF] Request starting HTTP/1.1 OPTIONS http://localhost:5082/api/takequizapi/takequizlist - null null
2025-11-14 16:45:47.492 +01:00 [INF] CORS policy execution successful.
2025-11-14 16:45:47.493 +01:00 [INF] Request finished HTTP/1.1 OPTIONS http://localhost:5082/api/takequizapi/takequizlist - 204 null null 0.2902ms
2025-11-14 16:45:47.494 +01:00 [INF] Request starting HTTP/1.1 GET http://localhost:5082/api/takequizapi/takequizlist - application/json null
2025-11-14 16:45:47.494 +01:00 [INF] CORS policy execution successful.
2025-11-14 16:45:47.495 +01:00 [INF] Executing endpoint 'api.Controllers.TakeQuizApiController.GetAllQuizzes (api)'
2025-11-14 16:45:47.495 +01:00 [INF] Route matched with {action = "GetAllQuizzes", controller = "TakeQuizApi"}. Executing controller action with signature System.Threading.Tasks.Task`1[Microsoft.AspNetCore.Mvc.IActionResult] GetAllQuizzes() on controller api.Controllers.TakeQuizApiController (api).
2025-11-14 16:45:47.506 +01:00 [INF] Executing OkObjectResult, writing value of type 'System.Collections.Generic.List`1[[api.DTOs.QuizDto, api, Version=1.0.0.0, Culture=neutral, PublicKeyToken=null]]'.
2025-11-14 16:45:47.506 +01:00 [INF] Executed action api.Controllers.TakeQuizApiController.GetAllQuizzes (api) in 11.2293ms
2025-11-14 16:45:47.506 +01:00 [INF] Executed endpoint 'api.Controllers.TakeQuizApiController.GetAllQuizzes (api)'
2025-11-14 16:45:47.506 +01:00 [INF] Request finished HTTP/1.1 GET http://localhost:5082/api/takequizapi/takequizlist - 200 377 application/json; charset=utf-8 12.1153ms
2025-11-14 16:45:47.510 +01:00 [INF] Request starting HTTP/1.1 GET http://localhost:5082/api/takequizapi/takequizlist - application/json null
2025-11-14 16:45:47.510 +01:00 [INF] CORS policy execution successful.
2025-11-14 16:45:47.510 +01:00 [INF] Executing endpoint 'api.Controllers.TakeQuizApiController.GetAllQuizzes (api)'
2025-11-14 16:45:47.511 +01:00 [INF] Route matched with {action = "GetAllQuizzes", controller = "TakeQuizApi"}. Executing controller action with signature System.Threading.Tasks.Task`1[Microsoft.AspNetCore.Mvc.IActionResult] GetAllQuizzes() on controller api.Controllers.TakeQuizApiController (api).
2025-11-14 16:45:47.521 +01:00 [INF] Executing OkObjectResult, writing value of type 'System.Collections.Generic.List`1[[api.DTOs.QuizDto, api, Version=1.0.0.0, Culture=neutral, PublicKeyToken=null]]'.
2025-11-14 16:45:47.522 +01:00 [INF] Executed action api.Controllers.TakeQuizApiController.GetAllQuizzes (api) in 11.099ms
2025-11-14 16:45:47.522 +01:00 [INF] Executed endpoint 'api.Controllers.TakeQuizApiController.GetAllQuizzes (api)'
2025-11-14 16:45:47.522 +01:00 [INF] Request finished HTTP/1.1 GET http://localhost:5082/api/takequizapi/takequizlist - 200 377 application/json; charset=utf-8 12.445ms
2025-11-14 16:45:48.687 +01:00 [INF] Request starting HTTP/1.1 OPTIONS http://localhost:5082/api/takequizapi/attempts/7 - null null
2025-11-14 16:45:48.687 +01:00 [INF] CORS policy execution successful.
2025-11-14 16:45:48.687 +01:00 [INF] Request finished HTTP/1.1 OPTIONS http://localhost:5082/api/takequizapi/attempts/7 - 204 null null 0.5596ms
2025-11-14 16:45:48.690 +01:00 [INF] Request starting HTTP/1.1 OPTIONS http://localhost:5082/api/takequizapi/attempts/7 - null null
2025-11-14 16:45:48.690 +01:00 [INF] CORS policy execution successful.
2025-11-14 16:45:48.690 +01:00 [INF] Request finished HTTP/1.1 OPTIONS http://localhost:5082/api/takequizapi/attempts/7 - 204 null null 0.3984ms
2025-11-14 16:45:48.691 +01:00 [INF] Request starting HTTP/1.1 GET http://localhost:5082/api/takequizapi/attempts/7 - application/json null
2025-11-14 16:45:48.691 +01:00 [INF] CORS policy execution successful.
2025-11-14 16:45:48.691 +01:00 [INF] Executing endpoint 'api.Controllers.TakeQuizApiController.GetAttempts (api)'
2025-11-14 16:45:48.691 +01:00 [INF] Route matched with {action = "GetAttempts", controller = "TakeQuizApi"}. Executing controller action with signature System.Threading.Tasks.Task`1[Microsoft.AspNetCore.Mvc.IActionResult] GetAttempts(Int32) on controller api.Controllers.TakeQuizApiController (api).
2025-11-14 16:45:48.695 +01:00 [INF] Executing OkObjectResult, writing value of type 'System.Collections.Generic.List`1[[api.DTOs.QuizResultDto, api, Version=1.0.0.0, Culture=neutral, PublicKeyToken=null]]'.
2025-11-14 16:45:48.695 +01:00 [INF] Executed action api.Controllers.TakeQuizApiController.GetAttempts (api) in 3.7113ms
2025-11-14 16:45:48.695 +01:00 [INF] Executed endpoint 'api.Controllers.TakeQuizApiController.GetAttempts (api)'
2025-11-14 16:45:48.695 +01:00 [INF] Request finished HTTP/1.1 GET http://localhost:5082/api/takequizapi/attempts/7 - 200 632 application/json; charset=utf-8 4.7601ms
2025-11-14 16:45:48.698 +01:00 [INF] Request starting HTTP/1.1 GET http://localhost:5082/api/takequizapi/attempts/7 - application/json null
2025-11-14 16:45:48.699 +01:00 [INF] CORS policy execution successful.
2025-11-14 16:45:48.699 +01:00 [INF] Executing endpoint 'api.Controllers.TakeQuizApiController.GetAttempts (api)'
2025-11-14 16:45:48.700 +01:00 [INF] Route matched with {action = "GetAttempts", controller = "TakeQuizApi"}. Executing controller action with signature System.Threading.Tasks.Task`1[Microsoft.AspNetCore.Mvc.IActionResult] GetAttempts(Int32) on controller api.Controllers.TakeQuizApiController (api).
2025-11-14 16:45:48.704 +01:00 [INF] Executing OkObjectResult, writing value of type 'System.Collections.Generic.List`1[[api.DTOs.QuizResultDto, api, Version=1.0.0.0, Culture=neutral, PublicKeyToken=null]]'.
2025-11-14 16:45:48.704 +01:00 [INF] Executed action api.Controllers.TakeQuizApiController.GetAttempts (api) in 4.6453ms
2025-11-14 16:45:48.705 +01:00 [INF] Executed endpoint 'api.Controllers.TakeQuizApiController.GetAttempts (api)'
2025-11-14 16:45:48.705 +01:00 [INF] Request finished HTTP/1.1 GET http://localhost:5082/api/takequizapi/attempts/7 - 200 632 application/json; charset=utf-8 6.5033ms
2025-11-14 16:46:01.153 +01:00 [INF] Request starting HTTP/1.1 OPTIONS http://localhost:5082/api/takequizapi/attempt/101 - null null
2025-11-14 16:46:01.154 +01:00 [INF] CORS policy execution successful.
2025-11-14 16:46:01.154 +01:00 [INF] Request finished HTTP/1.1 OPTIONS http://localhost:5082/api/takequizapi/attempt/101 - 204 null null 0.6752ms
2025-11-14 16:46:01.156 +01:00 [INF] Request starting HTTP/1.1 DELETE http://localhost:5082/api/takequizapi/attempt/101 - application/json null
2025-11-14 16:46:01.156 +01:00 [INF] CORS policy execution successful.
2025-11-14 16:46:01.157 +01:00 [INF] Executing endpoint 'api.Controllers.TakeQuizApiController.DeleteAttempt (api)'
2025-11-14 16:46:01.168 +01:00 [INF] Route matched with {action = "DeleteAttempt", controller = "TakeQuizApi"}. Executing controller action with signature System.Threading.Tasks.Task`1[Microsoft.AspNetCore.Mvc.IActionResult] DeleteAttempt(Int32) on controller api.Controllers.TakeQuizApiController (api).
2025-11-14 16:46:01.205 +01:00 [INF] [QuizRepository] Attempt 101 deleted successfully
2025-11-14 16:46:01.206 +01:00 [INF] Executing OkObjectResult, writing value of type '<>f__AnonymousType3`1[[System.String, System.Private.CoreLib, Version=8.0.0.0, Culture=neutral, PublicKeyToken=7cec85d7bea7798e]]'.
2025-11-14 16:46:01.207 +01:00 [INF] Executed action api.Controllers.TakeQuizApiController.DeleteAttempt (api) in 39.2247ms
2025-11-14 16:46:01.207 +01:00 [INF] Executed endpoint 'api.Controllers.TakeQuizApiController.DeleteAttempt (api)'
2025-11-14 16:46:01.208 +01:00 [INF] Request finished HTTP/1.1 DELETE http://localhost:5082/api/takequizapi/attempt/101 - 200 42 application/json; charset=utf-8 51.5758ms
2025-11-14 16:46:03.449 +01:00 [INF] Request starting HTTP/1.1 OPTIONS http://localhost:5082/api/takequizapi/takequizlist - null null
2025-11-14 16:46:03.449 +01:00 [INF] CORS policy execution successful.
2025-11-14 16:46:03.449 +01:00 [INF] Request finished HTTP/1.1 OPTIONS http://localhost:5082/api/takequizapi/takequizlist - 204 null null 0.2612ms
2025-11-14 16:46:03.449 +01:00 [INF] Request starting HTTP/1.1 OPTIONS http://localhost:5082/api/takequizapi/takequizlist - null null
2025-11-14 16:46:03.449 +01:00 [INF] CORS policy execution successful.
2025-11-14 16:46:03.449 +01:00 [INF] Request finished HTTP/1.1 OPTIONS http://localhost:5082/api/takequizapi/takequizlist - 204 null null 0.0813ms
2025-11-14 16:46:03.458 +01:00 [INF] Request starting HTTP/1.1 GET http://localhost:5082/api/takequizapi/takequizlist - application/json null
2025-11-14 16:46:03.458 +01:00 [INF] CORS policy execution successful.
2025-11-14 16:46:03.459 +01:00 [INF] Executing endpoint 'api.Controllers.TakeQuizApiController.GetAllQuizzes (api)'
2025-11-14 16:46:03.459 +01:00 [INF] Route matched with {action = "GetAllQuizzes", controller = "TakeQuizApi"}. Executing controller action with signature System.Threading.Tasks.Task`1[Microsoft.AspNetCore.Mvc.IActionResult] GetAllQuizzes() on controller api.Controllers.TakeQuizApiController (api).
2025-11-14 16:46:03.466 +01:00 [INF] Executing OkObjectResult, writing value of type 'System.Collections.Generic.List`1[[api.DTOs.QuizDto, api, Version=1.0.0.0, Culture=neutral, PublicKeyToken=null]]'.
2025-11-14 16:46:03.466 +01:00 [INF] Executed action api.Controllers.TakeQuizApiController.GetAllQuizzes (api) in 7.1673ms
2025-11-14 16:46:03.466 +01:00 [INF] Executed endpoint 'api.Controllers.TakeQuizApiController.GetAllQuizzes (api)'
2025-11-14 16:46:03.466 +01:00 [INF] Request finished HTTP/1.1 GET http://localhost:5082/api/takequizapi/takequizlist - 200 377 application/json; charset=utf-8 8.4856ms
2025-11-14 16:46:03.469 +01:00 [INF] Request starting HTTP/1.1 GET http://localhost:5082/api/takequizapi/takequizlist - application/json null
2025-11-14 16:46:03.470 +01:00 [INF] CORS policy execution successful.
2025-11-14 16:46:03.470 +01:00 [INF] Executing endpoint 'api.Controllers.TakeQuizApiController.GetAllQuizzes (api)'
2025-11-14 16:46:03.470 +01:00 [INF] Route matched with {action = "GetAllQuizzes", controller = "TakeQuizApi"}. Executing controller action with signature System.Threading.Tasks.Task`1[Microsoft.AspNetCore.Mvc.IActionResult] GetAllQuizzes() on controller api.Controllers.TakeQuizApiController (api).
2025-11-14 16:46:03.474 +01:00 [INF] Executing OkObjectResult, writing value of type 'System.Collections.Generic.List`1[[api.DTOs.QuizDto, api, Version=1.0.0.0, Culture=neutral, PublicKeyToken=null]]'.
2025-11-14 16:46:03.474 +01:00 [INF] Executed action api.Controllers.TakeQuizApiController.GetAllQuizzes (api) in 3.7699ms
2025-11-14 16:46:03.474 +01:00 [INF] Executed endpoint 'api.Controllers.TakeQuizApiController.GetAllQuizzes (api)'
2025-11-14 16:46:03.474 +01:00 [INF] Request finished HTTP/1.1 GET http://localhost:5082/api/takequizapi/takequizlist - 200 377 application/json; charset=utf-8 5.1827ms
2025-11-14 16:46:04.985 +01:00 [INF] Request starting HTTP/1.1 OPTIONS http://localhost:5082/api/takequizapi/attempts/12 - null null
2025-11-14 16:46:04.986 +01:00 [INF] CORS policy execution successful.
2025-11-14 16:46:04.986 +01:00 [INF] Request finished HTTP/1.1 OPTIONS http://localhost:5082/api/takequizapi/attempts/12 - 204 null null 1.0165ms
2025-11-14 16:46:04.986 +01:00 [INF] Request starting HTTP/1.1 OPTIONS http://localhost:5082/api/takequizapi/attempts/12 - null null
2025-11-14 16:46:04.986 +01:00 [INF] CORS policy execution successful.
2025-11-14 16:46:04.987 +01:00 [INF] Request finished HTTP/1.1 OPTIONS http://localhost:5082/api/takequizapi/attempts/12 - 204 null null 0.4901ms
2025-11-14 16:46:04.991 +01:00 [INF] Request starting HTTP/1.1 GET http://localhost:5082/api/takequizapi/attempts/12 - application/json null
2025-11-14 16:46:04.992 +01:00 [INF] CORS policy execution successful.
2025-11-14 16:46:04.992 +01:00 [INF] Executing endpoint 'api.Controllers.TakeQuizApiController.GetAttempts (api)'
2025-11-14 16:46:04.992 +01:00 [INF] Route matched with {action = "GetAttempts", controller = "TakeQuizApi"}. Executing controller action with signature System.Threading.Tasks.Task`1[Microsoft.AspNetCore.Mvc.IActionResult] GetAttempts(Int32) on controller api.Controllers.TakeQuizApiController (api).
2025-11-14 16:46:04.995 +01:00 [INF] Executing OkObjectResult, writing value of type 'System.Collections.Generic.List`1[[api.DTOs.QuizResultDto, api, Version=1.0.0.0, Culture=neutral, PublicKeyToken=null]]'.
2025-11-14 16:46:04.995 +01:00 [INF] Executed action api.Controllers.TakeQuizApiController.GetAttempts (api) in 2.7902ms
2025-11-14 16:46:04.995 +01:00 [INF] Executed endpoint 'api.Controllers.TakeQuizApiController.GetAttempts (api)'
2025-11-14 16:46:04.995 +01:00 [INF] Request finished HTTP/1.1 GET http://localhost:5082/api/takequizapi/attempts/12 - 200 323 application/json; charset=utf-8 4.1171ms
2025-11-14 16:46:04.999 +01:00 [INF] Request starting HTTP/1.1 GET http://localhost:5082/api/takequizapi/attempts/12 - application/json null
2025-11-14 16:46:05.000 +01:00 [INF] CORS policy execution successful.
2025-11-14 16:46:05.000 +01:00 [INF] Executing endpoint 'api.Controllers.TakeQuizApiController.GetAttempts (api)'
2025-11-14 16:46:05.001 +01:00 [INF] Route matched with {action = "GetAttempts", controller = "TakeQuizApi"}. Executing controller action with signature System.Threading.Tasks.Task`1[Microsoft.AspNetCore.Mvc.IActionResult] GetAttempts(Int32) on controller api.Controllers.TakeQuizApiController (api).
2025-11-14 16:46:05.004 +01:00 [INF] Executing OkObjectResult, writing value of type 'System.Collections.Generic.List`1[[api.DTOs.QuizResultDto, api, Version=1.0.0.0, Culture=neutral, PublicKeyToken=null]]'.
2025-11-14 16:46:05.004 +01:00 [INF] Executed action api.Controllers.TakeQuizApiController.GetAttempts (api) in 3.4971ms
2025-11-14 16:46:05.004 +01:00 [INF] Executed endpoint 'api.Controllers.TakeQuizApiController.GetAttempts (api)'
2025-11-14 16:46:05.004 +01:00 [INF] Request finished HTTP/1.1 GET http://localhost:5082/api/takequizapi/attempts/12 - 200 323 application/json; charset=utf-8 5.4031ms
2025-11-14 16:46:06.026 +01:00 [INF] Request starting HTTP/1.1 GET http://localhost:5082/api/takequizapi/takequizlist - application/json null
2025-11-14 16:46:06.027 +01:00 [INF] CORS policy execution successful.
2025-11-14 16:46:06.027 +01:00 [INF] Executing endpoint 'api.Controllers.TakeQuizApiController.GetAllQuizzes (api)'
2025-11-14 16:46:06.027 +01:00 [INF] Route matched with {action = "GetAllQuizzes", controller = "TakeQuizApi"}. Executing controller action with signature System.Threading.Tasks.Task`1[Microsoft.AspNetCore.Mvc.IActionResult] GetAllQuizzes() on controller api.Controllers.TakeQuizApiController (api).
2025-11-14 16:46:06.033 +01:00 [INF] Executing OkObjectResult, writing value of type 'System.Collections.Generic.List`1[[api.DTOs.QuizDto, api, Version=1.0.0.0, Culture=neutral, PublicKeyToken=null]]'.
2025-11-14 16:46:06.033 +01:00 [INF] Executed action api.Controllers.TakeQuizApiController.GetAllQuizzes (api) in 5.292ms
2025-11-14 16:46:06.033 +01:00 [INF] Executed endpoint 'api.Controllers.TakeQuizApiController.GetAllQuizzes (api)'
2025-11-14 16:46:06.033 +01:00 [INF] Request finished HTTP/1.1 GET http://localhost:5082/api/takequizapi/takequizlist - 200 377 application/json; charset=utf-8 6.6643ms
2025-11-14 16:46:06.035 +01:00 [INF] Request starting HTTP/1.1 GET http://localhost:5082/api/takequizapi/takequizlist - application/json null
2025-11-14 16:46:06.036 +01:00 [INF] CORS policy execution successful.
2025-11-14 16:46:06.036 +01:00 [INF] Executing endpoint 'api.Controllers.TakeQuizApiController.GetAllQuizzes (api)'
2025-11-14 16:46:06.036 +01:00 [INF] Route matched with {action = "GetAllQuizzes", controller = "TakeQuizApi"}. Executing controller action with signature System.Threading.Tasks.Task`1[Microsoft.AspNetCore.Mvc.IActionResult] GetAllQuizzes() on controller api.Controllers.TakeQuizApiController (api).
2025-11-14 16:46:06.040 +01:00 [INF] Executing OkObjectResult, writing value of type 'System.Collections.Generic.List`1[[api.DTOs.QuizDto, api, Version=1.0.0.0, Culture=neutral, PublicKeyToken=null]]'.
2025-11-14 16:46:06.040 +01:00 [INF] Executed action api.Controllers.TakeQuizApiController.GetAllQuizzes (api) in 3.6537ms
2025-11-14 16:46:06.040 +01:00 [INF] Executed endpoint 'api.Controllers.TakeQuizApiController.GetAllQuizzes (api)'
2025-11-14 16:46:06.040 +01:00 [INF] Request finished HTTP/1.1 GET http://localhost:5082/api/takequizapi/takequizlist - 200 377 application/json; charset=utf-8 5.0698ms
2025-11-14 16:46:10.941 +01:00 [INF] Application is shutting down...
