2025-11-17 10:51:09.337 +01:00 [INF] User profile is available. Using 'C:\Users\Admin\AppData\Local\ASP.NET\DataProtection-Keys' as key repository and Windows DPAPI to encrypt keys at rest.
2025-11-17 10:51:09.423 +01:00 [INF] Now listening on: http://localhost:5082
2025-11-17 10:51:09.426 +01:00 [INF] Application started. Press Ctrl+C to shut down.
2025-11-17 10:51:09.426 +01:00 [INF] Hosting environment: Development
2025-11-17 10:51:09.427 +01:00 [INF] Content root path: C:\Users\Admin\OneDrive - OsloMet\FinalExamITPE3200\EXAMFAM\api
2025-11-17 10:51:18.358 +01:00 [INF] Request starting HTTP/1.1 OPTIONS http://localhost:5082/api/Auth/login - null null
2025-11-17 10:51:18.401 +01:00 [INF] CORS policy execution successful.
2025-11-17 10:51:18.410 +01:00 [INF] Request finished HTTP/1.1 OPTIONS http://localhost:5082/api/Auth/login - 204 null null 55.2093ms
2025-11-17 10:51:18.414 +01:00 [INF] Request starting HTTP/1.1 POST http://localhost:5082/api/Auth/login - application/json 53
2025-11-17 10:51:18.418 +01:00 [INF] CORS policy execution successful.
2025-11-17 10:51:18.475 +01:00 [INF] Executing endpoint 'api.Controllers.AuthController.Login (api)'
2025-11-17 10:51:18.496 +01:00 [INF] Route matched with {action = "Login", controller = "Auth"}. Executing controller action with signature System.Threading.Tasks.Task`1[Microsoft.AspNetCore.Mvc.IActionResult] Login(api.DTOs.LoginDto) on controller api.Controllers.AuthController (api).
2025-11-17 10:51:18.857 +01:00 [INF] [AuthController] JWT token created for newstudent with roles Student
2025-11-17 10:51:18.899 +01:00 [INF] [AuthController] user authorised for newstudent
2025-11-17 10:51:18.906 +01:00 [INF] Executing OkObjectResult, writing value of type '<>f__AnonymousType1`1[[System.String, System.Private.CoreLib, Version=8.0.0.0, Culture=neutral, PublicKeyToken=7cec85d7bea7798e]]'.
2025-11-17 10:51:18.941 +01:00 [INF] Executed action api.Controllers.AuthController.Login (api) in 440.4682ms
2025-11-17 10:51:18.941 +01:00 [INF] Executed endpoint 'api.Controllers.AuthController.Login (api)'
2025-11-17 10:51:18.948 +01:00 [INF] Request finished HTTP/1.1 POST http://localhost:5082/api/Auth/login - 200 687 application/json; charset=utf-8 533.3899ms
2025-11-17 10:51:20.302 +01:00 [INF] Request starting HTTP/1.1 OPTIONS http://localhost:5082/api/takequizapi/takequizlist - null null
2025-11-17 10:51:20.302 +01:00 [INF] Request starting HTTP/1.1 OPTIONS http://localhost:5082/api/takequizapi/takequizlist - null null
2025-11-17 10:51:20.304 +01:00 [INF] CORS policy execution successful.
2025-11-17 10:51:20.304 +01:00 [INF] CORS policy execution successful.
2025-11-17 10:51:20.304 +01:00 [INF] Request finished HTTP/1.1 OPTIONS http://localhost:5082/api/takequizapi/takequizlist - 204 null null 2.8219ms
2025-11-17 10:51:20.304 +01:00 [INF] Request finished HTTP/1.1 OPTIONS http://localhost:5082/api/takequizapi/takequizlist - 204 null null 2.4087ms
2025-11-17 10:51:20.308 +01:00 [INF] Request starting HTTP/1.1 GET http://localhost:5082/api/takequizapi/takequizlist - application/json null
2025-11-17 10:51:20.316 +01:00 [INF] CORS policy execution successful.
2025-11-17 10:51:20.378 +01:00 [INF] Executing endpoint 'api.Controllers.TakeQuizApiController.GetAllQuizzes (api)'
2025-11-17 10:51:20.384 +01:00 [INF] Route matched with {action = "GetAllQuizzes", controller = "TakeQuizApi"}. Executing controller action with signature System.Threading.Tasks.Task`1[Microsoft.AspNetCore.Mvc.IActionResult] GetAllQuizzes() on controller api.Controllers.TakeQuizApiController (api).
2025-11-17 10:51:20.550 +01:00 [WRN] Compiling a query which loads related collections for more than one collection navigation, either via 'Include' or through projection, but no 'QuerySplittingBehavior' has been configured. By default, Entity Framework will use 'QuerySplittingBehavior.SingleQuery', which can potentially result in slow query performance. See https://go.microsoft.com/fwlink/?linkid=2134277 for more information. To identify the query that's triggering this warning call 'ConfigureWarnings(w => w.Throw(RelationalEventId.MultipleCollectionIncludeWarning))'.
2025-11-17 10:51:20.618 +01:00 [INF] Executing OkObjectResult, writing value of type 'System.Collections.Generic.List`1[[api.DTOs.QuizDto, api, Version=1.0.0.0, Culture=neutral, PublicKeyToken=null]]'.
2025-11-17 10:51:20.630 +01:00 [INF] Executed action api.Controllers.TakeQuizApiController.GetAllQuizzes (api) in 245.9456ms
2025-11-17 10:51:20.630 +01:00 [INF] Executed endpoint 'api.Controllers.TakeQuizApiController.GetAllQuizzes (api)'
2025-11-17 10:51:20.631 +01:00 [INF] Request finished HTTP/1.1 GET http://localhost:5082/api/takequizapi/takequizlist - 200 377 application/json; charset=utf-8 322.1649ms
2025-11-17 10:51:20.633 +01:00 [INF] Request starting HTTP/1.1 GET http://localhost:5082/api/takequizapi/takequizlist - application/json null
2025-11-17 10:51:20.634 +01:00 [INF] CORS policy execution successful.
2025-11-17 10:51:20.638 +01:00 [INF] Executing endpoint 'api.Controllers.TakeQuizApiController.GetAllQuizzes (api)'
2025-11-17 10:51:20.638 +01:00 [INF] Route matched with {action = "GetAllQuizzes", controller = "TakeQuizApi"}. Executing controller action with signature System.Threading.Tasks.Task`1[Microsoft.AspNetCore.Mvc.IActionResult] GetAllQuizzes() on controller api.Controllers.TakeQuizApiController (api).
2025-11-17 10:51:20.644 +01:00 [INF] Executing OkObjectResult, writing value of type 'System.Collections.Generic.List`1[[api.DTOs.QuizDto, api, Version=1.0.0.0, Culture=neutral, PublicKeyToken=null]]'.
2025-11-17 10:51:20.645 +01:00 [INF] Executed action api.Controllers.TakeQuizApiController.GetAllQuizzes (api) in 6.8109ms
2025-11-17 10:51:20.645 +01:00 [INF] Executed endpoint 'api.Controllers.TakeQuizApiController.GetAllQuizzes (api)'
2025-11-17 10:51:20.645 +01:00 [INF] Request finished HTTP/1.1 GET http://localhost:5082/api/takequizapi/takequizlist - 200 377 application/json; charset=utf-8 12.6119ms
2025-11-17 10:51:21.856 +01:00 [INF] Request starting HTTP/1.1 OPTIONS http://localhost:5082/api/takequizapi/2 - null null
2025-11-17 10:51:21.856 +01:00 [INF] Request starting HTTP/1.1 OPTIONS http://localhost:5082/api/takequizapi/2 - null null
2025-11-17 10:51:21.856 +01:00 [INF] CORS policy execution successful.
2025-11-17 10:51:21.856 +01:00 [INF] CORS policy execution successful.
2025-11-17 10:51:21.856 +01:00 [INF] Request finished HTTP/1.1 OPTIONS http://localhost:5082/api/takequizapi/2 - 204 null null 0.5022ms
2025-11-17 10:51:21.856 +01:00 [INF] Request finished HTTP/1.1 OPTIONS http://localhost:5082/api/takequizapi/2 - 204 null null 0.4549ms
2025-11-17 10:51:21.859 +01:00 [INF] Request starting HTTP/1.1 GET http://localhost:5082/api/takequizapi/2 - application/json null
2025-11-17 10:51:21.859 +01:00 [INF] CORS policy execution successful.
2025-11-17 10:51:21.860 +01:00 [INF] Executing endpoint 'api.Controllers.TakeQuizApiController.GetQuiz (api)'
2025-11-17 10:51:21.867 +01:00 [INF] Route matched with {action = "GetQuiz", controller = "TakeQuizApi"}. Executing controller action with signature System.Threading.Tasks.Task`1[Microsoft.AspNetCore.Mvc.IActionResult] GetQuiz(Int32) on controller api.Controllers.TakeQuizApiController (api).
2025-11-17 10:51:21.884 +01:00 [WRN] Compiling a query which loads related collections for more than one collection navigation, either via 'Include' or through projection, but no 'QuerySplittingBehavior' has been configured. By default, Entity Framework will use 'QuerySplittingBehavior.SingleQuery', which can potentially result in slow query performance. See https://go.microsoft.com/fwlink/?linkid=2134277 for more information. To identify the query that's triggering this warning call 'ConfigureWarnings(w => w.Throw(RelationalEventId.MultipleCollectionIncludeWarning))'.
2025-11-17 10:51:21.891 +01:00 [INF] Executing OkObjectResult, writing value of type 'api.DTOs.QuizDto'.
2025-11-17 10:51:21.895 +01:00 [INF] Executed action api.Controllers.TakeQuizApiController.GetQuiz (api) in 27.8776ms
2025-11-17 10:51:21.895 +01:00 [INF] Executed endpoint 'api.Controllers.TakeQuizApiController.GetQuiz (api)'
2025-11-17 10:51:21.895 +01:00 [INF] Request finished HTTP/1.1 GET http://localhost:5082/api/takequizapi/2 - 200 918 application/json; charset=utf-8 36.3688ms
2025-11-17 10:51:21.898 +01:00 [INF] Request starting HTTP/1.1 GET http://localhost:5082/api/takequizapi/2 - application/json null
2025-11-17 10:51:21.898 +01:00 [INF] CORS policy execution successful.
2025-11-17 10:51:21.899 +01:00 [INF] Executing endpoint 'api.Controllers.TakeQuizApiController.GetQuiz (api)'
2025-11-17 10:51:21.899 +01:00 [INF] Route matched with {action = "GetQuiz", controller = "TakeQuizApi"}. Executing controller action with signature System.Threading.Tasks.Task`1[Microsoft.AspNetCore.Mvc.IActionResult] GetQuiz(Int32) on controller api.Controllers.TakeQuizApiController (api).
2025-11-17 10:51:21.903 +01:00 [INF] Executing OkObjectResult, writing value of type 'api.DTOs.QuizDto'.
2025-11-17 10:51:21.904 +01:00 [INF] Executed action api.Controllers.TakeQuizApiController.GetQuiz (api) in 4.7535ms
2025-11-17 10:51:21.904 +01:00 [INF] Executed endpoint 'api.Controllers.TakeQuizApiController.GetQuiz (api)'
2025-11-17 10:51:21.904 +01:00 [INF] Request finished HTTP/1.1 GET http://localhost:5082/api/takequizapi/2 - 200 918 application/json; charset=utf-8 6.5594ms
2025-11-17 10:51:28.321 +01:00 [INF] Request starting HTTP/1.1 OPTIONS http://localhost:5082/api/takequizapi/submit - null null
2025-11-17 10:51:28.321 +01:00 [INF] CORS policy execution successful.
2025-11-17 10:51:28.322 +01:00 [INF] Request finished HTTP/1.1 OPTIONS http://localhost:5082/api/takequizapi/submit - 204 null null 0.6316ms
2025-11-17 10:51:28.323 +01:00 [INF] Request starting HTTP/1.1 POST http://localhost:5082/api/takequizapi/submit - application/json 71
2025-11-17 10:51:28.324 +01:00 [INF] CORS policy execution successful.
2025-11-17 10:51:28.331 +01:00 [INF] Executing endpoint 'api.Controllers.TakeQuizApiController.Submit (api)'
2025-11-17 10:51:28.336 +01:00 [INF] Route matched with {action = "Submit", controller = "TakeQuizApi"}. Executing controller action with signature System.Threading.Tasks.Task`1[Microsoft.AspNetCore.Mvc.IActionResult] Submit(api.DTOs.QuizSubmissionDto) on controller api.Controllers.TakeQuizApiController (api).
2025-11-17 10:51:28.356 +01:00 [INF] Executing OkObjectResult, writing value of type 'System.Collections.Generic.Dictionary`2[[System.String, System.Private.CoreLib, Version=8.0.0.0, Culture=neutral, PublicKeyToken=7cec85d7bea7798e],[System.Int32, System.Private.CoreLib, Version=8.0.0.0, Culture=neutral, PublicKeyToken=7cec85d7bea7798e]]'.
2025-11-17 10:51:28.358 +01:00 [INF] Executed action api.Controllers.TakeQuizApiController.Submit (api) in 22.0583ms
2025-11-17 10:51:28.358 +01:00 [INF] Executed endpoint 'api.Controllers.TakeQuizApiController.Submit (api)'
2025-11-17 10:51:28.358 +01:00 [INF] Request finished HTTP/1.1 POST http://localhost:5082/api/takequizapi/submit - 200 11 application/json; charset=utf-8 34.9233ms
2025-11-17 10:51:29.364 +01:00 [INF] Request starting HTTP/1.1 OPTIONS http://localhost:5082/api/takequizapi/saveattempt - null null
2025-11-17 10:51:29.364 +01:00 [INF] CORS policy execution successful.
2025-11-17 10:51:29.365 +01:00 [INF] Request finished HTTP/1.1 OPTIONS http://localhost:5082/api/takequizapi/saveattempt - 204 null null 0.7254ms
2025-11-17 10:51:29.366 +01:00 [INF] Request starting HTTP/1.1 POST http://localhost:5082/api/takequizapi/saveattempt - application/json 42
2025-11-17 10:51:29.366 +01:00 [INF] CORS policy execution successful.
2025-11-17 10:51:29.369 +01:00 [INF] Executing endpoint 'api.Controllers.TakeQuizApiController.SaveAttempt (api)'
2025-11-17 10:51:29.371 +01:00 [INF] Route matched with {action = "SaveAttempt", controller = "TakeQuizApi"}. Executing controller action with signature System.Threading.Tasks.Task`1[Microsoft.AspNetCore.Mvc.IActionResult] SaveAttempt(api.DTOs.QuizResultDto) on controller api.Controllers.TakeQuizApiController (api).
2025-11-17 10:51:29.492 +01:00 [INF] Executing OkObjectResult, writing value of type '<>f__AnonymousType3`1[[System.String, System.Private.CoreLib, Version=8.0.0.0, Culture=neutral, PublicKeyToken=7cec85d7bea7798e]]'.
2025-11-17 10:51:29.493 +01:00 [INF] Executed action api.Controllers.TakeQuizApiController.SaveAttempt (api) in 122.1704ms
2025-11-17 10:51:29.493 +01:00 [INF] Executed endpoint 'api.Controllers.TakeQuizApiController.SaveAttempt (api)'
2025-11-17 10:51:29.494 +01:00 [INF] Request finished HTTP/1.1 POST http://localhost:5082/api/takequizapi/saveattempt - 200 40 application/json; charset=utf-8 127.4105ms
2025-11-17 10:51:33.426 +01:00 [INF] Request starting HTTP/1.1 OPTIONS http://localhost:5082/api/takequizapi/takequizlist - null null
2025-11-17 10:51:33.426 +01:00 [INF] CORS policy execution successful.
2025-11-17 10:51:33.427 +01:00 [INF] Request finished HTTP/1.1 OPTIONS http://localhost:5082/api/takequizapi/takequizlist - 204 null null 1.2569ms
2025-11-17 10:51:33.431 +01:00 [INF] Request starting HTTP/1.1 OPTIONS http://localhost:5082/api/takequizapi/takequizlist - null null
2025-11-17 10:51:33.431 +01:00 [INF] CORS policy execution successful.
2025-11-17 10:51:33.432 +01:00 [INF] Request finished HTTP/1.1 OPTIONS http://localhost:5082/api/takequizapi/takequizlist - 204 null null 0.9113ms
2025-11-17 10:51:33.432 +01:00 [INF] Request starting HTTP/1.1 GET http://localhost:5082/api/takequizapi/takequizlist - application/json null
2025-11-17 10:51:33.433 +01:00 [INF] CORS policy execution successful.
2025-11-17 10:51:33.434 +01:00 [INF] Executing endpoint 'api.Controllers.TakeQuizApiController.GetAllQuizzes (api)'
2025-11-17 10:51:33.434 +01:00 [INF] Route matched with {action = "GetAllQuizzes", controller = "TakeQuizApi"}. Executing controller action with signature System.Threading.Tasks.Task`1[Microsoft.AspNetCore.Mvc.IActionResult] GetAllQuizzes() on controller api.Controllers.TakeQuizApiController (api).
2025-11-17 10:51:33.440 +01:00 [INF] Executing OkObjectResult, writing value of type 'System.Collections.Generic.List`1[[api.DTOs.QuizDto, api, Version=1.0.0.0, Culture=neutral, PublicKeyToken=null]]'.
2025-11-17 10:51:33.441 +01:00 [INF] Executed action api.Controllers.TakeQuizApiController.GetAllQuizzes (api) in 6.7041ms
2025-11-17 10:51:33.441 +01:00 [INF] Executed endpoint 'api.Controllers.TakeQuizApiController.GetAllQuizzes (api)'
2025-11-17 10:51:33.441 +01:00 [INF] Request finished HTTP/1.1 GET http://localhost:5082/api/takequizapi/takequizlist - 200 377 application/json; charset=utf-8 8.5298ms
2025-11-17 10:51:33.443 +01:00 [INF] Request starting HTTP/1.1 GET http://localhost:5082/api/takequizapi/takequizlist - application/json null
2025-11-17 10:51:33.443 +01:00 [INF] CORS policy execution successful.
2025-11-17 10:51:33.443 +01:00 [INF] Executing endpoint 'api.Controllers.TakeQuizApiController.GetAllQuizzes (api)'
2025-11-17 10:51:33.444 +01:00 [INF] Route matched with {action = "GetAllQuizzes", controller = "TakeQuizApi"}. Executing controller action with signature System.Threading.Tasks.Task`1[Microsoft.AspNetCore.Mvc.IActionResult] GetAllQuizzes() on controller api.Controllers.TakeQuizApiController (api).
2025-11-17 10:51:33.447 +01:00 [INF] Executing OkObjectResult, writing value of type 'System.Collections.Generic.List`1[[api.DTOs.QuizDto, api, Version=1.0.0.0, Culture=neutral, PublicKeyToken=null]]'.
2025-11-17 10:51:33.447 +01:00 [INF] Executed action api.Controllers.TakeQuizApiController.GetAllQuizzes (api) in 3.6515ms
2025-11-17 10:51:33.447 +01:00 [INF] Executed endpoint 'api.Controllers.TakeQuizApiController.GetAllQuizzes (api)'
2025-11-17 10:51:33.448 +01:00 [INF] Request finished HTTP/1.1 GET http://localhost:5082/api/takequizapi/takequizlist - 200 377 application/json; charset=utf-8 5.0042ms
2025-11-17 10:51:34.626 +01:00 [INF] Request starting HTTP/1.1 OPTIONS http://localhost:5082/api/takequizapi/attempts/2?page=1&pageSize=6&sortBy=submittedAt&sortOrder=desc - null null
2025-11-17 10:51:34.626 +01:00 [INF] CORS policy execution successful.
2025-11-17 10:51:34.627 +01:00 [INF] Request starting HTTP/1.1 OPTIONS http://localhost:5082/api/takequizapi/attempts/2?page=1&pageSize=6&sortBy=submittedAt&sortOrder=desc - null null
2025-11-17 10:51:34.627 +01:00 [INF] Request finished HTTP/1.1 OPTIONS http://localhost:5082/api/takequizapi/attempts/2?page=1&pageSize=6&sortBy=submittedAt&sortOrder=desc - 204 null null 0.741ms
2025-11-17 10:51:34.627 +01:00 [INF] CORS policy execution successful.
2025-11-17 10:51:34.627 +01:00 [INF] Request finished HTTP/1.1 OPTIONS http://localhost:5082/api/takequizapi/attempts/2?page=1&pageSize=6&sortBy=submittedAt&sortOrder=desc - 204 null null 0.5636ms
2025-11-17 10:51:34.631 +01:00 [INF] Request starting HTTP/1.1 GET http://localhost:5082/api/takequizapi/attempts/2?page=1&pageSize=6&sortBy=submittedAt&sortOrder=desc - application/json null
2025-11-17 10:51:34.631 +01:00 [INF] CORS policy execution successful.
2025-11-17 10:51:34.635 +01:00 [INF] Executing endpoint 'api.Controllers.TakeQuizApiController.GetAttempts (api)'
2025-11-17 10:51:34.647 +01:00 [INF] Route matched with {action = "GetAttempts", controller = "TakeQuizApi"}. Executing controller action with signature System.Threading.Tasks.Task`1[Microsoft.AspNetCore.Mvc.IActionResult] GetAttempts(Int32, api.Models.AttemptsQueryParams) on controller api.Controllers.TakeQuizApiController (api).
2025-11-17 10:51:34.711 +01:00 [WRN] Compiling a query which loads related collections for more than one collection navigation, either via 'Include' or through projection, but no 'QuerySplittingBehavior' has been configured. By default, Entity Framework will use 'QuerySplittingBehavior.SingleQuery', which can potentially result in slow query performance. See https://go.microsoft.com/fwlink/?linkid=2134277 for more information. To identify the query that's triggering this warning call 'ConfigureWarnings(w => w.Throw(RelationalEventId.MultipleCollectionIncludeWarning))'.
2025-11-17 10:51:34.728 +01:00 [INF] Executing OkObjectResult, writing value of type '<>f__AnonymousType5`4[[System.Collections.Generic.List`1[[api.DTOs.QuizResultDto, api, Version=1.0.0.0, Culture=neutral, PublicKeyToken=null]], System.Private.CoreLib, Version=8.0.0.0, Culture=neutral, PublicKeyToken=7cec85d7bea7798e],[System.Int32, System.Private.CoreLib, Version=8.0.0.0, Culture=neutral, PublicKeyToken=7cec85d7bea7798e],[System.Int32, System.Private.CoreLib, Version=8.0.0.0, Culture=neutral, PublicKeyToken=7cec85d7bea7798e],[System.Int32, System.Private.CoreLib, Version=8.0.0.0, Culture=neutral, PublicKeyToken=7cec85d7bea7798e]]'.
2025-11-17 10:51:34.735 +01:00 [INF] Executed action api.Controllers.TakeQuizApiController.GetAttempts (api) in 87.3531ms
2025-11-17 10:51:34.735 +01:00 [INF] Executed endpoint 'api.Controllers.TakeQuizApiController.GetAttempts (api)'
2025-11-17 10:51:34.735 +01:00 [INF] Request finished HTTP/1.1 GET http://localhost:5082/api/takequizapi/attempts/2?page=1&pageSize=6&sortBy=submittedAt&sortOrder=desc - 200 382 application/json; charset=utf-8 104.5195ms
2025-11-17 10:51:34.737 +01:00 [INF] Request starting HTTP/1.1 GET http://localhost:5082/api/takequizapi/attempts/2?page=1&pageSize=6&sortBy=submittedAt&sortOrder=desc - application/json null
2025-11-17 10:51:34.737 +01:00 [INF] CORS policy execution successful.
2025-11-17 10:51:34.738 +01:00 [INF] Executing endpoint 'api.Controllers.TakeQuizApiController.GetAttempts (api)'
2025-11-17 10:51:34.738 +01:00 [INF] Route matched with {action = "GetAttempts", controller = "TakeQuizApi"}. Executing controller action with signature System.Threading.Tasks.Task`1[Microsoft.AspNetCore.Mvc.IActionResult] GetAttempts(Int32, api.Models.AttemptsQueryParams) on controller api.Controllers.TakeQuizApiController (api).
2025-11-17 10:51:34.743 +01:00 [INF] Executing OkObjectResult, writing value of type '<>f__AnonymousType5`4[[System.Collections.Generic.List`1[[api.DTOs.QuizResultDto, api, Version=1.0.0.0, Culture=neutral, PublicKeyToken=null]], System.Private.CoreLib, Version=8.0.0.0, Culture=neutral, PublicKeyToken=7cec85d7bea7798e],[System.Int32, System.Private.CoreLib, Version=8.0.0.0, Culture=neutral, PublicKeyToken=7cec85d7bea7798e],[System.Int32, System.Private.CoreLib, Version=8.0.0.0, Culture=neutral, PublicKeyToken=7cec85d7bea7798e],[System.Int32, System.Private.CoreLib, Version=8.0.0.0, Culture=neutral, PublicKeyToken=7cec85d7bea7798e]]'.
2025-11-17 10:51:34.744 +01:00 [INF] Executed action api.Controllers.TakeQuizApiController.GetAttempts (api) in 5.197ms
2025-11-17 10:51:34.744 +01:00 [INF] Executed endpoint 'api.Controllers.TakeQuizApiController.GetAttempts (api)'
2025-11-17 10:51:34.744 +01:00 [INF] Request finished HTTP/1.1 GET http://localhost:5082/api/takequizapi/attempts/2?page=1&pageSize=6&sortBy=submittedAt&sortOrder=desc - 200 382 application/json; charset=utf-8 7.1868ms
2025-11-17 10:51:36.354 +01:00 [INF] Request starting HTTP/1.1 OPTIONS http://localhost:5082/api/takequizapi/attempt/103 - null null
2025-11-17 10:51:36.355 +01:00 [INF] Request starting HTTP/1.1 OPTIONS http://localhost:5082/api/takequizapi/attempt/103 - null null
2025-11-17 10:51:36.355 +01:00 [INF] CORS policy execution successful.
2025-11-17 10:51:36.355 +01:00 [INF] CORS policy execution successful.
2025-11-17 10:51:36.355 +01:00 [INF] Request finished HTTP/1.1 OPTIONS http://localhost:5082/api/takequizapi/attempt/103 - 204 null null 0.4691ms
2025-11-17 10:51:36.355 +01:00 [INF] Request finished HTTP/1.1 OPTIONS http://localhost:5082/api/takequizapi/attempt/103 - 204 null null 0.5384ms
2025-11-17 10:51:36.357 +01:00 [INF] Request starting HTTP/1.1 GET http://localhost:5082/api/takequizapi/attempt/103 - application/json null
2025-11-17 10:51:36.358 +01:00 [INF] CORS policy execution successful.
2025-11-17 10:51:36.358 +01:00 [INF] Executing endpoint 'api.Controllers.TakeQuizApiController.GetAttemptById (api)'
2025-11-17 10:51:36.363 +01:00 [INF] Route matched with {action = "GetAttemptById", controller = "TakeQuizApi"}. Executing controller action with signature System.Threading.Tasks.Task`1[Microsoft.AspNetCore.Mvc.IActionResult] GetAttemptById(Int32) on controller api.Controllers.TakeQuizApiController (api).
2025-11-17 10:51:36.377 +01:00 [WRN] Compiling a query which loads related collections for more than one collection navigation, either via 'Include' or through projection, but no 'QuerySplittingBehavior' has been configured. By default, Entity Framework will use 'QuerySplittingBehavior.SingleQuery', which can potentially result in slow query performance. See https://go.microsoft.com/fwlink/?linkid=2134277 for more information. To identify the query that's triggering this warning call 'ConfigureWarnings(w => w.Throw(RelationalEventId.MultipleCollectionIncludeWarning))'.
2025-11-17 10:51:36.382 +01:00 [INF] Executing OkObjectResult, writing value of type 'api.DTOs.QuizResultDto'.
2025-11-17 10:51:36.383 +01:00 [INF] Executed action api.Controllers.TakeQuizApiController.GetAttemptById (api) in 19.1513ms
2025-11-17 10:51:36.383 +01:00 [INF] Executed endpoint 'api.Controllers.TakeQuizApiController.GetAttemptById (api)'
2025-11-17 10:51:36.383 +01:00 [INF] Request finished HTTP/1.1 GET http://localhost:5082/api/takequizapi/attempt/103 - 200 169 application/json; charset=utf-8 25.7208ms
2025-11-17 10:51:36.385 +01:00 [INF] Request starting HTTP/1.1 GET http://localhost:5082/api/takequizapi/attempt/103 - application/json null
2025-11-17 10:51:36.386 +01:00 [INF] CORS policy execution successful.
2025-11-17 10:51:36.386 +01:00 [INF] Executing endpoint 'api.Controllers.TakeQuizApiController.GetAttemptById (api)'
2025-11-17 10:51:36.386 +01:00 [INF] Route matched with {action = "GetAttemptById", controller = "TakeQuizApi"}. Executing controller action with signature System.Threading.Tasks.Task`1[Microsoft.AspNetCore.Mvc.IActionResult] GetAttemptById(Int32) on controller api.Controllers.TakeQuizApiController (api).
2025-11-17 10:51:36.389 +01:00 [INF] Executing OkObjectResult, writing value of type 'api.DTOs.QuizResultDto'.
2025-11-17 10:51:36.389 +01:00 [INF] Executed action api.Controllers.TakeQuizApiController.GetAttemptById (api) in 2.6699ms
2025-11-17 10:51:36.389 +01:00 [INF] Executed endpoint 'api.Controllers.TakeQuizApiController.GetAttemptById (api)'
2025-11-17 10:51:36.389 +01:00 [INF] Request finished HTTP/1.1 GET http://localhost:5082/api/takequizapi/attempt/103 - 200 169 application/json; charset=utf-8 3.7838ms
2025-11-17 10:51:49.999 +01:00 [INF] Request starting HTTP/1.1 OPTIONS http://localhost:5082/api/takequizapi/attempts/2?page=1&pageSize=6&sortBy=submittedAt&sortOrder=desc - null null
2025-11-17 10:51:49.999 +01:00 [INF] CORS policy execution successful.
2025-11-17 10:51:49.999 +01:00 [INF] Request finished HTTP/1.1 OPTIONS http://localhost:5082/api/takequizapi/attempts/2?page=1&pageSize=6&sortBy=submittedAt&sortOrder=desc - 204 null null 0.8859ms
2025-11-17 10:51:50.003 +01:00 [INF] Request starting HTTP/1.1 OPTIONS http://localhost:5082/api/takequizapi/attempts/2?page=1&pageSize=6&sortBy=submittedAt&sortOrder=desc - null null
2025-11-17 10:51:50.003 +01:00 [INF] CORS policy execution successful.
2025-11-17 10:51:50.003 +01:00 [INF] Request finished HTTP/1.1 OPTIONS http://localhost:5082/api/takequizapi/attempts/2?page=1&pageSize=6&sortBy=submittedAt&sortOrder=desc - 204 null null 0.425ms
2025-11-17 10:51:50.003 +01:00 [INF] Request starting HTTP/1.1 GET http://localhost:5082/api/takequizapi/attempts/2?page=1&pageSize=6&sortBy=submittedAt&sortOrder=desc - application/json null
2025-11-17 10:51:50.004 +01:00 [INF] CORS policy execution successful.
2025-11-17 10:51:50.004 +01:00 [INF] Executing endpoint 'api.Controllers.TakeQuizApiController.GetAttempts (api)'
2025-11-17 10:51:50.004 +01:00 [INF] Route matched with {action = "GetAttempts", controller = "TakeQuizApi"}. Executing controller action with signature System.Threading.Tasks.Task`1[Microsoft.AspNetCore.Mvc.IActionResult] GetAttempts(Int32, api.Models.AttemptsQueryParams) on controller api.Controllers.TakeQuizApiController (api).
2025-11-17 10:51:50.008 +01:00 [INF] Executing OkObjectResult, writing value of type '<>f__AnonymousType5`4[[System.Collections.Generic.List`1[[api.DTOs.QuizResultDto, api, Version=1.0.0.0, Culture=neutral, PublicKeyToken=null]], System.Private.CoreLib, Version=8.0.0.0, Culture=neutral, PublicKeyToken=7cec85d7bea7798e],[System.Int32, System.Private.CoreLib, Version=8.0.0.0, Culture=neutral, PublicKeyToken=7cec85d7bea7798e],[System.Int32, System.Private.CoreLib, Version=8.0.0.0, Culture=neutral, PublicKeyToken=7cec85d7bea7798e],[System.Int32, System.Private.CoreLib, Version=8.0.0.0, Culture=neutral, PublicKeyToken=7cec85d7bea7798e]]'.
2025-11-17 10:51:50.009 +01:00 [INF] Executed action api.Controllers.TakeQuizApiController.GetAttempts (api) in 4.2655ms
2025-11-17 10:51:50.009 +01:00 [INF] Executed endpoint 'api.Controllers.TakeQuizApiController.GetAttempts (api)'
2025-11-17 10:51:50.009 +01:00 [INF] Request finished HTTP/1.1 GET http://localhost:5082/api/takequizapi/attempts/2?page=1&pageSize=6&sortBy=submittedAt&sortOrder=desc - 200 382 application/json; charset=utf-8 5.8077ms
2025-11-17 10:51:50.011 +01:00 [INF] Request starting HTTP/1.1 GET http://localhost:5082/api/takequizapi/attempts/2?page=1&pageSize=6&sortBy=submittedAt&sortOrder=desc - application/json null
2025-11-17 10:51:50.011 +01:00 [INF] CORS policy execution successful.
2025-11-17 10:51:50.012 +01:00 [INF] Executing endpoint 'api.Controllers.TakeQuizApiController.GetAttempts (api)'
2025-11-17 10:51:50.012 +01:00 [INF] Route matched with {action = "GetAttempts", controller = "TakeQuizApi"}. Executing controller action with signature System.Threading.Tasks.Task`1[Microsoft.AspNetCore.Mvc.IActionResult] GetAttempts(Int32, api.Models.AttemptsQueryParams) on controller api.Controllers.TakeQuizApiController (api).
2025-11-17 10:51:50.015 +01:00 [INF] Executing OkObjectResult, writing value of type '<>f__AnonymousType5`4[[System.Collections.Generic.List`1[[api.DTOs.QuizResultDto, api, Version=1.0.0.0, Culture=neutral, PublicKeyToken=null]], System.Private.CoreLib, Version=8.0.0.0, Culture=neutral, PublicKeyToken=7cec85d7bea7798e],[System.Int32, System.Private.CoreLib, Version=8.0.0.0, Culture=neutral, PublicKeyToken=7cec85d7bea7798e],[System.Int32, System.Private.CoreLib, Version=8.0.0.0, Culture=neutral, PublicKeyToken=7cec85d7bea7798e],[System.Int32, System.Private.CoreLib, Version=8.0.0.0, Culture=neutral, PublicKeyToken=7cec85d7bea7798e]]'.
2025-11-17 10:51:50.016 +01:00 [INF] Executed action api.Controllers.TakeQuizApiController.GetAttempts (api) in 4.1952ms
2025-11-17 10:51:50.016 +01:00 [INF] Executed endpoint 'api.Controllers.TakeQuizApiController.GetAttempts (api)'
2025-11-17 10:51:50.016 +01:00 [INF] Request finished HTTP/1.1 GET http://localhost:5082/api/takequizapi/attempts/2?page=1&pageSize=6&sortBy=submittedAt&sortOrder=desc - 200 382 application/json; charset=utf-8 5.326ms
2025-11-17 10:52:56.532 +01:00 [INF] Application is shutting down...
