2025-10-28 17:17:59.247 +01:00 [INF] Now listening on: http://localhost:5082
2025-10-28 17:17:59.323 +01:00 [INF] Application started. Press Ctrl+C to shut down.
2025-10-28 17:17:59.325 +01:00 [INF] Hosting environment: Development
2025-10-28 17:17:59.326 +01:00 [INF] Content root path: C:\Users\Aliza Mudassar\OneDrive - OsloMet\webapplikasjoner\EXAMFAM\api
2025-10-28 17:18:22.298 +01:00 [INF] Request starting HTTP/1.1 OPTIONS http://localhost:5082/api/QuizAPI/create - null null
2025-10-28 17:18:22.414 +01:00 [INF] CORS policy execution successful.
2025-10-28 17:18:22.430 +01:00 [INF] Request finished HTTP/1.1 OPTIONS http://localhost:5082/api/QuizAPI/create - 204 null null 138.8273ms
2025-10-28 17:18:22.448 +01:00 [INF] Request starting HTTP/1.1 POST http://localhost:5082/api/QuizAPI/create - application/json 125
2025-10-28 17:18:22.456 +01:00 [INF] CORS policy execution successful.
2025-10-28 17:18:22.463 +01:00 [INF] Executing endpoint 'api.Controllers.QuizAPIController.Create (api)'
2025-10-28 17:18:22.540 +01:00 [INF] Route matched with {action = "Create", controller = "QuizAPI"}. Executing controller action with signature System.Threading.Tasks.Task`1[Microsoft.AspNetCore.Mvc.IActionResult] Create(api.DTOs.QuizDto) on controller api.Controllers.QuizAPIController (api).
2025-10-28 17:18:28.054 +01:00 [INF] Executing CreatedAtActionResult, writing value of type 'api.Models.Quiz'.
2025-10-28 17:18:28.430 +01:00 [INF] Executed action api.Controllers.QuizAPIController.Create (api) in 5773.4548ms
2025-10-28 17:18:28.461 +01:00 [INF] Executed endpoint 'api.Controllers.QuizAPIController.Create (api)'
2025-10-28 17:18:28.491 +01:00 [INF] Request finished HTTP/1.1 POST http://localhost:5082/api/QuizAPI/create - 201 235 application/json; charset=utf-8 6042.6376ms
2025-10-28 17:18:28.657 +01:00 [INF] Request starting HTTP/1.1 GET http://localhost:5082/api/quizapi/quizlist - null null
2025-10-28 17:18:28.692 +01:00 [INF] CORS policy execution successful.
2025-10-28 17:18:28.693 +01:00 [INF] Executing endpoint 'api.Controllers.QuizAPIController.QuizList (api)'
2025-10-28 17:18:28.726 +01:00 [INF] Route matched with {action = "QuizList", controller = "QuizAPI"}. Executing controller action with signature System.Threading.Tasks.Task`1[Microsoft.AspNetCore.Mvc.IActionResult] QuizList() on controller api.Controllers.QuizAPIController (api).
2025-10-28 17:18:30.775 +01:00 [WRN] Compiling a query which loads related collections for more than one collection navigation, either via 'Include' or through projection, but no 'QuerySplittingBehavior' has been configured. By default, Entity Framework will use 'QuerySplittingBehavior.SingleQuery', which can potentially result in slow query performance. See https://go.microsoft.com/fwlink/?linkid=2134277 for more information. To identify the query that's triggering this warning call 'ConfigureWarnings(w => w.Throw(RelationalEventId.MultipleCollectionIncludeWarning))'.
2025-10-28 17:18:30.955 +01:00 [INF] Executing OkObjectResult, writing value of type 'System.Linq.Enumerable+SelectListIterator`2[[api.Models.Quiz, api, Version=1.0.0.0, Culture=neutral, PublicKeyToken=null],[api.DTOs.QuizDto, api, Version=1.0.0.0, Culture=neutral, PublicKeyToken=null]]'.
2025-10-28 17:18:30.962 +01:00 [INF] Executed action api.Controllers.QuizAPIController.QuizList (api) in 2235.7643ms
2025-10-28 17:18:30.962 +01:00 [INF] Executed endpoint 'api.Controllers.QuizAPIController.QuizList (api)'
2025-10-28 17:18:30.963 +01:00 [INF] Request finished HTTP/1.1 GET http://localhost:5082/api/quizapi/quizlist - 200 205 application/json; charset=utf-8 2306.4128ms
2025-10-28 17:18:31.022 +01:00 [INF] Request starting HTTP/1.1 GET http://localhost:5082/api/quizapi/quizlist - null null
2025-10-28 17:18:31.025 +01:00 [INF] CORS policy execution successful.
2025-10-28 17:18:31.025 +01:00 [INF] Executing endpoint 'api.Controllers.QuizAPIController.QuizList (api)'
2025-10-28 17:18:31.025 +01:00 [INF] Route matched with {action = "QuizList", controller = "QuizAPI"}. Executing controller action with signature System.Threading.Tasks.Task`1[Microsoft.AspNetCore.Mvc.IActionResult] QuizList() on controller api.Controllers.QuizAPIController (api).
2025-10-28 17:18:31.132 +01:00 [INF] Executing OkObjectResult, writing value of type 'System.Linq.Enumerable+SelectListIterator`2[[api.Models.Quiz, api, Version=1.0.0.0, Culture=neutral, PublicKeyToken=null],[api.DTOs.QuizDto, api, Version=1.0.0.0, Culture=neutral, PublicKeyToken=null]]'.
2025-10-28 17:18:31.134 +01:00 [INF] Executed action api.Controllers.QuizAPIController.QuizList (api) in 107.8829ms
2025-10-28 17:18:31.134 +01:00 [INF] Executed endpoint 'api.Controllers.QuizAPIController.QuizList (api)'
2025-10-28 17:18:31.134 +01:00 [INF] Request finished HTTP/1.1 GET http://localhost:5082/api/quizapi/quizlist - 200 205 application/json; charset=utf-8 113.0636ms
2025-10-28 17:18:36.564 +01:00 [INF] Request starting HTTP/1.1 GET http://localhost:5082/api/quizapi/4 - null null
2025-10-28 17:18:36.565 +01:00 [INF] CORS policy execution successful.
2025-10-28 17:18:36.566 +01:00 [INF] Executing endpoint 'api.Controllers.QuizAPIController.GetQuiz (api)'
2025-10-28 17:18:36.588 +01:00 [INF] Route matched with {action = "GetQuiz", controller = "QuizAPI"}. Executing controller action with signature System.Threading.Tasks.Task`1[Microsoft.AspNetCore.Mvc.IActionResult] GetQuiz(Int32) on controller api.Controllers.QuizAPIController (api).
2025-10-28 17:18:36.705 +01:00 [WRN] Compiling a query which loads related collections for more than one collection navigation, either via 'Include' or through projection, but no 'QuerySplittingBehavior' has been configured. By default, Entity Framework will use 'QuerySplittingBehavior.SingleQuery', which can potentially result in slow query performance. See https://go.microsoft.com/fwlink/?linkid=2134277 for more information. To identify the query that's triggering this warning call 'ConfigureWarnings(w => w.Throw(RelationalEventId.MultipleCollectionIncludeWarning))'.
2025-10-28 17:18:36.787 +01:00 [INF] Executing OkObjectResult, writing value of type 'api.DTOs.QuizDto'.
2025-10-28 17:18:36.794 +01:00 [INF] Executed action api.Controllers.QuizAPIController.GetQuiz (api) in 204.7081ms
2025-10-28 17:18:36.795 +01:00 [INF] Executed endpoint 'api.Controllers.QuizAPIController.GetQuiz (api)'
2025-10-28 17:18:36.797 +01:00 [INF] Request finished HTTP/1.1 GET http://localhost:5082/api/quizapi/4 - 200 192 application/json; charset=utf-8 232.6674ms
2025-10-28 17:18:36.842 +01:00 [INF] Request starting HTTP/1.1 GET http://localhost:5082/api/quizapi/4 - null null
2025-10-28 17:18:36.847 +01:00 [INF] CORS policy execution successful.
2025-10-28 17:18:36.848 +01:00 [INF] Executing endpoint 'api.Controllers.QuizAPIController.GetQuiz (api)'
2025-10-28 17:18:36.849 +01:00 [INF] Route matched with {action = "GetQuiz", controller = "QuizAPI"}. Executing controller action with signature System.Threading.Tasks.Task`1[Microsoft.AspNetCore.Mvc.IActionResult] GetQuiz(Int32) on controller api.Controllers.QuizAPIController (api).
2025-10-28 17:18:36.875 +01:00 [INF] Executing OkObjectResult, writing value of type 'api.DTOs.QuizDto'.
2025-10-28 17:18:36.877 +01:00 [INF] Executed action api.Controllers.QuizAPIController.GetQuiz (api) in 26.0132ms
2025-10-28 17:18:36.877 +01:00 [INF] Executed endpoint 'api.Controllers.QuizAPIController.GetQuiz (api)'
2025-10-28 17:18:36.877 +01:00 [INF] Request finished HTTP/1.1 GET http://localhost:5082/api/quizapi/4 - 200 192 application/json; charset=utf-8 35.7195ms
2025-10-28 17:18:39.100 +01:00 [INF] Request starting HTTP/1.1 GET http://localhost:5082/api/quizapi/quizlist - null null
2025-10-28 17:18:39.116 +01:00 [INF] CORS policy execution successful.
2025-10-28 17:18:39.116 +01:00 [INF] Executing endpoint 'api.Controllers.QuizAPIController.QuizList (api)'
2025-10-28 17:18:39.117 +01:00 [INF] Route matched with {action = "QuizList", controller = "QuizAPI"}. Executing controller action with signature System.Threading.Tasks.Task`1[Microsoft.AspNetCore.Mvc.IActionResult] QuizList() on controller api.Controllers.QuizAPIController (api).
2025-10-28 17:18:39.128 +01:00 [INF] Executing OkObjectResult, writing value of type 'System.Linq.Enumerable+SelectListIterator`2[[api.Models.Quiz, api, Version=1.0.0.0, Culture=neutral, PublicKeyToken=null],[api.DTOs.QuizDto, api, Version=1.0.0.0, Culture=neutral, PublicKeyToken=null]]'.
2025-10-28 17:18:39.129 +01:00 [INF] Executed action api.Controllers.QuizAPIController.QuizList (api) in 11.7397ms
2025-10-28 17:18:39.129 +01:00 [INF] Executed endpoint 'api.Controllers.QuizAPIController.QuizList (api)'
2025-10-28 17:18:39.129 +01:00 [INF] Request finished HTTP/1.1 GET http://localhost:5082/api/quizapi/quizlist - 200 205 application/json; charset=utf-8 29.4492ms
2025-10-28 17:18:39.155 +01:00 [INF] Request starting HTTP/1.1 GET http://localhost:5082/api/quizapi/quizlist - null null
2025-10-28 17:18:39.156 +01:00 [INF] CORS policy execution successful.
2025-10-28 17:18:39.162 +01:00 [INF] Executing endpoint 'api.Controllers.QuizAPIController.QuizList (api)'
2025-10-28 17:18:39.163 +01:00 [INF] Route matched with {action = "QuizList", controller = "QuizAPI"}. Executing controller action with signature System.Threading.Tasks.Task`1[Microsoft.AspNetCore.Mvc.IActionResult] QuizList() on controller api.Controllers.QuizAPIController (api).
2025-10-28 17:18:39.217 +01:00 [INF] Executing OkObjectResult, writing value of type 'System.Linq.Enumerable+SelectListIterator`2[[api.Models.Quiz, api, Version=1.0.0.0, Culture=neutral, PublicKeyToken=null],[api.DTOs.QuizDto, api, Version=1.0.0.0, Culture=neutral, PublicKeyToken=null]]'.
2025-10-28 17:18:39.218 +01:00 [INF] Executed action api.Controllers.QuizAPIController.QuizList (api) in 37.6051ms
2025-10-28 17:18:39.218 +01:00 [INF] Executed endpoint 'api.Controllers.QuizAPIController.QuizList (api)'
2025-10-28 17:18:39.219 +01:00 [INF] Request finished HTTP/1.1 GET http://localhost:5082/api/quizapi/quizlist - 200 205 application/json; charset=utf-8 63.3883ms
2025-10-28 17:18:40.588 +01:00 [INF] Request starting HTTP/1.1 GET http://localhost:5082/api/quizapi/4 - null null
2025-10-28 17:18:40.595 +01:00 [INF] CORS policy execution successful.
2025-10-28 17:18:40.595 +01:00 [INF] Executing endpoint 'api.Controllers.QuizAPIController.GetQuiz (api)'
2025-10-28 17:18:40.595 +01:00 [INF] Route matched with {action = "GetQuiz", controller = "QuizAPI"}. Executing controller action with signature System.Threading.Tasks.Task`1[Microsoft.AspNetCore.Mvc.IActionResult] GetQuiz(Int32) on controller api.Controllers.QuizAPIController (api).
2025-10-28 17:18:40.600 +01:00 [INF] Executing OkObjectResult, writing value of type 'api.DTOs.QuizDto'.
2025-10-28 17:18:40.601 +01:00 [INF] Executed action api.Controllers.QuizAPIController.GetQuiz (api) in 5.3377ms
2025-10-28 17:18:40.601 +01:00 [INF] Executed endpoint 'api.Controllers.QuizAPIController.GetQuiz (api)'
2025-10-28 17:18:40.601 +01:00 [INF] Request finished HTTP/1.1 GET http://localhost:5082/api/quizapi/4 - 200 192 application/json; charset=utf-8 13.5601ms
2025-10-28 17:18:40.769 +01:00 [INF] Request starting HTTP/1.1 GET http://localhost:5082/api/quizapi/4 - null null
2025-10-28 17:18:40.770 +01:00 [INF] CORS policy execution successful.
2025-10-28 17:18:40.770 +01:00 [INF] Executing endpoint 'api.Controllers.QuizAPIController.GetQuiz (api)'
2025-10-28 17:18:40.771 +01:00 [INF] Route matched with {action = "GetQuiz", controller = "QuizAPI"}. Executing controller action with signature System.Threading.Tasks.Task`1[Microsoft.AspNetCore.Mvc.IActionResult] GetQuiz(Int32) on controller api.Controllers.QuizAPIController (api).
2025-10-28 17:18:40.832 +01:00 [INF] Executing OkObjectResult, writing value of type 'api.DTOs.QuizDto'.
2025-10-28 17:18:40.833 +01:00 [INF] Executed action api.Controllers.QuizAPIController.GetQuiz (api) in 62.269ms
2025-10-28 17:18:40.834 +01:00 [INF] Executed endpoint 'api.Controllers.QuizAPIController.GetQuiz (api)'
2025-10-28 17:18:40.835 +01:00 [INF] Request finished HTTP/1.1 GET http://localhost:5082/api/quizapi/4 - 200 192 application/json; charset=utf-8 64.863ms
2025-10-28 17:18:48.257 +01:00 [INF] Request starting HTTP/1.1 OPTIONS http://localhost:5082/api/quizapi/update/4 - null null
2025-10-28 17:18:48.258 +01:00 [INF] CORS policy execution successful.
2025-10-28 17:18:48.258 +01:00 [INF] Request finished HTTP/1.1 OPTIONS http://localhost:5082/api/quizapi/update/4 - 204 null null 0.9804ms
2025-10-28 17:18:48.288 +01:00 [INF] Request starting HTTP/1.1 PUT http://localhost:5082/api/quizapi/update/4 - application/json 156
2025-10-28 17:18:48.289 +01:00 [INF] CORS policy execution successful.
2025-10-28 17:18:48.289 +01:00 [INF] Executing endpoint 'api.Controllers.QuizAPIController.Update (api)'
2025-10-28 17:18:48.309 +01:00 [INF] Route matched with {action = "Update", controller = "QuizAPI"}. Executing controller action with signature System.Threading.Tasks.Task`1[Microsoft.AspNetCore.Mvc.IActionResult] Update(Int32, api.DTOs.QuizDto) on controller api.Controllers.QuizAPIController (api).
2025-10-28 17:18:48.510 +01:00 [INF] Executing OkObjectResult, writing value of type 'api.Models.Quiz'.
2025-10-28 17:18:48.511 +01:00 [INF] Executed action api.Controllers.QuizAPIController.Update (api) in 201.3945ms
2025-10-28 17:18:48.511 +01:00 [INF] Executed endpoint 'api.Controllers.QuizAPIController.Update (api)'
2025-10-28 17:18:48.511 +01:00 [INF] Request finished HTTP/1.1 PUT http://localhost:5082/api/quizapi/update/4 - 200 302 application/json; charset=utf-8 222.7993ms
2025-10-28 17:18:48.608 +01:00 [INF] Request starting HTTP/1.1 GET http://localhost:5082/api/quizapi/quizlist - null null
2025-10-28 17:18:48.610 +01:00 [INF] CORS policy execution successful.
2025-10-28 17:18:48.612 +01:00 [INF] Executing endpoint 'api.Controllers.QuizAPIController.QuizList (api)'
2025-10-28 17:18:48.612 +01:00 [INF] Route matched with {action = "QuizList", controller = "QuizAPI"}. Executing controller action with signature System.Threading.Tasks.Task`1[Microsoft.AspNetCore.Mvc.IActionResult] QuizList() on controller api.Controllers.QuizAPIController (api).
2025-10-28 17:18:48.642 +01:00 [INF] Executing OkObjectResult, writing value of type 'System.Linq.Enumerable+SelectListIterator`2[[api.Models.Quiz, api, Version=1.0.0.0, Culture=neutral, PublicKeyToken=null],[api.DTOs.QuizDto, api, Version=1.0.0.0, Culture=neutral, PublicKeyToken=null]]'.
2025-10-28 17:18:48.643 +01:00 [INF] Executed action api.Controllers.QuizAPIController.QuizList (api) in 30.2831ms
2025-10-28 17:18:48.643 +01:00 [INF] Executed endpoint 'api.Controllers.QuizAPIController.QuizList (api)'
2025-10-28 17:18:48.645 +01:00 [INF] Request finished HTTP/1.1 GET http://localhost:5082/api/quizapi/quizlist - 200 205 application/json; charset=utf-8 36.0276ms
2025-10-28 17:18:48.694 +01:00 [INF] Request starting HTTP/1.1 GET http://localhost:5082/api/quizapi/quizlist - null null
2025-10-28 17:18:48.707 +01:00 [INF] CORS policy execution successful.
2025-10-28 17:18:48.708 +01:00 [INF] Executing endpoint 'api.Controllers.QuizAPIController.QuizList (api)'
2025-10-28 17:18:48.708 +01:00 [INF] Route matched with {action = "QuizList", controller = "QuizAPI"}. Executing controller action with signature System.Threading.Tasks.Task`1[Microsoft.AspNetCore.Mvc.IActionResult] QuizList() on controller api.Controllers.QuizAPIController (api).
2025-10-28 17:18:48.723 +01:00 [INF] Executing OkObjectResult, writing value of type 'System.Linq.Enumerable+SelectListIterator`2[[api.Models.Quiz, api, Version=1.0.0.0, Culture=neutral, PublicKeyToken=null],[api.DTOs.QuizDto, api, Version=1.0.0.0, Culture=neutral, PublicKeyToken=null]]'.
2025-10-28 17:18:48.725 +01:00 [INF] Executed action api.Controllers.QuizAPIController.QuizList (api) in 17.2736ms
2025-10-28 17:18:48.726 +01:00 [INF] Executed endpoint 'api.Controllers.QuizAPIController.QuizList (api)'
2025-10-28 17:18:48.727 +01:00 [INF] Request finished HTTP/1.1 GET http://localhost:5082/api/quizapi/quizlist - 200 205 application/json; charset=utf-8 32.3811ms
2025-10-28 17:19:06.923 +01:00 [INF] Request starting HTTP/1.1 GET http://localhost:5082/api/quizapi/quizlist - null null
2025-10-28 17:19:06.924 +01:00 [INF] CORS policy execution successful.
2025-10-28 17:19:06.924 +01:00 [INF] Executing endpoint 'api.Controllers.QuizAPIController.QuizList (api)'
2025-10-28 17:19:06.925 +01:00 [INF] Route matched with {action = "QuizList", controller = "QuizAPI"}. Executing controller action with signature System.Threading.Tasks.Task`1[Microsoft.AspNetCore.Mvc.IActionResult] QuizList() on controller api.Controllers.QuizAPIController (api).
2025-10-28 17:19:06.933 +01:00 [INF] Executing OkObjectResult, writing value of type 'System.Linq.Enumerable+SelectListIterator`2[[api.Models.Quiz, api, Version=1.0.0.0, Culture=neutral, PublicKeyToken=null],[api.DTOs.QuizDto, api, Version=1.0.0.0, Culture=neutral, PublicKeyToken=null]]'.
2025-10-28 17:19:06.934 +01:00 [INF] Executed action api.Controllers.QuizAPIController.QuizList (api) in 9.1637ms
2025-10-28 17:19:06.934 +01:00 [INF] Executed endpoint 'api.Controllers.QuizAPIController.QuizList (api)'
2025-10-28 17:19:06.935 +01:00 [INF] Request finished HTTP/1.1 GET http://localhost:5082/api/quizapi/quizlist - 200 205 application/json; charset=utf-8 11.9263ms
2025-10-28 17:19:20.243 +01:00 [INF] Request starting HTTP/1.1 GET http://localhost:5082/api/quizapi/quizlist - null null
2025-10-28 17:19:20.244 +01:00 [INF] CORS policy execution successful.
2025-10-28 17:19:20.244 +01:00 [INF] Executing endpoint 'api.Controllers.QuizAPIController.QuizList (api)'
2025-10-28 17:19:20.244 +01:00 [INF] Route matched with {action = "QuizList", controller = "QuizAPI"}. Executing controller action with signature System.Threading.Tasks.Task`1[Microsoft.AspNetCore.Mvc.IActionResult] QuizList() on controller api.Controllers.QuizAPIController (api).
2025-10-28 17:19:20.250 +01:00 [INF] Executing OkObjectResult, writing value of type 'System.Linq.Enumerable+SelectListIterator`2[[api.Models.Quiz, api, Version=1.0.0.0, Culture=neutral, PublicKeyToken=null],[api.DTOs.QuizDto, api, Version=1.0.0.0, Culture=neutral, PublicKeyToken=null]]'.
2025-10-28 17:19:20.251 +01:00 [INF] Executed action api.Controllers.QuizAPIController.QuizList (api) in 6.5022ms
2025-10-28 17:19:20.253 +01:00 [INF] Executed endpoint 'api.Controllers.QuizAPIController.QuizList (api)'
2025-10-28 17:19:20.253 +01:00 [INF] Request finished HTTP/1.1 GET http://localhost:5082/api/quizapi/quizlist - 200 205 application/json; charset=utf-8 10.3887ms
2025-10-28 17:19:25.917 +01:00 [INF] Request starting HTTP/1.1 GET http://localhost:5082/api/quizapi/4 - null null
2025-10-28 17:19:25.918 +01:00 [INF] CORS policy execution successful.
2025-10-28 17:19:25.918 +01:00 [INF] Executing endpoint 'api.Controllers.QuizAPIController.GetQuiz (api)'
2025-10-28 17:19:25.918 +01:00 [INF] Route matched with {action = "GetQuiz", controller = "QuizAPI"}. Executing controller action with signature System.Threading.Tasks.Task`1[Microsoft.AspNetCore.Mvc.IActionResult] GetQuiz(Int32) on controller api.Controllers.QuizAPIController (api).
2025-10-28 17:19:25.923 +01:00 [INF] Executing OkObjectResult, writing value of type 'api.DTOs.QuizDto'.
2025-10-28 17:19:25.924 +01:00 [INF] Executed action api.Controllers.QuizAPIController.GetQuiz (api) in 5.3685ms
2025-10-28 17:19:25.924 +01:00 [INF] Executed endpoint 'api.Controllers.QuizAPIController.GetQuiz (api)'
2025-10-28 17:19:25.925 +01:00 [INF] Request finished HTTP/1.1 GET http://localhost:5082/api/quizapi/4 - 200 243 application/json; charset=utf-8 7.4033ms
2025-10-28 17:19:26.056 +01:00 [INF] Request starting HTTP/1.1 GET http://localhost:5082/api/quizapi/4 - null null
2025-10-28 17:19:26.056 +01:00 [INF] CORS policy execution successful.
2025-10-28 17:19:26.056 +01:00 [INF] Executing endpoint 'api.Controllers.QuizAPIController.GetQuiz (api)'
2025-10-28 17:19:26.057 +01:00 [INF] Route matched with {action = "GetQuiz", controller = "QuizAPI"}. Executing controller action with signature System.Threading.Tasks.Task`1[Microsoft.AspNetCore.Mvc.IActionResult] GetQuiz(Int32) on controller api.Controllers.QuizAPIController (api).
2025-10-28 17:19:26.070 +01:00 [INF] Executing OkObjectResult, writing value of type 'api.DTOs.QuizDto'.
2025-10-28 17:19:26.072 +01:00 [INF] Executed action api.Controllers.QuizAPIController.GetQuiz (api) in 14.7467ms
2025-10-28 17:19:26.072 +01:00 [INF] Executed endpoint 'api.Controllers.QuizAPIController.GetQuiz (api)'
2025-10-28 17:19:26.073 +01:00 [INF] Request finished HTTP/1.1 GET http://localhost:5082/api/quizapi/4 - 200 243 application/json; charset=utf-8 17.1078ms
2025-10-28 17:19:28.497 +01:00 [INF] Request starting HTTP/1.1 GET http://localhost:5082/api/quizapi/quizlist - null null
2025-10-28 17:19:28.497 +01:00 [INF] CORS policy execution successful.
2025-10-28 17:19:28.497 +01:00 [INF] Executing endpoint 'api.Controllers.QuizAPIController.QuizList (api)'
2025-10-28 17:19:28.498 +01:00 [INF] Route matched with {action = "QuizList", controller = "QuizAPI"}. Executing controller action with signature System.Threading.Tasks.Task`1[Microsoft.AspNetCore.Mvc.IActionResult] QuizList() on controller api.Controllers.QuizAPIController (api).
2025-10-28 17:19:28.515 +01:00 [INF] Executing OkObjectResult, writing value of type 'System.Linq.Enumerable+SelectListIterator`2[[api.Models.Quiz, api, Version=1.0.0.0, Culture=neutral, PublicKeyToken=null],[api.DTOs.QuizDto, api, Version=1.0.0.0, Culture=neutral, PublicKeyToken=null]]'.
2025-10-28 17:19:28.516 +01:00 [INF] Executed action api.Controllers.QuizAPIController.QuizList (api) in 17.4669ms
2025-10-28 17:19:28.516 +01:00 [INF] Executed endpoint 'api.Controllers.QuizAPIController.QuizList (api)'
2025-10-28 17:19:28.516 +01:00 [INF] Request finished HTTP/1.1 GET http://localhost:5082/api/quizapi/quizlist - 200 205 application/json; charset=utf-8 19.6802ms
2025-10-28 17:19:28.573 +01:00 [INF] Request starting HTTP/1.1 GET http://localhost:5082/api/quizapi/quizlist - null null
2025-10-28 17:19:28.581 +01:00 [INF] CORS policy execution successful.
2025-10-28 17:19:28.581 +01:00 [INF] Executing endpoint 'api.Controllers.QuizAPIController.QuizList (api)'
2025-10-28 17:19:28.582 +01:00 [INF] Route matched with {action = "QuizList", controller = "QuizAPI"}. Executing controller action with signature System.Threading.Tasks.Task`1[Microsoft.AspNetCore.Mvc.IActionResult] QuizList() on controller api.Controllers.QuizAPIController (api).
2025-10-28 17:19:28.586 +01:00 [INF] Executing OkObjectResult, writing value of type 'System.Linq.Enumerable+SelectListIterator`2[[api.Models.Quiz, api, Version=1.0.0.0, Culture=neutral, PublicKeyToken=null],[api.DTOs.QuizDto, api, Version=1.0.0.0, Culture=neutral, PublicKeyToken=null]]'.
2025-10-28 17:19:28.587 +01:00 [INF] Executed action api.Controllers.QuizAPIController.QuizList (api) in 4.8032ms
2025-10-28 17:19:28.587 +01:00 [INF] Executed endpoint 'api.Controllers.QuizAPIController.QuizList (api)'
2025-10-28 17:19:28.587 +01:00 [INF] Request finished HTTP/1.1 GET http://localhost:5082/api/quizapi/quizlist - 200 205 application/json; charset=utf-8 13.6115ms
2025-10-28 17:19:31.270 +01:00 [INF] Request starting HTTP/1.1 GET http://localhost:5082/api/quizapi/4 - null null
2025-10-28 17:19:31.270 +01:00 [INF] CORS policy execution successful.
2025-10-28 17:19:31.270 +01:00 [INF] Executing endpoint 'api.Controllers.QuizAPIController.GetQuiz (api)'
2025-10-28 17:19:31.271 +01:00 [INF] Route matched with {action = "GetQuiz", controller = "QuizAPI"}. Executing controller action with signature System.Threading.Tasks.Task`1[Microsoft.AspNetCore.Mvc.IActionResult] GetQuiz(Int32) on controller api.Controllers.QuizAPIController (api).
2025-10-28 17:19:31.279 +01:00 [INF] Executing OkObjectResult, writing value of type 'api.DTOs.QuizDto'.
2025-10-28 17:19:31.279 +01:00 [INF] Executed action api.Controllers.QuizAPIController.GetQuiz (api) in 8.5402ms
2025-10-28 17:19:31.280 +01:00 [INF] Executed endpoint 'api.Controllers.QuizAPIController.GetQuiz (api)'
2025-10-28 17:19:31.280 +01:00 [INF] Request finished HTTP/1.1 GET http://localhost:5082/api/quizapi/4 - 200 243 application/json; charset=utf-8 9.9129ms
2025-10-28 17:19:31.362 +01:00 [INF] Request starting HTTP/1.1 GET http://localhost:5082/api/quizapi/4 - null null
2025-10-28 17:19:31.363 +01:00 [INF] CORS policy execution successful.
2025-10-28 17:19:31.363 +01:00 [INF] Executing endpoint 'api.Controllers.QuizAPIController.GetQuiz (api)'
2025-10-28 17:19:31.364 +01:00 [INF] Route matched with {action = "GetQuiz", controller = "QuizAPI"}. Executing controller action with signature System.Threading.Tasks.Task`1[Microsoft.AspNetCore.Mvc.IActionResult] GetQuiz(Int32) on controller api.Controllers.QuizAPIController (api).
2025-10-28 17:19:31.380 +01:00 [INF] Executing OkObjectResult, writing value of type 'api.DTOs.QuizDto'.
2025-10-28 17:19:31.381 +01:00 [INF] Executed action api.Controllers.QuizAPIController.GetQuiz (api) in 16.9296ms
2025-10-28 17:19:31.381 +01:00 [INF] Executed endpoint 'api.Controllers.QuizAPIController.GetQuiz (api)'
2025-10-28 17:19:31.381 +01:00 [INF] Request finished HTTP/1.1 GET http://localhost:5082/api/quizapi/4 - 200 243 application/json; charset=utf-8 19.4853ms
2025-10-28 17:19:43.687 +01:00 [INF] Request starting HTTP/1.1 OPTIONS http://localhost:5082/api/quizapi/update/4 - null null
2025-10-28 17:19:43.687 +01:00 [INF] CORS policy execution successful.
2025-10-28 17:19:43.687 +01:00 [INF] Request finished HTTP/1.1 OPTIONS http://localhost:5082/api/quizapi/update/4 - 204 null null 0.5651ms
2025-10-28 17:19:43.706 +01:00 [INF] Request starting HTTP/1.1 PUT http://localhost:5082/api/quizapi/update/4 - application/json 156
2025-10-28 17:19:43.706 +01:00 [INF] CORS policy execution successful.
2025-10-28 17:19:43.706 +01:00 [INF] Executing endpoint 'api.Controllers.QuizAPIController.Update (api)'
2025-10-28 17:19:43.707 +01:00 [INF] Route matched with {action = "Update", controller = "QuizAPI"}. Executing controller action with signature System.Threading.Tasks.Task`1[Microsoft.AspNetCore.Mvc.IActionResult] Update(Int32, api.DTOs.QuizDto) on controller api.Controllers.QuizAPIController (api).
2025-10-28 17:19:43.820 +01:00 [INF] Executing OkObjectResult, writing value of type 'api.Models.Quiz'.
2025-10-28 17:19:43.821 +01:00 [INF] Executed action api.Controllers.QuizAPIController.Update (api) in 113.7918ms
2025-10-28 17:19:43.821 +01:00 [INF] Executed endpoint 'api.Controllers.QuizAPIController.Update (api)'
2025-10-28 17:19:43.821 +01:00 [INF] Request finished HTTP/1.1 PUT http://localhost:5082/api/quizapi/update/4 - 200 302 application/json; charset=utf-8 115.5738ms
2025-10-28 17:19:43.949 +01:00 [INF] Request starting HTTP/1.1 GET http://localhost:5082/api/quizapi/quizlist - null null
2025-10-28 17:19:43.949 +01:00 [INF] CORS policy execution successful.
2025-10-28 17:19:43.950 +01:00 [INF] Executing endpoint 'api.Controllers.QuizAPIController.QuizList (api)'
2025-10-28 17:19:43.950 +01:00 [INF] Route matched with {action = "QuizList", controller = "QuizAPI"}. Executing controller action with signature System.Threading.Tasks.Task`1[Microsoft.AspNetCore.Mvc.IActionResult] QuizList() on controller api.Controllers.QuizAPIController (api).
2025-10-28 17:19:43.958 +01:00 [INF] Executing OkObjectResult, writing value of type 'System.Linq.Enumerable+SelectListIterator`2[[api.Models.Quiz, api, Version=1.0.0.0, Culture=neutral, PublicKeyToken=null],[api.DTOs.QuizDto, api, Version=1.0.0.0, Culture=neutral, PublicKeyToken=null]]'.
2025-10-28 17:19:43.959 +01:00 [INF] Executed action api.Controllers.QuizAPIController.QuizList (api) in 9.3309ms
2025-10-28 17:19:43.966 +01:00 [INF] Executed endpoint 'api.Controllers.QuizAPIController.QuizList (api)'
2025-10-28 17:19:43.966 +01:00 [INF] Request finished HTTP/1.1 GET http://localhost:5082/api/quizapi/quizlist - 200 205 application/json; charset=utf-8 17.0021ms
2025-10-28 17:19:44.019 +01:00 [INF] Request starting HTTP/1.1 GET http://localhost:5082/api/quizapi/quizlist - null null
2025-10-28 17:19:44.019 +01:00 [INF] CORS policy execution successful.
2025-10-28 17:19:44.019 +01:00 [INF] Executing endpoint 'api.Controllers.QuizAPIController.QuizList (api)'
2025-10-28 17:19:44.020 +01:00 [INF] Route matched with {action = "QuizList", controller = "QuizAPI"}. Executing controller action with signature System.Threading.Tasks.Task`1[Microsoft.AspNetCore.Mvc.IActionResult] QuizList() on controller api.Controllers.QuizAPIController (api).
2025-10-28 17:19:44.032 +01:00 [INF] Executing OkObjectResult, writing value of type 'System.Linq.Enumerable+SelectListIterator`2[[api.Models.Quiz, api, Version=1.0.0.0, Culture=neutral, PublicKeyToken=null],[api.DTOs.QuizDto, api, Version=1.0.0.0, Culture=neutral, PublicKeyToken=null]]'.
2025-10-28 17:19:44.033 +01:00 [INF] Executed action api.Controllers.QuizAPIController.QuizList (api) in 13.4753ms
2025-10-28 17:19:44.034 +01:00 [INF] Executed endpoint 'api.Controllers.QuizAPIController.QuizList (api)'
2025-10-28 17:19:44.034 +01:00 [INF] Request finished HTTP/1.1 GET http://localhost:5082/api/quizapi/quizlist - 200 205 application/json; charset=utf-8 15.7973ms
2025-10-28 17:19:45.952 +01:00 [INF] Request starting HTTP/1.1 GET http://localhost:5082/api/quizapi/4 - null null
2025-10-28 17:19:45.952 +01:00 [INF] CORS policy execution successful.
2025-10-28 17:19:45.952 +01:00 [INF] Executing endpoint 'api.Controllers.QuizAPIController.GetQuiz (api)'
2025-10-28 17:19:45.953 +01:00 [INF] Route matched with {action = "GetQuiz", controller = "QuizAPI"}. Executing controller action with signature System.Threading.Tasks.Task`1[Microsoft.AspNetCore.Mvc.IActionResult] GetQuiz(Int32) on controller api.Controllers.QuizAPIController (api).
2025-10-28 17:19:45.964 +01:00 [INF] Executing OkObjectResult, writing value of type 'api.DTOs.QuizDto'.
2025-10-28 17:19:45.965 +01:00 [INF] Executed action api.Controllers.QuizAPIController.GetQuiz (api) in 11.5049ms
2025-10-28 17:19:45.965 +01:00 [INF] Executed endpoint 'api.Controllers.QuizAPIController.GetQuiz (api)'
2025-10-28 17:19:45.965 +01:00 [INF] Request finished HTTP/1.1 GET http://localhost:5082/api/quizapi/4 - 200 243 application/json; charset=utf-8 13.5377ms
2025-10-28 17:19:45.988 +01:00 [INF] Request starting HTTP/1.1 GET http://localhost:5082/api/quizapi/4 - null null
2025-10-28 17:19:45.989 +01:00 [INF] CORS policy execution successful.
2025-10-28 17:19:46.005 +01:00 [INF] Executing endpoint 'api.Controllers.QuizAPIController.GetQuiz (api)'
2025-10-28 17:19:46.007 +01:00 [INF] Route matched with {action = "GetQuiz", controller = "QuizAPI"}. Executing controller action with signature System.Threading.Tasks.Task`1[Microsoft.AspNetCore.Mvc.IActionResult] GetQuiz(Int32) on controller api.Controllers.QuizAPIController (api).
2025-10-28 17:19:46.019 +01:00 [INF] Executing OkObjectResult, writing value of type 'api.DTOs.QuizDto'.
2025-10-28 17:19:46.020 +01:00 [INF] Executed action api.Controllers.QuizAPIController.GetQuiz (api) in 12.5902ms
2025-10-28 17:19:46.020 +01:00 [INF] Executed endpoint 'api.Controllers.QuizAPIController.GetQuiz (api)'
2025-10-28 17:19:46.021 +01:00 [INF] Request finished HTTP/1.1 GET http://localhost:5082/api/quizapi/4 - 200 243 application/json; charset=utf-8 33.2009ms
2025-10-28 17:19:49.324 +01:00 [INF] Request starting HTTP/1.1 GET http://localhost:5082/api/quizapi/quizlist - null null
2025-10-28 17:19:49.325 +01:00 [INF] CORS policy execution successful.
2025-10-28 17:19:49.325 +01:00 [INF] Executing endpoint 'api.Controllers.QuizAPIController.QuizList (api)'
2025-10-28 17:19:49.325 +01:00 [INF] Route matched with {action = "QuizList", controller = "QuizAPI"}. Executing controller action with signature System.Threading.Tasks.Task`1[Microsoft.AspNetCore.Mvc.IActionResult] QuizList() on controller api.Controllers.QuizAPIController (api).
2025-10-28 17:19:49.331 +01:00 [INF] Executing OkObjectResult, writing value of type 'System.Linq.Enumerable+SelectListIterator`2[[api.Models.Quiz, api, Version=1.0.0.0, Culture=neutral, PublicKeyToken=null],[api.DTOs.QuizDto, api, Version=1.0.0.0, Culture=neutral, PublicKeyToken=null]]'.
2025-10-28 17:19:49.332 +01:00 [INF] Executed action api.Controllers.QuizAPIController.QuizList (api) in 6.3736ms
2025-10-28 17:19:49.332 +01:00 [INF] Executed endpoint 'api.Controllers.QuizAPIController.QuizList (api)'
2025-10-28 17:19:49.334 +01:00 [INF] Request finished HTTP/1.1 GET http://localhost:5082/api/quizapi/quizlist - 200 205 application/json; charset=utf-8 8.9966ms
2025-10-28 17:19:49.396 +01:00 [INF] Request starting HTTP/1.1 GET http://localhost:5082/api/quizapi/quizlist - null null
2025-10-28 17:19:49.397 +01:00 [INF] CORS policy execution successful.
2025-10-28 17:19:49.397 +01:00 [INF] Executing endpoint 'api.Controllers.QuizAPIController.QuizList (api)'
2025-10-28 17:19:49.397 +01:00 [INF] Route matched with {action = "QuizList", controller = "QuizAPI"}. Executing controller action with signature System.Threading.Tasks.Task`1[Microsoft.AspNetCore.Mvc.IActionResult] QuizList() on controller api.Controllers.QuizAPIController (api).
2025-10-28 17:19:49.402 +01:00 [INF] Executing OkObjectResult, writing value of type 'System.Linq.Enumerable+SelectListIterator`2[[api.Models.Quiz, api, Version=1.0.0.0, Culture=neutral, PublicKeyToken=null],[api.DTOs.QuizDto, api, Version=1.0.0.0, Culture=neutral, PublicKeyToken=null]]'.
2025-10-28 17:19:49.403 +01:00 [INF] Executed action api.Controllers.QuizAPIController.QuizList (api) in 6.3302ms
2025-10-28 17:19:49.404 +01:00 [INF] Executed endpoint 'api.Controllers.QuizAPIController.QuizList (api)'
2025-10-28 17:19:49.404 +01:00 [INF] Request finished HTTP/1.1 GET http://localhost:5082/api/quizapi/quizlist - 200 205 application/json; charset=utf-8 16.1966ms
2025-10-28 17:19:53.656 +01:00 [INF] Request starting HTTP/1.1 GET http://localhost:5082/api/quizapi/1 - null null
2025-10-28 17:19:53.658 +01:00 [INF] CORS policy execution successful.
2025-10-28 17:19:53.658 +01:00 [INF] Executing endpoint 'api.Controllers.QuizAPIController.GetQuiz (api)'
2025-10-28 17:19:53.659 +01:00 [INF] Route matched with {action = "GetQuiz", controller = "QuizAPI"}. Executing controller action with signature System.Threading.Tasks.Task`1[Microsoft.AspNetCore.Mvc.IActionResult] GetQuiz(Int32) on controller api.Controllers.QuizAPIController (api).
2025-10-28 17:19:53.663 +01:00 [INF] Executing OkObjectResult, writing value of type 'api.DTOs.QuizDto'.
2025-10-28 17:19:53.664 +01:00 [INF] Executed action api.Controllers.QuizAPIController.GetQuiz (api) in 5.4268ms
2025-10-28 17:19:53.664 +01:00 [INF] Executed endpoint 'api.Controllers.QuizAPIController.GetQuiz (api)'
2025-10-28 17:19:53.665 +01:00 [INF] Request finished HTTP/1.1 GET http://localhost:5082/api/quizapi/1 - 200 1050 application/json; charset=utf-8 8.9026ms
2025-10-28 17:19:53.699 +01:00 [INF] Request starting HTTP/1.1 GET http://localhost:5082/api/quizapi/1 - null null
2025-10-28 17:19:53.725 +01:00 [INF] CORS policy execution successful.
2025-10-28 17:19:53.726 +01:00 [INF] Executing endpoint 'api.Controllers.QuizAPIController.GetQuiz (api)'
2025-10-28 17:19:53.727 +01:00 [INF] Route matched with {action = "GetQuiz", controller = "QuizAPI"}. Executing controller action with signature System.Threading.Tasks.Task`1[Microsoft.AspNetCore.Mvc.IActionResult] GetQuiz(Int32) on controller api.Controllers.QuizAPIController (api).
2025-10-28 17:19:53.796 +01:00 [INF] Executing OkObjectResult, writing value of type 'api.DTOs.QuizDto'.
2025-10-28 17:19:53.798 +01:00 [INF] Executed action api.Controllers.QuizAPIController.GetQuiz (api) in 69.5449ms
2025-10-28 17:19:53.798 +01:00 [INF] Executed endpoint 'api.Controllers.QuizAPIController.GetQuiz (api)'
2025-10-28 17:19:53.799 +01:00 [INF] Request finished HTTP/1.1 GET http://localhost:5082/api/quizapi/1 - 200 1050 application/json; charset=utf-8 99.3356ms
2025-10-28 17:19:58.412 +01:00 [INF] Request starting HTTP/1.1 GET http://localhost:5082/api/quizapi/quizlist - null null
2025-10-28 17:19:58.413 +01:00 [INF] CORS policy execution successful.
2025-10-28 17:19:58.413 +01:00 [INF] Executing endpoint 'api.Controllers.QuizAPIController.QuizList (api)'
2025-10-28 17:19:58.414 +01:00 [INF] Route matched with {action = "QuizList", controller = "QuizAPI"}. Executing controller action with signature System.Threading.Tasks.Task`1[Microsoft.AspNetCore.Mvc.IActionResult] QuizList() on controller api.Controllers.QuizAPIController (api).
2025-10-28 17:19:58.419 +01:00 [INF] Executing OkObjectResult, writing value of type 'System.Linq.Enumerable+SelectListIterator`2[[api.Models.Quiz, api, Version=1.0.0.0, Culture=neutral, PublicKeyToken=null],[api.DTOs.QuizDto, api, Version=1.0.0.0, Culture=neutral, PublicKeyToken=null]]'.
2025-10-28 17:19:58.420 +01:00 [INF] Executed action api.Controllers.QuizAPIController.QuizList (api) in 5.7881ms
2025-10-28 17:19:58.420 +01:00 [INF] Executed endpoint 'api.Controllers.QuizAPIController.QuizList (api)'
2025-10-28 17:19:58.420 +01:00 [INF] Request finished HTTP/1.1 GET http://localhost:5082/api/quizapi/quizlist - 200 205 application/json; charset=utf-8 8.3385ms
2025-10-28 17:19:58.445 +01:00 [INF] Request starting HTTP/1.1 GET http://localhost:5082/api/quizapi/quizlist - null null
2025-10-28 17:19:58.445 +01:00 [INF] CORS policy execution successful.
2025-10-28 17:19:58.455 +01:00 [INF] Executing endpoint 'api.Controllers.QuizAPIController.QuizList (api)'
2025-10-28 17:19:58.456 +01:00 [INF] Route matched with {action = "QuizList", controller = "QuizAPI"}. Executing controller action with signature System.Threading.Tasks.Task`1[Microsoft.AspNetCore.Mvc.IActionResult] QuizList() on controller api.Controllers.QuizAPIController (api).
2025-10-28 17:19:58.475 +01:00 [INF] Executing OkObjectResult, writing value of type 'System.Linq.Enumerable+SelectListIterator`2[[api.Models.Quiz, api, Version=1.0.0.0, Culture=neutral, PublicKeyToken=null],[api.DTOs.QuizDto, api, Version=1.0.0.0, Culture=neutral, PublicKeyToken=null]]'.
2025-10-28 17:19:58.476 +01:00 [INF] Executed action api.Controllers.QuizAPIController.QuizList (api) in 19.8247ms
2025-10-28 17:19:58.476 +01:00 [INF] Executed endpoint 'api.Controllers.QuizAPIController.QuizList (api)'
2025-10-28 17:19:58.476 +01:00 [INF] Request finished HTTP/1.1 GET http://localhost:5082/api/quizapi/quizlist - 200 205 application/json; charset=utf-8 31.6944ms
2025-10-28 17:20:01.123 +01:00 [INF] Request starting HTTP/1.1 GET http://localhost:5082/api/quizapi/2 - null null
2025-10-28 17:20:01.124 +01:00 [INF] CORS policy execution successful.
2025-10-28 17:20:01.124 +01:00 [INF] Executing endpoint 'api.Controllers.QuizAPIController.GetQuiz (api)'
2025-10-28 17:20:01.124 +01:00 [INF] Route matched with {action = "GetQuiz", controller = "QuizAPI"}. Executing controller action with signature System.Threading.Tasks.Task`1[Microsoft.AspNetCore.Mvc.IActionResult] GetQuiz(Int32) on controller api.Controllers.QuizAPIController (api).
2025-10-28 17:20:01.136 +01:00 [INF] Executing OkObjectResult, writing value of type 'api.DTOs.QuizDto'.
2025-10-28 17:20:01.137 +01:00 [INF] Executed action api.Controllers.QuizAPIController.GetQuiz (api) in 12.6019ms
2025-10-28 17:20:01.137 +01:00 [INF] Executed endpoint 'api.Controllers.QuizAPIController.GetQuiz (api)'
2025-10-28 17:20:01.138 +01:00 [INF] Request finished HTTP/1.1 GET http://localhost:5082/api/quizapi/2 - 200 868 application/json; charset=utf-8 14.4873ms
2025-10-28 17:20:01.176 +01:00 [INF] Request starting HTTP/1.1 GET http://localhost:5082/api/quizapi/2 - null null
2025-10-28 17:20:01.180 +01:00 [INF] CORS policy execution successful.
2025-10-28 17:20:01.180 +01:00 [INF] Executing endpoint 'api.Controllers.QuizAPIController.GetQuiz (api)'
2025-10-28 17:20:01.181 +01:00 [INF] Route matched with {action = "GetQuiz", controller = "QuizAPI"}. Executing controller action with signature System.Threading.Tasks.Task`1[Microsoft.AspNetCore.Mvc.IActionResult] GetQuiz(Int32) on controller api.Controllers.QuizAPIController (api).
2025-10-28 17:20:01.191 +01:00 [INF] Executing OkObjectResult, writing value of type 'api.DTOs.QuizDto'.
2025-10-28 17:20:01.191 +01:00 [INF] Executed action api.Controllers.QuizAPIController.GetQuiz (api) in 10.5182ms
2025-10-28 17:20:01.192 +01:00 [INF] Executed endpoint 'api.Controllers.QuizAPIController.GetQuiz (api)'
2025-10-28 17:20:01.192 +01:00 [INF] Request finished HTTP/1.1 GET http://localhost:5082/api/quizapi/2 - 200 868 application/json; charset=utf-8 16.2981ms
2025-10-28 17:20:11.699 +01:00 [INF] Request starting HTTP/1.1 GET http://localhost:5082/api/quizapi/quizlist - null null
2025-10-28 17:20:11.699 +01:00 [INF] CORS policy execution successful.
2025-10-28 17:20:11.700 +01:00 [INF] Executing endpoint 'api.Controllers.QuizAPIController.QuizList (api)'
2025-10-28 17:20:11.700 +01:00 [INF] Route matched with {action = "QuizList", controller = "QuizAPI"}. Executing controller action with signature System.Threading.Tasks.Task`1[Microsoft.AspNetCore.Mvc.IActionResult] QuizList() on controller api.Controllers.QuizAPIController (api).
2025-10-28 17:20:11.705 +01:00 [INF] Executing OkObjectResult, writing value of type 'System.Linq.Enumerable+SelectListIterator`2[[api.Models.Quiz, api, Version=1.0.0.0, Culture=neutral, PublicKeyToken=null],[api.DTOs.QuizDto, api, Version=1.0.0.0, Culture=neutral, PublicKeyToken=null]]'.
2025-10-28 17:20:11.706 +01:00 [INF] Executed action api.Controllers.QuizAPIController.QuizList (api) in 5.5159ms
2025-10-28 17:20:11.706 +01:00 [INF] Executed endpoint 'api.Controllers.QuizAPIController.QuizList (api)'
2025-10-28 17:20:11.706 +01:00 [INF] Request finished HTTP/1.1 GET http://localhost:5082/api/quizapi/quizlist - 200 205 application/json; charset=utf-8 7.9405ms
2025-10-28 17:20:11.779 +01:00 [INF] Request starting HTTP/1.1 GET http://localhost:5082/api/quizapi/quizlist - null null
2025-10-28 17:20:11.780 +01:00 [INF] CORS policy execution successful.
2025-10-28 17:20:11.780 +01:00 [INF] Executing endpoint 'api.Controllers.QuizAPIController.QuizList (api)'
2025-10-28 17:20:11.780 +01:00 [INF] Route matched with {action = "QuizList", controller = "QuizAPI"}. Executing controller action with signature System.Threading.Tasks.Task`1[Microsoft.AspNetCore.Mvc.IActionResult] QuizList() on controller api.Controllers.QuizAPIController (api).
2025-10-28 17:20:11.793 +01:00 [INF] Executing OkObjectResult, writing value of type 'System.Linq.Enumerable+SelectListIterator`2[[api.Models.Quiz, api, Version=1.0.0.0, Culture=neutral, PublicKeyToken=null],[api.DTOs.QuizDto, api, Version=1.0.0.0, Culture=neutral, PublicKeyToken=null]]'.
2025-10-28 17:20:11.794 +01:00 [INF] Executed action api.Controllers.QuizAPIController.QuizList (api) in 13.0281ms
2025-10-28 17:20:11.794 +01:00 [INF] Executed endpoint 'api.Controllers.QuizAPIController.QuizList (api)'
2025-10-28 17:20:11.794 +01:00 [INF] Request finished HTTP/1.1 GET http://localhost:5082/api/quizapi/quizlist - 200 205 application/json; charset=utf-8 14.6215ms
2025-10-28 17:20:14.793 +01:00 [INF] Request starting HTTP/1.1 GET http://localhost:5082/api/quizapi/3 - null null
2025-10-28 17:20:14.793 +01:00 [INF] CORS policy execution successful.
2025-10-28 17:20:14.793 +01:00 [INF] Executing endpoint 'api.Controllers.QuizAPIController.GetQuiz (api)'
2025-10-28 17:20:14.794 +01:00 [INF] Route matched with {action = "GetQuiz", controller = "QuizAPI"}. Executing controller action with signature System.Threading.Tasks.Task`1[Microsoft.AspNetCore.Mvc.IActionResult] GetQuiz(Int32) on controller api.Controllers.QuizAPIController (api).
2025-10-28 17:20:14.802 +01:00 [INF] Executing OkObjectResult, writing value of type 'api.DTOs.QuizDto'.
2025-10-28 17:20:14.804 +01:00 [INF] Executed action api.Controllers.QuizAPIController.GetQuiz (api) in 10.3277ms
2025-10-28 17:20:14.804 +01:00 [INF] Executed endpoint 'api.Controllers.QuizAPIController.GetQuiz (api)'
2025-10-28 17:20:14.805 +01:00 [INF] Request finished HTTP/1.1 GET http://localhost:5082/api/quizapi/3 - 200 1415 application/json; charset=utf-8 11.8306ms
2025-10-28 17:20:14.860 +01:00 [INF] Request starting HTTP/1.1 GET http://localhost:5082/api/quizapi/3 - null null
2025-10-28 17:20:14.860 +01:00 [INF] CORS policy execution successful.
2025-10-28 17:20:14.860 +01:00 [INF] Executing endpoint 'api.Controllers.QuizAPIController.GetQuiz (api)'
2025-10-28 17:20:14.860 +01:00 [INF] Route matched with {action = "GetQuiz", controller = "QuizAPI"}. Executing controller action with signature System.Threading.Tasks.Task`1[Microsoft.AspNetCore.Mvc.IActionResult] GetQuiz(Int32) on controller api.Controllers.QuizAPIController (api).
2025-10-28 17:20:14.871 +01:00 [INF] Executing OkObjectResult, writing value of type 'api.DTOs.QuizDto'.
2025-10-28 17:20:14.872 +01:00 [INF] Executed action api.Controllers.QuizAPIController.GetQuiz (api) in 11.6581ms
2025-10-28 17:20:14.872 +01:00 [INF] Executed endpoint 'api.Controllers.QuizAPIController.GetQuiz (api)'
2025-10-28 17:20:14.872 +01:00 [INF] Request finished HTTP/1.1 GET http://localhost:5082/api/quizapi/3 - 200 1415 application/json; charset=utf-8 12.8262ms
2025-10-28 17:20:32.233 +01:00 [INF] Request starting HTTP/1.1 GET http://localhost:5082/api/quizapi/quizlist - null null
2025-10-28 17:20:32.234 +01:00 [INF] CORS policy execution successful.
2025-10-28 17:20:32.234 +01:00 [INF] Executing endpoint 'api.Controllers.QuizAPIController.QuizList (api)'
2025-10-28 17:20:32.235 +01:00 [INF] Route matched with {action = "QuizList", controller = "QuizAPI"}. Executing controller action with signature System.Threading.Tasks.Task`1[Microsoft.AspNetCore.Mvc.IActionResult] QuizList() on controller api.Controllers.QuizAPIController (api).
2025-10-28 17:20:32.241 +01:00 [INF] Executing OkObjectResult, writing value of type 'System.Linq.Enumerable+SelectListIterator`2[[api.Models.Quiz, api, Version=1.0.0.0, Culture=neutral, PublicKeyToken=null],[api.DTOs.QuizDto, api, Version=1.0.0.0, Culture=neutral, PublicKeyToken=null]]'.
2025-10-28 17:20:32.241 +01:00 [INF] Executed action api.Controllers.QuizAPIController.QuizList (api) in 6.4146ms
2025-10-28 17:20:32.241 +01:00 [INF] Executed endpoint 'api.Controllers.QuizAPIController.QuizList (api)'
2025-10-28 17:20:32.242 +01:00 [INF] Request finished HTTP/1.1 GET http://localhost:5082/api/quizapi/quizlist - 200 205 application/json; charset=utf-8 8.4496ms
2025-10-28 17:20:32.272 +01:00 [INF] Request starting HTTP/1.1 GET http://localhost:5082/api/quizapi/quizlist - null null
2025-10-28 17:20:32.310 +01:00 [INF] CORS policy execution successful.
2025-10-28 17:20:32.310 +01:00 [INF] Executing endpoint 'api.Controllers.QuizAPIController.QuizList (api)'
2025-10-28 17:20:32.310 +01:00 [INF] Route matched with {action = "QuizList", controller = "QuizAPI"}. Executing controller action with signature System.Threading.Tasks.Task`1[Microsoft.AspNetCore.Mvc.IActionResult] QuizList() on controller api.Controllers.QuizAPIController (api).
2025-10-28 17:20:32.327 +01:00 [INF] Executing OkObjectResult, writing value of type 'System.Linq.Enumerable+SelectListIterator`2[[api.Models.Quiz, api, Version=1.0.0.0, Culture=neutral, PublicKeyToken=null],[api.DTOs.QuizDto, api, Version=1.0.0.0, Culture=neutral, PublicKeyToken=null]]'.
2025-10-28 17:20:32.328 +01:00 [INF] Executed action api.Controllers.QuizAPIController.QuizList (api) in 17.7199ms
2025-10-28 17:20:32.328 +01:00 [INF] Executed endpoint 'api.Controllers.QuizAPIController.QuizList (api)'
2025-10-28 17:20:32.328 +01:00 [INF] Request finished HTTP/1.1 GET http://localhost:5082/api/quizapi/quizlist - 200 205 application/json; charset=utf-8 56.3194ms
2025-10-28 17:21:04.788 +01:00 [INF] Request starting HTTP/1.1 GET http://localhost:5082/api/quizapi/quizlist - null null
2025-10-28 17:21:04.790 +01:00 [INF] CORS policy execution successful.
2025-10-28 17:21:04.790 +01:00 [INF] Executing endpoint 'api.Controllers.QuizAPIController.QuizList (api)'
2025-10-28 17:21:04.790 +01:00 [INF] Route matched with {action = "QuizList", controller = "QuizAPI"}. Executing controller action with signature System.Threading.Tasks.Task`1[Microsoft.AspNetCore.Mvc.IActionResult] QuizList() on controller api.Controllers.QuizAPIController (api).
2025-10-28 17:21:04.797 +01:00 [INF] Executing OkObjectResult, writing value of type 'System.Linq.Enumerable+SelectListIterator`2[[api.Models.Quiz, api, Version=1.0.0.0, Culture=neutral, PublicKeyToken=null],[api.DTOs.QuizDto, api, Version=1.0.0.0, Culture=neutral, PublicKeyToken=null]]'.
2025-10-28 17:21:04.800 +01:00 [INF] Executed action api.Controllers.QuizAPIController.QuizList (api) in 9.3256ms
2025-10-28 17:21:04.801 +01:00 [INF] Executed endpoint 'api.Controllers.QuizAPIController.QuizList (api)'
2025-10-28 17:21:04.801 +01:00 [INF] Request finished HTTP/1.1 GET http://localhost:5082/api/quizapi/quizlist - 200 205 application/json; charset=utf-8 12.5829ms
2025-10-28 17:21:04.862 +01:00 [INF] Request starting HTTP/1.1 GET http://localhost:5082/api/quizapi/quizlist - null null
2025-10-28 17:21:04.862 +01:00 [INF] CORS policy execution successful.
2025-10-28 17:21:04.863 +01:00 [INF] Executing endpoint 'api.Controllers.QuizAPIController.QuizList (api)'
2025-10-28 17:21:04.863 +01:00 [INF] Route matched with {action = "QuizList", controller = "QuizAPI"}. Executing controller action with signature System.Threading.Tasks.Task`1[Microsoft.AspNetCore.Mvc.IActionResult] QuizList() on controller api.Controllers.QuizAPIController (api).
2025-10-28 17:21:04.879 +01:00 [INF] Executing OkObjectResult, writing value of type 'System.Linq.Enumerable+SelectListIterator`2[[api.Models.Quiz, api, Version=1.0.0.0, Culture=neutral, PublicKeyToken=null],[api.DTOs.QuizDto, api, Version=1.0.0.0, Culture=neutral, PublicKeyToken=null]]'.
2025-10-28 17:21:04.880 +01:00 [INF] Executed action api.Controllers.QuizAPIController.QuizList (api) in 16.7187ms
2025-10-28 17:21:04.880 +01:00 [INF] Executed endpoint 'api.Controllers.QuizAPIController.QuizList (api)'
2025-10-28 17:21:04.880 +01:00 [INF] Request finished HTTP/1.1 GET http://localhost:5082/api/quizapi/quizlist - 200 205 application/json; charset=utf-8 17.9772ms
2025-10-28 17:21:51.404 +01:00 [INF] Request starting HTTP/1.1 GET http://localhost:5082/api/quizapi/quizlist - null null
2025-10-28 17:21:51.406 +01:00 [INF] CORS policy execution successful.
2025-10-28 17:21:51.406 +01:00 [INF] Executing endpoint 'api.Controllers.QuizAPIController.QuizList (api)'
2025-10-28 17:21:51.407 +01:00 [INF] Route matched with {action = "QuizList", controller = "QuizAPI"}. Executing controller action with signature System.Threading.Tasks.Task`1[Microsoft.AspNetCore.Mvc.IActionResult] QuizList() on controller api.Controllers.QuizAPIController (api).
2025-10-28 17:21:51.414 +01:00 [INF] Executing OkObjectResult, writing value of type 'System.Linq.Enumerable+SelectListIterator`2[[api.Models.Quiz, api, Version=1.0.0.0, Culture=neutral, PublicKeyToken=null],[api.DTOs.QuizDto, api, Version=1.0.0.0, Culture=neutral, PublicKeyToken=null]]'.
2025-10-28 17:21:51.415 +01:00 [INF] Executed action api.Controllers.QuizAPIController.QuizList (api) in 8.0031ms
2025-10-28 17:21:51.415 +01:00 [INF] Executed endpoint 'api.Controllers.QuizAPIController.QuizList (api)'
2025-10-28 17:21:51.415 +01:00 [INF] Request finished HTTP/1.1 GET http://localhost:5082/api/quizapi/quizlist - 200 205 application/json; charset=utf-8 11.9043ms
2025-10-28 17:21:51.423 +01:00 [INF] Request starting HTTP/1.1 GET http://localhost:5082/api/quizapi/quizlist - null null
2025-10-28 17:21:51.424 +01:00 [INF] CORS policy execution successful.
2025-10-28 17:21:51.424 +01:00 [INF] Executing endpoint 'api.Controllers.QuizAPIController.QuizList (api)'
2025-10-28 17:21:51.424 +01:00 [INF] Route matched with {action = "QuizList", controller = "QuizAPI"}. Executing controller action with signature System.Threading.Tasks.Task`1[Microsoft.AspNetCore.Mvc.IActionResult] QuizList() on controller api.Controllers.QuizAPIController (api).
2025-10-28 17:21:51.434 +01:00 [INF] Executing OkObjectResult, writing value of type 'System.Linq.Enumerable+SelectListIterator`2[[api.Models.Quiz, api, Version=1.0.0.0, Culture=neutral, PublicKeyToken=null],[api.DTOs.QuizDto, api, Version=1.0.0.0, Culture=neutral, PublicKeyToken=null]]'.
2025-10-28 17:21:51.434 +01:00 [INF] Executed action api.Controllers.QuizAPIController.QuizList (api) in 7.0261ms
2025-10-28 17:21:51.443 +01:00 [INF] Executed endpoint 'api.Controllers.QuizAPIController.QuizList (api)'
2025-10-28 17:21:51.444 +01:00 [INF] Request finished HTTP/1.1 GET http://localhost:5082/api/quizapi/quizlist - 200 205 application/json; charset=utf-8 20.726ms
2025-10-28 17:22:37.488 +01:00 [INF] Request starting HTTP/1.1 GET http://localhost:5082/api/quizapi/quizlist - null null
2025-10-28 17:22:37.489 +01:00 [INF] CORS policy execution successful.
2025-10-28 17:22:37.489 +01:00 [INF] Executing endpoint 'api.Controllers.QuizAPIController.QuizList (api)'
2025-10-28 17:22:37.489 +01:00 [INF] Route matched with {action = "QuizList", controller = "QuizAPI"}. Executing controller action with signature System.Threading.Tasks.Task`1[Microsoft.AspNetCore.Mvc.IActionResult] QuizList() on controller api.Controllers.QuizAPIController (api).
2025-10-28 17:22:37.501 +01:00 [INF] Executing OkObjectResult, writing value of type 'System.Linq.Enumerable+SelectListIterator`2[[api.Models.Quiz, api, Version=1.0.0.0, Culture=neutral, PublicKeyToken=null],[api.DTOs.QuizDto, api, Version=1.0.0.0, Culture=neutral, PublicKeyToken=null]]'.
2025-10-28 17:22:37.501 +01:00 [INF] Executed action api.Controllers.QuizAPIController.QuizList (api) in 11.9029ms
2025-10-28 17:22:37.502 +01:00 [INF] Executed endpoint 'api.Controllers.QuizAPIController.QuizList (api)'
2025-10-28 17:22:37.502 +01:00 [INF] Request finished HTTP/1.1 GET http://localhost:5082/api/quizapi/quizlist - 200 205 application/json; charset=utf-8 14.4425ms
2025-10-28 17:22:37.570 +01:00 [INF] Request starting HTTP/1.1 GET http://localhost:5082/api/quizapi/quizlist - null null
2025-10-28 17:22:37.571 +01:00 [INF] CORS policy execution successful.
2025-10-28 17:22:37.571 +01:00 [INF] Executing endpoint 'api.Controllers.QuizAPIController.QuizList (api)'
2025-10-28 17:22:37.571 +01:00 [INF] Route matched with {action = "QuizList", controller = "QuizAPI"}. Executing controller action with signature System.Threading.Tasks.Task`1[Microsoft.AspNetCore.Mvc.IActionResult] QuizList() on controller api.Controllers.QuizAPIController (api).
2025-10-28 17:22:37.581 +01:00 [INF] Executing OkObjectResult, writing value of type 'System.Linq.Enumerable+SelectListIterator`2[[api.Models.Quiz, api, Version=1.0.0.0, Culture=neutral, PublicKeyToken=null],[api.DTOs.QuizDto, api, Version=1.0.0.0, Culture=neutral, PublicKeyToken=null]]'.
2025-10-28 17:22:37.582 +01:00 [INF] Executed action api.Controllers.QuizAPIController.QuizList (api) in 10.2365ms
2025-10-28 17:22:37.582 +01:00 [INF] Executed endpoint 'api.Controllers.QuizAPIController.QuizList (api)'
2025-10-28 17:22:37.582 +01:00 [INF] Request finished HTTP/1.1 GET http://localhost:5082/api/quizapi/quizlist - 200 205 application/json; charset=utf-8 11.7898ms
2025-10-28 17:22:56.724 +01:00 [INF] Request starting HTTP/1.1 GET http://localhost:5082/api/quizapi/quizlist - null null
2025-10-28 17:22:56.726 +01:00 [INF] CORS policy execution successful.
2025-10-28 17:22:56.726 +01:00 [INF] Executing endpoint 'api.Controllers.QuizAPIController.QuizList (api)'
2025-10-28 17:22:56.726 +01:00 [INF] Route matched with {action = "QuizList", controller = "QuizAPI"}. Executing controller action with signature System.Threading.Tasks.Task`1[Microsoft.AspNetCore.Mvc.IActionResult] QuizList() on controller api.Controllers.QuizAPIController (api).
2025-10-28 17:22:56.731 +01:00 [INF] Executing OkObjectResult, writing value of type 'System.Linq.Enumerable+SelectListIterator`2[[api.Models.Quiz, api, Version=1.0.0.0, Culture=neutral, PublicKeyToken=null],[api.DTOs.QuizDto, api, Version=1.0.0.0, Culture=neutral, PublicKeyToken=null]]'.
2025-10-28 17:22:56.732 +01:00 [INF] Executed action api.Controllers.QuizAPIController.QuizList (api) in 5.1941ms
2025-10-28 17:22:56.732 +01:00 [INF] Executed endpoint 'api.Controllers.QuizAPIController.QuizList (api)'
2025-10-28 17:22:56.732 +01:00 [INF] Request finished HTTP/1.1 GET http://localhost:5082/api/quizapi/quizlist - 200 205 application/json; charset=utf-8 7.9036ms
2025-10-28 17:22:56.761 +01:00 [INF] Request starting HTTP/1.1 GET http://localhost:5082/api/quizapi/quizlist - null null
2025-10-28 17:22:56.762 +01:00 [INF] CORS policy execution successful.
2025-10-28 17:22:56.762 +01:00 [INF] Executing endpoint 'api.Controllers.QuizAPIController.QuizList (api)'
2025-10-28 17:22:56.762 +01:00 [INF] Route matched with {action = "QuizList", controller = "QuizAPI"}. Executing controller action with signature System.Threading.Tasks.Task`1[Microsoft.AspNetCore.Mvc.IActionResult] QuizList() on controller api.Controllers.QuizAPIController (api).
2025-10-28 17:22:56.789 +01:00 [INF] Executing OkObjectResult, writing value of type 'System.Linq.Enumerable+SelectListIterator`2[[api.Models.Quiz, api, Version=1.0.0.0, Culture=neutral, PublicKeyToken=null],[api.DTOs.QuizDto, api, Version=1.0.0.0, Culture=neutral, PublicKeyToken=null]]'.
2025-10-28 17:22:56.790 +01:00 [INF] Executed action api.Controllers.QuizAPIController.QuizList (api) in 27.5559ms
2025-10-28 17:22:56.790 +01:00 [INF] Executed endpoint 'api.Controllers.QuizAPIController.QuizList (api)'
2025-10-28 17:22:56.790 +01:00 [INF] Request finished HTTP/1.1 GET http://localhost:5082/api/quizapi/quizlist - 200 205 application/json; charset=utf-8 28.6992ms
2025-10-28 17:23:13.260 +01:00 [INF] Request starting HTTP/1.1 GET http://localhost:5082/api/quizapi/quizlist - null null
2025-10-28 17:23:13.260 +01:00 [INF] CORS policy execution successful.
2025-10-28 17:23:13.261 +01:00 [INF] Executing endpoint 'api.Controllers.QuizAPIController.QuizList (api)'
2025-10-28 17:23:13.261 +01:00 [INF] Route matched with {action = "QuizList", controller = "QuizAPI"}. Executing controller action with signature System.Threading.Tasks.Task`1[Microsoft.AspNetCore.Mvc.IActionResult] QuizList() on controller api.Controllers.QuizAPIController (api).
2025-10-28 17:23:13.267 +01:00 [INF] Executing OkObjectResult, writing value of type 'System.Linq.Enumerable+SelectListIterator`2[[api.Models.Quiz, api, Version=1.0.0.0, Culture=neutral, PublicKeyToken=null],[api.DTOs.QuizDto, api, Version=1.0.0.0, Culture=neutral, PublicKeyToken=null]]'.
2025-10-28 17:23:13.267 +01:00 [INF] Executed action api.Controllers.QuizAPIController.QuizList (api) in 5.8819ms
2025-10-28 17:23:13.267 +01:00 [INF] Executed endpoint 'api.Controllers.QuizAPIController.QuizList (api)'
2025-10-28 17:23:13.267 +01:00 [INF] Request finished HTTP/1.1 GET http://localhost:5082/api/quizapi/quizlist - 200 205 application/json; charset=utf-8 7.2638ms
2025-10-28 17:23:13.303 +01:00 [INF] Request starting HTTP/1.1 GET http://localhost:5082/api/quizapi/quizlist - null null
2025-10-28 17:23:13.303 +01:00 [INF] CORS policy execution successful.
2025-10-28 17:23:13.303 +01:00 [INF] Executing endpoint 'api.Controllers.QuizAPIController.QuizList (api)'
2025-10-28 17:23:13.303 +01:00 [INF] Route matched with {action = "QuizList", controller = "QuizAPI"}. Executing controller action with signature System.Threading.Tasks.Task`1[Microsoft.AspNetCore.Mvc.IActionResult] QuizList() on controller api.Controllers.QuizAPIController (api).
2025-10-28 17:23:13.317 +01:00 [INF] Executing OkObjectResult, writing value of type 'System.Linq.Enumerable+SelectListIterator`2[[api.Models.Quiz, api, Version=1.0.0.0, Culture=neutral, PublicKeyToken=null],[api.DTOs.QuizDto, api, Version=1.0.0.0, Culture=neutral, PublicKeyToken=null]]'.
2025-10-28 17:23:13.318 +01:00 [INF] Executed action api.Controllers.QuizAPIController.QuizList (api) in 14.3225ms
2025-10-28 17:23:13.318 +01:00 [INF] Executed endpoint 'api.Controllers.QuizAPIController.QuizList (api)'
2025-10-28 17:23:13.318 +01:00 [INF] Request finished HTTP/1.1 GET http://localhost:5082/api/quizapi/quizlist - 200 205 application/json; charset=utf-8 15.3558ms
2025-10-28 17:30:07.671 +01:00 [INF] Request starting HTTP/1.1 GET http://localhost:5082/api/quizapi/quizlist - null null
2025-10-28 17:30:07.678 +01:00 [INF] CORS policy execution successful.
2025-10-28 17:30:07.679 +01:00 [INF] Executing endpoint 'api.Controllers.QuizAPIController.QuizList (api)'
2025-10-28 17:30:07.688 +01:00 [INF] Route matched with {action = "QuizList", controller = "QuizAPI"}. Executing controller action with signature System.Threading.Tasks.Task`1[Microsoft.AspNetCore.Mvc.IActionResult] QuizList() on controller api.Controllers.QuizAPIController (api).
2025-10-28 17:30:07.779 +01:00 [INF] Executing OkObjectResult, writing value of type 'System.Linq.Enumerable+SelectListIterator`2[[api.Models.Quiz, api, Version=1.0.0.0, Culture=neutral, PublicKeyToken=null],[api.DTOs.QuizDto, api, Version=1.0.0.0, Culture=neutral, PublicKeyToken=null]]'.
2025-10-28 17:30:07.781 +01:00 [INF] Executed action api.Controllers.QuizAPIController.QuizList (api) in 92.1998ms
2025-10-28 17:30:07.782 +01:00 [INF] Executed endpoint 'api.Controllers.QuizAPIController.QuizList (api)'
2025-10-28 17:30:07.784 +01:00 [INF] Request finished HTTP/1.1 GET http://localhost:5082/api/quizapi/quizlist - 200 205 application/json; charset=utf-8 120.147ms
2025-10-28 17:30:07.836 +01:00 [INF] Request starting HTTP/1.1 GET http://localhost:5082/api/quizapi/quizlist - null null
2025-10-28 17:30:07.896 +01:00 [INF] CORS policy execution successful.
2025-10-28 17:30:07.896 +01:00 [INF] Executing endpoint 'api.Controllers.QuizAPIController.QuizList (api)'
2025-10-28 17:30:07.896 +01:00 [INF] Route matched with {action = "QuizList", controller = "QuizAPI"}. Executing controller action with signature System.Threading.Tasks.Task`1[Microsoft.AspNetCore.Mvc.IActionResult] QuizList() on controller api.Controllers.QuizAPIController (api).
2025-10-28 17:30:07.905 +01:00 [INF] Executing OkObjectResult, writing value of type 'System.Linq.Enumerable+SelectListIterator`2[[api.Models.Quiz, api, Version=1.0.0.0, Culture=neutral, PublicKeyToken=null],[api.DTOs.QuizDto, api, Version=1.0.0.0, Culture=neutral, PublicKeyToken=null]]'.
2025-10-28 17:30:07.906 +01:00 [INF] Executed action api.Controllers.QuizAPIController.QuizList (api) in 8.9508ms
2025-10-28 17:30:07.906 +01:00 [INF] Executed endpoint 'api.Controllers.QuizAPIController.QuizList (api)'
2025-10-28 17:30:07.906 +01:00 [INF] Request finished HTTP/1.1 GET http://localhost:5082/api/quizapi/quizlist - 200 205 application/json; charset=utf-8 70.0605ms
2025-10-28 17:30:26.342 +01:00 [INF] Request starting HTTP/1.1 GET http://localhost:5082/api/quizapi/quizlist - null null
2025-10-28 17:30:26.342 +01:00 [INF] CORS policy execution successful.
2025-10-28 17:30:26.342 +01:00 [INF] Executing endpoint 'api.Controllers.QuizAPIController.QuizList (api)'
2025-10-28 17:30:26.343 +01:00 [INF] Route matched with {action = "QuizList", controller = "QuizAPI"}. Executing controller action with signature System.Threading.Tasks.Task`1[Microsoft.AspNetCore.Mvc.IActionResult] QuizList() on controller api.Controllers.QuizAPIController (api).
2025-10-28 17:30:26.351 +01:00 [INF] Executing OkObjectResult, writing value of type 'System.Linq.Enumerable+SelectListIterator`2[[api.Models.Quiz, api, Version=1.0.0.0, Culture=neutral, PublicKeyToken=null],[api.DTOs.QuizDto, api, Version=1.0.0.0, Culture=neutral, PublicKeyToken=null]]'.
2025-10-28 17:30:26.352 +01:00 [INF] Executed action api.Controllers.QuizAPIController.QuizList (api) in 8.7858ms
2025-10-28 17:30:26.352 +01:00 [INF] Executed endpoint 'api.Controllers.QuizAPIController.QuizList (api)'
2025-10-28 17:30:26.352 +01:00 [INF] Request finished HTTP/1.1 GET http://localhost:5082/api/quizapi/quizlist - 200 205 application/json; charset=utf-8 9.8787ms
2025-10-28 17:30:26.437 +01:00 [INF] Request starting HTTP/1.1 GET http://localhost:5082/api/quizapi/quizlist - null null
2025-10-28 17:30:26.445 +01:00 [INF] CORS policy execution successful.
2025-10-28 17:30:26.446 +01:00 [INF] Executing endpoint 'api.Controllers.QuizAPIController.QuizList (api)'
2025-10-28 17:30:26.495 +01:00 [INF] Route matched with {action = "QuizList", controller = "QuizAPI"}. Executing controller action with signature System.Threading.Tasks.Task`1[Microsoft.AspNetCore.Mvc.IActionResult] QuizList() on controller api.Controllers.QuizAPIController (api).
2025-10-28 17:30:26.531 +01:00 [INF] Executing OkObjectResult, writing value of type 'System.Linq.Enumerable+SelectListIterator`2[[api.Models.Quiz, api, Version=1.0.0.0, Culture=neutral, PublicKeyToken=null],[api.DTOs.QuizDto, api, Version=1.0.0.0, Culture=neutral, PublicKeyToken=null]]'.
2025-10-28 17:30:26.531 +01:00 [INF] Executed action api.Controllers.QuizAPIController.QuizList (api) in 35.5214ms
2025-10-28 17:30:26.532 +01:00 [INF] Executed endpoint 'api.Controllers.QuizAPIController.QuizList (api)'
2025-10-28 17:30:26.535 +01:00 [INF] Request finished HTTP/1.1 GET http://localhost:5082/api/quizapi/quizlist - 200 205 application/json; charset=utf-8 97.8155ms
2025-10-28 17:31:29.816 +01:00 [INF] Request starting HTTP/1.1 GET http://localhost:5082/api/quizapi/quizlist - null null
2025-10-28 17:31:29.817 +01:00 [INF] CORS policy execution successful.
2025-10-28 17:31:29.817 +01:00 [INF] Executing endpoint 'api.Controllers.QuizAPIController.QuizList (api)'
2025-10-28 17:31:29.817 +01:00 [INF] Route matched with {action = "QuizList", controller = "QuizAPI"}. Executing controller action with signature System.Threading.Tasks.Task`1[Microsoft.AspNetCore.Mvc.IActionResult] QuizList() on controller api.Controllers.QuizAPIController (api).
2025-10-28 17:31:29.825 +01:00 [INF] Executing OkObjectResult, writing value of type 'System.Linq.Enumerable+SelectListIterator`2[[api.Models.Quiz, api, Version=1.0.0.0, Culture=neutral, PublicKeyToken=null],[api.DTOs.QuizDto, api, Version=1.0.0.0, Culture=neutral, PublicKeyToken=null]]'.
2025-10-28 17:31:29.826 +01:00 [INF] Executed action api.Controllers.QuizAPIController.QuizList (api) in 9.2097ms
2025-10-28 17:31:29.826 +01:00 [INF] Executed endpoint 'api.Controllers.QuizAPIController.QuizList (api)'
2025-10-28 17:31:29.827 +01:00 [INF] Request finished HTTP/1.1 GET http://localhost:5082/api/quizapi/quizlist - 200 205 application/json; charset=utf-8 10.744ms
2025-10-28 17:31:29.865 +01:00 [INF] Request starting HTTP/1.1 GET http://localhost:5082/api/quizapi/quizlist - null null
2025-10-28 17:31:29.866 +01:00 [INF] CORS policy execution successful.
2025-10-28 17:31:29.866 +01:00 [INF] Executing endpoint 'api.Controllers.QuizAPIController.QuizList (api)'
2025-10-28 17:31:29.866 +01:00 [INF] Route matched with {action = "QuizList", controller = "QuizAPI"}. Executing controller action with signature System.Threading.Tasks.Task`1[Microsoft.AspNetCore.Mvc.IActionResult] QuizList() on controller api.Controllers.QuizAPIController (api).
2025-10-28 17:31:29.881 +01:00 [INF] Executing OkObjectResult, writing value of type 'System.Linq.Enumerable+SelectListIterator`2[[api.Models.Quiz, api, Version=1.0.0.0, Culture=neutral, PublicKeyToken=null],[api.DTOs.QuizDto, api, Version=1.0.0.0, Culture=neutral, PublicKeyToken=null]]'.
2025-10-28 17:31:29.882 +01:00 [INF] Executed action api.Controllers.QuizAPIController.QuizList (api) in 15.5623ms
2025-10-28 17:31:29.882 +01:00 [INF] Executed endpoint 'api.Controllers.QuizAPIController.QuizList (api)'
2025-10-28 17:31:29.882 +01:00 [INF] Request finished HTTP/1.1 GET http://localhost:5082/api/quizapi/quizlist - 200 205 application/json; charset=utf-8 17.1542ms
2025-10-28 17:31:43.417 +01:00 [INF] Request starting HTTP/1.1 GET http://localhost:5082/api/quizapi/quizlist - null null
2025-10-28 17:31:43.418 +01:00 [INF] CORS policy execution successful.
2025-10-28 17:31:43.418 +01:00 [INF] Executing endpoint 'api.Controllers.QuizAPIController.QuizList (api)'
2025-10-28 17:31:43.418 +01:00 [INF] Route matched with {action = "QuizList", controller = "QuizAPI"}. Executing controller action with signature System.Threading.Tasks.Task`1[Microsoft.AspNetCore.Mvc.IActionResult] QuizList() on controller api.Controllers.QuizAPIController (api).
2025-10-28 17:31:43.424 +01:00 [INF] Executing OkObjectResult, writing value of type 'System.Linq.Enumerable+SelectListIterator`2[[api.Models.Quiz, api, Version=1.0.0.0, Culture=neutral, PublicKeyToken=null],[api.DTOs.QuizDto, api, Version=1.0.0.0, Culture=neutral, PublicKeyToken=null]]'.
2025-10-28 17:31:43.424 +01:00 [INF] Executed action api.Controllers.QuizAPIController.QuizList (api) in 6.2012ms
2025-10-28 17:31:43.424 +01:00 [INF] Executed endpoint 'api.Controllers.QuizAPIController.QuizList (api)'
2025-10-28 17:31:43.425 +01:00 [INF] Request finished HTTP/1.1 GET http://localhost:5082/api/quizapi/quizlist - 200 205 application/json; charset=utf-8 7.476ms
2025-10-28 17:31:43.520 +01:00 [INF] Request starting HTTP/1.1 GET http://localhost:5082/api/quizapi/quizlist - null null
2025-10-28 17:31:43.520 +01:00 [INF] CORS policy execution successful.
2025-10-28 17:31:43.521 +01:00 [INF] Executing endpoint 'api.Controllers.QuizAPIController.QuizList (api)'
2025-10-28 17:31:43.521 +01:00 [INF] Route matched with {action = "QuizList", controller = "QuizAPI"}. Executing controller action with signature System.Threading.Tasks.Task`1[Microsoft.AspNetCore.Mvc.IActionResult] QuizList() on controller api.Controllers.QuizAPIController (api).
2025-10-28 17:31:43.528 +01:00 [INF] Executing OkObjectResult, writing value of type 'System.Linq.Enumerable+SelectListIterator`2[[api.Models.Quiz, api, Version=1.0.0.0, Culture=neutral, PublicKeyToken=null],[api.DTOs.QuizDto, api, Version=1.0.0.0, Culture=neutral, PublicKeyToken=null]]'.
2025-10-28 17:31:43.530 +01:00 [INF] Executed action api.Controllers.QuizAPIController.QuizList (api) in 7.997ms
2025-10-28 17:31:43.530 +01:00 [INF] Executed endpoint 'api.Controllers.QuizAPIController.QuizList (api)'
2025-10-28 17:31:43.530 +01:00 [INF] Request finished HTTP/1.1 GET http://localhost:5082/api/quizapi/quizlist - 200 205 application/json; charset=utf-8 10.3044ms
2025-10-28 17:32:57.224 +01:00 [INF] Request starting HTTP/1.1 GET http://localhost:5082/api/quizapi/quizlist - null null
2025-10-28 17:32:57.225 +01:00 [INF] CORS policy execution successful.
2025-10-28 17:32:57.225 +01:00 [INF] Executing endpoint 'api.Controllers.QuizAPIController.QuizList (api)'
2025-10-28 17:32:57.225 +01:00 [INF] Route matched with {action = "QuizList", controller = "QuizAPI"}. Executing controller action with signature System.Threading.Tasks.Task`1[Microsoft.AspNetCore.Mvc.IActionResult] QuizList() on controller api.Controllers.QuizAPIController (api).
2025-10-28 17:32:57.231 +01:00 [INF] Executing OkObjectResult, writing value of type 'System.Linq.Enumerable+SelectListIterator`2[[api.Models.Quiz, api, Version=1.0.0.0, Culture=neutral, PublicKeyToken=null],[api.DTOs.QuizDto, api, Version=1.0.0.0, Culture=neutral, PublicKeyToken=null]]'.
2025-10-28 17:32:57.232 +01:00 [INF] Executed action api.Controllers.QuizAPIController.QuizList (api) in 6.1875ms
2025-10-28 17:32:57.232 +01:00 [INF] Executed endpoint 'api.Controllers.QuizAPIController.QuizList (api)'
2025-10-28 17:32:57.232 +01:00 [INF] Request finished HTTP/1.1 GET http://localhost:5082/api/quizapi/quizlist - 200 205 application/json; charset=utf-8 7.9442ms
2025-10-28 17:32:57.522 +01:00 [INF] Request starting HTTP/1.1 GET http://localhost:5082/api/quizapi/quizlist - null null
2025-10-28 17:32:57.523 +01:00 [INF] CORS policy execution successful.
2025-10-28 17:32:57.524 +01:00 [INF] Executing endpoint 'api.Controllers.QuizAPIController.QuizList (api)'
2025-10-28 17:32:57.524 +01:00 [INF] Route matched with {action = "QuizList", controller = "QuizAPI"}. Executing controller action with signature System.Threading.Tasks.Task`1[Microsoft.AspNetCore.Mvc.IActionResult] QuizList() on controller api.Controllers.QuizAPIController (api).
2025-10-28 17:32:57.547 +01:00 [INF] Executing OkObjectResult, writing value of type 'System.Linq.Enumerable+SelectListIterator`2[[api.Models.Quiz, api, Version=1.0.0.0, Culture=neutral, PublicKeyToken=null],[api.DTOs.QuizDto, api, Version=1.0.0.0, Culture=neutral, PublicKeyToken=null]]'.
2025-10-28 17:32:57.549 +01:00 [INF] Executed action api.Controllers.QuizAPIController.QuizList (api) in 23.9475ms
2025-10-28 17:32:57.549 +01:00 [INF] Executed endpoint 'api.Controllers.QuizAPIController.QuizList (api)'
2025-10-28 17:32:57.550 +01:00 [INF] Request finished HTTP/1.1 GET http://localhost:5082/api/quizapi/quizlist - 200 205 application/json; charset=utf-8 28.0997ms
2025-10-28 17:33:12.828 +01:00 [INF] Request starting HTTP/1.1 GET http://localhost:5082/api/quizapi/quizlist - null null
2025-10-28 17:33:12.829 +01:00 [INF] CORS policy execution successful.
2025-10-28 17:33:12.829 +01:00 [INF] Executing endpoint 'api.Controllers.QuizAPIController.QuizList (api)'
2025-10-28 17:33:12.829 +01:00 [INF] Route matched with {action = "QuizList", controller = "QuizAPI"}. Executing controller action with signature System.Threading.Tasks.Task`1[Microsoft.AspNetCore.Mvc.IActionResult] QuizList() on controller api.Controllers.QuizAPIController (api).
2025-10-28 17:33:12.836 +01:00 [INF] Executing OkObjectResult, writing value of type 'System.Linq.Enumerable+SelectListIterator`2[[api.Models.Quiz, api, Version=1.0.0.0, Culture=neutral, PublicKeyToken=null],[api.DTOs.QuizDto, api, Version=1.0.0.0, Culture=neutral, PublicKeyToken=null]]'.
2025-10-28 17:33:12.836 +01:00 [INF] Executed action api.Controllers.QuizAPIController.QuizList (api) in 6.5107ms
2025-10-28 17:33:12.836 +01:00 [INF] Executed endpoint 'api.Controllers.QuizAPIController.QuizList (api)'
2025-10-28 17:33:12.836 +01:00 [INF] Request finished HTTP/1.1 GET http://localhost:5082/api/quizapi/quizlist - 200 205 application/json; charset=utf-8 8.385ms
2025-10-28 17:33:12.917 +01:00 [INF] Request starting HTTP/1.1 GET http://localhost:5082/api/quizapi/quizlist - null null
2025-10-28 17:33:12.917 +01:00 [INF] CORS policy execution successful.
2025-10-28 17:33:12.918 +01:00 [INF] Executing endpoint 'api.Controllers.QuizAPIController.QuizList (api)'
2025-10-28 17:33:12.922 +01:00 [INF] Route matched with {action = "QuizList", controller = "QuizAPI"}. Executing controller action with signature System.Threading.Tasks.Task`1[Microsoft.AspNetCore.Mvc.IActionResult] QuizList() on controller api.Controllers.QuizAPIController (api).
2025-10-28 17:33:12.934 +01:00 [INF] Executing OkObjectResult, writing value of type 'System.Linq.Enumerable+SelectListIterator`2[[api.Models.Quiz, api, Version=1.0.0.0, Culture=neutral, PublicKeyToken=null],[api.DTOs.QuizDto, api, Version=1.0.0.0, Culture=neutral, PublicKeyToken=null]]'.
2025-10-28 17:33:12.941 +01:00 [INF] Executed action api.Controllers.QuizAPIController.QuizList (api) in 17.778ms
2025-10-28 17:33:12.941 +01:00 [INF] Executed endpoint 'api.Controllers.QuizAPIController.QuizList (api)'
2025-10-28 17:33:12.942 +01:00 [INF] Request finished HTTP/1.1 GET http://localhost:5082/api/quizapi/quizlist - 200 205 application/json; charset=utf-8 24.548ms
2025-10-28 17:33:25.910 +01:00 [INF] Request starting HTTP/1.1 GET http://localhost:5082/api/quizapi/quizlist - null null
2025-10-28 17:33:25.917 +01:00 [INF] CORS policy execution successful.
2025-10-28 17:33:25.917 +01:00 [INF] Executing endpoint 'api.Controllers.QuizAPIController.QuizList (api)'
2025-10-28 17:33:25.917 +01:00 [INF] Route matched with {action = "QuizList", controller = "QuizAPI"}. Executing controller action with signature System.Threading.Tasks.Task`1[Microsoft.AspNetCore.Mvc.IActionResult] QuizList() on controller api.Controllers.QuizAPIController (api).
2025-10-28 17:33:25.923 +01:00 [INF] Executing OkObjectResult, writing value of type 'System.Linq.Enumerable+SelectListIterator`2[[api.Models.Quiz, api, Version=1.0.0.0, Culture=neutral, PublicKeyToken=null],[api.DTOs.QuizDto, api, Version=1.0.0.0, Culture=neutral, PublicKeyToken=null]]'.
2025-10-28 17:33:25.927 +01:00 [INF] Executed action api.Controllers.QuizAPIController.QuizList (api) in 9.8509ms
2025-10-28 17:33:25.927 +01:00 [INF] Executed endpoint 'api.Controllers.QuizAPIController.QuizList (api)'
2025-10-28 17:33:25.927 +01:00 [INF] Request finished HTTP/1.1 GET http://localhost:5082/api/quizapi/quizlist - 200 205 application/json; charset=utf-8 17.1791ms
2025-10-28 17:33:25.963 +01:00 [INF] Request starting HTTP/1.1 GET http://localhost:5082/api/quizapi/quizlist - null null
2025-10-28 17:33:25.964 +01:00 [INF] CORS policy execution successful.
2025-10-28 17:33:25.964 +01:00 [INF] Executing endpoint 'api.Controllers.QuizAPIController.QuizList (api)'
2025-10-28 17:33:25.964 +01:00 [INF] Route matched with {action = "QuizList", controller = "QuizAPI"}. Executing controller action with signature System.Threading.Tasks.Task`1[Microsoft.AspNetCore.Mvc.IActionResult] QuizList() on controller api.Controllers.QuizAPIController (api).
2025-10-28 17:33:25.980 +01:00 [INF] Executing OkObjectResult, writing value of type 'System.Linq.Enumerable+SelectListIterator`2[[api.Models.Quiz, api, Version=1.0.0.0, Culture=neutral, PublicKeyToken=null],[api.DTOs.QuizDto, api, Version=1.0.0.0, Culture=neutral, PublicKeyToken=null]]'.
2025-10-28 17:33:25.981 +01:00 [INF] Executed action api.Controllers.QuizAPIController.QuizList (api) in 16.0633ms
2025-10-28 17:33:25.981 +01:00 [INF] Executed endpoint 'api.Controllers.QuizAPIController.QuizList (api)'
2025-10-28 17:33:25.981 +01:00 [INF] Request finished HTTP/1.1 GET http://localhost:5082/api/quizapi/quizlist - 200 205 application/json; charset=utf-8 17.7834ms
2025-10-28 17:33:53.920 +01:00 [INF] Request starting HTTP/1.1 GET http://localhost:5082/api/quizapi/quizlist - null null
2025-10-28 17:33:53.925 +01:00 [INF] CORS policy execution successful.
2025-10-28 17:33:53.925 +01:00 [INF] Executing endpoint 'api.Controllers.QuizAPIController.QuizList (api)'
2025-10-28 17:33:53.925 +01:00 [INF] Route matched with {action = "QuizList", controller = "QuizAPI"}. Executing controller action with signature System.Threading.Tasks.Task`1[Microsoft.AspNetCore.Mvc.IActionResult] QuizList() on controller api.Controllers.QuizAPIController (api).
2025-10-28 17:33:53.937 +01:00 [INF] Executing OkObjectResult, writing value of type 'System.Linq.Enumerable+SelectListIterator`2[[api.Models.Quiz, api, Version=1.0.0.0, Culture=neutral, PublicKeyToken=null],[api.DTOs.QuizDto, api, Version=1.0.0.0, Culture=neutral, PublicKeyToken=null]]'.
2025-10-28 17:33:53.938 +01:00 [INF] Executed action api.Controllers.QuizAPIController.QuizList (api) in 12.7202ms
2025-10-28 17:33:53.938 +01:00 [INF] Executed endpoint 'api.Controllers.QuizAPIController.QuizList (api)'
2025-10-28 17:33:53.938 +01:00 [INF] Request finished HTTP/1.1 GET http://localhost:5082/api/quizapi/quizlist - 200 205 application/json; charset=utf-8 18.6509ms
2025-10-28 17:33:53.994 +01:00 [INF] Request starting HTTP/1.1 GET http://localhost:5082/api/quizapi/quizlist - null null
2025-10-28 17:33:53.994 +01:00 [INF] CORS policy execution successful.
2025-10-28 17:33:53.995 +01:00 [INF] Executing endpoint 'api.Controllers.QuizAPIController.QuizList (api)'
2025-10-28 17:33:54.000 +01:00 [INF] Route matched with {action = "QuizList", controller = "QuizAPI"}. Executing controller action with signature System.Threading.Tasks.Task`1[Microsoft.AspNetCore.Mvc.IActionResult] QuizList() on controller api.Controllers.QuizAPIController (api).
2025-10-28 17:33:54.025 +01:00 [INF] Executing OkObjectResult, writing value of type 'System.Linq.Enumerable+SelectListIterator`2[[api.Models.Quiz, api, Version=1.0.0.0, Culture=neutral, PublicKeyToken=null],[api.DTOs.QuizDto, api, Version=1.0.0.0, Culture=neutral, PublicKeyToken=null]]'.
2025-10-28 17:33:54.025 +01:00 [INF] Executed action api.Controllers.QuizAPIController.QuizList (api) in 3.382ms
2025-10-28 17:33:54.025 +01:00 [INF] Executed endpoint 'api.Controllers.QuizAPIController.QuizList (api)'
2025-10-28 17:33:54.025 +01:00 [INF] Request finished HTTP/1.1 GET http://localhost:5082/api/quizapi/quizlist - 200 205 application/json; charset=utf-8 31.8689ms
2025-10-28 17:34:08.391 +01:00 [INF] Request starting HTTP/1.1 GET http://localhost:5082/api/quizapi/quizlist - null null
2025-10-28 17:34:08.391 +01:00 [INF] CORS policy execution successful.
2025-10-28 17:34:08.392 +01:00 [INF] Executing endpoint 'api.Controllers.QuizAPIController.QuizList (api)'
2025-10-28 17:34:08.392 +01:00 [INF] Route matched with {action = "QuizList", controller = "QuizAPI"}. Executing controller action with signature System.Threading.Tasks.Task`1[Microsoft.AspNetCore.Mvc.IActionResult] QuizList() on controller api.Controllers.QuizAPIController (api).
2025-10-28 17:34:08.403 +01:00 [INF] Executing OkObjectResult, writing value of type 'System.Linq.Enumerable+SelectListIterator`2[[api.Models.Quiz, api, Version=1.0.0.0, Culture=neutral, PublicKeyToken=null],[api.DTOs.QuizDto, api, Version=1.0.0.0, Culture=neutral, PublicKeyToken=null]]'.
2025-10-28 17:34:08.403 +01:00 [INF] Executed action api.Controllers.QuizAPIController.QuizList (api) in 11.2047ms
2025-10-28 17:34:08.403 +01:00 [INF] Executed endpoint 'api.Controllers.QuizAPIController.QuizList (api)'
2025-10-28 17:34:08.404 +01:00 [INF] Request finished HTTP/1.1 GET http://localhost:5082/api/quizapi/quizlist - 200 205 application/json; charset=utf-8 12.3906ms
2025-10-28 17:34:08.455 +01:00 [INF] Request starting HTTP/1.1 GET http://localhost:5082/api/quizapi/quizlist - null null
2025-10-28 17:34:08.455 +01:00 [INF] CORS policy execution successful.
2025-10-28 17:34:08.455 +01:00 [INF] Executing endpoint 'api.Controllers.QuizAPIController.QuizList (api)'
2025-10-28 17:34:08.457 +01:00 [INF] Route matched with {action = "QuizList", controller = "QuizAPI"}. Executing controller action with signature System.Threading.Tasks.Task`1[Microsoft.AspNetCore.Mvc.IActionResult] QuizList() on controller api.Controllers.QuizAPIController (api).
2025-10-28 17:34:08.471 +01:00 [INF] Executing OkObjectResult, writing value of type 'System.Linq.Enumerable+SelectListIterator`2[[api.Models.Quiz, api, Version=1.0.0.0, Culture=neutral, PublicKeyToken=null],[api.DTOs.QuizDto, api, Version=1.0.0.0, Culture=neutral, PublicKeyToken=null]]'.
2025-10-28 17:34:08.472 +01:00 [INF] Executed action api.Controllers.QuizAPIController.QuizList (api) in 15.3051ms
2025-10-28 17:34:08.473 +01:00 [INF] Executed endpoint 'api.Controllers.QuizAPIController.QuizList (api)'
2025-10-28 17:34:08.473 +01:00 [INF] Request finished HTTP/1.1 GET http://localhost:5082/api/quizapi/quizlist - 200 205 application/json; charset=utf-8 18.1852ms
2025-10-28 17:34:33.334 +01:00 [INF] Request starting HTTP/1.1 GET http://localhost:5082/api/quizapi/quizlist - null null
2025-10-28 17:34:33.335 +01:00 [INF] CORS policy execution successful.
2025-10-28 17:34:33.335 +01:00 [INF] Executing endpoint 'api.Controllers.QuizAPIController.QuizList (api)'
2025-10-28 17:34:33.335 +01:00 [INF] Route matched with {action = "QuizList", controller = "QuizAPI"}. Executing controller action with signature System.Threading.Tasks.Task`1[Microsoft.AspNetCore.Mvc.IActionResult] QuizList() on controller api.Controllers.QuizAPIController (api).
2025-10-28 17:34:33.338 +01:00 [INF] Executing OkObjectResult, writing value of type 'System.Linq.Enumerable+SelectListIterator`2[[api.Models.Quiz, api, Version=1.0.0.0, Culture=neutral, PublicKeyToken=null],[api.DTOs.QuizDto, api, Version=1.0.0.0, Culture=neutral, PublicKeyToken=null]]'.
2025-10-28 17:34:33.338 +01:00 [INF] Executed action api.Controllers.QuizAPIController.QuizList (api) in 3.3587ms
2025-10-28 17:34:33.338 +01:00 [INF] Executed endpoint 'api.Controllers.QuizAPIController.QuizList (api)'
2025-10-28 17:34:33.338 +01:00 [INF] Request finished HTTP/1.1 GET http://localhost:5082/api/quizapi/quizlist - 200 205 application/json; charset=utf-8 4.0491ms
2025-10-28 17:34:33.381 +01:00 [INF] Request starting HTTP/1.1 GET http://localhost:5082/api/quizapi/quizlist - null null
2025-10-28 17:34:33.381 +01:00 [INF] CORS policy execution successful.
2025-10-28 17:34:33.382 +01:00 [INF] Executing endpoint 'api.Controllers.QuizAPIController.QuizList (api)'
2025-10-28 17:34:33.383 +01:00 [INF] Route matched with {action = "QuizList", controller = "QuizAPI"}. Executing controller action with signature System.Threading.Tasks.Task`1[Microsoft.AspNetCore.Mvc.IActionResult] QuizList() on controller api.Controllers.QuizAPIController (api).
2025-10-28 17:34:33.400 +01:00 [INF] Executing OkObjectResult, writing value of type 'System.Linq.Enumerable+SelectListIterator`2[[api.Models.Quiz, api, Version=1.0.0.0, Culture=neutral, PublicKeyToken=null],[api.DTOs.QuizDto, api, Version=1.0.0.0, Culture=neutral, PublicKeyToken=null]]'.
2025-10-28 17:34:33.400 +01:00 [INF] Executed action api.Controllers.QuizAPIController.QuizList (api) in 16.7891ms
2025-10-28 17:34:33.400 +01:00 [INF] Executed endpoint 'api.Controllers.QuizAPIController.QuizList (api)'
2025-10-28 17:34:33.400 +01:00 [INF] Request finished HTTP/1.1 GET http://localhost:5082/api/quizapi/quizlist - 200 205 application/json; charset=utf-8 19.6259ms
2025-10-28 17:34:48.471 +01:00 [INF] Request starting HTTP/1.1 GET http://localhost:5082/api/quizapi/quizlist - null null
2025-10-28 17:34:48.471 +01:00 [INF] CORS policy execution successful.
2025-10-28 17:34:48.471 +01:00 [INF] Executing endpoint 'api.Controllers.QuizAPIController.QuizList (api)'
2025-10-28 17:34:48.471 +01:00 [INF] Route matched with {action = "QuizList", controller = "QuizAPI"}. Executing controller action with signature System.Threading.Tasks.Task`1[Microsoft.AspNetCore.Mvc.IActionResult] QuizList() on controller api.Controllers.QuizAPIController (api).
2025-10-28 17:34:48.478 +01:00 [INF] Executing OkObjectResult, writing value of type 'System.Linq.Enumerable+SelectListIterator`2[[api.Models.Quiz, api, Version=1.0.0.0, Culture=neutral, PublicKeyToken=null],[api.DTOs.QuizDto, api, Version=1.0.0.0, Culture=neutral, PublicKeyToken=null]]'.
2025-10-28 17:34:48.479 +01:00 [INF] Executed action api.Controllers.QuizAPIController.QuizList (api) in 7.5018ms
2025-10-28 17:34:48.479 +01:00 [INF] Executed endpoint 'api.Controllers.QuizAPIController.QuizList (api)'
2025-10-28 17:34:48.479 +01:00 [INF] Request finished HTTP/1.1 GET http://localhost:5082/api/quizapi/quizlist - 200 205 application/json; charset=utf-8 8.5479ms
2025-10-28 17:34:48.735 +01:00 [INF] Request starting HTTP/1.1 GET http://localhost:5082/api/quizapi/quizlist - null null
2025-10-28 17:34:48.735 +01:00 [INF] CORS policy execution successful.
2025-10-28 17:34:48.735 +01:00 [INF] Executing endpoint 'api.Controllers.QuizAPIController.QuizList (api)'
2025-10-28 17:34:48.736 +01:00 [INF] Route matched with {action = "QuizList", controller = "QuizAPI"}. Executing controller action with signature System.Threading.Tasks.Task`1[Microsoft.AspNetCore.Mvc.IActionResult] QuizList() on controller api.Controllers.QuizAPIController (api).
2025-10-28 17:34:48.740 +01:00 [INF] Executing OkObjectResult, writing value of type 'System.Linq.Enumerable+SelectListIterator`2[[api.Models.Quiz, api, Version=1.0.0.0, Culture=neutral, PublicKeyToken=null],[api.DTOs.QuizDto, api, Version=1.0.0.0, Culture=neutral, PublicKeyToken=null]]'.
2025-10-28 17:34:48.740 +01:00 [INF] Executed action api.Controllers.QuizAPIController.QuizList (api) in 3.7104ms
2025-10-28 17:34:48.740 +01:00 [INF] Executed endpoint 'api.Controllers.QuizAPIController.QuizList (api)'
2025-10-28 17:34:48.740 +01:00 [INF] Request finished HTTP/1.1 GET http://localhost:5082/api/quizapi/quizlist - 200 205 application/json; charset=utf-8 5.578ms
2025-10-28 17:35:43.725 +01:00 [INF] Request starting HTTP/1.1 GET http://localhost:5082/api/quizapi/quizlist - null null
2025-10-28 17:35:43.725 +01:00 [INF] CORS policy execution successful.
2025-10-28 17:35:43.726 +01:00 [INF] Executing endpoint 'api.Controllers.QuizAPIController.QuizList (api)'
2025-10-28 17:35:43.726 +01:00 [INF] Route matched with {action = "QuizList", controller = "QuizAPI"}. Executing controller action with signature System.Threading.Tasks.Task`1[Microsoft.AspNetCore.Mvc.IActionResult] QuizList() on controller api.Controllers.QuizAPIController (api).
2025-10-28 17:35:43.737 +01:00 [INF] Executing OkObjectResult, writing value of type 'System.Linq.Enumerable+SelectListIterator`2[[api.Models.Quiz, api, Version=1.0.0.0, Culture=neutral, PublicKeyToken=null],[api.DTOs.QuizDto, api, Version=1.0.0.0, Culture=neutral, PublicKeyToken=null]]'.
2025-10-28 17:35:43.740 +01:00 [INF] Executed action api.Controllers.QuizAPIController.QuizList (api) in 13.579ms
2025-10-28 17:35:43.740 +01:00 [INF] Executed endpoint 'api.Controllers.QuizAPIController.QuizList (api)'
2025-10-28 17:35:43.740 +01:00 [INF] Request finished HTTP/1.1 GET http://localhost:5082/api/quizapi/quizlist - 200 205 application/json; charset=utf-8 15.3054ms
2025-10-28 17:35:43.843 +01:00 [INF] Request starting HTTP/1.1 GET http://localhost:5082/api/quizapi/quizlist - null null
2025-10-28 17:35:43.843 +01:00 [INF] CORS policy execution successful.
2025-10-28 17:35:43.843 +01:00 [INF] Executing endpoint 'api.Controllers.QuizAPIController.QuizList (api)'
2025-10-28 17:35:43.844 +01:00 [INF] Route matched with {action = "QuizList", controller = "QuizAPI"}. Executing controller action with signature System.Threading.Tasks.Task`1[Microsoft.AspNetCore.Mvc.IActionResult] QuizList() on controller api.Controllers.QuizAPIController (api).
2025-10-28 17:35:43.846 +01:00 [INF] Executing OkObjectResult, writing value of type 'System.Linq.Enumerable+SelectListIterator`2[[api.Models.Quiz, api, Version=1.0.0.0, Culture=neutral, PublicKeyToken=null],[api.DTOs.QuizDto, api, Version=1.0.0.0, Culture=neutral, PublicKeyToken=null]]'.
2025-10-28 17:35:43.846 +01:00 [INF] Executed action api.Controllers.QuizAPIController.QuizList (api) in 2.6451ms
2025-10-28 17:35:43.846 +01:00 [INF] Executed endpoint 'api.Controllers.QuizAPIController.QuizList (api)'
2025-10-28 17:35:43.847 +01:00 [INF] Request finished HTTP/1.1 GET http://localhost:5082/api/quizapi/quizlist - 200 205 application/json; charset=utf-8 3.4255ms
2025-10-30 12:40:09.520 +01:00 [INF] Request starting HTTP/1.1 GET http://localhost:5082/api/quizapi/quizlist - null null
2025-10-30 12:40:09.670 +01:00 [INF] CORS policy execution successful.
2025-10-30 12:40:09.674 +01:00 [INF] Executing endpoint 'api.Controllers.QuizAPIController.QuizList (api)'
2025-10-30 12:40:09.829 +01:00 [INF] Route matched with {action = "QuizList", controller = "QuizAPI"}. Executing controller action with signature System.Threading.Tasks.Task`1[Microsoft.AspNetCore.Mvc.IActionResult] QuizList() on controller api.Controllers.QuizAPIController (api).
2025-10-30 12:40:10.263 +01:00 [INF] Executing OkObjectResult, writing value of type 'System.Linq.Enumerable+SelectListIterator`2[[api.Models.Quiz, api, Version=1.0.0.0, Culture=neutral, PublicKeyToken=null],[api.DTOs.QuizDto, api, Version=1.0.0.0, Culture=neutral, PublicKeyToken=null]]'.
2025-10-30 12:40:10.271 +01:00 [INF] Executed action api.Controllers.QuizAPIController.QuizList (api) in 439.632ms
2025-10-30 12:40:10.272 +01:00 [INF] Executed endpoint 'api.Controllers.QuizAPIController.QuizList (api)'
2025-10-30 12:40:10.273 +01:00 [INF] Request finished HTTP/1.1 GET http://localhost:5082/api/quizapi/quizlist - 200 205 application/json; charset=utf-8 763.066ms
2025-10-30 12:40:10.465 +01:00 [INF] Request starting HTTP/1.1 GET http://localhost:5082/api/quizapi/quizlist - null null
2025-10-30 12:40:10.465 +01:00 [INF] CORS policy execution successful.
2025-10-30 12:40:10.465 +01:00 [INF] Executing endpoint 'api.Controllers.QuizAPIController.QuizList (api)'
2025-10-30 12:40:10.465 +01:00 [INF] Route matched with {action = "QuizList", controller = "QuizAPI"}. Executing controller action with signature System.Threading.Tasks.Task`1[Microsoft.AspNetCore.Mvc.IActionResult] QuizList() on controller api.Controllers.QuizAPIController (api).
2025-10-30 12:40:10.543 +01:00 [INF] Executing OkObjectResult, writing value of type 'System.Linq.Enumerable+SelectListIterator`2[[api.Models.Quiz, api, Version=1.0.0.0, Culture=neutral, PublicKeyToken=null],[api.DTOs.QuizDto, api, Version=1.0.0.0, Culture=neutral, PublicKeyToken=null]]'.
2025-10-30 12:40:10.544 +01:00 [INF] Executed action api.Controllers.QuizAPIController.QuizList (api) in 78.2468ms
2025-10-30 12:40:10.544 +01:00 [INF] Executed endpoint 'api.Controllers.QuizAPIController.QuizList (api)'
2025-10-30 12:40:10.544 +01:00 [INF] Request finished HTTP/1.1 GET http://localhost:5082/api/quizapi/quizlist - 200 205 application/json; charset=utf-8 79.4835ms
