2025-11-10 12:20:56.968 +01:00 [INF] User profile is available. Using 'C:\Users\Aliza Mudassar\AppData\Local\ASP.NET\DataProtection-Keys' as key repository and Windows DPAPI to encrypt keys at rest.
2025-11-10 12:20:57.180 +01:00 [INF] Now listening on: http://localhost:5082
2025-11-10 12:20:57.184 +01:00 [INF] Application started. Press Ctrl+C to shut down.
2025-11-10 12:20:57.184 +01:00 [INF] Hosting environment: Development
2025-11-10 12:20:57.184 +01:00 [INF] Content root path: C:\Users\Aliza Mudassar\OneDrive - OsloMet\webapplikasjoner\EXAMFAM\api
2025-11-10 12:22:14.476 +01:00 [INF] Request starting HTTP/1.1 OPTIONS http://localhost:5082/api/Auth/login - null null
2025-11-10 12:22:14.580 +01:00 [INF] CORS policy execution successful.
2025-11-10 12:22:14.589 +01:00 [INF] Request finished HTTP/1.1 OPTIONS http://localhost:5082/api/Auth/login - 204 null null 118.9123ms
2025-11-10 12:22:14.603 +01:00 [INF] Request starting HTTP/1.1 POST http://localhost:5082/api/Auth/login - application/json 46
2025-11-10 12:22:14.608 +01:00 [INF] CORS policy execution successful.
2025-11-10 12:22:14.688 +01:00 [INF] Executing endpoint 'api.Controllers.AuthController.Login (api)'
2025-11-10 12:22:14.723 +01:00 [INF] Route matched with {action = "Login", controller = "Auth"}. Executing controller action with signature System.Threading.Tasks.Task`1[Microsoft.AspNetCore.Mvc.IActionResult] Login(api.DTOs.LoginDto) on controller api.Controllers.AuthController (api).
2025-11-10 12:22:15.338 +01:00 [INF] [AuthController] JWT token created for ola with roles Teacher
2025-11-10 12:22:15.379 +01:00 [INF] [AuthController] user authorised for ola
2025-11-10 12:22:15.386 +01:00 [INF] Executing OkObjectResult, writing value of type '<>f__AnonymousType1`1[[System.String, System.Private.CoreLib, Version=8.0.0.0, Culture=neutral, PublicKeyToken=7cec85d7bea7798e]]'.
2025-11-10 12:22:15.431 +01:00 [INF] Executed action api.Controllers.AuthController.Login (api) in 703.7697ms
2025-11-10 12:22:15.432 +01:00 [INF] Executed endpoint 'api.Controllers.AuthController.Login (api)'
2025-11-10 12:22:15.448 +01:00 [INF] Request finished HTTP/1.1 POST http://localhost:5082/api/Auth/login - 200 572 application/json; charset=utf-8 843.3382ms
2025-11-10 12:22:22.893 +01:00 [INF] Request starting HTTP/1.1 OPTIONS http://localhost:5082/api/takequizapi/takequizlist - null null
2025-11-10 12:22:22.893 +01:00 [INF] Request starting HTTP/1.1 OPTIONS http://localhost:5082/api/takequizapi/takequizlist - null null
2025-11-10 12:22:22.894 +01:00 [INF] CORS policy execution successful.
2025-11-10 12:22:22.894 +01:00 [INF] CORS policy execution successful.
2025-11-10 12:22:22.895 +01:00 [INF] Request finished HTTP/1.1 OPTIONS http://localhost:5082/api/takequizapi/takequizlist - 204 null null 1.7627ms
2025-11-10 12:22:22.895 +01:00 [INF] Request finished HTTP/1.1 OPTIONS http://localhost:5082/api/takequizapi/takequizlist - 204 null null 2.5282ms
2025-11-10 12:22:22.904 +01:00 [INF] Request starting HTTP/1.1 GET http://localhost:5082/api/takequizapi/takequizlist - application/json null
2025-11-10 12:22:22.918 +01:00 [INF] CORS policy execution successful.
2025-11-10 12:22:23.084 +01:00 [INF] Executing endpoint 'api.Controllers.TakeQuizApiController.GetAllQuizzes (api)'
2025-11-10 12:22:23.091 +01:00 [INF] Route matched with {action = "GetAllQuizzes", controller = "TakeQuizApi"}. Executing controller action with signature System.Threading.Tasks.Task`1[Microsoft.AspNetCore.Mvc.IActionResult] GetAllQuizzes() on controller api.Controllers.TakeQuizApiController (api).
2025-11-10 12:22:23.322 +01:00 [WRN] Compiling a query which loads related collections for more than one collection navigation, either via 'Include' or through projection, but no 'QuerySplittingBehavior' has been configured. By default, Entity Framework will use 'QuerySplittingBehavior.SingleQuery', which can potentially result in slow query performance. See https://go.microsoft.com/fwlink/?linkid=2134277 for more information. To identify the query that's triggering this warning call 'ConfigureWarnings(w => w.Throw(RelationalEventId.MultipleCollectionIncludeWarning))'.
2025-11-10 12:22:23.414 +01:00 [INF] Executing OkObjectResult, writing value of type 'System.Collections.Generic.List`1[[api.DTOs.QuizDto, api, Version=1.0.0.0, Culture=neutral, PublicKeyToken=null]]'.
2025-11-10 12:22:23.435 +01:00 [INF] Executed action api.Controllers.TakeQuizApiController.GetAllQuizzes (api) in 343.8749ms
2025-11-10 12:22:23.435 +01:00 [INF] Executed endpoint 'api.Controllers.TakeQuizApiController.GetAllQuizzes (api)'
2025-11-10 12:22:23.435 +01:00 [INF] Request finished HTTP/1.1 GET http://localhost:5082/api/takequizapi/takequizlist - 200 284 application/json; charset=utf-8 532.0809ms
2025-11-10 12:22:23.441 +01:00 [INF] Request starting HTTP/1.1 GET http://localhost:5082/api/takequizapi/takequizlist - application/json null
2025-11-10 12:22:23.443 +01:00 [INF] CORS policy execution successful.
2025-11-10 12:22:23.448 +01:00 [INF] Executing endpoint 'api.Controllers.TakeQuizApiController.GetAllQuizzes (api)'
2025-11-10 12:22:23.449 +01:00 [INF] Route matched with {action = "GetAllQuizzes", controller = "TakeQuizApi"}. Executing controller action with signature System.Threading.Tasks.Task`1[Microsoft.AspNetCore.Mvc.IActionResult] GetAllQuizzes() on controller api.Controllers.TakeQuizApiController (api).
2025-11-10 12:22:23.460 +01:00 [INF] Executing OkObjectResult, writing value of type 'System.Collections.Generic.List`1[[api.DTOs.QuizDto, api, Version=1.0.0.0, Culture=neutral, PublicKeyToken=null]]'.
2025-11-10 12:22:23.461 +01:00 [INF] Executed action api.Controllers.TakeQuizApiController.GetAllQuizzes (api) in 12.2598ms
2025-11-10 12:22:23.461 +01:00 [INF] Executed endpoint 'api.Controllers.TakeQuizApiController.GetAllQuizzes (api)'
2025-11-10 12:22:23.461 +01:00 [INF] Request finished HTTP/1.1 GET http://localhost:5082/api/takequizapi/takequizlist - 200 284 application/json; charset=utf-8 20.0385ms
2025-11-10 12:22:29.003 +01:00 [INF] Request starting HTTP/1.1 OPTIONS http://localhost:5082/api/takequizapi/attempts/1 - null null
2025-11-10 12:22:29.004 +01:00 [INF] CORS policy execution successful.
2025-11-10 12:22:29.005 +01:00 [INF] Request finished HTTP/1.1 OPTIONS http://localhost:5082/api/takequizapi/attempts/1 - 204 null null 1.2427ms
2025-11-10 12:22:29.010 +01:00 [INF] Request starting HTTP/1.1 OPTIONS http://localhost:5082/api/takequizapi/attempts/1 - null null
2025-11-10 12:22:29.011 +01:00 [INF] CORS policy execution successful.
2025-11-10 12:22:29.011 +01:00 [INF] Request finished HTTP/1.1 OPTIONS http://localhost:5082/api/takequizapi/attempts/1 - 204 null null 0.5983ms
2025-11-10 12:22:29.014 +01:00 [INF] Request starting HTTP/1.1 GET http://localhost:5082/api/takequizapi/attempts/1 - application/json null
2025-11-10 12:22:29.014 +01:00 [INF] CORS policy execution successful.
2025-11-10 12:22:29.020 +01:00 [INF] Executing endpoint 'api.Controllers.TakeQuizApiController.GetAttempts (api)'
2025-11-10 12:22:29.026 +01:00 [INF] Route matched with {action = "GetAttempts", controller = "TakeQuizApi"}. Executing controller action with signature System.Threading.Tasks.Task`1[Microsoft.AspNetCore.Mvc.IActionResult] GetAttempts(Int32) on controller api.Controllers.TakeQuizApiController (api).
2025-11-10 12:22:29.067 +01:00 [WRN] Compiling a query which loads related collections for more than one collection navigation, either via 'Include' or through projection, but no 'QuerySplittingBehavior' has been configured. By default, Entity Framework will use 'QuerySplittingBehavior.SingleQuery', which can potentially result in slow query performance. See https://go.microsoft.com/fwlink/?linkid=2134277 for more information. To identify the query that's triggering this warning call 'ConfigureWarnings(w => w.Throw(RelationalEventId.MultipleCollectionIncludeWarning))'.
2025-11-10 12:22:29.101 +01:00 [INF] Executing OkObjectResult, writing value of type 'System.Collections.Generic.List`1[[api.DTOs.QuizResultDto, api, Version=1.0.0.0, Culture=neutral, PublicKeyToken=null]]'.
2025-11-10 12:22:29.105 +01:00 [INF] Executed action api.Controllers.TakeQuizApiController.GetAttempts (api) in 78.2084ms
2025-11-10 12:22:29.105 +01:00 [INF] Executed endpoint 'api.Controllers.TakeQuizApiController.GetAttempts (api)'
2025-11-10 12:22:29.106 +01:00 [INF] Request finished HTTP/1.1 GET http://localhost:5082/api/takequizapi/attempts/1 - 200 1443 application/json; charset=utf-8 91.894ms
2025-11-10 12:22:29.117 +01:00 [INF] Request starting HTTP/1.1 GET http://localhost:5082/api/takequizapi/attempts/1 - application/json null
2025-11-10 12:22:29.118 +01:00 [INF] CORS policy execution successful.
2025-11-10 12:22:29.122 +01:00 [INF] Executing endpoint 'api.Controllers.TakeQuizApiController.GetAttempts (api)'
2025-11-10 12:22:29.123 +01:00 [INF] Route matched with {action = "GetAttempts", controller = "TakeQuizApi"}. Executing controller action with signature System.Threading.Tasks.Task`1[Microsoft.AspNetCore.Mvc.IActionResult] GetAttempts(Int32) on controller api.Controllers.TakeQuizApiController (api).
2025-11-10 12:22:29.133 +01:00 [INF] Executing OkObjectResult, writing value of type 'System.Collections.Generic.List`1[[api.DTOs.QuizResultDto, api, Version=1.0.0.0, Culture=neutral, PublicKeyToken=null]]'.
2025-11-10 12:22:29.134 +01:00 [INF] Executed action api.Controllers.TakeQuizApiController.GetAttempts (api) in 10.6115ms
2025-11-10 12:22:29.134 +01:00 [INF] Executed endpoint 'api.Controllers.TakeQuizApiController.GetAttempts (api)'
2025-11-10 12:22:29.135 +01:00 [INF] Request finished HTTP/1.1 GET http://localhost:5082/api/takequizapi/attempts/1 - 200 1443 application/json; charset=utf-8 17.1048ms
2025-11-10 12:22:34.110 +01:00 [INF] Request starting HTTP/1.1 OPTIONS http://localhost:5082/api/takequizapi/attempt/43 - null null
2025-11-10 12:22:34.110 +01:00 [INF] CORS policy execution successful.
2025-11-10 12:22:34.110 +01:00 [INF] Request finished HTTP/1.1 OPTIONS http://localhost:5082/api/takequizapi/attempt/43 - 204 null null 0.7317ms
2025-11-10 12:22:34.114 +01:00 [INF] Request starting HTTP/1.1 DELETE http://localhost:5082/api/takequizapi/attempt/43 - application/json null
2025-11-10 12:22:34.114 +01:00 [INF] CORS policy execution successful.
2025-11-10 12:22:34.118 +01:00 [INF] Executing endpoint 'api.Controllers.TakeQuizApiController.DeleteAttempt (api)'
2025-11-10 12:22:34.122 +01:00 [INF] Route matched with {action = "DeleteAttempt", controller = "TakeQuizApi"}. Executing controller action with signature System.Threading.Tasks.Task`1[Microsoft.AspNetCore.Mvc.IActionResult] DeleteAttempt(Int32) on controller api.Controllers.TakeQuizApiController (api).
2025-11-10 12:22:34.274 +01:00 [INF] [QuizRepository] Attempt 43 deleted successfully
2025-11-10 12:22:34.275 +01:00 [INF] Executing OkObjectResult, writing value of type '<>f__AnonymousType4`1[[System.String, System.Private.CoreLib, Version=8.0.0.0, Culture=neutral, PublicKeyToken=7cec85d7bea7798e]]'.
2025-11-10 12:22:34.277 +01:00 [INF] Executed action api.Controllers.TakeQuizApiController.DeleteAttempt (api) in 154.3617ms
2025-11-10 12:22:34.277 +01:00 [INF] Executed endpoint 'api.Controllers.TakeQuizApiController.DeleteAttempt (api)'
2025-11-10 12:22:34.277 +01:00 [INF] Request finished HTTP/1.1 DELETE http://localhost:5082/api/takequizapi/attempt/43 - 200 42 application/json; charset=utf-8 163.0998ms
2025-11-10 12:22:39.108 +01:00 [INF] Request starting HTTP/1.1 GET http://localhost:5082/api/quizapi/quizlist - null null
2025-11-10 12:22:39.109 +01:00 [INF] CORS policy execution successful.
2025-11-10 12:22:39.110 +01:00 [INF] Executing endpoint 'api.Controllers.QuizAPIController.QuizList (api)'
2025-11-10 12:22:39.117 +01:00 [INF] Route matched with {action = "QuizList", controller = "QuizAPI"}. Executing controller action with signature System.Threading.Tasks.Task`1[Microsoft.AspNetCore.Mvc.IActionResult] QuizList() on controller api.Controllers.QuizAPIController (api).
2025-11-10 12:22:39.125 +01:00 [INF] Executing OkObjectResult, writing value of type 'System.Linq.Enumerable+SelectListIterator`2[[api.Models.Quiz, api, Version=1.0.0.0, Culture=neutral, PublicKeyToken=null],[api.DTOs.QuizDto, api, Version=1.0.0.0, Culture=neutral, PublicKeyToken=null]]'.
2025-11-10 12:22:39.127 +01:00 [INF] Executed action api.Controllers.QuizAPIController.QuizList (api) in 9.7169ms
2025-11-10 12:22:39.127 +01:00 [INF] Executed endpoint 'api.Controllers.QuizAPIController.QuizList (api)'
2025-11-10 12:22:39.128 +01:00 [INF] Request finished HTTP/1.1 GET http://localhost:5082/api/quizapi/quizlist - 200 284 application/json; charset=utf-8 19.1632ms
2025-11-10 12:22:39.133 +01:00 [INF] Request starting HTTP/1.1 GET http://localhost:5082/api/quizapi/quizlist - null null
2025-11-10 12:22:39.146 +01:00 [INF] CORS policy execution successful.
2025-11-10 12:22:39.146 +01:00 [INF] Executing endpoint 'api.Controllers.QuizAPIController.QuizList (api)'
2025-11-10 12:22:39.146 +01:00 [INF] Route matched with {action = "QuizList", controller = "QuizAPI"}. Executing controller action with signature System.Threading.Tasks.Task`1[Microsoft.AspNetCore.Mvc.IActionResult] QuizList() on controller api.Controllers.QuizAPIController (api).
2025-11-10 12:22:39.177 +01:00 [INF] Executing OkObjectResult, writing value of type 'System.Linq.Enumerable+SelectListIterator`2[[api.Models.Quiz, api, Version=1.0.0.0, Culture=neutral, PublicKeyToken=null],[api.DTOs.QuizDto, api, Version=1.0.0.0, Culture=neutral, PublicKeyToken=null]]'.
2025-11-10 12:22:39.178 +01:00 [INF] Executed action api.Controllers.QuizAPIController.QuizList (api) in 31.4167ms
2025-11-10 12:22:39.180 +01:00 [INF] Executed endpoint 'api.Controllers.QuizAPIController.QuizList (api)'
2025-11-10 12:22:39.180 +01:00 [INF] Request finished HTTP/1.1 GET http://localhost:5082/api/quizapi/quizlist - 200 284 application/json; charset=utf-8 47.0107ms
2025-11-10 12:23:08.143 +01:00 [INF] Request starting HTTP/1.1 OPTIONS http://localhost:5082/api/Auth/login - null null
2025-11-10 12:23:08.144 +01:00 [INF] CORS policy execution successful.
2025-11-10 12:23:08.144 +01:00 [INF] Request finished HTTP/1.1 OPTIONS http://localhost:5082/api/Auth/login - 204 null null 0.8881ms
2025-11-10 12:23:08.146 +01:00 [INF] Request starting HTTP/1.1 POST http://localhost:5082/api/Auth/login - application/json 46
2025-11-10 12:23:08.147 +01:00 [INF] CORS policy execution successful.
2025-11-10 12:23:08.147 +01:00 [INF] Executing endpoint 'api.Controllers.AuthController.Login (api)'
2025-11-10 12:23:08.147 +01:00 [INF] Route matched with {action = "Login", controller = "Auth"}. Executing controller action with signature System.Threading.Tasks.Task`1[Microsoft.AspNetCore.Mvc.IActionResult] Login(api.DTOs.LoginDto) on controller api.Controllers.AuthController (api).
2025-11-10 12:23:08.288 +01:00 [INF] [AuthController] JWT token created for ida with roles Student
2025-11-10 12:23:08.289 +01:00 [INF] [AuthController] user authorised for ida
2025-11-10 12:23:08.289 +01:00 [INF] Executing OkObjectResult, writing value of type '<>f__AnonymousType1`1[[System.String, System.Private.CoreLib, Version=8.0.0.0, Culture=neutral, PublicKeyToken=7cec85d7bea7798e]]'.
2025-11-10 12:23:08.289 +01:00 [INF] Executed action api.Controllers.AuthController.Login (api) in 141.4622ms
2025-11-10 12:23:08.289 +01:00 [INF] Executed endpoint 'api.Controllers.AuthController.Login (api)'
2025-11-10 12:23:08.289 +01:00 [INF] Request finished HTTP/1.1 POST http://localhost:5082/api/Auth/login - 200 572 application/json; charset=utf-8 143.0155ms
2025-11-10 12:23:10.456 +01:00 [INF] Request starting HTTP/1.1 OPTIONS http://localhost:5082/api/takequizapi/takequizlist - null null
2025-11-10 12:23:10.457 +01:00 [INF] CORS policy execution successful.
2025-11-10 12:23:10.457 +01:00 [INF] Request finished HTTP/1.1 OPTIONS http://localhost:5082/api/takequizapi/takequizlist - 204 null null 0.4729ms
2025-11-10 12:23:10.461 +01:00 [INF] Request starting HTTP/1.1 GET http://localhost:5082/api/takequizapi/takequizlist - application/json null
2025-11-10 12:23:10.461 +01:00 [INF] CORS policy execution successful.
2025-11-10 12:23:10.463 +01:00 [INF] Executing endpoint 'api.Controllers.TakeQuizApiController.GetAllQuizzes (api)'
2025-11-10 12:23:10.463 +01:00 [INF] Route matched with {action = "GetAllQuizzes", controller = "TakeQuizApi"}. Executing controller action with signature System.Threading.Tasks.Task`1[Microsoft.AspNetCore.Mvc.IActionResult] GetAllQuizzes() on controller api.Controllers.TakeQuizApiController (api).
2025-11-10 12:23:10.471 +01:00 [INF] Executing OkObjectResult, writing value of type 'System.Collections.Generic.List`1[[api.DTOs.QuizDto, api, Version=1.0.0.0, Culture=neutral, PublicKeyToken=null]]'.
2025-11-10 12:23:10.472 +01:00 [INF] Executed action api.Controllers.TakeQuizApiController.GetAllQuizzes (api) in 9.1901ms
2025-11-10 12:23:10.472 +01:00 [INF] Executed endpoint 'api.Controllers.TakeQuizApiController.GetAllQuizzes (api)'
2025-11-10 12:23:10.472 +01:00 [INF] Request finished HTTP/1.1 GET http://localhost:5082/api/takequizapi/takequizlist - 200 284 application/json; charset=utf-8 11.6415ms
2025-11-10 12:23:10.477 +01:00 [INF] Request starting HTTP/1.1 GET http://localhost:5082/api/takequizapi/takequizlist - application/json null
2025-11-10 12:23:10.477 +01:00 [INF] CORS policy execution successful.
2025-11-10 12:23:10.478 +01:00 [INF] Executing endpoint 'api.Controllers.TakeQuizApiController.GetAllQuizzes (api)'
2025-11-10 12:23:10.478 +01:00 [INF] Route matched with {action = "GetAllQuizzes", controller = "TakeQuizApi"}. Executing controller action with signature System.Threading.Tasks.Task`1[Microsoft.AspNetCore.Mvc.IActionResult] GetAllQuizzes() on controller api.Controllers.TakeQuizApiController (api).
2025-11-10 12:23:10.481 +01:00 [INF] Executing OkObjectResult, writing value of type 'System.Collections.Generic.List`1[[api.DTOs.QuizDto, api, Version=1.0.0.0, Culture=neutral, PublicKeyToken=null]]'.
2025-11-10 12:23:10.487 +01:00 [INF] Executed action api.Controllers.TakeQuizApiController.GetAllQuizzes (api) in 3.8453ms
2025-11-10 12:23:10.488 +01:00 [INF] Executed endpoint 'api.Controllers.TakeQuizApiController.GetAllQuizzes (api)'
2025-11-10 12:23:10.488 +01:00 [INF] Request finished HTTP/1.1 GET http://localhost:5082/api/takequizapi/takequizlist - 200 284 application/json; charset=utf-8 11.0664ms
2025-11-10 12:23:12.474 +01:00 [INF] Request starting HTTP/1.1 OPTIONS http://localhost:5082/api/takequizapi/attempts/1 - null null
2025-11-10 12:23:12.474 +01:00 [INF] Request starting HTTP/1.1 OPTIONS http://localhost:5082/api/takequizapi/attempts/1 - null null
2025-11-10 12:23:12.474 +01:00 [INF] CORS policy execution successful.
2025-11-10 12:23:12.474 +01:00 [INF] Request finished HTTP/1.1 OPTIONS http://localhost:5082/api/takequizapi/attempts/1 - 204 null null 0.3848ms
2025-11-10 12:23:12.475 +01:00 [INF] CORS policy execution successful.
2025-11-10 12:23:12.476 +01:00 [INF] Request finished HTTP/1.1 OPTIONS http://localhost:5082/api/takequizapi/attempts/1 - 204 null null 1.8633ms
2025-11-10 12:23:12.479 +01:00 [INF] Request starting HTTP/1.1 GET http://localhost:5082/api/takequizapi/attempts/1 - application/json null
2025-11-10 12:23:12.479 +01:00 [INF] CORS policy execution successful.
2025-11-10 12:23:12.480 +01:00 [INF] Executing endpoint 'api.Controllers.TakeQuizApiController.GetAttempts (api)'
2025-11-10 12:23:12.481 +01:00 [INF] Route matched with {action = "GetAttempts", controller = "TakeQuizApi"}. Executing controller action with signature System.Threading.Tasks.Task`1[Microsoft.AspNetCore.Mvc.IActionResult] GetAttempts(Int32) on controller api.Controllers.TakeQuizApiController (api).
2025-11-10 12:23:12.488 +01:00 [INF] Executing OkObjectResult, writing value of type 'System.Collections.Generic.List`1[[api.DTOs.QuizResultDto, api, Version=1.0.0.0, Culture=neutral, PublicKeyToken=null]]'.
2025-11-10 12:23:12.489 +01:00 [INF] Executed action api.Controllers.TakeQuizApiController.GetAttempts (api) in 8.111ms
2025-11-10 12:23:12.489 +01:00 [INF] Executed endpoint 'api.Controllers.TakeQuizApiController.GetAttempts (api)'
2025-11-10 12:23:12.489 +01:00 [INF] Request finished HTTP/1.1 GET http://localhost:5082/api/takequizapi/attempts/1 - 200 1347 application/json; charset=utf-8 10.2578ms
2025-11-10 12:23:12.491 +01:00 [INF] Request starting HTTP/1.1 GET http://localhost:5082/api/takequizapi/attempts/1 - application/json null
2025-11-10 12:23:12.492 +01:00 [INF] CORS policy execution successful.
2025-11-10 12:23:12.492 +01:00 [INF] Executing endpoint 'api.Controllers.TakeQuizApiController.GetAttempts (api)'
2025-11-10 12:23:12.493 +01:00 [INF] Route matched with {action = "GetAttempts", controller = "TakeQuizApi"}. Executing controller action with signature System.Threading.Tasks.Task`1[Microsoft.AspNetCore.Mvc.IActionResult] GetAttempts(Int32) on controller api.Controllers.TakeQuizApiController (api).
2025-11-10 12:23:12.496 +01:00 [INF] Executing OkObjectResult, writing value of type 'System.Collections.Generic.List`1[[api.DTOs.QuizResultDto, api, Version=1.0.0.0, Culture=neutral, PublicKeyToken=null]]'.
2025-11-10 12:23:12.497 +01:00 [INF] Executed action api.Controllers.TakeQuizApiController.GetAttempts (api) in 4.0494ms
2025-11-10 12:23:12.497 +01:00 [INF] Executed endpoint 'api.Controllers.TakeQuizApiController.GetAttempts (api)'
2025-11-10 12:23:12.497 +01:00 [INF] Request finished HTTP/1.1 GET http://localhost:5082/api/takequizapi/attempts/1 - 200 1347 application/json; charset=utf-8 5.5033ms
2025-11-10 12:23:15.570 +01:00 [INF] Request starting HTTP/1.1 OPTIONS http://localhost:5082/api/takequizapi/takequizlist - null null
2025-11-10 12:23:15.570 +01:00 [INF] CORS policy execution successful.
2025-11-10 12:23:15.570 +01:00 [INF] Request starting HTTP/1.1 OPTIONS http://localhost:5082/api/takequizapi/takequizlist - null null
2025-11-10 12:23:15.570 +01:00 [INF] Request finished HTTP/1.1 OPTIONS http://localhost:5082/api/takequizapi/takequizlist - 204 null null 0.6237ms
2025-11-10 12:23:15.570 +01:00 [INF] CORS policy execution successful.
2025-11-10 12:23:15.571 +01:00 [INF] Request finished HTTP/1.1 OPTIONS http://localhost:5082/api/takequizapi/takequizlist - 204 null null 0.5821ms
2025-11-10 12:23:15.573 +01:00 [INF] Request starting HTTP/1.1 GET http://localhost:5082/api/takequizapi/takequizlist - application/json null
2025-11-10 12:23:15.573 +01:00 [INF] CORS policy execution successful.
2025-11-10 12:23:15.574 +01:00 [INF] Executing endpoint 'api.Controllers.TakeQuizApiController.GetAllQuizzes (api)'
2025-11-10 12:23:15.575 +01:00 [INF] Route matched with {action = "GetAllQuizzes", controller = "TakeQuizApi"}. Executing controller action with signature System.Threading.Tasks.Task`1[Microsoft.AspNetCore.Mvc.IActionResult] GetAllQuizzes() on controller api.Controllers.TakeQuizApiController (api).
2025-11-10 12:23:15.583 +01:00 [INF] Executing OkObjectResult, writing value of type 'System.Collections.Generic.List`1[[api.DTOs.QuizDto, api, Version=1.0.0.0, Culture=neutral, PublicKeyToken=null]]'.
2025-11-10 12:23:15.584 +01:00 [INF] Executed action api.Controllers.TakeQuizApiController.GetAllQuizzes (api) in 9.0182ms
2025-11-10 12:23:15.584 +01:00 [INF] Executed endpoint 'api.Controllers.TakeQuizApiController.GetAllQuizzes (api)'
2025-11-10 12:23:15.584 +01:00 [INF] Request finished HTTP/1.1 GET http://localhost:5082/api/takequizapi/takequizlist - 200 284 application/json; charset=utf-8 10.9729ms
2025-11-10 12:23:15.588 +01:00 [INF] Request starting HTTP/1.1 GET http://localhost:5082/api/takequizapi/takequizlist - application/json null
2025-11-10 12:23:15.588 +01:00 [INF] CORS policy execution successful.
2025-11-10 12:23:15.589 +01:00 [INF] Executing endpoint 'api.Controllers.TakeQuizApiController.GetAllQuizzes (api)'
2025-11-10 12:23:15.589 +01:00 [INF] Route matched with {action = "GetAllQuizzes", controller = "TakeQuizApi"}. Executing controller action with signature System.Threading.Tasks.Task`1[Microsoft.AspNetCore.Mvc.IActionResult] GetAllQuizzes() on controller api.Controllers.TakeQuizApiController (api).
2025-11-10 12:23:15.593 +01:00 [INF] Executing OkObjectResult, writing value of type 'System.Collections.Generic.List`1[[api.DTOs.QuizDto, api, Version=1.0.0.0, Culture=neutral, PublicKeyToken=null]]'.
2025-11-10 12:23:15.594 +01:00 [INF] Executed action api.Controllers.TakeQuizApiController.GetAllQuizzes (api) in 5.1492ms
2025-11-10 12:23:15.594 +01:00 [INF] Executed endpoint 'api.Controllers.TakeQuizApiController.GetAllQuizzes (api)'
2025-11-10 12:23:15.595 +01:00 [INF] Request finished HTTP/1.1 GET http://localhost:5082/api/takequizapi/takequizlist - 200 284 application/json; charset=utf-8 6.787ms
2025-11-10 12:23:17.208 +01:00 [INF] Request starting HTTP/1.1 OPTIONS http://localhost:5082/api/takequizapi/1 - null null
2025-11-10 12:23:17.209 +01:00 [INF] CORS policy execution successful.
2025-11-10 12:23:17.209 +01:00 [INF] Request starting HTTP/1.1 OPTIONS http://localhost:5082/api/takequizapi/1 - null null
2025-11-10 12:23:17.209 +01:00 [INF] CORS policy execution successful.
2025-11-10 12:23:17.209 +01:00 [INF] Request finished HTTP/1.1 OPTIONS http://localhost:5082/api/takequizapi/1 - 204 null null 0.4729ms
2025-11-10 12:23:17.209 +01:00 [INF] Request finished HTTP/1.1 OPTIONS http://localhost:5082/api/takequizapi/1 - 204 null null 0.5426ms
2025-11-10 12:23:17.215 +01:00 [INF] Request starting HTTP/1.1 GET http://localhost:5082/api/takequizapi/1 - application/json null
2025-11-10 12:23:17.215 +01:00 [INF] CORS policy execution successful.
2025-11-10 12:23:17.216 +01:00 [INF] Executing endpoint 'api.Controllers.TakeQuizApiController.GetQuiz (api)'
2025-11-10 12:23:17.219 +01:00 [INF] Route matched with {action = "GetQuiz", controller = "TakeQuizApi"}. Executing controller action with signature System.Threading.Tasks.Task`1[Microsoft.AspNetCore.Mvc.IActionResult] GetQuiz(Int32) on controller api.Controllers.TakeQuizApiController (api).
2025-11-10 12:23:17.236 +01:00 [WRN] Compiling a query which loads related collections for more than one collection navigation, either via 'Include' or through projection, but no 'QuerySplittingBehavior' has been configured. By default, Entity Framework will use 'QuerySplittingBehavior.SingleQuery', which can potentially result in slow query performance. See https://go.microsoft.com/fwlink/?linkid=2134277 for more information. To identify the query that's triggering this warning call 'ConfigureWarnings(w => w.Throw(RelationalEventId.MultipleCollectionIncludeWarning))'.
2025-11-10 12:23:17.244 +01:00 [INF] Executing OkObjectResult, writing value of type 'api.DTOs.QuizDto'.
2025-11-10 12:23:17.255 +01:00 [INF] Executed action api.Controllers.TakeQuizApiController.GetQuiz (api) in 35.6715ms
2025-11-10 12:23:17.255 +01:00 [INF] Executed endpoint 'api.Controllers.TakeQuizApiController.GetQuiz (api)'
2025-11-10 12:23:17.255 +01:00 [INF] Request finished HTTP/1.1 GET http://localhost:5082/api/takequizapi/1 - 200 1067 application/json; charset=utf-8 40.3642ms
2025-11-10 12:23:17.257 +01:00 [INF] Request starting HTTP/1.1 GET http://localhost:5082/api/takequizapi/1 - application/json null
2025-11-10 12:23:17.258 +01:00 [INF] CORS policy execution successful.
2025-11-10 12:23:17.259 +01:00 [INF] Executing endpoint 'api.Controllers.TakeQuizApiController.GetQuiz (api)'
2025-11-10 12:23:17.259 +01:00 [INF] Route matched with {action = "GetQuiz", controller = "TakeQuizApi"}. Executing controller action with signature System.Threading.Tasks.Task`1[Microsoft.AspNetCore.Mvc.IActionResult] GetQuiz(Int32) on controller api.Controllers.TakeQuizApiController (api).
2025-11-10 12:23:17.264 +01:00 [INF] Executing OkObjectResult, writing value of type 'api.DTOs.QuizDto'.
2025-11-10 12:23:17.264 +01:00 [INF] Executed action api.Controllers.TakeQuizApiController.GetQuiz (api) in 5.0849ms
2025-11-10 12:23:17.264 +01:00 [INF] Executed endpoint 'api.Controllers.TakeQuizApiController.GetQuiz (api)'
2025-11-10 12:23:17.265 +01:00 [INF] Request finished HTTP/1.1 GET http://localhost:5082/api/takequizapi/1 - 200 1067 application/json; charset=utf-8 7.7832ms
2025-11-10 12:23:20.733 +01:00 [INF] Request starting HTTP/1.1 OPTIONS http://localhost:5082/api/takequizapi/submit - null null
2025-11-10 12:23:20.733 +01:00 [INF] CORS policy execution successful.
2025-11-10 12:23:20.733 +01:00 [INF] Request finished HTTP/1.1 OPTIONS http://localhost:5082/api/takequizapi/submit - 204 null null 0.5663ms
2025-11-10 12:23:20.734 +01:00 [INF] Request starting HTTP/1.1 POST http://localhost:5082/api/takequizapi/submit - application/json 64
2025-11-10 12:23:20.734 +01:00 [INF] CORS policy execution successful.
2025-11-10 12:23:20.734 +01:00 [INF] Executing endpoint 'api.Controllers.TakeQuizApiController.Submit (api)'
2025-11-10 12:23:20.738 +01:00 [INF] Route matched with {action = "Submit", controller = "TakeQuizApi"}. Executing controller action with signature System.Threading.Tasks.Task`1[Microsoft.AspNetCore.Mvc.IActionResult] Submit(api.DTOs.QuizSubmissionDto) on controller api.Controllers.TakeQuizApiController (api).
2025-11-10 12:23:20.755 +01:00 [INF] Executing OkObjectResult, writing value of type '<>f__AnonymousType3`1[[System.Int32, System.Private.CoreLib, Version=8.0.0.0, Culture=neutral, PublicKeyToken=7cec85d7bea7798e]]'.
2025-11-10 12:23:20.758 +01:00 [INF] Executed action api.Controllers.TakeQuizApiController.Submit (api) in 20.0224ms
2025-11-10 12:23:20.759 +01:00 [INF] Executed endpoint 'api.Controllers.TakeQuizApiController.Submit (api)'
2025-11-10 12:23:20.760 +01:00 [INF] Request finished HTTP/1.1 POST http://localhost:5082/api/takequizapi/submit - 200 11 application/json; charset=utf-8 25.6546ms
2025-11-10 12:23:22.517 +01:00 [INF] Request starting HTTP/1.1 OPTIONS http://localhost:5082/api/takequizapi/saveattempt - null null
2025-11-10 12:23:22.518 +01:00 [INF] CORS policy execution successful.
2025-11-10 12:23:22.518 +01:00 [INF] Request finished HTTP/1.1 OPTIONS http://localhost:5082/api/takequizapi/saveattempt - 204 null null 1.0133ms
2025-11-10 12:23:22.520 +01:00 [INF] Request starting HTTP/1.1 POST http://localhost:5082/api/takequizapi/saveattempt - application/json 22
2025-11-10 12:23:22.520 +01:00 [INF] CORS policy execution successful.
2025-11-10 12:23:22.521 +01:00 [INF] Executing endpoint 'api.Controllers.TakeQuizApiController.SaveAttempt (api)'
2025-11-10 12:23:22.528 +01:00 [INF] Route matched with {action = "SaveAttempt", controller = "TakeQuizApi"}. Executing controller action with signature System.Threading.Tasks.Task`1[Microsoft.AspNetCore.Mvc.IActionResult] SaveAttempt(api.DTOs.QuizResultDto) on controller api.Controllers.TakeQuizApiController (api).
2025-11-10 12:23:22.538 +01:00 [INF] Executing UnauthorizedObjectResult, writing value of type 'System.String'.
2025-11-10 12:23:22.540 +01:00 [INF] Executed action api.Controllers.TakeQuizApiController.SaveAttempt (api) in 11.9929ms
2025-11-10 12:23:22.540 +01:00 [INF] Executed endpoint 'api.Controllers.TakeQuizApiController.SaveAttempt (api)'
2025-11-10 12:23:22.540 +01:00 [INF] Request finished HTTP/1.1 POST http://localhost:5082/api/takequizapi/saveattempt - 401 null text/plain; charset=utf-8 20.47ms
