2025-11-06 14:31:17.503 +01:00 [INF] User profile is available. Using 'C:\Users\Admin\AppData\Local\ASP.NET\DataProtection-Keys' as key repository and Windows DPAPI to encrypt keys at rest.
2025-11-06 14:31:17.581 +01:00 [INF] Now listening on: http://localhost:5082
2025-11-06 14:31:17.585 +01:00 [INF] Application started. Press Ctrl+C to shut down.
2025-11-06 14:31:17.586 +01:00 [INF] Hosting environment: Development
2025-11-06 14:31:17.587 +01:00 [INF] Content root path: C:\Users\Admin\OneDrive - OsloMet\FinalExamITPE3200\EXAMFAM\api
2025-11-06 14:31:31.310 +01:00 [INF] Request starting HTTP/1.1 GET http://localhost:5082/api/quizapi/quizlist - null null
2025-11-06 14:31:31.346 +01:00 [INF] CORS policy execution successful.
2025-11-06 14:31:31.541 +01:00 [INF] Executing endpoint 'api.Controllers.QuizAPIController.QuizList (api)'
2025-11-06 14:31:31.571 +01:00 [INF] Route matched with {action = "QuizList", controller = "QuizAPI"}. Executing controller action with signature System.Threading.Tasks.Task`1[Microsoft.AspNetCore.Mvc.IActionResult] QuizList() on controller api.Controllers.QuizAPIController (api).
2025-11-06 14:31:32.403 +01:00 [WRN] Compiling a query which loads related collections for more than one collection navigation, either via 'Include' or through projection, but no 'QuerySplittingBehavior' has been configured. By default, Entity Framework will use 'QuerySplittingBehavior.SingleQuery', which can potentially result in slow query performance. See https://go.microsoft.com/fwlink/?linkid=2134277 for more information. To identify the query that's triggering this warning call 'ConfigureWarnings(w => w.Throw(RelationalEventId.MultipleCollectionIncludeWarning))'.
2025-11-06 14:31:32.566 +01:00 [INF] Executing OkObjectResult, writing value of type 'System.Linq.Enumerable+SelectListIterator`2[[api.Models.Quiz, api, Version=1.0.0.0, Culture=neutral, PublicKeyToken=null],[api.DTOs.QuizDto, api, Version=1.0.0.0, Culture=neutral, PublicKeyToken=null]]'.
2025-11-06 14:31:32.647 +01:00 [INF] Executed action api.Controllers.QuizAPIController.QuizList (api) in 1072.7804ms
2025-11-06 14:31:32.648 +01:00 [INF] Executed endpoint 'api.Controllers.QuizAPIController.QuizList (api)'
2025-11-06 14:31:32.652 +01:00 [INF] Request finished HTTP/1.1 GET http://localhost:5082/api/quizapi/quizlist - 200 284 application/json; charset=utf-8 1344.3172ms
2025-11-06 14:31:32.654 +01:00 [INF] Request starting HTTP/1.1 GET http://localhost:5082/api/quizapi/quizlist - null null
2025-11-06 14:31:32.656 +01:00 [INF] CORS policy execution successful.
2025-11-06 14:31:32.657 +01:00 [INF] Executing endpoint 'api.Controllers.QuizAPIController.QuizList (api)'
2025-11-06 14:31:32.658 +01:00 [INF] Route matched with {action = "QuizList", controller = "QuizAPI"}. Executing controller action with signature System.Threading.Tasks.Task`1[Microsoft.AspNetCore.Mvc.IActionResult] QuizList() on controller api.Controllers.QuizAPIController (api).
2025-11-06 14:31:32.675 +01:00 [INF] Executing OkObjectResult, writing value of type 'System.Linq.Enumerable+SelectListIterator`2[[api.Models.Quiz, api, Version=1.0.0.0, Culture=neutral, PublicKeyToken=null],[api.DTOs.QuizDto, api, Version=1.0.0.0, Culture=neutral, PublicKeyToken=null]]'.
2025-11-06 14:31:32.676 +01:00 [INF] Executed action api.Controllers.QuizAPIController.QuizList (api) in 17.7969ms
2025-11-06 14:31:32.676 +01:00 [INF] Executed endpoint 'api.Controllers.QuizAPIController.QuizList (api)'
2025-11-06 14:31:32.676 +01:00 [INF] Request finished HTTP/1.1 GET http://localhost:5082/api/quizapi/quizlist - 200 284 application/json; charset=utf-8 21.8212ms
2025-11-06 14:31:57.126 +01:00 [INF] Request starting HTTP/1.1 OPTIONS http://localhost:5082/api/Auth/register - null null
2025-11-06 14:31:57.128 +01:00 [INF] CORS policy execution successful.
2025-11-06 14:31:57.129 +01:00 [INF] Request finished HTTP/1.1 OPTIONS http://localhost:5082/api/Auth/register - 204 null null 2.8681ms
2025-11-06 14:31:57.132 +01:00 [INF] Request starting HTTP/1.1 POST http://localhost:5082/api/Auth/register - application/json 69
2025-11-06 14:31:57.133 +01:00 [INF] CORS policy execution successful.
2025-11-06 14:31:57.136 +01:00 [INF] Executing endpoint 'api.Controllers.AuthController.Register (api)'
2025-11-06 14:31:57.145 +01:00 [INF] Route matched with {action = "Register", controller = "Auth"}. Executing controller action with signature System.Threading.Tasks.Task`1[Microsoft.AspNetCore.Mvc.IActionResult] Register(api.DTOs.RegisterDto) on controller api.Controllers.AuthController (api).
2025-11-06 14:31:57.215 +01:00 [WRN] [AuthAPIController] user registration failed for Fanny543210
2025-11-06 14:31:57.216 +01:00 [INF] Executing BadRequestObjectResult, writing value of type 'System.Collections.Generic.List`1[[Microsoft.AspNetCore.Identity.IdentityError, Microsoft.Extensions.Identity.Core, Version=8.0.0.0, Culture=neutral, PublicKeyToken=adb9793829ddae60]]'.
2025-11-06 14:31:57.220 +01:00 [INF] Executed action api.Controllers.AuthController.Register (api) in 75.3836ms
2025-11-06 14:31:57.221 +01:00 [INF] Executed endpoint 'api.Controllers.AuthController.Register (api)'
2025-11-06 14:31:57.222 +01:00 [INF] Request finished HTTP/1.1 POST http://localhost:5082/api/Auth/register - 400 224 application/json; charset=utf-8 89.535ms
2025-11-06 14:33:04.325 +01:00 [INF] Request starting HTTP/1.1 OPTIONS http://localhost:5082/api/Auth/login - null null
2025-11-06 14:33:04.327 +01:00 [INF] CORS policy execution successful.
2025-11-06 14:33:04.327 +01:00 [INF] Request finished HTTP/1.1 OPTIONS http://localhost:5082/api/Auth/login - 204 null null 3.9396ms
2025-11-06 14:33:04.329 +01:00 [INF] Request starting HTTP/1.1 POST http://localhost:5082/api/Auth/login - application/json 52
2025-11-06 14:33:04.329 +01:00 [INF] CORS policy execution successful.
2025-11-06 14:33:04.329 +01:00 [INF] Executing endpoint 'api.Controllers.AuthController.Login (api)'
2025-11-06 14:33:04.333 +01:00 [INF] Route matched with {action = "Login", controller = "Auth"}. Executing controller action with signature System.Threading.Tasks.Task`1[Microsoft.AspNetCore.Mvc.IActionResult] Login(api.DTOs.LoginDto) on controller api.Controllers.AuthController (api).
2025-11-06 14:33:04.569 +01:00 [INF] [AuthAPIController] user authorised for eksempel123
2025-11-06 14:33:04.576 +01:00 [INF] [AuthAPIController] JWT token created for eksempel123
2025-11-06 14:33:04.606 +01:00 [INF] Executing OkObjectResult, writing value of type '<>f__AnonymousType1`1[[System.String, System.Private.CoreLib, Version=8.0.0.0, Culture=neutral, PublicKeyToken=7cec85d7bea7798e]]'.
2025-11-06 14:33:04.611 +01:00 [INF] Executed action api.Controllers.AuthController.Login (api) in 278.2499ms
2025-11-06 14:33:04.611 +01:00 [INF] Executed endpoint 'api.Controllers.AuthController.Login (api)'
2025-11-06 14:33:04.612 +01:00 [INF] Request finished HTTP/1.1 POST http://localhost:5082/api/Auth/login - 200 495 application/json; charset=utf-8 282.7671ms
2025-11-06 14:36:10.700 +01:00 [INF] Application is shutting down...
