2025-11-10 10:20:54.459 +01:00 [INF] User profile is available. Using 'C:\Users\Aliza Mudassar\AppData\Local\ASP.NET\DataProtection-Keys' as key repository and Windows DPAPI to encrypt keys at rest.
2025-11-10 10:20:54.987 +01:00 [INF] Now listening on: http://localhost:5082
2025-11-10 10:20:55.011 +01:00 [INF] Application started. Press Ctrl+C to shut down.
2025-11-10 10:20:55.018 +01:00 [INF] Hosting environment: Development
2025-11-10 10:20:55.019 +01:00 [INF] Content root path: C:\Users\Aliza Mudassar\OneDrive - OsloMet\webapplikasjoner\EXAMFAM\api
2025-11-10 10:21:24.342 +01:00 [INF] Request starting HTTP/1.1 OPTIONS http://localhost:5082/api/takequizapi/takequizlist - null null
2025-11-10 10:21:24.342 +01:00 [INF] Request starting HTTP/1.1 OPTIONS http://localhost:5082/api/takequizapi/takequizlist - null null
2025-11-10 10:21:24.533 +01:00 [INF] CORS policy execution successful.
2025-11-10 10:21:24.546 +01:00 [INF] CORS policy execution successful.
2025-11-10 10:21:24.573 +01:00 [INF] Request finished HTTP/1.1 OPTIONS http://localhost:5082/api/takequizapi/takequizlist - 204 null null 236.1146ms
2025-11-10 10:21:24.573 +01:00 [INF] Request finished HTTP/1.1 OPTIONS http://localhost:5082/api/takequizapi/takequizlist - 204 null null 238.1419ms
2025-11-10 10:21:24.657 +01:00 [INF] Request starting HTTP/1.1 GET http://localhost:5082/api/takequizapi/takequizlist - application/json null
2025-11-10 10:21:24.692 +01:00 [INF] CORS policy execution successful.
2025-11-10 10:21:25.254 +01:00 [INF] Executing endpoint 'api.Controllers.TakeQuizApiController.GetAllQuizzes (api)'
2025-11-10 10:21:25.312 +01:00 [INF] Route matched with {action = "GetAllQuizzes", controller = "TakeQuizApi"}. Executing controller action with signature System.Threading.Tasks.Task`1[Microsoft.AspNetCore.Mvc.IActionResult] GetAllQuizzes() on controller api.Controllers.TakeQuizApiController (api).
2025-11-10 10:21:26.125 +01:00 [WRN] Compiling a query which loads related collections for more than one collection navigation, either via 'Include' or through projection, but no 'QuerySplittingBehavior' has been configured. By default, Entity Framework will use 'QuerySplittingBehavior.SingleQuery', which can potentially result in slow query performance. See https://go.microsoft.com/fwlink/?linkid=2134277 for more information. To identify the query that's triggering this warning call 'ConfigureWarnings(w => w.Throw(RelationalEventId.MultipleCollectionIncludeWarning))'.
2025-11-10 10:21:26.418 +01:00 [INF] Executing OkObjectResult, writing value of type 'System.Collections.Generic.List`1[[api.DTOs.QuizDto, api, Version=1.0.0.0, Culture=neutral, PublicKeyToken=null]]'.
2025-11-10 10:21:26.885 +01:00 [INF] Executed action api.Controllers.TakeQuizApiController.GetAllQuizzes (api) in 1543.9776ms
2025-11-10 10:21:26.886 +01:00 [INF] Executed endpoint 'api.Controllers.TakeQuizApiController.GetAllQuizzes (api)'
2025-11-10 10:21:26.898 +01:00 [INF] Request finished HTTP/1.1 GET http://localhost:5082/api/takequizapi/takequizlist - 200 284 application/json; charset=utf-8 2241.0658ms
2025-11-10 10:21:26.989 +01:00 [INF] Request starting HTTP/1.1 GET http://localhost:5082/api/takequizapi/takequizlist - application/json null
2025-11-10 10:21:26.991 +01:00 [INF] CORS policy execution successful.
2025-11-10 10:21:26.996 +01:00 [INF] Executing endpoint 'api.Controllers.TakeQuizApiController.GetAllQuizzes (api)'
2025-11-10 10:21:27.000 +01:00 [INF] Route matched with {action = "GetAllQuizzes", controller = "TakeQuizApi"}. Executing controller action with signature System.Threading.Tasks.Task`1[Microsoft.AspNetCore.Mvc.IActionResult] GetAllQuizzes() on controller api.Controllers.TakeQuizApiController (api).
2025-11-10 10:21:27.145 +01:00 [INF] Executing OkObjectResult, writing value of type 'System.Collections.Generic.List`1[[api.DTOs.QuizDto, api, Version=1.0.0.0, Culture=neutral, PublicKeyToken=null]]'.
2025-11-10 10:21:27.147 +01:00 [INF] Executed action api.Controllers.TakeQuizApiController.GetAllQuizzes (api) in 138.8798ms
2025-11-10 10:21:27.148 +01:00 [INF] Executed endpoint 'api.Controllers.TakeQuizApiController.GetAllQuizzes (api)'
2025-11-10 10:21:27.150 +01:00 [INF] Request finished HTTP/1.1 GET http://localhost:5082/api/takequizapi/takequizlist - 200 284 application/json; charset=utf-8 160.4703ms
2025-11-10 10:21:29.190 +01:00 [INF] Request starting HTTP/1.1 OPTIONS http://localhost:5082/api/takequizapi/1 - null null
2025-11-10 10:21:29.193 +01:00 [INF] CORS policy execution successful.
2025-11-10 10:21:29.196 +01:00 [INF] Request finished HTTP/1.1 OPTIONS http://localhost:5082/api/takequizapi/1 - 204 null null 5.3495ms
2025-11-10 10:21:29.207 +01:00 [INF] Request starting HTTP/1.1 OPTIONS http://localhost:5082/api/takequizapi/1 - null null
2025-11-10 10:21:29.208 +01:00 [INF] CORS policy execution successful.
2025-11-10 10:21:29.209 +01:00 [INF] Request finished HTTP/1.1 OPTIONS http://localhost:5082/api/takequizapi/1 - 204 null null 10.0373ms
2025-11-10 10:21:29.289 +01:00 [INF] Request starting HTTP/1.1 GET http://localhost:5082/api/takequizapi/1 - application/json null
2025-11-10 10:21:29.292 +01:00 [INF] CORS policy execution successful.
2025-11-10 10:21:29.310 +01:00 [INF] Executing endpoint 'api.Controllers.TakeQuizApiController.GetQuiz (api)'
2025-11-10 10:21:29.349 +01:00 [INF] Route matched with {action = "GetQuiz", controller = "TakeQuizApi"}. Executing controller action with signature System.Threading.Tasks.Task`1[Microsoft.AspNetCore.Mvc.IActionResult] GetQuiz(Int32) on controller api.Controllers.TakeQuizApiController (api).
2025-11-10 10:21:29.461 +01:00 [WRN] Compiling a query which loads related collections for more than one collection navigation, either via 'Include' or through projection, but no 'QuerySplittingBehavior' has been configured. By default, Entity Framework will use 'QuerySplittingBehavior.SingleQuery', which can potentially result in slow query performance. See https://go.microsoft.com/fwlink/?linkid=2134277 for more information. To identify the query that's triggering this warning call 'ConfigureWarnings(w => w.Throw(RelationalEventId.MultipleCollectionIncludeWarning))'.
2025-11-10 10:21:29.531 +01:00 [INF] Executing OkObjectResult, writing value of type 'api.DTOs.QuizDto'.
2025-11-10 10:21:29.560 +01:00 [INF] Executed action api.Controllers.TakeQuizApiController.GetQuiz (api) in 210.5621ms
2025-11-10 10:21:29.563 +01:00 [INF] Executed endpoint 'api.Controllers.TakeQuizApiController.GetQuiz (api)'
2025-11-10 10:21:29.564 +01:00 [INF] Request finished HTTP/1.1 GET http://localhost:5082/api/takequizapi/1 - 200 1067 application/json; charset=utf-8 274.6426ms
2025-11-10 10:21:29.605 +01:00 [INF] Request starting HTTP/1.1 GET http://localhost:5082/api/takequizapi/1 - application/json null
2025-11-10 10:21:29.624 +01:00 [INF] CORS policy execution successful.
2025-11-10 10:21:29.643 +01:00 [INF] Executing endpoint 'api.Controllers.TakeQuizApiController.GetQuiz (api)'
2025-11-10 10:21:29.647 +01:00 [INF] Route matched with {action = "GetQuiz", controller = "TakeQuizApi"}. Executing controller action with signature System.Threading.Tasks.Task`1[Microsoft.AspNetCore.Mvc.IActionResult] GetQuiz(Int32) on controller api.Controllers.TakeQuizApiController (api).
2025-11-10 10:21:29.693 +01:00 [INF] Executing OkObjectResult, writing value of type 'api.DTOs.QuizDto'.
2025-11-10 10:21:29.695 +01:00 [INF] Executed action api.Controllers.TakeQuizApiController.GetQuiz (api) in 46.3063ms
2025-11-10 10:21:29.695 +01:00 [INF] Executed endpoint 'api.Controllers.TakeQuizApiController.GetQuiz (api)'
2025-11-10 10:21:29.696 +01:00 [INF] Request finished HTTP/1.1 GET http://localhost:5082/api/takequizapi/1 - 200 1067 application/json; charset=utf-8 90.6515ms
2025-11-10 10:21:35.149 +01:00 [INF] Request starting HTTP/1.1 OPTIONS http://localhost:5082/api/takequizapi/submit - null null
2025-11-10 10:21:35.152 +01:00 [INF] CORS policy execution successful.
2025-11-10 10:21:35.152 +01:00 [INF] Request finished HTTP/1.1 OPTIONS http://localhost:5082/api/takequizapi/submit - 204 null null 2.7889ms
2025-11-10 10:21:35.165 +01:00 [INF] Request starting HTTP/1.1 POST http://localhost:5082/api/takequizapi/submit - application/json 81
2025-11-10 10:21:35.166 +01:00 [INF] CORS policy execution successful.
2025-11-10 10:21:35.255 +01:00 [INF] Executing endpoint 'api.Controllers.TakeQuizApiController.Submit (api)'
2025-11-10 10:21:35.319 +01:00 [INF] Route matched with {action = "Submit", controller = "TakeQuizApi"}. Executing controller action with signature System.Threading.Tasks.Task`1[Microsoft.AspNetCore.Mvc.IActionResult] Submit(api.DTOs.QuizSubmissionDto) on controller api.Controllers.TakeQuizApiController (api).
2025-11-10 10:21:35.610 +01:00 [INF] Executing OkObjectResult, writing value of type '<>f__AnonymousType3`1[[System.Int32, System.Private.CoreLib, Version=8.0.0.0, Culture=neutral, PublicKeyToken=7cec85d7bea7798e]]'.
2025-11-10 10:21:35.653 +01:00 [INF] Executed action api.Controllers.TakeQuizApiController.Submit (api) in 333.6139ms
2025-11-10 10:21:35.654 +01:00 [INF] Executed endpoint 'api.Controllers.TakeQuizApiController.Submit (api)'
2025-11-10 10:21:35.655 +01:00 [INF] Request finished HTTP/1.1 POST http://localhost:5082/api/takequizapi/submit - 200 11 application/json; charset=utf-8 490.0156ms
2025-11-10 10:21:37.142 +01:00 [INF] Request starting HTTP/1.1 OPTIONS http://localhost:5082/api/takequizapi/saveattempt - null null
2025-11-10 10:21:37.143 +01:00 [INF] CORS policy execution successful.
2025-11-10 10:21:37.146 +01:00 [INF] Request finished HTTP/1.1 OPTIONS http://localhost:5082/api/takequizapi/saveattempt - 204 null null 2.7995ms
2025-11-10 10:21:37.152 +01:00 [INF] Request starting HTTP/1.1 POST http://localhost:5082/api/takequizapi/saveattempt - application/json 39
2025-11-10 10:21:37.152 +01:00 [INF] CORS policy execution successful.
2025-11-10 10:21:37.163 +01:00 [INF] Executing endpoint 'api.Controllers.TakeQuizApiController.SaveAttempt (api)'
2025-11-10 10:21:37.180 +01:00 [INF] Route matched with {action = "SaveAttempt", controller = "TakeQuizApi"}. Executing controller action with signature System.Threading.Tasks.Task`1[Microsoft.AspNetCore.Mvc.IActionResult] SaveAttempt(api.DTOs.QuizResultDto) on controller api.Controllers.TakeQuizApiController (api).
2025-11-10 10:21:37.843 +01:00 [INF] Executing OkObjectResult, writing value of type '<>f__AnonymousType4`1[[System.String, System.Private.CoreLib, Version=8.0.0.0, Culture=neutral, PublicKeyToken=7cec85d7bea7798e]]'.
2025-11-10 10:21:37.847 +01:00 [INF] Executed action api.Controllers.TakeQuizApiController.SaveAttempt (api) in 666.5364ms
2025-11-10 10:21:37.848 +01:00 [INF] Executed endpoint 'api.Controllers.TakeQuizApiController.SaveAttempt (api)'
2025-11-10 10:21:37.848 +01:00 [INF] Request finished HTTP/1.1 POST http://localhost:5082/api/takequizapi/saveattempt - 200 40 application/json; charset=utf-8 696.224ms
2025-11-10 10:21:39.750 +01:00 [INF] Request starting HTTP/1.1 OPTIONS http://localhost:5082/api/takequizapi/takequizlist - null null
2025-11-10 10:21:39.750 +01:00 [INF] Request starting HTTP/1.1 OPTIONS http://localhost:5082/api/takequizapi/takequizlist - null null
2025-11-10 10:21:39.751 +01:00 [INF] CORS policy execution successful.
2025-11-10 10:21:39.751 +01:00 [INF] CORS policy execution successful.
2025-11-10 10:21:39.751 +01:00 [INF] Request finished HTTP/1.1 OPTIONS http://localhost:5082/api/takequizapi/takequizlist - 204 null null 1.1453ms
2025-11-10 10:21:39.751 +01:00 [INF] Request finished HTTP/1.1 OPTIONS http://localhost:5082/api/takequizapi/takequizlist - 204 null null 1.2167ms
2025-11-10 10:21:39.755 +01:00 [INF] Request starting HTTP/1.1 GET http://localhost:5082/api/takequizapi/takequizlist - application/json null
2025-11-10 10:21:39.756 +01:00 [INF] CORS policy execution successful.
2025-11-10 10:21:39.762 +01:00 [INF] Executing endpoint 'api.Controllers.TakeQuizApiController.GetAllQuizzes (api)'
2025-11-10 10:21:39.763 +01:00 [INF] Route matched with {action = "GetAllQuizzes", controller = "TakeQuizApi"}. Executing controller action with signature System.Threading.Tasks.Task`1[Microsoft.AspNetCore.Mvc.IActionResult] GetAllQuizzes() on controller api.Controllers.TakeQuizApiController (api).
2025-11-10 10:21:39.779 +01:00 [INF] Executing OkObjectResult, writing value of type 'System.Collections.Generic.List`1[[api.DTOs.QuizDto, api, Version=1.0.0.0, Culture=neutral, PublicKeyToken=null]]'.
2025-11-10 10:21:39.780 +01:00 [INF] Executed action api.Controllers.TakeQuizApiController.GetAllQuizzes (api) in 16.184ms
2025-11-10 10:21:39.780 +01:00 [INF] Executed endpoint 'api.Controllers.TakeQuizApiController.GetAllQuizzes (api)'
2025-11-10 10:21:39.781 +01:00 [INF] Request finished HTTP/1.1 GET http://localhost:5082/api/takequizapi/takequizlist - 200 284 application/json; charset=utf-8 25.4629ms
2025-11-10 10:21:39.853 +01:00 [INF] Request starting HTTP/1.1 GET http://localhost:5082/api/takequizapi/takequizlist - application/json null
2025-11-10 10:21:39.854 +01:00 [INF] CORS policy execution successful.
2025-11-10 10:21:39.860 +01:00 [INF] Executing endpoint 'api.Controllers.TakeQuizApiController.GetAllQuizzes (api)'
2025-11-10 10:21:39.861 +01:00 [INF] Route matched with {action = "GetAllQuizzes", controller = "TakeQuizApi"}. Executing controller action with signature System.Threading.Tasks.Task`1[Microsoft.AspNetCore.Mvc.IActionResult] GetAllQuizzes() on controller api.Controllers.TakeQuizApiController (api).
2025-11-10 10:21:39.880 +01:00 [INF] Executing OkObjectResult, writing value of type 'System.Collections.Generic.List`1[[api.DTOs.QuizDto, api, Version=1.0.0.0, Culture=neutral, PublicKeyToken=null]]'.
2025-11-10 10:21:39.881 +01:00 [INF] Executed action api.Controllers.TakeQuizApiController.GetAllQuizzes (api) in 20.2257ms
2025-11-10 10:21:39.882 +01:00 [INF] Executed endpoint 'api.Controllers.TakeQuizApiController.GetAllQuizzes (api)'
2025-11-10 10:21:39.882 +01:00 [INF] Request finished HTTP/1.1 GET http://localhost:5082/api/takequizapi/takequizlist - 200 284 application/json; charset=utf-8 28.7184ms
2025-11-10 10:21:41.121 +01:00 [INF] Request starting HTTP/1.1 OPTIONS http://localhost:5082/api/takequizapi/attempts/1 - null null
2025-11-10 10:21:41.122 +01:00 [INF] CORS policy execution successful.
2025-11-10 10:21:41.125 +01:00 [INF] Request finished HTTP/1.1 OPTIONS http://localhost:5082/api/takequizapi/attempts/1 - 204 null null 1.4818ms
2025-11-10 10:21:41.125 +01:00 [INF] Request starting HTTP/1.1 OPTIONS http://localhost:5082/api/takequizapi/attempts/1 - null null
2025-11-10 10:21:41.125 +01:00 [INF] CORS policy execution successful.
2025-11-10 10:21:41.126 +01:00 [INF] Request finished HTTP/1.1 OPTIONS http://localhost:5082/api/takequizapi/attempts/1 - 204 null null 0.5577ms
2025-11-10 10:21:41.134 +01:00 [INF] Request starting HTTP/1.1 GET http://localhost:5082/api/takequizapi/attempts/1 - application/json null
2025-11-10 10:21:41.135 +01:00 [INF] CORS policy execution successful.
2025-11-10 10:21:41.141 +01:00 [INF] Executing endpoint 'api.Controllers.TakeQuizApiController.GetAttempts (api)'
2025-11-10 10:21:41.155 +01:00 [INF] Route matched with {action = "GetAttempts", controller = "TakeQuizApi"}. Executing controller action with signature System.Threading.Tasks.Task`1[Microsoft.AspNetCore.Mvc.IActionResult] GetAttempts(Int32) on controller api.Controllers.TakeQuizApiController (api).
2025-11-10 10:21:41.275 +01:00 [WRN] Compiling a query which loads related collections for more than one collection navigation, either via 'Include' or through projection, but no 'QuerySplittingBehavior' has been configured. By default, Entity Framework will use 'QuerySplittingBehavior.SingleQuery', which can potentially result in slow query performance. See https://go.microsoft.com/fwlink/?linkid=2134277 for more information. To identify the query that's triggering this warning call 'ConfigureWarnings(w => w.Throw(RelationalEventId.MultipleCollectionIncludeWarning))'.
2025-11-10 10:21:41.346 +01:00 [INF] Executing OkObjectResult, writing value of type 'System.Collections.Generic.List`1[[api.DTOs.QuizResultDto, api, Version=1.0.0.0, Culture=neutral, PublicKeyToken=null]]'.
2025-11-10 10:21:41.351 +01:00 [INF] Executed action api.Controllers.TakeQuizApiController.GetAttempts (api) in 194.8205ms
2025-11-10 10:21:41.351 +01:00 [INF] Executed endpoint 'api.Controllers.TakeQuizApiController.GetAttempts (api)'
2025-11-10 10:21:41.352 +01:00 [INF] Request finished HTTP/1.1 GET http://localhost:5082/api/takequizapi/attempts/1 - 200 2 application/json; charset=utf-8 218.0213ms
2025-11-10 10:21:41.366 +01:00 [INF] Request starting HTTP/1.1 GET http://localhost:5082/api/takequizapi/attempts/1 - application/json null
2025-11-10 10:21:41.366 +01:00 [INF] CORS policy execution successful.
2025-11-10 10:21:41.368 +01:00 [INF] Executing endpoint 'api.Controllers.TakeQuizApiController.GetAttempts (api)'
2025-11-10 10:21:41.369 +01:00 [INF] Route matched with {action = "GetAttempts", controller = "TakeQuizApi"}. Executing controller action with signature System.Threading.Tasks.Task`1[Microsoft.AspNetCore.Mvc.IActionResult] GetAttempts(Int32) on controller api.Controllers.TakeQuizApiController (api).
2025-11-10 10:21:41.398 +01:00 [INF] Executing OkObjectResult, writing value of type 'System.Collections.Generic.List`1[[api.DTOs.QuizResultDto, api, Version=1.0.0.0, Culture=neutral, PublicKeyToken=null]]'.
2025-11-10 10:21:41.400 +01:00 [INF] Executed action api.Controllers.TakeQuizApiController.GetAttempts (api) in 31.3403ms
2025-11-10 10:21:41.400 +01:00 [INF] Executed endpoint 'api.Controllers.TakeQuizApiController.GetAttempts (api)'
2025-11-10 10:21:41.401 +01:00 [INF] Request finished HTTP/1.1 GET http://localhost:5082/api/takequizapi/attempts/1 - 200 2 application/json; charset=utf-8 35.5085ms
2025-11-10 10:21:45.021 +01:00 [INF] Request starting HTTP/1.1 OPTIONS http://localhost:5082/api/takequizapi/takequizlist - null null
2025-11-10 10:21:45.022 +01:00 [INF] CORS policy execution successful.
2025-11-10 10:21:45.023 +01:00 [INF] Request finished HTTP/1.1 OPTIONS http://localhost:5082/api/takequizapi/takequizlist - 204 null null 2.0251ms
2025-11-10 10:21:45.028 +01:00 [INF] Request starting HTTP/1.1 OPTIONS http://localhost:5082/api/takequizapi/takequizlist - null null
2025-11-10 10:21:45.029 +01:00 [INF] CORS policy execution successful.
2025-11-10 10:21:45.029 +01:00 [INF] Request finished HTTP/1.1 OPTIONS http://localhost:5082/api/takequizapi/takequizlist - 204 null null 1.5055ms
2025-11-10 10:21:45.033 +01:00 [INF] Request starting HTTP/1.1 GET http://localhost:5082/api/takequizapi/takequizlist - application/json null
2025-11-10 10:21:45.034 +01:00 [INF] CORS policy execution successful.
2025-11-10 10:21:45.035 +01:00 [INF] Executing endpoint 'api.Controllers.TakeQuizApiController.GetAllQuizzes (api)'
2025-11-10 10:21:45.036 +01:00 [INF] Route matched with {action = "GetAllQuizzes", controller = "TakeQuizApi"}. Executing controller action with signature System.Threading.Tasks.Task`1[Microsoft.AspNetCore.Mvc.IActionResult] GetAllQuizzes() on controller api.Controllers.TakeQuizApiController (api).
2025-11-10 10:21:45.046 +01:00 [INF] Executing OkObjectResult, writing value of type 'System.Collections.Generic.List`1[[api.DTOs.QuizDto, api, Version=1.0.0.0, Culture=neutral, PublicKeyToken=null]]'.
2025-11-10 10:21:45.047 +01:00 [INF] Executed action api.Controllers.TakeQuizApiController.GetAllQuizzes (api) in 10.2514ms
2025-11-10 10:21:45.047 +01:00 [INF] Executed endpoint 'api.Controllers.TakeQuizApiController.GetAllQuizzes (api)'
2025-11-10 10:21:45.048 +01:00 [INF] Request finished HTTP/1.1 GET http://localhost:5082/api/takequizapi/takequizlist - 200 284 application/json; charset=utf-8 14.5313ms
2025-11-10 10:21:45.081 +01:00 [INF] Request starting HTTP/1.1 GET http://localhost:5082/api/takequizapi/takequizlist - application/json null
2025-11-10 10:21:45.084 +01:00 [INF] CORS policy execution successful.
2025-11-10 10:21:45.086 +01:00 [INF] Executing endpoint 'api.Controllers.TakeQuizApiController.GetAllQuizzes (api)'
2025-11-10 10:21:45.087 +01:00 [INF] Route matched with {action = "GetAllQuizzes", controller = "TakeQuizApi"}. Executing controller action with signature System.Threading.Tasks.Task`1[Microsoft.AspNetCore.Mvc.IActionResult] GetAllQuizzes() on controller api.Controllers.TakeQuizApiController (api).
2025-11-10 10:21:45.096 +01:00 [INF] Executing OkObjectResult, writing value of type 'System.Collections.Generic.List`1[[api.DTOs.QuizDto, api, Version=1.0.0.0, Culture=neutral, PublicKeyToken=null]]'.
2025-11-10 10:21:45.098 +01:00 [INF] Executed action api.Controllers.TakeQuizApiController.GetAllQuizzes (api) in 9.832ms
2025-11-10 10:21:45.098 +01:00 [INF] Executed endpoint 'api.Controllers.TakeQuizApiController.GetAllQuizzes (api)'
2025-11-10 10:21:45.098 +01:00 [INF] Request finished HTTP/1.1 GET http://localhost:5082/api/takequizapi/takequizlist - 200 284 application/json; charset=utf-8 17.325ms
2025-11-10 10:21:47.488 +01:00 [INF] Request starting HTTP/1.1 OPTIONS http://localhost:5082/api/takequizapi/attempts/2 - null null
2025-11-10 10:21:47.488 +01:00 [INF] CORS policy execution successful.
2025-11-10 10:21:47.489 +01:00 [INF] Request finished HTTP/1.1 OPTIONS http://localhost:5082/api/takequizapi/attempts/2 - 204 null null 0.8511ms
2025-11-10 10:21:47.489 +01:00 [INF] Request starting HTTP/1.1 OPTIONS http://localhost:5082/api/takequizapi/attempts/2 - null null
2025-11-10 10:21:47.490 +01:00 [INF] CORS policy execution successful.
2025-11-10 10:21:47.490 +01:00 [INF] Request finished HTTP/1.1 OPTIONS http://localhost:5082/api/takequizapi/attempts/2 - 204 null null 0.4099ms
2025-11-10 10:21:47.509 +01:00 [INF] Request starting HTTP/1.1 GET http://localhost:5082/api/takequizapi/attempts/2 - application/json null
2025-11-10 10:21:47.509 +01:00 [INF] CORS policy execution successful.
2025-11-10 10:21:47.510 +01:00 [INF] Executing endpoint 'api.Controllers.TakeQuizApiController.GetAttempts (api)'
2025-11-10 10:21:47.511 +01:00 [INF] Route matched with {action = "GetAttempts", controller = "TakeQuizApi"}. Executing controller action with signature System.Threading.Tasks.Task`1[Microsoft.AspNetCore.Mvc.IActionResult] GetAttempts(Int32) on controller api.Controllers.TakeQuizApiController (api).
2025-11-10 10:21:47.523 +01:00 [INF] Executing OkObjectResult, writing value of type 'System.Collections.Generic.List`1[[api.DTOs.QuizResultDto, api, Version=1.0.0.0, Culture=neutral, PublicKeyToken=null]]'.
2025-11-10 10:21:47.524 +01:00 [INF] Executed action api.Controllers.TakeQuizApiController.GetAttempts (api) in 13.1048ms
2025-11-10 10:21:47.524 +01:00 [INF] Executed endpoint 'api.Controllers.TakeQuizApiController.GetAttempts (api)'
2025-11-10 10:21:47.525 +01:00 [INF] Request finished HTTP/1.1 GET http://localhost:5082/api/takequizapi/attempts/2 - 200 2 application/json; charset=utf-8 16.2725ms
2025-11-10 10:21:47.539 +01:00 [INF] Request starting HTTP/1.1 GET http://localhost:5082/api/takequizapi/attempts/2 - application/json null
2025-11-10 10:21:47.540 +01:00 [INF] CORS policy execution successful.
2025-11-10 10:21:47.543 +01:00 [INF] Executing endpoint 'api.Controllers.TakeQuizApiController.GetAttempts (api)'
2025-11-10 10:21:47.544 +01:00 [INF] Route matched with {action = "GetAttempts", controller = "TakeQuizApi"}. Executing controller action with signature System.Threading.Tasks.Task`1[Microsoft.AspNetCore.Mvc.IActionResult] GetAttempts(Int32) on controller api.Controllers.TakeQuizApiController (api).
2025-11-10 10:21:47.559 +01:00 [INF] Executing OkObjectResult, writing value of type 'System.Collections.Generic.List`1[[api.DTOs.QuizResultDto, api, Version=1.0.0.0, Culture=neutral, PublicKeyToken=null]]'.
2025-11-10 10:21:47.560 +01:00 [INF] Executed action api.Controllers.TakeQuizApiController.GetAttempts (api) in 16.0151ms
2025-11-10 10:21:47.560 +01:00 [INF] Executed endpoint 'api.Controllers.TakeQuizApiController.GetAttempts (api)'
2025-11-10 10:21:47.560 +01:00 [INF] Request finished HTTP/1.1 GET http://localhost:5082/api/takequizapi/attempts/2 - 200 2 application/json; charset=utf-8 21.3922ms
2025-11-10 10:21:48.867 +01:00 [INF] Request starting HTTP/1.1 GET http://localhost:5082/api/takequizapi/takequizlist - application/json null
2025-11-10 10:21:48.868 +01:00 [INF] CORS policy execution successful.
2025-11-10 10:21:48.869 +01:00 [INF] Executing endpoint 'api.Controllers.TakeQuizApiController.GetAllQuizzes (api)'
2025-11-10 10:21:48.870 +01:00 [INF] Route matched with {action = "GetAllQuizzes", controller = "TakeQuizApi"}. Executing controller action with signature System.Threading.Tasks.Task`1[Microsoft.AspNetCore.Mvc.IActionResult] GetAllQuizzes() on controller api.Controllers.TakeQuizApiController (api).
2025-11-10 10:21:48.885 +01:00 [INF] Executing OkObjectResult, writing value of type 'System.Collections.Generic.List`1[[api.DTOs.QuizDto, api, Version=1.0.0.0, Culture=neutral, PublicKeyToken=null]]'.
2025-11-10 10:21:48.886 +01:00 [INF] Executed action api.Controllers.TakeQuizApiController.GetAllQuizzes (api) in 15.7316ms
2025-11-10 10:21:48.886 +01:00 [INF] Executed endpoint 'api.Controllers.TakeQuizApiController.GetAllQuizzes (api)'
2025-11-10 10:21:48.886 +01:00 [INF] Request finished HTTP/1.1 GET http://localhost:5082/api/takequizapi/takequizlist - 200 284 application/json; charset=utf-8 22.1923ms
2025-11-10 10:21:48.904 +01:00 [INF] Request starting HTTP/1.1 GET http://localhost:5082/api/takequizapi/takequizlist - application/json null
2025-11-10 10:21:48.905 +01:00 [INF] CORS policy execution successful.
2025-11-10 10:21:48.935 +01:00 [INF] Executing endpoint 'api.Controllers.TakeQuizApiController.GetAllQuizzes (api)'
2025-11-10 10:21:48.935 +01:00 [INF] Route matched with {action = "GetAllQuizzes", controller = "TakeQuizApi"}. Executing controller action with signature System.Threading.Tasks.Task`1[Microsoft.AspNetCore.Mvc.IActionResult] GetAllQuizzes() on controller api.Controllers.TakeQuizApiController (api).
2025-11-10 10:21:48.958 +01:00 [INF] Executing OkObjectResult, writing value of type 'System.Collections.Generic.List`1[[api.DTOs.QuizDto, api, Version=1.0.0.0, Culture=neutral, PublicKeyToken=null]]'.
2025-11-10 10:21:48.959 +01:00 [INF] Executed action api.Controllers.TakeQuizApiController.GetAllQuizzes (api) in 23.7504ms
2025-11-10 10:21:48.960 +01:00 [INF] Executed endpoint 'api.Controllers.TakeQuizApiController.GetAllQuizzes (api)'
2025-11-10 10:21:48.961 +01:00 [INF] Request finished HTTP/1.1 GET http://localhost:5082/api/takequizapi/takequizlist - 200 284 application/json; charset=utf-8 57.3982ms
2025-11-10 10:21:49.788 +01:00 [INF] Request starting HTTP/1.1 OPTIONS http://localhost:5082/api/takequizapi/attempts/3 - null null
2025-11-10 10:21:49.788 +01:00 [INF] Request starting HTTP/1.1 OPTIONS http://localhost:5082/api/takequizapi/attempts/3 - null null
2025-11-10 10:21:49.788 +01:00 [INF] CORS policy execution successful.
2025-11-10 10:21:49.788 +01:00 [INF] CORS policy execution successful.
2025-11-10 10:21:49.789 +01:00 [INF] Request finished HTTP/1.1 OPTIONS http://localhost:5082/api/takequizapi/attempts/3 - 204 null null 0.5194ms
2025-11-10 10:21:49.789 +01:00 [INF] Request finished HTTP/1.1 OPTIONS http://localhost:5082/api/takequizapi/attempts/3 - 204 null null 1.1142ms
2025-11-10 10:21:49.794 +01:00 [INF] Request starting HTTP/1.1 GET http://localhost:5082/api/takequizapi/attempts/3 - application/json null
2025-11-10 10:21:49.794 +01:00 [INF] CORS policy execution successful.
2025-11-10 10:21:49.795 +01:00 [INF] Executing endpoint 'api.Controllers.TakeQuizApiController.GetAttempts (api)'
2025-11-10 10:21:49.796 +01:00 [INF] Route matched with {action = "GetAttempts", controller = "TakeQuizApi"}. Executing controller action with signature System.Threading.Tasks.Task`1[Microsoft.AspNetCore.Mvc.IActionResult] GetAttempts(Int32) on controller api.Controllers.TakeQuizApiController (api).
2025-11-10 10:21:49.806 +01:00 [INF] Executing OkObjectResult, writing value of type 'System.Collections.Generic.List`1[[api.DTOs.QuizResultDto, api, Version=1.0.0.0, Culture=neutral, PublicKeyToken=null]]'.
2025-11-10 10:21:49.806 +01:00 [INF] Executed action api.Controllers.TakeQuizApiController.GetAttempts (api) in 10.2869ms
2025-11-10 10:21:49.806 +01:00 [INF] Executed endpoint 'api.Controllers.TakeQuizApiController.GetAttempts (api)'
2025-11-10 10:21:49.807 +01:00 [INF] Request finished HTTP/1.1 GET http://localhost:5082/api/takequizapi/attempts/3 - 200 2 application/json; charset=utf-8 12.788ms
2025-11-10 10:21:49.817 +01:00 [INF] Request starting HTTP/1.1 GET http://localhost:5082/api/takequizapi/attempts/3 - application/json null
2025-11-10 10:21:49.818 +01:00 [INF] CORS policy execution successful.
2025-11-10 10:21:49.820 +01:00 [INF] Executing endpoint 'api.Controllers.TakeQuizApiController.GetAttempts (api)'
2025-11-10 10:21:49.820 +01:00 [INF] Route matched with {action = "GetAttempts", controller = "TakeQuizApi"}. Executing controller action with signature System.Threading.Tasks.Task`1[Microsoft.AspNetCore.Mvc.IActionResult] GetAttempts(Int32) on controller api.Controllers.TakeQuizApiController (api).
2025-11-10 10:21:49.846 +01:00 [INF] Executing OkObjectResult, writing value of type 'System.Collections.Generic.List`1[[api.DTOs.QuizResultDto, api, Version=1.0.0.0, Culture=neutral, PublicKeyToken=null]]'.
2025-11-10 10:21:49.853 +01:00 [INF] Executed action api.Controllers.TakeQuizApiController.GetAttempts (api) in 30.4034ms
2025-11-10 10:21:49.853 +01:00 [INF] Executed endpoint 'api.Controllers.TakeQuizApiController.GetAttempts (api)'
2025-11-10 10:21:49.855 +01:00 [INF] Request finished HTTP/1.1 GET http://localhost:5082/api/takequizapi/attempts/3 - 200 2 application/json; charset=utf-8 37.9154ms
2025-11-10 10:21:53.847 +01:00 [INF] Request starting HTTP/1.1 OPTIONS http://localhost:5082/api/takequizapi/takequizlist - null null
2025-11-10 10:21:53.847 +01:00 [INF] Request starting HTTP/1.1 OPTIONS http://localhost:5082/api/takequizapi/takequizlist - null null
2025-11-10 10:21:53.848 +01:00 [INF] CORS policy execution successful.
2025-11-10 10:21:53.848 +01:00 [INF] CORS policy execution successful.
2025-11-10 10:21:53.848 +01:00 [INF] Request finished HTTP/1.1 OPTIONS http://localhost:5082/api/takequizapi/takequizlist - 204 null null 0.5715ms
2025-11-10 10:21:53.848 +01:00 [INF] Request finished HTTP/1.1 OPTIONS http://localhost:5082/api/takequizapi/takequizlist - 204 null null 0.6371ms
2025-11-10 10:21:53.854 +01:00 [INF] Request starting HTTP/1.1 GET http://localhost:5082/api/takequizapi/takequizlist - application/json null
2025-11-10 10:21:53.854 +01:00 [INF] CORS policy execution successful.
2025-11-10 10:21:53.855 +01:00 [INF] Executing endpoint 'api.Controllers.TakeQuizApiController.GetAllQuizzes (api)'
2025-11-10 10:21:53.855 +01:00 [INF] Route matched with {action = "GetAllQuizzes", controller = "TakeQuizApi"}. Executing controller action with signature System.Threading.Tasks.Task`1[Microsoft.AspNetCore.Mvc.IActionResult] GetAllQuizzes() on controller api.Controllers.TakeQuizApiController (api).
2025-11-10 10:21:53.884 +01:00 [INF] Executing OkObjectResult, writing value of type 'System.Collections.Generic.List`1[[api.DTOs.QuizDto, api, Version=1.0.0.0, Culture=neutral, PublicKeyToken=null]]'.
2025-11-10 10:21:53.887 +01:00 [INF] Executed action api.Controllers.TakeQuizApiController.GetAllQuizzes (api) in 31.4895ms
2025-11-10 10:21:53.887 +01:00 [INF] Executed endpoint 'api.Controllers.TakeQuizApiController.GetAllQuizzes (api)'
2025-11-10 10:21:53.888 +01:00 [INF] Request finished HTTP/1.1 GET http://localhost:5082/api/takequizapi/takequizlist - 200 284 application/json; charset=utf-8 34.0811ms
2025-11-10 10:21:53.909 +01:00 [INF] Request starting HTTP/1.1 GET http://localhost:5082/api/takequizapi/takequizlist - application/json null
2025-11-10 10:21:53.915 +01:00 [INF] CORS policy execution successful.
2025-11-10 10:21:53.917 +01:00 [INF] Executing endpoint 'api.Controllers.TakeQuizApiController.GetAllQuizzes (api)'
2025-11-10 10:21:53.918 +01:00 [INF] Route matched with {action = "GetAllQuizzes", controller = "TakeQuizApi"}. Executing controller action with signature System.Threading.Tasks.Task`1[Microsoft.AspNetCore.Mvc.IActionResult] GetAllQuizzes() on controller api.Controllers.TakeQuizApiController (api).
2025-11-10 10:21:53.926 +01:00 [INF] Executing OkObjectResult, writing value of type 'System.Collections.Generic.List`1[[api.DTOs.QuizDto, api, Version=1.0.0.0, Culture=neutral, PublicKeyToken=null]]'.
2025-11-10 10:21:53.930 +01:00 [INF] Executed action api.Controllers.TakeQuizApiController.GetAllQuizzes (api) in 11.9554ms
2025-11-10 10:21:53.931 +01:00 [INF] Executed endpoint 'api.Controllers.TakeQuizApiController.GetAllQuizzes (api)'
2025-11-10 10:21:53.931 +01:00 [INF] Request finished HTTP/1.1 GET http://localhost:5082/api/takequizapi/takequizlist - 200 284 application/json; charset=utf-8 21.7272ms
2025-11-10 10:24:38.363 +01:00 [INF] Request starting HTTP/1.1 OPTIONS http://localhost:5082/api/takequizapi/attempts/1 - null null
2025-11-10 10:24:38.365 +01:00 [INF] Request starting HTTP/1.1 OPTIONS http://localhost:5082/api/takequizapi/attempts/1 - null null
2025-11-10 10:24:38.392 +01:00 [INF] CORS policy execution successful.
2025-11-10 10:24:38.393 +01:00 [INF] CORS policy execution successful.
2025-11-10 10:24:38.402 +01:00 [INF] Request finished HTTP/1.1 OPTIONS http://localhost:5082/api/takequizapi/attempts/1 - 204 null null 38.0173ms
2025-11-10 10:24:38.404 +01:00 [INF] Request finished HTTP/1.1 OPTIONS http://localhost:5082/api/takequizapi/attempts/1 - 204 null null 37.4769ms
2025-11-10 10:24:38.415 +01:00 [INF] Request starting HTTP/1.1 GET http://localhost:5082/api/takequizapi/attempts/1 - application/json null
2025-11-10 10:24:38.422 +01:00 [INF] CORS policy execution successful.
2025-11-10 10:24:38.475 +01:00 [INF] Executing endpoint 'api.Controllers.TakeQuizApiController.GetAttempts (api)'
2025-11-10 10:24:38.493 +01:00 [INF] Route matched with {action = "GetAttempts", controller = "TakeQuizApi"}. Executing controller action with signature System.Threading.Tasks.Task`1[Microsoft.AspNetCore.Mvc.IActionResult] GetAttempts(Int32) on controller api.Controllers.TakeQuizApiController (api).
2025-11-10 10:24:38.769 +01:00 [INF] Executing OkObjectResult, writing value of type 'System.Collections.Generic.List`1[[api.DTOs.QuizResultDto, api, Version=1.0.0.0, Culture=neutral, PublicKeyToken=null]]'.
2025-11-10 10:24:38.780 +01:00 [INF] Executed action api.Controllers.TakeQuizApiController.GetAttempts (api) in 285.3286ms
2025-11-10 10:24:38.781 +01:00 [INF] Executed endpoint 'api.Controllers.TakeQuizApiController.GetAttempts (api)'
2025-11-10 10:24:38.783 +01:00 [INF] Request finished HTTP/1.1 GET http://localhost:5082/api/takequizapi/attempts/1 - 200 2 application/json; charset=utf-8 368.1119ms
2025-11-10 10:24:38.805 +01:00 [INF] Request starting HTTP/1.1 GET http://localhost:5082/api/takequizapi/attempts/1 - application/json null
2025-11-10 10:24:38.805 +01:00 [INF] CORS policy execution successful.
2025-11-10 10:24:38.815 +01:00 [INF] Executing endpoint 'api.Controllers.TakeQuizApiController.GetAttempts (api)'
2025-11-10 10:24:38.816 +01:00 [INF] Route matched with {action = "GetAttempts", controller = "TakeQuizApi"}. Executing controller action with signature System.Threading.Tasks.Task`1[Microsoft.AspNetCore.Mvc.IActionResult] GetAttempts(Int32) on controller api.Controllers.TakeQuizApiController (api).
2025-11-10 10:24:38.838 +01:00 [INF] Executing OkObjectResult, writing value of type 'System.Collections.Generic.List`1[[api.DTOs.QuizResultDto, api, Version=1.0.0.0, Culture=neutral, PublicKeyToken=null]]'.
2025-11-10 10:24:38.841 +01:00 [INF] Executed action api.Controllers.TakeQuizApiController.GetAttempts (api) in 23.8849ms
2025-11-10 10:24:38.842 +01:00 [INF] Executed endpoint 'api.Controllers.TakeQuizApiController.GetAttempts (api)'
2025-11-10 10:24:38.842 +01:00 [INF] Request finished HTTP/1.1 GET http://localhost:5082/api/takequizapi/attempts/1 - 200 2 application/json; charset=utf-8 37.8906ms
2025-11-10 10:24:41.146 +01:00 [INF] Request starting HTTP/1.1 OPTIONS http://localhost:5082/api/takequizapi/takequizlist - null null
2025-11-10 10:24:41.147 +01:00 [INF] CORS policy execution successful.
2025-11-10 10:24:41.147 +01:00 [INF] Request starting HTTP/1.1 OPTIONS http://localhost:5082/api/takequizapi/takequizlist - null null
2025-11-10 10:24:41.147 +01:00 [INF] Request finished HTTP/1.1 OPTIONS http://localhost:5082/api/takequizapi/takequizlist - 204 null null 1.2411ms
2025-11-10 10:24:41.149 +01:00 [INF] CORS policy execution successful.
2025-11-10 10:24:41.175 +01:00 [INF] Request starting HTTP/1.1 GET http://localhost:5082/api/takequizapi/takequizlist - application/json null
2025-11-10 10:24:41.177 +01:00 [INF] CORS policy execution successful.
2025-11-10 10:24:41.185 +01:00 [INF] Executing endpoint 'api.Controllers.TakeQuizApiController.GetAllQuizzes (api)'
2025-11-10 10:24:41.186 +01:00 [INF] Route matched with {action = "GetAllQuizzes", controller = "TakeQuizApi"}. Executing controller action with signature System.Threading.Tasks.Task`1[Microsoft.AspNetCore.Mvc.IActionResult] GetAllQuizzes() on controller api.Controllers.TakeQuizApiController (api).
2025-11-10 10:24:41.187 +01:00 [INF] Request finished HTTP/1.1 OPTIONS http://localhost:5082/api/takequizapi/takequizlist - 204 null null 26.9518ms
2025-11-10 10:24:41.223 +01:00 [INF] Executing OkObjectResult, writing value of type 'System.Collections.Generic.List`1[[api.DTOs.QuizDto, api, Version=1.0.0.0, Culture=neutral, PublicKeyToken=null]]'.
2025-11-10 10:24:41.298 +01:00 [INF] Executed action api.Controllers.TakeQuizApiController.GetAllQuizzes (api) in 111.9973ms
2025-11-10 10:24:41.299 +01:00 [INF] Executed endpoint 'api.Controllers.TakeQuizApiController.GetAllQuizzes (api)'
2025-11-10 10:24:41.299 +01:00 [INF] Request finished HTTP/1.1 GET http://localhost:5082/api/takequizapi/takequizlist - 200 284 application/json; charset=utf-8 130.2865ms
2025-11-10 10:24:41.324 +01:00 [INF] Request starting HTTP/1.1 GET http://localhost:5082/api/takequizapi/takequizlist - application/json null
2025-11-10 10:24:41.325 +01:00 [INF] CORS policy execution successful.
2025-11-10 10:24:41.326 +01:00 [INF] Executing endpoint 'api.Controllers.TakeQuizApiController.GetAllQuizzes (api)'
2025-11-10 10:24:41.326 +01:00 [INF] Route matched with {action = "GetAllQuizzes", controller = "TakeQuizApi"}. Executing controller action with signature System.Threading.Tasks.Task`1[Microsoft.AspNetCore.Mvc.IActionResult] GetAllQuizzes() on controller api.Controllers.TakeQuizApiController (api).
2025-11-10 10:24:41.460 +01:00 [INF] Executing OkObjectResult, writing value of type 'System.Collections.Generic.List`1[[api.DTOs.QuizDto, api, Version=1.0.0.0, Culture=neutral, PublicKeyToken=null]]'.
2025-11-10 10:24:41.462 +01:00 [INF] Executed action api.Controllers.TakeQuizApiController.GetAllQuizzes (api) in 134.7181ms
2025-11-10 10:24:41.462 +01:00 [INF] Executed endpoint 'api.Controllers.TakeQuizApiController.GetAllQuizzes (api)'
2025-11-10 10:24:41.462 +01:00 [INF] Request finished HTTP/1.1 GET http://localhost:5082/api/takequizapi/takequizlist - 200 284 application/json; charset=utf-8 137.8512ms
2025-11-10 10:24:43.008 +01:00 [INF] Request starting HTTP/1.1 OPTIONS http://localhost:5082/api/takequizapi/1 - null null
2025-11-10 10:24:43.009 +01:00 [INF] CORS policy execution successful.
2025-11-10 10:24:43.009 +01:00 [INF] Request finished HTTP/1.1 OPTIONS http://localhost:5082/api/takequizapi/1 - 204 null null 0.846ms
2025-11-10 10:24:43.015 +01:00 [INF] Request starting HTTP/1.1 OPTIONS http://localhost:5082/api/takequizapi/1 - null null
2025-11-10 10:24:43.015 +01:00 [INF] CORS policy execution successful.
2025-11-10 10:24:43.016 +01:00 [INF] Request finished HTTP/1.1 OPTIONS http://localhost:5082/api/takequizapi/1 - 204 null null 0.906ms
2025-11-10 10:24:43.035 +01:00 [INF] Request starting HTTP/1.1 GET http://localhost:5082/api/takequizapi/1 - application/json null
2025-11-10 10:24:43.037 +01:00 [INF] CORS policy execution successful.
2025-11-10 10:24:43.046 +01:00 [INF] Executing endpoint 'api.Controllers.TakeQuizApiController.GetQuiz (api)'
2025-11-10 10:24:43.047 +01:00 [INF] Route matched with {action = "GetQuiz", controller = "TakeQuizApi"}. Executing controller action with signature System.Threading.Tasks.Task`1[Microsoft.AspNetCore.Mvc.IActionResult] GetQuiz(Int32) on controller api.Controllers.TakeQuizApiController (api).
2025-11-10 10:24:43.076 +01:00 [INF] Executing OkObjectResult, writing value of type 'api.DTOs.QuizDto'.
2025-11-10 10:24:43.078 +01:00 [INF] Executed action api.Controllers.TakeQuizApiController.GetQuiz (api) in 29.8433ms
2025-11-10 10:24:43.078 +01:00 [INF] Executed endpoint 'api.Controllers.TakeQuizApiController.GetQuiz (api)'
2025-11-10 10:24:43.078 +01:00 [INF] Request finished HTTP/1.1 GET http://localhost:5082/api/takequizapi/1 - 200 1067 application/json; charset=utf-8 44.0418ms
2025-11-10 10:24:43.176 +01:00 [INF] Request starting HTTP/1.1 GET http://localhost:5082/api/takequizapi/1 - application/json null
2025-11-10 10:24:43.201 +01:00 [INF] CORS policy execution successful.
2025-11-10 10:24:43.202 +01:00 [INF] Executing endpoint 'api.Controllers.TakeQuizApiController.GetQuiz (api)'
2025-11-10 10:24:43.203 +01:00 [INF] Route matched with {action = "GetQuiz", controller = "TakeQuizApi"}. Executing controller action with signature System.Threading.Tasks.Task`1[Microsoft.AspNetCore.Mvc.IActionResult] GetQuiz(Int32) on controller api.Controllers.TakeQuizApiController (api).
2025-11-10 10:24:43.207 +01:00 [INF] Executing OkObjectResult, writing value of type 'api.DTOs.QuizDto'.
2025-11-10 10:24:43.209 +01:00 [INF] Executed action api.Controllers.TakeQuizApiController.GetQuiz (api) in 5.8546ms
2025-11-10 10:24:43.209 +01:00 [INF] Executed endpoint 'api.Controllers.TakeQuizApiController.GetQuiz (api)'
2025-11-10 10:24:43.210 +01:00 [INF] Request finished HTTP/1.1 GET http://localhost:5082/api/takequizapi/1 - 200 1067 application/json; charset=utf-8 33.2504ms
2025-11-10 10:24:48.168 +01:00 [INF] Request starting HTTP/1.1 OPTIONS http://localhost:5082/api/takequizapi/submit - null null
2025-11-10 10:24:48.169 +01:00 [INF] CORS policy execution successful.
2025-11-10 10:24:48.169 +01:00 [INF] Request finished HTTP/1.1 OPTIONS http://localhost:5082/api/takequizapi/submit - 204 null null 0.9507ms
2025-11-10 10:24:48.176 +01:00 [INF] Request starting HTTP/1.1 POST http://localhost:5082/api/takequizapi/submit - application/json 81
2025-11-10 10:24:48.176 +01:00 [INF] CORS policy execution successful.
2025-11-10 10:24:48.178 +01:00 [INF] Executing endpoint 'api.Controllers.TakeQuizApiController.Submit (api)'
2025-11-10 10:24:48.179 +01:00 [INF] Route matched with {action = "Submit", controller = "TakeQuizApi"}. Executing controller action with signature System.Threading.Tasks.Task`1[Microsoft.AspNetCore.Mvc.IActionResult] Submit(api.DTOs.QuizSubmissionDto) on controller api.Controllers.TakeQuizApiController (api).
2025-11-10 10:24:48.224 +01:00 [INF] Executing OkObjectResult, writing value of type '<>f__AnonymousType3`1[[System.Int32, System.Private.CoreLib, Version=8.0.0.0, Culture=neutral, PublicKeyToken=7cec85d7bea7798e]]'.
2025-11-10 10:24:48.225 +01:00 [INF] Executed action api.Controllers.TakeQuizApiController.Submit (api) in 45.8049ms
2025-11-10 10:24:48.225 +01:00 [INF] Executed endpoint 'api.Controllers.TakeQuizApiController.Submit (api)'
2025-11-10 10:24:48.225 +01:00 [INF] Request finished HTTP/1.1 POST http://localhost:5082/api/takequizapi/submit - 200 11 application/json; charset=utf-8 49.2669ms
2025-11-10 10:24:55.136 +01:00 [INF] Request starting HTTP/1.1 OPTIONS http://localhost:5082/api/takequizapi/takequizlist - null null
2025-11-10 10:24:55.137 +01:00 [INF] CORS policy execution successful.
2025-11-10 10:24:55.138 +01:00 [INF] Request finished HTTP/1.1 OPTIONS http://localhost:5082/api/takequizapi/takequizlist - 204 null null 2.5885ms
2025-11-10 10:24:55.139 +01:00 [INF] Request starting HTTP/1.1 OPTIONS http://localhost:5082/api/takequizapi/takequizlist - null null
2025-11-10 10:24:55.140 +01:00 [INF] CORS policy execution successful.
2025-11-10 10:24:55.140 +01:00 [INF] Request finished HTTP/1.1 OPTIONS http://localhost:5082/api/takequizapi/takequizlist - 204 null null 1.6186ms
2025-11-10 10:24:55.232 +01:00 [INF] Request starting HTTP/1.1 GET http://localhost:5082/api/takequizapi/takequizlist - application/json null
2025-11-10 10:24:55.234 +01:00 [INF] CORS policy execution successful.
2025-11-10 10:24:55.236 +01:00 [INF] Executing endpoint 'api.Controllers.TakeQuizApiController.GetAllQuizzes (api)'
2025-11-10 10:24:55.237 +01:00 [INF] Route matched with {action = "GetAllQuizzes", controller = "TakeQuizApi"}. Executing controller action with signature System.Threading.Tasks.Task`1[Microsoft.AspNetCore.Mvc.IActionResult] GetAllQuizzes() on controller api.Controllers.TakeQuizApiController (api).
2025-11-10 10:24:55.260 +01:00 [INF] Executing OkObjectResult, writing value of type 'System.Collections.Generic.List`1[[api.DTOs.QuizDto, api, Version=1.0.0.0, Culture=neutral, PublicKeyToken=null]]'.
2025-11-10 10:24:55.262 +01:00 [INF] Executed action api.Controllers.TakeQuizApiController.GetAllQuizzes (api) in 24.7829ms
2025-11-10 10:24:55.263 +01:00 [INF] Executed endpoint 'api.Controllers.TakeQuizApiController.GetAllQuizzes (api)'
2025-11-10 10:24:55.263 +01:00 [INF] Request finished HTTP/1.1 GET http://localhost:5082/api/takequizapi/takequizlist - 200 284 application/json; charset=utf-8 31.6098ms
2025-11-10 10:24:55.468 +01:00 [INF] Request starting HTTP/1.1 GET http://localhost:5082/api/takequizapi/takequizlist - application/json null
2025-11-10 10:24:55.493 +01:00 [INF] CORS policy execution successful.
2025-11-10 10:24:55.617 +01:00 [INF] Executing endpoint 'api.Controllers.TakeQuizApiController.GetAllQuizzes (api)'
2025-11-10 10:24:55.618 +01:00 [INF] Route matched with {action = "GetAllQuizzes", controller = "TakeQuizApi"}. Executing controller action with signature System.Threading.Tasks.Task`1[Microsoft.AspNetCore.Mvc.IActionResult] GetAllQuizzes() on controller api.Controllers.TakeQuizApiController (api).
2025-11-10 10:24:55.630 +01:00 [INF] Executing OkObjectResult, writing value of type 'System.Collections.Generic.List`1[[api.DTOs.QuizDto, api, Version=1.0.0.0, Culture=neutral, PublicKeyToken=null]]'.
2025-11-10 10:24:55.631 +01:00 [INF] Executed action api.Controllers.TakeQuizApiController.GetAllQuizzes (api) in 13.3303ms
2025-11-10 10:24:55.631 +01:00 [INF] Executed endpoint 'api.Controllers.TakeQuizApiController.GetAllQuizzes (api)'
2025-11-10 10:24:55.632 +01:00 [INF] Request finished HTTP/1.1 GET http://localhost:5082/api/takequizapi/takequizlist - 200 284 application/json; charset=utf-8 163.9366ms
2025-11-10 10:24:56.676 +01:00 [INF] Request starting HTTP/1.1 OPTIONS http://localhost:5082/api/takequizapi/attempts/1 - null null
2025-11-10 10:24:56.676 +01:00 [INF] CORS policy execution successful.
2025-11-10 10:24:56.677 +01:00 [INF] Request finished HTTP/1.1 OPTIONS http://localhost:5082/api/takequizapi/attempts/1 - 204 null null 1.3971ms
2025-11-10 10:24:56.726 +01:00 [INF] Request starting HTTP/1.1 GET http://localhost:5082/api/takequizapi/attempts/1 - application/json null
2025-11-10 10:24:56.728 +01:00 [INF] CORS policy execution successful.
2025-11-10 10:24:56.729 +01:00 [INF] Executing endpoint 'api.Controllers.TakeQuizApiController.GetAttempts (api)'
2025-11-10 10:24:56.730 +01:00 [INF] Route matched with {action = "GetAttempts", controller = "TakeQuizApi"}. Executing controller action with signature System.Threading.Tasks.Task`1[Microsoft.AspNetCore.Mvc.IActionResult] GetAttempts(Int32) on controller api.Controllers.TakeQuizApiController (api).
2025-11-10 10:24:56.869 +01:00 [INF] Executing OkObjectResult, writing value of type 'System.Collections.Generic.List`1[[api.DTOs.QuizResultDto, api, Version=1.0.0.0, Culture=neutral, PublicKeyToken=null]]'.
2025-11-10 10:24:56.869 +01:00 [INF] Executed action api.Controllers.TakeQuizApiController.GetAttempts (api) in 139.4874ms
2025-11-10 10:24:56.869 +01:00 [INF] Executed endpoint 'api.Controllers.TakeQuizApiController.GetAttempts (api)'
2025-11-10 10:24:56.870 +01:00 [INF] Request finished HTTP/1.1 GET http://localhost:5082/api/takequizapi/attempts/1 - 200 2 application/json; charset=utf-8 143.5862ms
2025-11-10 10:24:56.920 +01:00 [INF] Request starting HTTP/1.1 GET http://localhost:5082/api/takequizapi/attempts/1 - application/json null
2025-11-10 10:24:56.923 +01:00 [INF] CORS policy execution successful.
2025-11-10 10:24:56.929 +01:00 [INF] Executing endpoint 'api.Controllers.TakeQuizApiController.GetAttempts (api)'
2025-11-10 10:24:56.930 +01:00 [INF] Route matched with {action = "GetAttempts", controller = "TakeQuizApi"}. Executing controller action with signature System.Threading.Tasks.Task`1[Microsoft.AspNetCore.Mvc.IActionResult] GetAttempts(Int32) on controller api.Controllers.TakeQuizApiController (api).
2025-11-10 10:24:57.107 +01:00 [INF] Executing OkObjectResult, writing value of type 'System.Collections.Generic.List`1[[api.DTOs.QuizResultDto, api, Version=1.0.0.0, Culture=neutral, PublicKeyToken=null]]'.
2025-11-10 10:24:57.109 +01:00 [INF] Executed action api.Controllers.TakeQuizApiController.GetAttempts (api) in 179.6031ms
2025-11-10 10:24:57.110 +01:00 [INF] Executed endpoint 'api.Controllers.TakeQuizApiController.GetAttempts (api)'
2025-11-10 10:24:57.110 +01:00 [INF] Request finished HTTP/1.1 GET http://localhost:5082/api/takequizapi/attempts/1 - 200 2 application/json; charset=utf-8 196.6911ms
2025-11-10 10:25:07.647 +01:00 [INF] Application is shutting down...
