2025-10-28 13:13:19.738 +01:00 [INF] Now listening on: http://localhost:5082
2025-10-28 13:13:19.754 +01:00 [INF] Application started. Press Ctrl+C to shut down.
2025-10-28 13:13:19.756 +01:00 [INF] Hosting environment: Development
2025-10-28 13:13:19.756 +01:00 [INF] Content root path: C:\Users\Admin\OneDrive - OsloMet\FinalExamITPE3200\EXAMFAM\api
2025-10-28 13:13:26.256 +01:00 [INF] Request starting HTTP/1.1 GET http://localhost:5082/api/quizapi/quizlist - null null
2025-10-28 13:13:26.315 +01:00 [INF] CORS policy execution successful.
2025-10-28 13:13:26.319 +01:00 [INF] Executing endpoint 'api.Controllers.QuizAPIController.QuizList (api)'
2025-10-28 13:13:26.349 +01:00 [INF] Route matched with {action = "QuizList", controller = "QuizAPI"}. Executing controller action with signature System.Threading.Tasks.Task`1[Microsoft.AspNetCore.Mvc.IActionResult] QuizList() on controller api.Controllers.QuizAPIController (api).
2025-10-28 13:13:27.627 +01:00 [WRN] Compiling a query which loads related collections for more than one collection navigation, either via 'Include' or through projection, but no 'QuerySplittingBehavior' has been configured. By default, Entity Framework will use 'QuerySplittingBehavior.SingleQuery', which can potentially result in slow query performance. See https://go.microsoft.com/fwlink/?linkid=2134277 for more information. To identify the query that's triggering this warning call 'ConfigureWarnings(w => w.Throw(RelationalEventId.MultipleCollectionIncludeWarning))'.
2025-10-28 13:13:27.823 +01:00 [INF] Executing OkObjectResult, writing value of type 'System.Linq.Enumerable+SelectListIterator`2[[api.Models.Quiz, api, Version=1.0.0.0, Culture=neutral, PublicKeyToken=null],[api.DTOs.QuizDto, api, Version=1.0.0.0, Culture=neutral, PublicKeyToken=null]]'.
2025-10-28 13:13:27.918 +01:00 [INF] Executed action api.Controllers.QuizAPIController.QuizList (api) in 1563.9712ms
2025-10-28 13:13:27.920 +01:00 [INF] Executed endpoint 'api.Controllers.QuizAPIController.QuizList (api)'
2025-10-28 13:13:27.928 +01:00 [INF] Request finished HTTP/1.1 GET http://localhost:5082/api/quizapi/quizlist - 200 129 application/json; charset=utf-8 1675.2935ms
2025-10-28 13:13:27.931 +01:00 [INF] Request starting HTTP/1.1 GET http://localhost:5082/api/quizapi/quizlist - null null
2025-10-28 13:13:27.935 +01:00 [INF] CORS policy execution successful.
2025-10-28 13:13:27.935 +01:00 [INF] Executing endpoint 'api.Controllers.QuizAPIController.QuizList (api)'
2025-10-28 13:13:27.935 +01:00 [INF] Route matched with {action = "QuizList", controller = "QuizAPI"}. Executing controller action with signature System.Threading.Tasks.Task`1[Microsoft.AspNetCore.Mvc.IActionResult] QuizList() on controller api.Controllers.QuizAPIController (api).
2025-10-28 13:13:27.970 +01:00 [INF] Executing OkObjectResult, writing value of type 'System.Linq.Enumerable+SelectListIterator`2[[api.Models.Quiz, api, Version=1.0.0.0, Culture=neutral, PublicKeyToken=null],[api.DTOs.QuizDto, api, Version=1.0.0.0, Culture=neutral, PublicKeyToken=null]]'.
2025-10-28 13:13:27.970 +01:00 [INF] Executed action api.Controllers.QuizAPIController.QuizList (api) in 34.8682ms
2025-10-28 13:13:27.971 +01:00 [INF] Executed endpoint 'api.Controllers.QuizAPIController.QuizList (api)'
2025-10-28 13:13:27.972 +01:00 [INF] Request finished HTTP/1.1 GET http://localhost:5082/api/quizapi/quizlist - 200 129 application/json; charset=utf-8 40.3138ms
2025-10-28 13:13:35.153 +01:00 [INF] Request starting HTTP/1.1 GET http://localhost:5082/api/quizapi/quizlist - null null
2025-10-28 13:13:35.157 +01:00 [INF] CORS policy execution successful.
2025-10-28 13:13:35.157 +01:00 [INF] Executing endpoint 'api.Controllers.QuizAPIController.QuizList (api)'
2025-10-28 13:13:35.157 +01:00 [INF] Route matched with {action = "QuizList", controller = "QuizAPI"}. Executing controller action with signature System.Threading.Tasks.Task`1[Microsoft.AspNetCore.Mvc.IActionResult] QuizList() on controller api.Controllers.QuizAPIController (api).
2025-10-28 13:13:35.229 +01:00 [INF] Executing OkObjectResult, writing value of type 'System.Linq.Enumerable+SelectListIterator`2[[api.Models.Quiz, api, Version=1.0.0.0, Culture=neutral, PublicKeyToken=null],[api.DTOs.QuizDto, api, Version=1.0.0.0, Culture=neutral, PublicKeyToken=null]]'.
2025-10-28 13:13:35.230 +01:00 [INF] Executed action api.Controllers.QuizAPIController.QuizList (api) in 72.5965ms
2025-10-28 13:13:35.230 +01:00 [INF] Executed endpoint 'api.Controllers.QuizAPIController.QuizList (api)'
2025-10-28 13:13:35.230 +01:00 [INF] Request finished HTTP/1.1 GET http://localhost:5082/api/quizapi/quizlist - 200 129 application/json; charset=utf-8 77.2586ms
2025-10-28 13:13:35.232 +01:00 [INF] Request starting HTTP/1.1 GET http://localhost:5082/api/quizapi/quizlist - null null
2025-10-28 13:13:35.232 +01:00 [INF] CORS policy execution successful.
2025-10-28 13:13:35.232 +01:00 [INF] Executing endpoint 'api.Controllers.QuizAPIController.QuizList (api)'
2025-10-28 13:13:35.233 +01:00 [INF] Route matched with {action = "QuizList", controller = "QuizAPI"}. Executing controller action with signature System.Threading.Tasks.Task`1[Microsoft.AspNetCore.Mvc.IActionResult] QuizList() on controller api.Controllers.QuizAPIController (api).
2025-10-28 13:13:35.235 +01:00 [INF] Executing OkObjectResult, writing value of type 'System.Linq.Enumerable+SelectListIterator`2[[api.Models.Quiz, api, Version=1.0.0.0, Culture=neutral, PublicKeyToken=null],[api.DTOs.QuizDto, api, Version=1.0.0.0, Culture=neutral, PublicKeyToken=null]]'.
2025-10-28 13:13:35.236 +01:00 [INF] Executed action api.Controllers.QuizAPIController.QuizList (api) in 3.2918ms
2025-10-28 13:13:35.236 +01:00 [INF] Executed endpoint 'api.Controllers.QuizAPIController.QuizList (api)'
2025-10-28 13:13:35.236 +01:00 [INF] Request finished HTTP/1.1 GET http://localhost:5082/api/quizapi/quizlist - 200 129 application/json; charset=utf-8 4.4435ms
2025-10-28 13:17:35.560 +01:00 [INF] Request starting HTTP/1.1 GET http://localhost:5082/api/quizapi/quizlist - null null
2025-10-28 13:17:35.614 +01:00 [INF] CORS policy execution successful.
2025-10-28 13:17:35.618 +01:00 [INF] Executing endpoint 'api.Controllers.QuizAPIController.QuizList (api)'
2025-10-28 13:17:35.629 +01:00 [INF] Route matched with {action = "QuizList", controller = "QuizAPI"}. Executing controller action with signature System.Threading.Tasks.Task`1[Microsoft.AspNetCore.Mvc.IActionResult] QuizList() on controller api.Controllers.QuizAPIController (api).
2025-10-28 13:17:35.763 +01:00 [INF] Executing OkObjectResult, writing value of type 'System.Linq.Enumerable+SelectListIterator`2[[api.Models.Quiz, api, Version=1.0.0.0, Culture=neutral, PublicKeyToken=null],[api.DTOs.QuizDto, api, Version=1.0.0.0, Culture=neutral, PublicKeyToken=null]]'.
2025-10-28 13:17:35.771 +01:00 [INF] Executed action api.Controllers.QuizAPIController.QuizList (api) in 140.408ms
2025-10-28 13:17:35.771 +01:00 [INF] Executed endpoint 'api.Controllers.QuizAPIController.QuizList (api)'
2025-10-28 13:17:35.772 +01:00 [INF] Request finished HTTP/1.1 GET http://localhost:5082/api/quizapi/quizlist - 200 129 application/json; charset=utf-8 222.7111ms
2025-10-28 13:17:35.775 +01:00 [INF] Request starting HTTP/1.1 GET http://localhost:5082/api/quizapi/quizlist - null null
2025-10-28 13:17:35.776 +01:00 [INF] CORS policy execution successful.
2025-10-28 13:17:35.777 +01:00 [INF] Executing endpoint 'api.Controllers.QuizAPIController.QuizList (api)'
2025-10-28 13:17:35.778 +01:00 [INF] Route matched with {action = "QuizList", controller = "QuizAPI"}. Executing controller action with signature System.Threading.Tasks.Task`1[Microsoft.AspNetCore.Mvc.IActionResult] QuizList() on controller api.Controllers.QuizAPIController (api).
2025-10-28 13:17:35.786 +01:00 [INF] Executing OkObjectResult, writing value of type 'System.Linq.Enumerable+SelectListIterator`2[[api.Models.Quiz, api, Version=1.0.0.0, Culture=neutral, PublicKeyToken=null],[api.DTOs.QuizDto, api, Version=1.0.0.0, Culture=neutral, PublicKeyToken=null]]'.
2025-10-28 13:17:35.789 +01:00 [INF] Executed action api.Controllers.QuizAPIController.QuizList (api) in 10.9113ms
2025-10-28 13:17:35.790 +01:00 [INF] Executed endpoint 'api.Controllers.QuizAPIController.QuizList (api)'
2025-10-28 13:17:35.790 +01:00 [INF] Request finished HTTP/1.1 GET http://localhost:5082/api/quizapi/quizlist - 200 129 application/json; charset=utf-8 15.237ms
2025-10-28 13:17:37.085 +01:00 [INF] Request starting HTTP/1.1 GET http://localhost:5082/api/quizapi/3 - null null
2025-10-28 13:17:37.089 +01:00 [INF] CORS policy execution successful.
2025-10-28 13:17:37.092 +01:00 [INF] Executing endpoint 'api.Controllers.QuizAPIController.GetQuiz (api)'
2025-10-28 13:17:37.223 +01:00 [INF] Route matched with {action = "GetQuiz", controller = "QuizAPI"}. Executing controller action with signature System.Threading.Tasks.Task`1[Microsoft.AspNetCore.Mvc.IActionResult] GetQuiz(Int32) on controller api.Controllers.QuizAPIController (api).
2025-10-28 13:17:38.371 +01:00 [WRN] Compiling a query which loads related collections for more than one collection navigation, either via 'Include' or through projection, but no 'QuerySplittingBehavior' has been configured. By default, Entity Framework will use 'QuerySplittingBehavior.SingleQuery', which can potentially result in slow query performance. See https://go.microsoft.com/fwlink/?linkid=2134277 for more information. To identify the query that's triggering this warning call 'ConfigureWarnings(w => w.Throw(RelationalEventId.MultipleCollectionIncludeWarning))'.
2025-10-28 13:17:38.426 +01:00 [INF] Executing OkObjectResult, writing value of type 'api.DTOs.QuizDto'.
2025-10-28 13:17:38.456 +01:00 [INF] Executed action api.Controllers.QuizAPIController.GetQuiz (api) in 1232.6945ms
2025-10-28 13:17:38.456 +01:00 [INF] Executed endpoint 'api.Controllers.QuizAPIController.GetQuiz (api)'
2025-10-28 13:17:38.456 +01:00 [INF] Request finished HTTP/1.1 GET http://localhost:5082/api/quizapi/3 - 200 340 application/json; charset=utf-8 1370.7016ms
2025-10-28 13:17:38.460 +01:00 [INF] Request starting HTTP/1.1 GET http://localhost:5082/api/quizapi/3 - null null
2025-10-28 13:17:38.460 +01:00 [INF] CORS policy execution successful.
2025-10-28 13:17:38.461 +01:00 [INF] Executing endpoint 'api.Controllers.QuizAPIController.GetQuiz (api)'
2025-10-28 13:17:38.461 +01:00 [INF] Route matched with {action = "GetQuiz", controller = "QuizAPI"}. Executing controller action with signature System.Threading.Tasks.Task`1[Microsoft.AspNetCore.Mvc.IActionResult] GetQuiz(Int32) on controller api.Controllers.QuizAPIController (api).
2025-10-28 13:17:38.465 +01:00 [INF] Executing OkObjectResult, writing value of type 'api.DTOs.QuizDto'.
2025-10-28 13:17:38.466 +01:00 [INF] Executed action api.Controllers.QuizAPIController.GetQuiz (api) in 5.178ms
2025-10-28 13:17:38.467 +01:00 [INF] Executed endpoint 'api.Controllers.QuizAPIController.GetQuiz (api)'
2025-10-28 13:17:38.467 +01:00 [INF] Request finished HTTP/1.1 GET http://localhost:5082/api/quizapi/3 - 200 340 application/json; charset=utf-8 7.1937ms
2025-10-28 13:17:41.814 +01:00 [INF] Request starting HTTP/1.1 GET http://localhost:5082/api/quizapi/quizlist - null null
2025-10-28 13:17:41.814 +01:00 [INF] CORS policy execution successful.
2025-10-28 13:17:41.814 +01:00 [INF] Executing endpoint 'api.Controllers.QuizAPIController.QuizList (api)'
2025-10-28 13:17:41.815 +01:00 [INF] Route matched with {action = "QuizList", controller = "QuizAPI"}. Executing controller action with signature System.Threading.Tasks.Task`1[Microsoft.AspNetCore.Mvc.IActionResult] QuizList() on controller api.Controllers.QuizAPIController (api).
2025-10-28 13:17:41.820 +01:00 [INF] Executing OkObjectResult, writing value of type 'System.Linq.Enumerable+SelectListIterator`2[[api.Models.Quiz, api, Version=1.0.0.0, Culture=neutral, PublicKeyToken=null],[api.DTOs.QuizDto, api, Version=1.0.0.0, Culture=neutral, PublicKeyToken=null]]'.
2025-10-28 13:17:41.822 +01:00 [INF] Executed action api.Controllers.QuizAPIController.QuizList (api) in 6.6437ms
2025-10-28 13:17:41.822 +01:00 [INF] Executed endpoint 'api.Controllers.QuizAPIController.QuizList (api)'
2025-10-28 13:17:41.822 +01:00 [INF] Request finished HTTP/1.1 GET http://localhost:5082/api/quizapi/quizlist - 200 129 application/json; charset=utf-8 8.4503ms
2025-10-28 13:17:41.826 +01:00 [INF] Request starting HTTP/1.1 GET http://localhost:5082/api/quizapi/quizlist - null null
2025-10-28 13:17:41.827 +01:00 [INF] CORS policy execution successful.
2025-10-28 13:17:41.827 +01:00 [INF] Executing endpoint 'api.Controllers.QuizAPIController.QuizList (api)'
2025-10-28 13:17:41.827 +01:00 [INF] Route matched with {action = "QuizList", controller = "QuizAPI"}. Executing controller action with signature System.Threading.Tasks.Task`1[Microsoft.AspNetCore.Mvc.IActionResult] QuizList() on controller api.Controllers.QuizAPIController (api).
2025-10-28 13:17:41.838 +01:00 [INF] Executing OkObjectResult, writing value of type 'System.Linq.Enumerable+SelectListIterator`2[[api.Models.Quiz, api, Version=1.0.0.0, Culture=neutral, PublicKeyToken=null],[api.DTOs.QuizDto, api, Version=1.0.0.0, Culture=neutral, PublicKeyToken=null]]'.
2025-10-28 13:17:41.839 +01:00 [INF] Executed action api.Controllers.QuizAPIController.QuizList (api) in 12.1101ms
2025-10-28 13:17:41.840 +01:00 [INF] Executed endpoint 'api.Controllers.QuizAPIController.QuizList (api)'
2025-10-28 13:17:41.840 +01:00 [INF] Request finished HTTP/1.1 GET http://localhost:5082/api/quizapi/quizlist - 200 129 application/json; charset=utf-8 14.3693ms
2025-10-28 13:17:42.953 +01:00 [INF] Request starting HTTP/1.1 GET http://localhost:5082/api/quizapi/2 - null null
2025-10-28 13:17:42.953 +01:00 [INF] CORS policy execution successful.
2025-10-28 13:17:42.953 +01:00 [INF] Executing endpoint 'api.Controllers.QuizAPIController.GetQuiz (api)'
2025-10-28 13:17:42.954 +01:00 [INF] Route matched with {action = "GetQuiz", controller = "QuizAPI"}. Executing controller action with signature System.Threading.Tasks.Task`1[Microsoft.AspNetCore.Mvc.IActionResult] GetQuiz(Int32) on controller api.Controllers.QuizAPIController (api).
2025-10-28 13:17:42.959 +01:00 [INF] Executing OkObjectResult, writing value of type 'api.DTOs.QuizDto'.
2025-10-28 13:17:42.960 +01:00 [INF] Executed action api.Controllers.QuizAPIController.GetQuiz (api) in 6.0427ms
2025-10-28 13:17:42.960 +01:00 [INF] Executed endpoint 'api.Controllers.QuizAPIController.GetQuiz (api)'
2025-10-28 13:17:42.961 +01:00 [INF] Request finished HTTP/1.1 GET http://localhost:5082/api/quizapi/2 - 200 193 application/json; charset=utf-8 7.448ms
2025-10-28 13:17:42.963 +01:00 [INF] Request starting HTTP/1.1 GET http://localhost:5082/api/quizapi/2 - null null
2025-10-28 13:17:42.963 +01:00 [INF] CORS policy execution successful.
2025-10-28 13:17:42.963 +01:00 [INF] Executing endpoint 'api.Controllers.QuizAPIController.GetQuiz (api)'
2025-10-28 13:17:42.964 +01:00 [INF] Route matched with {action = "GetQuiz", controller = "QuizAPI"}. Executing controller action with signature System.Threading.Tasks.Task`1[Microsoft.AspNetCore.Mvc.IActionResult] GetQuiz(Int32) on controller api.Controllers.QuizAPIController (api).
2025-10-28 13:17:42.967 +01:00 [INF] Executing OkObjectResult, writing value of type 'api.DTOs.QuizDto'.
2025-10-28 13:17:42.969 +01:00 [INF] Executed action api.Controllers.QuizAPIController.GetQuiz (api) in 4.8645ms
2025-10-28 13:17:42.969 +01:00 [INF] Executed endpoint 'api.Controllers.QuizAPIController.GetQuiz (api)'
2025-10-28 13:17:42.969 +01:00 [INF] Request finished HTTP/1.1 GET http://localhost:5082/api/quizapi/2 - 200 193 application/json; charset=utf-8 6.3541ms
2025-10-28 13:17:44.109 +01:00 [INF] Request starting HTTP/1.1 GET http://localhost:5082/api/quizapi/quizlist - null null
2025-10-28 13:17:44.110 +01:00 [INF] CORS policy execution successful.
2025-10-28 13:17:44.110 +01:00 [INF] Executing endpoint 'api.Controllers.QuizAPIController.QuizList (api)'
2025-10-28 13:17:44.111 +01:00 [INF] Route matched with {action = "QuizList", controller = "QuizAPI"}. Executing controller action with signature System.Threading.Tasks.Task`1[Microsoft.AspNetCore.Mvc.IActionResult] QuizList() on controller api.Controllers.QuizAPIController (api).
2025-10-28 13:17:44.118 +01:00 [INF] Executing OkObjectResult, writing value of type 'System.Linq.Enumerable+SelectListIterator`2[[api.Models.Quiz, api, Version=1.0.0.0, Culture=neutral, PublicKeyToken=null],[api.DTOs.QuizDto, api, Version=1.0.0.0, Culture=neutral, PublicKeyToken=null]]'.
2025-10-28 13:17:44.119 +01:00 [INF] Executed action api.Controllers.QuizAPIController.QuizList (api) in 7.2832ms
2025-10-28 13:17:44.119 +01:00 [INF] Executed endpoint 'api.Controllers.QuizAPIController.QuizList (api)'
2025-10-28 13:17:44.120 +01:00 [INF] Request finished HTTP/1.1 GET http://localhost:5082/api/quizapi/quizlist - 200 129 application/json; charset=utf-8 10.6747ms
2025-10-28 13:17:44.122 +01:00 [INF] Request starting HTTP/1.1 GET http://localhost:5082/api/quizapi/quizlist - null null
2025-10-28 13:17:44.122 +01:00 [INF] CORS policy execution successful.
2025-10-28 13:17:44.122 +01:00 [INF] Executing endpoint 'api.Controllers.QuizAPIController.QuizList (api)'
2025-10-28 13:17:44.123 +01:00 [INF] Route matched with {action = "QuizList", controller = "QuizAPI"}. Executing controller action with signature System.Threading.Tasks.Task`1[Microsoft.AspNetCore.Mvc.IActionResult] QuizList() on controller api.Controllers.QuizAPIController (api).
2025-10-28 13:17:44.128 +01:00 [INF] Executing OkObjectResult, writing value of type 'System.Linq.Enumerable+SelectListIterator`2[[api.Models.Quiz, api, Version=1.0.0.0, Culture=neutral, PublicKeyToken=null],[api.DTOs.QuizDto, api, Version=1.0.0.0, Culture=neutral, PublicKeyToken=null]]'.
2025-10-28 13:17:44.129 +01:00 [INF] Executed action api.Controllers.QuizAPIController.QuizList (api) in 5.9194ms
2025-10-28 13:17:44.129 +01:00 [INF] Executed endpoint 'api.Controllers.QuizAPIController.QuizList (api)'
2025-10-28 13:17:44.129 +01:00 [INF] Request finished HTTP/1.1 GET http://localhost:5082/api/quizapi/quizlist - 200 129 application/json; charset=utf-8 7.4658ms
2025-10-28 13:17:45.070 +01:00 [INF] Request starting HTTP/1.1 GET http://localhost:5082/api/quizapi/1 - null null
2025-10-28 13:17:45.070 +01:00 [INF] CORS policy execution successful.
2025-10-28 13:17:45.070 +01:00 [INF] Executing endpoint 'api.Controllers.QuizAPIController.GetQuiz (api)'
2025-10-28 13:17:45.070 +01:00 [INF] Route matched with {action = "GetQuiz", controller = "QuizAPI"}. Executing controller action with signature System.Threading.Tasks.Task`1[Microsoft.AspNetCore.Mvc.IActionResult] GetQuiz(Int32) on controller api.Controllers.QuizAPIController (api).
2025-10-28 13:17:45.076 +01:00 [INF] Executing OkObjectResult, writing value of type 'api.DTOs.QuizDto'.
2025-10-28 13:17:45.077 +01:00 [INF] Executed action api.Controllers.QuizAPIController.GetQuiz (api) in 6.5516ms
2025-10-28 13:17:45.077 +01:00 [INF] Executed endpoint 'api.Controllers.QuizAPIController.GetQuiz (api)'
2025-10-28 13:17:45.078 +01:00 [INF] Request finished HTTP/1.1 GET http://localhost:5082/api/quizapi/1 - 200 191 application/json; charset=utf-8 7.8719ms
2025-10-28 13:17:45.081 +01:00 [INF] Request starting HTTP/1.1 GET http://localhost:5082/api/quizapi/1 - null null
2025-10-28 13:17:45.081 +01:00 [INF] CORS policy execution successful.
2025-10-28 13:17:45.081 +01:00 [INF] Executing endpoint 'api.Controllers.QuizAPIController.GetQuiz (api)'
2025-10-28 13:17:45.082 +01:00 [INF] Route matched with {action = "GetQuiz", controller = "QuizAPI"}. Executing controller action with signature System.Threading.Tasks.Task`1[Microsoft.AspNetCore.Mvc.IActionResult] GetQuiz(Int32) on controller api.Controllers.QuizAPIController (api).
2025-10-28 13:17:45.086 +01:00 [INF] Executing OkObjectResult, writing value of type 'api.DTOs.QuizDto'.
2025-10-28 13:17:45.086 +01:00 [INF] Executed action api.Controllers.QuizAPIController.GetQuiz (api) in 4.7921ms
2025-10-28 13:17:45.087 +01:00 [INF] Executed endpoint 'api.Controllers.QuizAPIController.GetQuiz (api)'
2025-10-28 13:17:45.087 +01:00 [INF] Request finished HTTP/1.1 GET http://localhost:5082/api/quizapi/1 - 200 191 application/json; charset=utf-8 5.5796ms
2025-10-28 13:17:46.653 +01:00 [INF] Request starting HTTP/1.1 GET http://localhost:5082/api/quizapi/quizlist - null null
2025-10-28 13:17:46.654 +01:00 [INF] CORS policy execution successful.
2025-10-28 13:17:46.656 +01:00 [INF] Executing endpoint 'api.Controllers.QuizAPIController.QuizList (api)'
2025-10-28 13:17:46.656 +01:00 [INF] Route matched with {action = "QuizList", controller = "QuizAPI"}. Executing controller action with signature System.Threading.Tasks.Task`1[Microsoft.AspNetCore.Mvc.IActionResult] QuizList() on controller api.Controllers.QuizAPIController (api).
2025-10-28 13:17:46.663 +01:00 [INF] Executing OkObjectResult, writing value of type 'System.Linq.Enumerable+SelectListIterator`2[[api.Models.Quiz, api, Version=1.0.0.0, Culture=neutral, PublicKeyToken=null],[api.DTOs.QuizDto, api, Version=1.0.0.0, Culture=neutral, PublicKeyToken=null]]'.
2025-10-28 13:17:46.664 +01:00 [INF] Executed action api.Controllers.QuizAPIController.QuizList (api) in 7.8125ms
2025-10-28 13:17:46.664 +01:00 [INF] Executed endpoint 'api.Controllers.QuizAPIController.QuizList (api)'
2025-10-28 13:17:46.665 +01:00 [INF] Request finished HTTP/1.1 GET http://localhost:5082/api/quizapi/quizlist - 200 129 application/json; charset=utf-8 11.4579ms
2025-10-28 13:17:46.668 +01:00 [INF] Request starting HTTP/1.1 GET http://localhost:5082/api/quizapi/quizlist - null null
2025-10-28 13:17:46.668 +01:00 [INF] CORS policy execution successful.
2025-10-28 13:17:46.668 +01:00 [INF] Executing endpoint 'api.Controllers.QuizAPIController.QuizList (api)'
2025-10-28 13:17:46.668 +01:00 [INF] Route matched with {action = "QuizList", controller = "QuizAPI"}. Executing controller action with signature System.Threading.Tasks.Task`1[Microsoft.AspNetCore.Mvc.IActionResult] QuizList() on controller api.Controllers.QuizAPIController (api).
2025-10-28 13:17:46.674 +01:00 [INF] Executing OkObjectResult, writing value of type 'System.Linq.Enumerable+SelectListIterator`2[[api.Models.Quiz, api, Version=1.0.0.0, Culture=neutral, PublicKeyToken=null],[api.DTOs.QuizDto, api, Version=1.0.0.0, Culture=neutral, PublicKeyToken=null]]'.
2025-10-28 13:17:46.675 +01:00 [INF] Executed action api.Controllers.QuizAPIController.QuizList (api) in 5.7896ms
2025-10-28 13:17:46.675 +01:00 [INF] Executed endpoint 'api.Controllers.QuizAPIController.QuizList (api)'
2025-10-28 13:17:46.675 +01:00 [INF] Request finished HTTP/1.1 GET http://localhost:5082/api/quizapi/quizlist - 200 129 application/json; charset=utf-8 7.3831ms
2025-10-28 13:17:49.118 +01:00 [INF] Request starting HTTP/1.1 GET http://localhost:5082/api/quizapi/2 - null null
2025-10-28 13:17:49.119 +01:00 [INF] CORS policy execution successful.
2025-10-28 13:17:49.119 +01:00 [INF] Executing endpoint 'api.Controllers.QuizAPIController.GetQuiz (api)'
2025-10-28 13:17:49.119 +01:00 [INF] Route matched with {action = "GetQuiz", controller = "QuizAPI"}. Executing controller action with signature System.Threading.Tasks.Task`1[Microsoft.AspNetCore.Mvc.IActionResult] GetQuiz(Int32) on controller api.Controllers.QuizAPIController (api).
2025-10-28 13:17:49.126 +01:00 [INF] Executing OkObjectResult, writing value of type 'api.DTOs.QuizDto'.
2025-10-28 13:17:49.127 +01:00 [INF] Executed action api.Controllers.QuizAPIController.GetQuiz (api) in 7.6412ms
2025-10-28 13:17:49.127 +01:00 [INF] Executed endpoint 'api.Controllers.QuizAPIController.GetQuiz (api)'
2025-10-28 13:17:49.128 +01:00 [INF] Request finished HTTP/1.1 GET http://localhost:5082/api/quizapi/2 - 200 193 application/json; charset=utf-8 9.7954ms
2025-10-28 13:17:49.131 +01:00 [INF] Request starting HTTP/1.1 GET http://localhost:5082/api/quizapi/2 - null null
2025-10-28 13:17:49.133 +01:00 [INF] CORS policy execution successful.
2025-10-28 13:17:49.134 +01:00 [INF] Executing endpoint 'api.Controllers.QuizAPIController.GetQuiz (api)'
2025-10-28 13:17:49.135 +01:00 [INF] Route matched with {action = "GetQuiz", controller = "QuizAPI"}. Executing controller action with signature System.Threading.Tasks.Task`1[Microsoft.AspNetCore.Mvc.IActionResult] GetQuiz(Int32) on controller api.Controllers.QuizAPIController (api).
2025-10-28 13:17:49.143 +01:00 [INF] Executing OkObjectResult, writing value of type 'api.DTOs.QuizDto'.
2025-10-28 13:17:49.144 +01:00 [INF] Executed action api.Controllers.QuizAPIController.GetQuiz (api) in 7.8631ms
2025-10-28 13:17:49.144 +01:00 [INF] Executed endpoint 'api.Controllers.QuizAPIController.GetQuiz (api)'
2025-10-28 13:17:49.145 +01:00 [INF] Request finished HTTP/1.1 GET http://localhost:5082/api/quizapi/2 - 200 193 application/json; charset=utf-8 13.2466ms
2025-10-28 13:17:51.423 +01:00 [INF] Request starting HTTP/1.1 GET http://localhost:5082/api/quizapi/quizlist - null null
2025-10-28 13:17:51.424 +01:00 [INF] CORS policy execution successful.
2025-10-28 13:17:51.425 +01:00 [INF] Executing endpoint 'api.Controllers.QuizAPIController.QuizList (api)'
2025-10-28 13:17:51.425 +01:00 [INF] Route matched with {action = "QuizList", controller = "QuizAPI"}. Executing controller action with signature System.Threading.Tasks.Task`1[Microsoft.AspNetCore.Mvc.IActionResult] QuizList() on controller api.Controllers.QuizAPIController (api).
2025-10-28 13:17:51.428 +01:00 [INF] Executing OkObjectResult, writing value of type 'System.Linq.Enumerable+SelectListIterator`2[[api.Models.Quiz, api, Version=1.0.0.0, Culture=neutral, PublicKeyToken=null],[api.DTOs.QuizDto, api, Version=1.0.0.0, Culture=neutral, PublicKeyToken=null]]'.
2025-10-28 13:17:51.429 +01:00 [INF] Executed action api.Controllers.QuizAPIController.QuizList (api) in 3.8058ms
2025-10-28 13:17:51.429 +01:00 [INF] Executed endpoint 'api.Controllers.QuizAPIController.QuizList (api)'
2025-10-28 13:17:51.429 +01:00 [INF] Request finished HTTP/1.1 GET http://localhost:5082/api/quizapi/quizlist - 200 129 application/json; charset=utf-8 5.6958ms
2025-10-28 13:17:51.432 +01:00 [INF] Request starting HTTP/1.1 GET http://localhost:5082/api/quizapi/quizlist - null null
2025-10-28 13:17:51.432 +01:00 [INF] CORS policy execution successful.
2025-10-28 13:17:51.433 +01:00 [INF] Executing endpoint 'api.Controllers.QuizAPIController.QuizList (api)'
2025-10-28 13:17:51.433 +01:00 [INF] Route matched with {action = "QuizList", controller = "QuizAPI"}. Executing controller action with signature System.Threading.Tasks.Task`1[Microsoft.AspNetCore.Mvc.IActionResult] QuizList() on controller api.Controllers.QuizAPIController (api).
2025-10-28 13:17:51.435 +01:00 [INF] Executing OkObjectResult, writing value of type 'System.Linq.Enumerable+SelectListIterator`2[[api.Models.Quiz, api, Version=1.0.0.0, Culture=neutral, PublicKeyToken=null],[api.DTOs.QuizDto, api, Version=1.0.0.0, Culture=neutral, PublicKeyToken=null]]'.
2025-10-28 13:17:51.435 +01:00 [INF] Executed action api.Controllers.QuizAPIController.QuizList (api) in 2.3037ms
2025-10-28 13:17:51.435 +01:00 [INF] Executed endpoint 'api.Controllers.QuizAPIController.QuizList (api)'
2025-10-28 13:17:51.435 +01:00 [INF] Request finished HTTP/1.1 GET http://localhost:5082/api/quizapi/quizlist - 200 129 application/json; charset=utf-8 3.9412ms
2025-10-28 13:17:52.331 +01:00 [INF] Request starting HTTP/1.1 GET http://localhost:5082/api/quizapi/3 - null null
2025-10-28 13:17:52.331 +01:00 [INF] CORS policy execution successful.
2025-10-28 13:17:52.331 +01:00 [INF] Executing endpoint 'api.Controllers.QuizAPIController.GetQuiz (api)'
2025-10-28 13:17:52.332 +01:00 [INF] Route matched with {action = "GetQuiz", controller = "QuizAPI"}. Executing controller action with signature System.Threading.Tasks.Task`1[Microsoft.AspNetCore.Mvc.IActionResult] GetQuiz(Int32) on controller api.Controllers.QuizAPIController (api).
2025-10-28 13:17:52.333 +01:00 [INF] Executing OkObjectResult, writing value of type 'api.DTOs.QuizDto'.
2025-10-28 13:17:52.334 +01:00 [INF] Executed action api.Controllers.QuizAPIController.GetQuiz (api) in 1.8343ms
2025-10-28 13:17:52.334 +01:00 [INF] Executed endpoint 'api.Controllers.QuizAPIController.GetQuiz (api)'
2025-10-28 13:17:52.334 +01:00 [INF] Request finished HTTP/1.1 GET http://localhost:5082/api/quizapi/3 - 200 340 application/json; charset=utf-8 3.0371ms
2025-10-28 13:17:52.335 +01:00 [INF] Request starting HTTP/1.1 GET http://localhost:5082/api/quizapi/3 - null null
2025-10-28 13:17:52.336 +01:00 [INF] CORS policy execution successful.
2025-10-28 13:17:52.336 +01:00 [INF] Executing endpoint 'api.Controllers.QuizAPIController.GetQuiz (api)'
2025-10-28 13:17:52.336 +01:00 [INF] Route matched with {action = "GetQuiz", controller = "QuizAPI"}. Executing controller action with signature System.Threading.Tasks.Task`1[Microsoft.AspNetCore.Mvc.IActionResult] GetQuiz(Int32) on controller api.Controllers.QuizAPIController (api).
2025-10-28 13:17:52.338 +01:00 [INF] Executing OkObjectResult, writing value of type 'api.DTOs.QuizDto'.
2025-10-28 13:17:52.339 +01:00 [INF] Executed action api.Controllers.QuizAPIController.GetQuiz (api) in 2.4283ms
2025-10-28 13:17:52.339 +01:00 [INF] Executed endpoint 'api.Controllers.QuizAPIController.GetQuiz (api)'
2025-10-28 13:17:52.339 +01:00 [INF] Request finished HTTP/1.1 GET http://localhost:5082/api/quizapi/3 - 200 340 application/json; charset=utf-8 3.3651ms
2025-10-28 13:17:53.986 +01:00 [INF] Request starting HTTP/1.1 GET http://localhost:5082/api/quizapi/quizlist - null null
2025-10-28 13:17:53.986 +01:00 [INF] CORS policy execution successful.
2025-10-28 13:17:53.986 +01:00 [INF] Executing endpoint 'api.Controllers.QuizAPIController.QuizList (api)'
2025-10-28 13:17:53.987 +01:00 [INF] Route matched with {action = "QuizList", controller = "QuizAPI"}. Executing controller action with signature System.Threading.Tasks.Task`1[Microsoft.AspNetCore.Mvc.IActionResult] QuizList() on controller api.Controllers.QuizAPIController (api).
2025-10-28 13:17:53.989 +01:00 [INF] Executing OkObjectResult, writing value of type 'System.Linq.Enumerable+SelectListIterator`2[[api.Models.Quiz, api, Version=1.0.0.0, Culture=neutral, PublicKeyToken=null],[api.DTOs.QuizDto, api, Version=1.0.0.0, Culture=neutral, PublicKeyToken=null]]'.
2025-10-28 13:17:53.990 +01:00 [INF] Executed action api.Controllers.QuizAPIController.QuizList (api) in 2.9418ms
2025-10-28 13:17:53.990 +01:00 [INF] Executed endpoint 'api.Controllers.QuizAPIController.QuizList (api)'
2025-10-28 13:17:53.990 +01:00 [INF] Request finished HTTP/1.1 GET http://localhost:5082/api/quizapi/quizlist - 200 129 application/json; charset=utf-8 4.3709ms
2025-10-28 13:17:53.993 +01:00 [INF] Request starting HTTP/1.1 GET http://localhost:5082/api/quizapi/quizlist - null null
2025-10-28 13:17:53.994 +01:00 [INF] CORS policy execution successful.
2025-10-28 13:17:53.994 +01:00 [INF] Executing endpoint 'api.Controllers.QuizAPIController.QuizList (api)'
2025-10-28 13:17:53.994 +01:00 [INF] Route matched with {action = "QuizList", controller = "QuizAPI"}. Executing controller action with signature System.Threading.Tasks.Task`1[Microsoft.AspNetCore.Mvc.IActionResult] QuizList() on controller api.Controllers.QuizAPIController (api).
2025-10-28 13:17:53.999 +01:00 [INF] Executing OkObjectResult, writing value of type 'System.Linq.Enumerable+SelectListIterator`2[[api.Models.Quiz, api, Version=1.0.0.0, Culture=neutral, PublicKeyToken=null],[api.DTOs.QuizDto, api, Version=1.0.0.0, Culture=neutral, PublicKeyToken=null]]'.
2025-10-28 13:17:53.999 +01:00 [INF] Executed action api.Controllers.QuizAPIController.QuizList (api) in 4.7378ms
2025-10-28 13:17:54.000 +01:00 [INF] Executed endpoint 'api.Controllers.QuizAPIController.QuizList (api)'
2025-10-28 13:17:54.000 +01:00 [INF] Request finished HTTP/1.1 GET http://localhost:5082/api/quizapi/quizlist - 200 129 application/json; charset=utf-8 6.6135ms
2025-10-28 13:17:56.678 +01:00 [INF] Request starting HTTP/1.1 GET http://localhost:5082/api/quizapi/quizlist - null null
2025-10-28 13:17:56.678 +01:00 [INF] CORS policy execution successful.
2025-10-28 13:17:56.678 +01:00 [INF] Executing endpoint 'api.Controllers.QuizAPIController.QuizList (api)'
2025-10-28 13:17:56.678 +01:00 [INF] Route matched with {action = "QuizList", controller = "QuizAPI"}. Executing controller action with signature System.Threading.Tasks.Task`1[Microsoft.AspNetCore.Mvc.IActionResult] QuizList() on controller api.Controllers.QuizAPIController (api).
2025-10-28 13:17:56.680 +01:00 [INF] Executing OkObjectResult, writing value of type 'System.Linq.Enumerable+SelectListIterator`2[[api.Models.Quiz, api, Version=1.0.0.0, Culture=neutral, PublicKeyToken=null],[api.DTOs.QuizDto, api, Version=1.0.0.0, Culture=neutral, PublicKeyToken=null]]'.
2025-10-28 13:17:56.680 +01:00 [INF] Executed action api.Controllers.QuizAPIController.QuizList (api) in 1.4934ms
2025-10-28 13:17:56.680 +01:00 [INF] Executed endpoint 'api.Controllers.QuizAPIController.QuizList (api)'
2025-10-28 13:17:56.680 +01:00 [INF] Request finished HTTP/1.1 GET http://localhost:5082/api/quizapi/quizlist - 200 129 application/json; charset=utf-8 2.1638ms
2025-10-28 13:18:17.298 +01:00 [INF] Application is shutting down...
