2025-11-13 15:36:52.213 +01:00 [INF] User profile is available. Using 'C:\Users\Admin\AppData\Local\ASP.NET\DataProtection-Keys' as key repository and Windows DPAPI to encrypt keys at rest.
2025-11-13 15:36:52.302 +01:00 [INF] Now listening on: http://localhost:5082
2025-11-13 15:36:52.306 +01:00 [INF] Application started. Press Ctrl+C to shut down.
2025-11-13 15:36:52.307 +01:00 [INF] Hosting environment: Development
2025-11-13 15:36:52.307 +01:00 [INF] Content root path: C:\Users\Admin\OneDrive - OsloMet\FinalExamITPE3200\EXAMFAM\api
2025-11-13 15:37:00.923 +01:00 [INF] Request starting HTTP/1.1 GET http://localhost:5082/api/quizapi/quizlist - null null
2025-11-13 15:37:00.992 +01:00 [INF] CORS policy execution successful.
2025-11-13 15:37:01.052 +01:00 [INF] Executing endpoint 'api.Controllers.QuizAPIController.QuizList (api)'
2025-11-13 15:37:01.080 +01:00 [INF] Route matched with {action = "QuizList", controller = "QuizAPI"}. Executing controller action with signature System.Threading.Tasks.Task`1[Microsoft.AspNetCore.Mvc.IActionResult] QuizList() on controller api.Controllers.QuizAPIController (api).
2025-11-13 15:37:01.412 +01:00 [WRN] Compiling a query which loads related collections for more than one collection navigation, either via 'Include' or through projection, but no 'QuerySplittingBehavior' has been configured. By default, Entity Framework will use 'QuerySplittingBehavior.SingleQuery', which can potentially result in slow query performance. See https://go.microsoft.com/fwlink/?linkid=2134277 for more information. To identify the query that's triggering this warning call 'ConfigureWarnings(w => w.Throw(RelationalEventId.MultipleCollectionIncludeWarning))'.
2025-11-13 15:37:01.528 +01:00 [INF] Executing OkObjectResult, writing value of type 'System.Linq.Enumerable+SelectListIterator`2[[api.Models.Quiz, api, Version=1.0.0.0, Culture=neutral, PublicKeyToken=null],[api.DTOs.QuizDto, api, Version=1.0.0.0, Culture=neutral, PublicKeyToken=null]]'.
2025-11-13 15:37:01.652 +01:00 [INF] Executed action api.Controllers.QuizAPIController.QuizList (api) in 565.1396ms
2025-11-13 15:37:01.654 +01:00 [INF] Executed endpoint 'api.Controllers.QuizAPIController.QuizList (api)'
2025-11-13 15:37:01.662 +01:00 [INF] Request finished HTTP/1.1 GET http://localhost:5082/api/quizapi/quizlist - 200 377 application/json; charset=utf-8 741.5713ms
2025-11-13 15:37:01.666 +01:00 [INF] Request starting HTTP/1.1 GET http://localhost:5082/api/quizapi/quizlist - null null
2025-11-13 15:37:01.671 +01:00 [INF] CORS policy execution successful.
2025-11-13 15:37:01.673 +01:00 [INF] Executing endpoint 'api.Controllers.QuizAPIController.QuizList (api)'
2025-11-13 15:37:01.674 +01:00 [INF] Route matched with {action = "QuizList", controller = "QuizAPI"}. Executing controller action with signature System.Threading.Tasks.Task`1[Microsoft.AspNetCore.Mvc.IActionResult] QuizList() on controller api.Controllers.QuizAPIController (api).
2025-11-13 15:37:01.698 +01:00 [INF] Executing OkObjectResult, writing value of type 'System.Linq.Enumerable+SelectListIterator`2[[api.Models.Quiz, api, Version=1.0.0.0, Culture=neutral, PublicKeyToken=null],[api.DTOs.QuizDto, api, Version=1.0.0.0, Culture=neutral, PublicKeyToken=null]]'.
2025-11-13 15:37:01.700 +01:00 [INF] Executed action api.Controllers.QuizAPIController.QuizList (api) in 25.8831ms
2025-11-13 15:37:01.700 +01:00 [INF] Executed endpoint 'api.Controllers.QuizAPIController.QuizList (api)'
2025-11-13 15:37:01.700 +01:00 [INF] Request finished HTTP/1.1 GET http://localhost:5082/api/quizapi/quizlist - 200 377 application/json; charset=utf-8 34.8425ms
2025-11-13 15:37:35.242 +01:00 [INF] Request starting HTTP/1.1 GET http://localhost:5082/api/quizapi/quizlist - null null
2025-11-13 15:37:35.246 +01:00 [INF] CORS policy execution successful.
2025-11-13 15:37:35.250 +01:00 [INF] Executing endpoint 'api.Controllers.QuizAPIController.QuizList (api)'
2025-11-13 15:37:35.250 +01:00 [INF] Route matched with {action = "QuizList", controller = "QuizAPI"}. Executing controller action with signature System.Threading.Tasks.Task`1[Microsoft.AspNetCore.Mvc.IActionResult] QuizList() on controller api.Controllers.QuizAPIController (api).
2025-11-13 15:37:35.267 +01:00 [INF] Executing OkObjectResult, writing value of type 'System.Linq.Enumerable+SelectListIterator`2[[api.Models.Quiz, api, Version=1.0.0.0, Culture=neutral, PublicKeyToken=null],[api.DTOs.QuizDto, api, Version=1.0.0.0, Culture=neutral, PublicKeyToken=null]]'.
2025-11-13 15:37:35.268 +01:00 [INF] Executed action api.Controllers.QuizAPIController.QuizList (api) in 17.7496ms
2025-11-13 15:37:35.269 +01:00 [INF] Executed endpoint 'api.Controllers.QuizAPIController.QuizList (api)'
2025-11-13 15:37:35.269 +01:00 [INF] Request finished HTTP/1.1 GET http://localhost:5082/api/quizapi/quizlist - 200 377 application/json; charset=utf-8 27.1551ms
2025-11-13 15:37:35.272 +01:00 [INF] Request starting HTTP/1.1 GET http://localhost:5082/api/quizapi/quizlist - null null
2025-11-13 15:37:35.273 +01:00 [INF] CORS policy execution successful.
2025-11-13 15:37:35.273 +01:00 [INF] Executing endpoint 'api.Controllers.QuizAPIController.QuizList (api)'
2025-11-13 15:37:35.274 +01:00 [INF] Route matched with {action = "QuizList", controller = "QuizAPI"}. Executing controller action with signature System.Threading.Tasks.Task`1[Microsoft.AspNetCore.Mvc.IActionResult] QuizList() on controller api.Controllers.QuizAPIController (api).
2025-11-13 15:37:35.285 +01:00 [INF] Executing OkObjectResult, writing value of type 'System.Linq.Enumerable+SelectListIterator`2[[api.Models.Quiz, api, Version=1.0.0.0, Culture=neutral, PublicKeyToken=null],[api.DTOs.QuizDto, api, Version=1.0.0.0, Culture=neutral, PublicKeyToken=null]]'.
2025-11-13 15:37:35.286 +01:00 [INF] Executed action api.Controllers.QuizAPIController.QuizList (api) in 11.9151ms
2025-11-13 15:37:35.287 +01:00 [INF] Executed endpoint 'api.Controllers.QuizAPIController.QuizList (api)'
2025-11-13 15:37:35.288 +01:00 [INF] Request finished HTTP/1.1 GET http://localhost:5082/api/quizapi/quizlist - 200 377 application/json; charset=utf-8 15.3182ms
2025-11-13 15:37:36.344 +01:00 [INF] Request starting HTTP/1.1 GET http://localhost:5082/api/quizapi/12 - null null
2025-11-13 15:37:36.345 +01:00 [INF] CORS policy execution successful.
2025-11-13 15:37:36.346 +01:00 [INF] Executing endpoint 'api.Controllers.QuizAPIController.GetQuiz (api)'
2025-11-13 15:37:36.362 +01:00 [INF] Route matched with {action = "GetQuiz", controller = "QuizAPI"}. Executing controller action with signature System.Threading.Tasks.Task`1[Microsoft.AspNetCore.Mvc.IActionResult] GetQuiz(Int32) on controller api.Controllers.QuizAPIController (api).
2025-11-13 15:37:36.400 +01:00 [WRN] Compiling a query which loads related collections for more than one collection navigation, either via 'Include' or through projection, but no 'QuerySplittingBehavior' has been configured. By default, Entity Framework will use 'QuerySplittingBehavior.SingleQuery', which can potentially result in slow query performance. See https://go.microsoft.com/fwlink/?linkid=2134277 for more information. To identify the query that's triggering this warning call 'ConfigureWarnings(w => w.Throw(RelationalEventId.MultipleCollectionIncludeWarning))'.
2025-11-13 15:37:36.408 +01:00 [INF] Executing OkObjectResult, writing value of type 'api.Models.Quiz'.
2025-11-13 15:37:36.424 +01:00 [INF] Executed action api.Controllers.QuizAPIController.GetQuiz (api) in 61.3166ms
2025-11-13 15:37:36.424 +01:00 [INF] Executed endpoint 'api.Controllers.QuizAPIController.GetQuiz (api)'
2025-11-13 15:37:36.424 +01:00 [INF] Request finished HTTP/1.1 GET http://localhost:5082/api/quizapi/12 - 200 946 application/json; charset=utf-8 80.1897ms
2025-11-13 15:37:36.427 +01:00 [INF] Request starting HTTP/1.1 GET http://localhost:5082/api/quizapi/12 - null null
2025-11-13 15:37:36.428 +01:00 [INF] CORS policy execution successful.
2025-11-13 15:37:36.428 +01:00 [INF] Executing endpoint 'api.Controllers.QuizAPIController.GetQuiz (api)'
2025-11-13 15:37:36.428 +01:00 [INF] Route matched with {action = "GetQuiz", controller = "QuizAPI"}. Executing controller action with signature System.Threading.Tasks.Task`1[Microsoft.AspNetCore.Mvc.IActionResult] GetQuiz(Int32) on controller api.Controllers.QuizAPIController (api).
2025-11-13 15:37:36.436 +01:00 [INF] Executing OkObjectResult, writing value of type 'api.Models.Quiz'.
2025-11-13 15:37:36.439 +01:00 [INF] Executed action api.Controllers.QuizAPIController.GetQuiz (api) in 10.5533ms
2025-11-13 15:37:36.440 +01:00 [INF] Executed endpoint 'api.Controllers.QuizAPIController.GetQuiz (api)'
2025-11-13 15:37:36.440 +01:00 [INF] Request finished HTTP/1.1 GET http://localhost:5082/api/quizapi/12 - 200 946 application/json; charset=utf-8 13.1292ms
2025-11-13 15:37:46.828 +01:00 [INF] Request starting HTTP/1.1 OPTIONS http://localhost:5082/api/quizapi/update/12 - null null
2025-11-13 15:37:46.828 +01:00 [INF] CORS policy execution successful.
2025-11-13 15:37:46.830 +01:00 [INF] Request finished HTTP/1.1 OPTIONS http://localhost:5082/api/quizapi/update/12 - 204 null null 2.5174ms
2025-11-13 15:37:46.836 +01:00 [INF] Request starting HTTP/1.1 PUT http://localhost:5082/api/quizapi/update/12 - application/json 513
2025-11-13 15:37:46.837 +01:00 [INF] CORS policy execution successful.
2025-11-13 15:37:46.961 +01:00 [INF] Executing endpoint 'api.Controllers.QuizAPIController.Update (api)'
2025-11-13 15:37:46.968 +01:00 [INF] Route matched with {action = "Update", controller = "QuizAPI"}. Executing controller action with signature System.Threading.Tasks.Task`1[Microsoft.AspNetCore.Mvc.IActionResult] Update(Int32, api.DTOs.QuizDto) on controller api.Controllers.QuizAPIController (api).
2025-11-13 15:37:47.032 +01:00 [INF] Executing BadRequestObjectResult, writing value of type 'System.String'.
2025-11-13 15:37:47.034 +01:00 [INF] Executed action api.Controllers.QuizAPIController.Update (api) in 65.887ms
2025-11-13 15:37:47.035 +01:00 [INF] Executed endpoint 'api.Controllers.QuizAPIController.Update (api)'
2025-11-13 15:37:47.035 +01:00 [INF] Request finished HTTP/1.1 PUT http://localhost:5082/api/quizapi/update/12 - 400 null text/plain; charset=utf-8 198.8212ms
2025-11-13 15:38:13.561 +01:00 [INF] Request starting HTTP/1.1 OPTIONS http://localhost:5082/api/quizapi/update/12 - null null
2025-11-13 15:38:13.561 +01:00 [INF] CORS policy execution successful.
2025-11-13 15:38:13.561 +01:00 [INF] Request finished HTTP/1.1 OPTIONS http://localhost:5082/api/quizapi/update/12 - 204 null null 1.0676ms
2025-11-13 15:38:13.564 +01:00 [INF] Request starting HTTP/1.1 PUT http://localhost:5082/api/quizapi/update/12 - application/json 620
2025-11-13 15:38:13.564 +01:00 [INF] CORS policy execution successful.
2025-11-13 15:38:13.568 +01:00 [INF] Executing endpoint 'api.Controllers.QuizAPIController.Update (api)'
2025-11-13 15:38:13.568 +01:00 [INF] Route matched with {action = "Update", controller = "QuizAPI"}. Executing controller action with signature System.Threading.Tasks.Task`1[Microsoft.AspNetCore.Mvc.IActionResult] Update(Int32, api.DTOs.QuizDto) on controller api.Controllers.QuizAPIController (api).
2025-11-13 15:38:13.575 +01:00 [INF] Executing BadRequestObjectResult, writing value of type 'System.String'.
2025-11-13 15:38:13.576 +01:00 [INF] Executed action api.Controllers.QuizAPIController.Update (api) in 7.4898ms
2025-11-13 15:38:13.576 +01:00 [INF] Executed endpoint 'api.Controllers.QuizAPIController.Update (api)'
2025-11-13 15:38:13.576 +01:00 [INF] Request finished HTTP/1.1 PUT http://localhost:5082/api/quizapi/update/12 - 400 null text/plain; charset=utf-8 12.2387ms
2025-11-13 15:38:27.134 +01:00 [INF] Request starting HTTP/1.1 OPTIONS http://localhost:5082/api/quizapi/update/12 - null null
2025-11-13 15:38:27.134 +01:00 [INF] CORS policy execution successful.
2025-11-13 15:38:27.135 +01:00 [INF] Request finished HTTP/1.1 OPTIONS http://localhost:5082/api/quizapi/update/12 - 204 null null 0.7908ms
2025-11-13 15:38:27.137 +01:00 [INF] Request starting HTTP/1.1 PUT http://localhost:5082/api/quizapi/update/12 - application/json 621
2025-11-13 15:38:27.137 +01:00 [INF] CORS policy execution successful.
2025-11-13 15:38:27.142 +01:00 [INF] Executing endpoint 'api.Controllers.QuizAPIController.Update (api)'
2025-11-13 15:38:27.142 +01:00 [INF] Route matched with {action = "Update", controller = "QuizAPI"}. Executing controller action with signature System.Threading.Tasks.Task`1[Microsoft.AspNetCore.Mvc.IActionResult] Update(Int32, api.DTOs.QuizDto) on controller api.Controllers.QuizAPIController (api).
2025-11-13 15:38:27.444 +01:00 [INF] Executing OkObjectResult, writing value of type 'api.Models.Quiz'.
2025-11-13 15:38:27.444 +01:00 [INF] Executed action api.Controllers.QuizAPIController.Update (api) in 301.835ms
2025-11-13 15:38:27.444 +01:00 [INF] Executed endpoint 'api.Controllers.QuizAPIController.Update (api)'
2025-11-13 15:38:27.444 +01:00 [INF] Request finished HTTP/1.1 PUT http://localhost:5082/api/quizapi/update/12 - 200 1158 application/json; charset=utf-8 307.2913ms
2025-11-13 15:38:27.477 +01:00 [INF] Request starting HTTP/1.1 GET http://localhost:5082/api/quizapi/quizlist - null null
2025-11-13 15:38:27.478 +01:00 [INF] CORS policy execution successful.
2025-11-13 15:38:27.478 +01:00 [INF] Executing endpoint 'api.Controllers.QuizAPIController.QuizList (api)'
2025-11-13 15:38:27.478 +01:00 [INF] Route matched with {action = "QuizList", controller = "QuizAPI"}. Executing controller action with signature System.Threading.Tasks.Task`1[Microsoft.AspNetCore.Mvc.IActionResult] QuizList() on controller api.Controllers.QuizAPIController (api).
2025-11-13 15:38:27.481 +01:00 [INF] Executing OkObjectResult, writing value of type 'System.Linq.Enumerable+SelectListIterator`2[[api.Models.Quiz, api, Version=1.0.0.0, Culture=neutral, PublicKeyToken=null],[api.DTOs.QuizDto, api, Version=1.0.0.0, Culture=neutral, PublicKeyToken=null]]'.
2025-11-13 15:38:27.482 +01:00 [INF] Executed action api.Controllers.QuizAPIController.QuizList (api) in 3.6945ms
2025-11-13 15:38:27.482 +01:00 [INF] Executed endpoint 'api.Controllers.QuizAPIController.QuizList (api)'
2025-11-13 15:38:27.482 +01:00 [INF] Request finished HTTP/1.1 GET http://localhost:5082/api/quizapi/quizlist - 200 377 application/json; charset=utf-8 4.5469ms
2025-11-13 15:38:27.484 +01:00 [INF] Request starting HTTP/1.1 GET http://localhost:5082/api/quizapi/quizlist - null null
2025-11-13 15:38:27.484 +01:00 [INF] CORS policy execution successful.
2025-11-13 15:38:27.485 +01:00 [INF] Executing endpoint 'api.Controllers.QuizAPIController.QuizList (api)'
2025-11-13 15:38:27.485 +01:00 [INF] Route matched with {action = "QuizList", controller = "QuizAPI"}. Executing controller action with signature System.Threading.Tasks.Task`1[Microsoft.AspNetCore.Mvc.IActionResult] QuizList() on controller api.Controllers.QuizAPIController (api).
2025-11-13 15:38:27.490 +01:00 [INF] Executing OkObjectResult, writing value of type 'System.Linq.Enumerable+SelectListIterator`2[[api.Models.Quiz, api, Version=1.0.0.0, Culture=neutral, PublicKeyToken=null],[api.DTOs.QuizDto, api, Version=1.0.0.0, Culture=neutral, PublicKeyToken=null]]'.
2025-11-13 15:38:27.490 +01:00 [INF] Executed action api.Controllers.QuizAPIController.QuizList (api) in 5.3123ms
2025-11-13 15:38:27.491 +01:00 [INF] Executed endpoint 'api.Controllers.QuizAPIController.QuizList (api)'
2025-11-13 15:38:27.491 +01:00 [INF] Request finished HTTP/1.1 GET http://localhost:5082/api/quizapi/quizlist - 200 377 application/json; charset=utf-8 6.9645ms
2025-11-13 15:38:30.208 +01:00 [INF] Request starting HTTP/1.1 GET http://localhost:5082/api/quizapi/12 - null null
2025-11-13 15:38:30.208 +01:00 [INF] CORS policy execution successful.
2025-11-13 15:38:30.209 +01:00 [INF] Executing endpoint 'api.Controllers.QuizAPIController.GetQuiz (api)'
2025-11-13 15:38:30.209 +01:00 [INF] Route matched with {action = "GetQuiz", controller = "QuizAPI"}. Executing controller action with signature System.Threading.Tasks.Task`1[Microsoft.AspNetCore.Mvc.IActionResult] GetQuiz(Int32) on controller api.Controllers.QuizAPIController (api).
2025-11-13 15:38:30.213 +01:00 [INF] Executing OkObjectResult, writing value of type 'api.Models.Quiz'.
2025-11-13 15:38:30.215 +01:00 [INF] Executed action api.Controllers.QuizAPIController.GetQuiz (api) in 5.1121ms
2025-11-13 15:38:30.215 +01:00 [INF] Executed endpoint 'api.Controllers.QuizAPIController.GetQuiz (api)'
2025-11-13 15:38:30.215 +01:00 [INF] Request finished HTTP/1.1 GET http://localhost:5082/api/quizapi/12 - 200 1158 application/json; charset=utf-8 7.3494ms
2025-11-13 15:38:30.221 +01:00 [INF] Request starting HTTP/1.1 GET http://localhost:5082/api/quizapi/12 - null null
2025-11-13 15:38:30.223 +01:00 [INF] CORS policy execution successful.
2025-11-13 15:38:30.224 +01:00 [INF] Executing endpoint 'api.Controllers.QuizAPIController.GetQuiz (api)'
2025-11-13 15:38:30.224 +01:00 [INF] Route matched with {action = "GetQuiz", controller = "QuizAPI"}. Executing controller action with signature System.Threading.Tasks.Task`1[Microsoft.AspNetCore.Mvc.IActionResult] GetQuiz(Int32) on controller api.Controllers.QuizAPIController (api).
2025-11-13 15:38:30.231 +01:00 [INF] Executing OkObjectResult, writing value of type 'api.Models.Quiz'.
2025-11-13 15:38:30.233 +01:00 [INF] Executed action api.Controllers.QuizAPIController.GetQuiz (api) in 8.6452ms
2025-11-13 15:38:30.233 +01:00 [INF] Executed endpoint 'api.Controllers.QuizAPIController.GetQuiz (api)'
2025-11-13 15:38:30.234 +01:00 [INF] Request finished HTTP/1.1 GET http://localhost:5082/api/quizapi/12 - 200 1158 application/json; charset=utf-8 13.4272ms
2025-11-13 15:38:30.242 +01:00 [INF] Request starting HTTP/1.1 GET http://localhost:5082/images/China.png - null null
2025-11-13 15:38:30.260 +01:00 [INF] The file /images/China.png was not modified
2025-11-13 15:38:30.261 +01:00 [INF] Request finished HTTP/1.1 GET http://localhost:5082/images/China.png - 304 null image/png 19.2145ms
2025-11-13 15:38:33.352 +01:00 [INF] Request starting HTTP/1.1 GET http://localhost:5082/api/quizapi/quizlist - null null
2025-11-13 15:38:33.353 +01:00 [INF] CORS policy execution successful.
2025-11-13 15:38:33.353 +01:00 [INF] Executing endpoint 'api.Controllers.QuizAPIController.QuizList (api)'
2025-11-13 15:38:33.353 +01:00 [INF] Route matched with {action = "QuizList", controller = "QuizAPI"}. Executing controller action with signature System.Threading.Tasks.Task`1[Microsoft.AspNetCore.Mvc.IActionResult] QuizList() on controller api.Controllers.QuizAPIController (api).
2025-11-13 15:38:33.359 +01:00 [INF] Executing OkObjectResult, writing value of type 'System.Linq.Enumerable+SelectListIterator`2[[api.Models.Quiz, api, Version=1.0.0.0, Culture=neutral, PublicKeyToken=null],[api.DTOs.QuizDto, api, Version=1.0.0.0, Culture=neutral, PublicKeyToken=null]]'.
2025-11-13 15:38:33.360 +01:00 [INF] Executed action api.Controllers.QuizAPIController.QuizList (api) in 6.2621ms
2025-11-13 15:38:33.360 +01:00 [INF] Executed endpoint 'api.Controllers.QuizAPIController.QuizList (api)'
2025-11-13 15:38:33.360 +01:00 [INF] Request finished HTTP/1.1 GET http://localhost:5082/api/quizapi/quizlist - 200 377 application/json; charset=utf-8 7.9515ms
2025-11-13 15:38:33.364 +01:00 [INF] Request starting HTTP/1.1 GET http://localhost:5082/api/quizapi/quizlist - null null
2025-11-13 15:38:33.365 +01:00 [INF] CORS policy execution successful.
2025-11-13 15:38:33.366 +01:00 [INF] Executing endpoint 'api.Controllers.QuizAPIController.QuizList (api)'
2025-11-13 15:38:33.366 +01:00 [INF] Route matched with {action = "QuizList", controller = "QuizAPI"}. Executing controller action with signature System.Threading.Tasks.Task`1[Microsoft.AspNetCore.Mvc.IActionResult] QuizList() on controller api.Controllers.QuizAPIController (api).
2025-11-13 15:38:33.372 +01:00 [INF] Executing OkObjectResult, writing value of type 'System.Linq.Enumerable+SelectListIterator`2[[api.Models.Quiz, api, Version=1.0.0.0, Culture=neutral, PublicKeyToken=null],[api.DTOs.QuizDto, api, Version=1.0.0.0, Culture=neutral, PublicKeyToken=null]]'.
2025-11-13 15:38:33.373 +01:00 [INF] Executed action api.Controllers.QuizAPIController.QuizList (api) in 7.082ms
2025-11-13 15:38:33.373 +01:00 [INF] Executed endpoint 'api.Controllers.QuizAPIController.QuizList (api)'
2025-11-13 15:38:33.374 +01:00 [INF] Request finished HTTP/1.1 GET http://localhost:5082/api/quizapi/quizlist - 200 377 application/json; charset=utf-8 9.8601ms
2025-11-13 15:38:51.870 +01:00 [INF] Request starting HTTP/1.1 GET http://localhost:5082/api/quizapi/quizlist - null null
2025-11-13 15:38:51.871 +01:00 [INF] CORS policy execution successful.
2025-11-13 15:38:51.871 +01:00 [INF] Executing endpoint 'api.Controllers.QuizAPIController.QuizList (api)'
2025-11-13 15:38:51.872 +01:00 [INF] Route matched with {action = "QuizList", controller = "QuizAPI"}. Executing controller action with signature System.Threading.Tasks.Task`1[Microsoft.AspNetCore.Mvc.IActionResult] QuizList() on controller api.Controllers.QuizAPIController (api).
2025-11-13 15:38:51.879 +01:00 [INF] Executing OkObjectResult, writing value of type 'System.Linq.Enumerable+SelectListIterator`2[[api.Models.Quiz, api, Version=1.0.0.0, Culture=neutral, PublicKeyToken=null],[api.DTOs.QuizDto, api, Version=1.0.0.0, Culture=neutral, PublicKeyToken=null]]'.
2025-11-13 15:38:51.880 +01:00 [INF] Executed action api.Controllers.QuizAPIController.QuizList (api) in 8.02ms
2025-11-13 15:38:51.880 +01:00 [INF] Executed endpoint 'api.Controllers.QuizAPIController.QuizList (api)'
2025-11-13 15:38:51.881 +01:00 [INF] Request finished HTTP/1.1 GET http://localhost:5082/api/quizapi/quizlist - 200 377 application/json; charset=utf-8 10.2523ms
2025-11-13 15:38:51.884 +01:00 [INF] Request starting HTTP/1.1 GET http://localhost:5082/api/quizapi/quizlist - null null
2025-11-13 15:38:51.884 +01:00 [INF] CORS policy execution successful.
2025-11-13 15:38:51.885 +01:00 [INF] Executing endpoint 'api.Controllers.QuizAPIController.QuizList (api)'
2025-11-13 15:38:51.885 +01:00 [INF] Route matched with {action = "QuizList", controller = "QuizAPI"}. Executing controller action with signature System.Threading.Tasks.Task`1[Microsoft.AspNetCore.Mvc.IActionResult] QuizList() on controller api.Controllers.QuizAPIController (api).
2025-11-13 15:38:51.892 +01:00 [INF] Executing OkObjectResult, writing value of type 'System.Linq.Enumerable+SelectListIterator`2[[api.Models.Quiz, api, Version=1.0.0.0, Culture=neutral, PublicKeyToken=null],[api.DTOs.QuizDto, api, Version=1.0.0.0, Culture=neutral, PublicKeyToken=null]]'.
2025-11-13 15:38:51.893 +01:00 [INF] Executed action api.Controllers.QuizAPIController.QuizList (api) in 7.3827ms
2025-11-13 15:38:51.894 +01:00 [INF] Executed endpoint 'api.Controllers.QuizAPIController.QuizList (api)'
2025-11-13 15:38:51.894 +01:00 [INF] Request finished HTTP/1.1 GET http://localhost:5082/api/quizapi/quizlist - 200 377 application/json; charset=utf-8 10.2836ms
2025-11-13 15:39:46.011 +01:00 [INF] Request starting HTTP/1.1 OPTIONS http://localhost:5082/api/quizapi/create - null null
2025-11-13 15:39:46.012 +01:00 [INF] CORS policy execution successful.
2025-11-13 15:39:46.012 +01:00 [INF] Request finished HTTP/1.1 OPTIONS http://localhost:5082/api/quizapi/create - 204 null null 0.9131ms
2025-11-13 15:39:46.014 +01:00 [INF] Request starting HTTP/1.1 POST http://localhost:5082/api/quizapi/create - application/json 137
2025-11-13 15:39:46.015 +01:00 [INF] CORS policy execution successful.
2025-11-13 15:39:46.016 +01:00 [INF] Executing endpoint 'api.Controllers.QuizAPIController.Create (api)'
2025-11-13 15:39:46.025 +01:00 [INF] Route matched with {action = "Create", controller = "QuizAPI"}. Executing controller action with signature System.Threading.Tasks.Task`1[Microsoft.AspNetCore.Mvc.IActionResult] Create(api.DTOs.QuizDto) on controller api.Controllers.QuizAPIController (api).
2025-11-13 15:39:46.059 +01:00 [INF] Executing CreatedAtActionResult, writing value of type 'api.Models.Quiz'.
2025-11-13 15:39:46.093 +01:00 [INF] Executed action api.Controllers.QuizAPIController.Create (api) in 68.1176ms
2025-11-13 15:39:46.093 +01:00 [INF] Executed endpoint 'api.Controllers.QuizAPIController.Create (api)'
2025-11-13 15:39:46.093 +01:00 [INF] Request finished HTTP/1.1 POST http://localhost:5082/api/quizapi/create - 201 254 application/json; charset=utf-8 79.1986ms
2025-11-13 15:39:46.127 +01:00 [INF] Request starting HTTP/1.1 GET http://localhost:5082/api/quizapi/quizlist - null null
2025-11-13 15:39:46.127 +01:00 [INF] CORS policy execution successful.
2025-11-13 15:39:46.128 +01:00 [INF] Executing endpoint 'api.Controllers.QuizAPIController.QuizList (api)'
2025-11-13 15:39:46.128 +01:00 [INF] Route matched with {action = "QuizList", controller = "QuizAPI"}. Executing controller action with signature System.Threading.Tasks.Task`1[Microsoft.AspNetCore.Mvc.IActionResult] QuizList() on controller api.Controllers.QuizAPIController (api).
2025-11-13 15:39:46.135 +01:00 [INF] Executing OkObjectResult, writing value of type 'System.Linq.Enumerable+SelectListIterator`2[[api.Models.Quiz, api, Version=1.0.0.0, Culture=neutral, PublicKeyToken=null],[api.DTOs.QuizDto, api, Version=1.0.0.0, Culture=neutral, PublicKeyToken=null]]'.
2025-11-13 15:39:46.136 +01:00 [INF] Executed action api.Controllers.QuizAPIController.QuizList (api) in 7.3937ms
2025-11-13 15:39:46.136 +01:00 [INF] Executed endpoint 'api.Controllers.QuizAPIController.QuizList (api)'
2025-11-13 15:39:46.136 +01:00 [INF] Request finished HTTP/1.1 GET http://localhost:5082/api/quizapi/quizlist - 200 419 application/json; charset=utf-8 9.266ms
2025-11-13 15:39:46.139 +01:00 [INF] Request starting HTTP/1.1 GET http://localhost:5082/api/quizapi/quizlist - null null
2025-11-13 15:39:46.139 +01:00 [INF] CORS policy execution successful.
2025-11-13 15:39:46.139 +01:00 [INF] Executing endpoint 'api.Controllers.QuizAPIController.QuizList (api)'
2025-11-13 15:39:46.140 +01:00 [INF] Route matched with {action = "QuizList", controller = "QuizAPI"}. Executing controller action with signature System.Threading.Tasks.Task`1[Microsoft.AspNetCore.Mvc.IActionResult] QuizList() on controller api.Controllers.QuizAPIController (api).
2025-11-13 15:39:46.145 +01:00 [INF] Executing OkObjectResult, writing value of type 'System.Linq.Enumerable+SelectListIterator`2[[api.Models.Quiz, api, Version=1.0.0.0, Culture=neutral, PublicKeyToken=null],[api.DTOs.QuizDto, api, Version=1.0.0.0, Culture=neutral, PublicKeyToken=null]]'.
2025-11-13 15:39:46.146 +01:00 [INF] Executed action api.Controllers.QuizAPIController.QuizList (api) in 6.317ms
2025-11-13 15:39:46.146 +01:00 [INF] Executed endpoint 'api.Controllers.QuizAPIController.QuizList (api)'
2025-11-13 15:39:46.147 +01:00 [INF] Request finished HTTP/1.1 GET http://localhost:5082/api/quizapi/quizlist - 200 419 application/json; charset=utf-8 7.9233ms
2025-11-13 15:39:47.371 +01:00 [INF] Request starting HTTP/1.1 GET http://localhost:5082/api/quizapi/13 - null null
2025-11-13 15:39:47.371 +01:00 [INF] CORS policy execution successful.
2025-11-13 15:39:47.372 +01:00 [INF] Executing endpoint 'api.Controllers.QuizAPIController.GetQuiz (api)'
2025-11-13 15:39:47.372 +01:00 [INF] Route matched with {action = "GetQuiz", controller = "QuizAPI"}. Executing controller action with signature System.Threading.Tasks.Task`1[Microsoft.AspNetCore.Mvc.IActionResult] GetQuiz(Int32) on controller api.Controllers.QuizAPIController (api).
2025-11-13 15:39:47.375 +01:00 [INF] Executing OkObjectResult, writing value of type 'api.Models.Quiz'.
2025-11-13 15:39:47.376 +01:00 [INF] Executed action api.Controllers.QuizAPIController.GetQuiz (api) in 4.5992ms
2025-11-13 15:39:47.377 +01:00 [INF] Executed endpoint 'api.Controllers.QuizAPIController.GetQuiz (api)'
2025-11-13 15:39:47.377 +01:00 [INF] Request finished HTTP/1.1 GET http://localhost:5082/api/quizapi/13 - 200 254 application/json; charset=utf-8 6.3816ms
2025-11-13 15:39:47.380 +01:00 [INF] Request starting HTTP/1.1 GET http://localhost:5082/api/quizapi/13 - null null
2025-11-13 15:39:47.381 +01:00 [INF] CORS policy execution successful.
2025-11-13 15:39:47.381 +01:00 [INF] Executing endpoint 'api.Controllers.QuizAPIController.GetQuiz (api)'
2025-11-13 15:39:47.381 +01:00 [INF] Route matched with {action = "GetQuiz", controller = "QuizAPI"}. Executing controller action with signature System.Threading.Tasks.Task`1[Microsoft.AspNetCore.Mvc.IActionResult] GetQuiz(Int32) on controller api.Controllers.QuizAPIController (api).
2025-11-13 15:39:47.384 +01:00 [INF] Executing OkObjectResult, writing value of type 'api.Models.Quiz'.
2025-11-13 15:39:47.384 +01:00 [INF] Executed action api.Controllers.QuizAPIController.GetQuiz (api) in 3.1487ms
2025-11-13 15:39:47.384 +01:00 [INF] Executed endpoint 'api.Controllers.QuizAPIController.GetQuiz (api)'
2025-11-13 15:39:47.384 +01:00 [INF] Request finished HTTP/1.1 GET http://localhost:5082/api/quizapi/13 - 200 254 application/json; charset=utf-8 4.185ms
2025-11-13 15:39:48.638 +01:00 [INF] Request starting HTTP/1.1 GET http://localhost:5082/api/quizapi/quizlist - null null
2025-11-13 15:39:48.640 +01:00 [INF] CORS policy execution successful.
2025-11-13 15:39:48.640 +01:00 [INF] Executing endpoint 'api.Controllers.QuizAPIController.QuizList (api)'
2025-11-13 15:39:48.643 +01:00 [INF] Route matched with {action = "QuizList", controller = "QuizAPI"}. Executing controller action with signature System.Threading.Tasks.Task`1[Microsoft.AspNetCore.Mvc.IActionResult] QuizList() on controller api.Controllers.QuizAPIController (api).
2025-11-13 15:39:48.648 +01:00 [INF] Executing OkObjectResult, writing value of type 'System.Linq.Enumerable+SelectListIterator`2[[api.Models.Quiz, api, Version=1.0.0.0, Culture=neutral, PublicKeyToken=null],[api.DTOs.QuizDto, api, Version=1.0.0.0, Culture=neutral, PublicKeyToken=null]]'.
2025-11-13 15:39:48.649 +01:00 [INF] Executed action api.Controllers.QuizAPIController.QuizList (api) in 5.4376ms
2025-11-13 15:39:48.649 +01:00 [INF] Executed endpoint 'api.Controllers.QuizAPIController.QuizList (api)'
2025-11-13 15:39:48.649 +01:00 [INF] Request finished HTTP/1.1 GET http://localhost:5082/api/quizapi/quizlist - 200 419 application/json; charset=utf-8 11.0491ms
2025-11-13 15:39:48.652 +01:00 [INF] Request starting HTTP/1.1 GET http://localhost:5082/api/quizapi/quizlist - null null
2025-11-13 15:39:48.653 +01:00 [INF] CORS policy execution successful.
2025-11-13 15:39:48.654 +01:00 [INF] Executing endpoint 'api.Controllers.QuizAPIController.QuizList (api)'
2025-11-13 15:39:48.654 +01:00 [INF] Route matched with {action = "QuizList", controller = "QuizAPI"}. Executing controller action with signature System.Threading.Tasks.Task`1[Microsoft.AspNetCore.Mvc.IActionResult] QuizList() on controller api.Controllers.QuizAPIController (api).
2025-11-13 15:39:48.658 +01:00 [INF] Executing OkObjectResult, writing value of type 'System.Linq.Enumerable+SelectListIterator`2[[api.Models.Quiz, api, Version=1.0.0.0, Culture=neutral, PublicKeyToken=null],[api.DTOs.QuizDto, api, Version=1.0.0.0, Culture=neutral, PublicKeyToken=null]]'.
2025-11-13 15:39:48.659 +01:00 [INF] Executed action api.Controllers.QuizAPIController.QuizList (api) in 5.1205ms
2025-11-13 15:39:48.659 +01:00 [INF] Executed endpoint 'api.Controllers.QuizAPIController.QuizList (api)'
2025-11-13 15:39:48.659 +01:00 [INF] Request finished HTTP/1.1 GET http://localhost:5082/api/quizapi/quizlist - 200 419 application/json; charset=utf-8 7.0374ms
2025-11-13 15:39:51.377 +01:00 [INF] Request starting HTTP/1.1 OPTIONS http://localhost:5082/api/quizapi/delete/13 - null null
2025-11-13 15:39:51.377 +01:00 [INF] CORS policy execution successful.
2025-11-13 15:39:51.377 +01:00 [INF] Request finished HTTP/1.1 OPTIONS http://localhost:5082/api/quizapi/delete/13 - 204 null null 0.757ms
2025-11-13 15:39:51.380 +01:00 [INF] Request starting HTTP/1.1 DELETE http://localhost:5082/api/quizapi/delete/13 - application/json null
2025-11-13 15:39:51.380 +01:00 [INF] CORS policy execution successful.
2025-11-13 15:39:51.381 +01:00 [INF] Executing endpoint 'api.Controllers.QuizAPIController.Delete (api)'
2025-11-13 15:39:51.387 +01:00 [INF] Route matched with {action = "Delete", controller = "QuizAPI"}. Executing controller action with signature System.Threading.Tasks.Task`1[Microsoft.AspNetCore.Mvc.IActionResult] Delete(Int32) on controller api.Controllers.QuizAPIController (api).
2025-11-13 15:39:51.426 +01:00 [INF] Executing StatusCodeResult, setting HTTP status code 204
2025-11-13 15:39:51.427 +01:00 [INF] Executed action api.Controllers.QuizAPIController.Delete (api) in 39.2955ms
2025-11-13 15:39:51.427 +01:00 [INF] Executed endpoint 'api.Controllers.QuizAPIController.Delete (api)'
2025-11-13 15:39:51.428 +01:00 [INF] Request finished HTTP/1.1 DELETE http://localhost:5082/api/quizapi/delete/13 - 204 null null 47.4445ms
2025-11-13 15:40:11.179 +01:00 [INF] Request starting HTTP/1.1 OPTIONS http://localhost:5082/api/quizapi/create - null null
2025-11-13 15:40:11.179 +01:00 [INF] CORS policy execution successful.
2025-11-13 15:40:11.180 +01:00 [INF] Request finished HTTP/1.1 OPTIONS http://localhost:5082/api/quizapi/create - 204 null null 0.6348ms
2025-11-13 15:40:11.182 +01:00 [INF] Request starting HTTP/1.1 POST http://localhost:5082/api/quizapi/create - application/json 143
2025-11-13 15:40:11.182 +01:00 [INF] CORS policy execution successful.
2025-11-13 15:40:11.183 +01:00 [INF] Executing endpoint 'api.Controllers.QuizAPIController.Create (api)'
2025-11-13 15:40:11.183 +01:00 [INF] Route matched with {action = "Create", controller = "QuizAPI"}. Executing controller action with signature System.Threading.Tasks.Task`1[Microsoft.AspNetCore.Mvc.IActionResult] Create(api.DTOs.QuizDto) on controller api.Controllers.QuizAPIController (api).
2025-11-13 15:40:11.184 +01:00 [INF] Executing BadRequestObjectResult, writing value of type 'System.String'.
2025-11-13 15:40:11.184 +01:00 [INF] Executed action api.Controllers.QuizAPIController.Create (api) in 1.2661ms
2025-11-13 15:40:11.184 +01:00 [INF] Executed endpoint 'api.Controllers.QuizAPIController.Create (api)'
2025-11-13 15:40:11.185 +01:00 [INF] Request finished HTTP/1.1 POST http://localhost:5082/api/quizapi/create - 400 null text/plain; charset=utf-8 2.6789ms
2025-11-13 15:40:18.774 +01:00 [INF] Request starting HTTP/1.1 OPTIONS http://localhost:5082/api/quizapi/create - null null
2025-11-13 15:40:18.775 +01:00 [INF] CORS policy execution successful.
2025-11-13 15:40:18.775 +01:00 [INF] Request finished HTTP/1.1 OPTIONS http://localhost:5082/api/quizapi/create - 204 null null 0.8172ms
2025-11-13 15:40:18.777 +01:00 [INF] Request starting HTTP/1.1 POST http://localhost:5082/api/quizapi/create - application/json 144
2025-11-13 15:40:18.778 +01:00 [INF] CORS policy execution successful.
2025-11-13 15:40:18.778 +01:00 [INF] Executing endpoint 'api.Controllers.QuizAPIController.Create (api)'
2025-11-13 15:40:18.779 +01:00 [INF] Route matched with {action = "Create", controller = "QuizAPI"}. Executing controller action with signature System.Threading.Tasks.Task`1[Microsoft.AspNetCore.Mvc.IActionResult] Create(api.DTOs.QuizDto) on controller api.Controllers.QuizAPIController (api).
2025-11-13 15:40:18.780 +01:00 [INF] Executing BadRequestObjectResult, writing value of type 'System.String'.
2025-11-13 15:40:18.780 +01:00 [INF] Executed action api.Controllers.QuizAPIController.Create (api) in 1.3197ms
2025-11-13 15:40:18.780 +01:00 [INF] Executed endpoint 'api.Controllers.QuizAPIController.Create (api)'
2025-11-13 15:40:18.781 +01:00 [INF] Request finished HTTP/1.1 POST http://localhost:5082/api/quizapi/create - 400 null text/plain; charset=utf-8 2.9161ms
2025-11-13 15:40:26.195 +01:00 [INF] Request starting HTTP/1.1 OPTIONS http://localhost:5082/api/quizapi/create - null null
2025-11-13 15:40:26.195 +01:00 [INF] CORS policy execution successful.
2025-11-13 15:40:26.196 +01:00 [INF] Request finished HTTP/1.1 OPTIONS http://localhost:5082/api/quizapi/create - 204 null null 0.6021ms
2025-11-13 15:40:26.198 +01:00 [INF] Request starting HTTP/1.1 POST http://localhost:5082/api/quizapi/create - application/json 146
2025-11-13 15:40:26.198 +01:00 [INF] CORS policy execution successful.
2025-11-13 15:40:26.199 +01:00 [INF] Executing endpoint 'api.Controllers.QuizAPIController.Create (api)'
2025-11-13 15:40:26.199 +01:00 [INF] Route matched with {action = "Create", controller = "QuizAPI"}. Executing controller action with signature System.Threading.Tasks.Task`1[Microsoft.AspNetCore.Mvc.IActionResult] Create(api.DTOs.QuizDto) on controller api.Controllers.QuizAPIController (api).
2025-11-13 15:40:26.200 +01:00 [INF] Executing BadRequestObjectResult, writing value of type 'System.String'.
2025-11-13 15:40:26.201 +01:00 [INF] Executed action api.Controllers.QuizAPIController.Create (api) in 1.5684ms
2025-11-13 15:40:26.201 +01:00 [INF] Executed endpoint 'api.Controllers.QuizAPIController.Create (api)'
2025-11-13 15:40:26.201 +01:00 [INF] Request finished HTTP/1.1 POST http://localhost:5082/api/quizapi/create - 400 null text/plain; charset=utf-8 2.7383ms
2025-11-13 15:40:31.100 +01:00 [INF] Request starting HTTP/1.1 GET http://localhost:5082/api/quizapi/quizlist - null null
2025-11-13 15:40:31.101 +01:00 [INF] CORS policy execution successful.
2025-11-13 15:40:31.101 +01:00 [INF] Executing endpoint 'api.Controllers.QuizAPIController.QuizList (api)'
2025-11-13 15:40:31.101 +01:00 [INF] Route matched with {action = "QuizList", controller = "QuizAPI"}. Executing controller action with signature System.Threading.Tasks.Task`1[Microsoft.AspNetCore.Mvc.IActionResult] QuizList() on controller api.Controllers.QuizAPIController (api).
2025-11-13 15:40:31.109 +01:00 [INF] Executing OkObjectResult, writing value of type 'System.Linq.Enumerable+SelectListIterator`2[[api.Models.Quiz, api, Version=1.0.0.0, Culture=neutral, PublicKeyToken=null],[api.DTOs.QuizDto, api, Version=1.0.0.0, Culture=neutral, PublicKeyToken=null]]'.
2025-11-13 15:40:31.110 +01:00 [INF] Executed action api.Controllers.QuizAPIController.QuizList (api) in 8.4702ms
2025-11-13 15:40:31.110 +01:00 [INF] Executed endpoint 'api.Controllers.QuizAPIController.QuizList (api)'
2025-11-13 15:40:31.110 +01:00 [INF] Request finished HTTP/1.1 GET http://localhost:5082/api/quizapi/quizlist - 200 377 application/json; charset=utf-8 9.6297ms
2025-11-13 15:40:31.112 +01:00 [INF] Request starting HTTP/1.1 GET http://localhost:5082/api/quizapi/quizlist - null null
2025-11-13 15:40:31.113 +01:00 [INF] CORS policy execution successful.
2025-11-13 15:40:31.113 +01:00 [INF] Executing endpoint 'api.Controllers.QuizAPIController.QuizList (api)'
2025-11-13 15:40:31.113 +01:00 [INF] Route matched with {action = "QuizList", controller = "QuizAPI"}. Executing controller action with signature System.Threading.Tasks.Task`1[Microsoft.AspNetCore.Mvc.IActionResult] QuizList() on controller api.Controllers.QuizAPIController (api).
2025-11-13 15:40:31.116 +01:00 [INF] Executing OkObjectResult, writing value of type 'System.Linq.Enumerable+SelectListIterator`2[[api.Models.Quiz, api, Version=1.0.0.0, Culture=neutral, PublicKeyToken=null],[api.DTOs.QuizDto, api, Version=1.0.0.0, Culture=neutral, PublicKeyToken=null]]'.
2025-11-13 15:40:31.117 +01:00 [INF] Executed action api.Controllers.QuizAPIController.QuizList (api) in 3.4586ms
2025-11-13 15:40:31.117 +01:00 [INF] Executed endpoint 'api.Controllers.QuizAPIController.QuizList (api)'
2025-11-13 15:40:31.117 +01:00 [INF] Request finished HTTP/1.1 GET http://localhost:5082/api/quizapi/quizlist - 200 377 application/json; charset=utf-8 4.7142ms
2025-11-13 15:40:36.808 +01:00 [INF] Application is shutting down...
