2025-11-01 09:55:54.985 +01:00 [INF] Now listening on: http://localhost:5082
2025-11-01 09:55:54.997 +01:00 [INF] Application started. Press Ctrl+C to shut down.
2025-11-01 09:55:54.998 +01:00 [INF] Hosting environment: Development
2025-11-01 09:55:54.998 +01:00 [INF] Content root path: C:\Users\Admin\OneDrive - OsloMet\FinalExamITPE3200\EXAMFAM\api
2025-11-01 09:56:12.817 +01:00 [INF] Request starting HTTP/1.1 GET http://localhost:5082/api/takequizapi/takequizlist - null null
2025-11-01 09:56:12.970 +01:00 [INF] CORS policy execution successful.
2025-11-01 09:56:12.975 +01:00 [INF] Executing endpoint 'api.Controllers.TakeQuizApiController.GetAllQuizzes (api)'
2025-11-01 09:56:13.042 +01:00 [INF] Route matched with {action = "GetAllQuizzes", controller = "TakeQuizApi"}. Executing controller action with signature System.Threading.Tasks.Task`1[Microsoft.AspNetCore.Mvc.IActionResult] GetAllQuizzes() on controller api.Controllers.TakeQuizApiController (api).
2025-11-01 09:56:14.355 +01:00 [WRN] Compiling a query which loads related collections for more than one collection navigation, either via 'Include' or through projection, but no 'QuerySplittingBehavior' has been configured. By default, Entity Framework will use 'QuerySplittingBehavior.SingleQuery', which can potentially result in slow query performance. See https://go.microsoft.com/fwlink/?linkid=2134277 for more information. To identify the query that's triggering this warning call 'ConfigureWarnings(w => w.Throw(RelationalEventId.MultipleCollectionIncludeWarning))'.
2025-11-01 09:56:15.216 +01:00 [INF] Request starting HTTP/1.1 GET http://localhost:5082/api/quizapi/quizlist - null null
2025-11-01 09:56:15.220 +01:00 [INF] CORS policy execution successful.
2025-11-01 09:56:15.220 +01:00 [INF] Executing endpoint 'api.Controllers.QuizAPIController.QuizList (api)'
2025-11-01 09:56:15.224 +01:00 [INF] Route matched with {action = "QuizList", controller = "QuizAPI"}. Executing controller action with signature System.Threading.Tasks.Task`1[Microsoft.AspNetCore.Mvc.IActionResult] QuizList() on controller api.Controllers.QuizAPIController (api).
2025-11-01 09:56:15.412 +01:00 [INF] Executing OkObjectResult, writing value of type 'System.Linq.Enumerable+SelectListIterator`2[[api.Models.Quiz, api, Version=1.0.0.0, Culture=neutral, PublicKeyToken=null],[<>f__AnonymousType1`2[[System.Int32, System.Private.CoreLib, Version=8.0.0.0, Culture=neutral, PublicKeyToken=7cec85d7bea7798e],[System.String, System.Private.CoreLib, Version=8.0.0.0, Culture=neutral, PublicKeyToken=7cec85d7bea7798e]], api, Version=1.0.0.0, Culture=neutral, PublicKeyToken=null]]'.
2025-11-01 09:56:15.412 +01:00 [INF] Executing OkObjectResult, writing value of type 'System.Linq.Enumerable+SelectListIterator`2[[api.Models.Quiz, api, Version=1.0.0.0, Culture=neutral, PublicKeyToken=null],[api.DTOs.QuizDto, api, Version=1.0.0.0, Culture=neutral, PublicKeyToken=null]]'.
2025-11-01 09:56:15.690 +01:00 [INF] Executed action api.Controllers.TakeQuizApiController.GetAllQuizzes (api) in 2642.2338ms
2025-11-01 09:56:15.690 +01:00 [INF] Executed action api.Controllers.QuizAPIController.QuizList (api) in 460.9717ms
2025-11-01 09:56:15.692 +01:00 [INF] Executed endpoint 'api.Controllers.QuizAPIController.QuizList (api)'
2025-11-01 09:56:15.692 +01:00 [INF] Executed endpoint 'api.Controllers.TakeQuizApiController.GetAllQuizzes (api)'
2025-11-01 09:56:15.703 +01:00 [INF] Request finished HTTP/1.1 GET http://localhost:5082/api/takequizapi/takequizlist - 200 194 application/json; charset=utf-8 2896.299ms
2025-11-01 09:56:15.703 +01:00 [INF] Request finished HTTP/1.1 GET http://localhost:5082/api/quizapi/quizlist - 200 284 application/json; charset=utf-8 485.6616ms
2025-11-01 09:56:15.706 +01:00 [INF] Request starting HTTP/1.1 GET http://localhost:5082/api/takequizapi/takequizlist - null null
2025-11-01 09:56:15.706 +01:00 [INF] Request starting HTTP/1.1 GET http://localhost:5082/api/quizapi/quizlist - null null
2025-11-01 09:56:15.711 +01:00 [INF] CORS policy execution successful.
2025-11-01 09:56:15.711 +01:00 [INF] CORS policy execution successful.
2025-11-01 09:56:15.712 +01:00 [INF] Executing endpoint 'api.Controllers.TakeQuizApiController.GetAllQuizzes (api)'
2025-11-01 09:56:15.712 +01:00 [INF] Executing endpoint 'api.Controllers.QuizAPIController.QuizList (api)'
2025-11-01 09:56:15.712 +01:00 [INF] Route matched with {action = "GetAllQuizzes", controller = "TakeQuizApi"}. Executing controller action with signature System.Threading.Tasks.Task`1[Microsoft.AspNetCore.Mvc.IActionResult] GetAllQuizzes() on controller api.Controllers.TakeQuizApiController (api).
2025-11-01 09:56:15.712 +01:00 [INF] Route matched with {action = "QuizList", controller = "QuizAPI"}. Executing controller action with signature System.Threading.Tasks.Task`1[Microsoft.AspNetCore.Mvc.IActionResult] QuizList() on controller api.Controllers.QuizAPIController (api).
2025-11-01 09:56:15.810 +01:00 [INF] Executing OkObjectResult, writing value of type 'System.Linq.Enumerable+SelectListIterator`2[[api.Models.Quiz, api, Version=1.0.0.0, Culture=neutral, PublicKeyToken=null],[api.DTOs.QuizDto, api, Version=1.0.0.0, Culture=neutral, PublicKeyToken=null]]'.
2025-11-01 09:56:15.810 +01:00 [INF] Executing OkObjectResult, writing value of type 'System.Linq.Enumerable+SelectListIterator`2[[api.Models.Quiz, api, Version=1.0.0.0, Culture=neutral, PublicKeyToken=null],[<>f__AnonymousType1`2[[System.Int32, System.Private.CoreLib, Version=8.0.0.0, Culture=neutral, PublicKeyToken=7cec85d7bea7798e],[System.String, System.Private.CoreLib, Version=8.0.0.0, Culture=neutral, PublicKeyToken=7cec85d7bea7798e]], api, Version=1.0.0.0, Culture=neutral, PublicKeyToken=null]]'.
2025-11-01 09:56:15.811 +01:00 [INF] Executed action api.Controllers.TakeQuizApiController.GetAllQuizzes (api) in 99.1329ms
2025-11-01 09:56:15.811 +01:00 [INF] Executed action api.Controllers.QuizAPIController.QuizList (api) in 99.0995ms
2025-11-01 09:56:15.812 +01:00 [INF] Executed endpoint 'api.Controllers.TakeQuizApiController.GetAllQuizzes (api)'
2025-11-01 09:56:15.812 +01:00 [INF] Executed endpoint 'api.Controllers.QuizAPIController.QuizList (api)'
2025-11-01 09:56:15.813 +01:00 [INF] Request finished HTTP/1.1 GET http://localhost:5082/api/quizapi/quizlist - 200 284 application/json; charset=utf-8 106.275ms
2025-11-01 09:56:15.813 +01:00 [INF] Request finished HTTP/1.1 GET http://localhost:5082/api/takequizapi/takequizlist - 200 194 application/json; charset=utf-8 106.2549ms
2025-11-01 09:56:17.085 +01:00 [INF] Request starting HTTP/1.1 GET http://localhost:5082/api/takequizapi/takequizlist - null null
2025-11-01 09:56:17.086 +01:00 [INF] CORS policy execution successful.
2025-11-01 09:56:17.087 +01:00 [INF] Executing endpoint 'api.Controllers.TakeQuizApiController.GetAllQuizzes (api)'
2025-11-01 09:56:17.087 +01:00 [INF] Route matched with {action = "GetAllQuizzes", controller = "TakeQuizApi"}. Executing controller action with signature System.Threading.Tasks.Task`1[Microsoft.AspNetCore.Mvc.IActionResult] GetAllQuizzes() on controller api.Controllers.TakeQuizApiController (api).
2025-11-01 09:56:17.096 +01:00 [INF] Executing OkObjectResult, writing value of type 'System.Linq.Enumerable+SelectListIterator`2[[api.Models.Quiz, api, Version=1.0.0.0, Culture=neutral, PublicKeyToken=null],[<>f__AnonymousType1`2[[System.Int32, System.Private.CoreLib, Version=8.0.0.0, Culture=neutral, PublicKeyToken=7cec85d7bea7798e],[System.String, System.Private.CoreLib, Version=8.0.0.0, Culture=neutral, PublicKeyToken=7cec85d7bea7798e]], api, Version=1.0.0.0, Culture=neutral, PublicKeyToken=null]]'.
2025-11-01 09:56:17.097 +01:00 [INF] Executed action api.Controllers.TakeQuizApiController.GetAllQuizzes (api) in 9.6459ms
2025-11-01 09:56:17.097 +01:00 [INF] Executed endpoint 'api.Controllers.TakeQuizApiController.GetAllQuizzes (api)'
2025-11-01 09:56:17.097 +01:00 [INF] Request finished HTTP/1.1 GET http://localhost:5082/api/takequizapi/takequizlist - 200 194 application/json; charset=utf-8 12.2964ms
2025-11-01 09:56:17.100 +01:00 [INF] Request starting HTTP/1.1 GET http://localhost:5082/api/takequizapi/takequizlist - null null
2025-11-01 09:56:17.101 +01:00 [INF] CORS policy execution successful.
2025-11-01 09:56:17.101 +01:00 [INF] Executing endpoint 'api.Controllers.TakeQuizApiController.GetAllQuizzes (api)'
2025-11-01 09:56:17.101 +01:00 [INF] Route matched with {action = "GetAllQuizzes", controller = "TakeQuizApi"}. Executing controller action with signature System.Threading.Tasks.Task`1[Microsoft.AspNetCore.Mvc.IActionResult] GetAllQuizzes() on controller api.Controllers.TakeQuizApiController (api).
2025-11-01 09:56:17.109 +01:00 [INF] Executing OkObjectResult, writing value of type 'System.Linq.Enumerable+SelectListIterator`2[[api.Models.Quiz, api, Version=1.0.0.0, Culture=neutral, PublicKeyToken=null],[<>f__AnonymousType1`2[[System.Int32, System.Private.CoreLib, Version=8.0.0.0, Culture=neutral, PublicKeyToken=7cec85d7bea7798e],[System.String, System.Private.CoreLib, Version=8.0.0.0, Culture=neutral, PublicKeyToken=7cec85d7bea7798e]], api, Version=1.0.0.0, Culture=neutral, PublicKeyToken=null]]'.
2025-11-01 09:56:17.110 +01:00 [INF] Executed action api.Controllers.TakeQuizApiController.GetAllQuizzes (api) in 8.2392ms
2025-11-01 09:56:17.110 +01:00 [INF] Executed endpoint 'api.Controllers.TakeQuizApiController.GetAllQuizzes (api)'
2025-11-01 09:56:17.110 +01:00 [INF] Request finished HTTP/1.1 GET http://localhost:5082/api/takequizapi/takequizlist - 200 194 application/json; charset=utf-8 10.2222ms
2025-11-01 09:56:19.414 +01:00 [INF] Request starting HTTP/1.1 GET http://localhost:5082/api/quizapi/quizlist - null null
2025-11-01 09:56:19.415 +01:00 [INF] CORS policy execution successful.
2025-11-01 09:56:19.415 +01:00 [INF] Executing endpoint 'api.Controllers.QuizAPIController.QuizList (api)'
2025-11-01 09:56:19.415 +01:00 [INF] Route matched with {action = "QuizList", controller = "QuizAPI"}. Executing controller action with signature System.Threading.Tasks.Task`1[Microsoft.AspNetCore.Mvc.IActionResult] QuizList() on controller api.Controllers.QuizAPIController (api).
2025-11-01 09:56:19.425 +01:00 [INF] Executing OkObjectResult, writing value of type 'System.Linq.Enumerable+SelectListIterator`2[[api.Models.Quiz, api, Version=1.0.0.0, Culture=neutral, PublicKeyToken=null],[api.DTOs.QuizDto, api, Version=1.0.0.0, Culture=neutral, PublicKeyToken=null]]'.
2025-11-01 09:56:19.426 +01:00 [INF] Executed action api.Controllers.QuizAPIController.QuizList (api) in 10.661ms
2025-11-01 09:56:19.426 +01:00 [INF] Executed endpoint 'api.Controllers.QuizAPIController.QuizList (api)'
2025-11-01 09:56:19.427 +01:00 [INF] Request finished HTTP/1.1 GET http://localhost:5082/api/quizapi/quizlist - 200 284 application/json; charset=utf-8 12.4818ms
2025-11-01 09:56:19.429 +01:00 [INF] Request starting HTTP/1.1 GET http://localhost:5082/api/quizapi/quizlist - null null
2025-11-01 09:56:19.429 +01:00 [INF] CORS policy execution successful.
2025-11-01 09:56:19.430 +01:00 [INF] Executing endpoint 'api.Controllers.QuizAPIController.QuizList (api)'
2025-11-01 09:56:19.430 +01:00 [INF] Route matched with {action = "QuizList", controller = "QuizAPI"}. Executing controller action with signature System.Threading.Tasks.Task`1[Microsoft.AspNetCore.Mvc.IActionResult] QuizList() on controller api.Controllers.QuizAPIController (api).
2025-11-01 09:56:19.436 +01:00 [INF] Executing OkObjectResult, writing value of type 'System.Linq.Enumerable+SelectListIterator`2[[api.Models.Quiz, api, Version=1.0.0.0, Culture=neutral, PublicKeyToken=null],[api.DTOs.QuizDto, api, Version=1.0.0.0, Culture=neutral, PublicKeyToken=null]]'.
2025-11-01 09:56:19.437 +01:00 [INF] Executed action api.Controllers.QuizAPIController.QuizList (api) in 7.011ms
2025-11-01 09:56:19.437 +01:00 [INF] Executed endpoint 'api.Controllers.QuizAPIController.QuizList (api)'
2025-11-01 09:56:19.437 +01:00 [INF] Request finished HTTP/1.1 GET http://localhost:5082/api/quizapi/quizlist - 200 284 application/json; charset=utf-8 8.4625ms
2025-11-01 09:56:21.658 +01:00 [INF] Request starting HTTP/1.1 GET http://localhost:5082/api/quizapi/7 - null null
2025-11-01 09:56:21.659 +01:00 [INF] CORS policy execution successful.
2025-11-01 09:56:21.659 +01:00 [INF] Executing endpoint 'api.Controllers.QuizAPIController.GetQuiz (api)'
2025-11-01 09:56:21.678 +01:00 [INF] Route matched with {action = "GetQuiz", controller = "QuizAPI"}. Executing controller action with signature System.Threading.Tasks.Task`1[Microsoft.AspNetCore.Mvc.IActionResult] GetQuiz(Int32) on controller api.Controllers.QuizAPIController (api).
2025-11-01 09:56:21.724 +01:00 [WRN] Compiling a query which loads related collections for more than one collection navigation, either via 'Include' or through projection, but no 'QuerySplittingBehavior' has been configured. By default, Entity Framework will use 'QuerySplittingBehavior.SingleQuery', which can potentially result in slow query performance. See https://go.microsoft.com/fwlink/?linkid=2134277 for more information. To identify the query that's triggering this warning call 'ConfigureWarnings(w => w.Throw(RelationalEventId.MultipleCollectionIncludeWarning))'.
2025-11-01 09:56:21.737 +01:00 [INF] Executing OkObjectResult, writing value of type 'api.Models.Quiz'.
2025-11-01 09:56:21.747 +01:00 [INF] Executed action api.Controllers.QuizAPIController.GetQuiz (api) in 69.4089ms
2025-11-01 09:56:21.748 +01:00 [INF] Executed endpoint 'api.Controllers.QuizAPIController.GetQuiz (api)'
2025-11-01 09:56:21.748 +01:00 [INF] Request finished HTTP/1.1 GET http://localhost:5082/api/quizapi/7 - 200 1368 application/json; charset=utf-8 89.9335ms
2025-11-01 09:56:21.751 +01:00 [INF] Request starting HTTP/1.1 GET http://localhost:5082/api/quizapi/7 - null null
2025-11-01 09:56:21.751 +01:00 [INF] CORS policy execution successful.
2025-11-01 09:56:21.751 +01:00 [INF] Executing endpoint 'api.Controllers.QuizAPIController.GetQuiz (api)'
2025-11-01 09:56:21.751 +01:00 [INF] Route matched with {action = "GetQuiz", controller = "QuizAPI"}. Executing controller action with signature System.Threading.Tasks.Task`1[Microsoft.AspNetCore.Mvc.IActionResult] GetQuiz(Int32) on controller api.Controllers.QuizAPIController (api).
2025-11-01 09:56:21.756 +01:00 [INF] Executing OkObjectResult, writing value of type 'api.Models.Quiz'.
2025-11-01 09:56:21.757 +01:00 [INF] Executed action api.Controllers.QuizAPIController.GetQuiz (api) in 6.0813ms
2025-11-01 09:56:21.757 +01:00 [INF] Executed endpoint 'api.Controllers.QuizAPIController.GetQuiz (api)'
2025-11-01 09:56:21.758 +01:00 [INF] Request finished HTTP/1.1 GET http://localhost:5082/api/quizapi/7 - 200 1368 application/json; charset=utf-8 7.0082ms
2025-11-01 09:56:25.000 +01:00 [INF] Request starting HTTP/1.1 GET http://localhost:5082/api/quizapi/quizlist - null null
2025-11-01 09:56:25.000 +01:00 [INF] CORS policy execution successful.
2025-11-01 09:56:25.000 +01:00 [INF] Executing endpoint 'api.Controllers.QuizAPIController.QuizList (api)'
2025-11-01 09:56:25.001 +01:00 [INF] Route matched with {action = "QuizList", controller = "QuizAPI"}. Executing controller action with signature System.Threading.Tasks.Task`1[Microsoft.AspNetCore.Mvc.IActionResult] QuizList() on controller api.Controllers.QuizAPIController (api).
2025-11-01 09:56:25.007 +01:00 [INF] Executing OkObjectResult, writing value of type 'System.Linq.Enumerable+SelectListIterator`2[[api.Models.Quiz, api, Version=1.0.0.0, Culture=neutral, PublicKeyToken=null],[api.DTOs.QuizDto, api, Version=1.0.0.0, Culture=neutral, PublicKeyToken=null]]'.
2025-11-01 09:56:25.008 +01:00 [INF] Executed action api.Controllers.QuizAPIController.QuizList (api) in 6.7829ms
2025-11-01 09:56:25.008 +01:00 [INF] Executed endpoint 'api.Controllers.QuizAPIController.QuizList (api)'
2025-11-01 09:56:25.008 +01:00 [INF] Request finished HTTP/1.1 GET http://localhost:5082/api/quizapi/quizlist - 200 284 application/json; charset=utf-8 8.874ms
2025-11-01 09:56:25.010 +01:00 [INF] Request starting HTTP/1.1 GET http://localhost:5082/api/quizapi/quizlist - null null
2025-11-01 09:56:25.011 +01:00 [INF] CORS policy execution successful.
2025-11-01 09:56:25.011 +01:00 [INF] Executing endpoint 'api.Controllers.QuizAPIController.QuizList (api)'
2025-11-01 09:56:25.012 +01:00 [INF] Route matched with {action = "QuizList", controller = "QuizAPI"}. Executing controller action with signature System.Threading.Tasks.Task`1[Microsoft.AspNetCore.Mvc.IActionResult] QuizList() on controller api.Controllers.QuizAPIController (api).
2025-11-01 09:56:25.019 +01:00 [INF] Executing OkObjectResult, writing value of type 'System.Linq.Enumerable+SelectListIterator`2[[api.Models.Quiz, api, Version=1.0.0.0, Culture=neutral, PublicKeyToken=null],[api.DTOs.QuizDto, api, Version=1.0.0.0, Culture=neutral, PublicKeyToken=null]]'.
2025-11-01 09:56:25.020 +01:00 [INF] Executed action api.Controllers.QuizAPIController.QuizList (api) in 7.5624ms
2025-11-01 09:56:25.020 +01:00 [INF] Executed endpoint 'api.Controllers.QuizAPIController.QuizList (api)'
2025-11-01 09:56:25.020 +01:00 [INF] Request finished HTTP/1.1 GET http://localhost:5082/api/quizapi/quizlist - 200 284 application/json; charset=utf-8 9.886ms
2025-11-01 09:56:26.548 +01:00 [INF] Request starting HTTP/1.1 GET http://localhost:5082/api/quizapi/7 - null null
2025-11-01 09:56:26.549 +01:00 [INF] CORS policy execution successful.
2025-11-01 09:56:26.549 +01:00 [INF] Executing endpoint 'api.Controllers.QuizAPIController.GetQuiz (api)'
2025-11-01 09:56:26.549 +01:00 [INF] Route matched with {action = "GetQuiz", controller = "QuizAPI"}. Executing controller action with signature System.Threading.Tasks.Task`1[Microsoft.AspNetCore.Mvc.IActionResult] GetQuiz(Int32) on controller api.Controllers.QuizAPIController (api).
2025-11-01 09:56:26.553 +01:00 [INF] Executing OkObjectResult, writing value of type 'api.Models.Quiz'.
2025-11-01 09:56:26.554 +01:00 [INF] Executed action api.Controllers.QuizAPIController.GetQuiz (api) in 4.5053ms
2025-11-01 09:56:26.554 +01:00 [INF] Executed endpoint 'api.Controllers.QuizAPIController.GetQuiz (api)'
2025-11-01 09:56:26.554 +01:00 [INF] Request finished HTTP/1.1 GET http://localhost:5082/api/quizapi/7 - 200 1368 application/json; charset=utf-8 5.7681ms
2025-11-01 09:56:26.557 +01:00 [INF] Request starting HTTP/1.1 GET http://localhost:5082/api/quizapi/7 - null null
2025-11-01 09:56:26.558 +01:00 [INF] CORS policy execution successful.
2025-11-01 09:56:26.558 +01:00 [INF] Executing endpoint 'api.Controllers.QuizAPIController.GetQuiz (api)'
2025-11-01 09:56:26.558 +01:00 [INF] Route matched with {action = "GetQuiz", controller = "QuizAPI"}. Executing controller action with signature System.Threading.Tasks.Task`1[Microsoft.AspNetCore.Mvc.IActionResult] GetQuiz(Int32) on controller api.Controllers.QuizAPIController (api).
2025-11-01 09:56:26.561 +01:00 [INF] Executing OkObjectResult, writing value of type 'api.Models.Quiz'.
2025-11-01 09:56:26.562 +01:00 [INF] Executed action api.Controllers.QuizAPIController.GetQuiz (api) in 4.1984ms
2025-11-01 09:56:26.563 +01:00 [INF] Executed endpoint 'api.Controllers.QuizAPIController.GetQuiz (api)'
2025-11-01 09:56:26.563 +01:00 [INF] Request finished HTTP/1.1 GET http://localhost:5082/api/quizapi/7 - 200 1368 application/json; charset=utf-8 5.8519ms
2025-11-01 09:56:42.412 +01:00 [INF] Request starting HTTP/1.1 OPTIONS http://localhost:5082/api/quizapi/update/7 - null null
2025-11-01 09:56:42.415 +01:00 [INF] CORS policy execution successful.
2025-11-01 09:56:42.420 +01:00 [INF] Request finished HTTP/1.1 OPTIONS http://localhost:5082/api/quizapi/update/7 - 204 null null 8.08ms
2025-11-01 09:56:42.426 +01:00 [INF] Request starting HTTP/1.1 PUT http://localhost:5082/api/quizapi/update/7 - application/json 897
2025-11-01 09:56:42.426 +01:00 [INF] CORS policy execution successful.
2025-11-01 09:56:42.426 +01:00 [INF] Executing endpoint 'api.Controllers.QuizAPIController.Update (api)'
2025-11-01 09:56:42.434 +01:00 [INF] Route matched with {action = "Update", controller = "QuizAPI"}. Executing controller action with signature System.Threading.Tasks.Task`1[Microsoft.AspNetCore.Mvc.IActionResult] Update(Int32, api.DTOs.QuizDto) on controller api.Controllers.QuizAPIController (api).
2025-11-01 09:56:42.760 +01:00 [INF] Executing OkObjectResult, writing value of type 'api.Models.Quiz'.
2025-11-01 09:56:42.762 +01:00 [INF] Executed action api.Controllers.QuizAPIController.Update (api) in 327.3221ms
2025-11-01 09:56:42.762 +01:00 [INF] Executed endpoint 'api.Controllers.QuizAPIController.Update (api)'
2025-11-01 09:56:42.762 +01:00 [INF] Request finished HTTP/1.1 PUT http://localhost:5082/api/quizapi/update/7 - 200 1580 application/json; charset=utf-8 336.4072ms
2025-11-01 09:56:42.810 +01:00 [INF] Request starting HTTP/1.1 GET http://localhost:5082/api/quizapi/quizlist - null null
2025-11-01 09:56:42.811 +01:00 [INF] CORS policy execution successful.
2025-11-01 09:56:42.811 +01:00 [INF] Executing endpoint 'api.Controllers.QuizAPIController.QuizList (api)'
2025-11-01 09:56:42.811 +01:00 [INF] Route matched with {action = "QuizList", controller = "QuizAPI"}. Executing controller action with signature System.Threading.Tasks.Task`1[Microsoft.AspNetCore.Mvc.IActionResult] QuizList() on controller api.Controllers.QuizAPIController (api).
2025-11-01 09:56:42.818 +01:00 [INF] Executing OkObjectResult, writing value of type 'System.Linq.Enumerable+SelectListIterator`2[[api.Models.Quiz, api, Version=1.0.0.0, Culture=neutral, PublicKeyToken=null],[api.DTOs.QuizDto, api, Version=1.0.0.0, Culture=neutral, PublicKeyToken=null]]'.
2025-11-01 09:56:42.819 +01:00 [INF] Executed action api.Controllers.QuizAPIController.QuizList (api) in 7.8252ms
2025-11-01 09:56:42.819 +01:00 [INF] Executed endpoint 'api.Controllers.QuizAPIController.QuizList (api)'
2025-11-01 09:56:42.820 +01:00 [INF] Request finished HTTP/1.1 GET http://localhost:5082/api/quizapi/quizlist - 200 284 application/json; charset=utf-8 10.6522ms
2025-11-01 09:56:42.824 +01:00 [INF] Request starting HTTP/1.1 GET http://localhost:5082/api/quizapi/quizlist - null null
2025-11-01 09:56:42.824 +01:00 [INF] CORS policy execution successful.
2025-11-01 09:56:42.825 +01:00 [INF] Executing endpoint 'api.Controllers.QuizAPIController.QuizList (api)'
2025-11-01 09:56:42.825 +01:00 [INF] Route matched with {action = "QuizList", controller = "QuizAPI"}. Executing controller action with signature System.Threading.Tasks.Task`1[Microsoft.AspNetCore.Mvc.IActionResult] QuizList() on controller api.Controllers.QuizAPIController (api).
2025-11-01 09:56:42.831 +01:00 [INF] Executing OkObjectResult, writing value of type 'System.Linq.Enumerable+SelectListIterator`2[[api.Models.Quiz, api, Version=1.0.0.0, Culture=neutral, PublicKeyToken=null],[api.DTOs.QuizDto, api, Version=1.0.0.0, Culture=neutral, PublicKeyToken=null]]'.
2025-11-01 09:56:42.832 +01:00 [INF] Executed action api.Controllers.QuizAPIController.QuizList (api) in 6.4112ms
2025-11-01 09:56:42.832 +01:00 [INF] Executed endpoint 'api.Controllers.QuizAPIController.QuizList (api)'
2025-11-01 09:56:42.833 +01:00 [INF] Request finished HTTP/1.1 GET http://localhost:5082/api/quizapi/quizlist - 200 284 application/json; charset=utf-8 8.6286ms
2025-11-01 09:56:44.367 +01:00 [INF] Request starting HTTP/1.1 GET http://localhost:5082/api/quizapi/7 - null null
2025-11-01 09:56:44.368 +01:00 [INF] CORS policy execution successful.
2025-11-01 09:56:44.368 +01:00 [INF] Executing endpoint 'api.Controllers.QuizAPIController.GetQuiz (api)'
2025-11-01 09:56:44.368 +01:00 [INF] Route matched with {action = "GetQuiz", controller = "QuizAPI"}. Executing controller action with signature System.Threading.Tasks.Task`1[Microsoft.AspNetCore.Mvc.IActionResult] GetQuiz(Int32) on controller api.Controllers.QuizAPIController (api).
2025-11-01 09:56:44.375 +01:00 [INF] Executing OkObjectResult, writing value of type 'api.Models.Quiz'.
2025-11-01 09:56:44.376 +01:00 [INF] Executed action api.Controllers.QuizAPIController.GetQuiz (api) in 7.5688ms
2025-11-01 09:56:44.376 +01:00 [INF] Executed endpoint 'api.Controllers.QuizAPIController.GetQuiz (api)'
2025-11-01 09:56:44.376 +01:00 [INF] Request finished HTTP/1.1 GET http://localhost:5082/api/quizapi/7 - 200 1580 application/json; charset=utf-8 8.6355ms
2025-11-01 09:56:44.378 +01:00 [INF] Request starting HTTP/1.1 GET http://localhost:5082/api/quizapi/7 - null null
2025-11-01 09:56:44.379 +01:00 [INF] CORS policy execution successful.
2025-11-01 09:56:44.379 +01:00 [INF] Executing endpoint 'api.Controllers.QuizAPIController.GetQuiz (api)'
2025-11-01 09:56:44.379 +01:00 [INF] Route matched with {action = "GetQuiz", controller = "QuizAPI"}. Executing controller action with signature System.Threading.Tasks.Task`1[Microsoft.AspNetCore.Mvc.IActionResult] GetQuiz(Int32) on controller api.Controllers.QuizAPIController (api).
2025-11-01 09:56:44.382 +01:00 [INF] Executing OkObjectResult, writing value of type 'api.Models.Quiz'.
2025-11-01 09:56:44.382 +01:00 [INF] Executed action api.Controllers.QuizAPIController.GetQuiz (api) in 2.9488ms
2025-11-01 09:56:44.382 +01:00 [INF] Executed endpoint 'api.Controllers.QuizAPIController.GetQuiz (api)'
2025-11-01 09:56:44.382 +01:00 [INF] Request finished HTTP/1.1 GET http://localhost:5082/api/quizapi/7 - 200 1580 application/json; charset=utf-8 4.3464ms
2025-11-01 09:56:45.869 +01:00 [INF] Request starting HTTP/1.1 GET http://localhost:5082/api/quizapi/quizlist - null null
2025-11-01 09:56:45.869 +01:00 [INF] CORS policy execution successful.
2025-11-01 09:56:45.869 +01:00 [INF] Executing endpoint 'api.Controllers.QuizAPIController.QuizList (api)'
2025-11-01 09:56:45.869 +01:00 [INF] Route matched with {action = "QuizList", controller = "QuizAPI"}. Executing controller action with signature System.Threading.Tasks.Task`1[Microsoft.AspNetCore.Mvc.IActionResult] QuizList() on controller api.Controllers.QuizAPIController (api).
2025-11-01 09:56:45.873 +01:00 [INF] Executing OkObjectResult, writing value of type 'System.Linq.Enumerable+SelectListIterator`2[[api.Models.Quiz, api, Version=1.0.0.0, Culture=neutral, PublicKeyToken=null],[api.DTOs.QuizDto, api, Version=1.0.0.0, Culture=neutral, PublicKeyToken=null]]'.
2025-11-01 09:56:45.874 +01:00 [INF] Executed action api.Controllers.QuizAPIController.QuizList (api) in 4.3159ms
2025-11-01 09:56:45.874 +01:00 [INF] Executed endpoint 'api.Controllers.QuizAPIController.QuizList (api)'
2025-11-01 09:56:45.875 +01:00 [INF] Request finished HTTP/1.1 GET http://localhost:5082/api/quizapi/quizlist - 200 284 application/json; charset=utf-8 5.6486ms
2025-11-01 09:56:45.877 +01:00 [INF] Request starting HTTP/1.1 GET http://localhost:5082/api/quizapi/quizlist - null null
2025-11-01 09:56:45.877 +01:00 [INF] CORS policy execution successful.
2025-11-01 09:56:45.877 +01:00 [INF] Executing endpoint 'api.Controllers.QuizAPIController.QuizList (api)'
2025-11-01 09:56:45.878 +01:00 [INF] Route matched with {action = "QuizList", controller = "QuizAPI"}. Executing controller action with signature System.Threading.Tasks.Task`1[Microsoft.AspNetCore.Mvc.IActionResult] QuizList() on controller api.Controllers.QuizAPIController (api).
2025-11-01 09:56:45.882 +01:00 [INF] Executing OkObjectResult, writing value of type 'System.Linq.Enumerable+SelectListIterator`2[[api.Models.Quiz, api, Version=1.0.0.0, Culture=neutral, PublicKeyToken=null],[api.DTOs.QuizDto, api, Version=1.0.0.0, Culture=neutral, PublicKeyToken=null]]'.
2025-11-01 09:56:45.882 +01:00 [INF] Executed action api.Controllers.QuizAPIController.QuizList (api) in 4.4476ms
2025-11-01 09:56:45.882 +01:00 [INF] Executed endpoint 'api.Controllers.QuizAPIController.QuizList (api)'
2025-11-01 09:56:45.883 +01:00 [INF] Request finished HTTP/1.1 GET http://localhost:5082/api/quizapi/quizlist - 200 284 application/json; charset=utf-8 6.0899ms
2025-11-01 09:56:46.798 +01:00 [INF] Request starting HTTP/1.1 GET http://localhost:5082/api/quizapi/7 - null null
2025-11-01 09:56:46.798 +01:00 [INF] CORS policy execution successful.
2025-11-01 09:56:46.798 +01:00 [INF] Executing endpoint 'api.Controllers.QuizAPIController.GetQuiz (api)'
2025-11-01 09:56:46.798 +01:00 [INF] Route matched with {action = "GetQuiz", controller = "QuizAPI"}. Executing controller action with signature System.Threading.Tasks.Task`1[Microsoft.AspNetCore.Mvc.IActionResult] GetQuiz(Int32) on controller api.Controllers.QuizAPIController (api).
2025-11-01 09:56:46.800 +01:00 [INF] Executing OkObjectResult, writing value of type 'api.Models.Quiz'.
2025-11-01 09:56:46.800 +01:00 [INF] Executed action api.Controllers.QuizAPIController.GetQuiz (api) in 1.9068ms
2025-11-01 09:56:46.800 +01:00 [INF] Executed endpoint 'api.Controllers.QuizAPIController.GetQuiz (api)'
2025-11-01 09:56:46.801 +01:00 [INF] Request finished HTTP/1.1 GET http://localhost:5082/api/quizapi/7 - 200 1580 application/json; charset=utf-8 2.8443ms
2025-11-01 09:56:46.803 +01:00 [INF] Request starting HTTP/1.1 GET http://localhost:5082/api/quizapi/7 - null null
2025-11-01 09:56:46.803 +01:00 [INF] CORS policy execution successful.
2025-11-01 09:56:46.803 +01:00 [INF] Executing endpoint 'api.Controllers.QuizAPIController.GetQuiz (api)'
2025-11-01 09:56:46.803 +01:00 [INF] Route matched with {action = "GetQuiz", controller = "QuizAPI"}. Executing controller action with signature System.Threading.Tasks.Task`1[Microsoft.AspNetCore.Mvc.IActionResult] GetQuiz(Int32) on controller api.Controllers.QuizAPIController (api).
2025-11-01 09:56:46.805 +01:00 [INF] Executing OkObjectResult, writing value of type 'api.Models.Quiz'.
2025-11-01 09:56:46.805 +01:00 [INF] Executed action api.Controllers.QuizAPIController.GetQuiz (api) in 2.2205ms
2025-11-01 09:56:46.805 +01:00 [INF] Executed endpoint 'api.Controllers.QuizAPIController.GetQuiz (api)'
2025-11-01 09:56:46.806 +01:00 [INF] Request finished HTTP/1.1 GET http://localhost:5082/api/quizapi/7 - 200 1580 application/json; charset=utf-8 3.0439ms
2025-11-01 09:56:53.015 +01:00 [INF] Request starting HTTP/1.1 OPTIONS http://localhost:5082/api/quizapi/update/7 - null null
2025-11-01 09:56:53.015 +01:00 [INF] CORS policy execution successful.
2025-11-01 09:56:53.015 +01:00 [INF] Request finished HTTP/1.1 OPTIONS http://localhost:5082/api/quizapi/update/7 - 204 null null 0.5309ms
2025-11-01 09:56:53.017 +01:00 [INF] Request starting HTTP/1.1 PUT http://localhost:5082/api/quizapi/update/7 - application/json 801
2025-11-01 09:56:53.017 +01:00 [INF] CORS policy execution successful.
2025-11-01 09:56:53.018 +01:00 [INF] Executing endpoint 'api.Controllers.QuizAPIController.Update (api)'
2025-11-01 09:56:53.018 +01:00 [INF] Route matched with {action = "Update", controller = "QuizAPI"}. Executing controller action with signature System.Threading.Tasks.Task`1[Microsoft.AspNetCore.Mvc.IActionResult] Update(Int32, api.DTOs.QuizDto) on controller api.Controllers.QuizAPIController (api).
2025-11-01 09:56:53.049 +01:00 [INF] Executing OkObjectResult, writing value of type 'api.Models.Quiz'.
2025-11-01 09:56:53.049 +01:00 [INF] Executed action api.Controllers.QuizAPIController.Update (api) in 31.6228ms
2025-11-01 09:56:53.050 +01:00 [INF] Executed endpoint 'api.Controllers.QuizAPIController.Update (api)'
2025-11-01 09:56:53.050 +01:00 [INF] Request finished HTTP/1.1 PUT http://localhost:5082/api/quizapi/update/7 - 200 1380 application/json; charset=utf-8 32.6254ms
2025-11-01 09:56:53.087 +01:00 [INF] Request starting HTTP/1.1 GET http://localhost:5082/api/quizapi/quizlist - null null
2025-11-01 09:56:53.088 +01:00 [INF] CORS policy execution successful.
2025-11-01 09:56:53.088 +01:00 [INF] Executing endpoint 'api.Controllers.QuizAPIController.QuizList (api)'
2025-11-01 09:56:53.088 +01:00 [INF] Route matched with {action = "QuizList", controller = "QuizAPI"}. Executing controller action with signature System.Threading.Tasks.Task`1[Microsoft.AspNetCore.Mvc.IActionResult] QuizList() on controller api.Controllers.QuizAPIController (api).
2025-11-01 09:56:53.094 +01:00 [INF] Executing OkObjectResult, writing value of type 'System.Linq.Enumerable+SelectListIterator`2[[api.Models.Quiz, api, Version=1.0.0.0, Culture=neutral, PublicKeyToken=null],[api.DTOs.QuizDto, api, Version=1.0.0.0, Culture=neutral, PublicKeyToken=null]]'.
2025-11-01 09:56:53.094 +01:00 [INF] Executed action api.Controllers.QuizAPIController.QuizList (api) in 6.2075ms
2025-11-01 09:56:53.094 +01:00 [INF] Executed endpoint 'api.Controllers.QuizAPIController.QuizList (api)'
2025-11-01 09:56:53.095 +01:00 [INF] Request finished HTTP/1.1 GET http://localhost:5082/api/quizapi/quizlist - 200 284 application/json; charset=utf-8 7.7806ms
2025-11-01 09:56:53.097 +01:00 [INF] Request starting HTTP/1.1 GET http://localhost:5082/api/quizapi/quizlist - null null
2025-11-01 09:56:53.097 +01:00 [INF] CORS policy execution successful.
2025-11-01 09:56:53.098 +01:00 [INF] Executing endpoint 'api.Controllers.QuizAPIController.QuizList (api)'
2025-11-01 09:56:53.098 +01:00 [INF] Route matched with {action = "QuizList", controller = "QuizAPI"}. Executing controller action with signature System.Threading.Tasks.Task`1[Microsoft.AspNetCore.Mvc.IActionResult] QuizList() on controller api.Controllers.QuizAPIController (api).
2025-11-01 09:56:53.100 +01:00 [INF] Executing OkObjectResult, writing value of type 'System.Linq.Enumerable+SelectListIterator`2[[api.Models.Quiz, api, Version=1.0.0.0, Culture=neutral, PublicKeyToken=null],[api.DTOs.QuizDto, api, Version=1.0.0.0, Culture=neutral, PublicKeyToken=null]]'.
2025-11-01 09:56:53.101 +01:00 [INF] Executed action api.Controllers.QuizAPIController.QuizList (api) in 3.1456ms
2025-11-01 09:56:53.101 +01:00 [INF] Executed endpoint 'api.Controllers.QuizAPIController.QuizList (api)'
2025-11-01 09:56:53.101 +01:00 [INF] Request finished HTTP/1.1 GET http://localhost:5082/api/quizapi/quizlist - 200 284 application/json; charset=utf-8 3.9373ms
2025-11-01 09:56:53.998 +01:00 [INF] Request starting HTTP/1.1 GET http://localhost:5082/api/quizapi/7 - null null
2025-11-01 09:56:53.998 +01:00 [INF] CORS policy execution successful.
2025-11-01 09:56:53.998 +01:00 [INF] Executing endpoint 'api.Controllers.QuizAPIController.GetQuiz (api)'
2025-11-01 09:56:53.998 +01:00 [INF] Route matched with {action = "GetQuiz", controller = "QuizAPI"}. Executing controller action with signature System.Threading.Tasks.Task`1[Microsoft.AspNetCore.Mvc.IActionResult] GetQuiz(Int32) on controller api.Controllers.QuizAPIController (api).
2025-11-01 09:56:54.001 +01:00 [INF] Executing OkObjectResult, writing value of type 'api.Models.Quiz'.
2025-11-01 09:56:54.002 +01:00 [INF] Executed action api.Controllers.QuizAPIController.GetQuiz (api) in 3.0765ms
2025-11-01 09:56:54.002 +01:00 [INF] Executed endpoint 'api.Controllers.QuizAPIController.GetQuiz (api)'
2025-11-01 09:56:54.002 +01:00 [INF] Request finished HTTP/1.1 GET http://localhost:5082/api/quizapi/7 - 200 1380 application/json; charset=utf-8 3.8692ms
2025-11-01 09:56:54.004 +01:00 [INF] Request starting HTTP/1.1 GET http://localhost:5082/api/quizapi/7 - null null
2025-11-01 09:56:54.005 +01:00 [INF] CORS policy execution successful.
2025-11-01 09:56:54.005 +01:00 [INF] Executing endpoint 'api.Controllers.QuizAPIController.GetQuiz (api)'
2025-11-01 09:56:54.005 +01:00 [INF] Route matched with {action = "GetQuiz", controller = "QuizAPI"}. Executing controller action with signature System.Threading.Tasks.Task`1[Microsoft.AspNetCore.Mvc.IActionResult] GetQuiz(Int32) on controller api.Controllers.QuizAPIController (api).
2025-11-01 09:56:54.008 +01:00 [INF] Executing OkObjectResult, writing value of type 'api.Models.Quiz'.
2025-11-01 09:56:54.009 +01:00 [INF] Executed action api.Controllers.QuizAPIController.GetQuiz (api) in 3.4209ms
2025-11-01 09:56:54.009 +01:00 [INF] Executed endpoint 'api.Controllers.QuizAPIController.GetQuiz (api)'
2025-11-01 09:56:54.010 +01:00 [INF] Request finished HTTP/1.1 GET http://localhost:5082/api/quizapi/7 - 200 1380 application/json; charset=utf-8 5.5003ms
2025-11-01 09:56:55.527 +01:00 [INF] Request starting HTTP/1.1 GET http://localhost:5082/api/quizapi/quizlist - null null
2025-11-01 09:56:55.528 +01:00 [INF] CORS policy execution successful.
2025-11-01 09:56:55.529 +01:00 [INF] Executing endpoint 'api.Controllers.QuizAPIController.QuizList (api)'
2025-11-01 09:56:55.529 +01:00 [INF] Route matched with {action = "QuizList", controller = "QuizAPI"}. Executing controller action with signature System.Threading.Tasks.Task`1[Microsoft.AspNetCore.Mvc.IActionResult] QuizList() on controller api.Controllers.QuizAPIController (api).
2025-11-01 09:56:55.542 +01:00 [INF] Executing OkObjectResult, writing value of type 'System.Linq.Enumerable+SelectListIterator`2[[api.Models.Quiz, api, Version=1.0.0.0, Culture=neutral, PublicKeyToken=null],[api.DTOs.QuizDto, api, Version=1.0.0.0, Culture=neutral, PublicKeyToken=null]]'.
2025-11-01 09:56:55.543 +01:00 [INF] Executed action api.Controllers.QuizAPIController.QuizList (api) in 13.6813ms
2025-11-01 09:56:55.543 +01:00 [INF] Executed endpoint 'api.Controllers.QuizAPIController.QuizList (api)'
2025-11-01 09:56:55.543 +01:00 [INF] Request finished HTTP/1.1 GET http://localhost:5082/api/quizapi/quizlist - 200 284 application/json; charset=utf-8 15.9646ms
2025-11-01 09:56:55.545 +01:00 [INF] Request starting HTTP/1.1 GET http://localhost:5082/api/quizapi/quizlist - null null
2025-11-01 09:56:55.545 +01:00 [INF] CORS policy execution successful.
2025-11-01 09:56:55.546 +01:00 [INF] Executing endpoint 'api.Controllers.QuizAPIController.QuizList (api)'
2025-11-01 09:56:55.546 +01:00 [INF] Route matched with {action = "QuizList", controller = "QuizAPI"}. Executing controller action with signature System.Threading.Tasks.Task`1[Microsoft.AspNetCore.Mvc.IActionResult] QuizList() on controller api.Controllers.QuizAPIController (api).
2025-11-01 09:56:55.549 +01:00 [INF] Executing OkObjectResult, writing value of type 'System.Linq.Enumerable+SelectListIterator`2[[api.Models.Quiz, api, Version=1.0.0.0, Culture=neutral, PublicKeyToken=null],[api.DTOs.QuizDto, api, Version=1.0.0.0, Culture=neutral, PublicKeyToken=null]]'.
2025-11-01 09:56:55.550 +01:00 [INF] Executed action api.Controllers.QuizAPIController.QuizList (api) in 3.7832ms
2025-11-01 09:56:55.550 +01:00 [INF] Executed endpoint 'api.Controllers.QuizAPIController.QuizList (api)'
2025-11-01 09:56:55.550 +01:00 [INF] Request finished HTTP/1.1 GET http://localhost:5082/api/quizapi/quizlist - 200 284 application/json; charset=utf-8 4.5398ms
2025-11-01 09:56:57.113 +01:00 [INF] Request starting HTTP/1.1 GET http://localhost:5082/api/takequizapi/takequizlist - null null
2025-11-01 09:56:57.114 +01:00 [INF] CORS policy execution successful.
2025-11-01 09:56:57.115 +01:00 [INF] Executing endpoint 'api.Controllers.TakeQuizApiController.GetAllQuizzes (api)'
2025-11-01 09:56:57.115 +01:00 [INF] Route matched with {action = "GetAllQuizzes", controller = "TakeQuizApi"}. Executing controller action with signature System.Threading.Tasks.Task`1[Microsoft.AspNetCore.Mvc.IActionResult] GetAllQuizzes() on controller api.Controllers.TakeQuizApiController (api).
2025-11-01 09:56:57.118 +01:00 [INF] Executing OkObjectResult, writing value of type 'System.Linq.Enumerable+SelectListIterator`2[[api.Models.Quiz, api, Version=1.0.0.0, Culture=neutral, PublicKeyToken=null],[<>f__AnonymousType1`2[[System.Int32, System.Private.CoreLib, Version=8.0.0.0, Culture=neutral, PublicKeyToken=7cec85d7bea7798e],[System.String, System.Private.CoreLib, Version=8.0.0.0, Culture=neutral, PublicKeyToken=7cec85d7bea7798e]], api, Version=1.0.0.0, Culture=neutral, PublicKeyToken=null]]'.
2025-11-01 09:56:57.118 +01:00 [INF] Executed action api.Controllers.TakeQuizApiController.GetAllQuizzes (api) in 3.5815ms
2025-11-01 09:56:57.119 +01:00 [INF] Executed endpoint 'api.Controllers.TakeQuizApiController.GetAllQuizzes (api)'
2025-11-01 09:56:57.119 +01:00 [INF] Request finished HTTP/1.1 GET http://localhost:5082/api/takequizapi/takequizlist - 200 194 application/json; charset=utf-8 5.5464ms
2025-11-01 09:56:57.121 +01:00 [INF] Request starting HTTP/1.1 GET http://localhost:5082/api/takequizapi/takequizlist - null null
2025-11-01 09:56:57.122 +01:00 [INF] CORS policy execution successful.
2025-11-01 09:56:57.122 +01:00 [INF] Executing endpoint 'api.Controllers.TakeQuizApiController.GetAllQuizzes (api)'
2025-11-01 09:56:57.122 +01:00 [INF] Route matched with {action = "GetAllQuizzes", controller = "TakeQuizApi"}. Executing controller action with signature System.Threading.Tasks.Task`1[Microsoft.AspNetCore.Mvc.IActionResult] GetAllQuizzes() on controller api.Controllers.TakeQuizApiController (api).
2025-11-01 09:56:57.126 +01:00 [INF] Executing OkObjectResult, writing value of type 'System.Linq.Enumerable+SelectListIterator`2[[api.Models.Quiz, api, Version=1.0.0.0, Culture=neutral, PublicKeyToken=null],[<>f__AnonymousType1`2[[System.Int32, System.Private.CoreLib, Version=8.0.0.0, Culture=neutral, PublicKeyToken=7cec85d7bea7798e],[System.String, System.Private.CoreLib, Version=8.0.0.0, Culture=neutral, PublicKeyToken=7cec85d7bea7798e]], api, Version=1.0.0.0, Culture=neutral, PublicKeyToken=null]]'.
2025-11-01 09:56:57.127 +01:00 [INF] Executed action api.Controllers.TakeQuizApiController.GetAllQuizzes (api) in 4.205ms
2025-11-01 09:56:57.127 +01:00 [INF] Executed endpoint 'api.Controllers.TakeQuizApiController.GetAllQuizzes (api)'
2025-11-01 09:56:57.127 +01:00 [INF] Request finished HTTP/1.1 GET http://localhost:5082/api/takequizapi/takequizlist - 200 194 application/json; charset=utf-8 5.6397ms
2025-11-01 09:56:58.337 +01:00 [INF] Request starting HTTP/1.1 GET http://localhost:5082/api/takequizapi/2 - null null
2025-11-01 09:56:58.337 +01:00 [INF] CORS policy execution successful.
2025-11-01 09:56:58.338 +01:00 [INF] Executing endpoint 'api.Controllers.TakeQuizApiController.GetQuiz (api)'
2025-11-01 09:56:58.344 +01:00 [INF] Route matched with {action = "GetQuiz", controller = "TakeQuizApi"}. Executing controller action with signature System.Threading.Tasks.Task`1[Microsoft.AspNetCore.Mvc.IActionResult] GetQuiz(Int32) on controller api.Controllers.TakeQuizApiController (api).
2025-11-01 09:56:58.350 +01:00 [INF] Executing OkObjectResult, writing value of type 'api.Models.Quiz'.
2025-11-01 09:56:58.351 +01:00 [INF] Executed action api.Controllers.TakeQuizApiController.GetQuiz (api) in 5.9236ms
2025-11-01 09:56:58.351 +01:00 [INF] Executed endpoint 'api.Controllers.TakeQuizApiController.GetQuiz (api)'
2025-11-01 09:56:58.351 +01:00 [INF] Request finished HTTP/1.1 GET http://localhost:5082/api/takequizapi/2 - 200 1060 application/json; charset=utf-8 14.1813ms
2025-11-01 09:56:58.353 +01:00 [INF] Request starting HTTP/1.1 GET http://localhost:5082/api/takequizapi/2 - null null
2025-11-01 09:56:58.353 +01:00 [INF] CORS policy execution successful.
2025-11-01 09:56:58.353 +01:00 [INF] Executing endpoint 'api.Controllers.TakeQuizApiController.GetQuiz (api)'
2025-11-01 09:56:58.353 +01:00 [INF] Route matched with {action = "GetQuiz", controller = "TakeQuizApi"}. Executing controller action with signature System.Threading.Tasks.Task`1[Microsoft.AspNetCore.Mvc.IActionResult] GetQuiz(Int32) on controller api.Controllers.TakeQuizApiController (api).
2025-11-01 09:56:58.357 +01:00 [INF] Executing OkObjectResult, writing value of type 'api.Models.Quiz'.
2025-11-01 09:56:58.357 +01:00 [INF] Executed action api.Controllers.TakeQuizApiController.GetQuiz (api) in 3.7872ms
2025-11-01 09:56:58.357 +01:00 [INF] Executed endpoint 'api.Controllers.TakeQuizApiController.GetQuiz (api)'
2025-11-01 09:56:58.357 +01:00 [INF] Request finished HTTP/1.1 GET http://localhost:5082/api/takequizapi/2 - 200 1060 application/json; charset=utf-8 4.5327ms
2025-11-01 09:57:45.191 +01:00 [INF] Application is shutting down...
