2025-11-14 23:55:22.890 +01:00 [INF] User profile is available. Using 'C:\Users\Aliza Mudassar\AppData\Local\ASP.NET\DataProtection-Keys' as key repository and Windows DPAPI to encrypt keys at rest.
2025-11-14 23:55:23.103 +01:00 [INF] Now listening on: http://localhost:5082
2025-11-14 23:55:23.129 +01:00 [INF] Application started. Press Ctrl+C to shut down.
2025-11-14 23:55:23.130 +01:00 [INF] Hosting environment: Development
2025-11-14 23:55:23.134 +01:00 [INF] Content root path: C:\Users\Aliza Mudassar\OneDrive - OsloMet\webapplikasjoner\EXAMFAM\api
2025-11-14 23:57:03.200 +01:00 [INF] Request starting HTTP/1.1 GET http://localhost:5082/api/quizapi/quizlist - null null
2025-11-14 23:57:03.311 +01:00 [INF] CORS policy execution successful.
2025-11-14 23:57:03.420 +01:00 [INF] Executing endpoint 'api.Controllers.QuizAPIController.QuizList (api)'
2025-11-14 23:57:03.471 +01:00 [INF] Route matched with {action = "QuizList", controller = "QuizAPI"}. Executing controller action with signature System.Threading.Tasks.Task`1[Microsoft.AspNetCore.Mvc.IActionResult] QuizList() on controller api.Controllers.QuizAPIController (api).
2025-11-14 23:57:04.013 +01:00 [WRN] Compiling a query which loads related collections for more than one collection navigation, either via 'Include' or through projection, but no 'QuerySplittingBehavior' has been configured. By default, Entity Framework will use 'QuerySplittingBehavior.SingleQuery', which can potentially result in slow query performance. See https://go.microsoft.com/fwlink/?linkid=2134277 for more information. To identify the query that's triggering this warning call 'ConfigureWarnings(w => w.Throw(RelationalEventId.MultipleCollectionIncludeWarning))'.
2025-11-14 23:57:04.224 +01:00 [INF] Executing OkObjectResult, writing value of type 'System.Linq.Enumerable+SelectListIterator`2[[api.Models.Quiz, api, Version=1.0.0.0, Culture=neutral, PublicKeyToken=null],[api.DTOs.QuizDto, api, Version=1.0.0.0, Culture=neutral, PublicKeyToken=null]]'.
2025-11-14 23:57:04.432 +01:00 [INF] Executed action api.Controllers.QuizAPIController.QuizList (api) in 949.9854ms
2025-11-14 23:57:04.435 +01:00 [INF] Executed endpoint 'api.Controllers.QuizAPIController.QuizList (api)'
2025-11-14 23:57:04.446 +01:00 [INF] Request finished HTTP/1.1 GET http://localhost:5082/api/quizapi/quizlist - 200 377 application/json; charset=utf-8 1252.4112ms
2025-11-14 23:57:04.452 +01:00 [INF] Request starting HTTP/1.1 GET http://localhost:5082/api/quizapi/quizlist - null null
2025-11-14 23:57:04.462 +01:00 [INF] CORS policy execution successful.
2025-11-14 23:57:04.465 +01:00 [INF] Executing endpoint 'api.Controllers.QuizAPIController.QuizList (api)'
2025-11-14 23:57:04.466 +01:00 [INF] Route matched with {action = "QuizList", controller = "QuizAPI"}. Executing controller action with signature System.Threading.Tasks.Task`1[Microsoft.AspNetCore.Mvc.IActionResult] QuizList() on controller api.Controllers.QuizAPIController (api).
2025-11-14 23:57:04.521 +01:00 [INF] Executing OkObjectResult, writing value of type 'System.Linq.Enumerable+SelectListIterator`2[[api.Models.Quiz, api, Version=1.0.0.0, Culture=neutral, PublicKeyToken=null],[api.DTOs.QuizDto, api, Version=1.0.0.0, Culture=neutral, PublicKeyToken=null]]'.
2025-11-14 23:57:04.524 +01:00 [INF] Executed action api.Controllers.QuizAPIController.QuizList (api) in 55.9008ms
2025-11-14 23:57:04.527 +01:00 [INF] Executed endpoint 'api.Controllers.QuizAPIController.QuizList (api)'
2025-11-14 23:57:04.528 +01:00 [INF] Request finished HTTP/1.1 GET http://localhost:5082/api/quizapi/quizlist - 200 377 application/json; charset=utf-8 75.7173ms
2025-11-14 23:57:31.370 +01:00 [INF] Request starting HTTP/1.1 GET http://localhost:5082/api/quizapi/quizlist - null null
2025-11-14 23:57:31.375 +01:00 [INF] CORS policy execution successful.
2025-11-14 23:57:31.385 +01:00 [INF] Executing endpoint 'api.Controllers.QuizAPIController.QuizList (api)'
2025-11-14 23:57:31.386 +01:00 [INF] Route matched with {action = "QuizList", controller = "QuizAPI"}. Executing controller action with signature System.Threading.Tasks.Task`1[Microsoft.AspNetCore.Mvc.IActionResult] QuizList() on controller api.Controllers.QuizAPIController (api).
2025-11-14 23:57:31.488 +01:00 [INF] Executing OkObjectResult, writing value of type 'System.Linq.Enumerable+SelectListIterator`2[[api.Models.Quiz, api, Version=1.0.0.0, Culture=neutral, PublicKeyToken=null],[api.DTOs.QuizDto, api, Version=1.0.0.0, Culture=neutral, PublicKeyToken=null]]'.
2025-11-14 23:57:31.490 +01:00 [INF] Executed action api.Controllers.QuizAPIController.QuizList (api) in 103.1014ms
2025-11-14 23:57:31.492 +01:00 [INF] Executed endpoint 'api.Controllers.QuizAPIController.QuizList (api)'
2025-11-14 23:57:31.503 +01:00 [INF] Request finished HTTP/1.1 GET http://localhost:5082/api/quizapi/quizlist - 200 377 application/json; charset=utf-8 131.9228ms
2025-11-14 23:57:31.504 +01:00 [INF] Request starting HTTP/1.1 GET http://localhost:5082/api/quizapi/quizlist - null null
2025-11-14 23:57:31.504 +01:00 [INF] CORS policy execution successful.
2025-11-14 23:57:31.505 +01:00 [INF] Executing endpoint 'api.Controllers.QuizAPIController.QuizList (api)'
2025-11-14 23:57:31.505 +01:00 [INF] Route matched with {action = "QuizList", controller = "QuizAPI"}. Executing controller action with signature System.Threading.Tasks.Task`1[Microsoft.AspNetCore.Mvc.IActionResult] QuizList() on controller api.Controllers.QuizAPIController (api).
2025-11-14 23:57:31.558 +01:00 [INF] Executing OkObjectResult, writing value of type 'System.Linq.Enumerable+SelectListIterator`2[[api.Models.Quiz, api, Version=1.0.0.0, Culture=neutral, PublicKeyToken=null],[api.DTOs.QuizDto, api, Version=1.0.0.0, Culture=neutral, PublicKeyToken=null]]'.
2025-11-14 23:57:31.559 +01:00 [INF] Executed action api.Controllers.QuizAPIController.QuizList (api) in 54.0604ms
2025-11-14 23:57:31.562 +01:00 [INF] Executed endpoint 'api.Controllers.QuizAPIController.QuizList (api)'
2025-11-14 23:57:31.564 +01:00 [INF] Request finished HTTP/1.1 GET http://localhost:5082/api/quizapi/quizlist - 200 377 application/json; charset=utf-8 59.6295ms
2025-11-14 23:57:33.524 +01:00 [INF] Request starting HTTP/1.1 GET http://localhost:5082/api/quizapi/quizlist - null null
2025-11-14 23:57:33.527 +01:00 [INF] CORS policy execution successful.
2025-11-14 23:57:33.528 +01:00 [INF] Executing endpoint 'api.Controllers.QuizAPIController.QuizList (api)'
2025-11-14 23:57:33.528 +01:00 [INF] Route matched with {action = "QuizList", controller = "QuizAPI"}. Executing controller action with signature System.Threading.Tasks.Task`1[Microsoft.AspNetCore.Mvc.IActionResult] QuizList() on controller api.Controllers.QuizAPIController (api).
2025-11-14 23:57:33.537 +01:00 [INF] Executing OkObjectResult, writing value of type 'System.Linq.Enumerable+SelectListIterator`2[[api.Models.Quiz, api, Version=1.0.0.0, Culture=neutral, PublicKeyToken=null],[api.DTOs.QuizDto, api, Version=1.0.0.0, Culture=neutral, PublicKeyToken=null]]'.
2025-11-14 23:57:33.538 +01:00 [INF] Executed action api.Controllers.QuizAPIController.QuizList (api) in 10.1952ms
2025-11-14 23:57:33.538 +01:00 [INF] Executed endpoint 'api.Controllers.QuizAPIController.QuizList (api)'
2025-11-14 23:57:33.539 +01:00 [INF] Request finished HTTP/1.1 GET http://localhost:5082/api/quizapi/quizlist - 200 377 application/json; charset=utf-8 14.6897ms
2025-11-14 23:57:44.502 +01:00 [INF] Request starting HTTP/1.1 GET http://localhost:5082/api/quizapi/1 - null null
2025-11-14 23:57:44.503 +01:00 [INF] CORS policy execution successful.
2025-11-14 23:57:44.503 +01:00 [INF] Executing endpoint 'api.Controllers.QuizAPIController.GetQuiz (api)'
2025-11-14 23:57:44.530 +01:00 [INF] Route matched with {action = "GetQuiz", controller = "QuizAPI"}. Executing controller action with signature System.Threading.Tasks.Task`1[Microsoft.AspNetCore.Mvc.IActionResult] GetQuiz(Int32) on controller api.Controllers.QuizAPIController (api).
2025-11-14 23:57:44.777 +01:00 [WRN] Compiling a query which loads related collections for more than one collection navigation, either via 'Include' or through projection, but no 'QuerySplittingBehavior' has been configured. By default, Entity Framework will use 'QuerySplittingBehavior.SingleQuery', which can potentially result in slow query performance. See https://go.microsoft.com/fwlink/?linkid=2134277 for more information. To identify the query that's triggering this warning call 'ConfigureWarnings(w => w.Throw(RelationalEventId.MultipleCollectionIncludeWarning))'.
2025-11-14 23:57:44.792 +01:00 [INF] Executing OkObjectResult, writing value of type 'api.Models.Quiz'.
2025-11-14 23:57:44.874 +01:00 [INF] Executed action api.Controllers.QuizAPIController.GetQuiz (api) in 327.5741ms
2025-11-14 23:57:44.874 +01:00 [INF] Executed endpoint 'api.Controllers.QuizAPIController.GetQuiz (api)'
2025-11-14 23:57:44.874 +01:00 [INF] Request finished HTTP/1.1 GET http://localhost:5082/api/quizapi/1 - 200 1409 application/json; charset=utf-8 372.7307ms
2025-11-14 23:57:45.296 +01:00 [INF] Request starting HTTP/1.1 GET http://localhost:5082/api/quizapi/1 - null null
2025-11-14 23:57:45.297 +01:00 [INF] CORS policy execution successful.
2025-11-14 23:57:45.298 +01:00 [INF] Executing endpoint 'api.Controllers.QuizAPIController.GetQuiz (api)'
2025-11-14 23:57:45.298 +01:00 [INF] Route matched with {action = "GetQuiz", controller = "QuizAPI"}. Executing controller action with signature System.Threading.Tasks.Task`1[Microsoft.AspNetCore.Mvc.IActionResult] GetQuiz(Int32) on controller api.Controllers.QuizAPIController (api).
2025-11-14 23:57:45.307 +01:00 [INF] Executing OkObjectResult, writing value of type 'api.Models.Quiz'.
2025-11-14 23:57:45.308 +01:00 [INF] Executed action api.Controllers.QuizAPIController.GetQuiz (api) in 9.9997ms
2025-11-14 23:57:45.313 +01:00 [INF] Executed endpoint 'api.Controllers.QuizAPIController.GetQuiz (api)'
2025-11-14 23:57:45.313 +01:00 [INF] Request finished HTTP/1.1 GET http://localhost:5082/api/quizapi/1 - 200 1409 application/json; charset=utf-8 16.8515ms
2025-11-14 23:57:48.022 +01:00 [INF] Request starting HTTP/1.1 GET http://localhost:5082/api/quizapi/quizlist - null null
2025-11-14 23:57:48.023 +01:00 [INF] CORS policy execution successful.
2025-11-14 23:57:48.023 +01:00 [INF] Executing endpoint 'api.Controllers.QuizAPIController.QuizList (api)'
2025-11-14 23:57:48.024 +01:00 [INF] Route matched with {action = "QuizList", controller = "QuizAPI"}. Executing controller action with signature System.Threading.Tasks.Task`1[Microsoft.AspNetCore.Mvc.IActionResult] QuizList() on controller api.Controllers.QuizAPIController (api).
2025-11-14 23:57:48.031 +01:00 [INF] Executing OkObjectResult, writing value of type 'System.Linq.Enumerable+SelectListIterator`2[[api.Models.Quiz, api, Version=1.0.0.0, Culture=neutral, PublicKeyToken=null],[api.DTOs.QuizDto, api, Version=1.0.0.0, Culture=neutral, PublicKeyToken=null]]'.
2025-11-14 23:57:48.032 +01:00 [INF] Executed action api.Controllers.QuizAPIController.QuizList (api) in 7.966ms
2025-11-14 23:57:48.032 +01:00 [INF] Executed endpoint 'api.Controllers.QuizAPIController.QuizList (api)'
2025-11-14 23:57:48.032 +01:00 [INF] Request finished HTTP/1.1 GET http://localhost:5082/api/quizapi/quizlist - 200 377 application/json; charset=utf-8 9.8398ms
2025-11-14 23:57:48.056 +01:00 [INF] Request starting HTTP/1.1 GET http://localhost:5082/api/quizapi/quizlist - null null
2025-11-14 23:57:48.056 +01:00 [INF] CORS policy execution successful.
2025-11-14 23:57:48.056 +01:00 [INF] Executing endpoint 'api.Controllers.QuizAPIController.QuizList (api)'
2025-11-14 23:57:48.057 +01:00 [INF] Route matched with {action = "QuizList", controller = "QuizAPI"}. Executing controller action with signature System.Threading.Tasks.Task`1[Microsoft.AspNetCore.Mvc.IActionResult] QuizList() on controller api.Controllers.QuizAPIController (api).
2025-11-14 23:57:48.073 +01:00 [INF] Executing OkObjectResult, writing value of type 'System.Linq.Enumerable+SelectListIterator`2[[api.Models.Quiz, api, Version=1.0.0.0, Culture=neutral, PublicKeyToken=null],[api.DTOs.QuizDto, api, Version=1.0.0.0, Culture=neutral, PublicKeyToken=null]]'.
2025-11-14 23:57:48.073 +01:00 [INF] Executed action api.Controllers.QuizAPIController.QuizList (api) in 15.5719ms
2025-11-14 23:57:48.073 +01:00 [INF] Executed endpoint 'api.Controllers.QuizAPIController.QuizList (api)'
2025-11-14 23:57:48.074 +01:00 [INF] Request finished HTTP/1.1 GET http://localhost:5082/api/quizapi/quizlist - 200 377 application/json; charset=utf-8 18.9577ms
2025-11-14 23:57:52.902 +01:00 [INF] Request starting HTTP/1.1 GET http://localhost:5082/api/quizapi/1 - null null
2025-11-14 23:57:52.902 +01:00 [INF] CORS policy execution successful.
2025-11-14 23:57:52.902 +01:00 [INF] Executing endpoint 'api.Controllers.QuizAPIController.GetQuiz (api)'
2025-11-14 23:57:52.903 +01:00 [INF] Route matched with {action = "GetQuiz", controller = "QuizAPI"}. Executing controller action with signature System.Threading.Tasks.Task`1[Microsoft.AspNetCore.Mvc.IActionResult] GetQuiz(Int32) on controller api.Controllers.QuizAPIController (api).
2025-11-14 23:57:52.910 +01:00 [INF] Executing OkObjectResult, writing value of type 'api.Models.Quiz'.
2025-11-14 23:57:52.911 +01:00 [INF] Executed action api.Controllers.QuizAPIController.GetQuiz (api) in 7.9241ms
2025-11-14 23:57:52.911 +01:00 [INF] Executed endpoint 'api.Controllers.QuizAPIController.GetQuiz (api)'
2025-11-14 23:57:52.912 +01:00 [INF] Request finished HTTP/1.1 GET http://localhost:5082/api/quizapi/1 - 200 1409 application/json; charset=utf-8 10.1867ms
2025-11-14 23:57:52.919 +01:00 [INF] Request starting HTTP/1.1 GET http://localhost:5082/api/quizapi/1 - null null
2025-11-14 23:57:52.919 +01:00 [INF] CORS policy execution successful.
2025-11-14 23:57:52.920 +01:00 [INF] Executing endpoint 'api.Controllers.QuizAPIController.GetQuiz (api)'
2025-11-14 23:57:52.920 +01:00 [INF] Route matched with {action = "GetQuiz", controller = "QuizAPI"}. Executing controller action with signature System.Threading.Tasks.Task`1[Microsoft.AspNetCore.Mvc.IActionResult] GetQuiz(Int32) on controller api.Controllers.QuizAPIController (api).
2025-11-14 23:57:52.928 +01:00 [INF] Executing OkObjectResult, writing value of type 'api.Models.Quiz'.
2025-11-14 23:57:52.929 +01:00 [INF] Executed action api.Controllers.QuizAPIController.GetQuiz (api) in 9.3313ms
2025-11-14 23:57:52.930 +01:00 [INF] Executed endpoint 'api.Controllers.QuizAPIController.GetQuiz (api)'
2025-11-14 23:57:52.930 +01:00 [INF] Request finished HTTP/1.1 GET http://localhost:5082/api/quizapi/1 - 200 1409 application/json; charset=utf-8 11.4296ms
2025-11-14 23:57:57.417 +01:00 [INF] Request starting HTTP/1.1 GET http://localhost:5082/api/quizapi/quizlist - null null
2025-11-14 23:57:57.417 +01:00 [INF] CORS policy execution successful.
2025-11-14 23:57:57.417 +01:00 [INF] Executing endpoint 'api.Controllers.QuizAPIController.QuizList (api)'
2025-11-14 23:57:57.418 +01:00 [INF] Route matched with {action = "QuizList", controller = "QuizAPI"}. Executing controller action with signature System.Threading.Tasks.Task`1[Microsoft.AspNetCore.Mvc.IActionResult] QuizList() on controller api.Controllers.QuizAPIController (api).
2025-11-14 23:57:57.423 +01:00 [INF] Executing OkObjectResult, writing value of type 'System.Linq.Enumerable+SelectListIterator`2[[api.Models.Quiz, api, Version=1.0.0.0, Culture=neutral, PublicKeyToken=null],[api.DTOs.QuizDto, api, Version=1.0.0.0, Culture=neutral, PublicKeyToken=null]]'.
2025-11-14 23:57:57.424 +01:00 [INF] Executed action api.Controllers.QuizAPIController.QuizList (api) in 5.676ms
2025-11-14 23:57:57.424 +01:00 [INF] Executed endpoint 'api.Controllers.QuizAPIController.QuizList (api)'
2025-11-14 23:57:57.424 +01:00 [INF] Request finished HTTP/1.1 GET http://localhost:5082/api/quizapi/quizlist - 200 377 application/json; charset=utf-8 7.1395ms
2025-11-14 23:57:57.431 +01:00 [INF] Request starting HTTP/1.1 GET http://localhost:5082/api/quizapi/quizlist - null null
2025-11-14 23:57:57.431 +01:00 [INF] CORS policy execution successful.
2025-11-14 23:57:57.432 +01:00 [INF] Executing endpoint 'api.Controllers.QuizAPIController.QuizList (api)'
2025-11-14 23:57:57.432 +01:00 [INF] Route matched with {action = "QuizList", controller = "QuizAPI"}. Executing controller action with signature System.Threading.Tasks.Task`1[Microsoft.AspNetCore.Mvc.IActionResult] QuizList() on controller api.Controllers.QuizAPIController (api).
2025-11-14 23:57:57.449 +01:00 [INF] Executing OkObjectResult, writing value of type 'System.Linq.Enumerable+SelectListIterator`2[[api.Models.Quiz, api, Version=1.0.0.0, Culture=neutral, PublicKeyToken=null],[api.DTOs.QuizDto, api, Version=1.0.0.0, Culture=neutral, PublicKeyToken=null]]'.
2025-11-14 23:57:57.450 +01:00 [INF] Executed action api.Controllers.QuizAPIController.QuizList (api) in 17.8659ms
2025-11-14 23:57:57.450 +01:00 [INF] Executed endpoint 'api.Controllers.QuizAPIController.QuizList (api)'
2025-11-14 23:57:57.450 +01:00 [INF] Request finished HTTP/1.1 GET http://localhost:5082/api/quizapi/quizlist - 200 377 application/json; charset=utf-8 19.7502ms
2025-11-14 23:58:28.447 +01:00 [INF] Request starting HTTP/1.1 GET http://localhost:5082/api/quizapi/quizlist - null null
2025-11-14 23:58:28.449 +01:00 [INF] CORS policy execution successful.
2025-11-14 23:58:28.449 +01:00 [INF] Executing endpoint 'api.Controllers.QuizAPIController.QuizList (api)'
2025-11-14 23:58:28.451 +01:00 [INF] Route matched with {action = "QuizList", controller = "QuizAPI"}. Executing controller action with signature System.Threading.Tasks.Task`1[Microsoft.AspNetCore.Mvc.IActionResult] QuizList() on controller api.Controllers.QuizAPIController (api).
2025-11-14 23:58:28.467 +01:00 [INF] Executing OkObjectResult, writing value of type 'System.Linq.Enumerable+SelectListIterator`2[[api.Models.Quiz, api, Version=1.0.0.0, Culture=neutral, PublicKeyToken=null],[api.DTOs.QuizDto, api, Version=1.0.0.0, Culture=neutral, PublicKeyToken=null]]'.
2025-11-14 23:58:28.469 +01:00 [INF] Executed action api.Controllers.QuizAPIController.QuizList (api) in 16.7165ms
2025-11-14 23:58:28.470 +01:00 [INF] Executed endpoint 'api.Controllers.QuizAPIController.QuizList (api)'
2025-11-14 23:58:28.472 +01:00 [INF] Request finished HTTP/1.1 GET http://localhost:5082/api/quizapi/quizlist - 200 377 application/json; charset=utf-8 23.4223ms
2025-11-14 23:58:28.483 +01:00 [INF] Request starting HTTP/1.1 GET http://localhost:5082/api/quizapi/quizlist - null null
2025-11-14 23:58:28.484 +01:00 [INF] CORS policy execution successful.
2025-11-14 23:58:28.485 +01:00 [INF] Executing endpoint 'api.Controllers.QuizAPIController.QuizList (api)'
2025-11-14 23:58:28.487 +01:00 [INF] Route matched with {action = "QuizList", controller = "QuizAPI"}. Executing controller action with signature System.Threading.Tasks.Task`1[Microsoft.AspNetCore.Mvc.IActionResult] QuizList() on controller api.Controllers.QuizAPIController (api).
2025-11-14 23:58:28.504 +01:00 [INF] Executing OkObjectResult, writing value of type 'System.Linq.Enumerable+SelectListIterator`2[[api.Models.Quiz, api, Version=1.0.0.0, Culture=neutral, PublicKeyToken=null],[api.DTOs.QuizDto, api, Version=1.0.0.0, Culture=neutral, PublicKeyToken=null]]'.
2025-11-14 23:58:28.504 +01:00 [INF] Executed action api.Controllers.QuizAPIController.QuizList (api) in 16.4236ms
2025-11-14 23:58:28.504 +01:00 [INF] Executed endpoint 'api.Controllers.QuizAPIController.QuizList (api)'
2025-11-14 23:58:28.507 +01:00 [INF] Request finished HTTP/1.1 GET http://localhost:5082/api/quizapi/quizlist - 200 377 application/json; charset=utf-8 23.233ms
2025-11-14 23:58:45.370 +01:00 [INF] Request starting HTTP/1.1 GET http://localhost:5082/api/quizapi/2 - null null
2025-11-14 23:58:45.371 +01:00 [INF] CORS policy execution successful.
2025-11-14 23:58:45.374 +01:00 [INF] Executing endpoint 'api.Controllers.QuizAPIController.GetQuiz (api)'
2025-11-14 23:58:45.374 +01:00 [INF] Route matched with {action = "GetQuiz", controller = "QuizAPI"}. Executing controller action with signature System.Threading.Tasks.Task`1[Microsoft.AspNetCore.Mvc.IActionResult] GetQuiz(Int32) on controller api.Controllers.QuizAPIController (api).
2025-11-14 23:58:45.382 +01:00 [INF] Executing OkObjectResult, writing value of type 'api.Models.Quiz'.
2025-11-14 23:58:45.383 +01:00 [INF] Executed action api.Controllers.QuizAPIController.GetQuiz (api) in 8.1612ms
2025-11-14 23:58:45.383 +01:00 [INF] Executed endpoint 'api.Controllers.QuizAPIController.GetQuiz (api)'
2025-11-14 23:58:45.383 +01:00 [INF] Request finished HTTP/1.1 GET http://localhost:5082/api/quizapi/2 - 200 1108 application/json; charset=utf-8 13.4812ms
2025-11-14 23:58:45.400 +01:00 [INF] Request starting HTTP/1.1 GET http://localhost:5082/api/quizapi/2 - null null
2025-11-14 23:58:45.400 +01:00 [INF] CORS policy execution successful.
2025-11-14 23:58:45.401 +01:00 [INF] Executing endpoint 'api.Controllers.QuizAPIController.GetQuiz (api)'
2025-11-14 23:58:45.401 +01:00 [INF] Route matched with {action = "GetQuiz", controller = "QuizAPI"}. Executing controller action with signature System.Threading.Tasks.Task`1[Microsoft.AspNetCore.Mvc.IActionResult] GetQuiz(Int32) on controller api.Controllers.QuizAPIController (api).
2025-11-14 23:58:45.414 +01:00 [INF] Executing OkObjectResult, writing value of type 'api.Models.Quiz'.
2025-11-14 23:58:45.415 +01:00 [INF] Executed action api.Controllers.QuizAPIController.GetQuiz (api) in 13.8775ms
2025-11-14 23:58:45.416 +01:00 [INF] Executed endpoint 'api.Controllers.QuizAPIController.GetQuiz (api)'
2025-11-14 23:58:45.418 +01:00 [INF] Request finished HTTP/1.1 GET http://localhost:5082/api/quizapi/2 - 200 1108 application/json; charset=utf-8 16.7339ms
2025-11-14 23:58:47.749 +01:00 [INF] Request starting HTTP/1.1 GET http://localhost:5082/api/quizapi/quizlist - null null
2025-11-14 23:58:47.750 +01:00 [INF] CORS policy execution successful.
2025-11-14 23:58:47.751 +01:00 [INF] Executing endpoint 'api.Controllers.QuizAPIController.QuizList (api)'
2025-11-14 23:58:47.751 +01:00 [INF] Route matched with {action = "QuizList", controller = "QuizAPI"}. Executing controller action with signature System.Threading.Tasks.Task`1[Microsoft.AspNetCore.Mvc.IActionResult] QuizList() on controller api.Controllers.QuizAPIController (api).
2025-11-14 23:58:47.760 +01:00 [INF] Executing OkObjectResult, writing value of type 'System.Linq.Enumerable+SelectListIterator`2[[api.Models.Quiz, api, Version=1.0.0.0, Culture=neutral, PublicKeyToken=null],[api.DTOs.QuizDto, api, Version=1.0.0.0, Culture=neutral, PublicKeyToken=null]]'.
2025-11-14 23:58:47.761 +01:00 [INF] Executed action api.Controllers.QuizAPIController.QuizList (api) in 9.2615ms
2025-11-14 23:58:47.761 +01:00 [INF] Executed endpoint 'api.Controllers.QuizAPIController.QuizList (api)'
2025-11-14 23:58:47.761 +01:00 [INF] Request finished HTTP/1.1 GET http://localhost:5082/api/quizapi/quizlist - 200 377 application/json; charset=utf-8 12.329ms
2025-11-14 23:58:47.781 +01:00 [INF] Request starting HTTP/1.1 GET http://localhost:5082/api/quizapi/quizlist - null null
2025-11-14 23:58:47.810 +01:00 [INF] CORS policy execution successful.
2025-11-14 23:58:47.811 +01:00 [INF] Executing endpoint 'api.Controllers.QuizAPIController.QuizList (api)'
2025-11-14 23:58:47.811 +01:00 [INF] Route matched with {action = "QuizList", controller = "QuizAPI"}. Executing controller action with signature System.Threading.Tasks.Task`1[Microsoft.AspNetCore.Mvc.IActionResult] QuizList() on controller api.Controllers.QuizAPIController (api).
2025-11-14 23:58:47.819 +01:00 [INF] Executing OkObjectResult, writing value of type 'System.Linq.Enumerable+SelectListIterator`2[[api.Models.Quiz, api, Version=1.0.0.0, Culture=neutral, PublicKeyToken=null],[api.DTOs.QuizDto, api, Version=1.0.0.0, Culture=neutral, PublicKeyToken=null]]'.
2025-11-14 23:58:47.820 +01:00 [INF] Executed action api.Controllers.QuizAPIController.QuizList (api) in 8.5952ms
2025-11-14 23:58:47.820 +01:00 [INF] Executed endpoint 'api.Controllers.QuizAPIController.QuizList (api)'
2025-11-14 23:58:47.821 +01:00 [INF] Request finished HTTP/1.1 GET http://localhost:5082/api/quizapi/quizlist - 200 377 application/json; charset=utf-8 40.1035ms
2025-11-14 23:59:25.841 +01:00 [INF] Request starting HTTP/1.1 GET http://localhost:5082/api/quizapi/quizlist - null null
2025-11-14 23:59:25.842 +01:00 [INF] CORS policy execution successful.
2025-11-14 23:59:25.842 +01:00 [INF] Executing endpoint 'api.Controllers.QuizAPIController.QuizList (api)'
2025-11-14 23:59:25.842 +01:00 [INF] Route matched with {action = "QuizList", controller = "QuizAPI"}. Executing controller action with signature System.Threading.Tasks.Task`1[Microsoft.AspNetCore.Mvc.IActionResult] QuizList() on controller api.Controllers.QuizAPIController (api).
2025-11-14 23:59:25.862 +01:00 [INF] Executing OkObjectResult, writing value of type 'System.Linq.Enumerable+SelectListIterator`2[[api.Models.Quiz, api, Version=1.0.0.0, Culture=neutral, PublicKeyToken=null],[api.DTOs.QuizDto, api, Version=1.0.0.0, Culture=neutral, PublicKeyToken=null]]'.
2025-11-14 23:59:25.862 +01:00 [INF] Executed action api.Controllers.QuizAPIController.QuizList (api) in 17.5248ms
2025-11-14 23:59:25.863 +01:00 [INF] Executed endpoint 'api.Controllers.QuizAPIController.QuizList (api)'
2025-11-14 23:59:25.865 +01:00 [INF] Request finished HTTP/1.1 GET http://localhost:5082/api/quizapi/quizlist - 200 377 application/json; charset=utf-8 23.0933ms
2025-11-14 23:59:26.572 +01:00 [INF] Request starting HTTP/1.1 GET http://localhost:5082/api/quizapi/quizlist - null null
2025-11-14 23:59:26.573 +01:00 [INF] CORS policy execution successful.
2025-11-14 23:59:26.573 +01:00 [INF] Executing endpoint 'api.Controllers.QuizAPIController.QuizList (api)'
2025-11-14 23:59:26.573 +01:00 [INF] Route matched with {action = "QuizList", controller = "QuizAPI"}. Executing controller action with signature System.Threading.Tasks.Task`1[Microsoft.AspNetCore.Mvc.IActionResult] QuizList() on controller api.Controllers.QuizAPIController (api).
2025-11-14 23:59:26.597 +01:00 [INF] Executing OkObjectResult, writing value of type 'System.Linq.Enumerable+SelectListIterator`2[[api.Models.Quiz, api, Version=1.0.0.0, Culture=neutral, PublicKeyToken=null],[api.DTOs.QuizDto, api, Version=1.0.0.0, Culture=neutral, PublicKeyToken=null]]'.
2025-11-14 23:59:26.600 +01:00 [INF] Executed action api.Controllers.QuizAPIController.QuizList (api) in 25.7908ms
2025-11-14 23:59:26.600 +01:00 [INF] Executed endpoint 'api.Controllers.QuizAPIController.QuizList (api)'
2025-11-14 23:59:26.600 +01:00 [INF] Request finished HTTP/1.1 GET http://localhost:5082/api/quizapi/quizlist - 200 377 application/json; charset=utf-8 28.4296ms
2025-11-14 23:59:46.091 +01:00 [INF] Request starting HTTP/1.1 GET http://localhost:5082/api/quizapi/quizlist - null null
2025-11-14 23:59:46.091 +01:00 [INF] CORS policy execution successful.
2025-11-14 23:59:46.092 +01:00 [INF] Executing endpoint 'api.Controllers.QuizAPIController.QuizList (api)'
2025-11-14 23:59:46.092 +01:00 [INF] Route matched with {action = "QuizList", controller = "QuizAPI"}. Executing controller action with signature System.Threading.Tasks.Task`1[Microsoft.AspNetCore.Mvc.IActionResult] QuizList() on controller api.Controllers.QuizAPIController (api).
2025-11-14 23:59:46.110 +01:00 [INF] Executing OkObjectResult, writing value of type 'System.Linq.Enumerable+SelectListIterator`2[[api.Models.Quiz, api, Version=1.0.0.0, Culture=neutral, PublicKeyToken=null],[api.DTOs.QuizDto, api, Version=1.0.0.0, Culture=neutral, PublicKeyToken=null]]'.
2025-11-14 23:59:46.115 +01:00 [INF] Executed action api.Controllers.QuizAPIController.QuizList (api) in 22.9821ms
2025-11-14 23:59:46.116 +01:00 [INF] Executed endpoint 'api.Controllers.QuizAPIController.QuizList (api)'
2025-11-14 23:59:46.116 +01:00 [INF] Request finished HTTP/1.1 GET http://localhost:5082/api/quizapi/quizlist - 200 377 application/json; charset=utf-8 25.3626ms
2025-11-15 00:00:15.129 +01:00 [INF] Request starting HTTP/1.1 GET http://localhost:5082/api/quizapi/quizlist - null null
2025-11-15 00:00:15.130 +01:00 [INF] CORS policy execution successful.
2025-11-15 00:00:15.130 +01:00 [INF] Executing endpoint 'api.Controllers.QuizAPIController.QuizList (api)'
2025-11-15 00:00:15.130 +01:00 [INF] Route matched with {action = "QuizList", controller = "QuizAPI"}. Executing controller action with signature System.Threading.Tasks.Task`1[Microsoft.AspNetCore.Mvc.IActionResult] QuizList() on controller api.Controllers.QuizAPIController (api).
2025-11-15 00:00:15.136 +01:00 [INF] Executing OkObjectResult, writing value of type 'System.Linq.Enumerable+SelectListIterator`2[[api.Models.Quiz, api, Version=1.0.0.0, Culture=neutral, PublicKeyToken=null],[api.DTOs.QuizDto, api, Version=1.0.0.0, Culture=neutral, PublicKeyToken=null]]'.
2025-11-15 00:00:15.138 +01:00 [INF] Executed action api.Controllers.QuizAPIController.QuizList (api) in 8.1059ms
2025-11-15 00:00:15.139 +01:00 [INF] Executed endpoint 'api.Controllers.QuizAPIController.QuizList (api)'
2025-11-15 00:00:15.139 +01:00 [INF] Request finished HTTP/1.1 GET http://localhost:5082/api/quizapi/quizlist - 200 377 application/json; charset=utf-8 9.3427ms
2025-11-15 00:00:15.141 +01:00 [INF] Request starting HTTP/1.1 GET http://localhost:5082/api/quizapi/quizlist - null null
2025-11-15 00:00:15.142 +01:00 [INF] CORS policy execution successful.
2025-11-15 00:00:15.142 +01:00 [INF] Executing endpoint 'api.Controllers.QuizAPIController.QuizList (api)'
2025-11-15 00:00:15.142 +01:00 [INF] Route matched with {action = "QuizList", controller = "QuizAPI"}. Executing controller action with signature System.Threading.Tasks.Task`1[Microsoft.AspNetCore.Mvc.IActionResult] QuizList() on controller api.Controllers.QuizAPIController (api).
2025-11-15 00:00:15.147 +01:00 [INF] Executing OkObjectResult, writing value of type 'System.Linq.Enumerable+SelectListIterator`2[[api.Models.Quiz, api, Version=1.0.0.0, Culture=neutral, PublicKeyToken=null],[api.DTOs.QuizDto, api, Version=1.0.0.0, Culture=neutral, PublicKeyToken=null]]'.
2025-11-15 00:00:15.148 +01:00 [INF] Executed action api.Controllers.QuizAPIController.QuizList (api) in 5.1874ms
2025-11-15 00:00:15.148 +01:00 [INF] Executed endpoint 'api.Controllers.QuizAPIController.QuizList (api)'
2025-11-15 00:00:15.149 +01:00 [INF] Request finished HTTP/1.1 GET http://localhost:5082/api/quizapi/quizlist - 200 377 application/json; charset=utf-8 7.7267ms
2025-11-15 00:00:42.385 +01:00 [INF] Request starting HTTP/1.1 OPTIONS http://localhost:5082/api/Auth/login - null null
2025-11-15 00:00:42.386 +01:00 [INF] CORS policy execution successful.
2025-11-15 00:00:42.388 +01:00 [INF] Request finished HTTP/1.1 OPTIONS http://localhost:5082/api/Auth/login - 204 null null 2.3887ms
2025-11-15 00:00:42.390 +01:00 [INF] Request starting HTTP/1.1 POST http://localhost:5082/api/Auth/login - application/json 46
2025-11-15 00:00:42.392 +01:00 [INF] CORS policy execution successful.
2025-11-15 00:00:42.393 +01:00 [INF] Executing endpoint 'api.Controllers.AuthController.Login (api)'
2025-11-15 00:00:42.403 +01:00 [INF] Route matched with {action = "Login", controller = "Auth"}. Executing controller action with signature System.Threading.Tasks.Task`1[Microsoft.AspNetCore.Mvc.IActionResult] Login(api.DTOs.LoginDto) on controller api.Controllers.AuthController (api).
2025-11-15 00:00:42.887 +01:00 [INF] [AuthController] JWT token created for ida with roles Student
2025-11-15 00:00:42.929 +01:00 [INF] [AuthController] user authorised for ida
2025-11-15 00:00:42.930 +01:00 [INF] Executing OkObjectResult, writing value of type '<>f__AnonymousType1`1[[System.String, System.Private.CoreLib, Version=8.0.0.0, Culture=neutral, PublicKeyToken=7cec85d7bea7798e]]'.
2025-11-15 00:00:42.936 +01:00 [INF] Executed action api.Controllers.AuthController.Login (api) in 533.0113ms
2025-11-15 00:00:42.936 +01:00 [INF] Executed endpoint 'api.Controllers.AuthController.Login (api)'
2025-11-15 00:00:42.937 +01:00 [INF] Request finished HTTP/1.1 POST http://localhost:5082/api/Auth/login - 200 661 application/json; charset=utf-8 546.3524ms
2025-11-15 00:00:45.193 +01:00 [INF] Request starting HTTP/1.1 OPTIONS http://localhost:5082/api/takequizapi/takequizlist - null null
2025-11-15 00:00:45.193 +01:00 [INF] CORS policy execution successful.
2025-11-15 00:00:45.194 +01:00 [INF] Request finished HTTP/1.1 OPTIONS http://localhost:5082/api/takequizapi/takequizlist - 204 null null 0.7452ms
2025-11-15 00:00:45.195 +01:00 [INF] Request starting HTTP/1.1 OPTIONS http://localhost:5082/api/takequizapi/takequizlist - null null
2025-11-15 00:00:45.199 +01:00 [INF] CORS policy execution successful.
2025-11-15 00:00:45.199 +01:00 [INF] Request finished HTTP/1.1 OPTIONS http://localhost:5082/api/takequizapi/takequizlist - 204 null null 3.6042ms
2025-11-15 00:00:45.203 +01:00 [INF] Request starting HTTP/1.1 GET http://localhost:5082/api/takequizapi/takequizlist - application/json null
2025-11-15 00:00:45.203 +01:00 [INF] CORS policy execution successful.
2025-11-15 00:00:45.303 +01:00 [INF] Executing endpoint 'api.Controllers.TakeQuizApiController.GetAllQuizzes (api)'
2025-11-15 00:00:45.310 +01:00 [INF] Route matched with {action = "GetAllQuizzes", controller = "TakeQuizApi"}. Executing controller action with signature System.Threading.Tasks.Task`1[Microsoft.AspNetCore.Mvc.IActionResult] GetAllQuizzes() on controller api.Controllers.TakeQuizApiController (api).
2025-11-15 00:00:45.321 +01:00 [INF] Executing OkObjectResult, writing value of type 'System.Collections.Generic.List`1[[api.DTOs.QuizDto, api, Version=1.0.0.0, Culture=neutral, PublicKeyToken=null]]'.
2025-11-15 00:00:45.323 +01:00 [INF] Executed action api.Controllers.TakeQuizApiController.GetAllQuizzes (api) in 12.5071ms
2025-11-15 00:00:45.323 +01:00 [INF] Executed endpoint 'api.Controllers.TakeQuizApiController.GetAllQuizzes (api)'
2025-11-15 00:00:45.323 +01:00 [INF] Request finished HTTP/1.1 GET http://localhost:5082/api/takequizapi/takequizlist - 200 377 application/json; charset=utf-8 120.0682ms
2025-11-15 00:00:45.326 +01:00 [INF] Request starting HTTP/1.1 GET http://localhost:5082/api/takequizapi/takequizlist - application/json null
2025-11-15 00:00:45.326 +01:00 [INF] CORS policy execution successful.
2025-11-15 00:00:45.328 +01:00 [INF] Executing endpoint 'api.Controllers.TakeQuizApiController.GetAllQuizzes (api)'
2025-11-15 00:00:45.329 +01:00 [INF] Route matched with {action = "GetAllQuizzes", controller = "TakeQuizApi"}. Executing controller action with signature System.Threading.Tasks.Task`1[Microsoft.AspNetCore.Mvc.IActionResult] GetAllQuizzes() on controller api.Controllers.TakeQuizApiController (api).
2025-11-15 00:00:45.343 +01:00 [INF] Executing OkObjectResult, writing value of type 'System.Collections.Generic.List`1[[api.DTOs.QuizDto, api, Version=1.0.0.0, Culture=neutral, PublicKeyToken=null]]'.
2025-11-15 00:00:45.343 +01:00 [INF] Executed action api.Controllers.TakeQuizApiController.GetAllQuizzes (api) in 14.2669ms
2025-11-15 00:00:45.343 +01:00 [INF] Executed endpoint 'api.Controllers.TakeQuizApiController.GetAllQuizzes (api)'
2025-11-15 00:00:45.343 +01:00 [INF] Request finished HTTP/1.1 GET http://localhost:5082/api/takequizapi/takequizlist - 200 377 application/json; charset=utf-8 17.0935ms
2025-11-15 00:01:00.101 +01:00 [INF] Request starting HTTP/1.1 OPTIONS http://localhost:5082/api/Auth/login - null null
2025-11-15 00:01:00.102 +01:00 [INF] CORS policy execution successful.
2025-11-15 00:01:00.102 +01:00 [INF] Request finished HTTP/1.1 OPTIONS http://localhost:5082/api/Auth/login - 204 null null 1.2045ms
2025-11-15 00:01:00.112 +01:00 [INF] Request starting HTTP/1.1 POST http://localhost:5082/api/Auth/login - application/json 46
2025-11-15 00:01:00.113 +01:00 [INF] CORS policy execution successful.
2025-11-15 00:01:00.113 +01:00 [INF] Executing endpoint 'api.Controllers.AuthController.Login (api)'
2025-11-15 00:01:00.113 +01:00 [INF] Route matched with {action = "Login", controller = "Auth"}. Executing controller action with signature System.Threading.Tasks.Task`1[Microsoft.AspNetCore.Mvc.IActionResult] Login(api.DTOs.LoginDto) on controller api.Controllers.AuthController (api).
2025-11-15 00:01:00.853 +01:00 [INF] [AuthController] JWT token created for ola with roles Teacher
2025-11-15 00:01:00.854 +01:00 [INF] [AuthController] user authorised for ola
2025-11-15 00:01:00.854 +01:00 [INF] Executing OkObjectResult, writing value of type '<>f__AnonymousType1`1[[System.String, System.Private.CoreLib, Version=8.0.0.0, Culture=neutral, PublicKeyToken=7cec85d7bea7798e]]'.
2025-11-15 00:01:00.855 +01:00 [INF] Executed action api.Controllers.AuthController.Login (api) in 740.8791ms
2025-11-15 00:01:00.855 +01:00 [INF] Executed endpoint 'api.Controllers.AuthController.Login (api)'
2025-11-15 00:01:00.855 +01:00 [INF] Request finished HTTP/1.1 POST http://localhost:5082/api/Auth/login - 200 661 application/json; charset=utf-8 743.0406ms
2025-11-15 00:01:02.562 +01:00 [INF] Request starting HTTP/1.1 OPTIONS http://localhost:5082/api/takequizapi/takequizlist - null null
2025-11-15 00:01:02.562 +01:00 [INF] CORS policy execution successful.
2025-11-15 00:01:02.563 +01:00 [INF] Request starting HTTP/1.1 OPTIONS http://localhost:5082/api/takequizapi/takequizlist - null null
2025-11-15 00:01:02.563 +01:00 [INF] CORS policy execution successful.
2025-11-15 00:01:02.563 +01:00 [INF] Request finished HTTP/1.1 OPTIONS http://localhost:5082/api/takequizapi/takequizlist - 204 null null 0.7724ms
2025-11-15 00:01:02.563 +01:00 [INF] Request finished HTTP/1.1 OPTIONS http://localhost:5082/api/takequizapi/takequizlist - 204 null null 0.3488ms
2025-11-15 00:01:02.568 +01:00 [INF] Request starting HTTP/1.1 GET http://localhost:5082/api/takequizapi/takequizlist - application/json null
2025-11-15 00:01:02.568 +01:00 [INF] CORS policy execution successful.
2025-11-15 00:01:02.569 +01:00 [INF] Executing endpoint 'api.Controllers.TakeQuizApiController.GetAllQuizzes (api)'
2025-11-15 00:01:02.570 +01:00 [INF] Route matched with {action = "GetAllQuizzes", controller = "TakeQuizApi"}. Executing controller action with signature System.Threading.Tasks.Task`1[Microsoft.AspNetCore.Mvc.IActionResult] GetAllQuizzes() on controller api.Controllers.TakeQuizApiController (api).
2025-11-15 00:01:02.581 +01:00 [INF] Executing OkObjectResult, writing value of type 'System.Collections.Generic.List`1[[api.DTOs.QuizDto, api, Version=1.0.0.0, Culture=neutral, PublicKeyToken=null]]'.
2025-11-15 00:01:02.583 +01:00 [INF] Executed action api.Controllers.TakeQuizApiController.GetAllQuizzes (api) in 13.4537ms
2025-11-15 00:01:02.584 +01:00 [INF] Executed endpoint 'api.Controllers.TakeQuizApiController.GetAllQuizzes (api)'
2025-11-15 00:01:02.584 +01:00 [INF] Request finished HTTP/1.1 GET http://localhost:5082/api/takequizapi/takequizlist - 200 377 application/json; charset=utf-8 16.1668ms
2025-11-15 00:01:02.593 +01:00 [INF] Request starting HTTP/1.1 GET http://localhost:5082/api/takequizapi/takequizlist - application/json null
2025-11-15 00:01:02.593 +01:00 [INF] CORS policy execution successful.
2025-11-15 00:01:02.594 +01:00 [INF] Executing endpoint 'api.Controllers.TakeQuizApiController.GetAllQuizzes (api)'
2025-11-15 00:01:02.594 +01:00 [INF] Route matched with {action = "GetAllQuizzes", controller = "TakeQuizApi"}. Executing controller action with signature System.Threading.Tasks.Task`1[Microsoft.AspNetCore.Mvc.IActionResult] GetAllQuizzes() on controller api.Controllers.TakeQuizApiController (api).
2025-11-15 00:01:02.645 +01:00 [INF] Executing OkObjectResult, writing value of type 'System.Collections.Generic.List`1[[api.DTOs.QuizDto, api, Version=1.0.0.0, Culture=neutral, PublicKeyToken=null]]'.
2025-11-15 00:01:02.647 +01:00 [INF] Executed action api.Controllers.TakeQuizApiController.GetAllQuizzes (api) in 52.6999ms
2025-11-15 00:01:02.647 +01:00 [INF] Executed endpoint 'api.Controllers.TakeQuizApiController.GetAllQuizzes (api)'
2025-11-15 00:01:02.648 +01:00 [INF] Request finished HTTP/1.1 GET http://localhost:5082/api/takequizapi/takequizlist - 200 377 application/json; charset=utf-8 55.0472ms
2025-11-15 00:01:05.325 +01:00 [INF] Request starting HTTP/1.1 GET http://localhost:5082/api/quizapi/quizlist - null null
2025-11-15 00:01:05.326 +01:00 [INF] CORS policy execution successful.
2025-11-15 00:01:05.326 +01:00 [INF] Executing endpoint 'api.Controllers.QuizAPIController.QuizList (api)'
2025-11-15 00:01:05.327 +01:00 [INF] Route matched with {action = "QuizList", controller = "QuizAPI"}. Executing controller action with signature System.Threading.Tasks.Task`1[Microsoft.AspNetCore.Mvc.IActionResult] QuizList() on controller api.Controllers.QuizAPIController (api).
2025-11-15 00:01:05.348 +01:00 [INF] Executing OkObjectResult, writing value of type 'System.Linq.Enumerable+SelectListIterator`2[[api.Models.Quiz, api, Version=1.0.0.0, Culture=neutral, PublicKeyToken=null],[api.DTOs.QuizDto, api, Version=1.0.0.0, Culture=neutral, PublicKeyToken=null]]'.
2025-11-15 00:01:05.349 +01:00 [INF] Executed action api.Controllers.QuizAPIController.QuizList (api) in 21.7088ms
2025-11-15 00:01:05.350 +01:00 [INF] Executed endpoint 'api.Controllers.QuizAPIController.QuizList (api)'
2025-11-15 00:01:05.351 +01:00 [INF] Request finished HTTP/1.1 GET http://localhost:5082/api/quizapi/quizlist - 200 377 application/json; charset=utf-8 25.2806ms
2025-11-15 00:01:05.410 +01:00 [INF] Request starting HTTP/1.1 GET http://localhost:5082/api/quizapi/quizlist - null null
2025-11-15 00:01:05.411 +01:00 [INF] CORS policy execution successful.
2025-11-15 00:01:05.411 +01:00 [INF] Executing endpoint 'api.Controllers.QuizAPIController.QuizList (api)'
2025-11-15 00:01:05.411 +01:00 [INF] Route matched with {action = "QuizList", controller = "QuizAPI"}. Executing controller action with signature System.Threading.Tasks.Task`1[Microsoft.AspNetCore.Mvc.IActionResult] QuizList() on controller api.Controllers.QuizAPIController (api).
2025-11-15 00:01:05.422 +01:00 [INF] Executing OkObjectResult, writing value of type 'System.Linq.Enumerable+SelectListIterator`2[[api.Models.Quiz, api, Version=1.0.0.0, Culture=neutral, PublicKeyToken=null],[api.DTOs.QuizDto, api, Version=1.0.0.0, Culture=neutral, PublicKeyToken=null]]'.
2025-11-15 00:01:05.487 +01:00 [INF] Executed action api.Controllers.QuizAPIController.QuizList (api) in 75.1014ms
2025-11-15 00:01:05.487 +01:00 [INF] Executed endpoint 'api.Controllers.QuizAPIController.QuizList (api)'
2025-11-15 00:01:05.487 +01:00 [INF] Request finished HTTP/1.1 GET http://localhost:5082/api/quizapi/quizlist - 200 377 application/json; charset=utf-8 76.7807ms
