2025-11-14 14:24:19.887 +01:00 [INF] User profile is available. Using 'C:\Users\Admin\AppData\Local\ASP.NET\DataProtection-Keys' as key repository and Windows DPAPI to encrypt keys at rest.
2025-11-14 14:24:20.156 +01:00 [INF] Now listening on: https://localhost:7262
2025-11-14 14:24:20.160 +01:00 [INF] Now listening on: http://localhost:5082
2025-11-14 14:24:20.168 +01:00 [INF] Application started. Press Ctrl+C to shut down.
2025-11-14 14:24:20.172 +01:00 [INF] Hosting environment: Development
2025-11-14 14:24:20.176 +01:00 [INF] Content root path: C:\Users\Admin\OneDrive - OsloMet\FinalExamITPE3200\EXAMFAM\api
2025-11-14 14:24:20.566 +01:00 [INF] Request starting HTTP/1.1 GET http://localhost:5082/swagger - null null
2025-11-14 14:24:20.615 +01:00 [INF] Request finished HTTP/1.1 GET http://localhost:5082/swagger - 301 0 null 49.5537ms
2025-11-14 14:24:20.625 +01:00 [INF] Request starting HTTP/1.1 GET http://localhost:5082/swagger/index.html - null null
2025-11-14 14:24:20.707 +01:00 [INF] Request finished HTTP/1.1 GET http://localhost:5082/swagger/index.html - 200 null text/html;charset=utf-8 82.0122ms
2025-11-14 14:24:20.726 +01:00 [INF] Request starting HTTP/1.1 GET http://localhost:5082/swagger/swagger-ui.css - null null
2025-11-14 14:24:20.733 +01:00 [INF] Request starting HTTP/1.1 GET http://localhost:5082/swagger/swagger-ui-bundle.js - null null
2025-11-14 14:24:20.733 +01:00 [INF] Request starting HTTP/1.1 GET http://localhost:5082/swagger/swagger-ui-standalone-preset.js - null null
2025-11-14 14:24:20.819 +01:00 [INF] Sending file. Request path: '/swagger-ui-standalone-preset.js'. Physical path: 'N/A'
2025-11-14 14:24:20.819 +01:00 [INF] Sending file. Request path: '/swagger-ui.css'. Physical path: 'N/A'
2025-11-14 14:24:20.819 +01:00 [INF] Sending file. Request path: '/swagger-ui-bundle.js'. Physical path: 'N/A'
2025-11-14 14:24:20.822 +01:00 [INF] Request finished HTTP/1.1 GET http://localhost:5082/swagger/swagger-ui-standalone-preset.js - 200 339486 text/javascript 88.5596ms
2025-11-14 14:24:20.822 +01:00 [INF] Request finished HTTP/1.1 GET http://localhost:5082/swagger/swagger-ui.css - 200 143943 text/css 96.2922ms
2025-11-14 14:24:20.822 +01:00 [INF] Request finished HTTP/1.1 GET http://localhost:5082/swagger/swagger-ui-bundle.js - 200 1096145 text/javascript 88.9856ms
2025-11-14 14:24:21.025 +01:00 [INF] Request starting HTTP/1.1 GET http://localhost:5082/swagger/v1/swagger.json - null null
2025-11-14 14:24:21.076 +01:00 [INF] Request starting HTTP/1.1 GET http://localhost:5082/swagger/favicon-32x32.png - null null
2025-11-14 14:24:21.077 +01:00 [INF] Sending file. Request path: '/favicon-32x32.png'. Physical path: 'N/A'
2025-11-14 14:24:21.077 +01:00 [INF] Request finished HTTP/1.1 GET http://localhost:5082/swagger/favicon-32x32.png - 200 628 image/png 0.8563ms
2025-11-14 14:24:21.245 +01:00 [INF] Request finished HTTP/1.1 GET http://localhost:5082/swagger/v1/swagger.json - 200 null application/json;charset=utf-8 220.1718ms
2025-11-14 14:24:42.965 +01:00 [INF] Request starting HTTP/1.1 POST http://localhost:5082/api/TakeQuizApi/saveattempt - application/json-patch+json 193
2025-11-14 14:24:43.020 +01:00 [INF] CORS policy execution failed.
2025-11-14 14:24:43.021 +01:00 [INF] Request origin http://localhost:5082 does not have permission to access the resource.
2025-11-14 14:24:43.212 +01:00 [INF] Authorization failed. These requirements were not met:
RolesAuthorizationRequirement:User.IsInRole must be true for one of the following roles: (Student)
2025-11-14 14:24:43.218 +01:00 [INF] AuthenticationScheme: Bearer was challenged.
2025-11-14 14:24:43.220 +01:00 [INF] Request finished HTTP/1.1 POST http://localhost:5082/api/TakeQuizApi/saveattempt - 401 0 null 255.409ms
