2025-10-28 14:41:39.143 +01:00 [INF] Now listening on: http://localhost:5082
2025-10-28 14:41:39.166 +01:00 [INF] Application started. Press Ctrl+C to shut down.
2025-10-28 14:41:39.167 +01:00 [INF] Hosting environment: Development
2025-10-28 14:41:39.168 +01:00 [INF] Content root path: C:\Users\Admin\OneDrive - OsloMet\FinalExamITPE3200\EXAMFAM\api
2025-10-28 14:41:43.701 +01:00 [INF] Request starting HTTP/1.1 GET http://localhost:5082/api/quizapi/quizlist - null null
2025-10-28 14:41:43.754 +01:00 [INF] CORS policy execution successful.
2025-10-28 14:41:43.759 +01:00 [INF] Executing endpoint 'api.Controllers.QuizAPIController.QuizList (api)'
2025-10-28 14:41:43.793 +01:00 [INF] Route matched with {action = "QuizList", controller = "QuizAPI"}. Executing controller action with signature System.Threading.Tasks.Task`1[Microsoft.AspNetCore.Mvc.IActionResult] QuizList() on controller api.Controllers.QuizAPIController (api).
2025-10-28 14:41:44.990 +01:00 [WRN] Compiling a query which loads related collections for more than one collection navigation, either via 'Include' or through projection, but no 'QuerySplittingBehavior' has been configured. By default, Entity Framework will use 'QuerySplittingBehavior.SingleQuery', which can potentially result in slow query performance. See https://go.microsoft.com/fwlink/?linkid=2134277 for more information. To identify the query that's triggering this warning call 'ConfigureWarnings(w => w.Throw(RelationalEventId.MultipleCollectionIncludeWarning))'.
2025-10-28 14:41:45.212 +01:00 [INF] Executing OkObjectResult, writing value of type 'System.Linq.Enumerable+SelectListIterator`2[[api.Models.Quiz, api, Version=1.0.0.0, Culture=neutral, PublicKeyToken=null],[api.DTOs.QuizDto, api, Version=1.0.0.0, Culture=neutral, PublicKeyToken=null]]'.
2025-10-28 14:41:45.559 +01:00 [INF] Executed action api.Controllers.QuizAPIController.QuizList (api) in 1761.3969ms
2025-10-28 14:41:45.560 +01:00 [INF] Executed endpoint 'api.Controllers.QuizAPIController.QuizList (api)'
2025-10-28 14:41:45.572 +01:00 [INF] Request finished HTTP/1.1 GET http://localhost:5082/api/quizapi/quizlist - 200 161 application/json; charset=utf-8 1873.162ms
2025-10-28 14:41:45.577 +01:00 [INF] Request starting HTTP/1.1 GET http://localhost:5082/api/quizapi/quizlist - null null
2025-10-28 14:41:45.588 +01:00 [INF] CORS policy execution successful.
2025-10-28 14:41:45.588 +01:00 [INF] Executing endpoint 'api.Controllers.QuizAPIController.QuizList (api)'
2025-10-28 14:41:45.588 +01:00 [INF] Route matched with {action = "QuizList", controller = "QuizAPI"}. Executing controller action with signature System.Threading.Tasks.Task`1[Microsoft.AspNetCore.Mvc.IActionResult] QuizList() on controller api.Controllers.QuizAPIController (api).
2025-10-28 14:41:45.615 +01:00 [INF] Executing OkObjectResult, writing value of type 'System.Linq.Enumerable+SelectListIterator`2[[api.Models.Quiz, api, Version=1.0.0.0, Culture=neutral, PublicKeyToken=null],[api.DTOs.QuizDto, api, Version=1.0.0.0, Culture=neutral, PublicKeyToken=null]]'.
2025-10-28 14:41:45.617 +01:00 [INF] Executed action api.Controllers.QuizAPIController.QuizList (api) in 28.094ms
2025-10-28 14:41:45.617 +01:00 [INF] Executed endpoint 'api.Controllers.QuizAPIController.QuizList (api)'
2025-10-28 14:41:45.617 +01:00 [INF] Request finished HTTP/1.1 GET http://localhost:5082/api/quizapi/quizlist - 200 161 application/json; charset=utf-8 40.5251ms
2025-10-28 14:42:19.748 +01:00 [INF] Request starting HTTP/1.1 OPTIONS http://localhost:5082/api/quizapi/delete/3 - null null
2025-10-28 14:42:19.764 +01:00 [INF] CORS policy execution successful.
2025-10-28 14:42:19.767 +01:00 [INF] Request finished HTTP/1.1 OPTIONS http://localhost:5082/api/quizapi/delete/3 - 204 null null 20.2924ms
2025-10-28 14:42:19.776 +01:00 [INF] Request starting HTTP/1.1 DELETE http://localhost:5082/api/quizapi/delete/3 - null null
2025-10-28 14:42:19.776 +01:00 [INF] CORS policy execution successful.
2025-10-28 14:42:19.778 +01:00 [INF] Request finished HTTP/1.1 DELETE http://localhost:5082/api/quizapi/delete/3 - 404 0 null 1.5208ms
2025-10-28 14:42:19.780 +01:00 [INF] Request reached the end of the middleware pipeline without being handled by application code. Request path: DELETE http://localhost:5082/api/quizapi/delete/3, Response status code: 404
2025-10-28 14:42:29.883 +01:00 [INF] Request starting HTTP/1.1 GET http://localhost:5082/api/quizapi/quizlist - null null
2025-10-28 14:42:29.889 +01:00 [INF] CORS policy execution successful.
2025-10-28 14:42:29.889 +01:00 [INF] Executing endpoint 'api.Controllers.QuizAPIController.QuizList (api)'
2025-10-28 14:42:29.897 +01:00 [INF] Route matched with {action = "QuizList", controller = "QuizAPI"}. Executing controller action with signature System.Threading.Tasks.Task`1[Microsoft.AspNetCore.Mvc.IActionResult] QuizList() on controller api.Controllers.QuizAPIController (api).
2025-10-28 14:42:30.046 +01:00 [INF] Executing OkObjectResult, writing value of type 'System.Linq.Enumerable+SelectListIterator`2[[api.Models.Quiz, api, Version=1.0.0.0, Culture=neutral, PublicKeyToken=null],[api.DTOs.QuizDto, api, Version=1.0.0.0, Culture=neutral, PublicKeyToken=null]]'.
2025-10-28 14:42:30.048 +01:00 [INF] Executed action api.Controllers.QuizAPIController.QuizList (api) in 150.2296ms
2025-10-28 14:42:30.049 +01:00 [INF] Executed endpoint 'api.Controllers.QuizAPIController.QuizList (api)'
2025-10-28 14:42:30.049 +01:00 [INF] Request finished HTTP/1.1 GET http://localhost:5082/api/quizapi/quizlist - 200 161 application/json; charset=utf-8 165.782ms
2025-10-28 14:42:30.050 +01:00 [INF] Request starting HTTP/1.1 GET http://localhost:5082/api/quizapi/quizlist - null null
2025-10-28 14:42:30.050 +01:00 [INF] CORS policy execution successful.
2025-10-28 14:42:30.051 +01:00 [INF] Executing endpoint 'api.Controllers.QuizAPIController.QuizList (api)'
2025-10-28 14:42:30.051 +01:00 [INF] Route matched with {action = "QuizList", controller = "QuizAPI"}. Executing controller action with signature System.Threading.Tasks.Task`1[Microsoft.AspNetCore.Mvc.IActionResult] QuizList() on controller api.Controllers.QuizAPIController (api).
2025-10-28 14:42:30.058 +01:00 [INF] Executing OkObjectResult, writing value of type 'System.Linq.Enumerable+SelectListIterator`2[[api.Models.Quiz, api, Version=1.0.0.0, Culture=neutral, PublicKeyToken=null],[api.DTOs.QuizDto, api, Version=1.0.0.0, Culture=neutral, PublicKeyToken=null]]'.
2025-10-28 14:42:30.059 +01:00 [INF] Executed action api.Controllers.QuizAPIController.QuizList (api) in 7.6958ms
2025-10-28 14:42:30.059 +01:00 [INF] Executed endpoint 'api.Controllers.QuizAPIController.QuizList (api)'
2025-10-28 14:42:30.059 +01:00 [INF] Request finished HTTP/1.1 GET http://localhost:5082/api/quizapi/quizlist - 200 161 application/json; charset=utf-8 9.1548ms
2025-10-28 14:42:51.271 +01:00 [INF] Application is shutting down...
