2025-11-04 15:36:28.065 +01:00 [INF] User profile is available. Using 'C:\Users\Admin\AppData\Local\ASP.NET\DataProtection-Keys' as key repository and Windows DPAPI to encrypt keys at rest.
2025-11-04 15:36:28.179 +01:00 [INF] Now listening on: http://localhost:5082
2025-11-04 15:36:28.184 +01:00 [INF] Application started. Press Ctrl+C to shut down.
2025-11-04 15:36:28.185 +01:00 [INF] Hosting environment: Development
2025-11-04 15:36:28.186 +01:00 [INF] Content root path: C:\Users\Admin\OneDrive - OsloMet\FinalExamITPE3200\EXAMFAM\api
2025-11-04 15:36:42.758 +01:00 [INF] Request starting HTTP/1.1 OPTIONS http://localhost:5082/api/Auth/login - null null
2025-11-04 15:36:42.824 +01:00 [INF] CORS policy execution successful.
2025-11-04 15:36:42.833 +01:00 [INF] Request finished HTTP/1.1 OPTIONS http://localhost:5082/api/Auth/login - 204 null null 77.429ms
2025-11-04 15:36:42.838 +01:00 [INF] Request starting HTTP/1.1 POST http://localhost:5082/api/Auth/login - application/json 46
2025-11-04 15:36:42.843 +01:00 [INF] CORS policy execution successful.
2025-11-04 15:36:42.891 +01:00 [INF] Executing endpoint 'api.Controllers.AuthController.Login (api)'
2025-11-04 15:36:42.933 +01:00 [INF] Route matched with {action = "Login", controller = "Auth"}. Executing controller action with signature System.Threading.Tasks.Task`1[Microsoft.AspNetCore.Mvc.IActionResult] Login(api.DTOs.LoginDto) on controller api.Controllers.AuthController (api).
2025-11-04 15:36:44.645 +01:00 [INF] [AuthAPIController] user authorised for Fanny432
2025-11-04 15:36:44.651 +01:00 [INF] [AuthAPIController] JWT token created for Fanny432
2025-11-04 15:36:44.685 +01:00 [INF] Executing OkObjectResult, writing value of type '<>f__AnonymousType1`1[[System.String, System.Private.CoreLib, Version=8.0.0.0, Culture=neutral, PublicKeyToken=7cec85d7bea7798e]]'.
2025-11-04 15:36:44.726 +01:00 [INF] Executed action api.Controllers.AuthController.Login (api) in 1785.8345ms
2025-11-04 15:36:44.726 +01:00 [INF] Executed endpoint 'api.Controllers.AuthController.Login (api)'
2025-11-04 15:36:44.753 +01:00 [INF] Request finished HTTP/1.1 POST http://localhost:5082/api/Auth/login - 200 491 application/json; charset=utf-8 1914.0225ms
2025-11-04 15:36:44.768 +01:00 [INF] Request starting HTTP/1.1 GET http://localhost:5082/api/quizapi/quizlist - null null
2025-11-04 15:36:44.779 +01:00 [INF] CORS policy execution successful.
2025-11-04 15:36:44.783 +01:00 [INF] Executing endpoint 'api.Controllers.QuizAPIController.QuizList (api)'
2025-11-04 15:36:44.793 +01:00 [INF] Route matched with {action = "QuizList", controller = "QuizAPI"}. Executing controller action with signature System.Threading.Tasks.Task`1[Microsoft.AspNetCore.Mvc.IActionResult] QuizList() on controller api.Controllers.QuizAPIController (api).
2025-11-04 15:36:45.082 +01:00 [WRN] Compiling a query which loads related collections for more than one collection navigation, either via 'Include' or through projection, but no 'QuerySplittingBehavior' has been configured. By default, Entity Framework will use 'QuerySplittingBehavior.SingleQuery', which can potentially result in slow query performance. See https://go.microsoft.com/fwlink/?linkid=2134277 for more information. To identify the query that's triggering this warning call 'ConfigureWarnings(w => w.Throw(RelationalEventId.MultipleCollectionIncludeWarning))'.
2025-11-04 15:36:45.179 +01:00 [INF] Executing OkObjectResult, writing value of type 'System.Linq.Enumerable+SelectListIterator`2[[api.Models.Quiz, api, Version=1.0.0.0, Culture=neutral, PublicKeyToken=null],[api.DTOs.QuizDto, api, Version=1.0.0.0, Culture=neutral, PublicKeyToken=null]]'.
2025-11-04 15:36:45.195 +01:00 [INF] Executed action api.Controllers.QuizAPIController.QuizList (api) in 402.2406ms
2025-11-04 15:36:45.196 +01:00 [INF] Executed endpoint 'api.Controllers.QuizAPIController.QuizList (api)'
2025-11-04 15:36:45.196 +01:00 [INF] Request finished HTTP/1.1 GET http://localhost:5082/api/quizapi/quizlist - 200 284 application/json; charset=utf-8 428.143ms
2025-11-04 15:36:45.199 +01:00 [INF] Request starting HTTP/1.1 GET http://localhost:5082/api/quizapi/quizlist - null null
2025-11-04 15:36:45.202 +01:00 [INF] CORS policy execution successful.
2025-11-04 15:36:45.204 +01:00 [INF] Executing endpoint 'api.Controllers.QuizAPIController.QuizList (api)'
2025-11-04 15:36:45.205 +01:00 [INF] Route matched with {action = "QuizList", controller = "QuizAPI"}. Executing controller action with signature System.Threading.Tasks.Task`1[Microsoft.AspNetCore.Mvc.IActionResult] QuizList() on controller api.Controllers.QuizAPIController (api).
2025-11-04 15:36:45.232 +01:00 [INF] Executing OkObjectResult, writing value of type 'System.Linq.Enumerable+SelectListIterator`2[[api.Models.Quiz, api, Version=1.0.0.0, Culture=neutral, PublicKeyToken=null],[api.DTOs.QuizDto, api, Version=1.0.0.0, Culture=neutral, PublicKeyToken=null]]'.
2025-11-04 15:36:45.233 +01:00 [INF] Executed action api.Controllers.QuizAPIController.QuizList (api) in 28.003ms
2025-11-04 15:36:45.233 +01:00 [INF] Executed endpoint 'api.Controllers.QuizAPIController.QuizList (api)'
2025-11-04 15:36:45.234 +01:00 [INF] Request finished HTTP/1.1 GET http://localhost:5082/api/quizapi/quizlist - 200 284 application/json; charset=utf-8 34.5073ms
2025-11-04 15:37:01.872 +01:00 [INF] Request starting HTTP/1.1 OPTIONS http://localhost:5082/api/Auth/register - null null
2025-11-04 15:37:01.873 +01:00 [INF] CORS policy execution successful.
2025-11-04 15:37:01.873 +01:00 [INF] Request finished HTTP/1.1 OPTIONS http://localhost:5082/api/Auth/register - 204 null null 1.6406ms
2025-11-04 15:37:01.875 +01:00 [INF] Request starting HTTP/1.1 POST http://localhost:5082/api/Auth/register - application/json 77
2025-11-04 15:37:01.875 +01:00 [INF] CORS policy execution successful.
2025-11-04 15:37:01.876 +01:00 [INF] Executing endpoint 'api.Controllers.AuthController.Register (api)'
2025-11-04 15:37:01.886 +01:00 [INF] Route matched with {action = "Register", controller = "Auth"}. Executing controller action with signature System.Threading.Tasks.Task`1[Microsoft.AspNetCore.Mvc.IActionResult] Register(api.DTOs.RegisterDto) on controller api.Controllers.AuthController (api).
2025-11-04 15:37:02.297 +01:00 [INF] [AuthAPIController] user registered for Fanny4321
2025-11-04 15:37:02.298 +01:00 [INF] Executing OkObjectResult, writing value of type '<>f__AnonymousType0`1[[System.String, System.Private.CoreLib, Version=8.0.0.0, Culture=neutral, PublicKeyToken=7cec85d7bea7798e]]'.
2025-11-04 15:37:02.302 +01:00 [INF] Executed action api.Controllers.AuthController.Register (api) in 415.4752ms
2025-11-04 15:37:02.302 +01:00 [INF] Executed endpoint 'api.Controllers.AuthController.Register (api)'
2025-11-04 15:37:02.303 +01:00 [INF] Request finished HTTP/1.1 POST http://localhost:5082/api/Auth/register - 200 42 application/json; charset=utf-8 427.8136ms
2025-11-04 15:37:09.123 +01:00 [INF] Request starting HTTP/1.1 OPTIONS http://localhost:5082/api/Auth/login - null null
2025-11-04 15:37:09.124 +01:00 [INF] CORS policy execution successful.
2025-11-04 15:37:09.124 +01:00 [INF] Request finished HTTP/1.1 OPTIONS http://localhost:5082/api/Auth/login - 204 null null 1.0977ms
2025-11-04 15:37:09.126 +01:00 [INF] Request starting HTTP/1.1 POST http://localhost:5082/api/Auth/login - application/json 47
2025-11-04 15:37:09.127 +01:00 [INF] CORS policy execution successful.
2025-11-04 15:37:09.127 +01:00 [INF] Executing endpoint 'api.Controllers.AuthController.Login (api)'
2025-11-04 15:37:09.127 +01:00 [INF] Route matched with {action = "Login", controller = "Auth"}. Executing controller action with signature System.Threading.Tasks.Task`1[Microsoft.AspNetCore.Mvc.IActionResult] Login(api.DTOs.LoginDto) on controller api.Controllers.AuthController (api).
2025-11-04 15:37:09.256 +01:00 [INF] [AuthAPIController] user authorised for Fanny4321
2025-11-04 15:37:09.256 +01:00 [INF] [AuthAPIController] JWT token created for Fanny4321
2025-11-04 15:37:09.257 +01:00 [INF] Executing OkObjectResult, writing value of type '<>f__AnonymousType1`1[[System.String, System.Private.CoreLib, Version=8.0.0.0, Culture=neutral, PublicKeyToken=7cec85d7bea7798e]]'.
2025-11-04 15:37:09.258 +01:00 [INF] Executed action api.Controllers.AuthController.Login (api) in 131.0594ms
2025-11-04 15:37:09.259 +01:00 [INF] Executed endpoint 'api.Controllers.AuthController.Login (api)'
2025-11-04 15:37:09.259 +01:00 [INF] Request finished HTTP/1.1 POST http://localhost:5082/api/Auth/login - 200 493 application/json; charset=utf-8 132.6784ms
2025-11-04 15:37:09.318 +01:00 [INF] Request starting HTTP/1.1 GET http://localhost:5082/api/quizapi/quizlist - null null
2025-11-04 15:37:09.319 +01:00 [INF] CORS policy execution successful.
2025-11-04 15:37:09.319 +01:00 [INF] Executing endpoint 'api.Controllers.QuizAPIController.QuizList (api)'
2025-11-04 15:37:09.319 +01:00 [INF] Route matched with {action = "QuizList", controller = "QuizAPI"}. Executing controller action with signature System.Threading.Tasks.Task`1[Microsoft.AspNetCore.Mvc.IActionResult] QuizList() on controller api.Controllers.QuizAPIController (api).
2025-11-04 15:37:09.336 +01:00 [INF] Executing OkObjectResult, writing value of type 'System.Linq.Enumerable+SelectListIterator`2[[api.Models.Quiz, api, Version=1.0.0.0, Culture=neutral, PublicKeyToken=null],[api.DTOs.QuizDto, api, Version=1.0.0.0, Culture=neutral, PublicKeyToken=null]]'.
2025-11-04 15:37:09.337 +01:00 [INF] Executed action api.Controllers.QuizAPIController.QuizList (api) in 17.0056ms
2025-11-04 15:37:09.337 +01:00 [INF] Executed endpoint 'api.Controllers.QuizAPIController.QuizList (api)'
2025-11-04 15:37:09.337 +01:00 [INF] Request finished HTTP/1.1 GET http://localhost:5082/api/quizapi/quizlist - 200 284 application/json; charset=utf-8 18.9248ms
2025-11-04 15:37:09.339 +01:00 [INF] Request starting HTTP/1.1 GET http://localhost:5082/api/quizapi/quizlist - null null
2025-11-04 15:37:09.339 +01:00 [INF] CORS policy execution successful.
2025-11-04 15:37:09.339 +01:00 [INF] Executing endpoint 'api.Controllers.QuizAPIController.QuizList (api)'
2025-11-04 15:37:09.339 +01:00 [INF] Route matched with {action = "QuizList", controller = "QuizAPI"}. Executing controller action with signature System.Threading.Tasks.Task`1[Microsoft.AspNetCore.Mvc.IActionResult] QuizList() on controller api.Controllers.QuizAPIController (api).
2025-11-04 15:37:09.346 +01:00 [INF] Executing OkObjectResult, writing value of type 'System.Linq.Enumerable+SelectListIterator`2[[api.Models.Quiz, api, Version=1.0.0.0, Culture=neutral, PublicKeyToken=null],[api.DTOs.QuizDto, api, Version=1.0.0.0, Culture=neutral, PublicKeyToken=null]]'.
2025-11-04 15:37:09.347 +01:00 [INF] Executed action api.Controllers.QuizAPIController.QuizList (api) in 7.6003ms
2025-11-04 15:37:09.348 +01:00 [INF] Executed endpoint 'api.Controllers.QuizAPIController.QuizList (api)'
2025-11-04 15:37:09.348 +01:00 [INF] Request finished HTTP/1.1 GET http://localhost:5082/api/quizapi/quizlist - 200 284 application/json; charset=utf-8 9.1913ms
2025-11-04 15:37:53.260 +01:00 [INF] Application is shutting down...
