2025-11-11 11:10:47.834 +01:00 [INF] User profile is available. Using 'C:\Users\Admin\AppData\Local\ASP.NET\DataProtection-Keys' as key repository and Windows DPAPI to encrypt keys at rest.
2025-11-11 11:10:48.032 +01:00 [INF] Now listening on: http://localhost:5082
2025-11-11 11:10:48.036 +01:00 [INF] Application started. Press Ctrl+C to shut down.
2025-11-11 11:10:48.036 +01:00 [INF] Hosting environment: Development
2025-11-11 11:10:48.036 +01:00 [INF] Content root path: C:\Users\Admin\OneDrive - OsloMet\FinalExamITPE3200\EXAMFAM\api
2025-11-11 11:12:11.579 +01:00 [INF] Request starting HTTP/1.1 OPTIONS http://localhost:5082/api/Auth/register - null null
2025-11-11 11:12:11.772 +01:00 [INF] CORS policy execution successful.
2025-11-11 11:12:11.882 +01:00 [INF] Request finished HTTP/1.1 OPTIONS http://localhost:5082/api/Auth/register - 204 null null 319.9871ms
2025-11-11 11:12:11.892 +01:00 [INF] Request starting HTTP/1.1 POST http://localhost:5082/api/Auth/register - application/json 97
2025-11-11 11:12:11.899 +01:00 [INF] CORS policy execution successful.
2025-11-11 11:12:12.067 +01:00 [INF] Executing endpoint 'api.Controllers.AuthController.Register (api)'
2025-11-11 11:12:12.142 +01:00 [INF] Route matched with {action = "Register", controller = "Auth"}. Executing controller action with signature System.Threading.Tasks.Task`1[Microsoft.AspNetCore.Mvc.IActionResult] Register(api.DTOs.RegisterDto) on controller api.Controllers.AuthController (api).
2025-11-11 11:12:12.425 +01:00 [WRN] [AuthController] registration failed for student123
2025-11-11 11:12:12.433 +01:00 [INF] Executing BadRequestObjectResult, writing value of type 'System.Collections.Generic.List`1[[Microsoft.AspNetCore.Identity.IdentityError, Microsoft.Extensions.Identity.Core, Version=8.0.0.0, Culture=neutral, PublicKeyToken=adb9793829ddae60]]'.
2025-11-11 11:12:12.492 +01:00 [INF] Executed action api.Controllers.AuthController.Register (api) in 343.2228ms
2025-11-11 11:12:12.493 +01:00 [INF] Executed endpoint 'api.Controllers.AuthController.Register (api)'
2025-11-11 11:12:12.507 +01:00 [INF] Request finished HTTP/1.1 POST http://localhost:5082/api/Auth/register - 400 224 application/json; charset=utf-8 614.9048ms
2025-11-11 11:12:23.465 +01:00 [INF] Request starting HTTP/1.1 OPTIONS http://localhost:5082/api/Auth/register - null null
2025-11-11 11:12:23.476 +01:00 [INF] CORS policy execution successful.
2025-11-11 11:12:23.480 +01:00 [INF] Request finished HTTP/1.1 OPTIONS http://localhost:5082/api/Auth/register - 204 null null 15.7825ms
2025-11-11 11:12:23.482 +01:00 [INF] Request starting HTTP/1.1 POST http://localhost:5082/api/Auth/register - application/json 98
2025-11-11 11:12:23.485 +01:00 [INF] CORS policy execution successful.
2025-11-11 11:12:23.495 +01:00 [INF] Executing endpoint 'api.Controllers.AuthController.Register (api)'
2025-11-11 11:12:23.503 +01:00 [INF] Route matched with {action = "Register", controller = "Auth"}. Executing controller action with signature System.Threading.Tasks.Task`1[Microsoft.AspNetCore.Mvc.IActionResult] Register(api.DTOs.RegisterDto) on controller api.Controllers.AuthController (api).
2025-11-11 11:12:24.422 +01:00 [INF] [AuthController] user student123 registered with role Student
2025-11-11 11:12:24.424 +01:00 [INF] Executing OkObjectResult, writing value of type '<>f__AnonymousType0`1[[System.String, System.Private.CoreLib, Version=8.0.0.0, Culture=neutral, PublicKeyToken=7cec85d7bea7798e]]'.
2025-11-11 11:12:24.445 +01:00 [INF] Executed action api.Controllers.AuthController.Register (api) in 940.5555ms
2025-11-11 11:12:24.445 +01:00 [INF] Executed endpoint 'api.Controllers.AuthController.Register (api)'
2025-11-11 11:12:24.450 +01:00 [INF] Request finished HTTP/1.1 POST http://localhost:5082/api/Auth/register - 200 53 application/json; charset=utf-8 967.3617ms
2025-11-11 11:12:38.243 +01:00 [INF] Request starting HTTP/1.1 OPTIONS http://localhost:5082/api/Auth/login - null null
2025-11-11 11:12:38.249 +01:00 [INF] CORS policy execution successful.
2025-11-11 11:12:38.252 +01:00 [INF] Request finished HTTP/1.1 OPTIONS http://localhost:5082/api/Auth/login - 204 null null 13.5105ms
2025-11-11 11:12:38.254 +01:00 [INF] Request starting HTTP/1.1 POST http://localhost:5082/api/Auth/login - application/json 50
2025-11-11 11:12:38.255 +01:00 [INF] CORS policy execution successful.
2025-11-11 11:12:38.266 +01:00 [INF] Executing endpoint 'api.Controllers.AuthController.Login (api)'
2025-11-11 11:12:38.297 +01:00 [INF] Route matched with {action = "Login", controller = "Auth"}. Executing controller action with signature System.Threading.Tasks.Task`1[Microsoft.AspNetCore.Mvc.IActionResult] Login(api.DTOs.LoginDto) on controller api.Controllers.AuthController (api).
2025-11-11 11:12:38.611 +01:00 [INF] [AuthController] JWT token created for student123 with roles Student
2025-11-11 11:12:38.755 +01:00 [INF] [AuthController] user authorised for student123
2025-11-11 11:12:38.755 +01:00 [INF] Executing OkObjectResult, writing value of type '<>f__AnonymousType1`1[[System.String, System.Private.CoreLib, Version=8.0.0.0, Culture=neutral, PublicKeyToken=7cec85d7bea7798e]]'.
2025-11-11 11:12:38.760 +01:00 [INF] Executed action api.Controllers.AuthController.Login (api) in 462.3169ms
2025-11-11 11:12:38.760 +01:00 [INF] Executed endpoint 'api.Controllers.AuthController.Login (api)'
2025-11-11 11:12:38.761 +01:00 [INF] Request finished HTTP/1.1 POST http://localhost:5082/api/Auth/login - 200 591 application/json; charset=utf-8 506.5047ms
2025-11-11 11:12:47.151 +01:00 [INF] Request starting HTTP/1.1 OPTIONS http://localhost:5082/api/takequizapi/takequizlist - null null
2025-11-11 11:12:47.151 +01:00 [INF] Request starting HTTP/1.1 OPTIONS http://localhost:5082/api/takequizapi/takequizlist - null null
2025-11-11 11:12:47.153 +01:00 [INF] CORS policy execution successful.
2025-11-11 11:12:47.153 +01:00 [INF] CORS policy execution successful.
2025-11-11 11:12:47.153 +01:00 [INF] Request finished HTTP/1.1 OPTIONS http://localhost:5082/api/takequizapi/takequizlist - 204 null null 2.6473ms
2025-11-11 11:12:47.153 +01:00 [INF] Request finished HTTP/1.1 OPTIONS http://localhost:5082/api/takequizapi/takequizlist - 204 null null 2.6619ms
2025-11-11 11:12:47.162 +01:00 [INF] Request starting HTTP/1.1 GET http://localhost:5082/api/takequizapi/takequizlist - application/json null
2025-11-11 11:12:47.179 +01:00 [INF] CORS policy execution successful.
2025-11-11 11:12:47.281 +01:00 [INF] Executing endpoint 'api.Controllers.TakeQuizApiController.GetAllQuizzes (api)'
2025-11-11 11:12:47.286 +01:00 [INF] Route matched with {action = "GetAllQuizzes", controller = "TakeQuizApi"}. Executing controller action with signature System.Threading.Tasks.Task`1[Microsoft.AspNetCore.Mvc.IActionResult] GetAllQuizzes() on controller api.Controllers.TakeQuizApiController (api).
2025-11-11 11:12:47.606 +01:00 [WRN] Compiling a query which loads related collections for more than one collection navigation, either via 'Include' or through projection, but no 'QuerySplittingBehavior' has been configured. By default, Entity Framework will use 'QuerySplittingBehavior.SingleQuery', which can potentially result in slow query performance. See https://go.microsoft.com/fwlink/?linkid=2134277 for more information. To identify the query that's triggering this warning call 'ConfigureWarnings(w => w.Throw(RelationalEventId.MultipleCollectionIncludeWarning))'.
2025-11-11 11:12:47.730 +01:00 [INF] Executing OkObjectResult, writing value of type 'System.Collections.Generic.List`1[[api.DTOs.QuizDto, api, Version=1.0.0.0, Culture=neutral, PublicKeyToken=null]]'.
2025-11-11 11:12:47.741 +01:00 [INF] Executed action api.Controllers.TakeQuizApiController.GetAllQuizzes (api) in 455.1729ms
2025-11-11 11:12:47.741 +01:00 [INF] Executed endpoint 'api.Controllers.TakeQuizApiController.GetAllQuizzes (api)'
2025-11-11 11:12:47.742 +01:00 [INF] Request finished HTTP/1.1 GET http://localhost:5082/api/takequizapi/takequizlist - 200 284 application/json; charset=utf-8 579.7683ms
2025-11-11 11:12:47.746 +01:00 [INF] Request starting HTTP/1.1 GET http://localhost:5082/api/takequizapi/takequizlist - application/json null
2025-11-11 11:12:47.750 +01:00 [INF] CORS policy execution successful.
2025-11-11 11:12:47.752 +01:00 [INF] Executing endpoint 'api.Controllers.TakeQuizApiController.GetAllQuizzes (api)'
2025-11-11 11:12:47.752 +01:00 [INF] Route matched with {action = "GetAllQuizzes", controller = "TakeQuizApi"}. Executing controller action with signature System.Threading.Tasks.Task`1[Microsoft.AspNetCore.Mvc.IActionResult] GetAllQuizzes() on controller api.Controllers.TakeQuizApiController (api).
2025-11-11 11:12:47.769 +01:00 [INF] Executing OkObjectResult, writing value of type 'System.Collections.Generic.List`1[[api.DTOs.QuizDto, api, Version=1.0.0.0, Culture=neutral, PublicKeyToken=null]]'.
2025-11-11 11:12:47.770 +01:00 [INF] Executed action api.Controllers.TakeQuizApiController.GetAllQuizzes (api) in 17.7296ms
2025-11-11 11:12:47.770 +01:00 [INF] Executed endpoint 'api.Controllers.TakeQuizApiController.GetAllQuizzes (api)'
2025-11-11 11:12:47.771 +01:00 [INF] Request finished HTTP/1.1 GET http://localhost:5082/api/takequizapi/takequizlist - 200 284 application/json; charset=utf-8 24.4715ms
2025-11-11 11:12:51.156 +01:00 [INF] Request starting HTTP/1.1 GET http://localhost:5082/api/takequizapi/takequizlist - application/json null
2025-11-11 11:12:51.156 +01:00 [INF] CORS policy execution successful.
2025-11-11 11:12:51.157 +01:00 [INF] Executing endpoint 'api.Controllers.TakeQuizApiController.GetAllQuizzes (api)'
2025-11-11 11:12:51.157 +01:00 [INF] Route matched with {action = "GetAllQuizzes", controller = "TakeQuizApi"}. Executing controller action with signature System.Threading.Tasks.Task`1[Microsoft.AspNetCore.Mvc.IActionResult] GetAllQuizzes() on controller api.Controllers.TakeQuizApiController (api).
2025-11-11 11:12:51.177 +01:00 [INF] Executing OkObjectResult, writing value of type 'System.Collections.Generic.List`1[[api.DTOs.QuizDto, api, Version=1.0.0.0, Culture=neutral, PublicKeyToken=null]]'.
2025-11-11 11:12:51.178 +01:00 [INF] Executed action api.Controllers.TakeQuizApiController.GetAllQuizzes (api) in 20.8185ms
2025-11-11 11:12:51.178 +01:00 [INF] Executed endpoint 'api.Controllers.TakeQuizApiController.GetAllQuizzes (api)'
2025-11-11 11:12:51.179 +01:00 [INF] Request finished HTTP/1.1 GET http://localhost:5082/api/takequizapi/takequizlist - 200 284 application/json; charset=utf-8 22.5831ms
2025-11-11 11:12:51.181 +01:00 [INF] Request starting HTTP/1.1 GET http://localhost:5082/api/takequizapi/takequizlist - application/json null
2025-11-11 11:12:51.181 +01:00 [INF] CORS policy execution successful.
2025-11-11 11:12:51.182 +01:00 [INF] Executing endpoint 'api.Controllers.TakeQuizApiController.GetAllQuizzes (api)'
2025-11-11 11:12:51.182 +01:00 [INF] Route matched with {action = "GetAllQuizzes", controller = "TakeQuizApi"}. Executing controller action with signature System.Threading.Tasks.Task`1[Microsoft.AspNetCore.Mvc.IActionResult] GetAllQuizzes() on controller api.Controllers.TakeQuizApiController (api).
2025-11-11 11:12:51.193 +01:00 [INF] Executing OkObjectResult, writing value of type 'System.Collections.Generic.List`1[[api.DTOs.QuizDto, api, Version=1.0.0.0, Culture=neutral, PublicKeyToken=null]]'.
2025-11-11 11:12:51.193 +01:00 [INF] Executed action api.Controllers.TakeQuizApiController.GetAllQuizzes (api) in 10.9975ms
2025-11-11 11:12:51.194 +01:00 [INF] Executed endpoint 'api.Controllers.TakeQuizApiController.GetAllQuizzes (api)'
2025-11-11 11:12:51.194 +01:00 [INF] Request finished HTTP/1.1 GET http://localhost:5082/api/takequizapi/takequizlist - 200 284 application/json; charset=utf-8 13.1386ms
2025-11-11 11:12:53.804 +01:00 [INF] Request starting HTTP/1.1 OPTIONS http://localhost:5082/api/takequizapi/2 - null null
2025-11-11 11:12:53.805 +01:00 [INF] CORS policy execution successful.
2025-11-11 11:12:53.806 +01:00 [INF] Request finished HTTP/1.1 OPTIONS http://localhost:5082/api/takequizapi/2 - 204 null null 1.7806ms
2025-11-11 11:12:53.807 +01:00 [INF] Request starting HTTP/1.1 OPTIONS http://localhost:5082/api/takequizapi/2 - null null
2025-11-11 11:12:53.807 +01:00 [INF] CORS policy execution successful.
2025-11-11 11:12:53.808 +01:00 [INF] Request finished HTTP/1.1 OPTIONS http://localhost:5082/api/takequizapi/2 - 204 null null 0.5475ms
2025-11-11 11:12:53.812 +01:00 [INF] Request starting HTTP/1.1 GET http://localhost:5082/api/takequizapi/2 - application/json null
2025-11-11 11:12:53.813 +01:00 [INF] CORS policy execution successful.
2025-11-11 11:12:53.814 +01:00 [INF] Executing endpoint 'api.Controllers.TakeQuizApiController.GetQuiz (api)'
2025-11-11 11:12:53.828 +01:00 [INF] Route matched with {action = "GetQuiz", controller = "TakeQuizApi"}. Executing controller action with signature System.Threading.Tasks.Task`1[Microsoft.AspNetCore.Mvc.IActionResult] GetQuiz(Int32) on controller api.Controllers.TakeQuizApiController (api).
2025-11-11 11:12:53.862 +01:00 [WRN] Compiling a query which loads related collections for more than one collection navigation, either via 'Include' or through projection, but no 'QuerySplittingBehavior' has been configured. By default, Entity Framework will use 'QuerySplittingBehavior.SingleQuery', which can potentially result in slow query performance. See https://go.microsoft.com/fwlink/?linkid=2134277 for more information. To identify the query that's triggering this warning call 'ConfigureWarnings(w => w.Throw(RelationalEventId.MultipleCollectionIncludeWarning))'.
2025-11-11 11:12:53.872 +01:00 [INF] Executing OkObjectResult, writing value of type 'api.DTOs.QuizDto'.
2025-11-11 11:12:53.881 +01:00 [INF] Executed action api.Controllers.TakeQuizApiController.GetQuiz (api) in 52.6551ms
2025-11-11 11:12:53.881 +01:00 [INF] Executed endpoint 'api.Controllers.TakeQuizApiController.GetQuiz (api)'
2025-11-11 11:12:53.881 +01:00 [INF] Request finished HTTP/1.1 GET http://localhost:5082/api/takequizapi/2 - 200 870 application/json; charset=utf-8 68.9426ms
2025-11-11 11:12:53.884 +01:00 [INF] Request starting HTTP/1.1 GET http://localhost:5082/api/takequizapi/2 - application/json null
2025-11-11 11:12:53.885 +01:00 [INF] CORS policy execution successful.
2025-11-11 11:12:53.886 +01:00 [INF] Executing endpoint 'api.Controllers.TakeQuizApiController.GetQuiz (api)'
2025-11-11 11:12:53.886 +01:00 [INF] Route matched with {action = "GetQuiz", controller = "TakeQuizApi"}. Executing controller action with signature System.Threading.Tasks.Task`1[Microsoft.AspNetCore.Mvc.IActionResult] GetQuiz(Int32) on controller api.Controllers.TakeQuizApiController (api).
2025-11-11 11:12:53.890 +01:00 [INF] Executing OkObjectResult, writing value of type 'api.DTOs.QuizDto'.
2025-11-11 11:12:53.891 +01:00 [INF] Executed action api.Controllers.TakeQuizApiController.GetQuiz (api) in 4.7023ms
2025-11-11 11:12:53.891 +01:00 [INF] Executed endpoint 'api.Controllers.TakeQuizApiController.GetQuiz (api)'
2025-11-11 11:12:53.891 +01:00 [INF] Request finished HTTP/1.1 GET http://localhost:5082/api/takequizapi/2 - 200 870 application/json; charset=utf-8 7.0505ms
2025-11-11 11:12:59.396 +01:00 [INF] Request starting HTTP/1.1 OPTIONS http://localhost:5082/api/takequizapi/submit - null null
2025-11-11 11:12:59.397 +01:00 [INF] CORS policy execution successful.
2025-11-11 11:12:59.397 +01:00 [INF] Request finished HTTP/1.1 OPTIONS http://localhost:5082/api/takequizapi/submit - 204 null null 0.8322ms
2025-11-11 11:12:59.400 +01:00 [INF] Request starting HTTP/1.1 POST http://localhost:5082/api/takequizapi/submit - application/json 51
2025-11-11 11:12:59.400 +01:00 [INF] CORS policy execution successful.
2025-11-11 11:12:59.411 +01:00 [INF] Executing endpoint 'api.Controllers.TakeQuizApiController.Submit (api)'
2025-11-11 11:12:59.417 +01:00 [INF] Route matched with {action = "Submit", controller = "TakeQuizApi"}. Executing controller action with signature System.Threading.Tasks.Task`1[Microsoft.AspNetCore.Mvc.IActionResult] Submit(api.DTOs.QuizSubmissionDto) on controller api.Controllers.TakeQuizApiController (api).
2025-11-11 11:12:59.456 +01:00 [INF] Executing OkObjectResult, writing value of type '<>f__AnonymousType3`1[[System.Int32, System.Private.CoreLib, Version=8.0.0.0, Culture=neutral, PublicKeyToken=7cec85d7bea7798e]]'.
2025-11-11 11:12:59.459 +01:00 [INF] Executed action api.Controllers.TakeQuizApiController.Submit (api) in 41.7478ms
2025-11-11 11:12:59.459 +01:00 [INF] Executed endpoint 'api.Controllers.TakeQuizApiController.Submit (api)'
2025-11-11 11:12:59.459 +01:00 [INF] Request finished HTTP/1.1 POST http://localhost:5082/api/takequizapi/submit - 200 11 application/json; charset=utf-8 59.7069ms
2025-11-11 11:13:04.866 +01:00 [INF] Request starting HTTP/1.1 OPTIONS http://localhost:5082/api/takequizapi/saveattempt - null null
2025-11-11 11:13:04.866 +01:00 [INF] CORS policy execution successful.
2025-11-11 11:13:04.866 +01:00 [INF] Request finished HTTP/1.1 OPTIONS http://localhost:5082/api/takequizapi/saveattempt - 204 null null 0.6232ms
2025-11-11 11:13:04.869 +01:00 [INF] Request starting HTTP/1.1 POST http://localhost:5082/api/takequizapi/saveattempt - application/json 22
2025-11-11 11:13:04.869 +01:00 [INF] CORS policy execution successful.
2025-11-11 11:13:04.875 +01:00 [INF] Executing endpoint 'api.Controllers.TakeQuizApiController.SaveAttempt (api)'
2025-11-11 11:13:04.881 +01:00 [INF] Route matched with {action = "SaveAttempt", controller = "TakeQuizApi"}. Executing controller action with signature System.Threading.Tasks.Task`1[Microsoft.AspNetCore.Mvc.IActionResult] SaveAttempt(api.DTOs.QuizResultDto) on controller api.Controllers.TakeQuizApiController (api).
2025-11-11 11:13:04.896 +01:00 [INF] Executing UnauthorizedObjectResult, writing value of type 'System.String'.
2025-11-11 11:13:04.899 +01:00 [INF] Executed action api.Controllers.TakeQuizApiController.SaveAttempt (api) in 18.4226ms
2025-11-11 11:13:04.899 +01:00 [INF] Executed endpoint 'api.Controllers.TakeQuizApiController.SaveAttempt (api)'
2025-11-11 11:13:04.899 +01:00 [INF] Request finished HTTP/1.1 POST http://localhost:5082/api/takequizapi/saveattempt - 401 null text/plain; charset=utf-8 30.64ms
2025-11-11 11:13:07.180 +01:00 [INF] Request starting HTTP/1.1 OPTIONS http://localhost:5082/api/takequizapi/takequizlist - null null
2025-11-11 11:13:07.181 +01:00 [INF] CORS policy execution successful.
2025-11-11 11:13:07.181 +01:00 [INF] Request finished HTTP/1.1 OPTIONS http://localhost:5082/api/takequizapi/takequizlist - 204 null null 0.86ms
2025-11-11 11:13:07.189 +01:00 [INF] Request starting HTTP/1.1 OPTIONS http://localhost:5082/api/takequizapi/takequizlist - null null
2025-11-11 11:13:07.190 +01:00 [INF] CORS policy execution successful.
2025-11-11 11:13:07.190 +01:00 [INF] Request finished HTTP/1.1 OPTIONS http://localhost:5082/api/takequizapi/takequizlist - 204 null null 1.7273ms
2025-11-11 11:13:07.193 +01:00 [INF] Request starting HTTP/1.1 GET http://localhost:5082/api/takequizapi/takequizlist - application/json null
2025-11-11 11:13:07.196 +01:00 [INF] CORS policy execution successful.
2025-11-11 11:13:07.199 +01:00 [INF] Executing endpoint 'api.Controllers.TakeQuizApiController.GetAllQuizzes (api)'
2025-11-11 11:13:07.200 +01:00 [INF] Route matched with {action = "GetAllQuizzes", controller = "TakeQuizApi"}. Executing controller action with signature System.Threading.Tasks.Task`1[Microsoft.AspNetCore.Mvc.IActionResult] GetAllQuizzes() on controller api.Controllers.TakeQuizApiController (api).
2025-11-11 11:13:07.207 +01:00 [INF] Executing OkObjectResult, writing value of type 'System.Collections.Generic.List`1[[api.DTOs.QuizDto, api, Version=1.0.0.0, Culture=neutral, PublicKeyToken=null]]'.
2025-11-11 11:13:07.208 +01:00 [INF] Executed action api.Controllers.TakeQuizApiController.GetAllQuizzes (api) in 7.7717ms
2025-11-11 11:13:07.208 +01:00 [INF] Executed endpoint 'api.Controllers.TakeQuizApiController.GetAllQuizzes (api)'
2025-11-11 11:13:07.208 +01:00 [INF] Request finished HTTP/1.1 GET http://localhost:5082/api/takequizapi/takequizlist - 200 284 application/json; charset=utf-8 15.257ms
2025-11-11 11:13:07.211 +01:00 [INF] Request starting HTTP/1.1 GET http://localhost:5082/api/takequizapi/takequizlist - application/json null
2025-11-11 11:13:07.212 +01:00 [INF] CORS policy execution successful.
2025-11-11 11:13:07.213 +01:00 [INF] Executing endpoint 'api.Controllers.TakeQuizApiController.GetAllQuizzes (api)'
2025-11-11 11:13:07.213 +01:00 [INF] Route matched with {action = "GetAllQuizzes", controller = "TakeQuizApi"}. Executing controller action with signature System.Threading.Tasks.Task`1[Microsoft.AspNetCore.Mvc.IActionResult] GetAllQuizzes() on controller api.Controllers.TakeQuizApiController (api).
2025-11-11 11:13:07.221 +01:00 [INF] Executing OkObjectResult, writing value of type 'System.Collections.Generic.List`1[[api.DTOs.QuizDto, api, Version=1.0.0.0, Culture=neutral, PublicKeyToken=null]]'.
2025-11-11 11:13:07.222 +01:00 [INF] Executed action api.Controllers.TakeQuizApiController.GetAllQuizzes (api) in 8.5225ms
2025-11-11 11:13:07.222 +01:00 [INF] Executed endpoint 'api.Controllers.TakeQuizApiController.GetAllQuizzes (api)'
2025-11-11 11:13:07.222 +01:00 [INF] Request finished HTTP/1.1 GET http://localhost:5082/api/takequizapi/takequizlist - 200 284 application/json; charset=utf-8 11.514ms
2025-11-11 11:13:35.044 +01:00 [INF] Request starting HTTP/1.1 OPTIONS http://localhost:5082/api/Auth/register - null null
2025-11-11 11:13:35.053 +01:00 [INF] CORS policy execution successful.
2025-11-11 11:13:35.061 +01:00 [INF] Request finished HTTP/1.1 OPTIONS http://localhost:5082/api/Auth/register - 204 null null 17.4081ms
2025-11-11 11:13:35.069 +01:00 [INF] Request starting HTTP/1.1 POST http://localhost:5082/api/Auth/register - application/json 103
2025-11-11 11:13:35.070 +01:00 [INF] CORS policy execution successful.
2025-11-11 11:13:35.076 +01:00 [INF] Executing endpoint 'api.Controllers.AuthController.Register (api)'
2025-11-11 11:13:35.080 +01:00 [INF] Route matched with {action = "Register", controller = "Auth"}. Executing controller action with signature System.Threading.Tasks.Task`1[Microsoft.AspNetCore.Mvc.IActionResult] Register(api.DTOs.RegisterDto) on controller api.Controllers.AuthController (api).
2025-11-11 11:13:35.339 +01:00 [INF] [AuthController] user teacher123 registered with role Teacher
2025-11-11 11:13:35.342 +01:00 [INF] Executing OkObjectResult, writing value of type '<>f__AnonymousType0`1[[System.String, System.Private.CoreLib, Version=8.0.0.0, Culture=neutral, PublicKeyToken=7cec85d7bea7798e]]'.
2025-11-11 11:13:35.344 +01:00 [INF] Executed action api.Controllers.AuthController.Register (api) in 263.111ms
2025-11-11 11:13:35.344 +01:00 [INF] Executed endpoint 'api.Controllers.AuthController.Register (api)'
2025-11-11 11:13:35.344 +01:00 [INF] Request finished HTTP/1.1 POST http://localhost:5082/api/Auth/register - 200 53 application/json; charset=utf-8 275.9229ms
2025-11-11 11:13:40.949 +01:00 [INF] Request starting HTTP/1.1 OPTIONS http://localhost:5082/api/Auth/login - null null
2025-11-11 11:13:40.949 +01:00 [INF] CORS policy execution successful.
2025-11-11 11:13:40.949 +01:00 [INF] Request finished HTTP/1.1 OPTIONS http://localhost:5082/api/Auth/login - 204 null null 0.5251ms
2025-11-11 11:13:40.952 +01:00 [INF] Request starting HTTP/1.1 POST http://localhost:5082/api/Auth/login - application/json 57
2025-11-11 11:13:40.952 +01:00 [INF] CORS policy execution successful.
2025-11-11 11:13:40.952 +01:00 [INF] Executing endpoint 'api.Controllers.AuthController.Login (api)'
2025-11-11 11:13:40.952 +01:00 [INF] Route matched with {action = "Login", controller = "Auth"}. Executing controller action with signature System.Threading.Tasks.Task`1[Microsoft.AspNetCore.Mvc.IActionResult] Login(api.DTOs.LoginDto) on controller api.Controllers.AuthController (api).
2025-11-11 11:13:41.061 +01:00 [INF] [AuthController] JWT token created for teacher123 with roles Teacher
2025-11-11 11:13:41.075 +01:00 [INF] [AuthController] user authorised for teacher123
2025-11-11 11:13:41.075 +01:00 [INF] Executing OkObjectResult, writing value of type '<>f__AnonymousType1`1[[System.String, System.Private.CoreLib, Version=8.0.0.0, Culture=neutral, PublicKeyToken=7cec85d7bea7798e]]'.
2025-11-11 11:13:41.076 +01:00 [INF] Executed action api.Controllers.AuthController.Login (api) in 123.6491ms
2025-11-11 11:13:41.077 +01:00 [INF] Executed endpoint 'api.Controllers.AuthController.Login (api)'
2025-11-11 11:13:41.077 +01:00 [INF] Request finished HTTP/1.1 POST http://localhost:5082/api/Auth/login - 200 588 application/json; charset=utf-8 125.426ms
2025-11-11 11:13:43.079 +01:00 [INF] Request starting HTTP/1.1 GET http://localhost:5082/api/quizapi/quizlist - null null
2025-11-11 11:13:43.082 +01:00 [INF] CORS policy execution successful.
2025-11-11 11:13:43.083 +01:00 [INF] Executing endpoint 'api.Controllers.QuizAPIController.QuizList (api)'
2025-11-11 11:13:43.105 +01:00 [INF] Route matched with {action = "QuizList", controller = "QuizAPI"}. Executing controller action with signature System.Threading.Tasks.Task`1[Microsoft.AspNetCore.Mvc.IActionResult] QuizList() on controller api.Controllers.QuizAPIController (api).
2025-11-11 11:13:43.119 +01:00 [INF] Executing OkObjectResult, writing value of type 'System.Linq.Enumerable+SelectListIterator`2[[api.Models.Quiz, api, Version=1.0.0.0, Culture=neutral, PublicKeyToken=null],[api.DTOs.QuizDto, api, Version=1.0.0.0, Culture=neutral, PublicKeyToken=null]]'.
2025-11-11 11:13:43.129 +01:00 [INF] Executed action api.Controllers.QuizAPIController.QuizList (api) in 23.452ms
2025-11-11 11:13:43.129 +01:00 [INF] Executed endpoint 'api.Controllers.QuizAPIController.QuizList (api)'
2025-11-11 11:13:43.129 +01:00 [INF] Request finished HTTP/1.1 GET http://localhost:5082/api/quizapi/quizlist - 200 284 application/json; charset=utf-8 49.6816ms
2025-11-11 11:13:43.133 +01:00 [INF] Request starting HTTP/1.1 GET http://localhost:5082/api/quizapi/quizlist - null null
2025-11-11 11:13:43.134 +01:00 [INF] CORS policy execution successful.
2025-11-11 11:13:43.135 +01:00 [INF] Executing endpoint 'api.Controllers.QuizAPIController.QuizList (api)'
2025-11-11 11:13:43.135 +01:00 [INF] Route matched with {action = "QuizList", controller = "QuizAPI"}. Executing controller action with signature System.Threading.Tasks.Task`1[Microsoft.AspNetCore.Mvc.IActionResult] QuizList() on controller api.Controllers.QuizAPIController (api).
2025-11-11 11:13:43.139 +01:00 [INF] Executing OkObjectResult, writing value of type 'System.Linq.Enumerable+SelectListIterator`2[[api.Models.Quiz, api, Version=1.0.0.0, Culture=neutral, PublicKeyToken=null],[api.DTOs.QuizDto, api, Version=1.0.0.0, Culture=neutral, PublicKeyToken=null]]'.
2025-11-11 11:13:43.140 +01:00 [INF] Executed action api.Controllers.QuizAPIController.QuizList (api) in 5.2204ms
2025-11-11 11:13:43.140 +01:00 [INF] Executed endpoint 'api.Controllers.QuizAPIController.QuizList (api)'
2025-11-11 11:13:43.140 +01:00 [INF] Request finished HTTP/1.1 GET http://localhost:5082/api/quizapi/quizlist - 200 284 application/json; charset=utf-8 7.6724ms
2025-11-11 11:13:49.747 +01:00 [INF] Request starting HTTP/1.1 OPTIONS http://localhost:5082/api/takequizapi/takequizlist - null null
2025-11-11 11:13:49.747 +01:00 [INF] CORS policy execution successful.
2025-11-11 11:13:49.747 +01:00 [INF] Request starting HTTP/1.1 OPTIONS http://localhost:5082/api/takequizapi/takequizlist - null null
2025-11-11 11:13:49.747 +01:00 [INF] Request finished HTTP/1.1 OPTIONS http://localhost:5082/api/takequizapi/takequizlist - 204 null null 0.6995ms
2025-11-11 11:13:49.757 +01:00 [INF] CORS policy execution successful.
2025-11-11 11:13:49.757 +01:00 [INF] Request finished HTTP/1.1 OPTIONS http://localhost:5082/api/takequizapi/takequizlist - 204 null null 9.8112ms
2025-11-11 11:13:49.757 +01:00 [INF] Request starting HTTP/1.1 GET http://localhost:5082/api/takequizapi/takequizlist - application/json null
2025-11-11 11:13:49.757 +01:00 [INF] CORS policy execution successful.
2025-11-11 11:13:49.764 +01:00 [INF] Executing endpoint 'api.Controllers.TakeQuizApiController.GetAllQuizzes (api)'
2025-11-11 11:13:49.764 +01:00 [INF] Route matched with {action = "GetAllQuizzes", controller = "TakeQuizApi"}. Executing controller action with signature System.Threading.Tasks.Task`1[Microsoft.AspNetCore.Mvc.IActionResult] GetAllQuizzes() on controller api.Controllers.TakeQuizApiController (api).
2025-11-11 11:13:49.768 +01:00 [INF] Executing OkObjectResult, writing value of type 'System.Collections.Generic.List`1[[api.DTOs.QuizDto, api, Version=1.0.0.0, Culture=neutral, PublicKeyToken=null]]'.
2025-11-11 11:13:49.769 +01:00 [INF] Executed action api.Controllers.TakeQuizApiController.GetAllQuizzes (api) in 5.3925ms
2025-11-11 11:13:49.769 +01:00 [INF] Executed endpoint 'api.Controllers.TakeQuizApiController.GetAllQuizzes (api)'
2025-11-11 11:13:49.770 +01:00 [INF] Request finished HTTP/1.1 GET http://localhost:5082/api/takequizapi/takequizlist - 200 284 application/json; charset=utf-8 12.433ms
2025-11-11 11:13:49.771 +01:00 [INF] Request starting HTTP/1.1 GET http://localhost:5082/api/takequizapi/takequizlist - application/json null
2025-11-11 11:13:49.772 +01:00 [INF] CORS policy execution successful.
2025-11-11 11:13:49.773 +01:00 [INF] Executing endpoint 'api.Controllers.TakeQuizApiController.GetAllQuizzes (api)'
2025-11-11 11:13:49.773 +01:00 [INF] Route matched with {action = "GetAllQuizzes", controller = "TakeQuizApi"}. Executing controller action with signature System.Threading.Tasks.Task`1[Microsoft.AspNetCore.Mvc.IActionResult] GetAllQuizzes() on controller api.Controllers.TakeQuizApiController (api).
2025-11-11 11:13:49.777 +01:00 [INF] Executing OkObjectResult, writing value of type 'System.Collections.Generic.List`1[[api.DTOs.QuizDto, api, Version=1.0.0.0, Culture=neutral, PublicKeyToken=null]]'.
2025-11-11 11:13:49.778 +01:00 [INF] Executed action api.Controllers.TakeQuizApiController.GetAllQuizzes (api) in 4.5429ms
2025-11-11 11:13:49.778 +01:00 [INF] Executed endpoint 'api.Controllers.TakeQuizApiController.GetAllQuizzes (api)'
2025-11-11 11:13:49.778 +01:00 [INF] Request finished HTTP/1.1 GET http://localhost:5082/api/takequizapi/takequizlist - 200 284 application/json; charset=utf-8 6.6437ms
2025-11-11 11:13:56.173 +01:00 [INF] Request starting HTTP/1.1 OPTIONS http://localhost:5082/api/takequizapi/attempts/2 - null null
2025-11-11 11:13:56.173 +01:00 [INF] Request starting HTTP/1.1 OPTIONS http://localhost:5082/api/takequizapi/attempts/2 - null null
2025-11-11 11:13:56.174 +01:00 [INF] CORS policy execution successful.
2025-11-11 11:13:56.174 +01:00 [INF] CORS policy execution successful.
2025-11-11 11:13:56.174 +01:00 [INF] Request finished HTTP/1.1 OPTIONS http://localhost:5082/api/takequizapi/attempts/2 - 204 null null 0.8482ms
2025-11-11 11:13:56.174 +01:00 [INF] Request finished HTTP/1.1 OPTIONS http://localhost:5082/api/takequizapi/attempts/2 - 204 null null 0.8455ms
2025-11-11 11:13:56.178 +01:00 [INF] Request starting HTTP/1.1 GET http://localhost:5082/api/takequizapi/attempts/2 - application/json null
2025-11-11 11:13:56.178 +01:00 [INF] CORS policy execution successful.
2025-11-11 11:13:56.183 +01:00 [INF] Executing endpoint 'api.Controllers.TakeQuizApiController.GetAttempts (api)'
2025-11-11 11:13:56.191 +01:00 [INF] Route matched with {action = "GetAttempts", controller = "TakeQuizApi"}. Executing controller action with signature System.Threading.Tasks.Task`1[Microsoft.AspNetCore.Mvc.IActionResult] GetAttempts(Int32) on controller api.Controllers.TakeQuizApiController (api).
2025-11-11 11:13:56.281 +01:00 [WRN] Compiling a query which loads related collections for more than one collection navigation, either via 'Include' or through projection, but no 'QuerySplittingBehavior' has been configured. By default, Entity Framework will use 'QuerySplittingBehavior.SingleQuery', which can potentially result in slow query performance. See https://go.microsoft.com/fwlink/?linkid=2134277 for more information. To identify the query that's triggering this warning call 'ConfigureWarnings(w => w.Throw(RelationalEventId.MultipleCollectionIncludeWarning))'.
2025-11-11 11:13:56.306 +01:00 [INF] Request starting HTTP/1.1 GET http://localhost:5082/api/quizapi/quizlist - null null
2025-11-11 11:13:56.307 +01:00 [INF] CORS policy execution successful.
2025-11-11 11:13:56.308 +01:00 [INF] Executing endpoint 'api.Controllers.QuizAPIController.QuizList (api)'
2025-11-11 11:13:56.308 +01:00 [INF] Route matched with {action = "QuizList", controller = "QuizAPI"}. Executing controller action with signature System.Threading.Tasks.Task`1[Microsoft.AspNetCore.Mvc.IActionResult] QuizList() on controller api.Controllers.QuizAPIController (api).
2025-11-11 11:13:56.319 +01:00 [INF] Executing OkObjectResult, writing value of type 'System.Linq.Enumerable+SelectListIterator`2[[api.Models.Quiz, api, Version=1.0.0.0, Culture=neutral, PublicKeyToken=null],[api.DTOs.QuizDto, api, Version=1.0.0.0, Culture=neutral, PublicKeyToken=null]]'.
2025-11-11 11:13:56.321 +01:00 [INF] Executed action api.Controllers.QuizAPIController.QuizList (api) in 12.2846ms
2025-11-11 11:13:56.321 +01:00 [INF] Executed endpoint 'api.Controllers.QuizAPIController.QuizList (api)'
2025-11-11 11:13:56.321 +01:00 [INF] Request finished HTTP/1.1 GET http://localhost:5082/api/quizapi/quizlist - 200 284 application/json; charset=utf-8 14.8112ms
2025-11-11 11:13:56.324 +01:00 [INF] Request starting HTTP/1.1 GET http://localhost:5082/api/quizapi/quizlist - null null
2025-11-11 11:13:56.325 +01:00 [INF] CORS policy execution successful.
2025-11-11 11:13:56.325 +01:00 [INF] Executing endpoint 'api.Controllers.QuizAPIController.QuizList (api)'
2025-11-11 11:13:56.325 +01:00 [INF] Route matched with {action = "QuizList", controller = "QuizAPI"}. Executing controller action with signature System.Threading.Tasks.Task`1[Microsoft.AspNetCore.Mvc.IActionResult] QuizList() on controller api.Controllers.QuizAPIController (api).
2025-11-11 11:13:56.333 +01:00 [INF] Executing OkObjectResult, writing value of type 'System.Linq.Enumerable+SelectListIterator`2[[api.Models.Quiz, api, Version=1.0.0.0, Culture=neutral, PublicKeyToken=null],[api.DTOs.QuizDto, api, Version=1.0.0.0, Culture=neutral, PublicKeyToken=null]]'.
2025-11-11 11:13:56.334 +01:00 [INF] Executed action api.Controllers.QuizAPIController.QuizList (api) in 8.7034ms
2025-11-11 11:13:56.334 +01:00 [INF] Executed endpoint 'api.Controllers.QuizAPIController.QuizList (api)'
2025-11-11 11:13:56.335 +01:00 [INF] Request finished HTTP/1.1 GET http://localhost:5082/api/quizapi/quizlist - 200 284 application/json; charset=utf-8 10.1889ms
2025-11-11 11:13:56.387 +01:00 [INF] Executing OkObjectResult, writing value of type 'System.Collections.Generic.List`1[[api.DTOs.QuizResultDto, api, Version=1.0.0.0, Culture=neutral, PublicKeyToken=null]]'.
2025-11-11 11:13:56.393 +01:00 [INF] Executed action api.Controllers.TakeQuizApiController.GetAttempts (api) in 201.5114ms
2025-11-11 11:13:56.393 +01:00 [INF] Executed endpoint 'api.Controllers.TakeQuizApiController.GetAttempts (api)'
2025-11-11 11:13:56.393 +01:00 [INF] Request finished HTTP/1.1 GET http://localhost:5082/api/takequizapi/attempts/2 - 200 395 application/json; charset=utf-8 215.7436ms
2025-11-11 11:13:56.395 +01:00 [INF] Request starting HTTP/1.1 GET http://localhost:5082/api/takequizapi/attempts/2 - application/json null
2025-11-11 11:13:56.395 +01:00 [INF] CORS policy execution successful.
2025-11-11 11:13:56.396 +01:00 [INF] Executing endpoint 'api.Controllers.TakeQuizApiController.GetAttempts (api)'
2025-11-11 11:13:56.396 +01:00 [INF] Route matched with {action = "GetAttempts", controller = "TakeQuizApi"}. Executing controller action with signature System.Threading.Tasks.Task`1[Microsoft.AspNetCore.Mvc.IActionResult] GetAttempts(Int32) on controller api.Controllers.TakeQuizApiController (api).
2025-11-11 11:13:56.400 +01:00 [INF] Executing OkObjectResult, writing value of type 'System.Collections.Generic.List`1[[api.DTOs.QuizResultDto, api, Version=1.0.0.0, Culture=neutral, PublicKeyToken=null]]'.
2025-11-11 11:13:56.401 +01:00 [INF] Executed action api.Controllers.TakeQuizApiController.GetAttempts (api) in 4.2441ms
2025-11-11 11:13:56.401 +01:00 [INF] Executed endpoint 'api.Controllers.TakeQuizApiController.GetAttempts (api)'
2025-11-11 11:13:56.401 +01:00 [INF] Request finished HTTP/1.1 GET http://localhost:5082/api/takequizapi/attempts/2 - 200 395 application/json; charset=utf-8 6.0178ms
2025-11-11 11:13:58.961 +01:00 [INF] Request starting HTTP/1.1 OPTIONS http://localhost:5082/api/takequizapi/takequizlist - null null
2025-11-11 11:13:58.961 +01:00 [INF] CORS policy execution successful.
2025-11-11 11:13:58.961 +01:00 [INF] Request finished HTTP/1.1 OPTIONS http://localhost:5082/api/takequizapi/takequizlist - 204 null null 0.4276ms
2025-11-11 11:13:58.961 +01:00 [INF] Request starting HTTP/1.1 OPTIONS http://localhost:5082/api/takequizapi/takequizlist - null null
2025-11-11 11:13:58.961 +01:00 [INF] CORS policy execution successful.
2025-11-11 11:13:58.962 +01:00 [INF] Request finished HTTP/1.1 OPTIONS http://localhost:5082/api/takequizapi/takequizlist - 204 null null 0.2067ms
2025-11-11 11:13:58.964 +01:00 [INF] Request starting HTTP/1.1 GET http://localhost:5082/api/takequizapi/takequizlist - application/json null
2025-11-11 11:13:58.965 +01:00 [INF] CORS policy execution successful.
2025-11-11 11:13:58.966 +01:00 [INF] Executing endpoint 'api.Controllers.TakeQuizApiController.GetAllQuizzes (api)'
2025-11-11 11:13:58.966 +01:00 [INF] Route matched with {action = "GetAllQuizzes", controller = "TakeQuizApi"}. Executing controller action with signature System.Threading.Tasks.Task`1[Microsoft.AspNetCore.Mvc.IActionResult] GetAllQuizzes() on controller api.Controllers.TakeQuizApiController (api).
2025-11-11 11:13:58.971 +01:00 [INF] Executing OkObjectResult, writing value of type 'System.Collections.Generic.List`1[[api.DTOs.QuizDto, api, Version=1.0.0.0, Culture=neutral, PublicKeyToken=null]]'.
2025-11-11 11:13:58.972 +01:00 [INF] Executed action api.Controllers.TakeQuizApiController.GetAllQuizzes (api) in 5.5662ms
2025-11-11 11:13:58.972 +01:00 [INF] Executed endpoint 'api.Controllers.TakeQuizApiController.GetAllQuizzes (api)'
2025-11-11 11:13:58.972 +01:00 [INF] Request finished HTTP/1.1 GET http://localhost:5082/api/takequizapi/takequizlist - 200 284 application/json; charset=utf-8 8.0113ms
2025-11-11 11:13:58.974 +01:00 [INF] Request starting HTTP/1.1 GET http://localhost:5082/api/takequizapi/takequizlist - application/json null
2025-11-11 11:13:58.974 +01:00 [INF] CORS policy execution successful.
2025-11-11 11:13:58.974 +01:00 [INF] Executing endpoint 'api.Controllers.TakeQuizApiController.GetAllQuizzes (api)'
2025-11-11 11:13:58.974 +01:00 [INF] Route matched with {action = "GetAllQuizzes", controller = "TakeQuizApi"}. Executing controller action with signature System.Threading.Tasks.Task`1[Microsoft.AspNetCore.Mvc.IActionResult] GetAllQuizzes() on controller api.Controllers.TakeQuizApiController (api).
2025-11-11 11:13:58.978 +01:00 [INF] Executing OkObjectResult, writing value of type 'System.Collections.Generic.List`1[[api.DTOs.QuizDto, api, Version=1.0.0.0, Culture=neutral, PublicKeyToken=null]]'.
2025-11-11 11:13:58.978 +01:00 [INF] Executed action api.Controllers.TakeQuizApiController.GetAllQuizzes (api) in 3.8859ms
2025-11-11 11:13:58.979 +01:00 [INF] Executed endpoint 'api.Controllers.TakeQuizApiController.GetAllQuizzes (api)'
2025-11-11 11:13:58.979 +01:00 [INF] Request finished HTTP/1.1 GET http://localhost:5082/api/takequizapi/takequizlist - 200 284 application/json; charset=utf-8 4.9642ms
2025-11-11 11:14:00.104 +01:00 [INF] Request starting HTTP/1.1 OPTIONS http://localhost:5082/api/takequizapi/attempts/3 - null null
2025-11-11 11:14:00.104 +01:00 [INF] CORS policy execution successful.
2025-11-11 11:14:00.105 +01:00 [INF] Request finished HTTP/1.1 OPTIONS http://localhost:5082/api/takequizapi/attempts/3 - 204 null null 0.7423ms
2025-11-11 11:14:00.108 +01:00 [INF] Request starting HTTP/1.1 OPTIONS http://localhost:5082/api/takequizapi/attempts/3 - null null
2025-11-11 11:14:00.109 +01:00 [INF] CORS policy execution successful.
2025-11-11 11:14:00.109 +01:00 [INF] Request finished HTTP/1.1 OPTIONS http://localhost:5082/api/takequizapi/attempts/3 - 204 null null 0.547ms
2025-11-11 11:14:00.109 +01:00 [INF] Request starting HTTP/1.1 GET http://localhost:5082/api/takequizapi/attempts/3 - application/json null
2025-11-11 11:14:00.110 +01:00 [INF] CORS policy execution successful.
2025-11-11 11:14:00.110 +01:00 [INF] Executing endpoint 'api.Controllers.TakeQuizApiController.GetAttempts (api)'
2025-11-11 11:14:00.111 +01:00 [INF] Route matched with {action = "GetAttempts", controller = "TakeQuizApi"}. Executing controller action with signature System.Threading.Tasks.Task`1[Microsoft.AspNetCore.Mvc.IActionResult] GetAttempts(Int32) on controller api.Controllers.TakeQuizApiController (api).
2025-11-11 11:14:00.115 +01:00 [INF] Executing OkObjectResult, writing value of type 'System.Collections.Generic.List`1[[api.DTOs.QuizResultDto, api, Version=1.0.0.0, Culture=neutral, PublicKeyToken=null]]'.
2025-11-11 11:14:00.117 +01:00 [INF] Executed action api.Controllers.TakeQuizApiController.GetAttempts (api) in 5.7131ms
2025-11-11 11:14:00.117 +01:00 [INF] Executed endpoint 'api.Controllers.TakeQuizApiController.GetAttempts (api)'
2025-11-11 11:14:00.117 +01:00 [INF] Request finished HTTP/1.1 GET http://localhost:5082/api/takequizapi/attempts/3 - 200 2 application/json; charset=utf-8 7.8612ms
2025-11-11 11:14:00.120 +01:00 [INF] Request starting HTTP/1.1 GET http://localhost:5082/api/takequizapi/attempts/3 - application/json null
2025-11-11 11:14:00.121 +01:00 [INF] CORS policy execution successful.
2025-11-11 11:14:00.122 +01:00 [INF] Executing endpoint 'api.Controllers.TakeQuizApiController.GetAttempts (api)'
2025-11-11 11:14:00.122 +01:00 [INF] Route matched with {action = "GetAttempts", controller = "TakeQuizApi"}. Executing controller action with signature System.Threading.Tasks.Task`1[Microsoft.AspNetCore.Mvc.IActionResult] GetAttempts(Int32) on controller api.Controllers.TakeQuizApiController (api).
2025-11-11 11:14:00.125 +01:00 [INF] Executing OkObjectResult, writing value of type 'System.Collections.Generic.List`1[[api.DTOs.QuizResultDto, api, Version=1.0.0.0, Culture=neutral, PublicKeyToken=null]]'.
2025-11-11 11:14:00.125 +01:00 [INF] Executed action api.Controllers.TakeQuizApiController.GetAttempts (api) in 2.993ms
2025-11-11 11:14:00.125 +01:00 [INF] Executed endpoint 'api.Controllers.TakeQuizApiController.GetAttempts (api)'
2025-11-11 11:14:00.125 +01:00 [INF] Request finished HTTP/1.1 GET http://localhost:5082/api/takequizapi/attempts/3 - 200 2 application/json; charset=utf-8 5.3629ms
2025-11-11 11:14:02.161 +01:00 [WRN] As of ""2025-11-11T10:14:02.1357037+00:00"", the heartbeat has been running for ""00:00:01.9256065"" which is longer than ""00:00:01"". This could be caused by thread pool starvation.
2025-11-11 11:14:02.491 +01:00 [INF] Request starting HTTP/1.1 GET http://localhost:5082/api/quizapi/quizlist - null null
2025-11-11 11:14:02.491 +01:00 [INF] CORS policy execution successful.
2025-11-11 11:14:02.491 +01:00 [INF] Executing endpoint 'api.Controllers.QuizAPIController.QuizList (api)'
2025-11-11 11:14:02.492 +01:00 [INF] Route matched with {action = "QuizList", controller = "QuizAPI"}. Executing controller action with signature System.Threading.Tasks.Task`1[Microsoft.AspNetCore.Mvc.IActionResult] QuizList() on controller api.Controllers.QuizAPIController (api).
2025-11-11 11:14:02.501 +01:00 [INF] Executing OkObjectResult, writing value of type 'System.Linq.Enumerable+SelectListIterator`2[[api.Models.Quiz, api, Version=1.0.0.0, Culture=neutral, PublicKeyToken=null],[api.DTOs.QuizDto, api, Version=1.0.0.0, Culture=neutral, PublicKeyToken=null]]'.
2025-11-11 11:14:02.502 +01:00 [INF] Executed action api.Controllers.QuizAPIController.QuizList (api) in 10.0409ms
2025-11-11 11:14:02.502 +01:00 [INF] Executed endpoint 'api.Controllers.QuizAPIController.QuizList (api)'
2025-11-11 11:14:02.502 +01:00 [INF] Request finished HTTP/1.1 GET http://localhost:5082/api/quizapi/quizlist - 200 284 application/json; charset=utf-8 11.4057ms
2025-11-11 11:14:02.506 +01:00 [INF] Request starting HTTP/1.1 GET http://localhost:5082/api/quizapi/quizlist - null null
2025-11-11 11:14:02.506 +01:00 [INF] CORS policy execution successful.
2025-11-11 11:14:02.507 +01:00 [INF] Executing endpoint 'api.Controllers.QuizAPIController.QuizList (api)'
2025-11-11 11:14:02.507 +01:00 [INF] Route matched with {action = "QuizList", controller = "QuizAPI"}. Executing controller action with signature System.Threading.Tasks.Task`1[Microsoft.AspNetCore.Mvc.IActionResult] QuizList() on controller api.Controllers.QuizAPIController (api).
2025-11-11 11:14:02.511 +01:00 [INF] Executing OkObjectResult, writing value of type 'System.Linq.Enumerable+SelectListIterator`2[[api.Models.Quiz, api, Version=1.0.0.0, Culture=neutral, PublicKeyToken=null],[api.DTOs.QuizDto, api, Version=1.0.0.0, Culture=neutral, PublicKeyToken=null]]'.
2025-11-11 11:14:02.512 +01:00 [INF] Executed action api.Controllers.QuizAPIController.QuizList (api) in 4.5939ms
2025-11-11 11:14:02.512 +01:00 [INF] Executed endpoint 'api.Controllers.QuizAPIController.QuizList (api)'
2025-11-11 11:14:02.512 +01:00 [INF] Request finished HTTP/1.1 GET http://localhost:5082/api/quizapi/quizlist - 200 284 application/json; charset=utf-8 6.1359ms
2025-11-11 11:14:03.919 +01:00 [INF] Request starting HTTP/1.1 GET http://localhost:5082/api/takequizapi/takequizlist - application/json null
2025-11-11 11:14:03.919 +01:00 [INF] CORS policy execution successful.
2025-11-11 11:14:03.921 +01:00 [INF] Executing endpoint 'api.Controllers.TakeQuizApiController.GetAllQuizzes (api)'
2025-11-11 11:14:03.921 +01:00 [INF] Route matched with {action = "GetAllQuizzes", controller = "TakeQuizApi"}. Executing controller action with signature System.Threading.Tasks.Task`1[Microsoft.AspNetCore.Mvc.IActionResult] GetAllQuizzes() on controller api.Controllers.TakeQuizApiController (api).
2025-11-11 11:14:03.926 +01:00 [INF] Executing OkObjectResult, writing value of type 'System.Collections.Generic.List`1[[api.DTOs.QuizDto, api, Version=1.0.0.0, Culture=neutral, PublicKeyToken=null]]'.
2025-11-11 11:14:03.926 +01:00 [INF] Executed action api.Controllers.TakeQuizApiController.GetAllQuizzes (api) in 4.7432ms
2025-11-11 11:14:03.926 +01:00 [INF] Executed endpoint 'api.Controllers.TakeQuizApiController.GetAllQuizzes (api)'
2025-11-11 11:14:03.926 +01:00 [INF] Request finished HTTP/1.1 GET http://localhost:5082/api/takequizapi/takequizlist - 200 284 application/json; charset=utf-8 7.454ms
2025-11-11 11:14:03.929 +01:00 [INF] Request starting HTTP/1.1 GET http://localhost:5082/api/takequizapi/takequizlist - application/json null
2025-11-11 11:14:03.929 +01:00 [INF] CORS policy execution successful.
2025-11-11 11:14:03.930 +01:00 [INF] Executing endpoint 'api.Controllers.TakeQuizApiController.GetAllQuizzes (api)'
2025-11-11 11:14:03.930 +01:00 [INF] Route matched with {action = "GetAllQuizzes", controller = "TakeQuizApi"}. Executing controller action with signature System.Threading.Tasks.Task`1[Microsoft.AspNetCore.Mvc.IActionResult] GetAllQuizzes() on controller api.Controllers.TakeQuizApiController (api).
2025-11-11 11:14:03.937 +01:00 [INF] Executing OkObjectResult, writing value of type 'System.Collections.Generic.List`1[[api.DTOs.QuizDto, api, Version=1.0.0.0, Culture=neutral, PublicKeyToken=null]]'.
2025-11-11 11:14:03.939 +01:00 [INF] Executed action api.Controllers.TakeQuizApiController.GetAllQuizzes (api) in 5.5657ms
2025-11-11 11:14:03.939 +01:00 [INF] Executed endpoint 'api.Controllers.TakeQuizApiController.GetAllQuizzes (api)'
2025-11-11 11:14:03.940 +01:00 [INF] Request finished HTTP/1.1 GET http://localhost:5082/api/takequizapi/takequizlist - 200 284 application/json; charset=utf-8 11.0766ms
2025-11-11 11:14:04.822 +01:00 [INF] Request starting HTTP/1.1 OPTIONS http://localhost:5082/api/takequizapi/attempts/1 - null null
2025-11-11 11:14:04.823 +01:00 [INF] Request starting HTTP/1.1 OPTIONS http://localhost:5082/api/takequizapi/attempts/1 - null null
2025-11-11 11:14:04.823 +01:00 [INF] CORS policy execution successful.
2025-11-11 11:14:04.823 +01:00 [INF] Request finished HTTP/1.1 OPTIONS http://localhost:5082/api/takequizapi/attempts/1 - 204 null null 0.8209ms
2025-11-11 11:14:04.823 +01:00 [INF] CORS policy execution successful.
2025-11-11 11:14:04.829 +01:00 [INF] Request finished HTTP/1.1 OPTIONS http://localhost:5082/api/takequizapi/attempts/1 - 204 null null 2.0215ms
2025-11-11 11:14:04.832 +01:00 [INF] Request starting HTTP/1.1 GET http://localhost:5082/api/takequizapi/attempts/1 - application/json null
2025-11-11 11:14:04.832 +01:00 [INF] CORS policy execution successful.
2025-11-11 11:14:04.833 +01:00 [INF] Executing endpoint 'api.Controllers.TakeQuizApiController.GetAttempts (api)'
2025-11-11 11:14:04.835 +01:00 [INF] Route matched with {action = "GetAttempts", controller = "TakeQuizApi"}. Executing controller action with signature System.Threading.Tasks.Task`1[Microsoft.AspNetCore.Mvc.IActionResult] GetAttempts(Int32) on controller api.Controllers.TakeQuizApiController (api).
2025-11-11 11:14:04.844 +01:00 [INF] Executing OkObjectResult, writing value of type 'System.Collections.Generic.List`1[[api.DTOs.QuizResultDto, api, Version=1.0.0.0, Culture=neutral, PublicKeyToken=null]]'.
2025-11-11 11:14:04.847 +01:00 [INF] Executed action api.Controllers.TakeQuizApiController.GetAttempts (api) in 11.9816ms
2025-11-11 11:14:04.847 +01:00 [INF] Executed endpoint 'api.Controllers.TakeQuizApiController.GetAttempts (api)'
2025-11-11 11:14:04.847 +01:00 [INF] Request finished HTTP/1.1 GET http://localhost:5082/api/takequizapi/attempts/1 - 200 1347 application/json; charset=utf-8 15.7175ms
2025-11-11 11:14:04.849 +01:00 [INF] Request starting HTTP/1.1 GET http://localhost:5082/api/takequizapi/attempts/1 - application/json null
2025-11-11 11:14:04.849 +01:00 [INF] CORS policy execution successful.
2025-11-11 11:14:04.850 +01:00 [INF] Executing endpoint 'api.Controllers.TakeQuizApiController.GetAttempts (api)'
2025-11-11 11:14:04.850 +01:00 [INF] Route matched with {action = "GetAttempts", controller = "TakeQuizApi"}. Executing controller action with signature System.Threading.Tasks.Task`1[Microsoft.AspNetCore.Mvc.IActionResult] GetAttempts(Int32) on controller api.Controllers.TakeQuizApiController (api).
2025-11-11 11:14:04.854 +01:00 [INF] Executing OkObjectResult, writing value of type 'System.Collections.Generic.List`1[[api.DTOs.QuizResultDto, api, Version=1.0.0.0, Culture=neutral, PublicKeyToken=null]]'.
2025-11-11 11:14:04.855 +01:00 [INF] Executed action api.Controllers.TakeQuizApiController.GetAttempts (api) in 5.1786ms
2025-11-11 11:14:04.855 +01:00 [INF] Executed endpoint 'api.Controllers.TakeQuizApiController.GetAttempts (api)'
2025-11-11 11:14:04.855 +01:00 [INF] Request finished HTTP/1.1 GET http://localhost:5082/api/takequizapi/attempts/1 - 200 1347 application/json; charset=utf-8 6.7142ms
2025-11-11 11:14:08.585 +01:00 [INF] Request starting HTTP/1.1 GET http://localhost:5082/api/quizapi/quizlist - null null
2025-11-11 11:14:08.585 +01:00 [INF] CORS policy execution successful.
2025-11-11 11:14:08.585 +01:00 [INF] Executing endpoint 'api.Controllers.QuizAPIController.QuizList (api)'
2025-11-11 11:14:08.585 +01:00 [INF] Route matched with {action = "QuizList", controller = "QuizAPI"}. Executing controller action with signature System.Threading.Tasks.Task`1[Microsoft.AspNetCore.Mvc.IActionResult] QuizList() on controller api.Controllers.QuizAPIController (api).
2025-11-11 11:14:08.588 +01:00 [INF] Executing OkObjectResult, writing value of type 'System.Linq.Enumerable+SelectListIterator`2[[api.Models.Quiz, api, Version=1.0.0.0, Culture=neutral, PublicKeyToken=null],[api.DTOs.QuizDto, api, Version=1.0.0.0, Culture=neutral, PublicKeyToken=null]]'.
2025-11-11 11:14:08.589 +01:00 [INF] Executed action api.Controllers.QuizAPIController.QuizList (api) in 3.6541ms
2025-11-11 11:14:08.589 +01:00 [INF] Executed endpoint 'api.Controllers.QuizAPIController.QuizList (api)'
2025-11-11 11:14:08.589 +01:00 [INF] Request finished HTTP/1.1 GET http://localhost:5082/api/quizapi/quizlist - 200 284 application/json; charset=utf-8 4.4969ms
2025-11-11 11:14:08.591 +01:00 [INF] Request starting HTTP/1.1 GET http://localhost:5082/api/quizapi/quizlist - null null
2025-11-11 11:14:08.591 +01:00 [INF] CORS policy execution successful.
2025-11-11 11:14:08.592 +01:00 [INF] Executing endpoint 'api.Controllers.QuizAPIController.QuizList (api)'
2025-11-11 11:14:08.592 +01:00 [INF] Route matched with {action = "QuizList", controller = "QuizAPI"}. Executing controller action with signature System.Threading.Tasks.Task`1[Microsoft.AspNetCore.Mvc.IActionResult] QuizList() on controller api.Controllers.QuizAPIController (api).
2025-11-11 11:14:08.596 +01:00 [INF] Executing OkObjectResult, writing value of type 'System.Linq.Enumerable+SelectListIterator`2[[api.Models.Quiz, api, Version=1.0.0.0, Culture=neutral, PublicKeyToken=null],[api.DTOs.QuizDto, api, Version=1.0.0.0, Culture=neutral, PublicKeyToken=null]]'.
2025-11-11 11:14:08.597 +01:00 [INF] Executed action api.Controllers.QuizAPIController.QuizList (api) in 4.8068ms
2025-11-11 11:14:08.597 +01:00 [INF] Executed endpoint 'api.Controllers.QuizAPIController.QuizList (api)'
2025-11-11 11:14:08.597 +01:00 [INF] Request finished HTTP/1.1 GET http://localhost:5082/api/quizapi/quizlist - 200 284 application/json; charset=utf-8 5.8167ms
2025-11-11 11:14:15.721 +01:00 [INF] Application is shutting down...
