2025-11-10 12:00:04.838 +01:00 [INF] User profile is available. Using 'C:\Users\Aliza Mudassar\AppData\Local\ASP.NET\DataProtection-Keys' as key repository and Windows DPAPI to encrypt keys at rest.
2025-11-10 12:00:05.132 +01:00 [INF] Now listening on: http://localhost:5082
2025-11-10 12:00:05.143 +01:00 [INF] Application started. Press Ctrl+C to shut down.
2025-11-10 12:00:05.145 +01:00 [INF] Hosting environment: Development
2025-11-10 12:00:05.145 +01:00 [INF] Content root path: C:\Users\Aliza Mudassar\OneDrive - OsloMet\webapplikasjoner\EXAMFAM\api
2025-11-10 12:00:23.675 +01:00 [INF] Request starting HTTP/1.1 OPTIONS http://localhost:5082/api/takequizapi/takequizlist - null null
2025-11-10 12:00:23.680 +01:00 [INF] Request starting HTTP/1.1 OPTIONS http://localhost:5082/api/takequizapi/takequizlist - null null
2025-11-10 12:00:23.799 +01:00 [INF] CORS policy execution successful.
2025-11-10 12:00:23.800 +01:00 [INF] CORS policy execution successful.
2025-11-10 12:00:23.819 +01:00 [INF] Request finished HTTP/1.1 OPTIONS http://localhost:5082/api/takequizapi/takequizlist - 204 null null 158.8394ms
2025-11-10 12:00:23.826 +01:00 [INF] Request finished HTTP/1.1 OPTIONS http://localhost:5082/api/takequizapi/takequizlist - 204 null null 158.6699ms
2025-11-10 12:00:23.848 +01:00 [INF] Request starting HTTP/1.1 GET http://localhost:5082/api/takequizapi/takequizlist - application/json null
2025-11-10 12:00:23.870 +01:00 [INF] CORS policy execution successful.
2025-11-10 12:00:24.344 +01:00 [INF] Executing endpoint 'api.Controllers.TakeQuizApiController.GetAllQuizzes (api)'
2025-11-10 12:00:24.395 +01:00 [INF] Route matched with {action = "GetAllQuizzes", controller = "TakeQuizApi"}. Executing controller action with signature System.Threading.Tasks.Task`1[Microsoft.AspNetCore.Mvc.IActionResult] GetAllQuizzes() on controller api.Controllers.TakeQuizApiController (api).
2025-11-10 12:00:25.449 +01:00 [WRN] Compiling a query which loads related collections for more than one collection navigation, either via 'Include' or through projection, but no 'QuerySplittingBehavior' has been configured. By default, Entity Framework will use 'QuerySplittingBehavior.SingleQuery', which can potentially result in slow query performance. See https://go.microsoft.com/fwlink/?linkid=2134277 for more information. To identify the query that's triggering this warning call 'ConfigureWarnings(w => w.Throw(RelationalEventId.MultipleCollectionIncludeWarning))'.
2025-11-10 12:00:26.504 +01:00 [INF] Executing OkObjectResult, writing value of type 'System.Collections.Generic.List`1[[api.DTOs.QuizDto, api, Version=1.0.0.0, Culture=neutral, PublicKeyToken=null]]'.
2025-11-10 12:00:26.864 +01:00 [INF] Executed action api.Controllers.TakeQuizApiController.GetAllQuizzes (api) in 2447.2682ms
2025-11-10 12:00:26.865 +01:00 [INF] Executed endpoint 'api.Controllers.TakeQuizApiController.GetAllQuizzes (api)'
2025-11-10 12:00:26.879 +01:00 [INF] Request finished HTTP/1.1 GET http://localhost:5082/api/takequizapi/takequizlist - 200 284 application/json; charset=utf-8 3031.3414ms
2025-11-10 12:00:26.894 +01:00 [INF] Request starting HTTP/1.1 GET http://localhost:5082/api/takequizapi/takequizlist - application/json null
2025-11-10 12:00:26.896 +01:00 [INF] CORS policy execution successful.
2025-11-10 12:00:26.905 +01:00 [INF] Executing endpoint 'api.Controllers.TakeQuizApiController.GetAllQuizzes (api)'
2025-11-10 12:00:26.906 +01:00 [INF] Route matched with {action = "GetAllQuizzes", controller = "TakeQuizApi"}. Executing controller action with signature System.Threading.Tasks.Task`1[Microsoft.AspNetCore.Mvc.IActionResult] GetAllQuizzes() on controller api.Controllers.TakeQuizApiController (api).
2025-11-10 12:00:27.016 +01:00 [INF] Executing OkObjectResult, writing value of type 'System.Collections.Generic.List`1[[api.DTOs.QuizDto, api, Version=1.0.0.0, Culture=neutral, PublicKeyToken=null]]'.
2025-11-10 12:00:27.024 +01:00 [INF] Executed action api.Controllers.TakeQuizApiController.GetAllQuizzes (api) in 117.1524ms
2025-11-10 12:00:27.027 +01:00 [INF] Executed endpoint 'api.Controllers.TakeQuizApiController.GetAllQuizzes (api)'
2025-11-10 12:00:27.029 +01:00 [INF] Request finished HTTP/1.1 GET http://localhost:5082/api/takequizapi/takequizlist - 200 284 application/json; charset=utf-8 135.429ms
2025-11-10 12:00:29.358 +01:00 [INF] Request starting HTTP/1.1 OPTIONS http://localhost:5082/api/takequizapi/attempts/1 - null null
2025-11-10 12:00:29.361 +01:00 [INF] CORS policy execution successful.
2025-11-10 12:00:29.362 +01:00 [INF] Request finished HTTP/1.1 OPTIONS http://localhost:5082/api/takequizapi/attempts/1 - 204 null null 5.5317ms
2025-11-10 12:00:29.365 +01:00 [INF] Request starting HTTP/1.1 OPTIONS http://localhost:5082/api/takequizapi/attempts/1 - null null
2025-11-10 12:00:29.366 +01:00 [INF] CORS policy execution successful.
2025-11-10 12:00:29.368 +01:00 [INF] Request finished HTTP/1.1 OPTIONS http://localhost:5082/api/takequizapi/attempts/1 - 204 null null 4.4136ms
2025-11-10 12:00:29.425 +01:00 [INF] Request starting HTTP/1.1 GET http://localhost:5082/api/takequizapi/attempts/1 - application/json null
2025-11-10 12:00:29.438 +01:00 [INF] CORS policy execution successful.
2025-11-10 12:00:29.506 +01:00 [INF] Executing endpoint 'api.Controllers.TakeQuizApiController.GetAttempts (api)'
2025-11-10 12:00:29.585 +01:00 [INF] Route matched with {action = "GetAttempts", controller = "TakeQuizApi"}. Executing controller action with signature System.Threading.Tasks.Task`1[Microsoft.AspNetCore.Mvc.IActionResult] GetAttempts(Int32) on controller api.Controllers.TakeQuizApiController (api).
2025-11-10 12:00:29.772 +01:00 [WRN] Compiling a query which loads related collections for more than one collection navigation, either via 'Include' or through projection, but no 'QuerySplittingBehavior' has been configured. By default, Entity Framework will use 'QuerySplittingBehavior.SingleQuery', which can potentially result in slow query performance. See https://go.microsoft.com/fwlink/?linkid=2134277 for more information. To identify the query that's triggering this warning call 'ConfigureWarnings(w => w.Throw(RelationalEventId.MultipleCollectionIncludeWarning))'.
2025-11-10 12:00:30.185 +01:00 [INF] Executing OkObjectResult, writing value of type 'System.Collections.Generic.List`1[[api.DTOs.QuizResultDto, api, Version=1.0.0.0, Culture=neutral, PublicKeyToken=null]]'.
2025-11-10 12:00:30.272 +01:00 [INF] Executed action api.Controllers.TakeQuizApiController.GetAttempts (api) in 685.6137ms
2025-11-10 12:00:30.272 +01:00 [INF] Executed endpoint 'api.Controllers.TakeQuizApiController.GetAttempts (api)'
2025-11-10 12:00:30.275 +01:00 [INF] Request finished HTTP/1.1 GET http://localhost:5082/api/takequizapi/attempts/1 - 200 1815 application/json; charset=utf-8 849.5769ms
2025-11-10 12:00:30.318 +01:00 [INF] Request starting HTTP/1.1 GET http://localhost:5082/api/takequizapi/attempts/1 - application/json null
2025-11-10 12:00:30.320 +01:00 [INF] CORS policy execution successful.
2025-11-10 12:00:30.362 +01:00 [INF] Executing endpoint 'api.Controllers.TakeQuizApiController.GetAttempts (api)'
2025-11-10 12:00:30.363 +01:00 [INF] Route matched with {action = "GetAttempts", controller = "TakeQuizApi"}. Executing controller action with signature System.Threading.Tasks.Task`1[Microsoft.AspNetCore.Mvc.IActionResult] GetAttempts(Int32) on controller api.Controllers.TakeQuizApiController (api).
2025-11-10 12:00:30.423 +01:00 [INF] Executing OkObjectResult, writing value of type 'System.Collections.Generic.List`1[[api.DTOs.QuizResultDto, api, Version=1.0.0.0, Culture=neutral, PublicKeyToken=null]]'.
2025-11-10 12:00:30.424 +01:00 [INF] Executed action api.Controllers.TakeQuizApiController.GetAttempts (api) in 60.5156ms
2025-11-10 12:00:30.424 +01:00 [INF] Executed endpoint 'api.Controllers.TakeQuizApiController.GetAttempts (api)'
2025-11-10 12:00:30.424 +01:00 [INF] Request finished HTTP/1.1 GET http://localhost:5082/api/takequizapi/attempts/1 - 200 1815 application/json; charset=utf-8 106.1583ms
2025-11-10 12:00:34.422 +01:00 [INF] Request starting HTTP/1.1 OPTIONS http://localhost:5082/api/takequizapi/takequizlist - null null
2025-11-10 12:00:34.422 +01:00 [INF] Request starting HTTP/1.1 OPTIONS http://localhost:5082/api/takequizapi/takequizlist - null null
2025-11-10 12:00:34.423 +01:00 [INF] CORS policy execution successful.
2025-11-10 12:00:34.423 +01:00 [INF] CORS policy execution successful.
2025-11-10 12:00:34.423 +01:00 [INF] Request finished HTTP/1.1 OPTIONS http://localhost:5082/api/takequizapi/takequizlist - 204 null null 1.3987ms
2025-11-10 12:00:34.423 +01:00 [INF] Request finished HTTP/1.1 OPTIONS http://localhost:5082/api/takequizapi/takequizlist - 204 null null 1.425ms
2025-11-10 12:00:34.450 +01:00 [INF] Request starting HTTP/1.1 GET http://localhost:5082/api/takequizapi/takequizlist - application/json null
2025-11-10 12:00:34.450 +01:00 [INF] CORS policy execution successful.
2025-11-10 12:00:34.452 +01:00 [INF] Executing endpoint 'api.Controllers.TakeQuizApiController.GetAllQuizzes (api)'
2025-11-10 12:00:34.453 +01:00 [INF] Route matched with {action = "GetAllQuizzes", controller = "TakeQuizApi"}. Executing controller action with signature System.Threading.Tasks.Task`1[Microsoft.AspNetCore.Mvc.IActionResult] GetAllQuizzes() on controller api.Controllers.TakeQuizApiController (api).
2025-11-10 12:00:34.491 +01:00 [INF] Executing OkObjectResult, writing value of type 'System.Collections.Generic.List`1[[api.DTOs.QuizDto, api, Version=1.0.0.0, Culture=neutral, PublicKeyToken=null]]'.
2025-11-10 12:00:34.493 +01:00 [INF] Executed action api.Controllers.TakeQuizApiController.GetAllQuizzes (api) in 39.6685ms
2025-11-10 12:00:34.493 +01:00 [INF] Executed endpoint 'api.Controllers.TakeQuizApiController.GetAllQuizzes (api)'
2025-11-10 12:00:34.493 +01:00 [INF] Request finished HTTP/1.1 GET http://localhost:5082/api/takequizapi/takequizlist - 200 284 application/json; charset=utf-8 43.8069ms
2025-11-10 12:00:34.519 +01:00 [INF] Request starting HTTP/1.1 GET http://localhost:5082/api/takequizapi/takequizlist - application/json null
2025-11-10 12:00:34.520 +01:00 [INF] CORS policy execution successful.
2025-11-10 12:00:34.521 +01:00 [INF] Executing endpoint 'api.Controllers.TakeQuizApiController.GetAllQuizzes (api)'
2025-11-10 12:00:34.521 +01:00 [INF] Route matched with {action = "GetAllQuizzes", controller = "TakeQuizApi"}. Executing controller action with signature System.Threading.Tasks.Task`1[Microsoft.AspNetCore.Mvc.IActionResult] GetAllQuizzes() on controller api.Controllers.TakeQuizApiController (api).
2025-11-10 12:00:34.571 +01:00 [INF] Executing OkObjectResult, writing value of type 'System.Collections.Generic.List`1[[api.DTOs.QuizDto, api, Version=1.0.0.0, Culture=neutral, PublicKeyToken=null]]'.
2025-11-10 12:00:34.574 +01:00 [INF] Executed action api.Controllers.TakeQuizApiController.GetAllQuizzes (api) in 52.7755ms
2025-11-10 12:00:34.575 +01:00 [INF] Executed endpoint 'api.Controllers.TakeQuizApiController.GetAllQuizzes (api)'
2025-11-10 12:00:34.575 +01:00 [INF] Request finished HTTP/1.1 GET http://localhost:5082/api/takequizapi/takequizlist - 200 284 application/json; charset=utf-8 59.6221ms
2025-11-10 12:00:35.852 +01:00 [INF] Request starting HTTP/1.1 OPTIONS http://localhost:5082/api/takequizapi/1 - null null
2025-11-10 12:00:35.852 +01:00 [INF] CORS policy execution successful.
2025-11-10 12:00:35.853 +01:00 [INF] Request finished HTTP/1.1 OPTIONS http://localhost:5082/api/takequizapi/1 - 204 null null 1.2621ms
2025-11-10 12:00:35.853 +01:00 [INF] Request starting HTTP/1.1 OPTIONS http://localhost:5082/api/takequizapi/1 - null null
2025-11-10 12:00:35.854 +01:00 [INF] CORS policy execution successful.
2025-11-10 12:00:35.854 +01:00 [INF] Request finished HTTP/1.1 OPTIONS http://localhost:5082/api/takequizapi/1 - 204 null null 0.4039ms
2025-11-10 12:00:35.911 +01:00 [INF] Request starting HTTP/1.1 GET http://localhost:5082/api/takequizapi/1 - application/json null
2025-11-10 12:00:35.915 +01:00 [INF] CORS policy execution successful.
2025-11-10 12:00:35.918 +01:00 [INF] Executing endpoint 'api.Controllers.TakeQuizApiController.GetQuiz (api)'
2025-11-10 12:00:35.942 +01:00 [INF] Route matched with {action = "GetQuiz", controller = "TakeQuizApi"}. Executing controller action with signature System.Threading.Tasks.Task`1[Microsoft.AspNetCore.Mvc.IActionResult] GetQuiz(Int32) on controller api.Controllers.TakeQuizApiController (api).
2025-11-10 12:00:36.022 +01:00 [WRN] Compiling a query which loads related collections for more than one collection navigation, either via 'Include' or through projection, but no 'QuerySplittingBehavior' has been configured. By default, Entity Framework will use 'QuerySplittingBehavior.SingleQuery', which can potentially result in slow query performance. See https://go.microsoft.com/fwlink/?linkid=2134277 for more information. To identify the query that's triggering this warning call 'ConfigureWarnings(w => w.Throw(RelationalEventId.MultipleCollectionIncludeWarning))'.
2025-11-10 12:00:36.052 +01:00 [INF] Executing OkObjectResult, writing value of type 'api.DTOs.QuizDto'.
2025-11-10 12:00:36.093 +01:00 [INF] Executed action api.Controllers.TakeQuizApiController.GetQuiz (api) in 150.08ms
2025-11-10 12:00:36.093 +01:00 [INF] Executed endpoint 'api.Controllers.TakeQuizApiController.GetQuiz (api)'
2025-11-10 12:00:36.094 +01:00 [INF] Request finished HTTP/1.1 GET http://localhost:5082/api/takequizapi/1 - 200 1067 application/json; charset=utf-8 182.4344ms
2025-11-10 12:00:36.105 +01:00 [INF] Request starting HTTP/1.1 GET http://localhost:5082/api/takequizapi/1 - application/json null
2025-11-10 12:00:36.106 +01:00 [INF] CORS policy execution successful.
2025-11-10 12:00:36.107 +01:00 [INF] Executing endpoint 'api.Controllers.TakeQuizApiController.GetQuiz (api)'
2025-11-10 12:00:36.108 +01:00 [INF] Route matched with {action = "GetQuiz", controller = "TakeQuizApi"}. Executing controller action with signature System.Threading.Tasks.Task`1[Microsoft.AspNetCore.Mvc.IActionResult] GetQuiz(Int32) on controller api.Controllers.TakeQuizApiController (api).
2025-11-10 12:00:36.126 +01:00 [INF] Executing OkObjectResult, writing value of type 'api.DTOs.QuizDto'.
2025-11-10 12:00:36.130 +01:00 [INF] Executed action api.Controllers.TakeQuizApiController.GetQuiz (api) in 20.4154ms
2025-11-10 12:00:36.130 +01:00 [INF] Executed endpoint 'api.Controllers.TakeQuizApiController.GetQuiz (api)'
2025-11-10 12:00:36.131 +01:00 [INF] Request finished HTTP/1.1 GET http://localhost:5082/api/takequizapi/1 - 200 1067 application/json; charset=utf-8 26.6162ms
2025-11-10 12:00:40.547 +01:00 [INF] Request starting HTTP/1.1 OPTIONS http://localhost:5082/api/takequizapi/submit - null null
2025-11-10 12:00:40.548 +01:00 [INF] CORS policy execution successful.
2025-11-10 12:00:40.548 +01:00 [INF] Request finished HTTP/1.1 OPTIONS http://localhost:5082/api/takequizapi/submit - 204 null null 1.2187ms
2025-11-10 12:00:40.561 +01:00 [INF] Request starting HTTP/1.1 POST http://localhost:5082/api/takequizapi/submit - application/json 82
2025-11-10 12:00:40.562 +01:00 [INF] CORS policy execution successful.
2025-11-10 12:00:40.572 +01:00 [INF] Executing endpoint 'api.Controllers.TakeQuizApiController.Submit (api)'
2025-11-10 12:00:40.590 +01:00 [INF] Route matched with {action = "Submit", controller = "TakeQuizApi"}. Executing controller action with signature System.Threading.Tasks.Task`1[Microsoft.AspNetCore.Mvc.IActionResult] Submit(api.DTOs.QuizSubmissionDto) on controller api.Controllers.TakeQuizApiController (api).
2025-11-10 12:00:40.816 +01:00 [INF] Executing OkObjectResult, writing value of type '<>f__AnonymousType3`1[[System.Int32, System.Private.CoreLib, Version=8.0.0.0, Culture=neutral, PublicKeyToken=7cec85d7bea7798e]]'.
2025-11-10 12:00:40.847 +01:00 [INF] Executed action api.Controllers.TakeQuizApiController.Submit (api) in 255.872ms
2025-11-10 12:00:40.847 +01:00 [INF] Executed endpoint 'api.Controllers.TakeQuizApiController.Submit (api)'
2025-11-10 12:00:40.848 +01:00 [INF] Request finished HTTP/1.1 POST http://localhost:5082/api/takequizapi/submit - 200 11 application/json; charset=utf-8 286.7874ms
2025-11-10 12:00:43.080 +01:00 [INF] Request starting HTTP/1.1 OPTIONS http://localhost:5082/api/takequizapi/saveattempt - null null
2025-11-10 12:00:43.089 +01:00 [INF] CORS policy execution successful.
2025-11-10 12:00:43.090 +01:00 [INF] Request finished HTTP/1.1 OPTIONS http://localhost:5082/api/takequizapi/saveattempt - 204 null null 9.4277ms
2025-11-10 12:00:43.094 +01:00 [INF] Request starting HTTP/1.1 POST http://localhost:5082/api/takequizapi/saveattempt - application/json 22
2025-11-10 12:00:43.094 +01:00 [INF] CORS policy execution successful.
2025-11-10 12:00:43.095 +01:00 [INF] Executing endpoint 'api.Controllers.TakeQuizApiController.SaveAttempt (api)'
2025-11-10 12:00:43.114 +01:00 [INF] Route matched with {action = "SaveAttempt", controller = "TakeQuizApi"}. Executing controller action with signature System.Threading.Tasks.Task`1[Microsoft.AspNetCore.Mvc.IActionResult] SaveAttempt(api.DTOs.QuizResultDto) on controller api.Controllers.TakeQuizApiController (api).
2025-11-10 12:00:43.134 +01:00 [INF] Executing UnauthorizedObjectResult, writing value of type 'System.String'.
2025-11-10 12:00:43.137 +01:00 [INF] Executed action api.Controllers.TakeQuizApiController.SaveAttempt (api) in 22.5316ms
2025-11-10 12:00:43.138 +01:00 [INF] Executed endpoint 'api.Controllers.TakeQuizApiController.SaveAttempt (api)'
2025-11-10 12:00:43.139 +01:00 [INF] Request finished HTTP/1.1 POST http://localhost:5082/api/takequizapi/saveattempt - 401 null text/plain; charset=utf-8 45.2233ms
2025-11-10 12:00:47.462 +01:00 [INF] Request starting HTTP/1.1 POST http://localhost:5082/api/takequizapi/saveattempt - application/json 22
2025-11-10 12:00:47.477 +01:00 [INF] CORS policy execution successful.
2025-11-10 12:00:47.479 +01:00 [INF] Executing endpoint 'api.Controllers.TakeQuizApiController.SaveAttempt (api)'
2025-11-10 12:00:47.480 +01:00 [INF] Route matched with {action = "SaveAttempt", controller = "TakeQuizApi"}. Executing controller action with signature System.Threading.Tasks.Task`1[Microsoft.AspNetCore.Mvc.IActionResult] SaveAttempt(api.DTOs.QuizResultDto) on controller api.Controllers.TakeQuizApiController (api).
2025-11-10 12:00:47.490 +01:00 [INF] Executing UnauthorizedObjectResult, writing value of type 'System.String'.
2025-11-10 12:00:47.491 +01:00 [INF] Executed action api.Controllers.TakeQuizApiController.SaveAttempt (api) in 10.6424ms
2025-11-10 12:00:47.491 +01:00 [INF] Executed endpoint 'api.Controllers.TakeQuizApiController.SaveAttempt (api)'
2025-11-10 12:00:47.492 +01:00 [INF] Request finished HTTP/1.1 POST http://localhost:5082/api/takequizapi/saveattempt - 401 null text/plain; charset=utf-8 29.4577ms
2025-11-10 12:00:57.331 +01:00 [INF] Request starting HTTP/1.1 OPTIONS http://localhost:5082/api/Auth/login - null null
2025-11-10 12:00:57.332 +01:00 [INF] CORS policy execution successful.
2025-11-10 12:00:57.332 +01:00 [INF] Request finished HTTP/1.1 OPTIONS http://localhost:5082/api/Auth/login - 204 null null 0.797ms
2025-11-10 12:00:57.351 +01:00 [INF] Request starting HTTP/1.1 POST http://localhost:5082/api/Auth/login - application/json 46
2025-11-10 12:00:57.376 +01:00 [INF] CORS policy execution successful.
2025-11-10 12:00:57.377 +01:00 [INF] Executing endpoint 'api.Controllers.AuthController.Login (api)'
2025-11-10 12:00:57.410 +01:00 [INF] Route matched with {action = "Login", controller = "Auth"}. Executing controller action with signature System.Threading.Tasks.Task`1[Microsoft.AspNetCore.Mvc.IActionResult] Login(api.DTOs.LoginDto) on controller api.Controllers.AuthController (api).
2025-11-10 12:01:00.076 +01:00 [INF] [AuthController] JWT token created for ola with roles Teacher
2025-11-10 12:01:00.277 +01:00 [INF] [AuthController] user authorised for ola
2025-11-10 12:01:00.279 +01:00 [INF] Executing OkObjectResult, writing value of type '<>f__AnonymousType1`1[[System.String, System.Private.CoreLib, Version=8.0.0.0, Culture=neutral, PublicKeyToken=7cec85d7bea7798e]]'.
2025-11-10 12:01:00.292 +01:00 [INF] Executed action api.Controllers.AuthController.Login (api) in 2882.0283ms
2025-11-10 12:01:00.292 +01:00 [INF] Executed endpoint 'api.Controllers.AuthController.Login (api)'
2025-11-10 12:01:00.295 +01:00 [INF] Request finished HTTP/1.1 POST http://localhost:5082/api/Auth/login - 200 572 application/json; charset=utf-8 2945.0494ms
2025-11-10 12:01:02.659 +01:00 [INF] Request starting HTTP/1.1 OPTIONS http://localhost:5082/api/takequizapi/takequizlist - null null
2025-11-10 12:01:02.659 +01:00 [INF] CORS policy execution successful.
2025-11-10 12:01:02.661 +01:00 [INF] Request finished HTTP/1.1 OPTIONS http://localhost:5082/api/takequizapi/takequizlist - 204 null null 1.7859ms
2025-11-10 12:01:02.662 +01:00 [INF] Request starting HTTP/1.1 OPTIONS http://localhost:5082/api/takequizapi/takequizlist - null null
2025-11-10 12:01:02.662 +01:00 [INF] CORS policy execution successful.
2025-11-10 12:01:02.662 +01:00 [INF] Request finished HTTP/1.1 OPTIONS http://localhost:5082/api/takequizapi/takequizlist - 204 null null 0.4865ms
2025-11-10 12:01:02.674 +01:00 [INF] Request starting HTTP/1.1 GET http://localhost:5082/api/takequizapi/takequizlist - application/json null
2025-11-10 12:01:02.675 +01:00 [INF] CORS policy execution successful.
2025-11-10 12:01:02.679 +01:00 [INF] Executing endpoint 'api.Controllers.TakeQuizApiController.GetAllQuizzes (api)'
2025-11-10 12:01:02.680 +01:00 [INF] Route matched with {action = "GetAllQuizzes", controller = "TakeQuizApi"}. Executing controller action with signature System.Threading.Tasks.Task`1[Microsoft.AspNetCore.Mvc.IActionResult] GetAllQuizzes() on controller api.Controllers.TakeQuizApiController (api).
2025-11-10 12:01:02.705 +01:00 [INF] Executing OkObjectResult, writing value of type 'System.Collections.Generic.List`1[[api.DTOs.QuizDto, api, Version=1.0.0.0, Culture=neutral, PublicKeyToken=null]]'.
2025-11-10 12:01:02.708 +01:00 [INF] Executed action api.Controllers.TakeQuizApiController.GetAllQuizzes (api) in 27.6887ms
2025-11-10 12:01:02.709 +01:00 [INF] Executed endpoint 'api.Controllers.TakeQuizApiController.GetAllQuizzes (api)'
2025-11-10 12:01:02.710 +01:00 [INF] Request finished HTTP/1.1 GET http://localhost:5082/api/takequizapi/takequizlist - 200 284 application/json; charset=utf-8 35.8606ms
2025-11-10 12:01:02.726 +01:00 [INF] Request starting HTTP/1.1 GET http://localhost:5082/api/takequizapi/takequizlist - application/json null
2025-11-10 12:01:02.760 +01:00 [INF] CORS policy execution successful.
2025-11-10 12:01:02.761 +01:00 [INF] Executing endpoint 'api.Controllers.TakeQuizApiController.GetAllQuizzes (api)'
2025-11-10 12:01:02.762 +01:00 [INF] Route matched with {action = "GetAllQuizzes", controller = "TakeQuizApi"}. Executing controller action with signature System.Threading.Tasks.Task`1[Microsoft.AspNetCore.Mvc.IActionResult] GetAllQuizzes() on controller api.Controllers.TakeQuizApiController (api).
2025-11-10 12:01:02.774 +01:00 [INF] Executing OkObjectResult, writing value of type 'System.Collections.Generic.List`1[[api.DTOs.QuizDto, api, Version=1.0.0.0, Culture=neutral, PublicKeyToken=null]]'.
2025-11-10 12:01:02.775 +01:00 [INF] Executed action api.Controllers.TakeQuizApiController.GetAllQuizzes (api) in 13.4662ms
2025-11-10 12:01:02.776 +01:00 [INF] Executed endpoint 'api.Controllers.TakeQuizApiController.GetAllQuizzes (api)'
2025-11-10 12:01:02.776 +01:00 [INF] Request finished HTTP/1.1 GET http://localhost:5082/api/takequizapi/takequizlist - 200 284 application/json; charset=utf-8 50.6891ms
2025-11-10 12:01:04.123 +01:00 [INF] Request starting HTTP/1.1 OPTIONS http://localhost:5082/api/takequizapi/attempts/1 - null null
2025-11-10 12:01:04.123 +01:00 [INF] CORS policy execution successful.
2025-11-10 12:01:04.125 +01:00 [INF] Request finished HTTP/1.1 OPTIONS http://localhost:5082/api/takequizapi/attempts/1 - 204 null null 2.017ms
2025-11-10 12:01:04.126 +01:00 [INF] Request starting HTTP/1.1 OPTIONS http://localhost:5082/api/takequizapi/attempts/1 - null null
2025-11-10 12:01:04.127 +01:00 [INF] CORS policy execution successful.
2025-11-10 12:01:04.127 +01:00 [INF] Request finished HTTP/1.1 OPTIONS http://localhost:5082/api/takequizapi/attempts/1 - 204 null null 1.2188ms
2025-11-10 12:01:04.131 +01:00 [INF] Request starting HTTP/1.1 GET http://localhost:5082/api/takequizapi/attempts/1 - application/json null
2025-11-10 12:01:04.132 +01:00 [INF] CORS policy execution successful.
2025-11-10 12:01:04.133 +01:00 [INF] Executing endpoint 'api.Controllers.TakeQuizApiController.GetAttempts (api)'
2025-11-10 12:01:04.134 +01:00 [INF] Route matched with {action = "GetAttempts", controller = "TakeQuizApi"}. Executing controller action with signature System.Threading.Tasks.Task`1[Microsoft.AspNetCore.Mvc.IActionResult] GetAttempts(Int32) on controller api.Controllers.TakeQuizApiController (api).
2025-11-10 12:01:04.150 +01:00 [INF] Executing OkObjectResult, writing value of type 'System.Collections.Generic.List`1[[api.DTOs.QuizResultDto, api, Version=1.0.0.0, Culture=neutral, PublicKeyToken=null]]'.
2025-11-10 12:01:04.155 +01:00 [INF] Executed action api.Controllers.TakeQuizApiController.GetAttempts (api) in 20.9756ms
2025-11-10 12:01:04.156 +01:00 [INF] Executed endpoint 'api.Controllers.TakeQuizApiController.GetAttempts (api)'
2025-11-10 12:01:04.157 +01:00 [INF] Request finished HTTP/1.1 GET http://localhost:5082/api/takequizapi/attempts/1 - 200 1815 application/json; charset=utf-8 25.3464ms
2025-11-10 12:01:04.172 +01:00 [INF] Request starting HTTP/1.1 GET http://localhost:5082/api/takequizapi/attempts/1 - application/json null
2025-11-10 12:01:04.173 +01:00 [INF] CORS policy execution successful.
2025-11-10 12:01:04.174 +01:00 [INF] Executing endpoint 'api.Controllers.TakeQuizApiController.GetAttempts (api)'
2025-11-10 12:01:04.174 +01:00 [INF] Route matched with {action = "GetAttempts", controller = "TakeQuizApi"}. Executing controller action with signature System.Threading.Tasks.Task`1[Microsoft.AspNetCore.Mvc.IActionResult] GetAttempts(Int32) on controller api.Controllers.TakeQuizApiController (api).
2025-11-10 12:01:04.199 +01:00 [INF] Executing OkObjectResult, writing value of type 'System.Collections.Generic.List`1[[api.DTOs.QuizResultDto, api, Version=1.0.0.0, Culture=neutral, PublicKeyToken=null]]'.
2025-11-10 12:01:04.200 +01:00 [INF] Executed action api.Controllers.TakeQuizApiController.GetAttempts (api) in 25.5484ms
2025-11-10 12:01:04.200 +01:00 [INF] Executed endpoint 'api.Controllers.TakeQuizApiController.GetAttempts (api)'
2025-11-10 12:01:04.201 +01:00 [INF] Request finished HTTP/1.1 GET http://localhost:5082/api/takequizapi/attempts/1 - 200 1815 application/json; charset=utf-8 28.5191ms
2025-11-10 12:01:12.303 +01:00 [INF] Request starting HTTP/1.1 OPTIONS http://localhost:5082/api/takequizapi/attempt/61 - null null
2025-11-10 12:01:12.304 +01:00 [INF] CORS policy execution successful.
2025-11-10 12:01:12.304 +01:00 [INF] Request finished HTTP/1.1 OPTIONS http://localhost:5082/api/takequizapi/attempt/61 - 204 null null 0.7268ms
2025-11-10 12:01:12.322 +01:00 [INF] Request starting HTTP/1.1 DELETE http://localhost:5082/api/takequizapi/attempt/61 - application/json null
2025-11-10 12:01:12.324 +01:00 [INF] CORS policy execution successful.
2025-11-10 12:01:12.329 +01:00 [INF] Executing endpoint 'api.Controllers.TakeQuizApiController.DeleteAttempt (api)'
2025-11-10 12:01:12.353 +01:00 [INF] Route matched with {action = "DeleteAttempt", controller = "TakeQuizApi"}. Executing controller action with signature System.Threading.Tasks.Task`1[Microsoft.AspNetCore.Mvc.IActionResult] DeleteAttempt(Int32) on controller api.Controllers.TakeQuizApiController (api).
2025-11-10 12:01:12.858 +01:00 [INF] [QuizRepository] Attempt 61 deleted successfully
2025-11-10 12:01:12.863 +01:00 [INF] Executing OkObjectResult, writing value of type '<>f__AnonymousType4`1[[System.String, System.Private.CoreLib, Version=8.0.0.0, Culture=neutral, PublicKeyToken=7cec85d7bea7798e]]'.
2025-11-10 12:01:12.867 +01:00 [INF] Executed action api.Controllers.TakeQuizApiController.DeleteAttempt (api) in 513.775ms
2025-11-10 12:01:12.867 +01:00 [INF] Executed endpoint 'api.Controllers.TakeQuizApiController.DeleteAttempt (api)'
2025-11-10 12:01:12.868 +01:00 [INF] Request finished HTTP/1.1 DELETE http://localhost:5082/api/takequizapi/attempt/61 - 200 42 application/json; charset=utf-8 545.8858ms
2025-11-10 12:01:15.810 +01:00 [INF] Request starting HTTP/1.1 OPTIONS http://localhost:5082/api/takequizapi/attempt/62 - null null
2025-11-10 12:01:15.810 +01:00 [INF] CORS policy execution successful.
2025-11-10 12:01:15.811 +01:00 [INF] Request finished HTTP/1.1 OPTIONS http://localhost:5082/api/takequizapi/attempt/62 - 204 null null 0.7714ms
2025-11-10 12:01:15.815 +01:00 [INF] Request starting HTTP/1.1 DELETE http://localhost:5082/api/takequizapi/attempt/62 - application/json null
2025-11-10 12:01:15.815 +01:00 [INF] CORS policy execution successful.
2025-11-10 12:01:15.816 +01:00 [INF] Executing endpoint 'api.Controllers.TakeQuizApiController.DeleteAttempt (api)'
2025-11-10 12:01:15.816 +01:00 [INF] Route matched with {action = "DeleteAttempt", controller = "TakeQuizApi"}. Executing controller action with signature System.Threading.Tasks.Task`1[Microsoft.AspNetCore.Mvc.IActionResult] DeleteAttempt(Int32) on controller api.Controllers.TakeQuizApiController (api).
2025-11-10 12:01:15.842 +01:00 [INF] [QuizRepository] Attempt 62 deleted successfully
2025-11-10 12:01:15.843 +01:00 [INF] Executing OkObjectResult, writing value of type '<>f__AnonymousType4`1[[System.String, System.Private.CoreLib, Version=8.0.0.0, Culture=neutral, PublicKeyToken=7cec85d7bea7798e]]'.
2025-11-10 12:01:15.843 +01:00 [INF] Executed action api.Controllers.TakeQuizApiController.DeleteAttempt (api) in 26.8485ms
2025-11-10 12:01:15.843 +01:00 [INF] Executed endpoint 'api.Controllers.TakeQuizApiController.DeleteAttempt (api)'
2025-11-10 12:01:15.843 +01:00 [INF] Request finished HTTP/1.1 DELETE http://localhost:5082/api/takequizapi/attempt/62 - 200 42 application/json; charset=utf-8 28.8243ms
2025-11-10 12:01:18.761 +01:00 [INF] Request starting HTTP/1.1 OPTIONS http://localhost:5082/api/takequizapi/attempt/63 - null null
2025-11-10 12:01:18.761 +01:00 [INF] CORS policy execution successful.
2025-11-10 12:01:18.762 +01:00 [INF] Request finished HTTP/1.1 OPTIONS http://localhost:5082/api/takequizapi/attempt/63 - 204 null null 1.361ms
2025-11-10 12:01:18.778 +01:00 [INF] Request starting HTTP/1.1 DELETE http://localhost:5082/api/takequizapi/attempt/63 - application/json null
2025-11-10 12:01:18.778 +01:00 [INF] CORS policy execution successful.
2025-11-10 12:01:18.779 +01:00 [INF] Executing endpoint 'api.Controllers.TakeQuizApiController.DeleteAttempt (api)'
2025-11-10 12:01:18.780 +01:00 [INF] Route matched with {action = "DeleteAttempt", controller = "TakeQuizApi"}. Executing controller action with signature System.Threading.Tasks.Task`1[Microsoft.AspNetCore.Mvc.IActionResult] DeleteAttempt(Int32) on controller api.Controllers.TakeQuizApiController (api).
2025-11-10 12:01:18.807 +01:00 [INF] [QuizRepository] Attempt 63 deleted successfully
2025-11-10 12:01:18.807 +01:00 [INF] Executing OkObjectResult, writing value of type '<>f__AnonymousType4`1[[System.String, System.Private.CoreLib, Version=8.0.0.0, Culture=neutral, PublicKeyToken=7cec85d7bea7798e]]'.
2025-11-10 12:01:18.808 +01:00 [INF] Executed action api.Controllers.TakeQuizApiController.DeleteAttempt (api) in 27.6402ms
2025-11-10 12:01:18.808 +01:00 [INF] Executed endpoint 'api.Controllers.TakeQuizApiController.DeleteAttempt (api)'
2025-11-10 12:01:18.808 +01:00 [INF] Request finished HTTP/1.1 DELETE http://localhost:5082/api/takequizapi/attempt/63 - 200 42 application/json; charset=utf-8 29.7495ms
2025-11-10 12:01:21.546 +01:00 [INF] Request starting HTTP/1.1 OPTIONS http://localhost:5082/api/takequizapi/attempt/64 - null null
2025-11-10 12:01:21.546 +01:00 [INF] CORS policy execution successful.
2025-11-10 12:01:21.548 +01:00 [INF] Request finished HTTP/1.1 OPTIONS http://localhost:5082/api/takequizapi/attempt/64 - 204 null null 1.7584ms
2025-11-10 12:01:21.557 +01:00 [INF] Request starting HTTP/1.1 DELETE http://localhost:5082/api/takequizapi/attempt/64 - application/json null
2025-11-10 12:01:21.557 +01:00 [INF] CORS policy execution successful.
2025-11-10 12:01:21.558 +01:00 [INF] Executing endpoint 'api.Controllers.TakeQuizApiController.DeleteAttempt (api)'
2025-11-10 12:01:21.559 +01:00 [INF] Route matched with {action = "DeleteAttempt", controller = "TakeQuizApi"}. Executing controller action with signature System.Threading.Tasks.Task`1[Microsoft.AspNetCore.Mvc.IActionResult] DeleteAttempt(Int32) on controller api.Controllers.TakeQuizApiController (api).
2025-11-10 12:01:21.580 +01:00 [INF] [QuizRepository] Attempt 64 deleted successfully
2025-11-10 12:01:21.580 +01:00 [INF] Executing OkObjectResult, writing value of type '<>f__AnonymousType4`1[[System.String, System.Private.CoreLib, Version=8.0.0.0, Culture=neutral, PublicKeyToken=7cec85d7bea7798e]]'.
2025-11-10 12:01:21.582 +01:00 [INF] Executed action api.Controllers.TakeQuizApiController.DeleteAttempt (api) in 23.5797ms
2025-11-10 12:01:21.582 +01:00 [INF] Executed endpoint 'api.Controllers.TakeQuizApiController.DeleteAttempt (api)'
2025-11-10 12:01:21.583 +01:00 [INF] Request finished HTTP/1.1 DELETE http://localhost:5082/api/takequizapi/attempt/64 - 200 42 application/json; charset=utf-8 26.0833ms
2025-11-10 12:01:35.124 +01:00 [INF] Request starting HTTP/1.1 OPTIONS http://localhost:5082/api/Auth/login - null null
2025-11-10 12:01:35.125 +01:00 [INF] CORS policy execution successful.
2025-11-10 12:01:35.125 +01:00 [INF] Request finished HTTP/1.1 OPTIONS http://localhost:5082/api/Auth/login - 204 null null 0.5039ms
2025-11-10 12:01:35.128 +01:00 [INF] Request starting HTTP/1.1 POST http://localhost:5082/api/Auth/login - application/json 48
2025-11-10 12:01:35.129 +01:00 [INF] CORS policy execution successful.
2025-11-10 12:01:35.130 +01:00 [INF] Executing endpoint 'api.Controllers.AuthController.Login (api)'
2025-11-10 12:01:35.130 +01:00 [INF] Route matched with {action = "Login", controller = "Auth"}. Executing controller action with signature System.Threading.Tasks.Task`1[Microsoft.AspNetCore.Mvc.IActionResult] Login(api.DTOs.LoginDto) on controller api.Controllers.AuthController (api).
2025-11-10 12:01:35.499 +01:00 [INF] [AuthController] JWT token created for nora with roles Student
2025-11-10 12:01:35.500 +01:00 [INF] [AuthController] user authorised for nora
2025-11-10 12:01:35.500 +01:00 [INF] Executing OkObjectResult, writing value of type '<>f__AnonymousType1`1[[System.String, System.Private.CoreLib, Version=8.0.0.0, Culture=neutral, PublicKeyToken=7cec85d7bea7798e]]'.
2025-11-10 12:01:35.501 +01:00 [INF] Executed action api.Controllers.AuthController.Login (api) in 370.2567ms
2025-11-10 12:01:35.501 +01:00 [INF] Executed endpoint 'api.Controllers.AuthController.Login (api)'
2025-11-10 12:01:35.501 +01:00 [INF] Request finished HTTP/1.1 POST http://localhost:5082/api/Auth/login - 200 575 application/json; charset=utf-8 372.9951ms
2025-11-10 12:01:37.805 +01:00 [INF] Request starting HTTP/1.1 OPTIONS http://localhost:5082/api/takequizapi/takequizlist - null null
2025-11-10 12:01:37.808 +01:00 [INF] CORS policy execution successful.
2025-11-10 12:01:37.808 +01:00 [INF] Request finished HTTP/1.1 OPTIONS http://localhost:5082/api/takequizapi/takequizlist - 204 null null 4.8731ms
2025-11-10 12:01:37.809 +01:00 [INF] Request starting HTTP/1.1 OPTIONS http://localhost:5082/api/takequizapi/takequizlist - null null
2025-11-10 12:01:37.809 +01:00 [INF] CORS policy execution successful.
2025-11-10 12:01:37.809 +01:00 [INF] Request finished HTTP/1.1 OPTIONS http://localhost:5082/api/takequizapi/takequizlist - 204 null null 0.5078ms
2025-11-10 12:01:37.822 +01:00 [INF] Request starting HTTP/1.1 GET http://localhost:5082/api/takequizapi/takequizlist - application/json null
2025-11-10 12:01:37.823 +01:00 [INF] CORS policy execution successful.
2025-11-10 12:01:37.823 +01:00 [INF] Executing endpoint 'api.Controllers.TakeQuizApiController.GetAllQuizzes (api)'
2025-11-10 12:01:37.824 +01:00 [INF] Route matched with {action = "GetAllQuizzes", controller = "TakeQuizApi"}. Executing controller action with signature System.Threading.Tasks.Task`1[Microsoft.AspNetCore.Mvc.IActionResult] GetAllQuizzes() on controller api.Controllers.TakeQuizApiController (api).
2025-11-10 12:01:37.829 +01:00 [INF] Executing OkObjectResult, writing value of type 'System.Collections.Generic.List`1[[api.DTOs.QuizDto, api, Version=1.0.0.0, Culture=neutral, PublicKeyToken=null]]'.
2025-11-10 12:01:37.830 +01:00 [INF] Executed action api.Controllers.TakeQuizApiController.GetAllQuizzes (api) in 5.6041ms
2025-11-10 12:01:37.830 +01:00 [INF] Executed endpoint 'api.Controllers.TakeQuizApiController.GetAllQuizzes (api)'
2025-11-10 12:01:37.830 +01:00 [INF] Request finished HTTP/1.1 GET http://localhost:5082/api/takequizapi/takequizlist - 200 284 application/json; charset=utf-8 7.852ms
2025-11-10 12:01:37.854 +01:00 [INF] Request starting HTTP/1.1 GET http://localhost:5082/api/takequizapi/takequizlist - application/json null
2025-11-10 12:01:37.856 +01:00 [INF] CORS policy execution successful.
2025-11-10 12:01:37.858 +01:00 [INF] Executing endpoint 'api.Controllers.TakeQuizApiController.GetAllQuizzes (api)'
2025-11-10 12:01:37.859 +01:00 [INF] Route matched with {action = "GetAllQuizzes", controller = "TakeQuizApi"}. Executing controller action with signature System.Threading.Tasks.Task`1[Microsoft.AspNetCore.Mvc.IActionResult] GetAllQuizzes() on controller api.Controllers.TakeQuizApiController (api).
2025-11-10 12:01:37.870 +01:00 [INF] Executing OkObjectResult, writing value of type 'System.Collections.Generic.List`1[[api.DTOs.QuizDto, api, Version=1.0.0.0, Culture=neutral, PublicKeyToken=null]]'.
2025-11-10 12:01:37.873 +01:00 [INF] Executed action api.Controllers.TakeQuizApiController.GetAllQuizzes (api) in 13.8968ms
2025-11-10 12:01:37.873 +01:00 [INF] Executed endpoint 'api.Controllers.TakeQuizApiController.GetAllQuizzes (api)'
2025-11-10 12:01:37.873 +01:00 [INF] Request finished HTTP/1.1 GET http://localhost:5082/api/takequizapi/takequizlist - 200 284 application/json; charset=utf-8 18.8624ms
2025-11-10 12:01:39.243 +01:00 [INF] Request starting HTTP/1.1 OPTIONS http://localhost:5082/api/takequizapi/1 - null null
2025-11-10 12:01:39.244 +01:00 [INF] CORS policy execution successful.
2025-11-10 12:01:39.244 +01:00 [INF] Request starting HTTP/1.1 OPTIONS http://localhost:5082/api/takequizapi/1 - null null
2025-11-10 12:01:39.245 +01:00 [INF] CORS policy execution successful.
2025-11-10 12:01:39.245 +01:00 [INF] Request finished HTTP/1.1 OPTIONS http://localhost:5082/api/takequizapi/1 - 204 null null 0.7019ms
2025-11-10 12:01:39.252 +01:00 [INF] Request finished HTTP/1.1 OPTIONS http://localhost:5082/api/takequizapi/1 - 204 null null 2.804ms
2025-11-10 12:01:39.268 +01:00 [INF] Request starting HTTP/1.1 GET http://localhost:5082/api/takequizapi/1 - application/json null
2025-11-10 12:01:39.269 +01:00 [INF] CORS policy execution successful.
2025-11-10 12:01:39.270 +01:00 [INF] Executing endpoint 'api.Controllers.TakeQuizApiController.GetQuiz (api)'
2025-11-10 12:01:39.271 +01:00 [INF] Route matched with {action = "GetQuiz", controller = "TakeQuizApi"}. Executing controller action with signature System.Threading.Tasks.Task`1[Microsoft.AspNetCore.Mvc.IActionResult] GetQuiz(Int32) on controller api.Controllers.TakeQuizApiController (api).
2025-11-10 12:01:39.279 +01:00 [INF] Executing OkObjectResult, writing value of type 'api.DTOs.QuizDto'.
2025-11-10 12:01:39.284 +01:00 [INF] Executed action api.Controllers.TakeQuizApiController.GetQuiz (api) in 12.3076ms
2025-11-10 12:01:39.285 +01:00 [INF] Executed endpoint 'api.Controllers.TakeQuizApiController.GetQuiz (api)'
2025-11-10 12:01:39.286 +01:00 [INF] Request finished HTTP/1.1 GET http://localhost:5082/api/takequizapi/1 - 200 1067 application/json; charset=utf-8 17.2344ms
2025-11-10 12:01:39.309 +01:00 [INF] Request starting HTTP/1.1 GET http://localhost:5082/api/takequizapi/1 - application/json null
2025-11-10 12:01:39.310 +01:00 [INF] CORS policy execution successful.
2025-11-10 12:01:39.310 +01:00 [INF] Executing endpoint 'api.Controllers.TakeQuizApiController.GetQuiz (api)'
2025-11-10 12:01:39.310 +01:00 [INF] Route matched with {action = "GetQuiz", controller = "TakeQuizApi"}. Executing controller action with signature System.Threading.Tasks.Task`1[Microsoft.AspNetCore.Mvc.IActionResult] GetQuiz(Int32) on controller api.Controllers.TakeQuizApiController (api).
2025-11-10 12:01:39.320 +01:00 [INF] Executing OkObjectResult, writing value of type 'api.DTOs.QuizDto'.
2025-11-10 12:01:39.322 +01:00 [INF] Executed action api.Controllers.TakeQuizApiController.GetQuiz (api) in 11.6032ms
2025-11-10 12:01:39.322 +01:00 [INF] Executed endpoint 'api.Controllers.TakeQuizApiController.GetQuiz (api)'
2025-11-10 12:01:39.323 +01:00 [INF] Request finished HTTP/1.1 GET http://localhost:5082/api/takequizapi/1 - 200 1067 application/json; charset=utf-8 13.4341ms
2025-11-10 12:01:42.111 +01:00 [INF] Request starting HTTP/1.1 OPTIONS http://localhost:5082/api/takequizapi/submit - null null
2025-11-10 12:01:42.111 +01:00 [INF] CORS policy execution successful.
2025-11-10 12:01:42.112 +01:00 [INF] Request finished HTTP/1.1 OPTIONS http://localhost:5082/api/takequizapi/submit - 204 null null 0.7591ms
2025-11-10 12:01:42.115 +01:00 [INF] Request starting HTTP/1.1 POST http://localhost:5082/api/takequizapi/submit - application/json 82
2025-11-10 12:01:42.115 +01:00 [INF] CORS policy execution successful.
2025-11-10 12:01:42.116 +01:00 [INF] Executing endpoint 'api.Controllers.TakeQuizApiController.Submit (api)'
2025-11-10 12:01:42.117 +01:00 [INF] Route matched with {action = "Submit", controller = "TakeQuizApi"}. Executing controller action with signature System.Threading.Tasks.Task`1[Microsoft.AspNetCore.Mvc.IActionResult] Submit(api.DTOs.QuizSubmissionDto) on controller api.Controllers.TakeQuizApiController (api).
2025-11-10 12:01:42.124 +01:00 [INF] Executing OkObjectResult, writing value of type '<>f__AnonymousType3`1[[System.Int32, System.Private.CoreLib, Version=8.0.0.0, Culture=neutral, PublicKeyToken=7cec85d7bea7798e]]'.
2025-11-10 12:01:42.125 +01:00 [INF] Executed action api.Controllers.TakeQuizApiController.Submit (api) in 7.0047ms
2025-11-10 12:01:42.125 +01:00 [INF] Executed endpoint 'api.Controllers.TakeQuizApiController.Submit (api)'
2025-11-10 12:01:42.126 +01:00 [INF] Request finished HTTP/1.1 POST http://localhost:5082/api/takequizapi/submit - 200 11 application/json; charset=utf-8 10.6231ms
2025-11-10 12:01:44.436 +01:00 [INF] Request starting HTTP/1.1 OPTIONS http://localhost:5082/api/takequizapi/saveattempt - null null
2025-11-10 12:01:44.436 +01:00 [INF] CORS policy execution successful.
2025-11-10 12:01:44.437 +01:00 [INF] Request finished HTTP/1.1 OPTIONS http://localhost:5082/api/takequizapi/saveattempt - 204 null null 1.1545ms
2025-11-10 12:01:44.440 +01:00 [INF] Request starting HTTP/1.1 POST http://localhost:5082/api/takequizapi/saveattempt - application/json 22
2025-11-10 12:01:44.440 +01:00 [INF] CORS policy execution successful.
2025-11-10 12:01:44.441 +01:00 [INF] Executing endpoint 'api.Controllers.TakeQuizApiController.SaveAttempt (api)'
2025-11-10 12:01:44.442 +01:00 [INF] Route matched with {action = "SaveAttempt", controller = "TakeQuizApi"}. Executing controller action with signature System.Threading.Tasks.Task`1[Microsoft.AspNetCore.Mvc.IActionResult] SaveAttempt(api.DTOs.QuizResultDto) on controller api.Controllers.TakeQuizApiController (api).
2025-11-10 12:01:44.448 +01:00 [INF] Executing UnauthorizedObjectResult, writing value of type 'System.String'.
2025-11-10 12:01:44.449 +01:00 [INF] Executed action api.Controllers.TakeQuizApiController.SaveAttempt (api) in 6.7957ms
2025-11-10 12:01:44.450 +01:00 [INF] Executed endpoint 'api.Controllers.TakeQuizApiController.SaveAttempt (api)'
2025-11-10 12:01:44.451 +01:00 [INF] Request finished HTTP/1.1 POST http://localhost:5082/api/takequizapi/saveattempt - 401 null text/plain; charset=utf-8 11.5579ms
2025-11-10 12:02:00.945 +01:00 [INF] Request starting HTTP/1.1 OPTIONS http://localhost:5082/api/takequizapi/saveattempt - null null
2025-11-10 12:02:00.946 +01:00 [INF] CORS policy execution successful.
2025-11-10 12:02:00.946 +01:00 [INF] Request finished HTTP/1.1 OPTIONS http://localhost:5082/api/takequizapi/saveattempt - 204 null null 2.5424ms
2025-11-10 12:02:00.950 +01:00 [INF] Request starting HTTP/1.1 POST http://localhost:5082/api/takequizapi/saveattempt - application/json 22
2025-11-10 12:02:00.950 +01:00 [INF] CORS policy execution successful.
2025-11-10 12:02:00.953 +01:00 [INF] Executing endpoint 'api.Controllers.TakeQuizApiController.SaveAttempt (api)'
2025-11-10 12:02:00.953 +01:00 [INF] Route matched with {action = "SaveAttempt", controller = "TakeQuizApi"}. Executing controller action with signature System.Threading.Tasks.Task`1[Microsoft.AspNetCore.Mvc.IActionResult] SaveAttempt(api.DTOs.QuizResultDto) on controller api.Controllers.TakeQuizApiController (api).
2025-11-10 12:02:00.968 +01:00 [INF] Executing UnauthorizedObjectResult, writing value of type 'System.String'.
2025-11-10 12:02:00.969 +01:00 [INF] Executed action api.Controllers.TakeQuizApiController.SaveAttempt (api) in 13.9137ms
2025-11-10 12:02:00.969 +01:00 [INF] Executed endpoint 'api.Controllers.TakeQuizApiController.SaveAttempt (api)'
2025-11-10 12:02:00.969 +01:00 [INF] Request finished HTTP/1.1 POST http://localhost:5082/api/takequizapi/saveattempt - 401 null text/plain; charset=utf-8 19.896ms
2025-11-10 12:02:19.779 +01:00 [INF] Request starting HTTP/1.1 OPTIONS http://localhost:5082/api/takequizapi/takequizlist - null null
2025-11-10 12:02:19.779 +01:00 [INF] CORS policy execution successful.
2025-11-10 12:02:19.779 +01:00 [INF] Request finished HTTP/1.1 OPTIONS http://localhost:5082/api/takequizapi/takequizlist - 204 null null 0.6816ms
2025-11-10 12:02:19.784 +01:00 [INF] Request starting HTTP/1.1 OPTIONS http://localhost:5082/api/takequizapi/takequizlist - null null
2025-11-10 12:02:19.784 +01:00 [INF] CORS policy execution successful.
2025-11-10 12:02:19.784 +01:00 [INF] Request finished HTTP/1.1 OPTIONS http://localhost:5082/api/takequizapi/takequizlist - 204 null null 0.414ms
2025-11-10 12:02:19.793 +01:00 [INF] Request starting HTTP/1.1 GET http://localhost:5082/api/takequizapi/takequizlist - application/json null
2025-11-10 12:02:19.794 +01:00 [INF] CORS policy execution successful.
2025-11-10 12:02:19.796 +01:00 [INF] Executing endpoint 'api.Controllers.TakeQuizApiController.GetAllQuizzes (api)'
2025-11-10 12:02:19.796 +01:00 [INF] Route matched with {action = "GetAllQuizzes", controller = "TakeQuizApi"}. Executing controller action with signature System.Threading.Tasks.Task`1[Microsoft.AspNetCore.Mvc.IActionResult] GetAllQuizzes() on controller api.Controllers.TakeQuizApiController (api).
2025-11-10 12:02:19.806 +01:00 [INF] Executing OkObjectResult, writing value of type 'System.Collections.Generic.List`1[[api.DTOs.QuizDto, api, Version=1.0.0.0, Culture=neutral, PublicKeyToken=null]]'.
2025-11-10 12:02:19.810 +01:00 [INF] Executed action api.Controllers.TakeQuizApiController.GetAllQuizzes (api) in 12.1787ms
2025-11-10 12:02:19.811 +01:00 [INF] Executed endpoint 'api.Controllers.TakeQuizApiController.GetAllQuizzes (api)'
2025-11-10 12:02:19.812 +01:00 [INF] Request finished HTTP/1.1 GET http://localhost:5082/api/takequizapi/takequizlist - 200 284 application/json; charset=utf-8 18.1534ms
2025-11-10 12:02:19.846 +01:00 [INF] Request starting HTTP/1.1 GET http://localhost:5082/api/takequizapi/takequizlist - application/json null
2025-11-10 12:02:19.848 +01:00 [INF] CORS policy execution successful.
2025-11-10 12:02:19.849 +01:00 [INF] Executing endpoint 'api.Controllers.TakeQuizApiController.GetAllQuizzes (api)'
2025-11-10 12:02:19.849 +01:00 [INF] Route matched with {action = "GetAllQuizzes", controller = "TakeQuizApi"}. Executing controller action with signature System.Threading.Tasks.Task`1[Microsoft.AspNetCore.Mvc.IActionResult] GetAllQuizzes() on controller api.Controllers.TakeQuizApiController (api).
2025-11-10 12:02:19.856 +01:00 [INF] Executing OkObjectResult, writing value of type 'System.Collections.Generic.List`1[[api.DTOs.QuizDto, api, Version=1.0.0.0, Culture=neutral, PublicKeyToken=null]]'.
2025-11-10 12:02:19.859 +01:00 [INF] Executed action api.Controllers.TakeQuizApiController.GetAllQuizzes (api) in 9.2307ms
2025-11-10 12:02:19.859 +01:00 [INF] Executed endpoint 'api.Controllers.TakeQuizApiController.GetAllQuizzes (api)'
2025-11-10 12:02:19.859 +01:00 [INF] Request finished HTTP/1.1 GET http://localhost:5082/api/takequizapi/takequizlist - 200 284 application/json; charset=utf-8 13.1999ms
2025-11-10 12:02:22.385 +01:00 [INF] Request starting HTTP/1.1 OPTIONS http://localhost:5082/api/takequizapi/attempts/1 - null null
2025-11-10 12:02:22.392 +01:00 [INF] CORS policy execution successful.
2025-11-10 12:02:22.393 +01:00 [INF] Request finished HTTP/1.1 OPTIONS http://localhost:5082/api/takequizapi/attempts/1 - 204 null null 7.9441ms
2025-11-10 12:02:22.464 +01:00 [INF] Request starting HTTP/1.1 GET http://localhost:5082/api/takequizapi/attempts/1 - application/json null
2025-11-10 12:02:22.465 +01:00 [INF] CORS policy execution successful.
2025-11-10 12:02:22.505 +01:00 [INF] Executing endpoint 'api.Controllers.TakeQuizApiController.GetAttempts (api)'
2025-11-10 12:02:22.505 +01:00 [INF] Route matched with {action = "GetAttempts", controller = "TakeQuizApi"}. Executing controller action with signature System.Threading.Tasks.Task`1[Microsoft.AspNetCore.Mvc.IActionResult] GetAttempts(Int32) on controller api.Controllers.TakeQuizApiController (api).
2025-11-10 12:02:22.518 +01:00 [INF] Executing OkObjectResult, writing value of type 'System.Collections.Generic.List`1[[api.DTOs.QuizResultDto, api, Version=1.0.0.0, Culture=neutral, PublicKeyToken=null]]'.
2025-11-10 12:02:22.518 +01:00 [INF] Executed action api.Controllers.TakeQuizApiController.GetAttempts (api) in 12.638ms
2025-11-10 12:02:22.518 +01:00 [INF] Executed endpoint 'api.Controllers.TakeQuizApiController.GetAttempts (api)'
2025-11-10 12:02:22.519 +01:00 [INF] Request finished HTTP/1.1 GET http://localhost:5082/api/takequizapi/attempts/1 - 200 1443 application/json; charset=utf-8 54.2457ms
2025-11-10 12:02:22.725 +01:00 [INF] Request starting HTTP/1.1 GET http://localhost:5082/api/takequizapi/attempts/1 - application/json null
2025-11-10 12:02:22.725 +01:00 [INF] CORS policy execution successful.
2025-11-10 12:02:22.740 +01:00 [INF] Executing endpoint 'api.Controllers.TakeQuizApiController.GetAttempts (api)'
2025-11-10 12:02:22.740 +01:00 [INF] Route matched with {action = "GetAttempts", controller = "TakeQuizApi"}. Executing controller action with signature System.Threading.Tasks.Task`1[Microsoft.AspNetCore.Mvc.IActionResult] GetAttempts(Int32) on controller api.Controllers.TakeQuizApiController (api).
2025-11-10 12:02:22.749 +01:00 [INF] Executing OkObjectResult, writing value of type 'System.Collections.Generic.List`1[[api.DTOs.QuizResultDto, api, Version=1.0.0.0, Culture=neutral, PublicKeyToken=null]]'.
2025-11-10 12:02:22.750 +01:00 [INF] Executed action api.Controllers.TakeQuizApiController.GetAttempts (api) in 9.3401ms
2025-11-10 12:02:22.750 +01:00 [INF] Executed endpoint 'api.Controllers.TakeQuizApiController.GetAttempts (api)'
2025-11-10 12:02:22.750 +01:00 [INF] Request finished HTTP/1.1 GET http://localhost:5082/api/takequizapi/attempts/1 - 200 1443 application/json; charset=utf-8 25.7575ms
2025-11-10 12:02:31.354 +01:00 [INF] Request starting HTTP/1.1 OPTIONS http://localhost:5082/api/takequizapi/takequizlist - null null
2025-11-10 12:02:31.355 +01:00 [INF] CORS policy execution successful.
2025-11-10 12:02:31.355 +01:00 [INF] Request finished HTTP/1.1 OPTIONS http://localhost:5082/api/takequizapi/takequizlist - 204 null null 1.0583ms
2025-11-10 12:02:31.356 +01:00 [INF] Request starting HTTP/1.1 OPTIONS http://localhost:5082/api/takequizapi/takequizlist - null null
2025-11-10 12:02:31.357 +01:00 [INF] CORS policy execution successful.
2025-11-10 12:02:31.357 +01:00 [INF] Request finished HTTP/1.1 OPTIONS http://localhost:5082/api/takequizapi/takequizlist - 204 null null 0.3649ms
2025-11-10 12:02:31.383 +01:00 [INF] Request starting HTTP/1.1 GET http://localhost:5082/api/takequizapi/takequizlist - application/json null
2025-11-10 12:02:31.383 +01:00 [INF] CORS policy execution successful.
2025-11-10 12:02:31.394 +01:00 [INF] Executing endpoint 'api.Controllers.TakeQuizApiController.GetAllQuizzes (api)'
2025-11-10 12:02:31.395 +01:00 [INF] Route matched with {action = "GetAllQuizzes", controller = "TakeQuizApi"}. Executing controller action with signature System.Threading.Tasks.Task`1[Microsoft.AspNetCore.Mvc.IActionResult] GetAllQuizzes() on controller api.Controllers.TakeQuizApiController (api).
2025-11-10 12:02:31.402 +01:00 [INF] Executing OkObjectResult, writing value of type 'System.Collections.Generic.List`1[[api.DTOs.QuizDto, api, Version=1.0.0.0, Culture=neutral, PublicKeyToken=null]]'.
2025-11-10 12:02:31.402 +01:00 [INF] Executed action api.Controllers.TakeQuizApiController.GetAllQuizzes (api) in 7.3009ms
2025-11-10 12:02:31.402 +01:00 [INF] Executed endpoint 'api.Controllers.TakeQuizApiController.GetAllQuizzes (api)'
2025-11-10 12:02:31.403 +01:00 [INF] Request finished HTTP/1.1 GET http://localhost:5082/api/takequizapi/takequizlist - 200 284 application/json; charset=utf-8 19.8044ms
2025-11-10 12:02:31.434 +01:00 [INF] Request starting HTTP/1.1 GET http://localhost:5082/api/takequizapi/takequizlist - application/json null
2025-11-10 12:02:31.434 +01:00 [INF] CORS policy execution successful.
2025-11-10 12:02:31.435 +01:00 [INF] Executing endpoint 'api.Controllers.TakeQuizApiController.GetAllQuizzes (api)'
2025-11-10 12:02:31.435 +01:00 [INF] Route matched with {action = "GetAllQuizzes", controller = "TakeQuizApi"}. Executing controller action with signature System.Threading.Tasks.Task`1[Microsoft.AspNetCore.Mvc.IActionResult] GetAllQuizzes() on controller api.Controllers.TakeQuizApiController (api).
2025-11-10 12:02:31.483 +01:00 [INF] Executing OkObjectResult, writing value of type 'System.Collections.Generic.List`1[[api.DTOs.QuizDto, api, Version=1.0.0.0, Culture=neutral, PublicKeyToken=null]]'.
2025-11-10 12:02:31.483 +01:00 [INF] Executed action api.Controllers.TakeQuizApiController.GetAllQuizzes (api) in 47.9044ms
2025-11-10 12:02:31.484 +01:00 [INF] Executed endpoint 'api.Controllers.TakeQuizApiController.GetAllQuizzes (api)'
2025-11-10 12:02:31.484 +01:00 [INF] Request finished HTTP/1.1 GET http://localhost:5082/api/takequizapi/takequizlist - 200 284 application/json; charset=utf-8 49.7367ms
2025-11-10 12:02:33.133 +01:00 [INF] Request starting HTTP/1.1 OPTIONS http://localhost:5082/api/takequizapi/1 - null null
2025-11-10 12:02:33.133 +01:00 [INF] CORS policy execution successful.
2025-11-10 12:02:33.133 +01:00 [INF] Request finished HTTP/1.1 OPTIONS http://localhost:5082/api/takequizapi/1 - 204 null null 0.7439ms
2025-11-10 12:02:33.135 +01:00 [INF] Request starting HTTP/1.1 OPTIONS http://localhost:5082/api/takequizapi/1 - null null
2025-11-10 12:02:33.135 +01:00 [INF] CORS policy execution successful.
2025-11-10 12:02:33.137 +01:00 [INF] Request finished HTTP/1.1 OPTIONS http://localhost:5082/api/takequizapi/1 - 204 null null 0.654ms
2025-11-10 12:02:33.152 +01:00 [INF] Request starting HTTP/1.1 GET http://localhost:5082/api/takequizapi/1 - application/json null
2025-11-10 12:02:33.152 +01:00 [INF] CORS policy execution successful.
2025-11-10 12:02:33.153 +01:00 [INF] Executing endpoint 'api.Controllers.TakeQuizApiController.GetQuiz (api)'
2025-11-10 12:02:33.154 +01:00 [INF] Route matched with {action = "GetQuiz", controller = "TakeQuizApi"}. Executing controller action with signature System.Threading.Tasks.Task`1[Microsoft.AspNetCore.Mvc.IActionResult] GetQuiz(Int32) on controller api.Controllers.TakeQuizApiController (api).
2025-11-10 12:02:33.164 +01:00 [INF] Executing OkObjectResult, writing value of type 'api.DTOs.QuizDto'.
2025-11-10 12:02:33.164 +01:00 [INF] Executed action api.Controllers.TakeQuizApiController.GetQuiz (api) in 10.0444ms
2025-11-10 12:02:33.165 +01:00 [INF] Executed endpoint 'api.Controllers.TakeQuizApiController.GetQuiz (api)'
2025-11-10 12:02:33.165 +01:00 [INF] Request finished HTTP/1.1 GET http://localhost:5082/api/takequizapi/1 - 200 1067 application/json; charset=utf-8 12.9998ms
2025-11-10 12:02:33.206 +01:00 [INF] Request starting HTTP/1.1 GET http://localhost:5082/api/takequizapi/1 - application/json null
2025-11-10 12:02:33.207 +01:00 [INF] CORS policy execution successful.
2025-11-10 12:02:33.208 +01:00 [INF] Executing endpoint 'api.Controllers.TakeQuizApiController.GetQuiz (api)'
2025-11-10 12:02:33.208 +01:00 [INF] Route matched with {action = "GetQuiz", controller = "TakeQuizApi"}. Executing controller action with signature System.Threading.Tasks.Task`1[Microsoft.AspNetCore.Mvc.IActionResult] GetQuiz(Int32) on controller api.Controllers.TakeQuizApiController (api).
2025-11-10 12:02:33.219 +01:00 [INF] Executing OkObjectResult, writing value of type 'api.DTOs.QuizDto'.
2025-11-10 12:02:33.220 +01:00 [INF] Executed action api.Controllers.TakeQuizApiController.GetQuiz (api) in 12.0028ms
2025-11-10 12:02:33.220 +01:00 [INF] Executed endpoint 'api.Controllers.TakeQuizApiController.GetQuiz (api)'
2025-11-10 12:02:33.220 +01:00 [INF] Request finished HTTP/1.1 GET http://localhost:5082/api/takequizapi/1 - 200 1067 application/json; charset=utf-8 13.9732ms
2025-11-10 12:02:36.500 +01:00 [INF] Request starting HTTP/1.1 OPTIONS http://localhost:5082/api/takequizapi/submit - null null
2025-11-10 12:02:36.501 +01:00 [INF] CORS policy execution successful.
2025-11-10 12:02:36.501 +01:00 [INF] Request finished HTTP/1.1 OPTIONS http://localhost:5082/api/takequizapi/submit - 204 null null 1.3326ms
2025-11-10 12:02:36.505 +01:00 [INF] Request starting HTTP/1.1 POST http://localhost:5082/api/takequizapi/submit - application/json 82
2025-11-10 12:02:36.505 +01:00 [INF] CORS policy execution successful.
2025-11-10 12:02:36.506 +01:00 [INF] Executing endpoint 'api.Controllers.TakeQuizApiController.Submit (api)'
2025-11-10 12:02:36.506 +01:00 [INF] Route matched with {action = "Submit", controller = "TakeQuizApi"}. Executing controller action with signature System.Threading.Tasks.Task`1[Microsoft.AspNetCore.Mvc.IActionResult] Submit(api.DTOs.QuizSubmissionDto) on controller api.Controllers.TakeQuizApiController (api).
2025-11-10 12:02:36.515 +01:00 [INF] Executing OkObjectResult, writing value of type '<>f__AnonymousType3`1[[System.Int32, System.Private.CoreLib, Version=8.0.0.0, Culture=neutral, PublicKeyToken=7cec85d7bea7798e]]'.
2025-11-10 12:02:36.516 +01:00 [INF] Executed action api.Controllers.TakeQuizApiController.Submit (api) in 9.6352ms
2025-11-10 12:02:36.516 +01:00 [INF] Executed endpoint 'api.Controllers.TakeQuizApiController.Submit (api)'
2025-11-10 12:02:36.516 +01:00 [INF] Request finished HTTP/1.1 POST http://localhost:5082/api/takequizapi/submit - 200 11 application/json; charset=utf-8 11.871ms
2025-11-10 12:02:38.282 +01:00 [INF] Request starting HTTP/1.1 OPTIONS http://localhost:5082/api/takequizapi/saveattempt - null null
2025-11-10 12:02:38.282 +01:00 [INF] CORS policy execution successful.
2025-11-10 12:02:38.283 +01:00 [INF] Request finished HTTP/1.1 OPTIONS http://localhost:5082/api/takequizapi/saveattempt - 204 null null 1.1856ms
2025-11-10 12:02:38.287 +01:00 [INF] Request starting HTTP/1.1 POST http://localhost:5082/api/takequizapi/saveattempt - application/json 22
2025-11-10 12:02:38.288 +01:00 [INF] CORS policy execution successful.
2025-11-10 12:02:38.292 +01:00 [INF] Executing endpoint 'api.Controllers.TakeQuizApiController.SaveAttempt (api)'
2025-11-10 12:02:38.293 +01:00 [INF] Route matched with {action = "SaveAttempt", controller = "TakeQuizApi"}. Executing controller action with signature System.Threading.Tasks.Task`1[Microsoft.AspNetCore.Mvc.IActionResult] SaveAttempt(api.DTOs.QuizResultDto) on controller api.Controllers.TakeQuizApiController (api).
2025-11-10 12:02:38.302 +01:00 [INF] Executing UnauthorizedObjectResult, writing value of type 'System.String'.
2025-11-10 12:02:38.303 +01:00 [INF] Executed action api.Controllers.TakeQuizApiController.SaveAttempt (api) in 9.5298ms
2025-11-10 12:02:38.303 +01:00 [INF] Executed endpoint 'api.Controllers.TakeQuizApiController.SaveAttempt (api)'
2025-11-10 12:02:38.304 +01:00 [INF] Request finished HTTP/1.1 POST http://localhost:5082/api/takequizapi/saveattempt - 401 null text/plain; charset=utf-8 16.4798ms
2025-11-10 12:16:40.188 +01:00 [INF] Request starting HTTP/1.1 OPTIONS http://localhost:5082/api/Auth/login - null null
2025-11-10 12:16:40.208 +01:00 [INF] CORS policy execution successful.
2025-11-10 12:16:40.217 +01:00 [INF] Request finished HTTP/1.1 OPTIONS http://localhost:5082/api/Auth/login - 204 null null 30.2119ms
2025-11-10 12:16:40.221 +01:00 [INF] Request starting HTTP/1.1 POST http://localhost:5082/api/Auth/login - application/json 46
2025-11-10 12:16:40.224 +01:00 [INF] CORS policy execution successful.
2025-11-10 12:16:40.244 +01:00 [INF] Executing endpoint 'api.Controllers.AuthController.Login (api)'
2025-11-10 12:16:40.258 +01:00 [INF] Route matched with {action = "Login", controller = "Auth"}. Executing controller action with signature System.Threading.Tasks.Task`1[Microsoft.AspNetCore.Mvc.IActionResult] Login(api.DTOs.LoginDto) on controller api.Controllers.AuthController (api).
2025-11-10 12:16:40.582 +01:00 [INF] [AuthController] JWT token created for ola with roles Teacher
2025-11-10 12:16:40.588 +01:00 [INF] [AuthController] user authorised for ola
2025-11-10 12:16:40.589 +01:00 [INF] Executing OkObjectResult, writing value of type '<>f__AnonymousType1`1[[System.String, System.Private.CoreLib, Version=8.0.0.0, Culture=neutral, PublicKeyToken=7cec85d7bea7798e]]'.
2025-11-10 12:16:40.590 +01:00 [INF] Executed action api.Controllers.AuthController.Login (api) in 329.1277ms
2025-11-10 12:16:40.590 +01:00 [INF] Executed endpoint 'api.Controllers.AuthController.Login (api)'
2025-11-10 12:16:40.593 +01:00 [INF] Request finished HTTP/1.1 POST http://localhost:5082/api/Auth/login - 200 572 application/json; charset=utf-8 372.1748ms
2025-11-10 12:16:52.188 +01:00 [INF] Request starting HTTP/1.1 OPTIONS http://localhost:5082/api/Auth/login - null null
2025-11-10 12:16:52.190 +01:00 [INF] CORS policy execution successful.
2025-11-10 12:16:52.190 +01:00 [INF] Request finished HTTP/1.1 OPTIONS http://localhost:5082/api/Auth/login - 204 null null 2.2148ms
2025-11-10 12:16:52.197 +01:00 [INF] Request starting HTTP/1.1 POST http://localhost:5082/api/Auth/login - application/json 46
2025-11-10 12:16:52.198 +01:00 [INF] CORS policy execution successful.
2025-11-10 12:16:52.198 +01:00 [INF] Executing endpoint 'api.Controllers.AuthController.Login (api)'
2025-11-10 12:16:52.198 +01:00 [INF] Route matched with {action = "Login", controller = "Auth"}. Executing controller action with signature System.Threading.Tasks.Task`1[Microsoft.AspNetCore.Mvc.IActionResult] Login(api.DTOs.LoginDto) on controller api.Controllers.AuthController (api).
2025-11-10 12:16:52.324 +01:00 [INF] [AuthController] JWT token created for ola with roles Teacher
2025-11-10 12:16:52.325 +01:00 [INF] [AuthController] user authorised for ola
2025-11-10 12:16:52.325 +01:00 [INF] Executing OkObjectResult, writing value of type '<>f__AnonymousType1`1[[System.String, System.Private.CoreLib, Version=8.0.0.0, Culture=neutral, PublicKeyToken=7cec85d7bea7798e]]'.
2025-11-10 12:16:52.325 +01:00 [INF] Executed action api.Controllers.AuthController.Login (api) in 126.7998ms
2025-11-10 12:16:52.325 +01:00 [INF] Executed endpoint 'api.Controllers.AuthController.Login (api)'
2025-11-10 12:16:52.325 +01:00 [INF] Request finished HTTP/1.1 POST http://localhost:5082/api/Auth/login - 200 572 application/json; charset=utf-8 128.154ms
2025-11-10 12:17:05.098 +01:00 [INF] Request starting HTTP/1.1 OPTIONS http://localhost:5082/api/Auth/login - null null
2025-11-10 12:17:05.098 +01:00 [INF] CORS policy execution successful.
2025-11-10 12:17:05.098 +01:00 [INF] Request finished HTTP/1.1 OPTIONS http://localhost:5082/api/Auth/login - 204 null null 0.2386ms
2025-11-10 12:17:05.101 +01:00 [INF] Request starting HTTP/1.1 POST http://localhost:5082/api/Auth/login - application/json 46
2025-11-10 12:17:05.101 +01:00 [INF] CORS policy execution successful.
2025-11-10 12:17:05.102 +01:00 [INF] Executing endpoint 'api.Controllers.AuthController.Login (api)'
2025-11-10 12:17:05.103 +01:00 [INF] Route matched with {action = "Login", controller = "Auth"}. Executing controller action with signature System.Threading.Tasks.Task`1[Microsoft.AspNetCore.Mvc.IActionResult] Login(api.DTOs.LoginDto) on controller api.Controllers.AuthController (api).
2025-11-10 12:17:05.197 +01:00 [INF] [AuthController] JWT token created for ida with roles Student
2025-11-10 12:17:05.197 +01:00 [INF] [AuthController] user authorised for ida
2025-11-10 12:17:05.197 +01:00 [INF] Executing OkObjectResult, writing value of type '<>f__AnonymousType1`1[[System.String, System.Private.CoreLib, Version=8.0.0.0, Culture=neutral, PublicKeyToken=7cec85d7bea7798e]]'.
2025-11-10 12:17:05.197 +01:00 [INF] Executed action api.Controllers.AuthController.Login (api) in 94.2164ms
2025-11-10 12:17:05.198 +01:00 [INF] Executed endpoint 'api.Controllers.AuthController.Login (api)'
2025-11-10 12:17:05.198 +01:00 [INF] Request finished HTTP/1.1 POST http://localhost:5082/api/Auth/login - 200 572 application/json; charset=utf-8 97.0974ms
2025-11-10 12:17:49.765 +01:00 [INF] Request starting HTTP/1.1 OPTIONS http://localhost:5082/api/Auth/register - null null
2025-11-10 12:17:49.765 +01:00 [INF] CORS policy execution successful.
2025-11-10 12:17:49.766 +01:00 [INF] Request finished HTTP/1.1 OPTIONS http://localhost:5082/api/Auth/register - 204 null null 0.9026ms
2025-11-10 12:17:49.769 +01:00 [INF] Request starting HTTP/1.1 POST http://localhost:5082/api/Auth/register - application/json 87
2025-11-10 12:17:49.771 +01:00 [INF] CORS policy execution successful.
2025-11-10 12:17:49.773 +01:00 [INF] Executing endpoint 'api.Controllers.AuthController.Register (api)'
2025-11-10 12:17:49.817 +01:00 [INF] Route matched with {action = "Register", controller = "Auth"}. Executing controller action with signature System.Threading.Tasks.Task`1[Microsoft.AspNetCore.Mvc.IActionResult] Register(api.DTOs.RegisterDto) on controller api.Controllers.AuthController (api).
2025-11-10 12:17:50.256 +01:00 [INF] [AuthController] user ole registered with role Teacher
2025-11-10 12:17:50.257 +01:00 [INF] Executing OkObjectResult, writing value of type '<>f__AnonymousType0`1[[System.String, System.Private.CoreLib, Version=8.0.0.0, Culture=neutral, PublicKeyToken=7cec85d7bea7798e]]'.
2025-11-10 12:17:50.260 +01:00 [INF] Executed action api.Controllers.AuthController.Register (api) in 442.6665ms
2025-11-10 12:17:50.260 +01:00 [INF] Executed endpoint 'api.Controllers.AuthController.Register (api)'
2025-11-10 12:17:50.260 +01:00 [INF] Request finished HTTP/1.1 POST http://localhost:5082/api/Auth/register - 200 53 application/json; charset=utf-8 490.7849ms
2025-11-10 12:18:00.067 +01:00 [INF] Request starting HTTP/1.1 OPTIONS http://localhost:5082/api/Auth/login - null null
2025-11-10 12:18:00.067 +01:00 [INF] CORS policy execution successful.
2025-11-10 12:18:00.067 +01:00 [INF] Request finished HTTP/1.1 OPTIONS http://localhost:5082/api/Auth/login - 204 null null 0.2888ms
2025-11-10 12:18:00.070 +01:00 [INF] Request starting HTTP/1.1 POST http://localhost:5082/api/Auth/login - application/json 46
2025-11-10 12:18:00.070 +01:00 [INF] CORS policy execution successful.
2025-11-10 12:18:00.071 +01:00 [INF] Executing endpoint 'api.Controllers.AuthController.Login (api)'
2025-11-10 12:18:00.071 +01:00 [INF] Route matched with {action = "Login", controller = "Auth"}. Executing controller action with signature System.Threading.Tasks.Task`1[Microsoft.AspNetCore.Mvc.IActionResult] Login(api.DTOs.LoginDto) on controller api.Controllers.AuthController (api).
2025-11-10 12:18:00.209 +01:00 [INF] [AuthController] JWT token created for ole with roles Teacher
2025-11-10 12:18:00.209 +01:00 [INF] [AuthController] user authorised for ole
2025-11-10 12:18:00.209 +01:00 [INF] Executing OkObjectResult, writing value of type '<>f__AnonymousType1`1[[System.String, System.Private.CoreLib, Version=8.0.0.0, Culture=neutral, PublicKeyToken=7cec85d7bea7798e]]'.
2025-11-10 12:18:00.209 +01:00 [INF] Executed action api.Controllers.AuthController.Login (api) in 138.5013ms
2025-11-10 12:18:00.209 +01:00 [INF] Executed endpoint 'api.Controllers.AuthController.Login (api)'
2025-11-10 12:18:00.210 +01:00 [INF] Request finished HTTP/1.1 POST http://localhost:5082/api/Auth/login - 200 572 application/json; charset=utf-8 140.1722ms
2025-11-10 12:18:17.462 +01:00 [INF] Request starting HTTP/1.1 OPTIONS http://localhost:5082/api/Auth/login - null null
2025-11-10 12:18:17.463 +01:00 [INF] CORS policy execution successful.
2025-11-10 12:18:17.463 +01:00 [INF] Request finished HTTP/1.1 OPTIONS http://localhost:5082/api/Auth/login - 204 null null 0.3597ms
2025-11-10 12:18:17.464 +01:00 [INF] Request starting HTTP/1.1 POST http://localhost:5082/api/Auth/login - application/json 46
2025-11-10 12:18:17.464 +01:00 [INF] CORS policy execution successful.
2025-11-10 12:18:17.464 +01:00 [INF] Executing endpoint 'api.Controllers.AuthController.Login (api)'
2025-11-10 12:18:17.464 +01:00 [INF] Route matched with {action = "Login", controller = "Auth"}. Executing controller action with signature System.Threading.Tasks.Task`1[Microsoft.AspNetCore.Mvc.IActionResult] Login(api.DTOs.LoginDto) on controller api.Controllers.AuthController (api).
2025-11-10 12:18:17.582 +01:00 [INF] [AuthController] JWT token created for ole with roles Teacher
2025-11-10 12:18:17.583 +01:00 [INF] [AuthController] user authorised for ole
2025-11-10 12:18:17.583 +01:00 [INF] Executing OkObjectResult, writing value of type '<>f__AnonymousType1`1[[System.String, System.Private.CoreLib, Version=8.0.0.0, Culture=neutral, PublicKeyToken=7cec85d7bea7798e]]'.
2025-11-10 12:18:17.584 +01:00 [INF] Executed action api.Controllers.AuthController.Login (api) in 119.1981ms
2025-11-10 12:18:17.584 +01:00 [INF] Executed endpoint 'api.Controllers.AuthController.Login (api)'
2025-11-10 12:18:17.584 +01:00 [INF] Request finished HTTP/1.1 POST http://localhost:5082/api/Auth/login - 200 572 application/json; charset=utf-8 119.9135ms
2025-11-10 12:20:21.374 +01:00 [INF] Application is shutting down...
