2025-11-13 21:39:32.728 +01:00 [INF] User profile is available. Using 'C:\Users\Admin\AppData\Local\ASP.NET\DataProtection-Keys' as key repository and Windows DPAPI to encrypt keys at rest.
2025-11-13 21:39:32.843 +01:00 [INF] Now listening on: http://localhost:5082
2025-11-13 21:39:32.847 +01:00 [INF] Application started. Press Ctrl+C to shut down.
2025-11-13 21:39:32.848 +01:00 [INF] Hosting environment: Development
2025-11-13 21:39:32.848 +01:00 [INF] Content root path: C:\Users\Admin\OneDrive - OsloMet\FinalExamITPE3200\EXAMFAM\api
2025-11-13 21:39:50.834 +01:00 [INF] Request starting HTTP/1.1 GET http://localhost:5082/api/quizapi/quizlist - null null
2025-11-13 21:39:50.906 +01:00 [INF] CORS policy execution successful.
2025-11-13 21:39:50.958 +01:00 [INF] Executing endpoint 'api.Controllers.QuizAPIController.QuizList (api)'
2025-11-13 21:39:50.983 +01:00 [INF] Route matched with {action = "QuizList", controller = "QuizAPI"}. Executing controller action with signature System.Threading.Tasks.Task`1[Microsoft.AspNetCore.Mvc.IActionResult] QuizList() on controller api.Controllers.QuizAPIController (api).
2025-11-13 21:39:51.306 +01:00 [WRN] Compiling a query which loads related collections for more than one collection navigation, either via 'Include' or through projection, but no 'QuerySplittingBehavior' has been configured. By default, Entity Framework will use 'QuerySplittingBehavior.SingleQuery', which can potentially result in slow query performance. See https://go.microsoft.com/fwlink/?linkid=2134277 for more information. To identify the query that's triggering this warning call 'ConfigureWarnings(w => w.Throw(RelationalEventId.MultipleCollectionIncludeWarning))'.
2025-11-13 21:39:51.483 +01:00 [INF] Executing OkObjectResult, writing value of type 'System.Linq.Enumerable+SelectListIterator`2[[api.Models.Quiz, api, Version=1.0.0.0, Culture=neutral, PublicKeyToken=null],[api.DTOs.QuizDto, api, Version=1.0.0.0, Culture=neutral, PublicKeyToken=null]]'.
2025-11-13 21:39:51.630 +01:00 [INF] Executed action api.Controllers.QuizAPIController.QuizList (api) in 635.5347ms
2025-11-13 21:39:51.632 +01:00 [INF] Executed endpoint 'api.Controllers.QuizAPIController.QuizList (api)'
2025-11-13 21:39:51.639 +01:00 [INF] Request finished HTTP/1.1 GET http://localhost:5082/api/quizapi/quizlist - 200 377 application/json; charset=utf-8 807.7938ms
2025-11-13 21:39:51.643 +01:00 [INF] Request starting HTTP/1.1 GET http://localhost:5082/api/quizapi/quizlist - null null
2025-11-13 21:39:51.648 +01:00 [INF] CORS policy execution successful.
2025-11-13 21:39:51.650 +01:00 [INF] Executing endpoint 'api.Controllers.QuizAPIController.QuizList (api)'
2025-11-13 21:39:51.650 +01:00 [INF] Route matched with {action = "QuizList", controller = "QuizAPI"}. Executing controller action with signature System.Threading.Tasks.Task`1[Microsoft.AspNetCore.Mvc.IActionResult] QuizList() on controller api.Controllers.QuizAPIController (api).
2025-11-13 21:39:51.677 +01:00 [INF] Executing OkObjectResult, writing value of type 'System.Linq.Enumerable+SelectListIterator`2[[api.Models.Quiz, api, Version=1.0.0.0, Culture=neutral, PublicKeyToken=null],[api.DTOs.QuizDto, api, Version=1.0.0.0, Culture=neutral, PublicKeyToken=null]]'.
2025-11-13 21:39:51.678 +01:00 [INF] Executed action api.Controllers.QuizAPIController.QuizList (api) in 27.1347ms
2025-11-13 21:39:51.678 +01:00 [INF] Executed endpoint 'api.Controllers.QuizAPIController.QuizList (api)'
2025-11-13 21:39:51.678 +01:00 [INF] Request finished HTTP/1.1 GET http://localhost:5082/api/quizapi/quizlist - 200 377 application/json; charset=utf-8 34.837ms
2025-11-13 21:39:53.763 +01:00 [INF] Request starting HTTP/1.1 GET http://localhost:5082/api/quizapi/12 - null null
2025-11-13 21:39:53.766 +01:00 [INF] CORS policy execution successful.
2025-11-13 21:39:53.769 +01:00 [INF] Executing endpoint 'api.Controllers.QuizAPIController.GetQuiz (api)'
2025-11-13 21:39:53.783 +01:00 [INF] Route matched with {action = "GetQuiz", controller = "QuizAPI"}. Executing controller action with signature System.Threading.Tasks.Task`1[Microsoft.AspNetCore.Mvc.IActionResult] GetQuiz(Int32) on controller api.Controllers.QuizAPIController (api).
2025-11-13 21:39:53.829 +01:00 [WRN] Compiling a query which loads related collections for more than one collection navigation, either via 'Include' or through projection, but no 'QuerySplittingBehavior' has been configured. By default, Entity Framework will use 'QuerySplittingBehavior.SingleQuery', which can potentially result in slow query performance. See https://go.microsoft.com/fwlink/?linkid=2134277 for more information. To identify the query that's triggering this warning call 'ConfigureWarnings(w => w.Throw(RelationalEventId.MultipleCollectionIncludeWarning))'.
2025-11-13 21:39:53.840 +01:00 [INF] Executing OkObjectResult, writing value of type 'api.Models.Quiz'.
2025-11-13 21:39:53.855 +01:00 [INF] Executed action api.Controllers.QuizAPIController.GetQuiz (api) in 71.729ms
2025-11-13 21:39:53.855 +01:00 [INF] Executed endpoint 'api.Controllers.QuizAPIController.GetQuiz (api)'
2025-11-13 21:39:53.855 +01:00 [INF] Request finished HTTP/1.1 GET http://localhost:5082/api/quizapi/12 - 200 1158 application/json; charset=utf-8 92.0293ms
2025-11-13 21:39:53.859 +01:00 [INF] Request starting HTTP/1.1 GET http://localhost:5082/api/quizapi/12 - null null
2025-11-13 21:39:53.860 +01:00 [INF] CORS policy execution successful.
2025-11-13 21:39:53.860 +01:00 [INF] Executing endpoint 'api.Controllers.QuizAPIController.GetQuiz (api)'
2025-11-13 21:39:53.860 +01:00 [INF] Route matched with {action = "GetQuiz", controller = "QuizAPI"}. Executing controller action with signature System.Threading.Tasks.Task`1[Microsoft.AspNetCore.Mvc.IActionResult] GetQuiz(Int32) on controller api.Controllers.QuizAPIController (api).
2025-11-13 21:39:53.867 +01:00 [INF] Executing OkObjectResult, writing value of type 'api.Models.Quiz'.
2025-11-13 21:39:53.868 +01:00 [INF] Executed action api.Controllers.QuizAPIController.GetQuiz (api) in 7.4986ms
2025-11-13 21:39:53.868 +01:00 [INF] Executed endpoint 'api.Controllers.QuizAPIController.GetQuiz (api)'
2025-11-13 21:39:53.869 +01:00 [INF] Request finished HTTP/1.1 GET http://localhost:5082/api/quizapi/12 - 200 1158 application/json; charset=utf-8 9.827ms
2025-11-13 21:39:53.873 +01:00 [INF] Request starting HTTP/1.1 GET http://localhost:5082/images/China.png - null null
2025-11-13 21:39:53.891 +01:00 [INF] The file /images/China.png was not modified
2025-11-13 21:39:53.892 +01:00 [INF] Request finished HTTP/1.1 GET http://localhost:5082/images/China.png - 304 null image/png 19.7438ms
2025-11-13 21:39:56.515 +01:00 [INF] Request starting HTTP/1.1 GET http://localhost:5082/api/quizapi/quizlist - null null
2025-11-13 21:39:56.515 +01:00 [INF] CORS policy execution successful.
2025-11-13 21:39:56.516 +01:00 [INF] Executing endpoint 'api.Controllers.QuizAPIController.QuizList (api)'
2025-11-13 21:39:56.516 +01:00 [INF] Route matched with {action = "QuizList", controller = "QuizAPI"}. Executing controller action with signature System.Threading.Tasks.Task`1[Microsoft.AspNetCore.Mvc.IActionResult] QuizList() on controller api.Controllers.QuizAPIController (api).
2025-11-13 21:39:56.521 +01:00 [INF] Executing OkObjectResult, writing value of type 'System.Linq.Enumerable+SelectListIterator`2[[api.Models.Quiz, api, Version=1.0.0.0, Culture=neutral, PublicKeyToken=null],[api.DTOs.QuizDto, api, Version=1.0.0.0, Culture=neutral, PublicKeyToken=null]]'.
2025-11-13 21:39:56.522 +01:00 [INF] Executed action api.Controllers.QuizAPIController.QuizList (api) in 6.6008ms
2025-11-13 21:39:56.523 +01:00 [INF] Executed endpoint 'api.Controllers.QuizAPIController.QuizList (api)'
2025-11-13 21:39:56.523 +01:00 [INF] Request finished HTTP/1.1 GET http://localhost:5082/api/quizapi/quizlist - 200 377 application/json; charset=utf-8 8.2562ms
2025-11-13 21:39:56.525 +01:00 [INF] Request starting HTTP/1.1 GET http://localhost:5082/api/quizapi/quizlist - null null
2025-11-13 21:39:56.525 +01:00 [INF] CORS policy execution successful.
2025-11-13 21:39:56.525 +01:00 [INF] Executing endpoint 'api.Controllers.QuizAPIController.QuizList (api)'
2025-11-13 21:39:56.525 +01:00 [INF] Route matched with {action = "QuizList", controller = "QuizAPI"}. Executing controller action with signature System.Threading.Tasks.Task`1[Microsoft.AspNetCore.Mvc.IActionResult] QuizList() on controller api.Controllers.QuizAPIController (api).
2025-11-13 21:39:56.532 +01:00 [INF] Executing OkObjectResult, writing value of type 'System.Linq.Enumerable+SelectListIterator`2[[api.Models.Quiz, api, Version=1.0.0.0, Culture=neutral, PublicKeyToken=null],[api.DTOs.QuizDto, api, Version=1.0.0.0, Culture=neutral, PublicKeyToken=null]]'.
2025-11-13 21:39:56.532 +01:00 [INF] Executed action api.Controllers.QuizAPIController.QuizList (api) in 6.5663ms
2025-11-13 21:39:56.532 +01:00 [INF] Executed endpoint 'api.Controllers.QuizAPIController.QuizList (api)'
2025-11-13 21:39:56.533 +01:00 [INF] Request finished HTTP/1.1 GET http://localhost:5082/api/quizapi/quizlist - 200 377 application/json; charset=utf-8 7.8301ms
2025-11-13 21:39:57.526 +01:00 [INF] Request starting HTTP/1.1 GET http://localhost:5082/api/quizapi/11 - null null
2025-11-13 21:39:57.526 +01:00 [INF] CORS policy execution successful.
2025-11-13 21:39:57.527 +01:00 [INF] Executing endpoint 'api.Controllers.QuizAPIController.GetQuiz (api)'
2025-11-13 21:39:57.527 +01:00 [INF] Route matched with {action = "GetQuiz", controller = "QuizAPI"}. Executing controller action with signature System.Threading.Tasks.Task`1[Microsoft.AspNetCore.Mvc.IActionResult] GetQuiz(Int32) on controller api.Controllers.QuizAPIController (api).
2025-11-13 21:39:57.529 +01:00 [INF] Executing OkObjectResult, writing value of type 'api.Models.Quiz'.
2025-11-13 21:39:57.530 +01:00 [INF] Executed action api.Controllers.QuizAPIController.GetQuiz (api) in 3.415ms
2025-11-13 21:39:57.530 +01:00 [INF] Executed endpoint 'api.Controllers.QuizAPIController.GetQuiz (api)'
2025-11-13 21:39:57.531 +01:00 [INF] Request finished HTTP/1.1 GET http://localhost:5082/api/quizapi/11 - 200 1712 application/json; charset=utf-8 4.5975ms
2025-11-13 21:39:57.533 +01:00 [INF] Request starting HTTP/1.1 GET http://localhost:5082/api/quizapi/11 - null null
2025-11-13 21:39:57.533 +01:00 [INF] CORS policy execution successful.
2025-11-13 21:39:57.533 +01:00 [INF] Executing endpoint 'api.Controllers.QuizAPIController.GetQuiz (api)'
2025-11-13 21:39:57.533 +01:00 [INF] Route matched with {action = "GetQuiz", controller = "QuizAPI"}. Executing controller action with signature System.Threading.Tasks.Task`1[Microsoft.AspNetCore.Mvc.IActionResult] GetQuiz(Int32) on controller api.Controllers.QuizAPIController (api).
2025-11-13 21:39:57.536 +01:00 [INF] Executing OkObjectResult, writing value of type 'api.Models.Quiz'.
2025-11-13 21:39:57.537 +01:00 [INF] Executed action api.Controllers.QuizAPIController.GetQuiz (api) in 2.9425ms
2025-11-13 21:39:57.537 +01:00 [INF] Executed endpoint 'api.Controllers.QuizAPIController.GetQuiz (api)'
2025-11-13 21:39:57.537 +01:00 [INF] Request finished HTTP/1.1 GET http://localhost:5082/api/quizapi/11 - 200 1712 application/json; charset=utf-8 4.127ms
2025-11-13 21:39:57.550 +01:00 [INF] Request starting HTTP/1.1 GET http://localhost:5082/images/Spain.png - null null
2025-11-13 21:39:57.550 +01:00 [INF] Request starting HTTP/1.1 GET http://localhost:5082/images/Island.png - null null
2025-11-13 21:39:57.551 +01:00 [INF] Request starting HTTP/1.1 GET http://localhost:5082/images/Brasil.png - null null
2025-11-13 21:39:57.551 +01:00 [INF] Request starting HTTP/1.1 GET http://localhost:5082/images/SouthAfrica.png - null null
2025-11-13 21:39:57.551 +01:00 [INF] The file /images/Brasil.png was not modified
2025-11-13 21:39:57.551 +01:00 [INF] The file /images/Spain.png was not modified
2025-11-13 21:39:57.552 +01:00 [INF] The file /images/Island.png was not modified
2025-11-13 21:39:57.552 +01:00 [INF] Request finished HTTP/1.1 GET http://localhost:5082/images/Spain.png - 304 null image/png 2.2075ms
2025-11-13 21:39:57.552 +01:00 [INF] Request finished HTTP/1.1 GET http://localhost:5082/images/Brasil.png - 304 null image/png 1.2318ms
2025-11-13 21:39:57.552 +01:00 [INF] Request finished HTTP/1.1 GET http://localhost:5082/images/Island.png - 304 null image/png 1.4075ms
2025-11-13 21:39:57.553 +01:00 [INF] The file /images/SouthAfrica.png was not modified
2025-11-13 21:39:57.554 +01:00 [INF] Request finished HTTP/1.1 GET http://localhost:5082/images/SouthAfrica.png - 304 null image/png 2.4153ms
2025-11-13 21:40:00.510 +01:00 [INF] Request starting HTTP/1.1 GET http://localhost:5082/api/quizapi/quizlist - null null
2025-11-13 21:40:00.512 +01:00 [INF] CORS policy execution successful.
2025-11-13 21:40:00.512 +01:00 [INF] Executing endpoint 'api.Controllers.QuizAPIController.QuizList (api)'
2025-11-13 21:40:00.512 +01:00 [INF] Route matched with {action = "QuizList", controller = "QuizAPI"}. Executing controller action with signature System.Threading.Tasks.Task`1[Microsoft.AspNetCore.Mvc.IActionResult] QuizList() on controller api.Controllers.QuizAPIController (api).
2025-11-13 21:40:00.518 +01:00 [INF] Executing OkObjectResult, writing value of type 'System.Linq.Enumerable+SelectListIterator`2[[api.Models.Quiz, api, Version=1.0.0.0, Culture=neutral, PublicKeyToken=null],[api.DTOs.QuizDto, api, Version=1.0.0.0, Culture=neutral, PublicKeyToken=null]]'.
2025-11-13 21:40:00.519 +01:00 [INF] Executed action api.Controllers.QuizAPIController.QuizList (api) in 5.917ms
2025-11-13 21:40:00.519 +01:00 [INF] Executed endpoint 'api.Controllers.QuizAPIController.QuizList (api)'
2025-11-13 21:40:00.519 +01:00 [INF] Request finished HTTP/1.1 GET http://localhost:5082/api/quizapi/quizlist - 200 377 application/json; charset=utf-8 8.7474ms
2025-11-13 21:40:00.522 +01:00 [INF] Request starting HTTP/1.1 GET http://localhost:5082/api/quizapi/quizlist - null null
2025-11-13 21:40:00.522 +01:00 [INF] CORS policy execution successful.
2025-11-13 21:40:00.523 +01:00 [INF] Executing endpoint 'api.Controllers.QuizAPIController.QuizList (api)'
2025-11-13 21:40:00.523 +01:00 [INF] Route matched with {action = "QuizList", controller = "QuizAPI"}. Executing controller action with signature System.Threading.Tasks.Task`1[Microsoft.AspNetCore.Mvc.IActionResult] QuizList() on controller api.Controllers.QuizAPIController (api).
2025-11-13 21:40:00.529 +01:00 [INF] Executing OkObjectResult, writing value of type 'System.Linq.Enumerable+SelectListIterator`2[[api.Models.Quiz, api, Version=1.0.0.0, Culture=neutral, PublicKeyToken=null],[api.DTOs.QuizDto, api, Version=1.0.0.0, Culture=neutral, PublicKeyToken=null]]'.
2025-11-13 21:40:00.529 +01:00 [INF] Executed action api.Controllers.QuizAPIController.QuizList (api) in 6.2519ms
2025-11-13 21:40:00.530 +01:00 [INF] Executed endpoint 'api.Controllers.QuizAPIController.QuizList (api)'
2025-11-13 21:40:00.531 +01:00 [INF] Request finished HTTP/1.1 GET http://localhost:5082/api/quizapi/quizlist - 200 377 application/json; charset=utf-8 9.2662ms
2025-11-13 21:40:01.682 +01:00 [INF] Request starting HTTP/1.1 GET http://localhost:5082/api/quizapi/3 - null null
2025-11-13 21:40:01.682 +01:00 [INF] CORS policy execution successful.
2025-11-13 21:40:01.683 +01:00 [INF] Executing endpoint 'api.Controllers.QuizAPIController.GetQuiz (api)'
2025-11-13 21:40:01.683 +01:00 [INF] Route matched with {action = "GetQuiz", controller = "QuizAPI"}. Executing controller action with signature System.Threading.Tasks.Task`1[Microsoft.AspNetCore.Mvc.IActionResult] GetQuiz(Int32) on controller api.Controllers.QuizAPIController (api).
2025-11-13 21:40:01.687 +01:00 [INF] Executing OkObjectResult, writing value of type 'api.Models.Quiz'.
2025-11-13 21:40:01.688 +01:00 [INF] Executed action api.Controllers.QuizAPIController.GetQuiz (api) in 5.3242ms
2025-11-13 21:40:01.689 +01:00 [INF] Executed endpoint 'api.Controllers.QuizAPIController.GetQuiz (api)'
2025-11-13 21:40:01.689 +01:00 [INF] Request finished HTTP/1.1 GET http://localhost:5082/api/quizapi/3 - 200 1521 application/json; charset=utf-8 6.9541ms
2025-11-13 21:40:01.692 +01:00 [INF] Request starting HTTP/1.1 GET http://localhost:5082/api/quizapi/3 - null null
2025-11-13 21:40:01.693 +01:00 [INF] CORS policy execution successful.
2025-11-13 21:40:01.693 +01:00 [INF] Executing endpoint 'api.Controllers.QuizAPIController.GetQuiz (api)'
2025-11-13 21:40:01.694 +01:00 [INF] Route matched with {action = "GetQuiz", controller = "QuizAPI"}. Executing controller action with signature System.Threading.Tasks.Task`1[Microsoft.AspNetCore.Mvc.IActionResult] GetQuiz(Int32) on controller api.Controllers.QuizAPIController (api).
2025-11-13 21:40:01.698 +01:00 [INF] Executing OkObjectResult, writing value of type 'api.Models.Quiz'.
2025-11-13 21:40:01.698 +01:00 [INF] Executed action api.Controllers.QuizAPIController.GetQuiz (api) in 4.7161ms
2025-11-13 21:40:01.699 +01:00 [INF] Executed endpoint 'api.Controllers.QuizAPIController.GetQuiz (api)'
2025-11-13 21:40:01.699 +01:00 [INF] Request finished HTTP/1.1 GET http://localhost:5082/api/quizapi/3 - 200 1521 application/json; charset=utf-8 6.8954ms
2025-11-13 21:40:03.061 +01:00 [INF] Request starting HTTP/1.1 GET http://localhost:5082/api/quizapi/quizlist - null null
2025-11-13 21:40:03.061 +01:00 [INF] CORS policy execution successful.
2025-11-13 21:40:03.062 +01:00 [INF] Executing endpoint 'api.Controllers.QuizAPIController.QuizList (api)'
2025-11-13 21:40:03.062 +01:00 [INF] Route matched with {action = "QuizList", controller = "QuizAPI"}. Executing controller action with signature System.Threading.Tasks.Task`1[Microsoft.AspNetCore.Mvc.IActionResult] QuizList() on controller api.Controllers.QuizAPIController (api).
2025-11-13 21:40:03.068 +01:00 [INF] Executing OkObjectResult, writing value of type 'System.Linq.Enumerable+SelectListIterator`2[[api.Models.Quiz, api, Version=1.0.0.0, Culture=neutral, PublicKeyToken=null],[api.DTOs.QuizDto, api, Version=1.0.0.0, Culture=neutral, PublicKeyToken=null]]'.
2025-11-13 21:40:03.068 +01:00 [INF] Executed action api.Controllers.QuizAPIController.QuizList (api) in 6.1112ms
2025-11-13 21:40:03.069 +01:00 [INF] Executed endpoint 'api.Controllers.QuizAPIController.QuizList (api)'
2025-11-13 21:40:03.069 +01:00 [INF] Request finished HTTP/1.1 GET http://localhost:5082/api/quizapi/quizlist - 200 377 application/json; charset=utf-8 7.8373ms
2025-11-13 21:40:03.071 +01:00 [INF] Request starting HTTP/1.1 GET http://localhost:5082/api/quizapi/quizlist - null null
2025-11-13 21:40:03.072 +01:00 [INF] CORS policy execution successful.
2025-11-13 21:40:03.072 +01:00 [INF] Executing endpoint 'api.Controllers.QuizAPIController.QuizList (api)'
2025-11-13 21:40:03.073 +01:00 [INF] Route matched with {action = "QuizList", controller = "QuizAPI"}. Executing controller action with signature System.Threading.Tasks.Task`1[Microsoft.AspNetCore.Mvc.IActionResult] QuizList() on controller api.Controllers.QuizAPIController (api).
2025-11-13 21:40:03.078 +01:00 [INF] Executing OkObjectResult, writing value of type 'System.Linq.Enumerable+SelectListIterator`2[[api.Models.Quiz, api, Version=1.0.0.0, Culture=neutral, PublicKeyToken=null],[api.DTOs.QuizDto, api, Version=1.0.0.0, Culture=neutral, PublicKeyToken=null]]'.
2025-11-13 21:40:03.078 +01:00 [INF] Executed action api.Controllers.QuizAPIController.QuizList (api) in 5.3917ms
2025-11-13 21:40:03.078 +01:00 [INF] Executed endpoint 'api.Controllers.QuizAPIController.QuizList (api)'
2025-11-13 21:40:03.079 +01:00 [INF] Request finished HTTP/1.1 GET http://localhost:5082/api/quizapi/quizlist - 200 377 application/json; charset=utf-8 7.7003ms
2025-11-13 21:40:03.984 +01:00 [INF] Request starting HTTP/1.1 GET http://localhost:5082/api/quizapi/6 - null null
2025-11-13 21:40:03.985 +01:00 [INF] CORS policy execution successful.
2025-11-13 21:40:03.985 +01:00 [INF] Executing endpoint 'api.Controllers.QuizAPIController.GetQuiz (api)'
2025-11-13 21:40:03.985 +01:00 [INF] Route matched with {action = "GetQuiz", controller = "QuizAPI"}. Executing controller action with signature System.Threading.Tasks.Task`1[Microsoft.AspNetCore.Mvc.IActionResult] GetQuiz(Int32) on controller api.Controllers.QuizAPIController (api).
2025-11-13 21:40:03.988 +01:00 [INF] Executing OkObjectResult, writing value of type 'api.Models.Quiz'.
2025-11-13 21:40:03.988 +01:00 [INF] Executed action api.Controllers.QuizAPIController.GetQuiz (api) in 3.2256ms
2025-11-13 21:40:03.989 +01:00 [INF] Executed endpoint 'api.Controllers.QuizAPIController.GetQuiz (api)'
2025-11-13 21:40:03.989 +01:00 [INF] Request finished HTTP/1.1 GET http://localhost:5082/api/quizapi/6 - 200 1853 application/json; charset=utf-8 4.4011ms
2025-11-13 21:40:03.994 +01:00 [INF] Request starting HTTP/1.1 GET http://localhost:5082/api/quizapi/6 - null null
2025-11-13 21:40:03.995 +01:00 [INF] CORS policy execution successful.
2025-11-13 21:40:03.995 +01:00 [INF] Executing endpoint 'api.Controllers.QuizAPIController.GetQuiz (api)'
2025-11-13 21:40:03.995 +01:00 [INF] Route matched with {action = "GetQuiz", controller = "QuizAPI"}. Executing controller action with signature System.Threading.Tasks.Task`1[Microsoft.AspNetCore.Mvc.IActionResult] GetQuiz(Int32) on controller api.Controllers.QuizAPIController (api).
2025-11-13 21:40:03.998 +01:00 [INF] Executing OkObjectResult, writing value of type 'api.Models.Quiz'.
2025-11-13 21:40:03.998 +01:00 [INF] Executed action api.Controllers.QuizAPIController.GetQuiz (api) in 3.3655ms
2025-11-13 21:40:03.999 +01:00 [INF] Executed endpoint 'api.Controllers.QuizAPIController.GetQuiz (api)'
2025-11-13 21:40:03.999 +01:00 [INF] Request finished HTTP/1.1 GET http://localhost:5082/api/quizapi/6 - 200 1853 application/json; charset=utf-8 4.6317ms
2025-11-13 21:40:06.447 +01:00 [INF] Request starting HTTP/1.1 GET http://localhost:5082/api/quizapi/quizlist - null null
2025-11-13 21:40:06.448 +01:00 [INF] CORS policy execution successful.
2025-11-13 21:40:06.448 +01:00 [INF] Executing endpoint 'api.Controllers.QuizAPIController.QuizList (api)'
2025-11-13 21:40:06.448 +01:00 [INF] Route matched with {action = "QuizList", controller = "QuizAPI"}. Executing controller action with signature System.Threading.Tasks.Task`1[Microsoft.AspNetCore.Mvc.IActionResult] QuizList() on controller api.Controllers.QuizAPIController (api).
2025-11-13 21:40:06.455 +01:00 [INF] Executing OkObjectResult, writing value of type 'System.Linq.Enumerable+SelectListIterator`2[[api.Models.Quiz, api, Version=1.0.0.0, Culture=neutral, PublicKeyToken=null],[api.DTOs.QuizDto, api, Version=1.0.0.0, Culture=neutral, PublicKeyToken=null]]'.
2025-11-13 21:40:06.456 +01:00 [INF] Executed action api.Controllers.QuizAPIController.QuizList (api) in 7.2756ms
2025-11-13 21:40:06.456 +01:00 [INF] Executed endpoint 'api.Controllers.QuizAPIController.QuizList (api)'
2025-11-13 21:40:06.457 +01:00 [INF] Request finished HTTP/1.1 GET http://localhost:5082/api/quizapi/quizlist - 200 377 application/json; charset=utf-8 9.5079ms
2025-11-13 21:40:06.461 +01:00 [INF] Request starting HTTP/1.1 GET http://localhost:5082/api/quizapi/quizlist - null null
2025-11-13 21:40:06.461 +01:00 [INF] CORS policy execution successful.
2025-11-13 21:40:06.461 +01:00 [INF] Executing endpoint 'api.Controllers.QuizAPIController.QuizList (api)'
2025-11-13 21:40:06.461 +01:00 [INF] Route matched with {action = "QuizList", controller = "QuizAPI"}. Executing controller action with signature System.Threading.Tasks.Task`1[Microsoft.AspNetCore.Mvc.IActionResult] QuizList() on controller api.Controllers.QuizAPIController (api).
2025-11-13 21:40:06.467 +01:00 [INF] Executing OkObjectResult, writing value of type 'System.Linq.Enumerable+SelectListIterator`2[[api.Models.Quiz, api, Version=1.0.0.0, Culture=neutral, PublicKeyToken=null],[api.DTOs.QuizDto, api, Version=1.0.0.0, Culture=neutral, PublicKeyToken=null]]'.
2025-11-13 21:40:06.468 +01:00 [INF] Executed action api.Controllers.QuizAPIController.QuizList (api) in 6.0615ms
2025-11-13 21:40:06.468 +01:00 [INF] Executed endpoint 'api.Controllers.QuizAPIController.QuizList (api)'
2025-11-13 21:40:06.469 +01:00 [INF] Request finished HTTP/1.1 GET http://localhost:5082/api/quizapi/quizlist - 200 377 application/json; charset=utf-8 8.022ms
2025-11-13 21:40:07.612 +01:00 [INF] Request starting HTTP/1.1 GET http://localhost:5082/api/quizapi/11 - null null
2025-11-13 21:40:07.612 +01:00 [INF] CORS policy execution successful.
2025-11-13 21:40:07.613 +01:00 [INF] Executing endpoint 'api.Controllers.QuizAPIController.GetQuiz (api)'
2025-11-13 21:40:07.613 +01:00 [INF] Route matched with {action = "GetQuiz", controller = "QuizAPI"}. Executing controller action with signature System.Threading.Tasks.Task`1[Microsoft.AspNetCore.Mvc.IActionResult] GetQuiz(Int32) on controller api.Controllers.QuizAPIController (api).
2025-11-13 21:40:07.616 +01:00 [INF] Executing OkObjectResult, writing value of type 'api.Models.Quiz'.
2025-11-13 21:40:07.617 +01:00 [INF] Executed action api.Controllers.QuizAPIController.GetQuiz (api) in 4.1657ms
2025-11-13 21:40:07.617 +01:00 [INF] Executed endpoint 'api.Controllers.QuizAPIController.GetQuiz (api)'
2025-11-13 21:40:07.618 +01:00 [INF] Request finished HTTP/1.1 GET http://localhost:5082/api/quizapi/11 - 200 1712 application/json; charset=utf-8 5.4826ms
2025-11-13 21:40:07.620 +01:00 [INF] Request starting HTTP/1.1 GET http://localhost:5082/api/quizapi/11 - null null
2025-11-13 21:40:07.621 +01:00 [INF] CORS policy execution successful.
2025-11-13 21:40:07.621 +01:00 [INF] Executing endpoint 'api.Controllers.QuizAPIController.GetQuiz (api)'
2025-11-13 21:40:07.621 +01:00 [INF] Route matched with {action = "GetQuiz", controller = "QuizAPI"}. Executing controller action with signature System.Threading.Tasks.Task`1[Microsoft.AspNetCore.Mvc.IActionResult] GetQuiz(Int32) on controller api.Controllers.QuizAPIController (api).
2025-11-13 21:40:07.626 +01:00 [INF] Executing OkObjectResult, writing value of type 'api.Models.Quiz'.
2025-11-13 21:40:07.626 +01:00 [INF] Executed action api.Controllers.QuizAPIController.GetQuiz (api) in 5.0601ms
2025-11-13 21:40:07.627 +01:00 [INF] Executed endpoint 'api.Controllers.QuizAPIController.GetQuiz (api)'
2025-11-13 21:40:07.627 +01:00 [INF] Request finished HTTP/1.1 GET http://localhost:5082/api/quizapi/11 - 200 1712 application/json; charset=utf-8 6.5964ms
2025-11-13 21:40:12.755 +01:00 [INF] Request starting HTTP/1.1 GET http://localhost:5082/api/quizapi/quizlist - null null
2025-11-13 21:40:12.755 +01:00 [INF] CORS policy execution successful.
2025-11-13 21:40:12.756 +01:00 [INF] Executing endpoint 'api.Controllers.QuizAPIController.QuizList (api)'
2025-11-13 21:40:12.756 +01:00 [INF] Route matched with {action = "QuizList", controller = "QuizAPI"}. Executing controller action with signature System.Threading.Tasks.Task`1[Microsoft.AspNetCore.Mvc.IActionResult] QuizList() on controller api.Controllers.QuizAPIController (api).
2025-11-13 21:40:12.761 +01:00 [INF] Executing OkObjectResult, writing value of type 'System.Linq.Enumerable+SelectListIterator`2[[api.Models.Quiz, api, Version=1.0.0.0, Culture=neutral, PublicKeyToken=null],[api.DTOs.QuizDto, api, Version=1.0.0.0, Culture=neutral, PublicKeyToken=null]]'.
2025-11-13 21:40:12.762 +01:00 [INF] Executed action api.Controllers.QuizAPIController.QuizList (api) in 5.1977ms
2025-11-13 21:40:12.762 +01:00 [INF] Executed endpoint 'api.Controllers.QuizAPIController.QuizList (api)'
2025-11-13 21:40:12.762 +01:00 [INF] Request finished HTTP/1.1 GET http://localhost:5082/api/quizapi/quizlist - 200 377 application/json; charset=utf-8 6.9674ms
2025-11-13 21:40:12.764 +01:00 [INF] Request starting HTTP/1.1 GET http://localhost:5082/api/quizapi/quizlist - null null
2025-11-13 21:40:12.765 +01:00 [INF] CORS policy execution successful.
2025-11-13 21:40:12.765 +01:00 [INF] Executing endpoint 'api.Controllers.QuizAPIController.QuizList (api)'
2025-11-13 21:40:12.765 +01:00 [INF] Route matched with {action = "QuizList", controller = "QuizAPI"}. Executing controller action with signature System.Threading.Tasks.Task`1[Microsoft.AspNetCore.Mvc.IActionResult] QuizList() on controller api.Controllers.QuizAPIController (api).
2025-11-13 21:40:12.769 +01:00 [INF] Executing OkObjectResult, writing value of type 'System.Linq.Enumerable+SelectListIterator`2[[api.Models.Quiz, api, Version=1.0.0.0, Culture=neutral, PublicKeyToken=null],[api.DTOs.QuizDto, api, Version=1.0.0.0, Culture=neutral, PublicKeyToken=null]]'.
2025-11-13 21:40:12.769 +01:00 [INF] Executed action api.Controllers.QuizAPIController.QuizList (api) in 3.8755ms
2025-11-13 21:40:12.769 +01:00 [INF] Executed endpoint 'api.Controllers.QuizAPIController.QuizList (api)'
2025-11-13 21:40:12.769 +01:00 [INF] Request finished HTTP/1.1 GET http://localhost:5082/api/quizapi/quizlist - 200 377 application/json; charset=utf-8 4.8942ms
2025-11-13 21:40:15.260 +01:00 [INF] Request starting HTTP/1.1 GET http://localhost:5082/api/quizapi/12 - null null
2025-11-13 21:40:15.260 +01:00 [INF] CORS policy execution successful.
2025-11-13 21:40:15.261 +01:00 [INF] Executing endpoint 'api.Controllers.QuizAPIController.GetQuiz (api)'
2025-11-13 21:40:15.261 +01:00 [INF] Route matched with {action = "GetQuiz", controller = "QuizAPI"}. Executing controller action with signature System.Threading.Tasks.Task`1[Microsoft.AspNetCore.Mvc.IActionResult] GetQuiz(Int32) on controller api.Controllers.QuizAPIController (api).
2025-11-13 21:40:15.264 +01:00 [INF] Executing OkObjectResult, writing value of type 'api.Models.Quiz'.
2025-11-13 21:40:15.265 +01:00 [INF] Executed action api.Controllers.QuizAPIController.GetQuiz (api) in 3.9309ms
2025-11-13 21:40:15.265 +01:00 [INF] Executed endpoint 'api.Controllers.QuizAPIController.GetQuiz (api)'
2025-11-13 21:40:15.265 +01:00 [INF] Request finished HTTP/1.1 GET http://localhost:5082/api/quizapi/12 - 200 1158 application/json; charset=utf-8 5.881ms
2025-11-13 21:40:15.269 +01:00 [INF] Request starting HTTP/1.1 GET http://localhost:5082/api/quizapi/12 - null null
2025-11-13 21:40:15.269 +01:00 [INF] CORS policy execution successful.
2025-11-13 21:40:15.270 +01:00 [INF] Executing endpoint 'api.Controllers.QuizAPIController.GetQuiz (api)'
2025-11-13 21:40:15.270 +01:00 [INF] Route matched with {action = "GetQuiz", controller = "QuizAPI"}. Executing controller action with signature System.Threading.Tasks.Task`1[Microsoft.AspNetCore.Mvc.IActionResult] GetQuiz(Int32) on controller api.Controllers.QuizAPIController (api).
2025-11-13 21:40:15.274 +01:00 [INF] Executing OkObjectResult, writing value of type 'api.Models.Quiz'.
2025-11-13 21:40:15.274 +01:00 [INF] Executed action api.Controllers.QuizAPIController.GetQuiz (api) in 4.3464ms
2025-11-13 21:40:15.275 +01:00 [INF] Executed endpoint 'api.Controllers.QuizAPIController.GetQuiz (api)'
2025-11-13 21:40:15.275 +01:00 [INF] Request finished HTTP/1.1 GET http://localhost:5082/api/quizapi/12 - 200 1158 application/json; charset=utf-8 6.1965ms
2025-11-13 21:40:29.030 +01:00 [INF] Request starting HTTP/1.1 OPTIONS http://localhost:5082/api/quizapi/update/12 - null null
2025-11-13 21:40:29.030 +01:00 [INF] CORS policy execution successful.
2025-11-13 21:40:29.031 +01:00 [INF] Request finished HTTP/1.1 OPTIONS http://localhost:5082/api/quizapi/update/12 - 204 null null 1.2278ms
2025-11-13 21:40:29.036 +01:00 [INF] Request starting HTTP/1.1 PUT http://localhost:5082/api/quizapi/update/12 - application/json 736
2025-11-13 21:40:29.036 +01:00 [INF] CORS policy execution successful.
2025-11-13 21:40:29.150 +01:00 [INF] Failed to validate the token.
Microsoft.IdentityModel.Tokens.SecurityTokenExpiredException: IDX10223: Lifetime validation failed. The token is expired. ValidTo (UTC): '13.11.2025 15:17:35', Current time (UTC): '13.11.2025 20:40:29'.
   at Microsoft.IdentityModel.Tokens.ValidatorUtilities.ValidateLifetime(Nullable`1 notBefore, Nullable`1 expires, SecurityToken securityToken, TokenValidationParameters validationParameters)
   at Microsoft.IdentityModel.Tokens.Validators.ValidateLifetime(Nullable`1 notBefore, Nullable`1 expires, SecurityToken securityToken, TokenValidationParameters validationParameters)
   at Microsoft.IdentityModel.JsonWebTokens.JsonWebTokenHandler.ValidateTokenPayloadAsync(JsonWebToken jsonWebToken, TokenValidationParameters validationParameters, BaseConfiguration configuration)
   at Microsoft.IdentityModel.JsonWebTokens.JsonWebTokenHandler.ValidateJWSAsync(JsonWebToken jsonWebToken, TokenValidationParameters validationParameters, BaseConfiguration configuration)
2025-11-13 21:40:29.168 +01:00 [INF] Bearer was not authenticated. Failure message: IDX10223: Lifetime validation failed. The token is expired. ValidTo (UTC): '13.11.2025 15:17:35', Current time (UTC): '13.11.2025 20:40:29'.
2025-11-13 21:40:29.177 +01:00 [INF] Authorization failed. These requirements were not met:
RolesAuthorizationRequirement:User.IsInRole must be true for one of the following roles: (Teacher)
2025-11-13 21:40:29.181 +01:00 [INF] AuthenticationScheme: Bearer was challenged.
2025-11-13 21:40:29.182 +01:00 [INF] Request finished HTTP/1.1 PUT http://localhost:5082/api/quizapi/update/12 - 401 0 null 145.9406ms
2025-11-13 21:40:34.191 +01:00 [INF] Request starting HTTP/1.1 OPTIONS http://localhost:5082/api/quizapi/update/12 - null null
2025-11-13 21:40:34.191 +01:00 [INF] CORS policy execution successful.
2025-11-13 21:40:34.192 +01:00 [INF] Request finished HTTP/1.1 OPTIONS http://localhost:5082/api/quizapi/update/12 - 204 null null 0.9968ms
2025-11-13 21:40:34.194 +01:00 [INF] Request starting HTTP/1.1 PUT http://localhost:5082/api/quizapi/update/12 - application/json 736
2025-11-13 21:40:34.194 +01:00 [INF] CORS policy execution successful.
2025-11-13 21:40:34.196 +01:00 [INF] Failed to validate the token.
Microsoft.IdentityModel.Tokens.SecurityTokenExpiredException: IDX10223: Lifetime validation failed. The token is expired. ValidTo (UTC): '13.11.2025 15:17:35', Current time (UTC): '13.11.2025 20:40:34'.
   at Microsoft.IdentityModel.Tokens.ValidatorUtilities.ValidateLifetime(Nullable`1 notBefore, Nullable`1 expires, SecurityToken securityToken, TokenValidationParameters validationParameters)
   at Microsoft.IdentityModel.Tokens.Validators.ValidateLifetime(Nullable`1 notBefore, Nullable`1 expires, SecurityToken securityToken, TokenValidationParameters validationParameters)
   at Microsoft.IdentityModel.JsonWebTokens.JsonWebTokenHandler.ValidateTokenPayloadAsync(JsonWebToken jsonWebToken, TokenValidationParameters validationParameters, BaseConfiguration configuration)
   at Microsoft.IdentityModel.JsonWebTokens.JsonWebTokenHandler.ValidateJWSAsync(JsonWebToken jsonWebToken, TokenValidationParameters validationParameters, BaseConfiguration configuration)
2025-11-13 21:40:34.196 +01:00 [INF] Bearer was not authenticated. Failure message: IDX10223: Lifetime validation failed. The token is expired. ValidTo (UTC): '13.11.2025 15:17:35', Current time (UTC): '13.11.2025 20:40:34'.
2025-11-13 21:40:34.199 +01:00 [INF] Authorization failed. These requirements were not met:
RolesAuthorizationRequirement:User.IsInRole must be true for one of the following roles: (Teacher)
2025-11-13 21:40:34.200 +01:00 [INF] AuthenticationScheme: Bearer was challenged.
2025-11-13 21:40:34.200 +01:00 [INF] Request finished HTTP/1.1 PUT http://localhost:5082/api/quizapi/update/12 - 401 0 null 6.3603ms
2025-11-13 21:40:42.236 +01:00 [INF] Application is shutting down...
