2025-11-05 10:12:06.567 +01:00 [INF] User profile is available. Using 'C:\Users\Admin\AppData\Local\ASP.NET\DataProtection-Keys' as key repository and Windows DPAPI to encrypt keys at rest.
2025-11-05 10:12:06.673 +01:00 [INF] Now listening on: http://localhost:5082
2025-11-05 10:12:06.678 +01:00 [INF] Application started. Press Ctrl+C to shut down.
2025-11-05 10:12:06.678 +01:00 [INF] Hosting environment: Development
2025-11-05 10:12:06.679 +01:00 [INF] Content root path: C:\Users\Admin\OneDrive - OsloMet\FinalExamITPE3200\EXAMFAM\api
2025-11-05 10:12:28.195 +01:00 [INF] Request starting HTTP/1.1 OPTIONS http://localhost:5082/api/Auth/register - null null
2025-11-05 10:12:28.269 +01:00 [INF] CORS policy execution successful.
2025-11-05 10:12:28.281 +01:00 [INF] Request finished HTTP/1.1 OPTIONS http://localhost:5082/api/Auth/register - 204 null null 89.3708ms
2025-11-05 10:12:28.287 +01:00 [INF] Request starting HTTP/1.1 POST http://localhost:5082/api/Auth/register - application/json 80
2025-11-05 10:12:28.292 +01:00 [INF] CORS policy execution successful.
2025-11-05 10:12:28.340 +01:00 [INF] Executing endpoint 'api.Controllers.AuthController.Register (api)'
2025-11-05 10:12:28.386 +01:00 [INF] Route matched with {action = "Register", controller = "Auth"}. Executing controller action with signature System.Threading.Tasks.Task`1[Microsoft.AspNetCore.Mvc.IActionResult] Register(api.DTOs.RegisterDto) on controller api.Controllers.AuthController (api).
2025-11-05 10:12:28.711 +01:00 [WRN] [AuthAPIController] user registration failed for eksempel123
2025-11-05 10:12:28.721 +01:00 [INF] Executing BadRequestObjectResult, writing value of type 'System.Collections.Generic.List`1[[Microsoft.AspNetCore.Identity.IdentityError, Microsoft.Extensions.Identity.Core, Version=8.0.0.0, Culture=neutral, PublicKeyToken=adb9793829ddae60]]'.
2025-11-05 10:12:28.775 +01:00 [INF] Executed action api.Controllers.AuthController.Register (api) in 383.3725ms
2025-11-05 10:12:28.776 +01:00 [INF] Executed endpoint 'api.Controllers.AuthController.Register (api)'
2025-11-05 10:12:28.778 +01:00 [INF] Request finished HTTP/1.1 POST http://localhost:5082/api/Auth/register - 400 224 application/json; charset=utf-8 491.5073ms
2025-11-05 10:13:42.892 +01:00 [INF] Request starting HTTP/1.1 OPTIONS http://localhost:5082/api/Auth/register - null null
2025-11-05 10:13:42.893 +01:00 [INF] CORS policy execution successful.
2025-11-05 10:13:42.894 +01:00 [INF] Request finished HTTP/1.1 OPTIONS http://localhost:5082/api/Auth/register - 204 null null 1.593ms
2025-11-05 10:13:42.896 +01:00 [INF] Request starting HTTP/1.1 POST http://localhost:5082/api/Auth/register - application/json 80
2025-11-05 10:13:42.896 +01:00 [INF] CORS policy execution successful.
2025-11-05 10:13:42.898 +01:00 [INF] Executing endpoint 'api.Controllers.AuthController.Register (api)'
2025-11-05 10:13:42.899 +01:00 [INF] Route matched with {action = "Register", controller = "Auth"}. Executing controller action with signature System.Threading.Tasks.Task`1[Microsoft.AspNetCore.Mvc.IActionResult] Register(api.DTOs.RegisterDto) on controller api.Controllers.AuthController (api).
2025-11-05 10:13:42.912 +01:00 [WRN] [AuthAPIController] user registration failed for eksempel123
2025-11-05 10:13:42.913 +01:00 [INF] Executing BadRequestObjectResult, writing value of type 'System.Collections.Generic.List`1[[Microsoft.AspNetCore.Identity.IdentityError, Microsoft.Extensions.Identity.Core, Version=8.0.0.0, Culture=neutral, PublicKeyToken=adb9793829ddae60]]'.
2025-11-05 10:13:42.914 +01:00 [INF] Executed action api.Controllers.AuthController.Register (api) in 14.8396ms
2025-11-05 10:13:42.914 +01:00 [INF] Executed endpoint 'api.Controllers.AuthController.Register (api)'
2025-11-05 10:13:42.914 +01:00 [INF] Request finished HTTP/1.1 POST http://localhost:5082/api/Auth/register - 400 224 application/json; charset=utf-8 18.5665ms
2025-11-05 10:16:46.528 +01:00 [INF] Application is shutting down...
