2025-11-14 11:33:36.996 +01:00 [INF] User profile is available. Using 'C:\Users\Aliza Mudassar\AppData\Local\ASP.NET\DataProtection-Keys' as key repository and Windows DPAPI to encrypt keys at rest.
2025-11-14 11:33:37.572 +01:00 [INF] Now listening on: http://localhost:5082
2025-11-14 11:33:37.585 +01:00 [INF] Application started. Press Ctrl+C to shut down.
2025-11-14 11:33:37.587 +01:00 [INF] Hosting environment: Development
2025-11-14 11:33:37.588 +01:00 [INF] Content root path: C:\Users\Aliza Mudassar\OneDrive - OsloMet\webapplikasjoner\EXAMFAM\api
2025-11-14 11:35:58.348 +01:00 [INF] Request starting HTTP/1.1 OPTIONS http://localhost:5082/api/Auth/login - null null
2025-11-14 11:35:58.435 +01:00 [INF] CORS policy execution successful.
2025-11-14 11:35:58.449 +01:00 [INF] Request finished HTTP/1.1 OPTIONS http://localhost:5082/api/Auth/login - 204 null null 109.2696ms
2025-11-14 11:35:58.458 +01:00 [INF] Request starting HTTP/1.1 POST http://localhost:5082/api/Auth/login - application/json 46
2025-11-14 11:35:58.465 +01:00 [INF] CORS policy execution successful.
2025-11-14 11:35:58.647 +01:00 [INF] Executing endpoint 'api.Controllers.AuthController.Login (api)'
2025-11-14 11:35:58.690 +01:00 [INF] Route matched with {action = "Login", controller = "Auth"}. Executing controller action with signature System.Threading.Tasks.Task`1[Microsoft.AspNetCore.Mvc.IActionResult] Login(api.DTOs.LoginDto) on controller api.Controllers.AuthController (api).
2025-11-14 11:35:59.539 +01:00 [INF] [AuthController] JWT token created for ola with roles Teacher
2025-11-14 11:35:59.608 +01:00 [INF] [AuthController] user authorised for ola
2025-11-14 11:35:59.624 +01:00 [INF] Executing OkObjectResult, writing value of type '<>f__AnonymousType1`1[[System.String, System.Private.CoreLib, Version=8.0.0.0, Culture=neutral, PublicKeyToken=7cec85d7bea7798e]]'.
2025-11-14 11:35:59.716 +01:00 [INF] Executed action api.Controllers.AuthController.Login (api) in 1008.9072ms
2025-11-14 11:35:59.717 +01:00 [INF] Executed endpoint 'api.Controllers.AuthController.Login (api)'
2025-11-14 11:35:59.736 +01:00 [INF] Request finished HTTP/1.1 POST http://localhost:5082/api/Auth/login - 200 661 application/json; charset=utf-8 1278.0414ms
2025-11-14 11:36:04.292 +01:00 [INF] Request starting HTTP/1.1 GET http://localhost:5082/api/quizapi/quizlist - null null
2025-11-14 11:36:04.307 +01:00 [INF] CORS policy execution successful.
2025-11-14 11:36:04.309 +01:00 [INF] Executing endpoint 'api.Controllers.QuizAPIController.QuizList (api)'
2025-11-14 11:36:04.317 +01:00 [INF] Route matched with {action = "QuizList", controller = "QuizAPI"}. Executing controller action with signature System.Threading.Tasks.Task`1[Microsoft.AspNetCore.Mvc.IActionResult] QuizList() on controller api.Controllers.QuizAPIController (api).
2025-11-14 11:36:04.575 +01:00 [WRN] Compiling a query which loads related collections for more than one collection navigation, either via 'Include' or through projection, but no 'QuerySplittingBehavior' has been configured. By default, Entity Framework will use 'QuerySplittingBehavior.SingleQuery', which can potentially result in slow query performance. See https://go.microsoft.com/fwlink/?linkid=2134277 for more information. To identify the query that's triggering this warning call 'ConfigureWarnings(w => w.Throw(RelationalEventId.MultipleCollectionIncludeWarning))'.
2025-11-14 11:36:04.739 +01:00 [INF] Executing OkObjectResult, writing value of type 'System.Linq.Enumerable+SelectListIterator`2[[api.Models.Quiz, api, Version=1.0.0.0, Culture=neutral, PublicKeyToken=null],[api.DTOs.QuizDto, api, Version=1.0.0.0, Culture=neutral, PublicKeyToken=null]]'.
2025-11-14 11:36:04.760 +01:00 [INF] Executed action api.Controllers.QuizAPIController.QuizList (api) in 443.0209ms
2025-11-14 11:36:04.760 +01:00 [INF] Executed endpoint 'api.Controllers.QuizAPIController.QuizList (api)'
2025-11-14 11:36:04.760 +01:00 [INF] Request finished HTTP/1.1 GET http://localhost:5082/api/quizapi/quizlist - 200 377 application/json; charset=utf-8 468.2496ms
2025-11-14 11:36:04.761 +01:00 [INF] Request starting HTTP/1.1 GET http://localhost:5082/api/quizapi/quizlist - null null
2025-11-14 11:36:04.764 +01:00 [INF] CORS policy execution successful.
2025-11-14 11:36:04.769 +01:00 [INF] Executing endpoint 'api.Controllers.QuizAPIController.QuizList (api)'
2025-11-14 11:36:04.770 +01:00 [INF] Route matched with {action = "QuizList", controller = "QuizAPI"}. Executing controller action with signature System.Threading.Tasks.Task`1[Microsoft.AspNetCore.Mvc.IActionResult] QuizList() on controller api.Controllers.QuizAPIController (api).
2025-11-14 11:36:04.786 +01:00 [INF] Executing OkObjectResult, writing value of type 'System.Linq.Enumerable+SelectListIterator`2[[api.Models.Quiz, api, Version=1.0.0.0, Culture=neutral, PublicKeyToken=null],[api.DTOs.QuizDto, api, Version=1.0.0.0, Culture=neutral, PublicKeyToken=null]]'.
2025-11-14 11:36:04.787 +01:00 [INF] Executed action api.Controllers.QuizAPIController.QuizList (api) in 16.7352ms
2025-11-14 11:36:04.788 +01:00 [INF] Executed endpoint 'api.Controllers.QuizAPIController.QuizList (api)'
2025-11-14 11:36:04.788 +01:00 [INF] Request finished HTTP/1.1 GET http://localhost:5082/api/quizapi/quizlist - 200 377 application/json; charset=utf-8 26.623ms
2025-11-14 11:36:10.075 +01:00 [INF] Request starting HTTP/1.1 GET http://localhost:5082/api/quizapi/11 - null null
2025-11-14 11:36:10.076 +01:00 [INF] CORS policy execution successful.
2025-11-14 11:36:10.076 +01:00 [INF] Executing endpoint 'api.Controllers.QuizAPIController.GetQuiz (api)'
2025-11-14 11:36:10.087 +01:00 [INF] Route matched with {action = "GetQuiz", controller = "QuizAPI"}. Executing controller action with signature System.Threading.Tasks.Task`1[Microsoft.AspNetCore.Mvc.IActionResult] GetQuiz(Int32) on controller api.Controllers.QuizAPIController (api).
2025-11-14 11:36:10.130 +01:00 [WRN] Compiling a query which loads related collections for more than one collection navigation, either via 'Include' or through projection, but no 'QuerySplittingBehavior' has been configured. By default, Entity Framework will use 'QuerySplittingBehavior.SingleQuery', which can potentially result in slow query performance. See https://go.microsoft.com/fwlink/?linkid=2134277 for more information. To identify the query that's triggering this warning call 'ConfigureWarnings(w => w.Throw(RelationalEventId.MultipleCollectionIncludeWarning))'.
2025-11-14 11:36:10.150 +01:00 [INF] Executing OkObjectResult, writing value of type 'api.Models.Quiz'.
2025-11-14 11:36:10.175 +01:00 [INF] Executed action api.Controllers.QuizAPIController.GetQuiz (api) in 87.1839ms
2025-11-14 11:36:10.175 +01:00 [INF] Executed endpoint 'api.Controllers.QuizAPIController.GetQuiz (api)'
2025-11-14 11:36:10.176 +01:00 [INF] Request finished HTTP/1.1 GET http://localhost:5082/api/quizapi/11 - 200 1712 application/json; charset=utf-8 100.9078ms
2025-11-14 11:36:10.185 +01:00 [INF] Request starting HTTP/1.1 GET http://localhost:5082/api/quizapi/11 - null null
2025-11-14 11:36:10.186 +01:00 [INF] CORS policy execution successful.
2025-11-14 11:36:10.186 +01:00 [INF] Executing endpoint 'api.Controllers.QuizAPIController.GetQuiz (api)'
2025-11-14 11:36:10.186 +01:00 [INF] Route matched with {action = "GetQuiz", controller = "QuizAPI"}. Executing controller action with signature System.Threading.Tasks.Task`1[Microsoft.AspNetCore.Mvc.IActionResult] GetQuiz(Int32) on controller api.Controllers.QuizAPIController (api).
2025-11-14 11:36:10.198 +01:00 [INF] Executing OkObjectResult, writing value of type 'api.Models.Quiz'.
2025-11-14 11:36:10.210 +01:00 [INF] Executed action api.Controllers.QuizAPIController.GetQuiz (api) in 23.9861ms
2025-11-14 11:36:10.210 +01:00 [INF] Executed endpoint 'api.Controllers.QuizAPIController.GetQuiz (api)'
2025-11-14 11:36:10.211 +01:00 [INF] Request finished HTTP/1.1 GET http://localhost:5082/api/quizapi/11 - 200 1712 application/json; charset=utf-8 25.3223ms
2025-11-14 11:36:10.242 +01:00 [INF] Request starting HTTP/1.1 GET http://localhost:5082/images/Spain.png - null null
2025-11-14 11:36:10.242 +01:00 [INF] Request starting HTTP/1.1 GET http://localhost:5082/images/China.png - null null
2025-11-14 11:36:10.244 +01:00 [INF] Request starting HTTP/1.1 GET http://localhost:5082/images/Brasil.png - null null
2025-11-14 11:36:10.245 +01:00 [INF] Request starting HTTP/1.1 GET http://localhost:5082/images/Island.png - null null
2025-11-14 11:36:10.245 +01:00 [INF] Request starting HTTP/1.1 GET http://localhost:5082/images/SouthAfrica.png - null null
2025-11-14 11:36:10.398 +01:00 [INF] Sending file. Request path: '/images/SouthAfrica.png'. Physical path: 'C:\Users\Aliza Mudassar\OneDrive - OsloMet\webapplikasjoner\EXAMFAM\api\wwwroot\images\SouthAfrica.png'
2025-11-14 11:36:10.398 +01:00 [INF] Sending file. Request path: '/images/Island.png'. Physical path: 'C:\Users\Aliza Mudassar\OneDrive - OsloMet\webapplikasjoner\EXAMFAM\api\wwwroot\images\Island.png'
2025-11-14 11:36:10.399 +01:00 [INF] Sending file. Request path: '/images/China.png'. Physical path: 'C:\Users\Aliza Mudassar\OneDrive - OsloMet\webapplikasjoner\EXAMFAM\api\wwwroot\images\China.png'
2025-11-14 11:36:10.401 +01:00 [INF] Request finished HTTP/1.1 GET http://localhost:5082/images/Island.png - 200 3722 image/png 155.2752ms
2025-11-14 11:36:10.401 +01:00 [INF] Request finished HTTP/1.1 GET http://localhost:5082/images/China.png - 200 25528 image/png 158.9926ms
2025-11-14 11:36:10.401 +01:00 [INF] Request finished HTTP/1.1 GET http://localhost:5082/images/SouthAfrica.png - 200 4538 image/png 155.0435ms
2025-11-14 11:36:10.402 +01:00 [INF] Sending file. Request path: '/images/Brasil.png'. Physical path: 'C:\Users\Aliza Mudassar\OneDrive - OsloMet\webapplikasjoner\EXAMFAM\api\wwwroot\images\Brasil.png'
2025-11-14 11:36:10.403 +01:00 [INF] Request finished HTTP/1.1 GET http://localhost:5082/images/Brasil.png - 200 87889 image/png 158.4775ms
2025-11-14 11:36:10.406 +01:00 [INF] Sending file. Request path: '/images/Spain.png'. Physical path: 'C:\Users\Aliza Mudassar\OneDrive - OsloMet\webapplikasjoner\EXAMFAM\api\wwwroot\images\Spain.png'
2025-11-14 11:36:10.409 +01:00 [INF] Request finished HTTP/1.1 GET http://localhost:5082/images/Spain.png - 200 88750 image/png 164.4823ms
2025-11-14 11:36:17.767 +01:00 [INF] Request starting HTTP/1.1 GET http://localhost:5082/api/quizapi/quizlist - null null
2025-11-14 11:36:17.767 +01:00 [INF] CORS policy execution successful.
2025-11-14 11:36:17.767 +01:00 [INF] Executing endpoint 'api.Controllers.QuizAPIController.QuizList (api)'
2025-11-14 11:36:17.767 +01:00 [INF] Route matched with {action = "QuizList", controller = "QuizAPI"}. Executing controller action with signature System.Threading.Tasks.Task`1[Microsoft.AspNetCore.Mvc.IActionResult] QuizList() on controller api.Controllers.QuizAPIController (api).
2025-11-14 11:36:17.780 +01:00 [INF] Executing OkObjectResult, writing value of type 'System.Linq.Enumerable+SelectListIterator`2[[api.Models.Quiz, api, Version=1.0.0.0, Culture=neutral, PublicKeyToken=null],[api.DTOs.QuizDto, api, Version=1.0.0.0, Culture=neutral, PublicKeyToken=null]]'.
2025-11-14 11:36:17.784 +01:00 [INF] Executed action api.Controllers.QuizAPIController.QuizList (api) in 16.5959ms
2025-11-14 11:36:17.784 +01:00 [INF] Executed endpoint 'api.Controllers.QuizAPIController.QuizList (api)'
2025-11-14 11:36:17.789 +01:00 [INF] Request finished HTTP/1.1 GET http://localhost:5082/api/quizapi/quizlist - 200 377 application/json; charset=utf-8 21.5149ms
2025-11-14 11:36:17.794 +01:00 [INF] Request starting HTTP/1.1 GET http://localhost:5082/api/quizapi/quizlist - null null
2025-11-14 11:36:17.794 +01:00 [INF] CORS policy execution successful.
2025-11-14 11:36:17.794 +01:00 [INF] Executing endpoint 'api.Controllers.QuizAPIController.QuizList (api)'
2025-11-14 11:36:17.795 +01:00 [INF] Route matched with {action = "QuizList", controller = "QuizAPI"}. Executing controller action with signature System.Threading.Tasks.Task`1[Microsoft.AspNetCore.Mvc.IActionResult] QuizList() on controller api.Controllers.QuizAPIController (api).
2025-11-14 11:36:17.832 +01:00 [INF] Executing OkObjectResult, writing value of type 'System.Linq.Enumerable+SelectListIterator`2[[api.Models.Quiz, api, Version=1.0.0.0, Culture=neutral, PublicKeyToken=null],[api.DTOs.QuizDto, api, Version=1.0.0.0, Culture=neutral, PublicKeyToken=null]]'.
2025-11-14 11:36:17.834 +01:00 [INF] Executed action api.Controllers.QuizAPIController.QuizList (api) in 38.64ms
2025-11-14 11:36:17.834 +01:00 [INF] Executed endpoint 'api.Controllers.QuizAPIController.QuizList (api)'
2025-11-14 11:36:17.835 +01:00 [INF] Request finished HTTP/1.1 GET http://localhost:5082/api/quizapi/quizlist - 200 377 application/json; charset=utf-8 40.8421ms
2025-11-14 11:36:32.566 +01:00 [INF] Request starting HTTP/1.1 OPTIONS http://localhost:5082/api/Auth/login - null null
2025-11-14 11:36:32.566 +01:00 [INF] CORS policy execution successful.
2025-11-14 11:36:32.567 +01:00 [INF] Request finished HTTP/1.1 OPTIONS http://localhost:5082/api/Auth/login - 204 null null 1.1693ms
2025-11-14 11:36:32.569 +01:00 [INF] Request starting HTTP/1.1 POST http://localhost:5082/api/Auth/login - application/json 46
2025-11-14 11:36:32.569 +01:00 [INF] CORS policy execution successful.
2025-11-14 11:36:32.570 +01:00 [INF] Executing endpoint 'api.Controllers.AuthController.Login (api)'
2025-11-14 11:36:32.570 +01:00 [INF] Route matched with {action = "Login", controller = "Auth"}. Executing controller action with signature System.Threading.Tasks.Task`1[Microsoft.AspNetCore.Mvc.IActionResult] Login(api.DTOs.LoginDto) on controller api.Controllers.AuthController (api).
2025-11-14 11:36:32.884 +01:00 [INF] [AuthController] JWT token created for ida with roles Student
2025-11-14 11:36:32.885 +01:00 [INF] [AuthController] user authorised for ida
2025-11-14 11:36:32.886 +01:00 [INF] Executing OkObjectResult, writing value of type '<>f__AnonymousType1`1[[System.String, System.Private.CoreLib, Version=8.0.0.0, Culture=neutral, PublicKeyToken=7cec85d7bea7798e]]'.
2025-11-14 11:36:32.887 +01:00 [INF] Executed action api.Controllers.AuthController.Login (api) in 316.6285ms
2025-11-14 11:36:32.887 +01:00 [INF] Executed endpoint 'api.Controllers.AuthController.Login (api)'
2025-11-14 11:36:32.889 +01:00 [INF] Request finished HTTP/1.1 POST http://localhost:5082/api/Auth/login - 200 661 application/json; charset=utf-8 319.4046ms
2025-11-14 11:36:35.776 +01:00 [INF] Request starting HTTP/1.1 OPTIONS http://localhost:5082/api/takequizapi/takequizlist - null null
2025-11-14 11:36:35.777 +01:00 [INF] CORS policy execution successful.
2025-11-14 11:36:35.777 +01:00 [INF] Request finished HTTP/1.1 OPTIONS http://localhost:5082/api/takequizapi/takequizlist - 204 null null 0.8349ms
2025-11-14 11:36:35.782 +01:00 [INF] Request starting HTTP/1.1 OPTIONS http://localhost:5082/api/takequizapi/takequizlist - null null
2025-11-14 11:36:35.784 +01:00 [INF] Request starting HTTP/1.1 GET http://localhost:5082/api/takequizapi/takequizlist - application/json null
2025-11-14 11:36:35.785 +01:00 [INF] CORS policy execution successful.
2025-11-14 11:36:35.785 +01:00 [INF] CORS policy execution successful.
2025-11-14 11:36:35.786 +01:00 [INF] Request finished HTTP/1.1 OPTIONS http://localhost:5082/api/takequizapi/takequizlist - 204 null null 4.1905ms
2025-11-14 11:36:35.927 +01:00 [INF] Executing endpoint 'api.Controllers.TakeQuizApiController.GetAllQuizzes (api)'
2025-11-14 11:36:35.933 +01:00 [INF] Route matched with {action = "GetAllQuizzes", controller = "TakeQuizApi"}. Executing controller action with signature System.Threading.Tasks.Task`1[Microsoft.AspNetCore.Mvc.IActionResult] GetAllQuizzes() on controller api.Controllers.TakeQuizApiController (api).
2025-11-14 11:36:35.944 +01:00 [INF] Executing OkObjectResult, writing value of type 'System.Collections.Generic.List`1[[api.DTOs.QuizDto, api, Version=1.0.0.0, Culture=neutral, PublicKeyToken=null]]'.
2025-11-14 11:36:35.945 +01:00 [INF] Executed action api.Controllers.TakeQuizApiController.GetAllQuizzes (api) in 12.515ms
2025-11-14 11:36:35.946 +01:00 [INF] Executed endpoint 'api.Controllers.TakeQuizApiController.GetAllQuizzes (api)'
2025-11-14 11:36:35.946 +01:00 [INF] Request finished HTTP/1.1 GET http://localhost:5082/api/takequizapi/takequizlist - 200 377 application/json; charset=utf-8 162.4697ms
2025-11-14 11:36:35.952 +01:00 [INF] Request starting HTTP/1.1 GET http://localhost:5082/api/takequizapi/takequizlist - application/json null
2025-11-14 11:36:35.954 +01:00 [INF] CORS policy execution successful.
2025-11-14 11:36:35.957 +01:00 [INF] Executing endpoint 'api.Controllers.TakeQuizApiController.GetAllQuizzes (api)'
2025-11-14 11:36:35.958 +01:00 [INF] Route matched with {action = "GetAllQuizzes", controller = "TakeQuizApi"}. Executing controller action with signature System.Threading.Tasks.Task`1[Microsoft.AspNetCore.Mvc.IActionResult] GetAllQuizzes() on controller api.Controllers.TakeQuizApiController (api).
2025-11-14 11:36:35.988 +01:00 [INF] Executing OkObjectResult, writing value of type 'System.Collections.Generic.List`1[[api.DTOs.QuizDto, api, Version=1.0.0.0, Culture=neutral, PublicKeyToken=null]]'.
2025-11-14 11:36:35.996 +01:00 [INF] Executed action api.Controllers.TakeQuizApiController.GetAllQuizzes (api) in 31.6995ms
2025-11-14 11:36:35.996 +01:00 [INF] Executed endpoint 'api.Controllers.TakeQuizApiController.GetAllQuizzes (api)'
2025-11-14 11:36:35.996 +01:00 [INF] Request finished HTTP/1.1 GET http://localhost:5082/api/takequizapi/takequizlist - 200 377 application/json; charset=utf-8 44.3782ms
2025-11-14 11:36:38.923 +01:00 [INF] Request starting HTTP/1.1 OPTIONS http://localhost:5082/api/takequizapi/attempts/11 - null null
2025-11-14 11:36:38.923 +01:00 [INF] CORS policy execution successful.
2025-11-14 11:36:38.924 +01:00 [INF] Request finished HTTP/1.1 OPTIONS http://localhost:5082/api/takequizapi/attempts/11 - 204 null null 0.717ms
2025-11-14 11:36:38.924 +01:00 [INF] Request starting HTTP/1.1 OPTIONS http://localhost:5082/api/takequizapi/attempts/11 - null null
2025-11-14 11:36:38.924 +01:00 [INF] CORS policy execution successful.
2025-11-14 11:36:38.924 +01:00 [INF] Request finished HTTP/1.1 OPTIONS http://localhost:5082/api/takequizapi/attempts/11 - 204 null null 0.2857ms
2025-11-14 11:36:38.927 +01:00 [INF] Request starting HTTP/1.1 GET http://localhost:5082/api/takequizapi/attempts/11 - application/json null
2025-11-14 11:36:38.927 +01:00 [INF] CORS policy execution successful.
2025-11-14 11:36:38.935 +01:00 [INF] Executing endpoint 'api.Controllers.TakeQuizApiController.GetAttempts (api)'
2025-11-14 11:36:38.941 +01:00 [INF] Route matched with {action = "GetAttempts", controller = "TakeQuizApi"}. Executing controller action with signature System.Threading.Tasks.Task`1[Microsoft.AspNetCore.Mvc.IActionResult] GetAttempts(Int32) on controller api.Controllers.TakeQuizApiController (api).
2025-11-14 11:36:38.979 +01:00 [WRN] Compiling a query which loads related collections for more than one collection navigation, either via 'Include' or through projection, but no 'QuerySplittingBehavior' has been configured. By default, Entity Framework will use 'QuerySplittingBehavior.SingleQuery', which can potentially result in slow query performance. See https://go.microsoft.com/fwlink/?linkid=2134277 for more information. To identify the query that's triggering this warning call 'ConfigureWarnings(w => w.Throw(RelationalEventId.MultipleCollectionIncludeWarning))'.
2025-11-14 11:36:39.035 +01:00 [INF] Executing OkObjectResult, writing value of type 'System.Collections.Generic.List`1[[api.DTOs.QuizResultDto, api, Version=1.0.0.0, Culture=neutral, PublicKeyToken=null]]'.
2025-11-14 11:36:39.037 +01:00 [INF] Executed action api.Controllers.TakeQuizApiController.GetAttempts (api) in 96.2698ms
2025-11-14 11:36:39.037 +01:00 [INF] Executed endpoint 'api.Controllers.TakeQuizApiController.GetAttempts (api)'
2025-11-14 11:36:39.038 +01:00 [INF] Request finished HTTP/1.1 GET http://localhost:5082/api/takequizapi/attempts/11 - 200 2 application/json; charset=utf-8 110.9741ms
2025-11-14 11:36:39.043 +01:00 [INF] Request starting HTTP/1.1 GET http://localhost:5082/api/takequizapi/attempts/11 - application/json null
2025-11-14 11:36:39.044 +01:00 [INF] CORS policy execution successful.
2025-11-14 11:36:39.047 +01:00 [INF] Executing endpoint 'api.Controllers.TakeQuizApiController.GetAttempts (api)'
2025-11-14 11:36:39.048 +01:00 [INF] Route matched with {action = "GetAttempts", controller = "TakeQuizApi"}. Executing controller action with signature System.Threading.Tasks.Task`1[Microsoft.AspNetCore.Mvc.IActionResult] GetAttempts(Int32) on controller api.Controllers.TakeQuizApiController (api).
2025-11-14 11:36:39.053 +01:00 [INF] Executing OkObjectResult, writing value of type 'System.Collections.Generic.List`1[[api.DTOs.QuizResultDto, api, Version=1.0.0.0, Culture=neutral, PublicKeyToken=null]]'.
2025-11-14 11:36:39.054 +01:00 [INF] Executed action api.Controllers.TakeQuizApiController.GetAttempts (api) in 6.0947ms
2025-11-14 11:36:39.054 +01:00 [INF] Executed endpoint 'api.Controllers.TakeQuizApiController.GetAttempts (api)'
2025-11-14 11:36:39.054 +01:00 [INF] Request finished HTTP/1.1 GET http://localhost:5082/api/takequizapi/attempts/11 - 200 2 application/json; charset=utf-8 11.8445ms
2025-11-14 11:36:40.308 +01:00 [INF] Request starting HTTP/1.1 GET http://localhost:5082/api/takequizapi/takequizlist - application/json null
2025-11-14 11:36:40.309 +01:00 [INF] CORS policy execution successful.
2025-11-14 11:36:40.310 +01:00 [INF] Executing endpoint 'api.Controllers.TakeQuizApiController.GetAllQuizzes (api)'
2025-11-14 11:36:40.310 +01:00 [INF] Route matched with {action = "GetAllQuizzes", controller = "TakeQuizApi"}. Executing controller action with signature System.Threading.Tasks.Task`1[Microsoft.AspNetCore.Mvc.IActionResult] GetAllQuizzes() on controller api.Controllers.TakeQuizApiController (api).
2025-11-14 11:36:40.316 +01:00 [INF] Executing OkObjectResult, writing value of type 'System.Collections.Generic.List`1[[api.DTOs.QuizDto, api, Version=1.0.0.0, Culture=neutral, PublicKeyToken=null]]'.
2025-11-14 11:36:40.316 +01:00 [INF] Executed action api.Controllers.TakeQuizApiController.GetAllQuizzes (api) in 6.551ms
2025-11-14 11:36:40.317 +01:00 [INF] Executed endpoint 'api.Controllers.TakeQuizApiController.GetAllQuizzes (api)'
2025-11-14 11:36:40.317 +01:00 [INF] Request finished HTTP/1.1 GET http://localhost:5082/api/takequizapi/takequizlist - 200 377 application/json; charset=utf-8 8.9456ms
2025-11-14 11:36:40.322 +01:00 [INF] Request starting HTTP/1.1 GET http://localhost:5082/api/takequizapi/takequizlist - application/json null
2025-11-14 11:36:40.322 +01:00 [INF] CORS policy execution successful.
2025-11-14 11:36:40.323 +01:00 [INF] Executing endpoint 'api.Controllers.TakeQuizApiController.GetAllQuizzes (api)'
2025-11-14 11:36:40.323 +01:00 [INF] Route matched with {action = "GetAllQuizzes", controller = "TakeQuizApi"}. Executing controller action with signature System.Threading.Tasks.Task`1[Microsoft.AspNetCore.Mvc.IActionResult] GetAllQuizzes() on controller api.Controllers.TakeQuizApiController (api).
2025-11-14 11:36:40.332 +01:00 [INF] Executing OkObjectResult, writing value of type 'System.Collections.Generic.List`1[[api.DTOs.QuizDto, api, Version=1.0.0.0, Culture=neutral, PublicKeyToken=null]]'.
2025-11-14 11:36:40.333 +01:00 [INF] Executed action api.Controllers.TakeQuizApiController.GetAllQuizzes (api) in 9.8118ms
2025-11-14 11:36:40.333 +01:00 [INF] Executed endpoint 'api.Controllers.TakeQuizApiController.GetAllQuizzes (api)'
2025-11-14 11:36:40.334 +01:00 [INF] Request finished HTTP/1.1 GET http://localhost:5082/api/takequizapi/takequizlist - 200 377 application/json; charset=utf-8 11.7202ms
2025-11-14 11:36:41.713 +01:00 [INF] Request starting HTTP/1.1 OPTIONS http://localhost:5082/api/takequizapi/11 - null null
2025-11-14 11:36:41.714 +01:00 [INF] CORS policy execution successful.
2025-11-14 11:36:41.714 +01:00 [INF] Request finished HTTP/1.1 OPTIONS http://localhost:5082/api/takequizapi/11 - 204 null null 0.6377ms
2025-11-14 11:36:41.720 +01:00 [INF] Request starting HTTP/1.1 OPTIONS http://localhost:5082/api/takequizapi/11 - null null
2025-11-14 11:36:41.720 +01:00 [INF] CORS policy execution successful.
2025-11-14 11:36:41.720 +01:00 [INF] Request finished HTTP/1.1 OPTIONS http://localhost:5082/api/takequizapi/11 - 204 null null 0.5282ms
2025-11-14 11:36:41.722 +01:00 [INF] Request starting HTTP/1.1 GET http://localhost:5082/api/takequizapi/11 - application/json null
2025-11-14 11:36:41.723 +01:00 [INF] CORS policy execution successful.
2025-11-14 11:36:41.723 +01:00 [INF] Executing endpoint 'api.Controllers.TakeQuizApiController.GetQuiz (api)'
2025-11-14 11:36:41.729 +01:00 [INF] Route matched with {action = "GetQuiz", controller = "TakeQuizApi"}. Executing controller action with signature System.Threading.Tasks.Task`1[Microsoft.AspNetCore.Mvc.IActionResult] GetQuiz(Int32) on controller api.Controllers.TakeQuizApiController (api).
2025-11-14 11:36:41.750 +01:00 [INF] Executing OkObjectResult, writing value of type 'api.DTOs.QuizDto'.
2025-11-14 11:36:41.762 +01:00 [INF] Executed action api.Controllers.TakeQuizApiController.GetQuiz (api) in 33.5224ms
2025-11-14 11:36:41.763 +01:00 [INF] Executed endpoint 'api.Controllers.TakeQuizApiController.GetQuiz (api)'
2025-11-14 11:36:41.764 +01:00 [INF] Request finished HTTP/1.1 GET http://localhost:5082/api/takequizapi/11 - 200 1402 application/json; charset=utf-8 41.5655ms
2025-11-14 11:36:41.766 +01:00 [INF] Request starting HTTP/1.1 GET http://localhost:5082/api/takequizapi/11 - application/json null
2025-11-14 11:36:41.767 +01:00 [INF] CORS policy execution successful.
2025-11-14 11:36:41.773 +01:00 [INF] Executing endpoint 'api.Controllers.TakeQuizApiController.GetQuiz (api)'
2025-11-14 11:36:41.773 +01:00 [INF] Route matched with {action = "GetQuiz", controller = "TakeQuizApi"}. Executing controller action with signature System.Threading.Tasks.Task`1[Microsoft.AspNetCore.Mvc.IActionResult] GetQuiz(Int32) on controller api.Controllers.TakeQuizApiController (api).
2025-11-14 11:36:41.778 +01:00 [INF] Executing OkObjectResult, writing value of type 'api.DTOs.QuizDto'.
2025-11-14 11:36:41.780 +01:00 [INF] Executed action api.Controllers.TakeQuizApiController.GetQuiz (api) in 6.1442ms
2025-11-14 11:36:41.780 +01:00 [INF] Executed endpoint 'api.Controllers.TakeQuizApiController.GetQuiz (api)'
2025-11-14 11:36:41.780 +01:00 [INF] Request finished HTTP/1.1 GET http://localhost:5082/api/takequizapi/11 - 200 1402 application/json; charset=utf-8 13.6605ms
2025-11-14 11:37:01.074 +01:00 [INF] Request starting HTTP/1.1 OPTIONS http://localhost:5082/api/takequizapi/submit - null null
2025-11-14 11:37:01.074 +01:00 [INF] CORS policy execution successful.
2025-11-14 11:37:01.075 +01:00 [INF] Request finished HTTP/1.1 OPTIONS http://localhost:5082/api/takequizapi/submit - 204 null null 0.7025ms
2025-11-14 11:37:01.076 +01:00 [INF] Request starting HTTP/1.1 POST http://localhost:5082/api/takequizapi/submit - application/json 75
2025-11-14 11:37:01.076 +01:00 [INF] CORS policy execution successful.
2025-11-14 11:37:01.111 +01:00 [INF] Executing endpoint 'api.Controllers.TakeQuizApiController.Submit (api)'
2025-11-14 11:37:01.118 +01:00 [INF] Route matched with {action = "Submit", controller = "TakeQuizApi"}. Executing controller action with signature System.Threading.Tasks.Task`1[Microsoft.AspNetCore.Mvc.IActionResult] Submit(api.DTOs.QuizSubmissionDto) on controller api.Controllers.TakeQuizApiController (api).
2025-11-14 11:37:01.144 +01:00 [INF] Executing OkObjectResult, writing value of type 'System.Collections.Generic.Dictionary`2[[System.String, System.Private.CoreLib, Version=8.0.0.0, Culture=neutral, PublicKeyToken=7cec85d7bea7798e],[System.Int32, System.Private.CoreLib, Version=8.0.0.0, Culture=neutral, PublicKeyToken=7cec85d7bea7798e]]'.
2025-11-14 11:37:01.152 +01:00 [INF] Executed action api.Controllers.TakeQuizApiController.Submit (api) in 33.5156ms
2025-11-14 11:37:01.152 +01:00 [INF] Executed endpoint 'api.Controllers.TakeQuizApiController.Submit (api)'
2025-11-14 11:37:01.153 +01:00 [INF] Request finished HTTP/1.1 POST http://localhost:5082/api/takequizapi/submit - 200 11 application/json; charset=utf-8 76.7606ms
2025-11-14 11:37:04.133 +01:00 [INF] Request starting HTTP/1.1 OPTIONS http://localhost:5082/api/takequizapi/saveattempt - null null
2025-11-14 11:37:04.133 +01:00 [INF] CORS policy execution successful.
2025-11-14 11:37:04.133 +01:00 [INF] Request finished HTTP/1.1 OPTIONS http://localhost:5082/api/takequizapi/saveattempt - 204 null null 0.5262ms
2025-11-14 11:37:04.135 +01:00 [INF] Request starting HTTP/1.1 POST http://localhost:5082/api/takequizapi/saveattempt - application/json 23
2025-11-14 11:37:04.136 +01:00 [INF] CORS policy execution successful.
2025-11-14 11:37:04.136 +01:00 [INF] Executing endpoint 'api.Controllers.TakeQuizApiController.SaveAttempt (api)'
2025-11-14 11:37:04.147 +01:00 [INF] Route matched with {action = "SaveAttempt", controller = "TakeQuizApi"}. Executing controller action with signature System.Threading.Tasks.Task`1[Microsoft.AspNetCore.Mvc.IActionResult] SaveAttempt(api.DTOs.QuizResultDto) on controller api.Controllers.TakeQuizApiController (api).
2025-11-14 11:37:04.487 +01:00 [INF] Executing OkObjectResult, writing value of type '<>f__AnonymousType3`1[[System.String, System.Private.CoreLib, Version=8.0.0.0, Culture=neutral, PublicKeyToken=7cec85d7bea7798e]]'.
2025-11-14 11:37:04.490 +01:00 [INF] Executed action api.Controllers.TakeQuizApiController.SaveAttempt (api) in 341.6474ms
2025-11-14 11:37:04.490 +01:00 [INF] Executed endpoint 'api.Controllers.TakeQuizApiController.SaveAttempt (api)'
2025-11-14 11:37:04.490 +01:00 [INF] Request finished HTTP/1.1 POST http://localhost:5082/api/takequizapi/saveattempt - 200 40 application/json; charset=utf-8 354.6288ms
2025-11-14 11:37:06.573 +01:00 [INF] Request starting HTTP/1.1 OPTIONS http://localhost:5082/api/takequizapi/11 - null null
2025-11-14 11:37:06.573 +01:00 [INF] CORS policy execution successful.
2025-11-14 11:37:06.574 +01:00 [INF] Request starting HTTP/1.1 OPTIONS http://localhost:5082/api/takequizapi/11 - null null
2025-11-14 11:37:06.574 +01:00 [INF] Request finished HTTP/1.1 OPTIONS http://localhost:5082/api/takequizapi/11 - 204 null null 0.443ms
2025-11-14 11:37:06.574 +01:00 [INF] CORS policy execution successful.
2025-11-14 11:37:06.574 +01:00 [INF] Request finished HTTP/1.1 OPTIONS http://localhost:5082/api/takequizapi/11 - 204 null null 0.5414ms
2025-11-14 11:37:06.578 +01:00 [INF] Request starting HTTP/1.1 GET http://localhost:5082/api/takequizapi/11 - application/json null
2025-11-14 11:37:06.578 +01:00 [INF] CORS policy execution successful.
2025-11-14 11:37:06.579 +01:00 [INF] Executing endpoint 'api.Controllers.TakeQuizApiController.GetQuiz (api)'
2025-11-14 11:37:06.579 +01:00 [INF] Route matched with {action = "GetQuiz", controller = "TakeQuizApi"}. Executing controller action with signature System.Threading.Tasks.Task`1[Microsoft.AspNetCore.Mvc.IActionResult] GetQuiz(Int32) on controller api.Controllers.TakeQuizApiController (api).
2025-11-14 11:37:06.582 +01:00 [INF] Executing OkObjectResult, writing value of type 'api.DTOs.QuizDto'.
2025-11-14 11:37:06.583 +01:00 [INF] Executed action api.Controllers.TakeQuizApiController.GetQuiz (api) in 3.2112ms
2025-11-14 11:37:06.583 +01:00 [INF] Executed endpoint 'api.Controllers.TakeQuizApiController.GetQuiz (api)'
2025-11-14 11:37:06.584 +01:00 [INF] Request finished HTTP/1.1 GET http://localhost:5082/api/takequizapi/11 - 200 1402 application/json; charset=utf-8 7.5697ms
2025-11-14 11:37:06.590 +01:00 [INF] Request starting HTTP/1.1 GET http://localhost:5082/api/takequizapi/11 - application/json null
2025-11-14 11:37:06.591 +01:00 [INF] CORS policy execution successful.
2025-11-14 11:37:06.591 +01:00 [INF] Executing endpoint 'api.Controllers.TakeQuizApiController.GetQuiz (api)'
2025-11-14 11:37:06.591 +01:00 [INF] Route matched with {action = "GetQuiz", controller = "TakeQuizApi"}. Executing controller action with signature System.Threading.Tasks.Task`1[Microsoft.AspNetCore.Mvc.IActionResult] GetQuiz(Int32) on controller api.Controllers.TakeQuizApiController (api).
2025-11-14 11:37:06.603 +01:00 [INF] Executing OkObjectResult, writing value of type 'api.DTOs.QuizDto'.
2025-11-14 11:37:06.604 +01:00 [INF] Executed action api.Controllers.TakeQuizApiController.GetQuiz (api) in 12.5795ms
2025-11-14 11:37:06.607 +01:00 [INF] Executed endpoint 'api.Controllers.TakeQuizApiController.GetQuiz (api)'
2025-11-14 11:37:06.608 +01:00 [INF] Request finished HTTP/1.1 GET http://localhost:5082/api/takequizapi/11 - 200 1402 application/json; charset=utf-8 17.8885ms
2025-11-14 11:37:20.622 +01:00 [INF] Request starting HTTP/1.1 OPTIONS http://localhost:5082/api/Auth/login - null null
2025-11-14 11:37:20.622 +01:00 [INF] CORS policy execution successful.
2025-11-14 11:37:20.623 +01:00 [INF] Request finished HTTP/1.1 OPTIONS http://localhost:5082/api/Auth/login - 204 null null 0.5793ms
2025-11-14 11:37:20.624 +01:00 [INF] Request starting HTTP/1.1 POST http://localhost:5082/api/Auth/login - application/json 46
2025-11-14 11:37:20.624 +01:00 [INF] CORS policy execution successful.
2025-11-14 11:37:20.624 +01:00 [INF] Executing endpoint 'api.Controllers.AuthController.Login (api)'
2025-11-14 11:37:20.625 +01:00 [INF] Route matched with {action = "Login", controller = "Auth"}. Executing controller action with signature System.Threading.Tasks.Task`1[Microsoft.AspNetCore.Mvc.IActionResult] Login(api.DTOs.LoginDto) on controller api.Controllers.AuthController (api).
2025-11-14 11:37:21.221 +01:00 [INF] [AuthController] JWT token created for ola with roles Teacher
2025-11-14 11:37:21.222 +01:00 [INF] [AuthController] user authorised for ola
2025-11-14 11:37:21.223 +01:00 [INF] Executing OkObjectResult, writing value of type '<>f__AnonymousType1`1[[System.String, System.Private.CoreLib, Version=8.0.0.0, Culture=neutral, PublicKeyToken=7cec85d7bea7798e]]'.
2025-11-14 11:37:21.224 +01:00 [INF] Executed action api.Controllers.AuthController.Login (api) in 599.5615ms
2025-11-14 11:37:21.225 +01:00 [INF] Executed endpoint 'api.Controllers.AuthController.Login (api)'
2025-11-14 11:37:21.225 +01:00 [INF] Request finished HTTP/1.1 POST http://localhost:5082/api/Auth/login - 200 661 application/json; charset=utf-8 600.7645ms
2025-11-14 11:37:23.895 +01:00 [INF] Request starting HTTP/1.1 OPTIONS http://localhost:5082/api/takequizapi/takequizlist - null null
2025-11-14 11:37:23.896 +01:00 [INF] CORS policy execution successful.
2025-11-14 11:37:23.896 +01:00 [INF] Request finished HTTP/1.1 OPTIONS http://localhost:5082/api/takequizapi/takequizlist - 204 null null 0.5825ms
2025-11-14 11:37:23.897 +01:00 [INF] Request starting HTTP/1.1 OPTIONS http://localhost:5082/api/takequizapi/takequizlist - null null
2025-11-14 11:37:23.897 +01:00 [INF] CORS policy execution successful.
2025-11-14 11:37:23.897 +01:00 [INF] Request finished HTTP/1.1 OPTIONS http://localhost:5082/api/takequizapi/takequizlist - 204 null null 0.4324ms
2025-11-14 11:37:23.926 +01:00 [INF] Request starting HTTP/1.1 GET http://localhost:5082/api/takequizapi/takequizlist - application/json null
2025-11-14 11:37:23.928 +01:00 [INF] CORS policy execution successful.
2025-11-14 11:37:23.930 +01:00 [INF] Executing endpoint 'api.Controllers.TakeQuizApiController.GetAllQuizzes (api)'
2025-11-14 11:37:23.931 +01:00 [INF] Route matched with {action = "GetAllQuizzes", controller = "TakeQuizApi"}. Executing controller action with signature System.Threading.Tasks.Task`1[Microsoft.AspNetCore.Mvc.IActionResult] GetAllQuizzes() on controller api.Controllers.TakeQuizApiController (api).
2025-11-14 11:37:23.971 +01:00 [INF] Executing OkObjectResult, writing value of type 'System.Collections.Generic.List`1[[api.DTOs.QuizDto, api, Version=1.0.0.0, Culture=neutral, PublicKeyToken=null]]'.
2025-11-14 11:37:23.971 +01:00 [INF] Executed action api.Controllers.TakeQuizApiController.GetAllQuizzes (api) in 39.8035ms
2025-11-14 11:37:23.971 +01:00 [INF] Executed endpoint 'api.Controllers.TakeQuizApiController.GetAllQuizzes (api)'
2025-11-14 11:37:23.972 +01:00 [INF] Request finished HTTP/1.1 GET http://localhost:5082/api/takequizapi/takequizlist - 200 377 application/json; charset=utf-8 46.0517ms
2025-11-14 11:37:24.190 +01:00 [INF] Request starting HTTP/1.1 GET http://localhost:5082/api/takequizapi/takequizlist - application/json null
2025-11-14 11:37:24.190 +01:00 [INF] CORS policy execution successful.
2025-11-14 11:37:24.190 +01:00 [INF] Executing endpoint 'api.Controllers.TakeQuizApiController.GetAllQuizzes (api)'
2025-11-14 11:37:24.190 +01:00 [INF] Route matched with {action = "GetAllQuizzes", controller = "TakeQuizApi"}. Executing controller action with signature System.Threading.Tasks.Task`1[Microsoft.AspNetCore.Mvc.IActionResult] GetAllQuizzes() on controller api.Controllers.TakeQuizApiController (api).
2025-11-14 11:37:24.198 +01:00 [INF] Executing OkObjectResult, writing value of type 'System.Collections.Generic.List`1[[api.DTOs.QuizDto, api, Version=1.0.0.0, Culture=neutral, PublicKeyToken=null]]'.
2025-11-14 11:37:24.199 +01:00 [INF] Executed action api.Controllers.TakeQuizApiController.GetAllQuizzes (api) in 8.2231ms
2025-11-14 11:37:24.199 +01:00 [INF] Executed endpoint 'api.Controllers.TakeQuizApiController.GetAllQuizzes (api)'
2025-11-14 11:37:24.199 +01:00 [INF] Request finished HTTP/1.1 GET http://localhost:5082/api/takequizapi/takequizlist - 200 377 application/json; charset=utf-8 9.5358ms
2025-11-14 11:37:26.118 +01:00 [INF] Request starting HTTP/1.1 OPTIONS http://localhost:5082/api/takequizapi/attempts/11 - null null
2025-11-14 11:37:26.119 +01:00 [INF] Request starting HTTP/1.1 OPTIONS http://localhost:5082/api/takequizapi/attempts/11 - null null
2025-11-14 11:37:26.119 +01:00 [INF] CORS policy execution successful.
2025-11-14 11:37:26.119 +01:00 [INF] Request finished HTTP/1.1 OPTIONS http://localhost:5082/api/takequizapi/attempts/11 - 204 null null 0.774ms
2025-11-14 11:37:26.119 +01:00 [INF] CORS policy execution successful.
2025-11-14 11:37:26.120 +01:00 [INF] Request finished HTTP/1.1 OPTIONS http://localhost:5082/api/takequizapi/attempts/11 - 204 null null 0.8458ms
2025-11-14 11:37:26.125 +01:00 [INF] Request starting HTTP/1.1 GET http://localhost:5082/api/takequizapi/attempts/11 - application/json null
2025-11-14 11:37:26.126 +01:00 [INF] CORS policy execution successful.
2025-11-14 11:37:26.128 +01:00 [INF] Executing endpoint 'api.Controllers.TakeQuizApiController.GetAttempts (api)'
2025-11-14 11:37:26.128 +01:00 [INF] Route matched with {action = "GetAttempts", controller = "TakeQuizApi"}. Executing controller action with signature System.Threading.Tasks.Task`1[Microsoft.AspNetCore.Mvc.IActionResult] GetAttempts(Int32) on controller api.Controllers.TakeQuizApiController (api).
2025-11-14 11:37:26.137 +01:00 [INF] Executing OkObjectResult, writing value of type 'System.Collections.Generic.List`1[[api.DTOs.QuizResultDto, api, Version=1.0.0.0, Culture=neutral, PublicKeyToken=null]]'.
2025-11-14 11:37:26.143 +01:00 [INF] Executed action api.Controllers.TakeQuizApiController.GetAttempts (api) in 14.4141ms
2025-11-14 11:37:26.143 +01:00 [INF] Executed endpoint 'api.Controllers.TakeQuizApiController.GetAttempts (api)'
2025-11-14 11:37:26.143 +01:00 [INF] Request finished HTTP/1.1 GET http://localhost:5082/api/takequizapi/attempts/11 - 200 501 application/json; charset=utf-8 19.5519ms
2025-11-14 11:37:26.181 +01:00 [INF] Request starting HTTP/1.1 GET http://localhost:5082/api/takequizapi/attempts/11 - application/json null
2025-11-14 11:37:26.181 +01:00 [INF] CORS policy execution successful.
2025-11-14 11:37:26.182 +01:00 [INF] Executing endpoint 'api.Controllers.TakeQuizApiController.GetAttempts (api)'
2025-11-14 11:37:26.182 +01:00 [INF] Route matched with {action = "GetAttempts", controller = "TakeQuizApi"}. Executing controller action with signature System.Threading.Tasks.Task`1[Microsoft.AspNetCore.Mvc.IActionResult] GetAttempts(Int32) on controller api.Controllers.TakeQuizApiController (api).
2025-11-14 11:37:26.188 +01:00 [INF] Executing OkObjectResult, writing value of type 'System.Collections.Generic.List`1[[api.DTOs.QuizResultDto, api, Version=1.0.0.0, Culture=neutral, PublicKeyToken=null]]'.
2025-11-14 11:37:26.189 +01:00 [INF] Executed action api.Controllers.TakeQuizApiController.GetAttempts (api) in 6.978ms
2025-11-14 11:37:26.190 +01:00 [INF] Executed endpoint 'api.Controllers.TakeQuizApiController.GetAttempts (api)'
2025-11-14 11:37:26.190 +01:00 [INF] Request finished HTTP/1.1 GET http://localhost:5082/api/takequizapi/attempts/11 - 200 501 application/json; charset=utf-8 8.9761ms
2025-11-14 11:38:22.275 +01:00 [INF] Request starting HTTP/1.1 OPTIONS http://localhost:5082/api/Auth/register - null null
2025-11-14 11:38:22.275 +01:00 [INF] CORS policy execution successful.
2025-11-14 11:38:22.275 +01:00 [INF] Request finished HTTP/1.1 OPTIONS http://localhost:5082/api/Auth/register - 204 null null 0.5335ms
2025-11-14 11:38:22.278 +01:00 [INF] Request starting HTTP/1.1 POST http://localhost:5082/api/Auth/register - application/json 77
2025-11-14 11:38:22.278 +01:00 [INF] CORS policy execution successful.
2025-11-14 11:38:22.278 +01:00 [INF] Executing endpoint 'api.Controllers.AuthController.Register (api)'
2025-11-14 11:38:22.294 +01:00 [INF] Route matched with {action = "Register", controller = "Auth"}. Executing controller action with signature System.Threading.Tasks.Task`1[Microsoft.AspNetCore.Mvc.IActionResult] Register(api.DTOs.RegisterDto) on controller api.Controllers.AuthController (api).
2025-11-14 11:38:22.333 +01:00 [WRN] [AuthController] registration failed for leo_
2025-11-14 11:38:22.335 +01:00 [INF] Executing BadRequestObjectResult, writing value of type 'System.Collections.Generic.List`1[[Microsoft.AspNetCore.Identity.IdentityError, Microsoft.Extensions.Identity.Core, Version=8.0.0.0, Culture=neutral, PublicKeyToken=adb9793829ddae60]]'.
2025-11-14 11:38:22.341 +01:00 [INF] Executed action api.Controllers.AuthController.Register (api) in 47.4444ms
2025-11-14 11:38:22.341 +01:00 [INF] Executed endpoint 'api.Controllers.AuthController.Register (api)'
2025-11-14 11:38:22.342 +01:00 [INF] Request finished HTTP/1.1 POST http://localhost:5082/api/Auth/register - 400 412 application/json; charset=utf-8 64.1981ms
2025-11-14 11:38:38.214 +01:00 [INF] Request starting HTTP/1.1 OPTIONS http://localhost:5082/api/Auth/register - null null
2025-11-14 11:38:38.214 +01:00 [INF] CORS policy execution successful.
2025-11-14 11:38:38.215 +01:00 [INF] Request finished HTTP/1.1 OPTIONS http://localhost:5082/api/Auth/register - 204 null null 0.3993ms
2025-11-14 11:38:38.216 +01:00 [INF] Request starting HTTP/1.1 POST http://localhost:5082/api/Auth/register - application/json 88
2025-11-14 11:38:38.217 +01:00 [INF] CORS policy execution successful.
2025-11-14 11:38:38.217 +01:00 [INF] Executing endpoint 'api.Controllers.AuthController.Register (api)'
2025-11-14 11:38:38.217 +01:00 [INF] Route matched with {action = "Register", controller = "Auth"}. Executing controller action with signature System.Threading.Tasks.Task`1[Microsoft.AspNetCore.Mvc.IActionResult] Register(api.DTOs.RegisterDto) on controller api.Controllers.AuthController (api).
2025-11-14 11:38:38.886 +01:00 [INF] [AuthController] user leo_ registered with role Student
2025-11-14 11:38:38.887 +01:00 [INF] Executing OkObjectResult, writing value of type '<>f__AnonymousType0`1[[System.String, System.Private.CoreLib, Version=8.0.0.0, Culture=neutral, PublicKeyToken=7cec85d7bea7798e]]'.
2025-11-14 11:38:38.889 +01:00 [INF] Executed action api.Controllers.AuthController.Register (api) in 671.8547ms
2025-11-14 11:38:38.889 +01:00 [INF] Executed endpoint 'api.Controllers.AuthController.Register (api)'
2025-11-14 11:38:38.890 +01:00 [INF] Request finished HTTP/1.1 POST http://localhost:5082/api/Auth/register - 200 53 application/json; charset=utf-8 673.7642ms
2025-11-14 11:38:51.820 +01:00 [INF] Request starting HTTP/1.1 OPTIONS http://localhost:5082/api/Auth/login - null null
2025-11-14 11:38:51.821 +01:00 [INF] CORS policy execution successful.
2025-11-14 11:38:51.821 +01:00 [INF] Request finished HTTP/1.1 OPTIONS http://localhost:5082/api/Auth/login - 204 null null 0.6586ms
2025-11-14 11:38:51.822 +01:00 [INF] Request starting HTTP/1.1 POST http://localhost:5082/api/Auth/login - application/json 47
2025-11-14 11:38:51.823 +01:00 [INF] CORS policy execution successful.
2025-11-14 11:38:51.823 +01:00 [INF] Executing endpoint 'api.Controllers.AuthController.Login (api)'
2025-11-14 11:38:51.823 +01:00 [INF] Route matched with {action = "Login", controller = "Auth"}. Executing controller action with signature System.Threading.Tasks.Task`1[Microsoft.AspNetCore.Mvc.IActionResult] Login(api.DTOs.LoginDto) on controller api.Controllers.AuthController (api).
2025-11-14 11:38:52.454 +01:00 [INF] [AuthController] JWT token created for leo_ with roles Student
2025-11-14 11:38:52.454 +01:00 [INF] [AuthController] user authorised for leo_
2025-11-14 11:38:52.454 +01:00 [INF] Executing OkObjectResult, writing value of type '<>f__AnonymousType1`1[[System.String, System.Private.CoreLib, Version=8.0.0.0, Culture=neutral, PublicKeyToken=7cec85d7bea7798e]]'.
2025-11-14 11:38:52.455 +01:00 [INF] Executed action api.Controllers.AuthController.Login (api) in 631.6647ms
2025-11-14 11:38:52.455 +01:00 [INF] Executed endpoint 'api.Controllers.AuthController.Login (api)'
2025-11-14 11:38:52.455 +01:00 [INF] Request finished HTTP/1.1 POST http://localhost:5082/api/Auth/login - 200 664 application/json; charset=utf-8 632.6766ms
2025-11-14 11:39:05.663 +01:00 [INF] Request starting HTTP/1.1 OPTIONS http://localhost:5082/api/takequizapi/takequizlist - null null
2025-11-14 11:39:05.663 +01:00 [INF] CORS policy execution successful.
2025-11-14 11:39:05.664 +01:00 [INF] Request finished HTTP/1.1 OPTIONS http://localhost:5082/api/takequizapi/takequizlist - 204 null null 0.6078ms
2025-11-14 11:39:05.664 +01:00 [INF] Request starting HTTP/1.1 OPTIONS http://localhost:5082/api/takequizapi/takequizlist - null null
2025-11-14 11:39:05.664 +01:00 [INF] CORS policy execution successful.
2025-11-14 11:39:05.664 +01:00 [INF] Request finished HTTP/1.1 OPTIONS http://localhost:5082/api/takequizapi/takequizlist - 204 null null 0.6235ms
2025-11-14 11:39:05.672 +01:00 [INF] Request starting HTTP/1.1 GET http://localhost:5082/api/takequizapi/takequizlist - application/json null
2025-11-14 11:39:05.672 +01:00 [INF] CORS policy execution successful.
2025-11-14 11:39:05.674 +01:00 [INF] Executing endpoint 'api.Controllers.TakeQuizApiController.GetAllQuizzes (api)'
2025-11-14 11:39:05.675 +01:00 [INF] Route matched with {action = "GetAllQuizzes", controller = "TakeQuizApi"}. Executing controller action with signature System.Threading.Tasks.Task`1[Microsoft.AspNetCore.Mvc.IActionResult] GetAllQuizzes() on controller api.Controllers.TakeQuizApiController (api).
2025-11-14 11:39:05.684 +01:00 [INF] Executing OkObjectResult, writing value of type 'System.Collections.Generic.List`1[[api.DTOs.QuizDto, api, Version=1.0.0.0, Culture=neutral, PublicKeyToken=null]]'.
2025-11-14 11:39:05.685 +01:00 [INF] Executed action api.Controllers.TakeQuizApiController.GetAllQuizzes (api) in 10.1749ms
2025-11-14 11:39:05.685 +01:00 [INF] Executed endpoint 'api.Controllers.TakeQuizApiController.GetAllQuizzes (api)'
2025-11-14 11:39:05.685 +01:00 [INF] Request finished HTTP/1.1 GET http://localhost:5082/api/takequizapi/takequizlist - 200 377 application/json; charset=utf-8 13.8072ms
2025-11-14 11:39:05.689 +01:00 [INF] Request starting HTTP/1.1 GET http://localhost:5082/api/takequizapi/takequizlist - application/json null
2025-11-14 11:39:05.689 +01:00 [INF] CORS policy execution successful.
2025-11-14 11:39:05.690 +01:00 [INF] Executing endpoint 'api.Controllers.TakeQuizApiController.GetAllQuizzes (api)'
2025-11-14 11:39:05.690 +01:00 [INF] Route matched with {action = "GetAllQuizzes", controller = "TakeQuizApi"}. Executing controller action with signature System.Threading.Tasks.Task`1[Microsoft.AspNetCore.Mvc.IActionResult] GetAllQuizzes() on controller api.Controllers.TakeQuizApiController (api).
2025-11-14 11:39:05.731 +01:00 [INF] Executing OkObjectResult, writing value of type 'System.Collections.Generic.List`1[[api.DTOs.QuizDto, api, Version=1.0.0.0, Culture=neutral, PublicKeyToken=null]]'.
2025-11-14 11:39:05.732 +01:00 [INF] Executed action api.Controllers.TakeQuizApiController.GetAllQuizzes (api) in 41.3449ms
2025-11-14 11:39:05.733 +01:00 [INF] Executed endpoint 'api.Controllers.TakeQuizApiController.GetAllQuizzes (api)'
2025-11-14 11:39:05.733 +01:00 [INF] Request finished HTTP/1.1 GET http://localhost:5082/api/takequizapi/takequizlist - 200 377 application/json; charset=utf-8 44.5382ms
2025-11-14 11:48:11.323 +01:00 [INF] Application is shutting down...
