2025-11-14 16:11:39.142 +01:00 [INF] User profile is available. Using 'C:\Users\Aliza Mudassar\AppData\Local\ASP.NET\DataProtection-Keys' as key repository and Windows DPAPI to encrypt keys at rest.
2025-11-14 16:11:39.223 +01:00 [INF] Now listening on: http://localhost:5082
2025-11-14 16:11:39.226 +01:00 [INF] Application started. Press Ctrl+C to shut down.
2025-11-14 16:11:39.226 +01:00 [INF] Hosting environment: Development
2025-11-14 16:11:39.226 +01:00 [INF] Content root path: C:\Users\Aliza Mudassar\OneDrive - OsloMet\webapplikasjoner\EXAMFAM\api
2025-11-14 16:12:02.524 +01:00 [INF] Request starting HTTP/1.1 OPTIONS http://localhost:5082/api/takequizapi/takequizlist - null null
2025-11-14 16:12:02.524 +01:00 [INF] Request starting HTTP/1.1 OPTIONS http://localhost:5082/api/takequizapi/takequizlist - null null
2025-11-14 16:12:02.567 +01:00 [INF] CORS policy execution successful.
2025-11-14 16:12:02.567 +01:00 [INF] CORS policy execution successful.
2025-11-14 16:12:02.576 +01:00 [INF] Request finished HTTP/1.1 OPTIONS http://localhost:5082/api/takequizapi/takequizlist - 204 null null 54.0275ms
2025-11-14 16:12:02.577 +01:00 [INF] Request finished HTTP/1.1 OPTIONS http://localhost:5082/api/takequizapi/takequizlist - 204 null null 54.6959ms
2025-11-14 16:12:02.582 +01:00 [INF] Request starting HTTP/1.1 GET http://localhost:5082/api/takequizapi/takequizlist - application/json null
2025-11-14 16:12:02.591 +01:00 [INF] CORS policy execution successful.
2025-11-14 16:12:02.769 +01:00 [INF] Executing endpoint 'api.Controllers.TakeQuizApiController.GetAllQuizzes (api)'
2025-11-14 16:12:02.783 +01:00 [INF] Route matched with {action = "GetAllQuizzes", controller = "TakeQuizApi"}. Executing controller action with signature System.Threading.Tasks.Task`1[Microsoft.AspNetCore.Mvc.IActionResult] GetAllQuizzes() on controller api.Controllers.TakeQuizApiController (api).
2025-11-14 16:12:02.973 +01:00 [WRN] Compiling a query which loads related collections for more than one collection navigation, either via 'Include' or through projection, but no 'QuerySplittingBehavior' has been configured. By default, Entity Framework will use 'QuerySplittingBehavior.SingleQuery', which can potentially result in slow query performance. See https://go.microsoft.com/fwlink/?linkid=2134277 for more information. To identify the query that's triggering this warning call 'ConfigureWarnings(w => w.Throw(RelationalEventId.MultipleCollectionIncludeWarning))'.
2025-11-14 16:12:03.063 +01:00 [INF] Executing OkObjectResult, writing value of type 'System.Collections.Generic.List`1[[api.DTOs.QuizDto, api, Version=1.0.0.0, Culture=neutral, PublicKeyToken=null]]'.
2025-11-14 16:12:03.163 +01:00 [INF] Executed action api.Controllers.TakeQuizApiController.GetAllQuizzes (api) in 373.7671ms
2025-11-14 16:12:03.163 +01:00 [INF] Executed endpoint 'api.Controllers.TakeQuizApiController.GetAllQuizzes (api)'
2025-11-14 16:12:03.166 +01:00 [INF] Request finished HTTP/1.1 GET http://localhost:5082/api/takequizapi/takequizlist - 200 377 application/json; charset=utf-8 583.621ms
2025-11-14 16:12:03.167 +01:00 [INF] Request starting HTTP/1.1 GET http://localhost:5082/api/takequizapi/takequizlist - application/json null
2025-11-14 16:12:03.168 +01:00 [INF] CORS policy execution successful.
2025-11-14 16:12:03.170 +01:00 [INF] Executing endpoint 'api.Controllers.TakeQuizApiController.GetAllQuizzes (api)'
2025-11-14 16:12:03.170 +01:00 [INF] Route matched with {action = "GetAllQuizzes", controller = "TakeQuizApi"}. Executing controller action with signature System.Threading.Tasks.Task`1[Microsoft.AspNetCore.Mvc.IActionResult] GetAllQuizzes() on controller api.Controllers.TakeQuizApiController (api).
2025-11-14 16:12:03.194 +01:00 [INF] Executing OkObjectResult, writing value of type 'System.Collections.Generic.List`1[[api.DTOs.QuizDto, api, Version=1.0.0.0, Culture=neutral, PublicKeyToken=null]]'.
2025-11-14 16:12:03.195 +01:00 [INF] Executed action api.Controllers.TakeQuizApiController.GetAllQuizzes (api) in 24.3097ms
2025-11-14 16:12:03.195 +01:00 [INF] Executed endpoint 'api.Controllers.TakeQuizApiController.GetAllQuizzes (api)'
2025-11-14 16:12:03.195 +01:00 [INF] Request finished HTTP/1.1 GET http://localhost:5082/api/takequizapi/takequizlist - 200 377 application/json; charset=utf-8 28.0054ms
2025-11-14 16:12:04.475 +01:00 [INF] Request starting HTTP/1.1 OPTIONS http://localhost:5082/api/takequizapi/attempts/1 - null null
2025-11-14 16:12:04.475 +01:00 [INF] Request starting HTTP/1.1 OPTIONS http://localhost:5082/api/takequizapi/attempts/1 - null null
2025-11-14 16:12:04.475 +01:00 [INF] CORS policy execution successful.
2025-11-14 16:12:04.475 +01:00 [INF] CORS policy execution successful.
2025-11-14 16:12:04.476 +01:00 [INF] Request finished HTTP/1.1 OPTIONS http://localhost:5082/api/takequizapi/attempts/1 - 204 null null 1.1201ms
2025-11-14 16:12:04.476 +01:00 [INF] Request finished HTTP/1.1 OPTIONS http://localhost:5082/api/takequizapi/attempts/1 - 204 null null 0.9611ms
2025-11-14 16:12:04.479 +01:00 [INF] Request starting HTTP/1.1 GET http://localhost:5082/api/takequizapi/attempts/1 - application/json null
2025-11-14 16:12:04.480 +01:00 [INF] CORS policy execution successful.
2025-11-14 16:12:04.488 +01:00 [INF] Executing endpoint 'api.Controllers.TakeQuizApiController.GetAttempts (api)'
2025-11-14 16:12:04.499 +01:00 [INF] Route matched with {action = "GetAttempts", controller = "TakeQuizApi"}. Executing controller action with signature System.Threading.Tasks.Task`1[Microsoft.AspNetCore.Mvc.IActionResult] GetAttempts(Int32) on controller api.Controllers.TakeQuizApiController (api).
2025-11-14 16:12:04.541 +01:00 [WRN] Compiling a query which loads related collections for more than one collection navigation, either via 'Include' or through projection, but no 'QuerySplittingBehavior' has been configured. By default, Entity Framework will use 'QuerySplittingBehavior.SingleQuery', which can potentially result in slow query performance. See https://go.microsoft.com/fwlink/?linkid=2134277 for more information. To identify the query that's triggering this warning call 'ConfigureWarnings(w => w.Throw(RelationalEventId.MultipleCollectionIncludeWarning))'.
2025-11-14 16:12:04.581 +01:00 [INF] Executing OkObjectResult, writing value of type 'System.Collections.Generic.List`1[[api.DTOs.QuizResultDto, api, Version=1.0.0.0, Culture=neutral, PublicKeyToken=null]]'.
2025-11-14 16:12:04.588 +01:00 [INF] Executed action api.Controllers.TakeQuizApiController.GetAttempts (api) in 88.5689ms
2025-11-14 16:12:04.588 +01:00 [INF] Executed endpoint 'api.Controllers.TakeQuizApiController.GetAttempts (api)'
2025-11-14 16:12:04.588 +01:00 [INF] Request finished HTTP/1.1 GET http://localhost:5082/api/takequizapi/attempts/1 - 200 305 application/json; charset=utf-8 109.3275ms
2025-11-14 16:12:04.589 +01:00 [INF] Request starting HTTP/1.1 GET http://localhost:5082/api/takequizapi/attempts/1 - application/json null
2025-11-14 16:12:04.590 +01:00 [INF] CORS policy execution successful.
2025-11-14 16:12:04.592 +01:00 [INF] Executing endpoint 'api.Controllers.TakeQuizApiController.GetAttempts (api)'
2025-11-14 16:12:04.592 +01:00 [INF] Route matched with {action = "GetAttempts", controller = "TakeQuizApi"}. Executing controller action with signature System.Threading.Tasks.Task`1[Microsoft.AspNetCore.Mvc.IActionResult] GetAttempts(Int32) on controller api.Controllers.TakeQuizApiController (api).
2025-11-14 16:12:04.599 +01:00 [INF] Executing OkObjectResult, writing value of type 'System.Collections.Generic.List`1[[api.DTOs.QuizResultDto, api, Version=1.0.0.0, Culture=neutral, PublicKeyToken=null]]'.
2025-11-14 16:12:04.600 +01:00 [INF] Executed action api.Controllers.TakeQuizApiController.GetAttempts (api) in 7.1833ms
2025-11-14 16:12:04.600 +01:00 [INF] Executed endpoint 'api.Controllers.TakeQuizApiController.GetAttempts (api)'
2025-11-14 16:12:04.600 +01:00 [INF] Request finished HTTP/1.1 GET http://localhost:5082/api/takequizapi/attempts/1 - 200 305 application/json; charset=utf-8 10.9992ms
2025-11-14 16:12:11.048 +01:00 [INF] Request starting HTTP/1.1 OPTIONS http://localhost:5082/api/takequizapi/takequizlist - null null
2025-11-14 16:12:11.049 +01:00 [INF] CORS policy execution successful.
2025-11-14 16:12:11.050 +01:00 [INF] Request finished HTTP/1.1 OPTIONS http://localhost:5082/api/takequizapi/takequizlist - 204 null null 1.4223ms
2025-11-14 16:12:11.050 +01:00 [INF] Request starting HTTP/1.1 OPTIONS http://localhost:5082/api/takequizapi/takequizlist - null null
2025-11-14 16:12:11.051 +01:00 [INF] CORS policy execution successful.
2025-11-14 16:12:11.051 +01:00 [INF] Request finished HTTP/1.1 OPTIONS http://localhost:5082/api/takequizapi/takequizlist - 204 null null 0.4844ms
2025-11-14 16:12:11.054 +01:00 [INF] Request starting HTTP/1.1 GET http://localhost:5082/api/takequizapi/takequizlist - application/json null
2025-11-14 16:12:11.054 +01:00 [INF] CORS policy execution successful.
2025-11-14 16:12:11.054 +01:00 [INF] Executing endpoint 'api.Controllers.TakeQuizApiController.GetAllQuizzes (api)'
2025-11-14 16:12:11.055 +01:00 [INF] Route matched with {action = "GetAllQuizzes", controller = "TakeQuizApi"}. Executing controller action with signature System.Threading.Tasks.Task`1[Microsoft.AspNetCore.Mvc.IActionResult] GetAllQuizzes() on controller api.Controllers.TakeQuizApiController (api).
2025-11-14 16:12:11.067 +01:00 [INF] Executing OkObjectResult, writing value of type 'System.Collections.Generic.List`1[[api.DTOs.QuizDto, api, Version=1.0.0.0, Culture=neutral, PublicKeyToken=null]]'.
2025-11-14 16:12:11.068 +01:00 [INF] Executed action api.Controllers.TakeQuizApiController.GetAllQuizzes (api) in 12.8953ms
2025-11-14 16:12:11.068 +01:00 [INF] Executed endpoint 'api.Controllers.TakeQuizApiController.GetAllQuizzes (api)'
2025-11-14 16:12:11.068 +01:00 [INF] Request finished HTTP/1.1 GET http://localhost:5082/api/takequizapi/takequizlist - 200 377 application/json; charset=utf-8 14.3579ms
2025-11-14 16:12:11.070 +01:00 [INF] Request starting HTTP/1.1 GET http://localhost:5082/api/takequizapi/takequizlist - application/json null
2025-11-14 16:12:11.071 +01:00 [INF] CORS policy execution successful.
2025-11-14 16:12:11.074 +01:00 [INF] Executing endpoint 'api.Controllers.TakeQuizApiController.GetAllQuizzes (api)'
2025-11-14 16:12:11.075 +01:00 [INF] Route matched with {action = "GetAllQuizzes", controller = "TakeQuizApi"}. Executing controller action with signature System.Threading.Tasks.Task`1[Microsoft.AspNetCore.Mvc.IActionResult] GetAllQuizzes() on controller api.Controllers.TakeQuizApiController (api).
2025-11-14 16:12:11.093 +01:00 [INF] Executing OkObjectResult, writing value of type 'System.Collections.Generic.List`1[[api.DTOs.QuizDto, api, Version=1.0.0.0, Culture=neutral, PublicKeyToken=null]]'.
2025-11-14 16:12:11.093 +01:00 [INF] Executed action api.Controllers.TakeQuizApiController.GetAllQuizzes (api) in 17.8591ms
2025-11-14 16:12:11.094 +01:00 [INF] Executed endpoint 'api.Controllers.TakeQuizApiController.GetAllQuizzes (api)'
2025-11-14 16:12:11.094 +01:00 [INF] Request finished HTTP/1.1 GET http://localhost:5082/api/takequizapi/takequizlist - 200 377 application/json; charset=utf-8 24.0172ms
2025-11-14 16:12:12.503 +01:00 [INF] Request starting HTTP/1.1 OPTIONS http://localhost:5082/api/takequizapi/1 - null null
2025-11-14 16:12:12.503 +01:00 [INF] CORS policy execution successful.
2025-11-14 16:12:12.503 +01:00 [INF] Request finished HTTP/1.1 OPTIONS http://localhost:5082/api/takequizapi/1 - 204 null null 0.5475ms
2025-11-14 16:12:12.504 +01:00 [INF] Request starting HTTP/1.1 OPTIONS http://localhost:5082/api/takequizapi/1 - null null
2025-11-14 16:12:12.504 +01:00 [INF] CORS policy execution successful.
2025-11-14 16:12:12.504 +01:00 [INF] Request finished HTTP/1.1 OPTIONS http://localhost:5082/api/takequizapi/1 - 204 null null 0.2063ms
2025-11-14 16:12:12.507 +01:00 [INF] Request starting HTTP/1.1 GET http://localhost:5082/api/takequizapi/1 - application/json null
2025-11-14 16:12:12.507 +01:00 [INF] CORS policy execution successful.
2025-11-14 16:12:12.508 +01:00 [INF] Executing endpoint 'api.Controllers.TakeQuizApiController.GetQuiz (api)'
2025-11-14 16:12:12.521 +01:00 [INF] Route matched with {action = "GetQuiz", controller = "TakeQuizApi"}. Executing controller action with signature System.Threading.Tasks.Task`1[Microsoft.AspNetCore.Mvc.IActionResult] GetQuiz(Int32) on controller api.Controllers.TakeQuizApiController (api).
2025-11-14 16:12:12.540 +01:00 [WRN] Compiling a query which loads related collections for more than one collection navigation, either via 'Include' or through projection, but no 'QuerySplittingBehavior' has been configured. By default, Entity Framework will use 'QuerySplittingBehavior.SingleQuery', which can potentially result in slow query performance. See https://go.microsoft.com/fwlink/?linkid=2134277 for more information. To identify the query that's triggering this warning call 'ConfigureWarnings(w => w.Throw(RelationalEventId.MultipleCollectionIncludeWarning))'.
2025-11-14 16:12:12.555 +01:00 [INF] Executing OkObjectResult, writing value of type 'api.DTOs.QuizDto'.
2025-11-14 16:12:12.564 +01:00 [INF] Executed action api.Controllers.TakeQuizApiController.GetQuiz (api) in 43.0284ms
2025-11-14 16:12:12.566 +01:00 [INF] Executed endpoint 'api.Controllers.TakeQuizApiController.GetQuiz (api)'
2025-11-14 16:12:12.566 +01:00 [INF] Request finished HTTP/1.1 GET http://localhost:5082/api/takequizapi/1 - 200 1131 application/json; charset=utf-8 59.3298ms
2025-11-14 16:12:12.582 +01:00 [INF] Request starting HTTP/1.1 GET http://localhost:5082/api/takequizapi/1 - application/json null
2025-11-14 16:12:12.582 +01:00 [INF] CORS policy execution successful.
2025-11-14 16:12:12.584 +01:00 [INF] Executing endpoint 'api.Controllers.TakeQuizApiController.GetQuiz (api)'
2025-11-14 16:12:12.585 +01:00 [INF] Route matched with {action = "GetQuiz", controller = "TakeQuizApi"}. Executing controller action with signature System.Threading.Tasks.Task`1[Microsoft.AspNetCore.Mvc.IActionResult] GetQuiz(Int32) on controller api.Controllers.TakeQuizApiController (api).
2025-11-14 16:12:12.588 +01:00 [INF] Executing OkObjectResult, writing value of type 'api.DTOs.QuizDto'.
2025-11-14 16:12:12.588 +01:00 [INF] Executed action api.Controllers.TakeQuizApiController.GetQuiz (api) in 3.0517ms
2025-11-14 16:12:12.589 +01:00 [INF] Executed endpoint 'api.Controllers.TakeQuizApiController.GetQuiz (api)'
2025-11-14 16:12:12.589 +01:00 [INF] Request finished HTTP/1.1 GET http://localhost:5082/api/takequizapi/1 - 200 1131 application/json; charset=utf-8 7.5386ms
2025-11-14 16:13:30.449 +01:00 [INF] Request starting HTTP/1.1 OPTIONS http://localhost:5082/api/takequizapi/submit - null null
2025-11-14 16:13:30.450 +01:00 [INF] CORS policy execution successful.
2025-11-14 16:13:30.450 +01:00 [INF] Request finished HTTP/1.1 OPTIONS http://localhost:5082/api/takequizapi/submit - 204 null null 0.5714ms
2025-11-14 16:13:30.452 +01:00 [INF] Request starting HTTP/1.1 POST http://localhost:5082/api/takequizapi/submit - application/json 85
2025-11-14 16:13:30.452 +01:00 [INF] CORS policy execution successful.
2025-11-14 16:13:30.455 +01:00 [INF] Executing endpoint 'api.Controllers.TakeQuizApiController.Submit (api)'
2025-11-14 16:13:30.460 +01:00 [INF] Route matched with {action = "Submit", controller = "TakeQuizApi"}. Executing controller action with signature System.Threading.Tasks.Task`1[Microsoft.AspNetCore.Mvc.IActionResult] Submit(api.DTOs.QuizSubmissionDto) on controller api.Controllers.TakeQuizApiController (api).
2025-11-14 16:13:30.501 +01:00 [INF] Executing OkObjectResult, writing value of type 'System.Collections.Generic.Dictionary`2[[System.String, System.Private.CoreLib, Version=8.0.0.0, Culture=neutral, PublicKeyToken=7cec85d7bea7798e],[System.Int32, System.Private.CoreLib, Version=8.0.0.0, Culture=neutral, PublicKeyToken=7cec85d7bea7798e]]'.
2025-11-14 16:13:30.505 +01:00 [INF] Executed action api.Controllers.TakeQuizApiController.Submit (api) in 44.7498ms
2025-11-14 16:13:30.505 +01:00 [INF] Executed endpoint 'api.Controllers.TakeQuizApiController.Submit (api)'
2025-11-14 16:13:30.505 +01:00 [INF] Request finished HTTP/1.1 POST http://localhost:5082/api/takequizapi/submit - 200 11 application/json; charset=utf-8 53.1955ms
2025-11-14 16:13:35.081 +01:00 [INF] Request starting HTTP/1.1 OPTIONS http://localhost:5082/api/takequizapi/saveattempt - null null
2025-11-14 16:13:35.081 +01:00 [INF] CORS policy execution successful.
2025-11-14 16:13:35.082 +01:00 [INF] Request finished HTTP/1.1 OPTIONS http://localhost:5082/api/takequizapi/saveattempt - 204 null null 0.5133ms
2025-11-14 16:13:35.083 +01:00 [INF] Request starting HTTP/1.1 POST http://localhost:5082/api/takequizapi/saveattempt - application/json 43
2025-11-14 16:13:35.083 +01:00 [INF] CORS policy execution successful.
2025-11-14 16:13:35.083 +01:00 [INF] Executing endpoint 'api.Controllers.TakeQuizApiController.SaveAttempt (api)'
2025-11-14 16:13:35.086 +01:00 [INF] Route matched with {action = "SaveAttempt", controller = "TakeQuizApi"}. Executing controller action with signature System.Threading.Tasks.Task`1[Microsoft.AspNetCore.Mvc.IActionResult] SaveAttempt(api.DTOs.QuizResultDto) on controller api.Controllers.TakeQuizApiController (api).
2025-11-14 16:13:35.221 +01:00 [INF] Executing OkObjectResult, writing value of type '<>f__AnonymousType3`1[[System.String, System.Private.CoreLib, Version=8.0.0.0, Culture=neutral, PublicKeyToken=7cec85d7bea7798e]]'.
2025-11-14 16:13:35.224 +01:00 [INF] Executed action api.Controllers.TakeQuizApiController.SaveAttempt (api) in 138.471ms
2025-11-14 16:13:35.225 +01:00 [INF] Executed endpoint 'api.Controllers.TakeQuizApiController.SaveAttempt (api)'
2025-11-14 16:13:35.225 +01:00 [INF] Request finished HTTP/1.1 POST http://localhost:5082/api/takequizapi/saveattempt - 200 40 application/json; charset=utf-8 141.8067ms
2025-11-14 16:13:37.325 +01:00 [INF] Request starting HTTP/1.1 OPTIONS http://localhost:5082/api/takequizapi/takequizlist - null null
2025-11-14 16:13:37.325 +01:00 [INF] Request starting HTTP/1.1 OPTIONS http://localhost:5082/api/takequizapi/takequizlist - null null
2025-11-14 16:13:37.326 +01:00 [INF] CORS policy execution successful.
2025-11-14 16:13:37.326 +01:00 [INF] CORS policy execution successful.
2025-11-14 16:13:37.326 +01:00 [INF] Request finished HTTP/1.1 OPTIONS http://localhost:5082/api/takequizapi/takequizlist - 204 null null 0.4633ms
2025-11-14 16:13:37.326 +01:00 [INF] Request finished HTTP/1.1 OPTIONS http://localhost:5082/api/takequizapi/takequizlist - 204 null null 0.4633ms
2025-11-14 16:13:37.332 +01:00 [INF] Request starting HTTP/1.1 GET http://localhost:5082/api/takequizapi/takequizlist - application/json null
2025-11-14 16:13:37.332 +01:00 [INF] CORS policy execution successful.
2025-11-14 16:13:37.332 +01:00 [INF] Executing endpoint 'api.Controllers.TakeQuizApiController.GetAllQuizzes (api)'
2025-11-14 16:13:37.332 +01:00 [INF] Route matched with {action = "GetAllQuizzes", controller = "TakeQuizApi"}. Executing controller action with signature System.Threading.Tasks.Task`1[Microsoft.AspNetCore.Mvc.IActionResult] GetAllQuizzes() on controller api.Controllers.TakeQuizApiController (api).
2025-11-14 16:13:37.337 +01:00 [INF] Executing OkObjectResult, writing value of type 'System.Collections.Generic.List`1[[api.DTOs.QuizDto, api, Version=1.0.0.0, Culture=neutral, PublicKeyToken=null]]'.
2025-11-14 16:13:37.338 +01:00 [INF] Executed action api.Controllers.TakeQuizApiController.GetAllQuizzes (api) in 5.3274ms
2025-11-14 16:13:37.338 +01:00 [INF] Executed endpoint 'api.Controllers.TakeQuizApiController.GetAllQuizzes (api)'
2025-11-14 16:13:37.338 +01:00 [INF] Request finished HTTP/1.1 GET http://localhost:5082/api/takequizapi/takequizlist - 200 377 application/json; charset=utf-8 6.3767ms
2025-11-14 16:13:37.339 +01:00 [INF] Request starting HTTP/1.1 GET http://localhost:5082/api/takequizapi/takequizlist - application/json null
2025-11-14 16:13:37.339 +01:00 [INF] CORS policy execution successful.
2025-11-14 16:13:37.340 +01:00 [INF] Executing endpoint 'api.Controllers.TakeQuizApiController.GetAllQuizzes (api)'
2025-11-14 16:13:37.340 +01:00 [INF] Route matched with {action = "GetAllQuizzes", controller = "TakeQuizApi"}. Executing controller action with signature System.Threading.Tasks.Task`1[Microsoft.AspNetCore.Mvc.IActionResult] GetAllQuizzes() on controller api.Controllers.TakeQuizApiController (api).
2025-11-14 16:13:37.342 +01:00 [INF] Executing OkObjectResult, writing value of type 'System.Collections.Generic.List`1[[api.DTOs.QuizDto, api, Version=1.0.0.0, Culture=neutral, PublicKeyToken=null]]'.
2025-11-14 16:13:37.343 +01:00 [INF] Executed action api.Controllers.TakeQuizApiController.GetAllQuizzes (api) in 2.9704ms
2025-11-14 16:13:37.343 +01:00 [INF] Executed endpoint 'api.Controllers.TakeQuizApiController.GetAllQuizzes (api)'
2025-11-14 16:13:37.343 +01:00 [INF] Request finished HTTP/1.1 GET http://localhost:5082/api/takequizapi/takequizlist - 200 377 application/json; charset=utf-8 4.0984ms
2025-11-14 16:13:38.702 +01:00 [INF] Request starting HTTP/1.1 OPTIONS http://localhost:5082/api/takequizapi/attempts/1 - null null
2025-11-14 16:13:38.702 +01:00 [INF] CORS policy execution successful.
2025-11-14 16:13:38.702 +01:00 [INF] Request starting HTTP/1.1 OPTIONS http://localhost:5082/api/takequizapi/attempts/1 - null null
2025-11-14 16:13:38.703 +01:00 [INF] Request finished HTTP/1.1 OPTIONS http://localhost:5082/api/takequizapi/attempts/1 - 204 null null 0.3857ms
2025-11-14 16:13:38.703 +01:00 [INF] CORS policy execution successful.
2025-11-14 16:13:38.703 +01:00 [INF] Request finished HTTP/1.1 OPTIONS http://localhost:5082/api/takequizapi/attempts/1 - 204 null null 0.2271ms
2025-11-14 16:13:38.705 +01:00 [INF] Request starting HTTP/1.1 GET http://localhost:5082/api/takequizapi/attempts/1 - application/json null
2025-11-14 16:13:38.705 +01:00 [INF] CORS policy execution successful.
2025-11-14 16:13:38.706 +01:00 [INF] Executing endpoint 'api.Controllers.TakeQuizApiController.GetAttempts (api)'
2025-11-14 16:13:38.706 +01:00 [INF] Route matched with {action = "GetAttempts", controller = "TakeQuizApi"}. Executing controller action with signature System.Threading.Tasks.Task`1[Microsoft.AspNetCore.Mvc.IActionResult] GetAttempts(Int32) on controller api.Controllers.TakeQuizApiController (api).
2025-11-14 16:13:38.709 +01:00 [INF] Executing OkObjectResult, writing value of type 'System.Collections.Generic.List`1[[api.DTOs.QuizResultDto, api, Version=1.0.0.0, Culture=neutral, PublicKeyToken=null]]'.
2025-11-14 16:13:38.715 +01:00 [INF] Executed action api.Controllers.TakeQuizApiController.GetAttempts (api) in 9.1017ms
2025-11-14 16:13:38.715 +01:00 [INF] Executed endpoint 'api.Controllers.TakeQuizApiController.GetAttempts (api)'
2025-11-14 16:13:38.715 +01:00 [INF] Request finished HTTP/1.1 GET http://localhost:5082/api/takequizapi/attempts/1 - 200 467 application/json; charset=utf-8 10.1828ms
2025-11-14 16:13:38.720 +01:00 [INF] Request starting HTTP/1.1 GET http://localhost:5082/api/takequizapi/attempts/1 - application/json null
2025-11-14 16:13:38.720 +01:00 [INF] CORS policy execution successful.
2025-11-14 16:13:38.722 +01:00 [INF] Executing endpoint 'api.Controllers.TakeQuizApiController.GetAttempts (api)'
2025-11-14 16:13:38.722 +01:00 [INF] Route matched with {action = "GetAttempts", controller = "TakeQuizApi"}. Executing controller action with signature System.Threading.Tasks.Task`1[Microsoft.AspNetCore.Mvc.IActionResult] GetAttempts(Int32) on controller api.Controllers.TakeQuizApiController (api).
2025-11-14 16:13:38.725 +01:00 [INF] Executing OkObjectResult, writing value of type 'System.Collections.Generic.List`1[[api.DTOs.QuizResultDto, api, Version=1.0.0.0, Culture=neutral, PublicKeyToken=null]]'.
2025-11-14 16:13:38.728 +01:00 [INF] Executed action api.Controllers.TakeQuizApiController.GetAttempts (api) in 6.0024ms
2025-11-14 16:13:38.729 +01:00 [INF] Executed endpoint 'api.Controllers.TakeQuizApiController.GetAttempts (api)'
2025-11-14 16:13:38.729 +01:00 [INF] Request finished HTTP/1.1 GET http://localhost:5082/api/takequizapi/attempts/1 - 200 467 application/json; charset=utf-8 9.3638ms
2025-11-14 16:13:50.576 +01:00 [INF] Request starting HTTP/1.1 OPTIONS http://localhost:5082/api/takequizapi/takequizlist - null null
2025-11-14 16:13:50.576 +01:00 [INF] CORS policy execution successful.
2025-11-14 16:13:50.576 +01:00 [INF] Request finished HTTP/1.1 OPTIONS http://localhost:5082/api/takequizapi/takequizlist - 204 null null 0.4802ms
2025-11-14 16:13:50.580 +01:00 [INF] Request starting HTTP/1.1 OPTIONS http://localhost:5082/api/takequizapi/takequizlist - null null
2025-11-14 16:13:50.580 +01:00 [INF] CORS policy execution successful.
2025-11-14 16:13:50.580 +01:00 [INF] Request finished HTTP/1.1 OPTIONS http://localhost:5082/api/takequizapi/takequizlist - 204 null null 0.4203ms
2025-11-14 16:13:50.582 +01:00 [INF] Request starting HTTP/1.1 GET http://localhost:5082/api/takequizapi/takequizlist - application/json null
2025-11-14 16:13:50.582 +01:00 [INF] CORS policy execution successful.
2025-11-14 16:13:50.585 +01:00 [INF] Executing endpoint 'api.Controllers.TakeQuizApiController.GetAllQuizzes (api)'
2025-11-14 16:13:50.585 +01:00 [INF] Route matched with {action = "GetAllQuizzes", controller = "TakeQuizApi"}. Executing controller action with signature System.Threading.Tasks.Task`1[Microsoft.AspNetCore.Mvc.IActionResult] GetAllQuizzes() on controller api.Controllers.TakeQuizApiController (api).
2025-11-14 16:13:50.589 +01:00 [INF] Executing OkObjectResult, writing value of type 'System.Collections.Generic.List`1[[api.DTOs.QuizDto, api, Version=1.0.0.0, Culture=neutral, PublicKeyToken=null]]'.
2025-11-14 16:13:50.589 +01:00 [INF] Executed action api.Controllers.TakeQuizApiController.GetAllQuizzes (api) in 4.0767ms
2025-11-14 16:13:50.589 +01:00 [INF] Executed endpoint 'api.Controllers.TakeQuizApiController.GetAllQuizzes (api)'
2025-11-14 16:13:50.590 +01:00 [INF] Request finished HTTP/1.1 GET http://localhost:5082/api/takequizapi/takequizlist - 200 377 application/json; charset=utf-8 7.8232ms
2025-11-14 16:13:50.591 +01:00 [INF] Request starting HTTP/1.1 GET http://localhost:5082/api/takequizapi/takequizlist - application/json null
2025-11-14 16:13:50.591 +01:00 [INF] CORS policy execution successful.
2025-11-14 16:13:50.592 +01:00 [INF] Executing endpoint 'api.Controllers.TakeQuizApiController.GetAllQuizzes (api)'
2025-11-14 16:13:50.592 +01:00 [INF] Route matched with {action = "GetAllQuizzes", controller = "TakeQuizApi"}. Executing controller action with signature System.Threading.Tasks.Task`1[Microsoft.AspNetCore.Mvc.IActionResult] GetAllQuizzes() on controller api.Controllers.TakeQuizApiController (api).
2025-11-14 16:13:50.597 +01:00 [INF] Executing OkObjectResult, writing value of type 'System.Collections.Generic.List`1[[api.DTOs.QuizDto, api, Version=1.0.0.0, Culture=neutral, PublicKeyToken=null]]'.
2025-11-14 16:13:50.597 +01:00 [INF] Executed action api.Controllers.TakeQuizApiController.GetAllQuizzes (api) in 5.6207ms
2025-11-14 16:13:50.597 +01:00 [INF] Executed endpoint 'api.Controllers.TakeQuizApiController.GetAllQuizzes (api)'
2025-11-14 16:13:50.599 +01:00 [INF] Request finished HTTP/1.1 GET http://localhost:5082/api/takequizapi/takequizlist - 200 377 application/json; charset=utf-8 6.555ms
2025-11-14 16:13:54.707 +01:00 [INF] Request starting HTTP/1.1 OPTIONS http://localhost:5082/api/takequizapi/attempts/1 - null null
2025-11-14 16:13:54.707 +01:00 [INF] Request starting HTTP/1.1 OPTIONS http://localhost:5082/api/takequizapi/attempts/1 - null null
2025-11-14 16:13:54.707 +01:00 [INF] CORS policy execution successful.
2025-11-14 16:13:54.707 +01:00 [INF] CORS policy execution successful.
2025-11-14 16:13:54.707 +01:00 [INF] Request finished HTTP/1.1 OPTIONS http://localhost:5082/api/takequizapi/attempts/1 - 204 null null 0.3548ms
2025-11-14 16:13:54.707 +01:00 [INF] Request finished HTTP/1.1 OPTIONS http://localhost:5082/api/takequizapi/attempts/1 - 204 null null 0.3547ms
2025-11-14 16:13:54.709 +01:00 [INF] Request starting HTTP/1.1 GET http://localhost:5082/api/takequizapi/attempts/1 - application/json null
2025-11-14 16:13:54.709 +01:00 [INF] CORS policy execution successful.
2025-11-14 16:13:54.709 +01:00 [INF] Executing endpoint 'api.Controllers.TakeQuizApiController.GetAttempts (api)'
2025-11-14 16:13:54.709 +01:00 [INF] Route matched with {action = "GetAttempts", controller = "TakeQuizApi"}. Executing controller action with signature System.Threading.Tasks.Task`1[Microsoft.AspNetCore.Mvc.IActionResult] GetAttempts(Int32) on controller api.Controllers.TakeQuizApiController (api).
2025-11-14 16:13:54.713 +01:00 [INF] Executing OkObjectResult, writing value of type 'System.Collections.Generic.List`1[[api.DTOs.QuizResultDto, api, Version=1.0.0.0, Culture=neutral, PublicKeyToken=null]]'.
2025-11-14 16:13:54.717 +01:00 [INF] Executed action api.Controllers.TakeQuizApiController.GetAttempts (api) in 7.392ms
2025-11-14 16:13:54.717 +01:00 [INF] Executed endpoint 'api.Controllers.TakeQuizApiController.GetAttempts (api)'
2025-11-14 16:13:54.717 +01:00 [INF] Request finished HTTP/1.1 GET http://localhost:5082/api/takequizapi/attempts/1 - 200 467 application/json; charset=utf-8 8.8377ms
2025-11-14 16:13:54.719 +01:00 [INF] Request starting HTTP/1.1 GET http://localhost:5082/api/takequizapi/attempts/1 - application/json null
2025-11-14 16:13:54.719 +01:00 [INF] CORS policy execution successful.
2025-11-14 16:13:54.719 +01:00 [INF] Executing endpoint 'api.Controllers.TakeQuizApiController.GetAttempts (api)'
2025-11-14 16:13:54.720 +01:00 [INF] Route matched with {action = "GetAttempts", controller = "TakeQuizApi"}. Executing controller action with signature System.Threading.Tasks.Task`1[Microsoft.AspNetCore.Mvc.IActionResult] GetAttempts(Int32) on controller api.Controllers.TakeQuizApiController (api).
2025-11-14 16:13:54.722 +01:00 [INF] Executing OkObjectResult, writing value of type 'System.Collections.Generic.List`1[[api.DTOs.QuizResultDto, api, Version=1.0.0.0, Culture=neutral, PublicKeyToken=null]]'.
2025-11-14 16:13:54.723 +01:00 [INF] Executed action api.Controllers.TakeQuizApiController.GetAttempts (api) in 3.0288ms
2025-11-14 16:13:54.724 +01:00 [INF] Executed endpoint 'api.Controllers.TakeQuizApiController.GetAttempts (api)'
2025-11-14 16:13:54.725 +01:00 [INF] Request finished HTTP/1.1 GET http://localhost:5082/api/takequizapi/attempts/1 - 200 467 application/json; charset=utf-8 5.3138ms
2025-11-14 16:14:00.118 +01:00 [INF] Request starting HTTP/1.1 OPTIONS http://localhost:5082/api/takequizapi/takequizlist - null null
2025-11-14 16:14:00.118 +01:00 [INF] Request starting HTTP/1.1 OPTIONS http://localhost:5082/api/takequizapi/takequizlist - null null
2025-11-14 16:14:00.118 +01:00 [INF] CORS policy execution successful.
2025-11-14 16:14:00.118 +01:00 [INF] CORS policy execution successful.
2025-11-14 16:14:00.118 +01:00 [INF] Request finished HTTP/1.1 OPTIONS http://localhost:5082/api/takequizapi/takequizlist - 204 null null 0.3296ms
2025-11-14 16:14:00.118 +01:00 [INF] Request finished HTTP/1.1 OPTIONS http://localhost:5082/api/takequizapi/takequizlist - 204 null null 0.3296ms
2025-11-14 16:14:00.120 +01:00 [INF] Request starting HTTP/1.1 GET http://localhost:5082/api/takequizapi/takequizlist - application/json null
2025-11-14 16:14:00.120 +01:00 [INF] CORS policy execution successful.
2025-11-14 16:14:00.121 +01:00 [INF] Executing endpoint 'api.Controllers.TakeQuizApiController.GetAllQuizzes (api)'
2025-11-14 16:14:00.121 +01:00 [INF] Route matched with {action = "GetAllQuizzes", controller = "TakeQuizApi"}. Executing controller action with signature System.Threading.Tasks.Task`1[Microsoft.AspNetCore.Mvc.IActionResult] GetAllQuizzes() on controller api.Controllers.TakeQuizApiController (api).
2025-11-14 16:14:00.128 +01:00 [INF] Executing OkObjectResult, writing value of type 'System.Collections.Generic.List`1[[api.DTOs.QuizDto, api, Version=1.0.0.0, Culture=neutral, PublicKeyToken=null]]'.
2025-11-14 16:14:00.128 +01:00 [INF] Executed action api.Controllers.TakeQuizApiController.GetAllQuizzes (api) in 7.2441ms
2025-11-14 16:14:00.128 +01:00 [INF] Executed endpoint 'api.Controllers.TakeQuizApiController.GetAllQuizzes (api)'
2025-11-14 16:14:00.128 +01:00 [INF] Request finished HTTP/1.1 GET http://localhost:5082/api/takequizapi/takequizlist - 200 377 application/json; charset=utf-8 8.4058ms
2025-11-14 16:14:00.129 +01:00 [INF] Request starting HTTP/1.1 GET http://localhost:5082/api/takequizapi/takequizlist - application/json null
2025-11-14 16:14:00.129 +01:00 [INF] CORS policy execution successful.
2025-11-14 16:14:00.130 +01:00 [INF] Executing endpoint 'api.Controllers.TakeQuizApiController.GetAllQuizzes (api)'
2025-11-14 16:14:00.130 +01:00 [INF] Route matched with {action = "GetAllQuizzes", controller = "TakeQuizApi"}. Executing controller action with signature System.Threading.Tasks.Task`1[Microsoft.AspNetCore.Mvc.IActionResult] GetAllQuizzes() on controller api.Controllers.TakeQuizApiController (api).
2025-11-14 16:14:00.133 +01:00 [INF] Executing OkObjectResult, writing value of type 'System.Collections.Generic.List`1[[api.DTOs.QuizDto, api, Version=1.0.0.0, Culture=neutral, PublicKeyToken=null]]'.
2025-11-14 16:14:00.134 +01:00 [INF] Executed action api.Controllers.TakeQuizApiController.GetAllQuizzes (api) in 4.4129ms
2025-11-14 16:14:00.134 +01:00 [INF] Executed endpoint 'api.Controllers.TakeQuizApiController.GetAllQuizzes (api)'
2025-11-14 16:14:00.135 +01:00 [INF] Request finished HTTP/1.1 GET http://localhost:5082/api/takequizapi/takequizlist - 200 377 application/json; charset=utf-8 5.35ms
2025-11-14 16:14:08.380 +01:00 [INF] Request starting HTTP/1.1 OPTIONS http://localhost:5082/api/Auth/login - null null
2025-11-14 16:14:08.381 +01:00 [INF] CORS policy execution successful.
2025-11-14 16:14:08.381 +01:00 [INF] Request finished HTTP/1.1 OPTIONS http://localhost:5082/api/Auth/login - 204 null null 0.2984ms
2025-11-14 16:14:08.382 +01:00 [INF] Request starting HTTP/1.1 POST http://localhost:5082/api/Auth/login - application/json 46
2025-11-14 16:14:08.382 +01:00 [INF] CORS policy execution successful.
2025-11-14 16:14:08.383 +01:00 [INF] Executing endpoint 'api.Controllers.AuthController.Login (api)'
2025-11-14 16:14:08.386 +01:00 [INF] Route matched with {action = "Login", controller = "Auth"}. Executing controller action with signature System.Threading.Tasks.Task`1[Microsoft.AspNetCore.Mvc.IActionResult] Login(api.DTOs.LoginDto) on controller api.Controllers.AuthController (api).
2025-11-14 16:14:08.574 +01:00 [INF] [AuthController] JWT token created for ola with roles Teacher
2025-11-14 16:14:08.578 +01:00 [INF] [AuthController] user authorised for ola
2025-11-14 16:14:08.579 +01:00 [INF] Executing OkObjectResult, writing value of type '<>f__AnonymousType1`1[[System.String, System.Private.CoreLib, Version=8.0.0.0, Culture=neutral, PublicKeyToken=7cec85d7bea7798e]]'.
2025-11-14 16:14:08.580 +01:00 [INF] Executed action api.Controllers.AuthController.Login (api) in 194.3001ms
2025-11-14 16:14:08.580 +01:00 [INF] Executed endpoint 'api.Controllers.AuthController.Login (api)'
2025-11-14 16:14:08.581 +01:00 [INF] Request finished HTTP/1.1 POST http://localhost:5082/api/Auth/login - 200 661 application/json; charset=utf-8 198.994ms
2025-11-14 16:14:10.359 +01:00 [INF] Request starting HTTP/1.1 OPTIONS http://localhost:5082/api/takequizapi/takequizlist - null null
2025-11-14 16:14:10.359 +01:00 [INF] CORS policy execution successful.
2025-11-14 16:14:10.359 +01:00 [INF] Request finished HTTP/1.1 OPTIONS http://localhost:5082/api/takequizapi/takequizlist - 204 null null 0.3569ms
2025-11-14 16:14:10.360 +01:00 [INF] Request starting HTTP/1.1 OPTIONS http://localhost:5082/api/takequizapi/takequizlist - null null
2025-11-14 16:14:10.360 +01:00 [INF] CORS policy execution successful.
2025-11-14 16:14:10.360 +01:00 [INF] Request finished HTTP/1.1 OPTIONS http://localhost:5082/api/takequizapi/takequizlist - 204 null null 0.1464ms
2025-11-14 16:14:10.366 +01:00 [INF] Request starting HTTP/1.1 GET http://localhost:5082/api/takequizapi/takequizlist - application/json null
2025-11-14 16:14:10.366 +01:00 [INF] CORS policy execution successful.
2025-11-14 16:14:10.366 +01:00 [INF] Executing endpoint 'api.Controllers.TakeQuizApiController.GetAllQuizzes (api)'
2025-11-14 16:14:10.367 +01:00 [INF] Route matched with {action = "GetAllQuizzes", controller = "TakeQuizApi"}. Executing controller action with signature System.Threading.Tasks.Task`1[Microsoft.AspNetCore.Mvc.IActionResult] GetAllQuizzes() on controller api.Controllers.TakeQuizApiController (api).
2025-11-14 16:14:10.369 +01:00 [INF] Executing OkObjectResult, writing value of type 'System.Collections.Generic.List`1[[api.DTOs.QuizDto, api, Version=1.0.0.0, Culture=neutral, PublicKeyToken=null]]'.
2025-11-14 16:14:10.370 +01:00 [INF] Executed action api.Controllers.TakeQuizApiController.GetAllQuizzes (api) in 2.9013ms
2025-11-14 16:14:10.370 +01:00 [INF] Executed endpoint 'api.Controllers.TakeQuizApiController.GetAllQuizzes (api)'
2025-11-14 16:14:10.370 +01:00 [INF] Request finished HTTP/1.1 GET http://localhost:5082/api/takequizapi/takequizlist - 200 377 application/json; charset=utf-8 3.7129ms
2025-11-14 16:14:10.371 +01:00 [INF] Request starting HTTP/1.1 GET http://localhost:5082/api/takequizapi/takequizlist - application/json null
2025-11-14 16:14:10.371 +01:00 [INF] CORS policy execution successful.
2025-11-14 16:14:10.371 +01:00 [INF] Executing endpoint 'api.Controllers.TakeQuizApiController.GetAllQuizzes (api)'
2025-11-14 16:14:10.371 +01:00 [INF] Route matched with {action = "GetAllQuizzes", controller = "TakeQuizApi"}. Executing controller action with signature System.Threading.Tasks.Task`1[Microsoft.AspNetCore.Mvc.IActionResult] GetAllQuizzes() on controller api.Controllers.TakeQuizApiController (api).
2025-11-14 16:14:10.377 +01:00 [INF] Executing OkObjectResult, writing value of type 'System.Collections.Generic.List`1[[api.DTOs.QuizDto, api, Version=1.0.0.0, Culture=neutral, PublicKeyToken=null]]'.
2025-11-14 16:14:10.377 +01:00 [INF] Executed action api.Controllers.TakeQuizApiController.GetAllQuizzes (api) in 5.91ms
2025-11-14 16:14:10.381 +01:00 [INF] Executed endpoint 'api.Controllers.TakeQuizApiController.GetAllQuizzes (api)'
2025-11-14 16:14:10.381 +01:00 [INF] Request finished HTTP/1.1 GET http://localhost:5082/api/takequizapi/takequizlist - 200 377 application/json; charset=utf-8 10.2551ms
2025-11-14 16:14:11.987 +01:00 [INF] Request starting HTTP/1.1 OPTIONS http://localhost:5082/api/takequizapi/attempts/1 - null null
2025-11-14 16:14:11.987 +01:00 [INF] Request starting HTTP/1.1 OPTIONS http://localhost:5082/api/takequizapi/attempts/1 - null null
2025-11-14 16:14:11.987 +01:00 [INF] CORS policy execution successful.
2025-11-14 16:14:11.987 +01:00 [INF] CORS policy execution successful.
2025-11-14 16:14:11.987 +01:00 [INF] Request finished HTTP/1.1 OPTIONS http://localhost:5082/api/takequizapi/attempts/1 - 204 null null 0.2822ms
2025-11-14 16:14:11.987 +01:00 [INF] Request finished HTTP/1.1 OPTIONS http://localhost:5082/api/takequizapi/attempts/1 - 204 null null 0.2823ms
2025-11-14 16:14:11.989 +01:00 [INF] Request starting HTTP/1.1 GET http://localhost:5082/api/takequizapi/attempts/1 - application/json null
2025-11-14 16:14:11.989 +01:00 [INF] CORS policy execution successful.
2025-11-14 16:14:11.990 +01:00 [INF] Executing endpoint 'api.Controllers.TakeQuizApiController.GetAttempts (api)'
2025-11-14 16:14:11.990 +01:00 [INF] Route matched with {action = "GetAttempts", controller = "TakeQuizApi"}. Executing controller action with signature System.Threading.Tasks.Task`1[Microsoft.AspNetCore.Mvc.IActionResult] GetAttempts(Int32) on controller api.Controllers.TakeQuizApiController (api).
2025-11-14 16:14:11.992 +01:00 [INF] Executing OkObjectResult, writing value of type 'System.Collections.Generic.List`1[[api.DTOs.QuizResultDto, api, Version=1.0.0.0, Culture=neutral, PublicKeyToken=null]]'.
2025-11-14 16:14:11.992 +01:00 [INF] Executed action api.Controllers.TakeQuizApiController.GetAttempts (api) in 2.246ms
2025-11-14 16:14:11.993 +01:00 [INF] Executed endpoint 'api.Controllers.TakeQuizApiController.GetAttempts (api)'
2025-11-14 16:14:11.993 +01:00 [INF] Request finished HTTP/1.1 GET http://localhost:5082/api/takequizapi/attempts/1 - 200 773 application/json; charset=utf-8 3.7462ms
2025-11-14 16:14:12.000 +01:00 [INF] Request starting HTTP/1.1 GET http://localhost:5082/api/takequizapi/attempts/1 - application/json null
2025-11-14 16:14:12.001 +01:00 [INF] CORS policy execution successful.
2025-11-14 16:14:12.001 +01:00 [INF] Executing endpoint 'api.Controllers.TakeQuizApiController.GetAttempts (api)'
2025-11-14 16:14:12.001 +01:00 [INF] Route matched with {action = "GetAttempts", controller = "TakeQuizApi"}. Executing controller action with signature System.Threading.Tasks.Task`1[Microsoft.AspNetCore.Mvc.IActionResult] GetAttempts(Int32) on controller api.Controllers.TakeQuizApiController (api).
2025-11-14 16:14:12.005 +01:00 [INF] Executing OkObjectResult, writing value of type 'System.Collections.Generic.List`1[[api.DTOs.QuizResultDto, api, Version=1.0.0.0, Culture=neutral, PublicKeyToken=null]]'.
2025-11-14 16:14:12.006 +01:00 [INF] Executed action api.Controllers.TakeQuizApiController.GetAttempts (api) in 4.3616ms
2025-11-14 16:14:12.006 +01:00 [INF] Executed endpoint 'api.Controllers.TakeQuizApiController.GetAttempts (api)'
2025-11-14 16:14:12.006 +01:00 [INF] Request finished HTTP/1.1 GET http://localhost:5082/api/takequizapi/attempts/1 - 200 773 application/json; charset=utf-8 5.9709ms
2025-11-14 16:14:18.353 +01:00 [INF] Request starting HTTP/1.1 OPTIONS http://localhost:5082/api/takequizapi/attempt/57 - null null
2025-11-14 16:14:18.353 +01:00 [INF] CORS policy execution successful.
2025-11-14 16:14:18.353 +01:00 [INF] Request finished HTTP/1.1 OPTIONS http://localhost:5082/api/takequizapi/attempt/57 - 204 null null 0.3066ms
2025-11-14 16:14:18.354 +01:00 [INF] Request starting HTTP/1.1 DELETE http://localhost:5082/api/takequizapi/attempt/57 - application/json null
2025-11-14 16:14:18.354 +01:00 [INF] CORS policy execution successful.
2025-11-14 16:14:18.355 +01:00 [INF] Executing endpoint 'api.Controllers.TakeQuizApiController.DeleteAttempt (api)'
2025-11-14 16:14:18.359 +01:00 [INF] Route matched with {action = "DeleteAttempt", controller = "TakeQuizApi"}. Executing controller action with signature System.Threading.Tasks.Task`1[Microsoft.AspNetCore.Mvc.IActionResult] DeleteAttempt(Int32) on controller api.Controllers.TakeQuizApiController (api).
2025-11-14 16:14:18.385 +01:00 [INF] [QuizRepository] Attempt 57 deleted successfully
2025-11-14 16:14:18.385 +01:00 [INF] Executing OkObjectResult, writing value of type '<>f__AnonymousType3`1[[System.String, System.Private.CoreLib, Version=8.0.0.0, Culture=neutral, PublicKeyToken=7cec85d7bea7798e]]'.
2025-11-14 16:14:18.386 +01:00 [INF] Executed action api.Controllers.TakeQuizApiController.DeleteAttempt (api) in 26.9403ms
2025-11-14 16:14:18.386 +01:00 [INF] Executed endpoint 'api.Controllers.TakeQuizApiController.DeleteAttempt (api)'
2025-11-14 16:14:18.386 +01:00 [INF] Request finished HTTP/1.1 DELETE http://localhost:5082/api/takequizapi/attempt/57 - 200 42 application/json; charset=utf-8 32.139ms
2025-11-14 16:14:21.105 +01:00 [INF] Request starting HTTP/1.1 OPTIONS http://localhost:5082/api/takequizapi/attempt/73 - null null
2025-11-14 16:14:21.105 +01:00 [INF] CORS policy execution successful.
2025-11-14 16:14:21.105 +01:00 [INF] Request finished HTTP/1.1 OPTIONS http://localhost:5082/api/takequizapi/attempt/73 - 204 null null 0.2003ms
2025-11-14 16:14:21.106 +01:00 [INF] Request starting HTTP/1.1 DELETE http://localhost:5082/api/takequizapi/attempt/73 - application/json null
2025-11-14 16:14:21.106 +01:00 [INF] CORS policy execution successful.
2025-11-14 16:14:21.107 +01:00 [INF] Executing endpoint 'api.Controllers.TakeQuizApiController.DeleteAttempt (api)'
2025-11-14 16:14:21.107 +01:00 [INF] Route matched with {action = "DeleteAttempt", controller = "TakeQuizApi"}. Executing controller action with signature System.Threading.Tasks.Task`1[Microsoft.AspNetCore.Mvc.IActionResult] DeleteAttempt(Int32) on controller api.Controllers.TakeQuizApiController (api).
2025-11-14 16:14:21.111 +01:00 [INF] [QuizRepository] Attempt 73 deleted successfully
2025-11-14 16:14:21.112 +01:00 [INF] Executing OkObjectResult, writing value of type '<>f__AnonymousType3`1[[System.String, System.Private.CoreLib, Version=8.0.0.0, Culture=neutral, PublicKeyToken=7cec85d7bea7798e]]'.
2025-11-14 16:14:21.112 +01:00 [INF] Executed action api.Controllers.TakeQuizApiController.DeleteAttempt (api) in 5.1478ms
2025-11-14 16:14:21.112 +01:00 [INF] Executed endpoint 'api.Controllers.TakeQuizApiController.DeleteAttempt (api)'
2025-11-14 16:14:21.112 +01:00 [INF] Request finished HTTP/1.1 DELETE http://localhost:5082/api/takequizapi/attempt/73 - 200 42 application/json; charset=utf-8 5.9762ms
2025-11-14 16:14:23.356 +01:00 [INF] Request starting HTTP/1.1 OPTIONS http://localhost:5082/api/takequizapi/attempt/75 - null null
2025-11-14 16:14:23.356 +01:00 [INF] CORS policy execution successful.
2025-11-14 16:14:23.356 +01:00 [INF] Request finished HTTP/1.1 OPTIONS http://localhost:5082/api/takequizapi/attempt/75 - 204 null null 0.8278ms
2025-11-14 16:14:23.358 +01:00 [INF] Request starting HTTP/1.1 DELETE http://localhost:5082/api/takequizapi/attempt/75 - application/json null
2025-11-14 16:14:23.358 +01:00 [INF] CORS policy execution successful.
2025-11-14 16:14:23.358 +01:00 [INF] Executing endpoint 'api.Controllers.TakeQuizApiController.DeleteAttempt (api)'
2025-11-14 16:14:23.358 +01:00 [INF] Route matched with {action = "DeleteAttempt", controller = "TakeQuizApi"}. Executing controller action with signature System.Threading.Tasks.Task`1[Microsoft.AspNetCore.Mvc.IActionResult] DeleteAttempt(Int32) on controller api.Controllers.TakeQuizApiController (api).
2025-11-14 16:14:23.362 +01:00 [INF] [QuizRepository] Attempt 75 deleted successfully
2025-11-14 16:14:23.363 +01:00 [INF] Executing OkObjectResult, writing value of type '<>f__AnonymousType3`1[[System.String, System.Private.CoreLib, Version=8.0.0.0, Culture=neutral, PublicKeyToken=7cec85d7bea7798e]]'.
2025-11-14 16:14:23.363 +01:00 [INF] Executed action api.Controllers.TakeQuizApiController.DeleteAttempt (api) in 4.615ms
2025-11-14 16:14:23.363 +01:00 [INF] Executed endpoint 'api.Controllers.TakeQuizApiController.DeleteAttempt (api)'
2025-11-14 16:14:23.363 +01:00 [INF] Request finished HTTP/1.1 DELETE http://localhost:5082/api/takequizapi/attempt/75 - 200 42 application/json; charset=utf-8 5.312ms
2025-11-14 16:14:34.051 +01:00 [INF] Request starting HTTP/1.1 OPTIONS http://localhost:5082/api/takequizapi/attempt/101 - null null
2025-11-14 16:14:34.051 +01:00 [INF] CORS policy execution successful.
2025-11-14 16:14:34.051 +01:00 [INF] Request finished HTTP/1.1 OPTIONS http://localhost:5082/api/takequizapi/attempt/101 - 204 null null 0.3738ms
2025-11-14 16:14:34.052 +01:00 [INF] Request starting HTTP/1.1 DELETE http://localhost:5082/api/takequizapi/attempt/101 - application/json null
2025-11-14 16:14:34.052 +01:00 [INF] CORS policy execution successful.
2025-11-14 16:14:34.053 +01:00 [INF] Executing endpoint 'api.Controllers.TakeQuizApiController.DeleteAttempt (api)'
2025-11-14 16:14:34.053 +01:00 [INF] Route matched with {action = "DeleteAttempt", controller = "TakeQuizApi"}. Executing controller action with signature System.Threading.Tasks.Task`1[Microsoft.AspNetCore.Mvc.IActionResult] DeleteAttempt(Int32) on controller api.Controllers.TakeQuizApiController (api).
2025-11-14 16:14:34.059 +01:00 [INF] [QuizRepository] Attempt 101 deleted successfully
2025-11-14 16:14:34.059 +01:00 [INF] Executing OkObjectResult, writing value of type '<>f__AnonymousType3`1[[System.String, System.Private.CoreLib, Version=8.0.0.0, Culture=neutral, PublicKeyToken=7cec85d7bea7798e]]'.
2025-11-14 16:14:34.060 +01:00 [INF] Executed action api.Controllers.TakeQuizApiController.DeleteAttempt (api) in 6.7202ms
2025-11-14 16:14:34.060 +01:00 [INF] Executed endpoint 'api.Controllers.TakeQuizApiController.DeleteAttempt (api)'
2025-11-14 16:14:34.061 +01:00 [INF] Request finished HTTP/1.1 DELETE http://localhost:5082/api/takequizapi/attempt/101 - 200 42 application/json; charset=utf-8 8.0536ms
2025-11-14 16:24:04.670 +01:00 [INF] Request starting HTTP/1.1 OPTIONS http://localhost:5082/api/Auth/login - null null
2025-11-14 16:24:04.685 +01:00 [INF] CORS policy execution successful.
2025-11-14 16:24:04.690 +01:00 [INF] Request finished HTTP/1.1 OPTIONS http://localhost:5082/api/Auth/login - 204 null null 24.2504ms
2025-11-14 16:24:04.692 +01:00 [INF] Request starting HTTP/1.1 POST http://localhost:5082/api/Auth/login - application/json 46
2025-11-14 16:24:04.695 +01:00 [INF] CORS policy execution successful.
2025-11-14 16:24:04.707 +01:00 [INF] Executing endpoint 'api.Controllers.AuthController.Login (api)'
2025-11-14 16:24:04.717 +01:00 [INF] Route matched with {action = "Login", controller = "Auth"}. Executing controller action with signature System.Threading.Tasks.Task`1[Microsoft.AspNetCore.Mvc.IActionResult] Login(api.DTOs.LoginDto) on controller api.Controllers.AuthController (api).
2025-11-14 16:24:04.966 +01:00 [INF] [AuthController] JWT token created for ola with roles Teacher
2025-11-14 16:24:04.970 +01:00 [INF] [AuthController] user authorised for ola
2025-11-14 16:24:04.974 +01:00 [INF] Executing OkObjectResult, writing value of type '<>f__AnonymousType1`1[[System.String, System.Private.CoreLib, Version=8.0.0.0, Culture=neutral, PublicKeyToken=7cec85d7bea7798e]]'.
2025-11-14 16:24:04.977 +01:00 [INF] Executed action api.Controllers.AuthController.Login (api) in 260.3318ms
2025-11-14 16:24:04.978 +01:00 [INF] Executed endpoint 'api.Controllers.AuthController.Login (api)'
2025-11-14 16:24:04.979 +01:00 [INF] Request finished HTTP/1.1 POST http://localhost:5082/api/Auth/login - 200 661 application/json; charset=utf-8 286.7726ms
2025-11-14 16:24:06.832 +01:00 [INF] Request starting HTTP/1.1 OPTIONS http://localhost:5082/api/takequizapi/takequizlist - null null
2025-11-14 16:24:06.833 +01:00 [INF] CORS policy execution successful.
2025-11-14 16:24:06.833 +01:00 [INF] Request finished HTTP/1.1 OPTIONS http://localhost:5082/api/takequizapi/takequizlist - 204 null null 1.4678ms
2025-11-14 16:24:06.835 +01:00 [INF] Request starting HTTP/1.1 OPTIONS http://localhost:5082/api/takequizapi/takequizlist - null null
2025-11-14 16:24:06.835 +01:00 [INF] CORS policy execution successful.
2025-11-14 16:24:06.835 +01:00 [INF] Request finished HTTP/1.1 OPTIONS http://localhost:5082/api/takequizapi/takequizlist - 204 null null 0.4709ms
2025-11-14 16:24:06.836 +01:00 [INF] Request starting HTTP/1.1 GET http://localhost:5082/api/takequizapi/takequizlist - application/json null
2025-11-14 16:24:06.838 +01:00 [INF] CORS policy execution successful.
2025-11-14 16:24:06.842 +01:00 [INF] Executing endpoint 'api.Controllers.TakeQuizApiController.GetAllQuizzes (api)'
2025-11-14 16:24:06.842 +01:00 [INF] Route matched with {action = "GetAllQuizzes", controller = "TakeQuizApi"}. Executing controller action with signature System.Threading.Tasks.Task`1[Microsoft.AspNetCore.Mvc.IActionResult] GetAllQuizzes() on controller api.Controllers.TakeQuizApiController (api).
2025-11-14 16:24:06.855 +01:00 [INF] Executing OkObjectResult, writing value of type 'System.Collections.Generic.List`1[[api.DTOs.QuizDto, api, Version=1.0.0.0, Culture=neutral, PublicKeyToken=null]]'.
2025-11-14 16:24:06.857 +01:00 [INF] Executed action api.Controllers.TakeQuizApiController.GetAllQuizzes (api) in 14.0518ms
2025-11-14 16:24:06.857 +01:00 [INF] Executed endpoint 'api.Controllers.TakeQuizApiController.GetAllQuizzes (api)'
2025-11-14 16:24:06.857 +01:00 [INF] Request finished HTTP/1.1 GET http://localhost:5082/api/takequizapi/takequizlist - 200 377 application/json; charset=utf-8 21.1692ms
2025-11-14 16:24:06.860 +01:00 [INF] Request starting HTTP/1.1 GET http://localhost:5082/api/takequizapi/takequizlist - application/json null
2025-11-14 16:24:06.862 +01:00 [INF] CORS policy execution successful.
2025-11-14 16:24:06.865 +01:00 [INF] Executing endpoint 'api.Controllers.TakeQuizApiController.GetAllQuizzes (api)'
2025-11-14 16:24:06.865 +01:00 [INF] Route matched with {action = "GetAllQuizzes", controller = "TakeQuizApi"}. Executing controller action with signature System.Threading.Tasks.Task`1[Microsoft.AspNetCore.Mvc.IActionResult] GetAllQuizzes() on controller api.Controllers.TakeQuizApiController (api).
2025-11-14 16:24:06.877 +01:00 [INF] Executing OkObjectResult, writing value of type 'System.Collections.Generic.List`1[[api.DTOs.QuizDto, api, Version=1.0.0.0, Culture=neutral, PublicKeyToken=null]]'.
2025-11-14 16:24:06.879 +01:00 [INF] Executed action api.Controllers.TakeQuizApiController.GetAllQuizzes (api) in 12.6672ms
2025-11-14 16:24:06.879 +01:00 [INF] Executed endpoint 'api.Controllers.TakeQuizApiController.GetAllQuizzes (api)'
2025-11-14 16:24:06.879 +01:00 [INF] Request finished HTTP/1.1 GET http://localhost:5082/api/takequizapi/takequizlist - 200 377 application/json; charset=utf-8 19.0335ms
2025-11-14 16:24:09.272 +01:00 [INF] Request starting HTTP/1.1 OPTIONS http://localhost:5082/api/takequizapi/attempts/1 - null null
2025-11-14 16:24:09.273 +01:00 [INF] Request starting HTTP/1.1 OPTIONS http://localhost:5082/api/takequizapi/attempts/1 - null null
2025-11-14 16:24:09.273 +01:00 [INF] CORS policy execution successful.
2025-11-14 16:24:09.273 +01:00 [INF] CORS policy execution successful.
2025-11-14 16:24:09.273 +01:00 [INF] Request finished HTTP/1.1 OPTIONS http://localhost:5082/api/takequizapi/attempts/1 - 204 null null 1.6068ms
2025-11-14 16:24:09.273 +01:00 [INF] Request finished HTTP/1.1 OPTIONS http://localhost:5082/api/takequizapi/attempts/1 - 204 null null 0.6346ms
2025-11-14 16:24:09.277 +01:00 [INF] Request starting HTTP/1.1 GET http://localhost:5082/api/takequizapi/attempts/1 - application/json null
2025-11-14 16:24:09.277 +01:00 [INF] CORS policy execution successful.
2025-11-14 16:24:09.279 +01:00 [INF] Executing endpoint 'api.Controllers.TakeQuizApiController.GetAttempts (api)'
2025-11-14 16:24:09.279 +01:00 [INF] Route matched with {action = "GetAttempts", controller = "TakeQuizApi"}. Executing controller action with signature System.Threading.Tasks.Task`1[Microsoft.AspNetCore.Mvc.IActionResult] GetAttempts(Int32) on controller api.Controllers.TakeQuizApiController (api).
2025-11-14 16:24:09.288 +01:00 [INF] Executing OkObjectResult, writing value of type 'System.Collections.Generic.List`1[[api.DTOs.QuizResultDto, api, Version=1.0.0.0, Culture=neutral, PublicKeyToken=null]]'.
2025-11-14 16:24:09.288 +01:00 [INF] Executed action api.Controllers.TakeQuizApiController.GetAttempts (api) in 9.037ms
2025-11-14 16:24:09.289 +01:00 [INF] Executed endpoint 'api.Controllers.TakeQuizApiController.GetAttempts (api)'
2025-11-14 16:24:09.289 +01:00 [INF] Request finished HTTP/1.1 GET http://localhost:5082/api/takequizapi/attempts/1 - 200 154 application/json; charset=utf-8 11.8365ms
2025-11-14 16:24:09.290 +01:00 [INF] Request starting HTTP/1.1 GET http://localhost:5082/api/takequizapi/attempts/1 - application/json null
2025-11-14 16:24:09.290 +01:00 [INF] CORS policy execution successful.
2025-11-14 16:24:09.290 +01:00 [INF] Executing endpoint 'api.Controllers.TakeQuizApiController.GetAttempts (api)'
2025-11-14 16:24:09.290 +01:00 [INF] Route matched with {action = "GetAttempts", controller = "TakeQuizApi"}. Executing controller action with signature System.Threading.Tasks.Task`1[Microsoft.AspNetCore.Mvc.IActionResult] GetAttempts(Int32) on controller api.Controllers.TakeQuizApiController (api).
2025-11-14 16:24:09.292 +01:00 [INF] Executing OkObjectResult, writing value of type 'System.Collections.Generic.List`1[[api.DTOs.QuizResultDto, api, Version=1.0.0.0, Culture=neutral, PublicKeyToken=null]]'.
2025-11-14 16:24:09.293 +01:00 [INF] Executed action api.Controllers.TakeQuizApiController.GetAttempts (api) in 2.953ms
2025-11-14 16:24:09.293 +01:00 [INF] Executed endpoint 'api.Controllers.TakeQuizApiController.GetAttempts (api)'
2025-11-14 16:24:09.293 +01:00 [INF] Request finished HTTP/1.1 GET http://localhost:5082/api/takequizapi/attempts/1 - 200 154 application/json; charset=utf-8 3.7887ms
2025-11-14 16:24:12.767 +01:00 [INF] Request starting HTTP/1.1 OPTIONS http://localhost:5082/api/takequizapi/takequizlist - null null
2025-11-14 16:24:12.768 +01:00 [INF] CORS policy execution successful.
2025-11-14 16:24:12.768 +01:00 [INF] Request starting HTTP/1.1 OPTIONS http://localhost:5082/api/takequizapi/takequizlist - null null
2025-11-14 16:24:12.768 +01:00 [INF] Request finished HTTP/1.1 OPTIONS http://localhost:5082/api/takequizapi/takequizlist - 204 null null 0.9997ms
2025-11-14 16:24:12.768 +01:00 [INF] CORS policy execution successful.
2025-11-14 16:24:12.768 +01:00 [INF] Request finished HTTP/1.1 OPTIONS http://localhost:5082/api/takequizapi/takequizlist - 204 null null 0.1797ms
2025-11-14 16:24:12.769 +01:00 [INF] Request starting HTTP/1.1 GET http://localhost:5082/api/takequizapi/takequizlist - application/json null
2025-11-14 16:24:12.769 +01:00 [INF] CORS policy execution successful.
2025-11-14 16:24:12.770 +01:00 [INF] Executing endpoint 'api.Controllers.TakeQuizApiController.GetAllQuizzes (api)'
2025-11-14 16:24:12.770 +01:00 [INF] Route matched with {action = "GetAllQuizzes", controller = "TakeQuizApi"}. Executing controller action with signature System.Threading.Tasks.Task`1[Microsoft.AspNetCore.Mvc.IActionResult] GetAllQuizzes() on controller api.Controllers.TakeQuizApiController (api).
2025-11-14 16:24:12.774 +01:00 [INF] Executing OkObjectResult, writing value of type 'System.Collections.Generic.List`1[[api.DTOs.QuizDto, api, Version=1.0.0.0, Culture=neutral, PublicKeyToken=null]]'.
2025-11-14 16:24:12.775 +01:00 [INF] Executed action api.Controllers.TakeQuizApiController.GetAllQuizzes (api) in 4.7866ms
2025-11-14 16:24:12.775 +01:00 [INF] Executed endpoint 'api.Controllers.TakeQuizApiController.GetAllQuizzes (api)'
2025-11-14 16:24:12.775 +01:00 [INF] Request finished HTTP/1.1 GET http://localhost:5082/api/takequizapi/takequizlist - 200 377 application/json; charset=utf-8 6.1117ms
2025-11-14 16:24:12.782 +01:00 [INF] Request starting HTTP/1.1 GET http://localhost:5082/api/takequizapi/takequizlist - application/json null
2025-11-14 16:24:12.783 +01:00 [INF] CORS policy execution successful.
2025-11-14 16:24:12.783 +01:00 [INF] Executing endpoint 'api.Controllers.TakeQuizApiController.GetAllQuizzes (api)'
2025-11-14 16:24:12.783 +01:00 [INF] Route matched with {action = "GetAllQuizzes", controller = "TakeQuizApi"}. Executing controller action with signature System.Threading.Tasks.Task`1[Microsoft.AspNetCore.Mvc.IActionResult] GetAllQuizzes() on controller api.Controllers.TakeQuizApiController (api).
2025-11-14 16:24:12.787 +01:00 [INF] Executing OkObjectResult, writing value of type 'System.Collections.Generic.List`1[[api.DTOs.QuizDto, api, Version=1.0.0.0, Culture=neutral, PublicKeyToken=null]]'.
2025-11-14 16:24:12.787 +01:00 [INF] Executed action api.Controllers.TakeQuizApiController.GetAllQuizzes (api) in 3.7288ms
2025-11-14 16:24:12.787 +01:00 [INF] Executed endpoint 'api.Controllers.TakeQuizApiController.GetAllQuizzes (api)'
2025-11-14 16:24:12.787 +01:00 [INF] Request finished HTTP/1.1 GET http://localhost:5082/api/takequizapi/takequizlist - 200 377 application/json; charset=utf-8 4.8524ms
2025-11-14 16:24:18.663 +01:00 [INF] Application is shutting down...
