2025-11-17 16:23:18.806 +01:00 [INF] User profile is available. Using 'C:\Users\Admin\AppData\Local\ASP.NET\DataProtection-Keys' as key repository and Windows DPAPI to encrypt keys at rest.
2025-11-17 16:23:18.887 +01:00 [INF] Now listening on: http://localhost:5082
2025-11-17 16:23:18.891 +01:00 [INF] Application started. Press Ctrl+C to shut down.
2025-11-17 16:23:18.892 +01:00 [INF] Hosting environment: Development
2025-11-17 16:23:18.892 +01:00 [INF] Content root path: C:\Users\Admin\OneDrive - OsloMet\FinalExamITPE3200\EXAMFAM\api
2025-11-17 16:23:29.449 +01:00 [INF] Request starting HTTP/1.1 OPTIONS http://localhost:5082/api/takequizapi/takequizlist - null null
2025-11-17 16:23:29.449 +01:00 [INF] Request starting HTTP/1.1 OPTIONS http://localhost:5082/api/takequizapi/takequizlist - null null
2025-11-17 16:23:29.500 +01:00 [INF] CORS policy execution successful.
2025-11-17 16:23:29.500 +01:00 [INF] CORS policy execution successful.
2025-11-17 16:23:29.508 +01:00 [INF] Request finished HTTP/1.1 OPTIONS http://localhost:5082/api/takequizapi/takequizlist - 204 null null 62.0508ms
2025-11-17 16:23:29.508 +01:00 [INF] Request finished HTTP/1.1 OPTIONS http://localhost:5082/api/takequizapi/takequizlist - 204 null null 62.051ms
2025-11-17 16:23:29.512 +01:00 [INF] Request starting HTTP/1.1 GET http://localhost:5082/api/takequizapi/takequizlist - application/json null
2025-11-17 16:23:29.523 +01:00 [INF] CORS policy execution successful.
2025-11-17 16:23:29.701 +01:00 [INF] Failed to validate the token.
Microsoft.IdentityModel.Tokens.SecurityTokenExpiredException: IDX10223: Lifetime validation failed. The token is expired. ValidTo (UTC): '17.11.2025 11:51:18', Current time (UTC): '17.11.2025 15:23:29'.
   at Microsoft.IdentityModel.Tokens.ValidatorUtilities.ValidateLifetime(Nullable`1 notBefore, Nullable`1 expires, SecurityToken securityToken, TokenValidationParameters validationParameters)
   at Microsoft.IdentityModel.Tokens.Validators.ValidateLifetime(Nullable`1 notBefore, Nullable`1 expires, SecurityToken securityToken, TokenValidationParameters validationParameters)
   at Microsoft.IdentityModel.JsonWebTokens.JsonWebTokenHandler.ValidateTokenPayloadAsync(JsonWebToken jsonWebToken, TokenValidationParameters validationParameters, BaseConfiguration configuration)
   at Microsoft.IdentityModel.JsonWebTokens.JsonWebTokenHandler.ValidateJWSAsync(JsonWebToken jsonWebToken, TokenValidationParameters validationParameters, BaseConfiguration configuration)
2025-11-17 16:23:29.722 +01:00 [INF] Bearer was not authenticated. Failure message: IDX10223: Lifetime validation failed. The token is expired. ValidTo (UTC): '17.11.2025 11:51:18', Current time (UTC): '17.11.2025 15:23:29'.
2025-11-17 16:23:29.727 +01:00 [INF] Executing endpoint 'api.Controllers.TakeQuizApiController.GetAllQuizzes (api)'
2025-11-17 16:23:29.753 +01:00 [INF] Route matched with {action = "GetAllQuizzes", controller = "TakeQuizApi"}. Executing controller action with signature System.Threading.Tasks.Task`1[Microsoft.AspNetCore.Mvc.IActionResult] GetAllQuizzes() on controller api.Controllers.TakeQuizApiController (api).
2025-11-17 16:23:30.066 +01:00 [WRN] Compiling a query which loads related collections for more than one collection navigation, either via 'Include' or through projection, but no 'QuerySplittingBehavior' has been configured. By default, Entity Framework will use 'QuerySplittingBehavior.SingleQuery', which can potentially result in slow query performance. See https://go.microsoft.com/fwlink/?linkid=2134277 for more information. To identify the query that's triggering this warning call 'ConfigureWarnings(w => w.Throw(RelationalEventId.MultipleCollectionIncludeWarning))'.
2025-11-17 16:23:30.171 +01:00 [INF] Executing OkObjectResult, writing value of type 'System.Collections.Generic.List`1[[api.DTOs.QuizDto, api, Version=1.0.0.0, Culture=neutral, PublicKeyToken=null]]'.
2025-11-17 16:23:30.277 +01:00 [INF] Executed action api.Controllers.TakeQuizApiController.GetAllQuizzes (api) in 518.0835ms
2025-11-17 16:23:30.278 +01:00 [INF] Executed endpoint 'api.Controllers.TakeQuizApiController.GetAllQuizzes (api)'
2025-11-17 16:23:30.284 +01:00 [INF] Request finished HTTP/1.1 GET http://localhost:5082/api/takequizapi/takequizlist - 200 377 application/json; charset=utf-8 771.0284ms
2025-11-17 16:23:30.285 +01:00 [INF] Request starting HTTP/1.1 GET http://localhost:5082/api/takequizapi/takequizlist - application/json null
2025-11-17 16:23:30.286 +01:00 [INF] CORS policy execution successful.
2025-11-17 16:23:30.288 +01:00 [INF] Failed to validate the token.
Microsoft.IdentityModel.Tokens.SecurityTokenExpiredException: IDX10223: Lifetime validation failed. The token is expired. ValidTo (UTC): '17.11.2025 11:51:18', Current time (UTC): '17.11.2025 15:23:30'.
   at Microsoft.IdentityModel.Tokens.ValidatorUtilities.ValidateLifetime(Nullable`1 notBefore, Nullable`1 expires, SecurityToken securityToken, TokenValidationParameters validationParameters)
   at Microsoft.IdentityModel.Tokens.Validators.ValidateLifetime(Nullable`1 notBefore, Nullable`1 expires, SecurityToken securityToken, TokenValidationParameters validationParameters)
   at Microsoft.IdentityModel.JsonWebTokens.JsonWebTokenHandler.ValidateTokenPayloadAsync(JsonWebToken jsonWebToken, TokenValidationParameters validationParameters, BaseConfiguration configuration)
   at Microsoft.IdentityModel.JsonWebTokens.JsonWebTokenHandler.ValidateJWSAsync(JsonWebToken jsonWebToken, TokenValidationParameters validationParameters, BaseConfiguration configuration)
2025-11-17 16:23:30.289 +01:00 [INF] Bearer was not authenticated. Failure message: IDX10223: Lifetime validation failed. The token is expired. ValidTo (UTC): '17.11.2025 11:51:18', Current time (UTC): '17.11.2025 15:23:30'.
2025-11-17 16:23:30.289 +01:00 [INF] Executing endpoint 'api.Controllers.TakeQuizApiController.GetAllQuizzes (api)'
2025-11-17 16:23:30.289 +01:00 [INF] Route matched with {action = "GetAllQuizzes", controller = "TakeQuizApi"}. Executing controller action with signature System.Threading.Tasks.Task`1[Microsoft.AspNetCore.Mvc.IActionResult] GetAllQuizzes() on controller api.Controllers.TakeQuizApiController (api).
2025-11-17 16:23:30.311 +01:00 [INF] Executing OkObjectResult, writing value of type 'System.Collections.Generic.List`1[[api.DTOs.QuizDto, api, Version=1.0.0.0, Culture=neutral, PublicKeyToken=null]]'.
2025-11-17 16:23:30.312 +01:00 [INF] Executed action api.Controllers.TakeQuizApiController.GetAllQuizzes (api) in 22.5959ms
2025-11-17 16:23:30.312 +01:00 [INF] Executed endpoint 'api.Controllers.TakeQuizApiController.GetAllQuizzes (api)'
2025-11-17 16:23:30.312 +01:00 [INF] Request finished HTTP/1.1 GET http://localhost:5082/api/takequizapi/takequizlist - 200 377 application/json; charset=utf-8 27.4259ms
2025-11-17 16:23:31.265 +01:00 [INF] Request starting HTTP/1.1 OPTIONS http://localhost:5082/api/takequizapi/2 - null null
2025-11-17 16:23:31.266 +01:00 [INF] CORS policy execution successful.
2025-11-17 16:23:31.266 +01:00 [INF] Request finished HTTP/1.1 OPTIONS http://localhost:5082/api/takequizapi/2 - 204 null null 1.2081ms
2025-11-17 16:23:31.269 +01:00 [INF] Request starting HTTP/1.1 OPTIONS http://localhost:5082/api/takequizapi/2 - null null
2025-11-17 16:23:31.269 +01:00 [INF] CORS policy execution successful.
2025-11-17 16:23:31.270 +01:00 [INF] Request finished HTTP/1.1 OPTIONS http://localhost:5082/api/takequizapi/2 - 204 null null 1.1707ms
2025-11-17 16:23:31.270 +01:00 [INF] Request starting HTTP/1.1 GET http://localhost:5082/api/takequizapi/2 - application/json null
2025-11-17 16:23:31.270 +01:00 [INF] CORS policy execution successful.
2025-11-17 16:23:31.275 +01:00 [INF] Failed to validate the token.
Microsoft.IdentityModel.Tokens.SecurityTokenExpiredException: IDX10223: Lifetime validation failed. The token is expired. ValidTo (UTC): '17.11.2025 11:51:18', Current time (UTC): '17.11.2025 15:23:31'.
   at Microsoft.IdentityModel.Tokens.ValidatorUtilities.ValidateLifetime(Nullable`1 notBefore, Nullable`1 expires, SecurityToken securityToken, TokenValidationParameters validationParameters)
   at Microsoft.IdentityModel.Tokens.Validators.ValidateLifetime(Nullable`1 notBefore, Nullable`1 expires, SecurityToken securityToken, TokenValidationParameters validationParameters)
   at Microsoft.IdentityModel.JsonWebTokens.JsonWebTokenHandler.ValidateTokenPayloadAsync(JsonWebToken jsonWebToken, TokenValidationParameters validationParameters, BaseConfiguration configuration)
   at Microsoft.IdentityModel.JsonWebTokens.JsonWebTokenHandler.ValidateJWSAsync(JsonWebToken jsonWebToken, TokenValidationParameters validationParameters, BaseConfiguration configuration)
2025-11-17 16:23:31.276 +01:00 [INF] Bearer was not authenticated. Failure message: IDX10223: Lifetime validation failed. The token is expired. ValidTo (UTC): '17.11.2025 11:51:18', Current time (UTC): '17.11.2025 15:23:31'.
2025-11-17 16:23:31.276 +01:00 [INF] Executing endpoint 'api.Controllers.TakeQuizApiController.GetQuiz (api)'
2025-11-17 16:23:31.293 +01:00 [INF] Route matched with {action = "GetQuiz", controller = "TakeQuizApi"}. Executing controller action with signature System.Threading.Tasks.Task`1[Microsoft.AspNetCore.Mvc.IActionResult] GetQuiz(Int32) on controller api.Controllers.TakeQuizApiController (api).
2025-11-17 16:23:31.333 +01:00 [WRN] Compiling a query which loads related collections for more than one collection navigation, either via 'Include' or through projection, but no 'QuerySplittingBehavior' has been configured. By default, Entity Framework will use 'QuerySplittingBehavior.SingleQuery', which can potentially result in slow query performance. See https://go.microsoft.com/fwlink/?linkid=2134277 for more information. To identify the query that's triggering this warning call 'ConfigureWarnings(w => w.Throw(RelationalEventId.MultipleCollectionIncludeWarning))'.
2025-11-17 16:23:31.342 +01:00 [INF] Executing OkObjectResult, writing value of type 'api.DTOs.QuizDto'.
2025-11-17 16:23:31.350 +01:00 [INF] Executed action api.Controllers.TakeQuizApiController.GetQuiz (api) in 56.6618ms
2025-11-17 16:23:31.350 +01:00 [INF] Executed endpoint 'api.Controllers.TakeQuizApiController.GetQuiz (api)'
2025-11-17 16:23:31.350 +01:00 [INF] Request finished HTTP/1.1 GET http://localhost:5082/api/takequizapi/2 - 200 918 application/json; charset=utf-8 79.975ms
2025-11-17 16:23:31.352 +01:00 [INF] Request starting HTTP/1.1 GET http://localhost:5082/api/takequizapi/2 - application/json null
2025-11-17 16:23:31.352 +01:00 [INF] CORS policy execution successful.
2025-11-17 16:23:31.353 +01:00 [INF] Failed to validate the token.
Microsoft.IdentityModel.Tokens.SecurityTokenExpiredException: IDX10223: Lifetime validation failed. The token is expired. ValidTo (UTC): '17.11.2025 11:51:18', Current time (UTC): '17.11.2025 15:23:31'.
   at Microsoft.IdentityModel.Tokens.ValidatorUtilities.ValidateLifetime(Nullable`1 notBefore, Nullable`1 expires, SecurityToken securityToken, TokenValidationParameters validationParameters)
   at Microsoft.IdentityModel.Tokens.Validators.ValidateLifetime(Nullable`1 notBefore, Nullable`1 expires, SecurityToken securityToken, TokenValidationParameters validationParameters)
   at Microsoft.IdentityModel.JsonWebTokens.JsonWebTokenHandler.ValidateTokenPayloadAsync(JsonWebToken jsonWebToken, TokenValidationParameters validationParameters, BaseConfiguration configuration)
   at Microsoft.IdentityModel.JsonWebTokens.JsonWebTokenHandler.ValidateJWSAsync(JsonWebToken jsonWebToken, TokenValidationParameters validationParameters, BaseConfiguration configuration)
2025-11-17 16:23:31.353 +01:00 [INF] Bearer was not authenticated. Failure message: IDX10223: Lifetime validation failed. The token is expired. ValidTo (UTC): '17.11.2025 11:51:18', Current time (UTC): '17.11.2025 15:23:31'.
2025-11-17 16:23:31.353 +01:00 [INF] Executing endpoint 'api.Controllers.TakeQuizApiController.GetQuiz (api)'
2025-11-17 16:23:31.354 +01:00 [INF] Route matched with {action = "GetQuiz", controller = "TakeQuizApi"}. Executing controller action with signature System.Threading.Tasks.Task`1[Microsoft.AspNetCore.Mvc.IActionResult] GetQuiz(Int32) on controller api.Controllers.TakeQuizApiController (api).
2025-11-17 16:23:31.361 +01:00 [INF] Executing OkObjectResult, writing value of type 'api.DTOs.QuizDto'.
2025-11-17 16:23:31.361 +01:00 [INF] Executed action api.Controllers.TakeQuizApiController.GetQuiz (api) in 7.6851ms
2025-11-17 16:23:31.362 +01:00 [INF] Executed endpoint 'api.Controllers.TakeQuizApiController.GetQuiz (api)'
2025-11-17 16:23:31.362 +01:00 [INF] Request finished HTTP/1.1 GET http://localhost:5082/api/takequizapi/2 - 200 918 application/json; charset=utf-8 10.0016ms
2025-11-17 16:23:36.517 +01:00 [INF] Request starting HTTP/1.1 OPTIONS http://localhost:5082/api/takequizapi/submit - null null
2025-11-17 16:23:36.517 +01:00 [INF] CORS policy execution successful.
2025-11-17 16:23:36.518 +01:00 [INF] Request finished HTTP/1.1 OPTIONS http://localhost:5082/api/takequizapi/submit - 204 null null 1.5819ms
2025-11-17 16:23:36.521 +01:00 [INF] Request starting HTTP/1.1 POST http://localhost:5082/api/takequizapi/submit - application/json 71
2025-11-17 16:23:36.522 +01:00 [INF] CORS policy execution successful.
2025-11-17 16:23:36.523 +01:00 [INF] Failed to validate the token.
Microsoft.IdentityModel.Tokens.SecurityTokenExpiredException: IDX10223: Lifetime validation failed. The token is expired. ValidTo (UTC): '17.11.2025 11:51:18', Current time (UTC): '17.11.2025 15:23:36'.
   at Microsoft.IdentityModel.Tokens.ValidatorUtilities.ValidateLifetime(Nullable`1 notBefore, Nullable`1 expires, SecurityToken securityToken, TokenValidationParameters validationParameters)
   at Microsoft.IdentityModel.Tokens.Validators.ValidateLifetime(Nullable`1 notBefore, Nullable`1 expires, SecurityToken securityToken, TokenValidationParameters validationParameters)
   at Microsoft.IdentityModel.JsonWebTokens.JsonWebTokenHandler.ValidateTokenPayloadAsync(JsonWebToken jsonWebToken, TokenValidationParameters validationParameters, BaseConfiguration configuration)
   at Microsoft.IdentityModel.JsonWebTokens.JsonWebTokenHandler.ValidateJWSAsync(JsonWebToken jsonWebToken, TokenValidationParameters validationParameters, BaseConfiguration configuration)
2025-11-17 16:23:36.524 +01:00 [INF] Bearer was not authenticated. Failure message: IDX10223: Lifetime validation failed. The token is expired. ValidTo (UTC): '17.11.2025 11:51:18', Current time (UTC): '17.11.2025 15:23:36'.
2025-11-17 16:23:36.537 +01:00 [INF] Authorization failed. These requirements were not met:
RolesAuthorizationRequirement:User.IsInRole must be true for one of the following roles: (Student)
2025-11-17 16:23:36.546 +01:00 [INF] AuthenticationScheme: Bearer was challenged.
2025-11-17 16:23:36.546 +01:00 [INF] Request finished HTTP/1.1 POST http://localhost:5082/api/takequizapi/submit - 401 0 null 24.6844ms
2025-11-17 16:25:02.954 +01:00 [INF] Request starting HTTP/1.1 OPTIONS http://localhost:5082/api/Auth/register - null null
2025-11-17 16:25:02.976 +01:00 [INF] CORS policy execution successful.
2025-11-17 16:25:02.980 +01:00 [INF] Request finished HTTP/1.1 OPTIONS http://localhost:5082/api/Auth/register - 204 null null 33.2634ms
2025-11-17 16:25:02.985 +01:00 [INF] Request starting HTTP/1.1 POST http://localhost:5082/api/Auth/register - application/json 102
2025-11-17 16:25:02.987 +01:00 [INF] CORS policy execution successful.
2025-11-17 16:25:02.997 +01:00 [INF] Executing endpoint 'api.Controllers.AuthController.Register (api)'
2025-11-17 16:25:03.082 +01:00 [INF] Route matched with {action = "Register", controller = "Auth"}. Executing controller action with signature System.Threading.Tasks.Task`1[Microsoft.AspNetCore.Mvc.IActionResult] Register(api.DTOs.RegisterDto) on controller api.Controllers.AuthController (api).
2025-11-17 16:25:04.013 +01:00 [INF] [AuthController] user newstudent321 registered with role Student
2025-11-17 16:25:04.016 +01:00 [INF] Executing OkObjectResult, writing value of type '<>f__AnonymousType0`1[[System.String, System.Private.CoreLib, Version=8.0.0.0, Culture=neutral, PublicKeyToken=7cec85d7bea7798e]]'.
2025-11-17 16:25:04.033 +01:00 [INF] Executed action api.Controllers.AuthController.Register (api) in 950.3309ms
2025-11-17 16:25:04.033 +01:00 [INF] Executed endpoint 'api.Controllers.AuthController.Register (api)'
2025-11-17 16:25:04.035 +01:00 [INF] Request finished HTTP/1.1 POST http://localhost:5082/api/Auth/register - 200 53 application/json; charset=utf-8 1050.3571ms
2025-11-17 16:25:09.044 +01:00 [INF] Request starting HTTP/1.1 OPTIONS http://localhost:5082/api/Auth/login - null null
2025-11-17 16:25:09.046 +01:00 [INF] CORS policy execution successful.
2025-11-17 16:25:09.047 +01:00 [INF] Request finished HTTP/1.1 OPTIONS http://localhost:5082/api/Auth/login - 204 null null 1.5068ms
2025-11-17 16:25:09.049 +01:00 [INF] Request starting HTTP/1.1 POST http://localhost:5082/api/Auth/login - application/json 56
2025-11-17 16:25:09.050 +01:00 [INF] CORS policy execution successful.
2025-11-17 16:25:09.050 +01:00 [INF] Executing endpoint 'api.Controllers.AuthController.Login (api)'
2025-11-17 16:25:09.072 +01:00 [INF] Route matched with {action = "Login", controller = "Auth"}. Executing controller action with signature System.Threading.Tasks.Task`1[Microsoft.AspNetCore.Mvc.IActionResult] Login(api.DTOs.LoginDto) on controller api.Controllers.AuthController (api).
2025-11-17 16:25:09.300 +01:00 [INF] [AuthController] JWT token created for newstudent321 with roles Student
2025-11-17 16:25:09.334 +01:00 [INF] [AuthController] user authorised for newstudent321
2025-11-17 16:25:09.336 +01:00 [INF] Executing OkObjectResult, writing value of type '<>f__AnonymousType1`1[[System.String, System.Private.CoreLib, Version=8.0.0.0, Culture=neutral, PublicKeyToken=7cec85d7bea7798e]]'.
2025-11-17 16:25:09.340 +01:00 [INF] Executed action api.Controllers.AuthController.Login (api) in 266.9381ms
2025-11-17 16:25:09.340 +01:00 [INF] Executed endpoint 'api.Controllers.AuthController.Login (api)'
2025-11-17 16:25:09.340 +01:00 [INF] Request finished HTTP/1.1 POST http://localhost:5082/api/Auth/login - 200 695 application/json; charset=utf-8 290.7138ms
2025-11-17 16:25:11.041 +01:00 [INF] Request starting HTTP/1.1 OPTIONS http://localhost:5082/api/takequizapi/takequizlist - null null
2025-11-17 16:25:11.041 +01:00 [INF] Request starting HTTP/1.1 OPTIONS http://localhost:5082/api/takequizapi/takequizlist - null null
2025-11-17 16:25:11.042 +01:00 [INF] CORS policy execution successful.
2025-11-17 16:25:11.042 +01:00 [INF] CORS policy execution successful.
2025-11-17 16:25:11.042 +01:00 [INF] Request finished HTTP/1.1 OPTIONS http://localhost:5082/api/takequizapi/takequizlist - 204 null null 0.942ms
2025-11-17 16:25:11.042 +01:00 [INF] Request finished HTTP/1.1 OPTIONS http://localhost:5082/api/takequizapi/takequizlist - 204 null null 0.935ms
2025-11-17 16:25:11.050 +01:00 [INF] Request starting HTTP/1.1 GET http://localhost:5082/api/takequizapi/takequizlist - application/json null
2025-11-17 16:25:11.053 +01:00 [INF] CORS policy execution successful.
2025-11-17 16:25:11.076 +01:00 [INF] Executing endpoint 'api.Controllers.TakeQuizApiController.GetAllQuizzes (api)'
2025-11-17 16:25:11.077 +01:00 [INF] Route matched with {action = "GetAllQuizzes", controller = "TakeQuizApi"}. Executing controller action with signature System.Threading.Tasks.Task`1[Microsoft.AspNetCore.Mvc.IActionResult] GetAllQuizzes() on controller api.Controllers.TakeQuizApiController (api).
2025-11-17 16:25:11.091 +01:00 [INF] Executing OkObjectResult, writing value of type 'System.Collections.Generic.List`1[[api.DTOs.QuizDto, api, Version=1.0.0.0, Culture=neutral, PublicKeyToken=null]]'.
2025-11-17 16:25:11.091 +01:00 [INF] Executed action api.Controllers.TakeQuizApiController.GetAllQuizzes (api) in 14.636ms
2025-11-17 16:25:11.092 +01:00 [INF] Executed endpoint 'api.Controllers.TakeQuizApiController.GetAllQuizzes (api)'
2025-11-17 16:25:11.092 +01:00 [INF] Request finished HTTP/1.1 GET http://localhost:5082/api/takequizapi/takequizlist - 200 377 application/json; charset=utf-8 41.696ms
2025-11-17 16:25:11.095 +01:00 [INF] Request starting HTTP/1.1 GET http://localhost:5082/api/takequizapi/takequizlist - application/json null
2025-11-17 16:25:11.096 +01:00 [INF] CORS policy execution successful.
2025-11-17 16:25:11.096 +01:00 [INF] Executing endpoint 'api.Controllers.TakeQuizApiController.GetAllQuizzes (api)'
2025-11-17 16:25:11.097 +01:00 [INF] Route matched with {action = "GetAllQuizzes", controller = "TakeQuizApi"}. Executing controller action with signature System.Threading.Tasks.Task`1[Microsoft.AspNetCore.Mvc.IActionResult] GetAllQuizzes() on controller api.Controllers.TakeQuizApiController (api).
2025-11-17 16:25:11.106 +01:00 [INF] Executing OkObjectResult, writing value of type 'System.Collections.Generic.List`1[[api.DTOs.QuizDto, api, Version=1.0.0.0, Culture=neutral, PublicKeyToken=null]]'.
2025-11-17 16:25:11.106 +01:00 [INF] Executed action api.Controllers.TakeQuizApiController.GetAllQuizzes (api) in 9.7253ms
2025-11-17 16:25:11.107 +01:00 [INF] Executed endpoint 'api.Controllers.TakeQuizApiController.GetAllQuizzes (api)'
2025-11-17 16:25:11.107 +01:00 [INF] Request finished HTTP/1.1 GET http://localhost:5082/api/takequizapi/takequizlist - 200 377 application/json; charset=utf-8 11.6619ms
2025-11-17 16:25:11.962 +01:00 [INF] Request starting HTTP/1.1 OPTIONS http://localhost:5082/api/takequizapi/2 - null null
2025-11-17 16:25:11.962 +01:00 [INF] CORS policy execution successful.
2025-11-17 16:25:11.963 +01:00 [INF] Request starting HTTP/1.1 OPTIONS http://localhost:5082/api/takequizapi/2 - null null
2025-11-17 16:25:11.963 +01:00 [INF] Request finished HTTP/1.1 OPTIONS http://localhost:5082/api/takequizapi/2 - 204 null null 0.445ms
2025-11-17 16:25:11.963 +01:00 [INF] CORS policy execution successful.
2025-11-17 16:25:11.964 +01:00 [INF] Request finished HTTP/1.1 OPTIONS http://localhost:5082/api/takequizapi/2 - 204 null null 1.1252ms
2025-11-17 16:25:11.971 +01:00 [INF] Request starting HTTP/1.1 GET http://localhost:5082/api/takequizapi/2 - application/json null
2025-11-17 16:25:11.971 +01:00 [INF] CORS policy execution successful.
2025-11-17 16:25:11.971 +01:00 [INF] Executing endpoint 'api.Controllers.TakeQuizApiController.GetQuiz (api)'
2025-11-17 16:25:11.972 +01:00 [INF] Route matched with {action = "GetQuiz", controller = "TakeQuizApi"}. Executing controller action with signature System.Threading.Tasks.Task`1[Microsoft.AspNetCore.Mvc.IActionResult] GetQuiz(Int32) on controller api.Controllers.TakeQuizApiController (api).
2025-11-17 16:25:11.975 +01:00 [INF] Executing OkObjectResult, writing value of type 'api.DTOs.QuizDto'.
2025-11-17 16:25:11.977 +01:00 [INF] Executed action api.Controllers.TakeQuizApiController.GetQuiz (api) in 5.0875ms
2025-11-17 16:25:11.977 +01:00 [INF] Executed endpoint 'api.Controllers.TakeQuizApiController.GetQuiz (api)'
2025-11-17 16:25:11.977 +01:00 [INF] Request finished HTTP/1.1 GET http://localhost:5082/api/takequizapi/2 - 200 918 application/json; charset=utf-8 6.675ms
2025-11-17 16:25:11.980 +01:00 [INF] Request starting HTTP/1.1 GET http://localhost:5082/api/takequizapi/2 - application/json null
2025-11-17 16:25:11.980 +01:00 [INF] CORS policy execution successful.
2025-11-17 16:25:11.981 +01:00 [INF] Executing endpoint 'api.Controllers.TakeQuizApiController.GetQuiz (api)'
2025-11-17 16:25:11.981 +01:00 [INF] Route matched with {action = "GetQuiz", controller = "TakeQuizApi"}. Executing controller action with signature System.Threading.Tasks.Task`1[Microsoft.AspNetCore.Mvc.IActionResult] GetQuiz(Int32) on controller api.Controllers.TakeQuizApiController (api).
2025-11-17 16:25:11.987 +01:00 [INF] Executing OkObjectResult, writing value of type 'api.DTOs.QuizDto'.
2025-11-17 16:25:11.988 +01:00 [INF] Executed action api.Controllers.TakeQuizApiController.GetQuiz (api) in 6.4552ms
2025-11-17 16:25:11.988 +01:00 [INF] Executed endpoint 'api.Controllers.TakeQuizApiController.GetQuiz (api)'
2025-11-17 16:25:11.989 +01:00 [INF] Request finished HTTP/1.1 GET http://localhost:5082/api/takequizapi/2 - 200 918 application/json; charset=utf-8 8.8539ms
2025-11-17 16:25:18.058 +01:00 [INF] Request starting HTTP/1.1 OPTIONS http://localhost:5082/api/takequizapi/submit - null null
2025-11-17 16:25:18.059 +01:00 [INF] CORS policy execution successful.
2025-11-17 16:25:18.060 +01:00 [INF] Request finished HTTP/1.1 OPTIONS http://localhost:5082/api/takequizapi/submit - 204 null null 4.7096ms
2025-11-17 16:25:18.102 +01:00 [INF] Request starting HTTP/1.1 POST http://localhost:5082/api/takequizapi/submit - application/json 71
2025-11-17 16:25:18.102 +01:00 [INF] CORS policy execution successful.
2025-11-17 16:25:18.116 +01:00 [INF] Executing endpoint 'api.Controllers.TakeQuizApiController.Submit (api)'
2025-11-17 16:25:18.125 +01:00 [INF] Route matched with {action = "Submit", controller = "TakeQuizApi"}. Executing controller action with signature System.Threading.Tasks.Task`1[Microsoft.AspNetCore.Mvc.IActionResult] Submit(api.DTOs.QuizSubmissionDto) on controller api.Controllers.TakeQuizApiController (api).
2025-11-17 16:25:18.160 +01:00 [INF] Executing OkObjectResult, writing value of type 'System.Collections.Generic.Dictionary`2[[System.String, System.Private.CoreLib, Version=8.0.0.0, Culture=neutral, PublicKeyToken=7cec85d7bea7798e],[System.Int32, System.Private.CoreLib, Version=8.0.0.0, Culture=neutral, PublicKeyToken=7cec85d7bea7798e]]'.
2025-11-17 16:25:18.163 +01:00 [INF] Executed action api.Controllers.TakeQuizApiController.Submit (api) in 38.5775ms
2025-11-17 16:25:18.164 +01:00 [INF] Executed endpoint 'api.Controllers.TakeQuizApiController.Submit (api)'
2025-11-17 16:25:18.164 +01:00 [INF] Request finished HTTP/1.1 POST http://localhost:5082/api/takequizapi/submit - 200 11 application/json; charset=utf-8 62.0462ms
2025-11-17 16:25:20.438 +01:00 [INF] Request starting HTTP/1.1 OPTIONS http://localhost:5082/api/takequizapi/saveattempt - null null
2025-11-17 16:25:20.439 +01:00 [INF] CORS policy execution successful.
2025-11-17 16:25:20.439 +01:00 [INF] Request finished HTTP/1.1 OPTIONS http://localhost:5082/api/takequizapi/saveattempt - 204 null null 0.6331ms
2025-11-17 16:25:20.441 +01:00 [INF] Request starting HTTP/1.1 POST http://localhost:5082/api/takequizapi/saveattempt - application/json 81
2025-11-17 16:25:20.442 +01:00 [INF] CORS policy execution successful.
2025-11-17 16:25:20.446 +01:00 [INF] Executing endpoint 'api.Controllers.TakeQuizApiController.SaveAttempt (api)'
2025-11-17 16:25:20.452 +01:00 [INF] Route matched with {action = "SaveAttempt", controller = "TakeQuizApi"}. Executing controller action with signature System.Threading.Tasks.Task`1[Microsoft.AspNetCore.Mvc.IActionResult] SaveAttempt(api.DTOs.QuizResultDto) on controller api.Controllers.TakeQuizApiController (api).
2025-11-17 16:25:20.664 +01:00 [INF] Executing OkObjectResult, writing value of type '<>f__AnonymousType3`1[[System.String, System.Private.CoreLib, Version=8.0.0.0, Culture=neutral, PublicKeyToken=7cec85d7bea7798e]]'.
2025-11-17 16:25:20.667 +01:00 [INF] Executed action api.Controllers.TakeQuizApiController.SaveAttempt (api) in 215.1869ms
2025-11-17 16:25:20.667 +01:00 [INF] Executed endpoint 'api.Controllers.TakeQuizApiController.SaveAttempt (api)'
2025-11-17 16:25:20.668 +01:00 [INF] Request finished HTTP/1.1 POST http://localhost:5082/api/takequizapi/saveattempt - 200 40 application/json; charset=utf-8 226.3655ms
2025-11-17 16:25:24.934 +01:00 [INF] Request starting HTTP/1.1 OPTIONS http://localhost:5082/api/takequizapi/takequizlist - null null
2025-11-17 16:25:24.934 +01:00 [INF] Request starting HTTP/1.1 OPTIONS http://localhost:5082/api/takequizapi/takequizlist - null null
2025-11-17 16:25:24.934 +01:00 [INF] CORS policy execution successful.
2025-11-17 16:25:24.934 +01:00 [INF] CORS policy execution successful.
2025-11-17 16:25:24.934 +01:00 [INF] Request finished HTTP/1.1 OPTIONS http://localhost:5082/api/takequizapi/takequizlist - 204 null null 0.4899ms
2025-11-17 16:25:24.934 +01:00 [INF] Request finished HTTP/1.1 OPTIONS http://localhost:5082/api/takequizapi/takequizlist - 204 null null 0.66ms
2025-11-17 16:25:24.942 +01:00 [INF] Request starting HTTP/1.1 GET http://localhost:5082/api/takequizapi/takequizlist - application/json null
2025-11-17 16:25:24.942 +01:00 [INF] CORS policy execution successful.
2025-11-17 16:25:24.943 +01:00 [INF] Executing endpoint 'api.Controllers.TakeQuizApiController.GetAllQuizzes (api)'
2025-11-17 16:25:24.944 +01:00 [INF] Route matched with {action = "GetAllQuizzes", controller = "TakeQuizApi"}. Executing controller action with signature System.Threading.Tasks.Task`1[Microsoft.AspNetCore.Mvc.IActionResult] GetAllQuizzes() on controller api.Controllers.TakeQuizApiController (api).
2025-11-17 16:25:24.949 +01:00 [INF] Executing OkObjectResult, writing value of type 'System.Collections.Generic.List`1[[api.DTOs.QuizDto, api, Version=1.0.0.0, Culture=neutral, PublicKeyToken=null]]'.
2025-11-17 16:25:24.950 +01:00 [INF] Executed action api.Controllers.TakeQuizApiController.GetAllQuizzes (api) in 6.0052ms
2025-11-17 16:25:24.950 +01:00 [INF] Executed endpoint 'api.Controllers.TakeQuizApiController.GetAllQuizzes (api)'
2025-11-17 16:25:24.951 +01:00 [INF] Request finished HTTP/1.1 GET http://localhost:5082/api/takequizapi/takequizlist - 200 377 application/json; charset=utf-8 8.745ms
2025-11-17 16:25:24.954 +01:00 [INF] Request starting HTTP/1.1 GET http://localhost:5082/api/takequizapi/takequizlist - application/json null
2025-11-17 16:25:24.956 +01:00 [INF] CORS policy execution successful.
2025-11-17 16:25:24.956 +01:00 [INF] Executing endpoint 'api.Controllers.TakeQuizApiController.GetAllQuizzes (api)'
2025-11-17 16:25:24.957 +01:00 [INF] Route matched with {action = "GetAllQuizzes", controller = "TakeQuizApi"}. Executing controller action with signature System.Threading.Tasks.Task`1[Microsoft.AspNetCore.Mvc.IActionResult] GetAllQuizzes() on controller api.Controllers.TakeQuizApiController (api).
2025-11-17 16:25:24.963 +01:00 [INF] Executing OkObjectResult, writing value of type 'System.Collections.Generic.List`1[[api.DTOs.QuizDto, api, Version=1.0.0.0, Culture=neutral, PublicKeyToken=null]]'.
2025-11-17 16:25:24.964 +01:00 [INF] Executed action api.Controllers.TakeQuizApiController.GetAllQuizzes (api) in 7.0859ms
2025-11-17 16:25:24.965 +01:00 [INF] Executed endpoint 'api.Controllers.TakeQuizApiController.GetAllQuizzes (api)'
2025-11-17 16:25:24.965 +01:00 [INF] Request finished HTTP/1.1 GET http://localhost:5082/api/takequizapi/takequizlist - 200 377 application/json; charset=utf-8 10.8411ms
2025-11-17 16:25:25.805 +01:00 [INF] Request starting HTTP/1.1 OPTIONS http://localhost:5082/api/takequizapi/attempts/2?page=1&pageSize=6&sortBy=submittedAt&sortOrder=desc - null null
2025-11-17 16:25:25.806 +01:00 [INF] CORS policy execution successful.
2025-11-17 16:25:25.807 +01:00 [INF] Request starting HTTP/1.1 OPTIONS http://localhost:5082/api/takequizapi/attempts/2?page=1&pageSize=6&sortBy=submittedAt&sortOrder=desc - null null
2025-11-17 16:25:25.807 +01:00 [INF] Request finished HTTP/1.1 OPTIONS http://localhost:5082/api/takequizapi/attempts/2?page=1&pageSize=6&sortBy=submittedAt&sortOrder=desc - 204 null null 1.5031ms
2025-11-17 16:25:25.807 +01:00 [INF] CORS policy execution successful.
2025-11-17 16:25:25.807 +01:00 [INF] Request finished HTTP/1.1 OPTIONS http://localhost:5082/api/takequizapi/attempts/2?page=1&pageSize=6&sortBy=submittedAt&sortOrder=desc - 204 null null 0.4495ms
2025-11-17 16:25:25.812 +01:00 [INF] Request starting HTTP/1.1 GET http://localhost:5082/api/takequizapi/attempts/2?page=1&pageSize=6&sortBy=submittedAt&sortOrder=desc - application/json null
2025-11-17 16:25:25.813 +01:00 [INF] CORS policy execution successful.
2025-11-17 16:25:25.814 +01:00 [INF] Executing endpoint 'api.Controllers.TakeQuizApiController.GetAttempts (api)'
2025-11-17 16:25:25.829 +01:00 [INF] Route matched with {action = "GetAttempts", controller = "TakeQuizApi"}. Executing controller action with signature System.Threading.Tasks.Task`1[Microsoft.AspNetCore.Mvc.IActionResult] GetAttempts(Int32, api.Models.AttemptsQueryParams) on controller api.Controllers.TakeQuizApiController (api).
2025-11-17 16:25:25.961 +01:00 [WRN] Compiling a query which loads related collections for more than one collection navigation, either via 'Include' or through projection, but no 'QuerySplittingBehavior' has been configured. By default, Entity Framework will use 'QuerySplittingBehavior.SingleQuery', which can potentially result in slow query performance. See https://go.microsoft.com/fwlink/?linkid=2134277 for more information. To identify the query that's triggering this warning call 'ConfigureWarnings(w => w.Throw(RelationalEventId.MultipleCollectionIncludeWarning))'.
2025-11-17 16:25:26.019 +01:00 [INF] Executing OkObjectResult, writing value of type '<>f__AnonymousType5`4[[System.Collections.Generic.List`1[[api.DTOs.QuizResultDto, api, Version=1.0.0.0, Culture=neutral, PublicKeyToken=null]], System.Private.CoreLib, Version=8.0.0.0, Culture=neutral, PublicKeyToken=7cec85d7bea7798e],[System.Int32, System.Private.CoreLib, Version=8.0.0.0, Culture=neutral, PublicKeyToken=7cec85d7bea7798e],[System.Int32, System.Private.CoreLib, Version=8.0.0.0, Culture=neutral, PublicKeyToken=7cec85d7bea7798e],[System.Int32, System.Private.CoreLib, Version=8.0.0.0, Culture=neutral, PublicKeyToken=7cec85d7bea7798e]]'.
2025-11-17 16:25:26.034 +01:00 [INF] Executed action api.Controllers.TakeQuizApiController.GetAttempts (api) in 205.0392ms
2025-11-17 16:25:26.034 +01:00 [INF] Executed endpoint 'api.Controllers.TakeQuizApiController.GetAttempts (api)'
2025-11-17 16:25:26.034 +01:00 [INF] Request finished HTTP/1.1 GET http://localhost:5082/api/takequizapi/attempts/2?page=1&pageSize=6&sortBy=submittedAt&sortOrder=desc - 200 228 application/json; charset=utf-8 222.1339ms
2025-11-17 16:25:26.038 +01:00 [INF] Request starting HTTP/1.1 GET http://localhost:5082/api/takequizapi/attempts/2?page=1&pageSize=6&sortBy=submittedAt&sortOrder=desc - application/json null
2025-11-17 16:25:26.039 +01:00 [INF] CORS policy execution successful.
2025-11-17 16:25:26.040 +01:00 [INF] Executing endpoint 'api.Controllers.TakeQuizApiController.GetAttempts (api)'
2025-11-17 16:25:26.040 +01:00 [INF] Route matched with {action = "GetAttempts", controller = "TakeQuizApi"}. Executing controller action with signature System.Threading.Tasks.Task`1[Microsoft.AspNetCore.Mvc.IActionResult] GetAttempts(Int32, api.Models.AttemptsQueryParams) on controller api.Controllers.TakeQuizApiController (api).
2025-11-17 16:25:26.052 +01:00 [INF] Executing OkObjectResult, writing value of type '<>f__AnonymousType5`4[[System.Collections.Generic.List`1[[api.DTOs.QuizResultDto, api, Version=1.0.0.0, Culture=neutral, PublicKeyToken=null]], System.Private.CoreLib, Version=8.0.0.0, Culture=neutral, PublicKeyToken=7cec85d7bea7798e],[System.Int32, System.Private.CoreLib, Version=8.0.0.0, Culture=neutral, PublicKeyToken=7cec85d7bea7798e],[System.Int32, System.Private.CoreLib, Version=8.0.0.0, Culture=neutral, PublicKeyToken=7cec85d7bea7798e],[System.Int32, System.Private.CoreLib, Version=8.0.0.0, Culture=neutral, PublicKeyToken=7cec85d7bea7798e]]'.
2025-11-17 16:25:26.053 +01:00 [INF] Executed action api.Controllers.TakeQuizApiController.GetAttempts (api) in 12.7776ms
2025-11-17 16:25:26.053 +01:00 [INF] Executed endpoint 'api.Controllers.TakeQuizApiController.GetAttempts (api)'
2025-11-17 16:25:26.053 +01:00 [INF] Request finished HTTP/1.1 GET http://localhost:5082/api/takequizapi/attempts/2?page=1&pageSize=6&sortBy=submittedAt&sortOrder=desc - 200 228 application/json; charset=utf-8 15.3678ms
2025-11-17 16:25:27.806 +01:00 [INF] Request starting HTTP/1.1 OPTIONS http://localhost:5082/api/takequizapi/attempt-details/104 - null null
2025-11-17 16:25:27.806 +01:00 [INF] CORS policy execution successful.
2025-11-17 16:25:27.807 +01:00 [INF] Request finished HTTP/1.1 OPTIONS http://localhost:5082/api/takequizapi/attempt-details/104 - 204 null null 0.7787ms
2025-11-17 16:25:27.819 +01:00 [INF] Request starting HTTP/1.1 GET http://localhost:5082/api/takequizapi/attempt-details/104 - application/json null
2025-11-17 16:25:27.819 +01:00 [INF] CORS policy execution successful.
2025-11-17 16:25:27.821 +01:00 [INF] Executing endpoint 'api.Controllers.TakeQuizApiController.GetAttemptDetails (api)'
2025-11-17 16:25:27.828 +01:00 [INF] Route matched with {action = "GetAttemptDetails", controller = "TakeQuizApi"}. Executing controller action with signature System.Threading.Tasks.Task`1[Microsoft.AspNetCore.Mvc.IActionResult] GetAttemptDetails(Int32) on controller api.Controllers.TakeQuizApiController (api).
2025-11-17 16:25:27.867 +01:00 [WRN] Compiling a query which loads related collections for more than one collection navigation, either via 'Include' or through projection, but no 'QuerySplittingBehavior' has been configured. By default, Entity Framework will use 'QuerySplittingBehavior.SingleQuery', which can potentially result in slow query performance. See https://go.microsoft.com/fwlink/?linkid=2134277 for more information. To identify the query that's triggering this warning call 'ConfigureWarnings(w => w.Throw(RelationalEventId.MultipleCollectionIncludeWarning))'.
2025-11-17 16:25:27.885 +01:00 [INF] Executing OkObjectResult, writing value of type '<>f__AnonymousType6`6[[System.Int32, System.Private.CoreLib, Version=8.0.0.0, Culture=neutral, PublicKeyToken=7cec85d7bea7798e],[System.String, System.Private.CoreLib, Version=8.0.0.0, Culture=neutral, PublicKeyToken=7cec85d7bea7798e],[System.Int32, System.Private.CoreLib, Version=8.0.0.0, Culture=neutral, PublicKeyToken=7cec85d7bea7798e],[System.Int32, System.Private.CoreLib, Version=8.0.0.0, Culture=neutral, PublicKeyToken=7cec85d7bea7798e],[System.DateTime, System.Private.CoreLib, Version=8.0.0.0, Culture=neutral, PublicKeyToken=7cec85d7bea7798e],[System.Collections.Generic.List`1[[<>f__AnonymousType7`4[[System.Int32, System.Private.CoreLib, Version=8.0.0.0, Culture=neutral, PublicKeyToken=7cec85d7bea7798e],[System.String, System.Private.CoreLib, Version=8.0.0.0, Culture=neutral, PublicKeyToken=7cec85d7bea7798e],[System.String, System.Private.CoreLib, Version=8.0.0.0, Culture=neutral, PublicKeyToken=7cec85d7bea7798e],[System.Collections.Generic.List`1[[<>f__AnonymousType8`4[[System.Int32, System.Private.CoreLib, Version=8.0.0.0, Culture=neutral, PublicKeyToken=7cec85d7bea7798e],[System.String, System.Private.CoreLib, Version=8.0.0.0, Culture=neutral, PublicKeyToken=7cec85d7bea7798e],[System.Boolean, System.Private.CoreLib, Version=8.0.0.0, Culture=neutral, PublicKeyToken=7cec85d7bea7798e],[System.Boolean, System.Private.CoreLib, Version=8.0.0.0, Culture=neutral, PublicKeyToken=7cec85d7bea7798e]], api, Version=1.0.0.0, Culture=neutral, PublicKeyToken=null]], System.Private.CoreLib, Version=8.0.0.0, Culture=neutral, PublicKeyToken=7cec85d7bea7798e]], api, Version=1.0.0.0, Culture=neutral, PublicKeyToken=null]], System.Private.CoreLib, Version=8.0.0.0, Culture=neutral, PublicKeyToken=7cec85d7bea7798e]]'.
2025-11-17 16:25:27.907 +01:00 [INF] Executed action api.Controllers.TakeQuizApiController.GetAttemptDetails (api) in 78.8772ms
2025-11-17 16:25:27.908 +01:00 [INF] Executed endpoint 'api.Controllers.TakeQuizApiController.GetAttemptDetails (api)'
2025-11-17 16:25:27.908 +01:00 [INF] Request finished HTTP/1.1 GET http://localhost:5082/api/takequizapi/attempt-details/104 - 200 1174 application/json; charset=utf-8 88.8102ms
2025-11-17 16:25:27.910 +01:00 [INF] Request starting HTTP/1.1 GET http://localhost:5082/api/takequizapi/attempt-details/104 - application/json null
2025-11-17 16:25:27.910 +01:00 [INF] CORS policy execution successful.
2025-11-17 16:25:27.911 +01:00 [INF] Executing endpoint 'api.Controllers.TakeQuizApiController.GetAttemptDetails (api)'
2025-11-17 16:25:27.912 +01:00 [INF] Route matched with {action = "GetAttemptDetails", controller = "TakeQuizApi"}. Executing controller action with signature System.Threading.Tasks.Task`1[Microsoft.AspNetCore.Mvc.IActionResult] GetAttemptDetails(Int32) on controller api.Controllers.TakeQuizApiController (api).
2025-11-17 16:25:27.926 +01:00 [INF] Executing OkObjectResult, writing value of type '<>f__AnonymousType6`6[[System.Int32, System.Private.CoreLib, Version=8.0.0.0, Culture=neutral, PublicKeyToken=7cec85d7bea7798e],[System.String, System.Private.CoreLib, Version=8.0.0.0, Culture=neutral, PublicKeyToken=7cec85d7bea7798e],[System.Int32, System.Private.CoreLib, Version=8.0.0.0, Culture=neutral, PublicKeyToken=7cec85d7bea7798e],[System.Int32, System.Private.CoreLib, Version=8.0.0.0, Culture=neutral, PublicKeyToken=7cec85d7bea7798e],[System.DateTime, System.Private.CoreLib, Version=8.0.0.0, Culture=neutral, PublicKeyToken=7cec85d7bea7798e],[System.Collections.Generic.List`1[[<>f__AnonymousType7`4[[System.Int32, System.Private.CoreLib, Version=8.0.0.0, Culture=neutral, PublicKeyToken=7cec85d7bea7798e],[System.String, System.Private.CoreLib, Version=8.0.0.0, Culture=neutral, PublicKeyToken=7cec85d7bea7798e],[System.String, System.Private.CoreLib, Version=8.0.0.0, Culture=neutral, PublicKeyToken=7cec85d7bea7798e],[System.Collections.Generic.List`1[[<>f__AnonymousType8`4[[System.Int32, System.Private.CoreLib, Version=8.0.0.0, Culture=neutral, PublicKeyToken=7cec85d7bea7798e],[System.String, System.Private.CoreLib, Version=8.0.0.0, Culture=neutral, PublicKeyToken=7cec85d7bea7798e],[System.Boolean, System.Private.CoreLib, Version=8.0.0.0, Culture=neutral, PublicKeyToken=7cec85d7bea7798e],[System.Boolean, System.Private.CoreLib, Version=8.0.0.0, Culture=neutral, PublicKeyToken=7cec85d7bea7798e]], api, Version=1.0.0.0, Culture=neutral, PublicKeyToken=null]], System.Private.CoreLib, Version=8.0.0.0, Culture=neutral, PublicKeyToken=7cec85d7bea7798e]], api, Version=1.0.0.0, Culture=neutral, PublicKeyToken=null]], System.Private.CoreLib, Version=8.0.0.0, Culture=neutral, PublicKeyToken=7cec85d7bea7798e]]'.
2025-11-17 16:25:27.927 +01:00 [INF] Executed action api.Controllers.TakeQuizApiController.GetAttemptDetails (api) in 15.3362ms
2025-11-17 16:25:27.927 +01:00 [INF] Executed endpoint 'api.Controllers.TakeQuizApiController.GetAttemptDetails (api)'
2025-11-17 16:25:27.927 +01:00 [INF] Request finished HTTP/1.1 GET http://localhost:5082/api/takequizapi/attempt-details/104 - 200 1174 application/json; charset=utf-8 17.6965ms
2025-11-17 16:25:36.075 +01:00 [INF] Request starting HTTP/1.1 OPTIONS http://localhost:5082/api/takequizapi/attempts/2?page=1&pageSize=6&sortBy=submittedAt&sortOrder=desc - null null
2025-11-17 16:25:36.075 +01:00 [INF] Request starting HTTP/1.1 OPTIONS http://localhost:5082/api/takequizapi/attempts/2?page=1&pageSize=6&sortBy=submittedAt&sortOrder=desc - null null
2025-11-17 16:25:36.075 +01:00 [INF] CORS policy execution successful.
2025-11-17 16:25:36.075 +01:00 [INF] CORS policy execution successful.
2025-11-17 16:25:36.075 +01:00 [INF] Request finished HTTP/1.1 OPTIONS http://localhost:5082/api/takequizapi/attempts/2?page=1&pageSize=6&sortBy=submittedAt&sortOrder=desc - 204 null null 0.3185ms
2025-11-17 16:25:36.076 +01:00 [INF] Request finished HTTP/1.1 OPTIONS http://localhost:5082/api/takequizapi/attempts/2?page=1&pageSize=6&sortBy=submittedAt&sortOrder=desc - 204 null null 0.9046ms
2025-11-17 16:25:36.080 +01:00 [INF] Request starting HTTP/1.1 GET http://localhost:5082/api/takequizapi/attempts/2?page=1&pageSize=6&sortBy=submittedAt&sortOrder=desc - application/json null
2025-11-17 16:25:36.081 +01:00 [INF] CORS policy execution successful.
2025-11-17 16:25:36.083 +01:00 [INF] Executing endpoint 'api.Controllers.TakeQuizApiController.GetAttempts (api)'
2025-11-17 16:25:36.084 +01:00 [INF] Route matched with {action = "GetAttempts", controller = "TakeQuizApi"}. Executing controller action with signature System.Threading.Tasks.Task`1[Microsoft.AspNetCore.Mvc.IActionResult] GetAttempts(Int32, api.Models.AttemptsQueryParams) on controller api.Controllers.TakeQuizApiController (api).
2025-11-17 16:25:36.095 +01:00 [INF] Executing OkObjectResult, writing value of type '<>f__AnonymousType5`4[[System.Collections.Generic.List`1[[api.DTOs.QuizResultDto, api, Version=1.0.0.0, Culture=neutral, PublicKeyToken=null]], System.Private.CoreLib, Version=8.0.0.0, Culture=neutral, PublicKeyToken=7cec85d7bea7798e],[System.Int32, System.Private.CoreLib, Version=8.0.0.0, Culture=neutral, PublicKeyToken=7cec85d7bea7798e],[System.Int32, System.Private.CoreLib, Version=8.0.0.0, Culture=neutral, PublicKeyToken=7cec85d7bea7798e],[System.Int32, System.Private.CoreLib, Version=8.0.0.0, Culture=neutral, PublicKeyToken=7cec85d7bea7798e]]'.
2025-11-17 16:25:36.096 +01:00 [INF] Executed action api.Controllers.TakeQuizApiController.GetAttempts (api) in 12.2166ms
2025-11-17 16:25:36.096 +01:00 [INF] Executed endpoint 'api.Controllers.TakeQuizApiController.GetAttempts (api)'
2025-11-17 16:25:36.096 +01:00 [INF] Request finished HTTP/1.1 GET http://localhost:5082/api/takequizapi/attempts/2?page=1&pageSize=6&sortBy=submittedAt&sortOrder=desc - 200 228 application/json; charset=utf-8 16.2902ms
2025-11-17 16:25:36.100 +01:00 [INF] Request starting HTTP/1.1 GET http://localhost:5082/api/takequizapi/attempts/2?page=1&pageSize=6&sortBy=submittedAt&sortOrder=desc - application/json null
2025-11-17 16:25:36.101 +01:00 [INF] CORS policy execution successful.
2025-11-17 16:25:36.102 +01:00 [INF] Executing endpoint 'api.Controllers.TakeQuizApiController.GetAttempts (api)'
2025-11-17 16:25:36.102 +01:00 [INF] Route matched with {action = "GetAttempts", controller = "TakeQuizApi"}. Executing controller action with signature System.Threading.Tasks.Task`1[Microsoft.AspNetCore.Mvc.IActionResult] GetAttempts(Int32, api.Models.AttemptsQueryParams) on controller api.Controllers.TakeQuizApiController (api).
2025-11-17 16:25:36.112 +01:00 [INF] Executing OkObjectResult, writing value of type '<>f__AnonymousType5`4[[System.Collections.Generic.List`1[[api.DTOs.QuizResultDto, api, Version=1.0.0.0, Culture=neutral, PublicKeyToken=null]], System.Private.CoreLib, Version=8.0.0.0, Culture=neutral, PublicKeyToken=7cec85d7bea7798e],[System.Int32, System.Private.CoreLib, Version=8.0.0.0, Culture=neutral, PublicKeyToken=7cec85d7bea7798e],[System.Int32, System.Private.CoreLib, Version=8.0.0.0, Culture=neutral, PublicKeyToken=7cec85d7bea7798e],[System.Int32, System.Private.CoreLib, Version=8.0.0.0, Culture=neutral, PublicKeyToken=7cec85d7bea7798e]]'.
2025-11-17 16:25:36.114 +01:00 [INF] Executed action api.Controllers.TakeQuizApiController.GetAttempts (api) in 11.6672ms
2025-11-17 16:25:36.114 +01:00 [INF] Executed endpoint 'api.Controllers.TakeQuizApiController.GetAttempts (api)'
2025-11-17 16:25:36.115 +01:00 [INF] Request finished HTTP/1.1 GET http://localhost:5082/api/takequizapi/attempts/2?page=1&pageSize=6&sortBy=submittedAt&sortOrder=desc - 200 228 application/json; charset=utf-8 15.1761ms
2025-11-17 16:25:38.126 +01:00 [INF] Request starting HTTP/1.1 OPTIONS http://localhost:5082/api/takequizapi/takequizlist - null null
2025-11-17 16:25:38.126 +01:00 [INF] CORS policy execution successful.
2025-11-17 16:25:38.127 +01:00 [INF] Request finished HTTP/1.1 OPTIONS http://localhost:5082/api/takequizapi/takequizlist - 204 null null 0.4492ms
2025-11-17 16:25:38.127 +01:00 [INF] Request starting HTTP/1.1 OPTIONS http://localhost:5082/api/takequizapi/takequizlist - null null
2025-11-17 16:25:38.127 +01:00 [INF] CORS policy execution successful.
2025-11-17 16:25:38.127 +01:00 [INF] Request finished HTTP/1.1 OPTIONS http://localhost:5082/api/takequizapi/takequizlist - 204 null null 0.2894ms
2025-11-17 16:25:38.130 +01:00 [INF] Request starting HTTP/1.1 GET http://localhost:5082/api/takequizapi/takequizlist - application/json null
2025-11-17 16:25:38.131 +01:00 [INF] CORS policy execution successful.
2025-11-17 16:25:38.133 +01:00 [INF] Executing endpoint 'api.Controllers.TakeQuizApiController.GetAllQuizzes (api)'
2025-11-17 16:25:38.133 +01:00 [INF] Route matched with {action = "GetAllQuizzes", controller = "TakeQuizApi"}. Executing controller action with signature System.Threading.Tasks.Task`1[Microsoft.AspNetCore.Mvc.IActionResult] GetAllQuizzes() on controller api.Controllers.TakeQuizApiController (api).
2025-11-17 16:25:38.141 +01:00 [INF] Executing OkObjectResult, writing value of type 'System.Collections.Generic.List`1[[api.DTOs.QuizDto, api, Version=1.0.0.0, Culture=neutral, PublicKeyToken=null]]'.
2025-11-17 16:25:38.142 +01:00 [INF] Executed action api.Controllers.TakeQuizApiController.GetAllQuizzes (api) in 8.3577ms
2025-11-17 16:25:38.142 +01:00 [INF] Executed endpoint 'api.Controllers.TakeQuizApiController.GetAllQuizzes (api)'
2025-11-17 16:25:38.142 +01:00 [INF] Request finished HTTP/1.1 GET http://localhost:5082/api/takequizapi/takequizlist - 200 377 application/json; charset=utf-8 11.5445ms
2025-11-17 16:25:38.144 +01:00 [INF] Request starting HTTP/1.1 GET http://localhost:5082/api/takequizapi/takequizlist - application/json null
2025-11-17 16:25:38.144 +01:00 [INF] CORS policy execution successful.
2025-11-17 16:25:38.144 +01:00 [INF] Executing endpoint 'api.Controllers.TakeQuizApiController.GetAllQuizzes (api)'
2025-11-17 16:25:38.145 +01:00 [INF] Route matched with {action = "GetAllQuizzes", controller = "TakeQuizApi"}. Executing controller action with signature System.Threading.Tasks.Task`1[Microsoft.AspNetCore.Mvc.IActionResult] GetAllQuizzes() on controller api.Controllers.TakeQuizApiController (api).
2025-11-17 16:25:38.152 +01:00 [INF] Executing OkObjectResult, writing value of type 'System.Collections.Generic.List`1[[api.DTOs.QuizDto, api, Version=1.0.0.0, Culture=neutral, PublicKeyToken=null]]'.
2025-11-17 16:25:38.153 +01:00 [INF] Executed action api.Controllers.TakeQuizApiController.GetAllQuizzes (api) in 7.9957ms
2025-11-17 16:25:38.153 +01:00 [INF] Executed endpoint 'api.Controllers.TakeQuizApiController.GetAllQuizzes (api)'
2025-11-17 16:25:38.153 +01:00 [INF] Request finished HTTP/1.1 GET http://localhost:5082/api/takequizapi/takequizlist - 200 377 application/json; charset=utf-8 9.0689ms
2025-11-17 16:25:39.750 +01:00 [INF] Request starting HTTP/1.1 GET http://localhost:5082/api/takequizapi/attempts/2?page=1&pageSize=6&sortBy=submittedAt&sortOrder=desc - application/json null
2025-11-17 16:25:39.751 +01:00 [INF] CORS policy execution successful.
2025-11-17 16:25:39.752 +01:00 [INF] Executing endpoint 'api.Controllers.TakeQuizApiController.GetAttempts (api)'
2025-11-17 16:25:39.752 +01:00 [INF] Route matched with {action = "GetAttempts", controller = "TakeQuizApi"}. Executing controller action with signature System.Threading.Tasks.Task`1[Microsoft.AspNetCore.Mvc.IActionResult] GetAttempts(Int32, api.Models.AttemptsQueryParams) on controller api.Controllers.TakeQuizApiController (api).
2025-11-17 16:25:39.763 +01:00 [INF] Executing OkObjectResult, writing value of type '<>f__AnonymousType5`4[[System.Collections.Generic.List`1[[api.DTOs.QuizResultDto, api, Version=1.0.0.0, Culture=neutral, PublicKeyToken=null]], System.Private.CoreLib, Version=8.0.0.0, Culture=neutral, PublicKeyToken=7cec85d7bea7798e],[System.Int32, System.Private.CoreLib, Version=8.0.0.0, Culture=neutral, PublicKeyToken=7cec85d7bea7798e],[System.Int32, System.Private.CoreLib, Version=8.0.0.0, Culture=neutral, PublicKeyToken=7cec85d7bea7798e],[System.Int32, System.Private.CoreLib, Version=8.0.0.0, Culture=neutral, PublicKeyToken=7cec85d7bea7798e]]'.
2025-11-17 16:25:39.764 +01:00 [INF] Executed action api.Controllers.TakeQuizApiController.GetAttempts (api) in 11.7418ms
2025-11-17 16:25:39.764 +01:00 [INF] Executed endpoint 'api.Controllers.TakeQuizApiController.GetAttempts (api)'
2025-11-17 16:25:39.764 +01:00 [INF] Request finished HTTP/1.1 GET http://localhost:5082/api/takequizapi/attempts/2?page=1&pageSize=6&sortBy=submittedAt&sortOrder=desc - 200 228 application/json; charset=utf-8 13.8069ms
2025-11-17 16:25:39.767 +01:00 [INF] Request starting HTTP/1.1 GET http://localhost:5082/api/takequizapi/attempts/2?page=1&pageSize=6&sortBy=submittedAt&sortOrder=desc - application/json null
2025-11-17 16:25:39.767 +01:00 [INF] CORS policy execution successful.
2025-11-17 16:25:39.768 +01:00 [INF] Executing endpoint 'api.Controllers.TakeQuizApiController.GetAttempts (api)'
2025-11-17 16:25:39.768 +01:00 [INF] Route matched with {action = "GetAttempts", controller = "TakeQuizApi"}. Executing controller action with signature System.Threading.Tasks.Task`1[Microsoft.AspNetCore.Mvc.IActionResult] GetAttempts(Int32, api.Models.AttemptsQueryParams) on controller api.Controllers.TakeQuizApiController (api).
2025-11-17 16:25:39.774 +01:00 [INF] Executing OkObjectResult, writing value of type '<>f__AnonymousType5`4[[System.Collections.Generic.List`1[[api.DTOs.QuizResultDto, api, Version=1.0.0.0, Culture=neutral, PublicKeyToken=null]], System.Private.CoreLib, Version=8.0.0.0, Culture=neutral, PublicKeyToken=7cec85d7bea7798e],[System.Int32, System.Private.CoreLib, Version=8.0.0.0, Culture=neutral, PublicKeyToken=7cec85d7bea7798e],[System.Int32, System.Private.CoreLib, Version=8.0.0.0, Culture=neutral, PublicKeyToken=7cec85d7bea7798e],[System.Int32, System.Private.CoreLib, Version=8.0.0.0, Culture=neutral, PublicKeyToken=7cec85d7bea7798e]]'.
2025-11-17 16:25:39.776 +01:00 [INF] Executed action api.Controllers.TakeQuizApiController.GetAttempts (api) in 7.2793ms
2025-11-17 16:25:39.776 +01:00 [INF] Executed endpoint 'api.Controllers.TakeQuizApiController.GetAttempts (api)'
2025-11-17 16:25:39.776 +01:00 [INF] Request finished HTTP/1.1 GET http://localhost:5082/api/takequizapi/attempts/2?page=1&pageSize=6&sortBy=submittedAt&sortOrder=desc - 200 228 application/json; charset=utf-8 9.4196ms
2025-11-17 16:25:43.614 +01:00 [INF] Request starting HTTP/1.1 OPTIONS http://localhost:5082/api/takequizapi/attempt-details/104 - null null
2025-11-17 16:25:43.615 +01:00 [INF] CORS policy execution successful.
2025-11-17 16:25:43.616 +01:00 [INF] Request finished HTTP/1.1 OPTIONS http://localhost:5082/api/takequizapi/attempt-details/104 - 204 null null 1.9148ms
2025-11-17 16:25:43.622 +01:00 [INF] Request starting HTTP/1.1 GET http://localhost:5082/api/takequizapi/attempt-details/104 - application/json null
2025-11-17 16:25:43.623 +01:00 [INF] CORS policy execution successful.
2025-11-17 16:25:43.623 +01:00 [INF] Executing endpoint 'api.Controllers.TakeQuizApiController.GetAttemptDetails (api)'
2025-11-17 16:25:43.623 +01:00 [INF] Route matched with {action = "GetAttemptDetails", controller = "TakeQuizApi"}. Executing controller action with signature System.Threading.Tasks.Task`1[Microsoft.AspNetCore.Mvc.IActionResult] GetAttemptDetails(Int32) on controller api.Controllers.TakeQuizApiController (api).
2025-11-17 16:25:43.627 +01:00 [INF] Executing OkObjectResult, writing value of type '<>f__AnonymousType6`6[[System.Int32, System.Private.CoreLib, Version=8.0.0.0, Culture=neutral, PublicKeyToken=7cec85d7bea7798e],[System.String, System.Private.CoreLib, Version=8.0.0.0, Culture=neutral, PublicKeyToken=7cec85d7bea7798e],[System.Int32, System.Private.CoreLib, Version=8.0.0.0, Culture=neutral, PublicKeyToken=7cec85d7bea7798e],[System.Int32, System.Private.CoreLib, Version=8.0.0.0, Culture=neutral, PublicKeyToken=7cec85d7bea7798e],[System.DateTime, System.Private.CoreLib, Version=8.0.0.0, Culture=neutral, PublicKeyToken=7cec85d7bea7798e],[System.Collections.Generic.List`1[[<>f__AnonymousType7`4[[System.Int32, System.Private.CoreLib, Version=8.0.0.0, Culture=neutral, PublicKeyToken=7cec85d7bea7798e],[System.String, System.Private.CoreLib, Version=8.0.0.0, Culture=neutral, PublicKeyToken=7cec85d7bea7798e],[System.String, System.Private.CoreLib, Version=8.0.0.0, Culture=neutral, PublicKeyToken=7cec85d7bea7798e],[System.Collections.Generic.List`1[[<>f__AnonymousType8`4[[System.Int32, System.Private.CoreLib, Version=8.0.0.0, Culture=neutral, PublicKeyToken=7cec85d7bea7798e],[System.String, System.Private.CoreLib, Version=8.0.0.0, Culture=neutral, PublicKeyToken=7cec85d7bea7798e],[System.Boolean, System.Private.CoreLib, Version=8.0.0.0, Culture=neutral, PublicKeyToken=7cec85d7bea7798e],[System.Boolean, System.Private.CoreLib, Version=8.0.0.0, Culture=neutral, PublicKeyToken=7cec85d7bea7798e]], api, Version=1.0.0.0, Culture=neutral, PublicKeyToken=null]], System.Private.CoreLib, Version=8.0.0.0, Culture=neutral, PublicKeyToken=7cec85d7bea7798e]], api, Version=1.0.0.0, Culture=neutral, PublicKeyToken=null]], System.Private.CoreLib, Version=8.0.0.0, Culture=neutral, PublicKeyToken=7cec85d7bea7798e]]'.
2025-11-17 16:25:43.628 +01:00 [INF] Executed action api.Controllers.TakeQuizApiController.GetAttemptDetails (api) in 4.4904ms
2025-11-17 16:25:43.628 +01:00 [INF] Executed endpoint 'api.Controllers.TakeQuizApiController.GetAttemptDetails (api)'
2025-11-17 16:25:43.628 +01:00 [INF] Request finished HTTP/1.1 GET http://localhost:5082/api/takequizapi/attempt-details/104 - 200 1174 application/json; charset=utf-8 5.9177ms
2025-11-17 16:25:43.632 +01:00 [INF] Request starting HTTP/1.1 GET http://localhost:5082/api/takequizapi/attempt-details/104 - application/json null
2025-11-17 16:25:43.632 +01:00 [INF] CORS policy execution successful.
2025-11-17 16:25:43.633 +01:00 [INF] Executing endpoint 'api.Controllers.TakeQuizApiController.GetAttemptDetails (api)'
2025-11-17 16:25:43.633 +01:00 [INF] Route matched with {action = "GetAttemptDetails", controller = "TakeQuizApi"}. Executing controller action with signature System.Threading.Tasks.Task`1[Microsoft.AspNetCore.Mvc.IActionResult] GetAttemptDetails(Int32) on controller api.Controllers.TakeQuizApiController (api).
2025-11-17 16:25:43.643 +01:00 [INF] Executing OkObjectResult, writing value of type '<>f__AnonymousType6`6[[System.Int32, System.Private.CoreLib, Version=8.0.0.0, Culture=neutral, PublicKeyToken=7cec85d7bea7798e],[System.String, System.Private.CoreLib, Version=8.0.0.0, Culture=neutral, PublicKeyToken=7cec85d7bea7798e],[System.Int32, System.Private.CoreLib, Version=8.0.0.0, Culture=neutral, PublicKeyToken=7cec85d7bea7798e],[System.Int32, System.Private.CoreLib, Version=8.0.0.0, Culture=neutral, PublicKeyToken=7cec85d7bea7798e],[System.DateTime, System.Private.CoreLib, Version=8.0.0.0, Culture=neutral, PublicKeyToken=7cec85d7bea7798e],[System.Collections.Generic.List`1[[<>f__AnonymousType7`4[[System.Int32, System.Private.CoreLib, Version=8.0.0.0, Culture=neutral, PublicKeyToken=7cec85d7bea7798e],[System.String, System.Private.CoreLib, Version=8.0.0.0, Culture=neutral, PublicKeyToken=7cec85d7bea7798e],[System.String, System.Private.CoreLib, Version=8.0.0.0, Culture=neutral, PublicKeyToken=7cec85d7bea7798e],[System.Collections.Generic.List`1[[<>f__AnonymousType8`4[[System.Int32, System.Private.CoreLib, Version=8.0.0.0, Culture=neutral, PublicKeyToken=7cec85d7bea7798e],[System.String, System.Private.CoreLib, Version=8.0.0.0, Culture=neutral, PublicKeyToken=7cec85d7bea7798e],[System.Boolean, System.Private.CoreLib, Version=8.0.0.0, Culture=neutral, PublicKeyToken=7cec85d7bea7798e],[System.Boolean, System.Private.CoreLib, Version=8.0.0.0, Culture=neutral, PublicKeyToken=7cec85d7bea7798e]], api, Version=1.0.0.0, Culture=neutral, PublicKeyToken=null]], System.Private.CoreLib, Version=8.0.0.0, Culture=neutral, PublicKeyToken=7cec85d7bea7798e]], api, Version=1.0.0.0, Culture=neutral, PublicKeyToken=null]], System.Private.CoreLib, Version=8.0.0.0, Culture=neutral, PublicKeyToken=7cec85d7bea7798e]]'.
2025-11-17 16:25:43.644 +01:00 [INF] Executed action api.Controllers.TakeQuizApiController.GetAttemptDetails (api) in 10.6724ms
2025-11-17 16:25:43.644 +01:00 [INF] Executed endpoint 'api.Controllers.TakeQuizApiController.GetAttemptDetails (api)'
2025-11-17 16:25:43.645 +01:00 [INF] Request finished HTTP/1.1 GET http://localhost:5082/api/takequizapi/attempt-details/104 - 200 1174 application/json; charset=utf-8 13.3113ms
2025-11-17 16:25:48.698 +01:00 [INF] Request starting HTTP/1.1 OPTIONS http://localhost:5082/api/takequizapi/attempts/2?page=1&pageSize=6&sortBy=submittedAt&sortOrder=desc - null null
2025-11-17 16:25:48.702 +01:00 [INF] CORS policy execution successful.
2025-11-17 16:25:48.702 +01:00 [INF] Request starting HTTP/1.1 OPTIONS http://localhost:5082/api/takequizapi/attempts/2?page=1&pageSize=6&sortBy=submittedAt&sortOrder=desc - null null
2025-11-17 16:25:48.703 +01:00 [INF] CORS policy execution successful.
2025-11-17 16:25:48.703 +01:00 [INF] Request finished HTTP/1.1 OPTIONS http://localhost:5082/api/takequizapi/attempts/2?page=1&pageSize=6&sortBy=submittedAt&sortOrder=desc - 204 null null 4.8034ms
2025-11-17 16:25:48.705 +01:00 [INF] Request starting HTTP/1.1 GET http://localhost:5082/api/takequizapi/attempts/2?page=1&pageSize=6&sortBy=submittedAt&sortOrder=desc - application/json null
2025-11-17 16:25:48.705 +01:00 [INF] CORS policy execution successful.
2025-11-17 16:25:48.706 +01:00 [INF] Executing endpoint 'api.Controllers.TakeQuizApiController.GetAttempts (api)'
2025-11-17 16:25:48.706 +01:00 [INF] Route matched with {action = "GetAttempts", controller = "TakeQuizApi"}. Executing controller action with signature System.Threading.Tasks.Task`1[Microsoft.AspNetCore.Mvc.IActionResult] GetAttempts(Int32, api.Models.AttemptsQueryParams) on controller api.Controllers.TakeQuizApiController (api).
2025-11-17 16:25:48.708 +01:00 [INF] Request finished HTTP/1.1 OPTIONS http://localhost:5082/api/takequizapi/attempts/2?page=1&pageSize=6&sortBy=submittedAt&sortOrder=desc - 204 null null 5.7921ms
2025-11-17 16:25:48.713 +01:00 [INF] Executing OkObjectResult, writing value of type '<>f__AnonymousType5`4[[System.Collections.Generic.List`1[[api.DTOs.QuizResultDto, api, Version=1.0.0.0, Culture=neutral, PublicKeyToken=null]], System.Private.CoreLib, Version=8.0.0.0, Culture=neutral, PublicKeyToken=7cec85d7bea7798e],[System.Int32, System.Private.CoreLib, Version=8.0.0.0, Culture=neutral, PublicKeyToken=7cec85d7bea7798e],[System.Int32, System.Private.CoreLib, Version=8.0.0.0, Culture=neutral, PublicKeyToken=7cec85d7bea7798e],[System.Int32, System.Private.CoreLib, Version=8.0.0.0, Culture=neutral, PublicKeyToken=7cec85d7bea7798e]]'.
2025-11-17 16:25:48.714 +01:00 [INF] Executed action api.Controllers.TakeQuizApiController.GetAttempts (api) in 7.3441ms
2025-11-17 16:25:48.714 +01:00 [INF] Executed endpoint 'api.Controllers.TakeQuizApiController.GetAttempts (api)'
2025-11-17 16:25:48.714 +01:00 [INF] Request finished HTTP/1.1 GET http://localhost:5082/api/takequizapi/attempts/2?page=1&pageSize=6&sortBy=submittedAt&sortOrder=desc - 200 228 application/json; charset=utf-8 8.8111ms
2025-11-17 16:25:48.717 +01:00 [INF] Request starting HTTP/1.1 GET http://localhost:5082/api/takequizapi/attempts/2?page=1&pageSize=6&sortBy=submittedAt&sortOrder=desc - application/json null
2025-11-17 16:25:48.717 +01:00 [INF] CORS policy execution successful.
2025-11-17 16:25:48.718 +01:00 [INF] Executing endpoint 'api.Controllers.TakeQuizApiController.GetAttempts (api)'
2025-11-17 16:25:48.718 +01:00 [INF] Route matched with {action = "GetAttempts", controller = "TakeQuizApi"}. Executing controller action with signature System.Threading.Tasks.Task`1[Microsoft.AspNetCore.Mvc.IActionResult] GetAttempts(Int32, api.Models.AttemptsQueryParams) on controller api.Controllers.TakeQuizApiController (api).
2025-11-17 16:25:48.726 +01:00 [INF] Executing OkObjectResult, writing value of type '<>f__AnonymousType5`4[[System.Collections.Generic.List`1[[api.DTOs.QuizResultDto, api, Version=1.0.0.0, Culture=neutral, PublicKeyToken=null]], System.Private.CoreLib, Version=8.0.0.0, Culture=neutral, PublicKeyToken=7cec85d7bea7798e],[System.Int32, System.Private.CoreLib, Version=8.0.0.0, Culture=neutral, PublicKeyToken=7cec85d7bea7798e],[System.Int32, System.Private.CoreLib, Version=8.0.0.0, Culture=neutral, PublicKeyToken=7cec85d7bea7798e],[System.Int32, System.Private.CoreLib, Version=8.0.0.0, Culture=neutral, PublicKeyToken=7cec85d7bea7798e]]'.
2025-11-17 16:25:48.726 +01:00 [INF] Executed action api.Controllers.TakeQuizApiController.GetAttempts (api) in 8.2819ms
2025-11-17 16:25:48.727 +01:00 [INF] Executed endpoint 'api.Controllers.TakeQuizApiController.GetAttempts (api)'
2025-11-17 16:25:48.727 +01:00 [INF] Request finished HTTP/1.1 GET http://localhost:5082/api/takequizapi/attempts/2?page=1&pageSize=6&sortBy=submittedAt&sortOrder=desc - 200 228 application/json; charset=utf-8 10.4531ms
2025-11-17 16:25:57.492 +01:00 [INF] Application is shutting down...
