2025-11-05 10:43:34.431 +01:00 [INF] User profile is available. Using 'C:\Users\Admin\AppData\Local\ASP.NET\DataProtection-Keys' as key repository and Windows DPAPI to encrypt keys at rest.
2025-11-05 10:43:34.542 +01:00 [INF] Now listening on: http://localhost:5082
2025-11-05 10:43:34.549 +01:00 [INF] Application started. Press Ctrl+C to shut down.
2025-11-05 10:43:34.550 +01:00 [INF] Hosting environment: Development
2025-11-05 10:43:34.550 +01:00 [INF] Content root path: C:\Users\Admin\OneDrive - OsloMet\FinalExamITPE3200\EXAMFAM\api
2025-11-05 10:43:56.004 +01:00 [INF] Request starting HTTP/1.1 OPTIONS http://localhost:5082/api/Auth/register - null null
2025-11-05 10:43:56.059 +01:00 [INF] CORS policy execution successful.
2025-11-05 10:43:56.070 +01:00 [INF] Request finished HTTP/1.1 OPTIONS http://localhost:5082/api/Auth/register - 204 null null 68.0014ms
2025-11-05 10:43:56.076 +01:00 [INF] Request starting HTTP/1.1 POST http://localhost:5082/api/Auth/register - application/json 80
2025-11-05 10:43:56.082 +01:00 [INF] CORS policy execution successful.
2025-11-05 10:43:56.122 +01:00 [INF] Executing endpoint 'api.Controllers.AuthController.Register (api)'
2025-11-05 10:43:56.168 +01:00 [INF] Route matched with {action = "Register", controller = "Auth"}. Executing controller action with signature System.Threading.Tasks.Task`1[Microsoft.AspNetCore.Mvc.IActionResult] Register(api.DTOs.RegisterDto) on controller api.Controllers.AuthController (api).
2025-11-05 10:43:56.490 +01:00 [WRN] [AuthAPIController] user registration failed for eksempel123
2025-11-05 10:43:56.508 +01:00 [INF] Executing BadRequestObjectResult, writing value of type 'System.Collections.Generic.List`1[[Microsoft.AspNetCore.Identity.IdentityError, Microsoft.Extensions.Identity.Core, Version=8.0.0.0, Culture=neutral, PublicKeyToken=adb9793829ddae60]]'.
2025-11-05 10:43:56.563 +01:00 [INF] Executed action api.Controllers.AuthController.Register (api) in 387.9954ms
2025-11-05 10:43:56.563 +01:00 [INF] Executed endpoint 'api.Controllers.AuthController.Register (api)'
2025-11-05 10:43:56.566 +01:00 [INF] Request finished HTTP/1.1 POST http://localhost:5082/api/Auth/register - 400 224 application/json; charset=utf-8 489.9843ms
2025-11-05 10:47:08.776 +01:00 [INF] Request starting HTTP/1.1 OPTIONS http://localhost:5082/register - null null
2025-11-05 10:47:08.784 +01:00 [INF] CORS policy execution successful.
2025-11-05 10:47:08.786 +01:00 [INF] Request finished HTTP/1.1 OPTIONS http://localhost:5082/register - 204 null null 10.4989ms
2025-11-05 10:47:08.789 +01:00 [INF] Request starting HTTP/1.1 POST http://localhost:5082/register - application/json 80
2025-11-05 10:47:08.789 +01:00 [INF] CORS policy execution successful.
2025-11-05 10:47:08.794 +01:00 [INF] Request finished HTTP/1.1 POST http://localhost:5082/register - 404 0 null 5.0719ms
2025-11-05 10:47:08.796 +01:00 [INF] Request reached the end of the middleware pipeline without being handled by application code. Request path: POST http://localhost:5082/register, Response status code: 404
2025-11-05 10:47:34.903 +01:00 [INF] Request starting HTTP/1.1 OPTIONS http://localhost:5082/register - null null
2025-11-05 10:47:34.904 +01:00 [INF] CORS policy execution successful.
2025-11-05 10:47:34.904 +01:00 [INF] Request finished HTTP/1.1 OPTIONS http://localhost:5082/register - 204 null null 0.5948ms
2025-11-05 10:47:34.906 +01:00 [INF] Request starting HTTP/1.1 POST http://localhost:5082/register - application/json 80
2025-11-05 10:47:34.906 +01:00 [INF] CORS policy execution successful.
2025-11-05 10:47:34.919 +01:00 [INF] Request finished HTTP/1.1 POST http://localhost:5082/register - 404 0 null 13.1203ms
2025-11-05 10:47:34.920 +01:00 [INF] Request reached the end of the middleware pipeline without being handled by application code. Request path: POST http://localhost:5082/register, Response status code: 404
2025-11-05 10:47:42.808 +01:00 [INF] Request starting HTTP/1.1 OPTIONS http://localhost:5082/register - null null
2025-11-05 10:47:42.816 +01:00 [INF] CORS policy execution successful.
2025-11-05 10:47:42.817 +01:00 [INF] Request finished HTTP/1.1 OPTIONS http://localhost:5082/register - 204 null null 7.9015ms
2025-11-05 10:47:42.822 +01:00 [INF] Request starting HTTP/1.1 POST http://localhost:5082/register - application/json 81
2025-11-05 10:47:42.823 +01:00 [INF] CORS policy execution successful.
2025-11-05 10:47:42.823 +01:00 [INF] Request finished HTTP/1.1 POST http://localhost:5082/register - 404 0 null 1.7944ms
2025-11-05 10:47:42.824 +01:00 [INF] Request reached the end of the middleware pipeline without being handled by application code. Request path: POST http://localhost:5082/register, Response status code: 404
2025-11-05 10:47:56.425 +01:00 [INF] Application is shutting down...
