2025-11-11 14:20:36.240 +01:00 [INF] User profile is available. Using 'C:\Users\Admin\AppData\Local\ASP.NET\DataProtection-Keys' as key repository and Windows DPAPI to encrypt keys at rest.
2025-11-11 14:20:36.349 +01:00 [INF] Now listening on: http://localhost:5082
2025-11-11 14:20:36.352 +01:00 [INF] Application started. Press Ctrl+C to shut down.
2025-11-11 14:20:36.353 +01:00 [INF] Hosting environment: Development
2025-11-11 14:20:36.353 +01:00 [INF] Content root path: C:\Users\Admin\OneDrive - OsloMet\FinalExamITPE3200\EXAMFAM\api
2025-11-11 14:21:01.933 +01:00 [INF] Request starting HTTP/1.1 OPTIONS http://localhost:5082/api/Auth/register - null null
2025-11-11 14:21:02.004 +01:00 [INF] CORS policy execution successful.
2025-11-11 14:21:02.015 +01:00 [INF] Request finished HTTP/1.1 OPTIONS http://localhost:5082/api/Auth/register - 204 null null 84.1586ms
2025-11-11 14:21:02.019 +01:00 [INF] Request starting HTTP/1.1 POST http://localhost:5082/api/Auth/register - application/json 86
2025-11-11 14:21:02.026 +01:00 [INF] CORS policy execution successful.
2025-11-11 14:21:02.091 +01:00 [INF] Executing endpoint 'api.Controllers.AuthController.Register (api)'
2025-11-11 14:21:02.128 +01:00 [INF] Route matched with {action = "Register", controller = "Auth"}. Executing controller action with signature System.Threading.Tasks.Task`1[Microsoft.AspNetCore.Mvc.IActionResult] Register(api.DTOs.RegisterDto) on controller api.Controllers.AuthController (api).
2025-11-11 14:21:02.305 +01:00 [WRN] [AuthController] registration failed for ella
2025-11-11 14:21:02.316 +01:00 [INF] Executing BadRequestObjectResult, writing value of type 'System.Collections.Generic.List`1[[Microsoft.AspNetCore.Identity.IdentityError, Microsoft.Extensions.Identity.Core, Version=8.0.0.0, Culture=neutral, PublicKeyToken=adb9793829ddae60]]'.
2025-11-11 14:21:02.381 +01:00 [INF] Executed action api.Controllers.AuthController.Register (api) in 245.9896ms
2025-11-11 14:21:02.382 +01:00 [INF] Executed endpoint 'api.Controllers.AuthController.Register (api)'
2025-11-11 14:21:02.384 +01:00 [INF] Request finished HTTP/1.1 POST http://localhost:5082/api/Auth/register - 400 121 application/json; charset=utf-8 365.084ms
2025-11-11 14:21:06.029 +01:00 [INF] Request starting HTTP/1.1 POST http://localhost:5082/api/Auth/register - application/json 87
2025-11-11 14:21:06.031 +01:00 [INF] CORS policy execution successful.
2025-11-11 14:21:06.034 +01:00 [INF] Executing endpoint 'api.Controllers.AuthController.Register (api)'
2025-11-11 14:21:06.035 +01:00 [INF] Route matched with {action = "Register", controller = "Auth"}. Executing controller action with signature System.Threading.Tasks.Task`1[Microsoft.AspNetCore.Mvc.IActionResult] Register(api.DTOs.RegisterDto) on controller api.Controllers.AuthController (api).
2025-11-11 14:21:06.599 +01:00 [INF] [AuthController] user ella registered with role Student
2025-11-11 14:21:06.600 +01:00 [INF] Executing OkObjectResult, writing value of type '<>f__AnonymousType0`1[[System.String, System.Private.CoreLib, Version=8.0.0.0, Culture=neutral, PublicKeyToken=7cec85d7bea7798e]]'.
2025-11-11 14:21:06.608 +01:00 [INF] Executed action api.Controllers.AuthController.Register (api) in 573.1713ms
2025-11-11 14:21:06.609 +01:00 [INF] Executed endpoint 'api.Controllers.AuthController.Register (api)'
2025-11-11 14:21:06.614 +01:00 [INF] Request finished HTTP/1.1 POST http://localhost:5082/api/Auth/register - 200 53 application/json; charset=utf-8 585.4274ms
2025-11-11 14:21:11.449 +01:00 [INF] Request starting HTTP/1.1 OPTIONS http://localhost:5082/api/Auth/login - null null
2025-11-11 14:21:11.449 +01:00 [INF] CORS policy execution successful.
2025-11-11 14:21:11.450 +01:00 [INF] Request finished HTTP/1.1 OPTIONS http://localhost:5082/api/Auth/login - 204 null null 0.8286ms
2025-11-11 14:21:11.451 +01:00 [INF] Request starting HTTP/1.1 POST http://localhost:5082/api/Auth/login - application/json 41
2025-11-11 14:21:11.452 +01:00 [INF] CORS policy execution successful.
2025-11-11 14:21:11.454 +01:00 [INF] Executing endpoint 'api.Controllers.AuthController.Login (api)'
2025-11-11 14:21:11.464 +01:00 [INF] Route matched with {action = "Login", controller = "Auth"}. Executing controller action with signature System.Threading.Tasks.Task`1[Microsoft.AspNetCore.Mvc.IActionResult] Login(api.DTOs.LoginDto) on controller api.Controllers.AuthController (api).
2025-11-11 14:21:11.704 +01:00 [INF] [AuthController] JWT token created for ella with roles Student
2025-11-11 14:21:11.738 +01:00 [INF] [AuthController] user authorised for ella
2025-11-11 14:21:11.739 +01:00 [INF] Executing OkObjectResult, writing value of type '<>f__AnonymousType1`1[[System.String, System.Private.CoreLib, Version=8.0.0.0, Culture=neutral, PublicKeyToken=7cec85d7bea7798e]]'.
2025-11-11 14:21:11.741 +01:00 [INF] Executed action api.Controllers.AuthController.Login (api) in 277.4281ms
2025-11-11 14:21:11.742 +01:00 [INF] Executed endpoint 'api.Controllers.AuthController.Login (api)'
2025-11-11 14:21:11.743 +01:00 [INF] Request finished HTTP/1.1 POST http://localhost:5082/api/Auth/login - 200 671 application/json; charset=utf-8 290.9078ms
2025-11-11 14:21:14.010 +01:00 [INF] Request starting HTTP/1.1 OPTIONS http://localhost:5082/api/takequizapi/takequizlist - null null
2025-11-11 14:21:14.013 +01:00 [INF] Request starting HTTP/1.1 OPTIONS http://localhost:5082/api/takequizapi/takequizlist - null null
2025-11-11 14:21:14.015 +01:00 [INF] CORS policy execution successful.
2025-11-11 14:21:14.015 +01:00 [INF] CORS policy execution successful.
2025-11-11 14:21:14.015 +01:00 [INF] Request finished HTTP/1.1 OPTIONS http://localhost:5082/api/takequizapi/takequizlist - 204 null null 5.3681ms
2025-11-11 14:21:14.015 +01:00 [INF] Request finished HTTP/1.1 OPTIONS http://localhost:5082/api/takequizapi/takequizlist - 204 null null 2.2945ms
2025-11-11 14:21:14.020 +01:00 [INF] Request starting HTTP/1.1 GET http://localhost:5082/api/takequizapi/takequizlist - application/json null
2025-11-11 14:21:14.029 +01:00 [INF] CORS policy execution successful.
2025-11-11 14:21:14.101 +01:00 [INF] Executing endpoint 'api.Controllers.TakeQuizApiController.GetAllQuizzes (api)'
2025-11-11 14:21:14.105 +01:00 [INF] Route matched with {action = "GetAllQuizzes", controller = "TakeQuizApi"}. Executing controller action with signature System.Threading.Tasks.Task`1[Microsoft.AspNetCore.Mvc.IActionResult] GetAllQuizzes() on controller api.Controllers.TakeQuizApiController (api).
2025-11-11 14:21:14.286 +01:00 [WRN] Compiling a query which loads related collections for more than one collection navigation, either via 'Include' or through projection, but no 'QuerySplittingBehavior' has been configured. By default, Entity Framework will use 'QuerySplittingBehavior.SingleQuery', which can potentially result in slow query performance. See https://go.microsoft.com/fwlink/?linkid=2134277 for more information. To identify the query that's triggering this warning call 'ConfigureWarnings(w => w.Throw(RelationalEventId.MultipleCollectionIncludeWarning))'.
2025-11-11 14:21:14.428 +01:00 [INF] Executing OkObjectResult, writing value of type 'System.Collections.Generic.List`1[[api.DTOs.QuizDto, api, Version=1.0.0.0, Culture=neutral, PublicKeyToken=null]]'.
2025-11-11 14:21:14.435 +01:00 [INF] Executed action api.Controllers.TakeQuizApiController.GetAllQuizzes (api) in 329.2844ms
2025-11-11 14:21:14.435 +01:00 [INF] Executed endpoint 'api.Controllers.TakeQuizApiController.GetAllQuizzes (api)'
2025-11-11 14:21:14.436 +01:00 [INF] Request finished HTTP/1.1 GET http://localhost:5082/api/takequizapi/takequizlist - 200 284 application/json; charset=utf-8 415.825ms
2025-11-11 14:21:14.440 +01:00 [INF] Request starting HTTP/1.1 GET http://localhost:5082/api/takequizapi/takequizlist - application/json null
2025-11-11 14:21:14.442 +01:00 [INF] CORS policy execution successful.
2025-11-11 14:21:14.444 +01:00 [INF] Executing endpoint 'api.Controllers.TakeQuizApiController.GetAllQuizzes (api)'
2025-11-11 14:21:14.444 +01:00 [INF] Route matched with {action = "GetAllQuizzes", controller = "TakeQuizApi"}. Executing controller action with signature System.Threading.Tasks.Task`1[Microsoft.AspNetCore.Mvc.IActionResult] GetAllQuizzes() on controller api.Controllers.TakeQuizApiController (api).
2025-11-11 14:21:14.452 +01:00 [INF] Executing OkObjectResult, writing value of type 'System.Collections.Generic.List`1[[api.DTOs.QuizDto, api, Version=1.0.0.0, Culture=neutral, PublicKeyToken=null]]'.
2025-11-11 14:21:14.453 +01:00 [INF] Executed action api.Controllers.TakeQuizApiController.GetAllQuizzes (api) in 8.7751ms
2025-11-11 14:21:14.453 +01:00 [INF] Executed endpoint 'api.Controllers.TakeQuizApiController.GetAllQuizzes (api)'
2025-11-11 14:21:14.453 +01:00 [INF] Request finished HTTP/1.1 GET http://localhost:5082/api/takequizapi/takequizlist - 200 284 application/json; charset=utf-8 13.4885ms
2025-11-11 14:21:16.535 +01:00 [INF] Request starting HTTP/1.1 OPTIONS http://localhost:5082/api/takequizapi/7 - null null
2025-11-11 14:21:16.536 +01:00 [INF] CORS policy execution successful.
2025-11-11 14:21:16.536 +01:00 [INF] Request starting HTTP/1.1 OPTIONS http://localhost:5082/api/takequizapi/7 - null null
2025-11-11 14:21:16.536 +01:00 [INF] CORS policy execution successful.
2025-11-11 14:21:16.536 +01:00 [INF] Request finished HTTP/1.1 OPTIONS http://localhost:5082/api/takequizapi/7 - 204 null null 0.9498ms
2025-11-11 14:21:16.536 +01:00 [INF] Request finished HTTP/1.1 OPTIONS http://localhost:5082/api/takequizapi/7 - 204 null null 0.4479ms
2025-11-11 14:21:16.541 +01:00 [INF] Request starting HTTP/1.1 GET http://localhost:5082/api/takequizapi/7 - application/json null
2025-11-11 14:21:16.541 +01:00 [INF] CORS policy execution successful.
2025-11-11 14:21:16.542 +01:00 [INF] Executing endpoint 'api.Controllers.TakeQuizApiController.GetQuiz (api)'
2025-11-11 14:21:16.552 +01:00 [INF] Route matched with {action = "GetQuiz", controller = "TakeQuizApi"}. Executing controller action with signature System.Threading.Tasks.Task`1[Microsoft.AspNetCore.Mvc.IActionResult] GetQuiz(Int32) on controller api.Controllers.TakeQuizApiController (api).
2025-11-11 14:21:16.583 +01:00 [WRN] Compiling a query which loads related collections for more than one collection navigation, either via 'Include' or through projection, but no 'QuerySplittingBehavior' has been configured. By default, Entity Framework will use 'QuerySplittingBehavior.SingleQuery', which can potentially result in slow query performance. See https://go.microsoft.com/fwlink/?linkid=2134277 for more information. To identify the query that's triggering this warning call 'ConfigureWarnings(w => w.Throw(RelationalEventId.MultipleCollectionIncludeWarning))'.
2025-11-11 14:21:16.593 +01:00 [INF] Executing OkObjectResult, writing value of type 'api.DTOs.QuizDto'.
2025-11-11 14:21:16.599 +01:00 [INF] Executed action api.Controllers.TakeQuizApiController.GetQuiz (api) in 46.6165ms
2025-11-11 14:21:16.599 +01:00 [INF] Executed endpoint 'api.Controllers.TakeQuizApiController.GetQuiz (api)'
2025-11-11 14:21:16.599 +01:00 [INF] Request finished HTTP/1.1 GET http://localhost:5082/api/takequizapi/7 - 200 1136 application/json; charset=utf-8 58.9325ms
2025-11-11 14:21:16.602 +01:00 [INF] Request starting HTTP/1.1 GET http://localhost:5082/api/takequizapi/7 - application/json null
2025-11-11 14:21:16.602 +01:00 [INF] CORS policy execution successful.
2025-11-11 14:21:16.603 +01:00 [INF] Executing endpoint 'api.Controllers.TakeQuizApiController.GetQuiz (api)'
2025-11-11 14:21:16.603 +01:00 [INF] Route matched with {action = "GetQuiz", controller = "TakeQuizApi"}. Executing controller action with signature System.Threading.Tasks.Task`1[Microsoft.AspNetCore.Mvc.IActionResult] GetQuiz(Int32) on controller api.Controllers.TakeQuizApiController (api).
2025-11-11 14:21:16.608 +01:00 [INF] Executing OkObjectResult, writing value of type 'api.DTOs.QuizDto'.
2025-11-11 14:21:16.609 +01:00 [INF] Executed action api.Controllers.TakeQuizApiController.GetQuiz (api) in 5.4072ms
2025-11-11 14:21:16.609 +01:00 [INF] Executed endpoint 'api.Controllers.TakeQuizApiController.GetQuiz (api)'
2025-11-11 14:21:16.609 +01:00 [INF] Request finished HTTP/1.1 GET http://localhost:5082/api/takequizapi/7 - 200 1136 application/json; charset=utf-8 6.9808ms
2025-11-11 14:21:24.831 +01:00 [INF] Request starting HTTP/1.1 OPTIONS http://localhost:5082/api/takequizapi/submit - null null
2025-11-11 14:21:24.831 +01:00 [INF] CORS policy execution successful.
2025-11-11 14:21:24.832 +01:00 [INF] Request finished HTTP/1.1 OPTIONS http://localhost:5082/api/takequizapi/submit - 204 null null 0.643ms
2025-11-11 14:21:24.833 +01:00 [INF] Request starting HTTP/1.1 POST http://localhost:5082/api/takequizapi/submit - application/json 64
2025-11-11 14:21:24.833 +01:00 [INF] CORS policy execution successful.
2025-11-11 14:21:24.841 +01:00 [INF] Executing endpoint 'api.Controllers.TakeQuizApiController.Submit (api)'
2025-11-11 14:21:24.845 +01:00 [INF] Route matched with {action = "Submit", controller = "TakeQuizApi"}. Executing controller action with signature System.Threading.Tasks.Task`1[Microsoft.AspNetCore.Mvc.IActionResult] Submit(api.DTOs.QuizSubmissionDto) on controller api.Controllers.TakeQuizApiController (api).
2025-11-11 14:21:24.863 +01:00 [INF] Executing OkObjectResult, writing value of type 'System.Collections.Generic.Dictionary`2[[System.String, System.Private.CoreLib, Version=8.0.0.0, Culture=neutral, PublicKeyToken=7cec85d7bea7798e],[System.Int32, System.Private.CoreLib, Version=8.0.0.0, Culture=neutral, PublicKeyToken=7cec85d7bea7798e]]'.
2025-11-11 14:21:24.865 +01:00 [INF] Executed action api.Controllers.TakeQuizApiController.Submit (api) in 20.4886ms
2025-11-11 14:21:24.866 +01:00 [INF] Executed endpoint 'api.Controllers.TakeQuizApiController.Submit (api)'
2025-11-11 14:21:24.866 +01:00 [INF] Request finished HTTP/1.1 POST http://localhost:5082/api/takequizapi/submit - 200 11 application/json; charset=utf-8 32.5514ms
2025-11-11 14:21:26.331 +01:00 [INF] Request starting HTTP/1.1 OPTIONS http://localhost:5082/api/takequizapi/saveattempt - null null
2025-11-11 14:21:26.332 +01:00 [INF] CORS policy execution successful.
2025-11-11 14:21:26.332 +01:00 [INF] Request finished HTTP/1.1 OPTIONS http://localhost:5082/api/takequizapi/saveattempt - 204 null null 0.6552ms
2025-11-11 14:21:26.335 +01:00 [INF] Request starting HTTP/1.1 POST http://localhost:5082/api/takequizapi/saveattempt - application/json 22
2025-11-11 14:21:26.335 +01:00 [INF] CORS policy execution successful.
2025-11-11 14:21:26.339 +01:00 [INF] Executing endpoint 'api.Controllers.TakeQuizApiController.SaveAttempt (api)'
2025-11-11 14:21:26.349 +01:00 [INF] Route matched with {action = "SaveAttempt", controller = "TakeQuizApi"}. Executing controller action with signature System.Threading.Tasks.Task`1[Microsoft.AspNetCore.Mvc.IActionResult] SaveAttempt(api.DTOs.QuizResultDto) on controller api.Controllers.TakeQuizApiController (api).
2025-11-11 14:21:26.362 +01:00 [INF] Executing BadRequestObjectResult, writing value of type 'Microsoft.AspNetCore.Mvc.ValidationProblemDetails'.
2025-11-11 14:21:26.382 +01:00 [INF] Executed action api.Controllers.TakeQuizApiController.SaveAttempt (api) in 32.8039ms
2025-11-11 14:21:26.383 +01:00 [INF] Executed endpoint 'api.Controllers.TakeQuizApiController.SaveAttempt (api)'
2025-11-11 14:21:26.383 +01:00 [INF] Request finished HTTP/1.1 POST http://localhost:5082/api/takequizapi/saveattempt - 400 289 application/problem+json; charset=utf-8 48.1801ms
2025-11-11 14:24:07.110 +01:00 [INF] Application is shutting down...
