2025-11-09 18:03:31.848 +01:00 [INF] User profile is available. Using 'C:\Users\Admin\AppData\Local\ASP.NET\DataProtection-Keys' as key repository and Windows DPAPI to encrypt keys at rest.
2025-11-09 18:03:32.052 +01:00 [INF] Now listening on: http://localhost:5082
2025-11-09 18:03:32.058 +01:00 [INF] Application started. Press Ctrl+C to shut down.
2025-11-09 18:03:32.059 +01:00 [INF] Hosting environment: Development
2025-11-09 18:03:32.059 +01:00 [INF] Content root path: C:\Users\Admin\OneDrive - OsloMet\FinalExamITPE3200\EXAMFAM\api
2025-11-09 18:03:39.653 +01:00 [WRN] As of ""2025-11-09T17:03:39.5948196+00:00"", the heartbeat has been running for ""00:00:01.0977243"" which is longer than ""00:00:01"". This could be caused by thread pool starvation.
2025-11-09 18:03:47.401 +01:00 [INF] Request starting HTTP/1.1 OPTIONS http://localhost:5082/api/Auth/login - null null
2025-11-09 18:03:47.487 +01:00 [INF] CORS policy execution successful.
2025-11-09 18:03:47.501 +01:00 [INF] Request finished HTTP/1.1 OPTIONS http://localhost:5082/api/Auth/login - 204 null null 101.9026ms
2025-11-09 18:03:47.507 +01:00 [INF] Request starting HTTP/1.1 POST http://localhost:5082/api/Auth/login - application/json 48
2025-11-09 18:03:47.513 +01:00 [INF] CORS policy execution successful.
2025-11-09 18:03:47.646 +01:00 [INF] Executing endpoint 'api.Controllers.AuthController.Login (api)'
2025-11-09 18:03:47.699 +01:00 [INF] Route matched with {action = "Login", controller = "Auth"}. Executing controller action with signature System.Threading.Tasks.Task`1[Microsoft.AspNetCore.Mvc.IActionResult] Login(api.DTOs.LoginDto) on controller api.Controllers.AuthController (api).
2025-11-09 18:03:49.607 +01:00 [INF] [AuthAPIController] user authorised for bruker123
2025-11-09 18:03:49.617 +01:00 [INF] [AuthAPIController] JWT token created for bruker123
2025-11-09 18:03:49.711 +01:00 [INF] Executing OkObjectResult, writing value of type '<>f__AnonymousType1`1[[System.String, System.Private.CoreLib, Version=8.0.0.0, Culture=neutral, PublicKeyToken=7cec85d7bea7798e]]'.
2025-11-09 18:03:49.798 +01:00 [INF] Executed action api.Controllers.AuthController.Login (api) in 2092.1824ms
2025-11-09 18:03:49.799 +01:00 [INF] Executed endpoint 'api.Controllers.AuthController.Login (api)'
2025-11-09 18:03:49.822 +01:00 [INF] Request finished HTTP/1.1 POST http://localhost:5082/api/Auth/login - 200 493 application/json; charset=utf-8 2314.3817ms
2025-11-09 18:03:51.252 +01:00 [INF] Request starting HTTP/1.1 GET http://localhost:5082/api/takequizapi/takequizlist - null null
2025-11-09 18:03:51.281 +01:00 [INF] CORS policy execution successful.
2025-11-09 18:03:51.285 +01:00 [INF] Executing endpoint 'api.Controllers.TakeQuizApiController.GetAllQuizzes (api)'
2025-11-09 18:03:51.297 +01:00 [INF] Route matched with {action = "GetAllQuizzes", controller = "TakeQuizApi"}. Executing controller action with signature System.Threading.Tasks.Task`1[Microsoft.AspNetCore.Mvc.IActionResult] GetAllQuizzes() on controller api.Controllers.TakeQuizApiController (api).
2025-11-09 18:03:51.623 +01:00 [WRN] Compiling a query which loads related collections for more than one collection navigation, either via 'Include' or through projection, but no 'QuerySplittingBehavior' has been configured. By default, Entity Framework will use 'QuerySplittingBehavior.SingleQuery', which can potentially result in slow query performance. See https://go.microsoft.com/fwlink/?linkid=2134277 for more information. To identify the query that's triggering this warning call 'ConfigureWarnings(w => w.Throw(RelationalEventId.MultipleCollectionIncludeWarning))'.
2025-11-09 18:03:51.712 +01:00 [INF] Executing OkObjectResult, writing value of type 'System.Collections.Generic.List`1[[api.DTOs.QuizDto, api, Version=1.0.0.0, Culture=neutral, PublicKeyToken=null]]'.
2025-11-09 18:03:51.743 +01:00 [INF] Executed action api.Controllers.TakeQuizApiController.GetAllQuizzes (api) in 445.8164ms
2025-11-09 18:03:51.744 +01:00 [INF] Executed endpoint 'api.Controllers.TakeQuizApiController.GetAllQuizzes (api)'
2025-11-09 18:03:51.745 +01:00 [INF] Request finished HTTP/1.1 GET http://localhost:5082/api/takequizapi/takequizlist - 200 377 application/json; charset=utf-8 492.1701ms
2025-11-09 18:03:51.747 +01:00 [INF] Request starting HTTP/1.1 GET http://localhost:5082/api/takequizapi/takequizlist - null null
2025-11-09 18:03:51.750 +01:00 [INF] CORS policy execution successful.
2025-11-09 18:03:51.755 +01:00 [INF] Executing endpoint 'api.Controllers.TakeQuizApiController.GetAllQuizzes (api)'
2025-11-09 18:03:51.755 +01:00 [INF] Route matched with {action = "GetAllQuizzes", controller = "TakeQuizApi"}. Executing controller action with signature System.Threading.Tasks.Task`1[Microsoft.AspNetCore.Mvc.IActionResult] GetAllQuizzes() on controller api.Controllers.TakeQuizApiController (api).
2025-11-09 18:03:51.786 +01:00 [INF] Executing OkObjectResult, writing value of type 'System.Collections.Generic.List`1[[api.DTOs.QuizDto, api, Version=1.0.0.0, Culture=neutral, PublicKeyToken=null]]'.
2025-11-09 18:03:51.787 +01:00 [INF] Executed action api.Controllers.TakeQuizApiController.GetAllQuizzes (api) in 32.0407ms
2025-11-09 18:03:51.788 +01:00 [INF] Executed endpoint 'api.Controllers.TakeQuizApiController.GetAllQuizzes (api)'
2025-11-09 18:03:51.789 +01:00 [INF] Request finished HTTP/1.1 GET http://localhost:5082/api/takequizapi/takequizlist - 200 377 application/json; charset=utf-8 41.7684ms
2025-11-09 18:03:52.674 +01:00 [INF] Request starting HTTP/1.1 GET http://localhost:5082/api/takequizapi/2 - null null
2025-11-09 18:03:52.675 +01:00 [INF] CORS policy execution successful.
2025-11-09 18:03:52.676 +01:00 [INF] Executing endpoint 'api.Controllers.TakeQuizApiController.GetQuiz (api)'
2025-11-09 18:03:52.688 +01:00 [INF] Route matched with {action = "GetQuiz", controller = "TakeQuizApi"}. Executing controller action with signature System.Threading.Tasks.Task`1[Microsoft.AspNetCore.Mvc.IActionResult] GetQuiz(Int32) on controller api.Controllers.TakeQuizApiController (api).
2025-11-09 18:03:52.729 +01:00 [WRN] Compiling a query which loads related collections for more than one collection navigation, either via 'Include' or through projection, but no 'QuerySplittingBehavior' has been configured. By default, Entity Framework will use 'QuerySplittingBehavior.SingleQuery', which can potentially result in slow query performance. See https://go.microsoft.com/fwlink/?linkid=2134277 for more information. To identify the query that's triggering this warning call 'ConfigureWarnings(w => w.Throw(RelationalEventId.MultipleCollectionIncludeWarning))'.
2025-11-09 18:03:52.740 +01:00 [INF] Executing OkObjectResult, writing value of type 'api.DTOs.QuizDto'.
2025-11-09 18:03:52.748 +01:00 [INF] Executed action api.Controllers.TakeQuizApiController.GetQuiz (api) in 59.9656ms
2025-11-09 18:03:52.748 +01:00 [INF] Executed endpoint 'api.Controllers.TakeQuizApiController.GetQuiz (api)'
2025-11-09 18:03:52.749 +01:00 [INF] Request finished HTTP/1.1 GET http://localhost:5082/api/takequizapi/2 - 200 870 application/json; charset=utf-8 75.3024ms
2025-11-09 18:03:52.751 +01:00 [INF] Request starting HTTP/1.1 GET http://localhost:5082/api/takequizapi/2 - null null
2025-11-09 18:03:52.751 +01:00 [INF] CORS policy execution successful.
2025-11-09 18:03:52.752 +01:00 [INF] Executing endpoint 'api.Controllers.TakeQuizApiController.GetQuiz (api)'
2025-11-09 18:03:52.752 +01:00 [INF] Route matched with {action = "GetQuiz", controller = "TakeQuizApi"}. Executing controller action with signature System.Threading.Tasks.Task`1[Microsoft.AspNetCore.Mvc.IActionResult] GetQuiz(Int32) on controller api.Controllers.TakeQuizApiController (api).
2025-11-09 18:03:52.761 +01:00 [INF] Executing OkObjectResult, writing value of type 'api.DTOs.QuizDto'.
2025-11-09 18:03:52.762 +01:00 [INF] Executed action api.Controllers.TakeQuizApiController.GetQuiz (api) in 10.1844ms
2025-11-09 18:03:52.762 +01:00 [INF] Executed endpoint 'api.Controllers.TakeQuizApiController.GetQuiz (api)'
2025-11-09 18:03:52.763 +01:00 [INF] Request finished HTTP/1.1 GET http://localhost:5082/api/takequizapi/2 - 200 870 application/json; charset=utf-8 11.7457ms
2025-11-09 18:07:26.086 +01:00 [INF] Request starting HTTP/1.1 GET http://localhost:5082/api/takequizapi/takequizlist - null null
2025-11-09 18:07:26.123 +01:00 [INF] CORS policy execution successful.
2025-11-09 18:07:26.140 +01:00 [INF] Executing endpoint 'api.Controllers.TakeQuizApiController.GetAllQuizzes (api)'
2025-11-09 18:07:26.150 +01:00 [INF] Route matched with {action = "GetAllQuizzes", controller = "TakeQuizApi"}. Executing controller action with signature System.Threading.Tasks.Task`1[Microsoft.AspNetCore.Mvc.IActionResult] GetAllQuizzes() on controller api.Controllers.TakeQuizApiController (api).
2025-11-09 18:07:26.279 +01:00 [INF] Executing OkObjectResult, writing value of type 'System.Collections.Generic.List`1[[api.DTOs.QuizDto, api, Version=1.0.0.0, Culture=neutral, PublicKeyToken=null]]'.
2025-11-09 18:07:26.292 +01:00 [INF] Executed action api.Controllers.TakeQuizApiController.GetAllQuizzes (api) in 141.8974ms
2025-11-09 18:07:26.293 +01:00 [INF] Executed endpoint 'api.Controllers.TakeQuizApiController.GetAllQuizzes (api)'
2025-11-09 18:07:26.294 +01:00 [INF] Request finished HTTP/1.1 GET http://localhost:5082/api/takequizapi/takequizlist - 200 377 application/json; charset=utf-8 215.3955ms
2025-11-09 18:07:26.299 +01:00 [INF] Request starting HTTP/1.1 GET http://localhost:5082/api/takequizapi/takequizlist - null null
2025-11-09 18:07:26.300 +01:00 [INF] CORS policy execution successful.
2025-11-09 18:07:26.300 +01:00 [INF] Executing endpoint 'api.Controllers.TakeQuizApiController.GetAllQuizzes (api)'
2025-11-09 18:07:26.300 +01:00 [INF] Route matched with {action = "GetAllQuizzes", controller = "TakeQuizApi"}. Executing controller action with signature System.Threading.Tasks.Task`1[Microsoft.AspNetCore.Mvc.IActionResult] GetAllQuizzes() on controller api.Controllers.TakeQuizApiController (api).
2025-11-09 18:07:26.313 +01:00 [INF] Executing OkObjectResult, writing value of type 'System.Collections.Generic.List`1[[api.DTOs.QuizDto, api, Version=1.0.0.0, Culture=neutral, PublicKeyToken=null]]'.
2025-11-09 18:07:26.315 +01:00 [INF] Executed action api.Controllers.TakeQuizApiController.GetAllQuizzes (api) in 14.5735ms
2025-11-09 18:07:26.315 +01:00 [INF] Executed endpoint 'api.Controllers.TakeQuizApiController.GetAllQuizzes (api)'
2025-11-09 18:07:26.316 +01:00 [INF] Request finished HTTP/1.1 GET http://localhost:5082/api/takequizapi/takequizlist - 200 377 application/json; charset=utf-8 17.0785ms
2025-11-09 18:08:12.081 +01:00 [INF] Request starting HTTP/1.1 GET http://localhost:5082/api/quizapi/quizlist - null null
2025-11-09 18:08:12.085 +01:00 [INF] CORS policy execution successful.
2025-11-09 18:08:12.087 +01:00 [INF] Executing endpoint 'api.Controllers.QuizAPIController.QuizList (api)'
2025-11-09 18:08:12.137 +01:00 [INF] Route matched with {action = "QuizList", controller = "QuizAPI"}. Executing controller action with signature System.Threading.Tasks.Task`1[Microsoft.AspNetCore.Mvc.IActionResult] QuizList() on controller api.Controllers.QuizAPIController (api).
2025-11-09 18:08:12.160 +01:00 [INF] Executing OkObjectResult, writing value of type 'System.Linq.Enumerable+SelectListIterator`2[[api.Models.Quiz, api, Version=1.0.0.0, Culture=neutral, PublicKeyToken=null],[api.DTOs.QuizDto, api, Version=1.0.0.0, Culture=neutral, PublicKeyToken=null]]'.
2025-11-09 18:08:12.174 +01:00 [INF] Executed action api.Controllers.QuizAPIController.QuizList (api) in 36.6789ms
2025-11-09 18:08:12.174 +01:00 [INF] Executed endpoint 'api.Controllers.QuizAPIController.QuizList (api)'
2025-11-09 18:08:12.175 +01:00 [INF] Request finished HTTP/1.1 GET http://localhost:5082/api/quizapi/quizlist - 200 377 application/json; charset=utf-8 94.05ms
2025-11-09 18:08:12.179 +01:00 [INF] Request starting HTTP/1.1 GET http://localhost:5082/api/quizapi/quizlist - null null
2025-11-09 18:08:12.182 +01:00 [INF] CORS policy execution successful.
2025-11-09 18:08:12.183 +01:00 [INF] Executing endpoint 'api.Controllers.QuizAPIController.QuizList (api)'
2025-11-09 18:08:12.183 +01:00 [INF] Route matched with {action = "QuizList", controller = "QuizAPI"}. Executing controller action with signature System.Threading.Tasks.Task`1[Microsoft.AspNetCore.Mvc.IActionResult] QuizList() on controller api.Controllers.QuizAPIController (api).
2025-11-09 18:08:12.196 +01:00 [INF] Executing OkObjectResult, writing value of type 'System.Linq.Enumerable+SelectListIterator`2[[api.Models.Quiz, api, Version=1.0.0.0, Culture=neutral, PublicKeyToken=null],[api.DTOs.QuizDto, api, Version=1.0.0.0, Culture=neutral, PublicKeyToken=null]]'.
2025-11-09 18:08:12.197 +01:00 [INF] Executed action api.Controllers.QuizAPIController.QuizList (api) in 14.1853ms
2025-11-09 18:08:12.199 +01:00 [INF] Executed endpoint 'api.Controllers.QuizAPIController.QuizList (api)'
2025-11-09 18:08:12.199 +01:00 [INF] Request finished HTTP/1.1 GET http://localhost:5082/api/quizapi/quizlist - 200 377 application/json; charset=utf-8 20.8966ms
2025-11-09 18:08:15.733 +01:00 [INF] Request starting HTTP/1.1 GET http://localhost:5082/api/takequizapi/takequizlist - null null
2025-11-09 18:08:15.734 +01:00 [INF] CORS policy execution successful.
2025-11-09 18:08:15.734 +01:00 [INF] Executing endpoint 'api.Controllers.TakeQuizApiController.GetAllQuizzes (api)'
2025-11-09 18:08:15.734 +01:00 [INF] Route matched with {action = "GetAllQuizzes", controller = "TakeQuizApi"}. Executing controller action with signature System.Threading.Tasks.Task`1[Microsoft.AspNetCore.Mvc.IActionResult] GetAllQuizzes() on controller api.Controllers.TakeQuizApiController (api).
2025-11-09 18:08:15.741 +01:00 [INF] Executing OkObjectResult, writing value of type 'System.Collections.Generic.List`1[[api.DTOs.QuizDto, api, Version=1.0.0.0, Culture=neutral, PublicKeyToken=null]]'.
2025-11-09 18:08:15.742 +01:00 [INF] Executed action api.Controllers.TakeQuizApiController.GetAllQuizzes (api) in 7.1165ms
2025-11-09 18:08:15.742 +01:00 [INF] Executed endpoint 'api.Controllers.TakeQuizApiController.GetAllQuizzes (api)'
2025-11-09 18:08:15.744 +01:00 [INF] Request finished HTTP/1.1 GET http://localhost:5082/api/takequizapi/takequizlist - 200 377 application/json; charset=utf-8 9.4721ms
2025-11-09 18:08:15.748 +01:00 [INF] Request starting HTTP/1.1 GET http://localhost:5082/api/takequizapi/takequizlist - null null
2025-11-09 18:08:15.749 +01:00 [INF] CORS policy execution successful.
2025-11-09 18:08:15.749 +01:00 [INF] Executing endpoint 'api.Controllers.TakeQuizApiController.GetAllQuizzes (api)'
2025-11-09 18:08:15.749 +01:00 [INF] Route matched with {action = "GetAllQuizzes", controller = "TakeQuizApi"}. Executing controller action with signature System.Threading.Tasks.Task`1[Microsoft.AspNetCore.Mvc.IActionResult] GetAllQuizzes() on controller api.Controllers.TakeQuizApiController (api).
2025-11-09 18:08:15.755 +01:00 [INF] Executing OkObjectResult, writing value of type 'System.Collections.Generic.List`1[[api.DTOs.QuizDto, api, Version=1.0.0.0, Culture=neutral, PublicKeyToken=null]]'.
2025-11-09 18:08:15.756 +01:00 [INF] Executed action api.Controllers.TakeQuizApiController.GetAllQuizzes (api) in 6.6969ms
2025-11-09 18:08:15.756 +01:00 [INF] Executed endpoint 'api.Controllers.TakeQuizApiController.GetAllQuizzes (api)'
2025-11-09 18:08:15.757 +01:00 [INF] Request finished HTTP/1.1 GET http://localhost:5082/api/takequizapi/takequizlist - 200 377 application/json; charset=utf-8 8.7919ms
2025-11-09 18:10:12.624 +01:00 [INF] Request starting HTTP/1.1 GET http://localhost:5082/api/quizapi/quizlist - null null
2025-11-09 18:10:12.633 +01:00 [INF] CORS policy execution successful.
2025-11-09 18:10:12.640 +01:00 [INF] Executing endpoint 'api.Controllers.QuizAPIController.QuizList (api)'
2025-11-09 18:10:12.647 +01:00 [INF] Route matched with {action = "QuizList", controller = "QuizAPI"}. Executing controller action with signature System.Threading.Tasks.Task`1[Microsoft.AspNetCore.Mvc.IActionResult] QuizList() on controller api.Controllers.QuizAPIController (api).
2025-11-09 18:10:12.699 +01:00 [INF] Executing OkObjectResult, writing value of type 'System.Linq.Enumerable+SelectListIterator`2[[api.Models.Quiz, api, Version=1.0.0.0, Culture=neutral, PublicKeyToken=null],[api.DTOs.QuizDto, api, Version=1.0.0.0, Culture=neutral, PublicKeyToken=null]]'.
2025-11-09 18:10:12.706 +01:00 [INF] Executed action api.Controllers.QuizAPIController.QuizList (api) in 58.6601ms
2025-11-09 18:10:12.706 +01:00 [INF] Executed endpoint 'api.Controllers.QuizAPIController.QuizList (api)'
2025-11-09 18:10:12.707 +01:00 [INF] Request finished HTTP/1.1 GET http://localhost:5082/api/quizapi/quizlist - 200 377 application/json; charset=utf-8 86.2146ms
2025-11-09 18:10:12.710 +01:00 [INF] Request starting HTTP/1.1 GET http://localhost:5082/api/quizapi/quizlist - null null
2025-11-09 18:10:12.711 +01:00 [INF] CORS policy execution successful.
2025-11-09 18:10:12.711 +01:00 [INF] Executing endpoint 'api.Controllers.QuizAPIController.QuizList (api)'
2025-11-09 18:10:12.711 +01:00 [INF] Route matched with {action = "QuizList", controller = "QuizAPI"}. Executing controller action with signature System.Threading.Tasks.Task`1[Microsoft.AspNetCore.Mvc.IActionResult] QuizList() on controller api.Controllers.QuizAPIController (api).
2025-11-09 18:10:12.718 +01:00 [INF] Executing OkObjectResult, writing value of type 'System.Linq.Enumerable+SelectListIterator`2[[api.Models.Quiz, api, Version=1.0.0.0, Culture=neutral, PublicKeyToken=null],[api.DTOs.QuizDto, api, Version=1.0.0.0, Culture=neutral, PublicKeyToken=null]]'.
2025-11-09 18:10:12.728 +01:00 [INF] Executed action api.Controllers.QuizAPIController.QuizList (api) in 16.0799ms
2025-11-09 18:10:12.728 +01:00 [INF] Executed endpoint 'api.Controllers.QuizAPIController.QuizList (api)'
2025-11-09 18:10:12.728 +01:00 [INF] Request finished HTTP/1.1 GET http://localhost:5082/api/quizapi/quizlist - 200 377 application/json; charset=utf-8 17.8834ms
2025-11-09 18:10:15.871 +01:00 [INF] Request starting HTTP/1.1 GET http://localhost:5082/api/quizapi/10 - null null
2025-11-09 18:10:15.872 +01:00 [INF] CORS policy execution successful.
2025-11-09 18:10:15.872 +01:00 [INF] Executing endpoint 'api.Controllers.QuizAPIController.GetQuiz (api)'
2025-11-09 18:10:15.906 +01:00 [INF] Route matched with {action = "GetQuiz", controller = "QuizAPI"}. Executing controller action with signature System.Threading.Tasks.Task`1[Microsoft.AspNetCore.Mvc.IActionResult] GetQuiz(Int32) on controller api.Controllers.QuizAPIController (api).
2025-11-09 18:10:15.926 +01:00 [INF] Executing OkObjectResult, writing value of type 'api.Models.Quiz'.
2025-11-09 18:10:15.947 +01:00 [INF] Executed action api.Controllers.QuizAPIController.GetQuiz (api) in 40.7792ms
2025-11-09 18:10:15.947 +01:00 [INF] Executed endpoint 'api.Controllers.QuizAPIController.GetQuiz (api)'
2025-11-09 18:10:15.947 +01:00 [INF] Request finished HTTP/1.1 GET http://localhost:5082/api/quizapi/10 - 200 258 application/json; charset=utf-8 76.7239ms
2025-11-09 18:10:15.949 +01:00 [INF] Request starting HTTP/1.1 GET http://localhost:5082/api/quizapi/10 - null null
2025-11-09 18:10:15.949 +01:00 [INF] CORS policy execution successful.
2025-11-09 18:10:15.949 +01:00 [INF] Executing endpoint 'api.Controllers.QuizAPIController.GetQuiz (api)'
2025-11-09 18:10:15.949 +01:00 [INF] Route matched with {action = "GetQuiz", controller = "QuizAPI"}. Executing controller action with signature System.Threading.Tasks.Task`1[Microsoft.AspNetCore.Mvc.IActionResult] GetQuiz(Int32) on controller api.Controllers.QuizAPIController (api).
2025-11-09 18:10:15.952 +01:00 [INF] Executing OkObjectResult, writing value of type 'api.Models.Quiz'.
2025-11-09 18:10:15.953 +01:00 [INF] Executed action api.Controllers.QuizAPIController.GetQuiz (api) in 3.4317ms
2025-11-09 18:10:15.953 +01:00 [INF] Executed endpoint 'api.Controllers.QuizAPIController.GetQuiz (api)'
2025-11-09 18:10:15.953 +01:00 [INF] Request finished HTTP/1.1 GET http://localhost:5082/api/quizapi/10 - 200 258 application/json; charset=utf-8 4.3939ms
2025-11-09 18:10:34.670 +01:00 [INF] Request starting HTTP/1.1 OPTIONS http://localhost:5082/api/quizapi/update/10 - null null
2025-11-09 18:10:34.674 +01:00 [INF] CORS policy execution successful.
2025-11-09 18:10:34.680 +01:00 [INF] Request finished HTTP/1.1 OPTIONS http://localhost:5082/api/quizapi/update/10 - 204 null null 9.9021ms
2025-11-09 18:10:34.685 +01:00 [INF] Request starting HTTP/1.1 PUT http://localhost:5082/api/quizapi/update/10 - application/json 250
2025-11-09 18:10:34.685 +01:00 [INF] CORS policy execution successful.
2025-11-09 18:10:34.856 +01:00 [INF] Executing endpoint 'api.Controllers.QuizAPIController.Update (api)'
2025-11-09 18:10:34.862 +01:00 [INF] Route matched with {action = "Update", controller = "QuizAPI"}. Executing controller action with signature System.Threading.Tasks.Task`1[Microsoft.AspNetCore.Mvc.IActionResult] Update(Int32, api.DTOs.QuizDto) on controller api.Controllers.QuizAPIController (api).
2025-11-09 18:10:35.277 +01:00 [INF] Executing OkObjectResult, writing value of type 'api.Models.Quiz'.
2025-11-09 18:10:35.279 +01:00 [INF] Executed action api.Controllers.QuizAPIController.Update (api) in 416.0312ms
2025-11-09 18:10:35.279 +01:00 [INF] Executed endpoint 'api.Controllers.QuizAPIController.Update (api)'
2025-11-09 18:10:35.279 +01:00 [INF] Request finished HTTP/1.1 PUT http://localhost:5082/api/quizapi/update/10 - 200 472 application/json; charset=utf-8 593.8544ms
2025-11-09 18:10:35.306 +01:00 [INF] Request starting HTTP/1.1 GET http://localhost:5082/api/quizapi/quizlist - null null
2025-11-09 18:10:35.307 +01:00 [INF] CORS policy execution successful.
2025-11-09 18:10:35.307 +01:00 [INF] Executing endpoint 'api.Controllers.QuizAPIController.QuizList (api)'
2025-11-09 18:10:35.307 +01:00 [INF] Route matched with {action = "QuizList", controller = "QuizAPI"}. Executing controller action with signature System.Threading.Tasks.Task`1[Microsoft.AspNetCore.Mvc.IActionResult] QuizList() on controller api.Controllers.QuizAPIController (api).
2025-11-09 18:10:35.312 +01:00 [INF] Executing OkObjectResult, writing value of type 'System.Linq.Enumerable+SelectListIterator`2[[api.Models.Quiz, api, Version=1.0.0.0, Culture=neutral, PublicKeyToken=null],[api.DTOs.QuizDto, api, Version=1.0.0.0, Culture=neutral, PublicKeyToken=null]]'.
2025-11-09 18:10:35.312 +01:00 [INF] Executed action api.Controllers.QuizAPIController.QuizList (api) in 5.4029ms
2025-11-09 18:10:35.312 +01:00 [INF] Executed endpoint 'api.Controllers.QuizAPIController.QuizList (api)'
2025-11-09 18:10:35.313 +01:00 [INF] Request finished HTTP/1.1 GET http://localhost:5082/api/quizapi/quizlist - 200 377 application/json; charset=utf-8 6.4643ms
2025-11-09 18:10:35.316 +01:00 [INF] Request starting HTTP/1.1 GET http://localhost:5082/api/quizapi/quizlist - null null
2025-11-09 18:10:35.316 +01:00 [INF] CORS policy execution successful.
2025-11-09 18:10:35.317 +01:00 [INF] Executing endpoint 'api.Controllers.QuizAPIController.QuizList (api)'
2025-11-09 18:10:35.317 +01:00 [INF] Route matched with {action = "QuizList", controller = "QuizAPI"}. Executing controller action with signature System.Threading.Tasks.Task`1[Microsoft.AspNetCore.Mvc.IActionResult] QuizList() on controller api.Controllers.QuizAPIController (api).
2025-11-09 18:10:35.321 +01:00 [INF] Executing OkObjectResult, writing value of type 'System.Linq.Enumerable+SelectListIterator`2[[api.Models.Quiz, api, Version=1.0.0.0, Culture=neutral, PublicKeyToken=null],[api.DTOs.QuizDto, api, Version=1.0.0.0, Culture=neutral, PublicKeyToken=null]]'.
2025-11-09 18:10:35.321 +01:00 [INF] Executed action api.Controllers.QuizAPIController.QuizList (api) in 4.3887ms
2025-11-09 18:10:35.321 +01:00 [INF] Executed endpoint 'api.Controllers.QuizAPIController.QuizList (api)'
2025-11-09 18:10:35.321 +01:00 [INF] Request finished HTTP/1.1 GET http://localhost:5082/api/quizapi/quizlist - 200 377 application/json; charset=utf-8 5.8962ms
2025-11-09 18:10:48.614 +01:00 [INF] Request starting HTTP/1.1 OPTIONS http://localhost:5082/api/Auth/login - null null
2025-11-09 18:10:48.614 +01:00 [INF] CORS policy execution successful.
2025-11-09 18:10:48.615 +01:00 [INF] Request finished HTTP/1.1 OPTIONS http://localhost:5082/api/Auth/login - 204 null null 0.8732ms
2025-11-09 18:10:48.617 +01:00 [INF] Request starting HTTP/1.1 POST http://localhost:5082/api/Auth/login - application/json 52
2025-11-09 18:10:48.618 +01:00 [INF] CORS policy execution successful.
2025-11-09 18:10:48.618 +01:00 [INF] Executing endpoint 'api.Controllers.AuthController.Login (api)'
2025-11-09 18:10:48.618 +01:00 [INF] Route matched with {action = "Login", controller = "Auth"}. Executing controller action with signature System.Threading.Tasks.Task`1[Microsoft.AspNetCore.Mvc.IActionResult] Login(api.DTOs.LoginDto) on controller api.Controllers.AuthController (api).
2025-11-09 18:10:48.788 +01:00 [INF] [AuthAPIController] user authorised for eksempel123
2025-11-09 18:10:48.789 +01:00 [INF] [AuthAPIController] JWT token created for eksempel123
2025-11-09 18:10:48.794 +01:00 [INF] Executing OkObjectResult, writing value of type '<>f__AnonymousType1`1[[System.String, System.Private.CoreLib, Version=8.0.0.0, Culture=neutral, PublicKeyToken=7cec85d7bea7798e]]'.
2025-11-09 18:10:48.795 +01:00 [INF] Executed action api.Controllers.AuthController.Login (api) in 177.1062ms
2025-11-09 18:10:48.795 +01:00 [INF] Executed endpoint 'api.Controllers.AuthController.Login (api)'
2025-11-09 18:10:48.795 +01:00 [INF] Request finished HTTP/1.1 POST http://localhost:5082/api/Auth/login - 200 495 application/json; charset=utf-8 178.2052ms
2025-11-09 18:10:53.597 +01:00 [INF] Request starting HTTP/1.1 GET http://localhost:5082/api/quizapi/quizlist - null null
2025-11-09 18:10:53.598 +01:00 [INF] CORS policy execution successful.
2025-11-09 18:10:53.598 +01:00 [INF] Executing endpoint 'api.Controllers.QuizAPIController.QuizList (api)'
2025-11-09 18:10:53.599 +01:00 [INF] Route matched with {action = "QuizList", controller = "QuizAPI"}. Executing controller action with signature System.Threading.Tasks.Task`1[Microsoft.AspNetCore.Mvc.IActionResult] QuizList() on controller api.Controllers.QuizAPIController (api).
2025-11-09 18:10:53.604 +01:00 [INF] Executing OkObjectResult, writing value of type 'System.Linq.Enumerable+SelectListIterator`2[[api.Models.Quiz, api, Version=1.0.0.0, Culture=neutral, PublicKeyToken=null],[api.DTOs.QuizDto, api, Version=1.0.0.0, Culture=neutral, PublicKeyToken=null]]'.
2025-11-09 18:10:53.604 +01:00 [INF] Executed action api.Controllers.QuizAPIController.QuizList (api) in 5.6053ms
2025-11-09 18:10:53.604 +01:00 [INF] Executed endpoint 'api.Controllers.QuizAPIController.QuizList (api)'
2025-11-09 18:10:53.605 +01:00 [INF] Request finished HTTP/1.1 GET http://localhost:5082/api/quizapi/quizlist - 200 377 application/json; charset=utf-8 7.2348ms
2025-11-09 18:10:53.608 +01:00 [INF] Request starting HTTP/1.1 GET http://localhost:5082/api/quizapi/quizlist - null null
2025-11-09 18:10:53.608 +01:00 [INF] CORS policy execution successful.
2025-11-09 18:10:53.608 +01:00 [INF] Executing endpoint 'api.Controllers.QuizAPIController.QuizList (api)'
2025-11-09 18:10:53.609 +01:00 [INF] Route matched with {action = "QuizList", controller = "QuizAPI"}. Executing controller action with signature System.Threading.Tasks.Task`1[Microsoft.AspNetCore.Mvc.IActionResult] QuizList() on controller api.Controllers.QuizAPIController (api).
2025-11-09 18:10:53.613 +01:00 [INF] Executing OkObjectResult, writing value of type 'System.Linq.Enumerable+SelectListIterator`2[[api.Models.Quiz, api, Version=1.0.0.0, Culture=neutral, PublicKeyToken=null],[api.DTOs.QuizDto, api, Version=1.0.0.0, Culture=neutral, PublicKeyToken=null]]'.
2025-11-09 18:10:53.614 +01:00 [INF] Executed action api.Controllers.QuizAPIController.QuizList (api) in 4.9275ms
2025-11-09 18:10:53.614 +01:00 [INF] Executed endpoint 'api.Controllers.QuizAPIController.QuizList (api)'
2025-11-09 18:10:53.614 +01:00 [INF] Request finished HTTP/1.1 GET http://localhost:5082/api/quizapi/quizlist - 200 377 application/json; charset=utf-8 6.1408ms
2025-11-09 18:10:55.784 +01:00 [INF] Request starting HTTP/1.1 GET http://localhost:5082/api/quizapi/10 - null null
2025-11-09 18:10:55.785 +01:00 [INF] CORS policy execution successful.
2025-11-09 18:10:55.786 +01:00 [INF] Executing endpoint 'api.Controllers.QuizAPIController.GetQuiz (api)'
2025-11-09 18:10:55.786 +01:00 [INF] Route matched with {action = "GetQuiz", controller = "QuizAPI"}. Executing controller action with signature System.Threading.Tasks.Task`1[Microsoft.AspNetCore.Mvc.IActionResult] GetQuiz(Int32) on controller api.Controllers.QuizAPIController (api).
2025-11-09 18:10:55.789 +01:00 [INF] Executing OkObjectResult, writing value of type 'api.Models.Quiz'.
2025-11-09 18:10:55.790 +01:00 [INF] Executed action api.Controllers.QuizAPIController.GetQuiz (api) in 3.6106ms
2025-11-09 18:10:55.790 +01:00 [INF] Executed endpoint 'api.Controllers.QuizAPIController.GetQuiz (api)'
2025-11-09 18:10:55.790 +01:00 [INF] Request finished HTTP/1.1 GET http://localhost:5082/api/quizapi/10 - 200 472 application/json; charset=utf-8 5.9588ms
2025-11-09 18:10:55.791 +01:00 [INF] Request starting HTTP/1.1 GET http://localhost:5082/api/quizapi/10 - null null
2025-11-09 18:10:55.792 +01:00 [INF] CORS policy execution successful.
2025-11-09 18:10:55.792 +01:00 [INF] Executing endpoint 'api.Controllers.QuizAPIController.GetQuiz (api)'
2025-11-09 18:10:55.792 +01:00 [INF] Route matched with {action = "GetQuiz", controller = "QuizAPI"}. Executing controller action with signature System.Threading.Tasks.Task`1[Microsoft.AspNetCore.Mvc.IActionResult] GetQuiz(Int32) on controller api.Controllers.QuizAPIController (api).
2025-11-09 18:10:55.796 +01:00 [INF] Executing OkObjectResult, writing value of type 'api.Models.Quiz'.
2025-11-09 18:10:55.796 +01:00 [INF] Executed action api.Controllers.QuizAPIController.GetQuiz (api) in 3.5435ms
2025-11-09 18:10:55.796 +01:00 [INF] Executed endpoint 'api.Controllers.QuizAPIController.GetQuiz (api)'
2025-11-09 18:10:55.796 +01:00 [INF] Request finished HTTP/1.1 GET http://localhost:5082/api/quizapi/10 - 200 472 application/json; charset=utf-8 4.6671ms
2025-11-09 18:10:57.548 +01:00 [INF] Request starting HTTP/1.1 GET http://localhost:5082/api/quizapi/quizlist - null null
2025-11-09 18:10:57.548 +01:00 [INF] CORS policy execution successful.
2025-11-09 18:10:57.549 +01:00 [INF] Executing endpoint 'api.Controllers.QuizAPIController.QuizList (api)'
2025-11-09 18:10:57.549 +01:00 [INF] Route matched with {action = "QuizList", controller = "QuizAPI"}. Executing controller action with signature System.Threading.Tasks.Task`1[Microsoft.AspNetCore.Mvc.IActionResult] QuizList() on controller api.Controllers.QuizAPIController (api).
2025-11-09 18:10:57.554 +01:00 [INF] Executing OkObjectResult, writing value of type 'System.Linq.Enumerable+SelectListIterator`2[[api.Models.Quiz, api, Version=1.0.0.0, Culture=neutral, PublicKeyToken=null],[api.DTOs.QuizDto, api, Version=1.0.0.0, Culture=neutral, PublicKeyToken=null]]'.
2025-11-09 18:10:57.555 +01:00 [INF] Executed action api.Controllers.QuizAPIController.QuizList (api) in 5.8694ms
2025-11-09 18:10:57.555 +01:00 [INF] Executed endpoint 'api.Controllers.QuizAPIController.QuizList (api)'
2025-11-09 18:10:57.555 +01:00 [INF] Request finished HTTP/1.1 GET http://localhost:5082/api/quizapi/quizlist - 200 377 application/json; charset=utf-8 7.2438ms
2025-11-09 18:10:57.557 +01:00 [INF] Request starting HTTP/1.1 GET http://localhost:5082/api/quizapi/quizlist - null null
2025-11-09 18:10:57.558 +01:00 [INF] CORS policy execution successful.
2025-11-09 18:10:57.558 +01:00 [INF] Executing endpoint 'api.Controllers.QuizAPIController.QuizList (api)'
2025-11-09 18:10:57.558 +01:00 [INF] Route matched with {action = "QuizList", controller = "QuizAPI"}. Executing controller action with signature System.Threading.Tasks.Task`1[Microsoft.AspNetCore.Mvc.IActionResult] QuizList() on controller api.Controllers.QuizAPIController (api).
2025-11-09 18:10:57.570 +01:00 [INF] Executing OkObjectResult, writing value of type 'System.Linq.Enumerable+SelectListIterator`2[[api.Models.Quiz, api, Version=1.0.0.0, Culture=neutral, PublicKeyToken=null],[api.DTOs.QuizDto, api, Version=1.0.0.0, Culture=neutral, PublicKeyToken=null]]'.
2025-11-09 18:10:57.570 +01:00 [INF] Executed action api.Controllers.QuizAPIController.QuizList (api) in 12.2436ms
2025-11-09 18:10:57.571 +01:00 [INF] Executed endpoint 'api.Controllers.QuizAPIController.QuizList (api)'
2025-11-09 18:10:57.571 +01:00 [INF] Request finished HTTP/1.1 GET http://localhost:5082/api/quizapi/quizlist - 200 377 application/json; charset=utf-8 13.3225ms
2025-11-09 18:12:23.304 +01:00 [INF] Request starting HTTP/1.1 GET http://localhost:5082/api/quizapi/quizlist - null null
2025-11-09 18:12:23.312 +01:00 [INF] CORS policy execution successful.
2025-11-09 18:12:23.317 +01:00 [INF] Executing endpoint 'api.Controllers.QuizAPIController.QuizList (api)'
2025-11-09 18:12:23.318 +01:00 [INF] Route matched with {action = "QuizList", controller = "QuizAPI"}. Executing controller action with signature System.Threading.Tasks.Task`1[Microsoft.AspNetCore.Mvc.IActionResult] QuizList() on controller api.Controllers.QuizAPIController (api).
2025-11-09 18:12:23.366 +01:00 [INF] Executing OkObjectResult, writing value of type 'System.Linq.Enumerable+SelectListIterator`2[[api.Models.Quiz, api, Version=1.0.0.0, Culture=neutral, PublicKeyToken=null],[api.DTOs.QuizDto, api, Version=1.0.0.0, Culture=neutral, PublicKeyToken=null]]'.
2025-11-09 18:12:23.372 +01:00 [INF] Executed action api.Controllers.QuizAPIController.QuizList (api) in 52.5221ms
2025-11-09 18:12:23.372 +01:00 [INF] Executed endpoint 'api.Controllers.QuizAPIController.QuizList (api)'
2025-11-09 18:12:23.372 +01:00 [INF] Request finished HTTP/1.1 GET http://localhost:5082/api/quizapi/quizlist - 200 377 application/json; charset=utf-8 68.6403ms
2025-11-09 18:12:23.375 +01:00 [INF] Request starting HTTP/1.1 GET http://localhost:5082/api/quizapi/quizlist - null null
2025-11-09 18:12:23.376 +01:00 [INF] CORS policy execution successful.
2025-11-09 18:12:23.376 +01:00 [INF] Executing endpoint 'api.Controllers.QuizAPIController.QuizList (api)'
2025-11-09 18:12:23.376 +01:00 [INF] Route matched with {action = "QuizList", controller = "QuizAPI"}. Executing controller action with signature System.Threading.Tasks.Task`1[Microsoft.AspNetCore.Mvc.IActionResult] QuizList() on controller api.Controllers.QuizAPIController (api).
2025-11-09 18:12:23.381 +01:00 [INF] Executing OkObjectResult, writing value of type 'System.Linq.Enumerable+SelectListIterator`2[[api.Models.Quiz, api, Version=1.0.0.0, Culture=neutral, PublicKeyToken=null],[api.DTOs.QuizDto, api, Version=1.0.0.0, Culture=neutral, PublicKeyToken=null]]'.
2025-11-09 18:12:23.385 +01:00 [INF] Executed action api.Controllers.QuizAPIController.QuizList (api) in 8.2907ms
2025-11-09 18:12:23.385 +01:00 [INF] Executed endpoint 'api.Controllers.QuizAPIController.QuizList (api)'
2025-11-09 18:12:23.386 +01:00 [INF] Request finished HTTP/1.1 GET http://localhost:5082/api/quizapi/quizlist - 200 377 application/json; charset=utf-8 10.4008ms
2025-11-09 18:12:56.092 +01:00 [INF] Request starting HTTP/1.1 GET http://localhost:5082/api/quizapi/quizlist - null null
2025-11-09 18:12:56.095 +01:00 [INF] CORS policy execution successful.
2025-11-09 18:12:56.095 +01:00 [INF] Executing endpoint 'api.Controllers.QuizAPIController.QuizList (api)'
2025-11-09 18:12:56.095 +01:00 [INF] Route matched with {action = "QuizList", controller = "QuizAPI"}. Executing controller action with signature System.Threading.Tasks.Task`1[Microsoft.AspNetCore.Mvc.IActionResult] QuizList() on controller api.Controllers.QuizAPIController (api).
2025-11-09 18:12:56.108 +01:00 [INF] Executing OkObjectResult, writing value of type 'System.Linq.Enumerable+SelectListIterator`2[[api.Models.Quiz, api, Version=1.0.0.0, Culture=neutral, PublicKeyToken=null],[api.DTOs.QuizDto, api, Version=1.0.0.0, Culture=neutral, PublicKeyToken=null]]'.
2025-11-09 18:12:56.109 +01:00 [INF] Executed action api.Controllers.QuizAPIController.QuizList (api) in 13.8051ms
2025-11-09 18:12:56.109 +01:00 [INF] Executed endpoint 'api.Controllers.QuizAPIController.QuizList (api)'
2025-11-09 18:12:56.112 +01:00 [INF] Request finished HTTP/1.1 GET http://localhost:5082/api/quizapi/quizlist - 200 377 application/json; charset=utf-8 19.341ms
2025-11-09 18:12:56.114 +01:00 [INF] Request starting HTTP/1.1 GET http://localhost:5082/api/quizapi/quizlist - null null
2025-11-09 18:12:56.114 +01:00 [INF] CORS policy execution successful.
2025-11-09 18:12:56.115 +01:00 [INF] Executing endpoint 'api.Controllers.QuizAPIController.QuizList (api)'
2025-11-09 18:12:56.115 +01:00 [INF] Route matched with {action = "QuizList", controller = "QuizAPI"}. Executing controller action with signature System.Threading.Tasks.Task`1[Microsoft.AspNetCore.Mvc.IActionResult] QuizList() on controller api.Controllers.QuizAPIController (api).
2025-11-09 18:12:56.138 +01:00 [INF] Executing OkObjectResult, writing value of type 'System.Linq.Enumerable+SelectListIterator`2[[api.Models.Quiz, api, Version=1.0.0.0, Culture=neutral, PublicKeyToken=null],[api.DTOs.QuizDto, api, Version=1.0.0.0, Culture=neutral, PublicKeyToken=null]]'.
2025-11-09 18:12:56.138 +01:00 [INF] Executed action api.Controllers.QuizAPIController.QuizList (api) in 23.3182ms
2025-11-09 18:12:56.139 +01:00 [INF] Executed endpoint 'api.Controllers.QuizAPIController.QuizList (api)'
2025-11-09 18:12:56.139 +01:00 [INF] Request finished HTTP/1.1 GET http://localhost:5082/api/quizapi/quizlist - 200 377 application/json; charset=utf-8 25.0018ms
2025-11-09 18:17:48.258 +01:00 [INF] Application is shutting down...
