2025-11-03 13:59:48.929 +01:00 [INF] User profile is available. Using 'C:\Users\Admin\AppData\Local\ASP.NET\DataProtection-Keys' as key repository and Windows DPAPI to encrypt keys at rest.
2025-11-03 13:59:49.461 +01:00 [INF] Now listening on: https://localhost:7262
2025-11-03 13:59:49.465 +01:00 [INF] Now listening on: http://localhost:5082
2025-11-03 13:59:49.473 +01:00 [INF] Application started. Press Ctrl+C to shut down.
2025-11-03 13:59:49.479 +01:00 [INF] Hosting environment: Development
2025-11-03 13:59:49.482 +01:00 [INF] Content root path: C:\Users\Admin\OneDrive - OsloMet\FinalExamITPE3200\EXAMFAM\api
2025-11-03 13:59:49.981 +01:00 [INF] Request starting HTTP/1.1 GET http://localhost:5082/swagger - null null
2025-11-03 13:59:50.054 +01:00 [INF] Request finished HTTP/1.1 GET http://localhost:5082/swagger - 301 0 null 74.4599ms
2025-11-03 13:59:50.064 +01:00 [INF] Request starting HTTP/1.1 GET http://localhost:5082/swagger/index.html - null null
2025-11-03 13:59:50.136 +01:00 [INF] Request finished HTTP/1.1 GET http://localhost:5082/swagger/index.html - 200 null text/html;charset=utf-8 71.7933ms
2025-11-03 13:59:50.178 +01:00 [INF] Request starting HTTP/1.1 GET http://localhost:5082/swagger/swagger-ui.css - null null
2025-11-03 13:59:50.183 +01:00 [INF] Request starting HTTP/1.1 GET http://localhost:5082/swagger/swagger-ui-standalone-preset.js - null null
2025-11-03 13:59:50.183 +01:00 [INF] Request starting HTTP/1.1 GET http://localhost:5082/swagger/swagger-ui-bundle.js - null null
2025-11-03 13:59:50.284 +01:00 [INF] Sending file. Request path: '/swagger-ui.css'. Physical path: 'N/A'
2025-11-03 13:59:50.284 +01:00 [INF] Sending file. Request path: '/swagger-ui-standalone-preset.js'. Physical path: 'N/A'
2025-11-03 13:59:50.284 +01:00 [INF] Sending file. Request path: '/swagger-ui-bundle.js'. Physical path: 'N/A'
2025-11-03 13:59:50.286 +01:00 [INF] Request finished HTTP/1.1 GET http://localhost:5082/swagger/swagger-ui-bundle.js - 200 1096145 text/javascript 103.2043ms
2025-11-03 13:59:50.286 +01:00 [INF] Request finished HTTP/1.1 GET http://localhost:5082/swagger/swagger-ui.css - 200 143943 text/css 107.6747ms
2025-11-03 13:59:50.286 +01:00 [INF] Request finished HTTP/1.1 GET http://localhost:5082/swagger/swagger-ui-standalone-preset.js - 200 339486 text/javascript 103.14ms
2025-11-03 13:59:50.500 +01:00 [INF] Request starting HTTP/1.1 GET http://localhost:5082/swagger/v1/swagger.json - null null
2025-11-03 13:59:50.691 +01:00 [INF] Request finished HTTP/1.1 GET http://localhost:5082/swagger/v1/swagger.json - 200 null application/json;charset=utf-8 191.3605ms
2025-11-03 14:00:54.872 +01:00 [INF] Request starting HTTP/1.1 POST http://localhost:5082/api/QuizAPI/create - application/json-patch+json 259
2025-11-03 14:00:54.912 +01:00 [INF] CORS policy execution failed.
2025-11-03 14:00:54.912 +01:00 [INF] Request origin http://localhost:5082 does not have permission to access the resource.
2025-11-03 14:00:55.106 +01:00 [INF] Authorization failed. These requirements were not met:
DenyAnonymousAuthorizationRequirement: Requires an authenticated user.
2025-11-03 14:00:55.111 +01:00 [INF] AuthenticationScheme: Bearer was challenged.
2025-11-03 14:00:55.113 +01:00 [INF] Request finished HTTP/1.1 POST http://localhost:5082/api/QuizAPI/create - 401 0 null 240.6367ms
2025-11-03 14:01:58.191 +01:00 [INF] Request starting HTTP/1.1 DELETE http://localhost:5082/api/QuizAPI/delete/1 - null null
2025-11-03 14:01:58.199 +01:00 [INF] CORS policy execution failed.
2025-11-03 14:01:58.199 +01:00 [INF] Request origin http://localhost:5082 does not have permission to access the resource.
2025-11-03 14:01:58.201 +01:00 [INF] Authorization failed. These requirements were not met:
DenyAnonymousAuthorizationRequirement: Requires an authenticated user.
2025-11-03 14:01:58.202 +01:00 [INF] AuthenticationScheme: Bearer was challenged.
2025-11-03 14:01:58.202 +01:00 [INF] Request finished HTTP/1.1 DELETE http://localhost:5082/api/QuizAPI/delete/1 - 401 0 null 11.7924ms
2025-11-03 14:03:19.267 +01:00 [INF] Request starting HTTP/1.1 POST http://localhost:5082/api/Auth/register - application/json-patch+json 81
2025-11-03 14:03:19.274 +01:00 [INF] CORS policy execution failed.
2025-11-03 14:03:19.274 +01:00 [INF] Request origin http://localhost:5082 does not have permission to access the resource.
2025-11-03 14:03:19.277 +01:00 [INF] Executing endpoint 'api.Controllers.AuthController.Register (api)'
2025-11-03 14:03:19.310 +01:00 [INF] Route matched with {action = "Register", controller = "Auth"}. Executing controller action with signature System.Threading.Tasks.Task`1[Microsoft.AspNetCore.Mvc.IActionResult] Register(api.DTOs.RegisterDto) on controller api.Controllers.AuthController (api).
2025-11-03 14:03:19.682 +01:00 [WRN] [AuthAPIController] user registration failed for string
2025-11-03 14:03:19.686 +01:00 [INF] Executing BadRequestObjectResult, writing value of type 'System.Collections.Generic.List`1[[Microsoft.AspNetCore.Identity.IdentityError, Microsoft.Extensions.Identity.Core, Version=8.0.0.0, Culture=neutral, PublicKeyToken=adb9793829ddae60]]'.
2025-11-03 14:03:19.719 +01:00 [INF] Executed action api.Controllers.AuthController.Register (api) in 405.8527ms
2025-11-03 14:03:19.719 +01:00 [INF] Executed endpoint 'api.Controllers.AuthController.Register (api)'
2025-11-03 14:03:19.721 +01:00 [INF] Request finished HTTP/1.1 POST http://localhost:5082/api/Auth/register - 400 323 application/json; charset=utf-8 454.0787ms
2025-11-03 14:04:15.963 +01:00 [INF] Request starting HTTP/1.1 POST http://localhost:5082/api/Auth/login - application/json-patch+json 50
2025-11-03 14:04:15.968 +01:00 [INF] CORS policy execution failed.
2025-11-03 14:04:15.968 +01:00 [INF] Request origin http://localhost:5082 does not have permission to access the resource.
2025-11-03 14:04:15.969 +01:00 [INF] Executing endpoint 'api.Controllers.AuthController.Login (api)'
2025-11-03 14:04:15.973 +01:00 [INF] Route matched with {action = "Login", controller = "Auth"}. Executing controller action with signature System.Threading.Tasks.Task`1[Microsoft.AspNetCore.Mvc.IActionResult] Login(api.DTOs.LoginDto) on controller api.Controllers.AuthController (api).
2025-11-03 14:04:17.063 +01:00 [WRN] [AuthAPIController] user not authorised for string
2025-11-03 14:04:17.065 +01:00 [INF] Executing ObjectResult, writing value of type 'Microsoft.AspNetCore.Mvc.ProblemDetails'.
2025-11-03 14:04:17.081 +01:00 [INF] Executed action api.Controllers.AuthController.Login (api) in 1108.146ms
2025-11-03 14:04:17.081 +01:00 [INF] Executed endpoint 'api.Controllers.AuthController.Login (api)'
2025-11-03 14:04:17.087 +01:00 [INF] Request finished HTTP/1.1 POST http://localhost:5082/api/Auth/login - 401 165 application/problem+json; charset=utf-8 1125.7314ms
2025-11-03 14:07:40.834 +01:00 [INF] Request starting HTTP/1.1 POST http://localhost:5082/api/Auth/login - application/json-patch+json 52
2025-11-03 14:07:40.837 +01:00 [INF] CORS policy execution failed.
2025-11-03 14:07:40.837 +01:00 [INF] Request origin http://localhost:5082 does not have permission to access the resource.
2025-11-03 14:07:40.837 +01:00 [INF] Executing endpoint 'api.Controllers.AuthController.Login (api)'
2025-11-03 14:07:40.838 +01:00 [INF] Route matched with {action = "Login", controller = "Auth"}. Executing controller action with signature System.Threading.Tasks.Task`1[Microsoft.AspNetCore.Mvc.IActionResult] Login(api.DTOs.LoginDto) on controller api.Controllers.AuthController (api).
2025-11-03 14:07:40.916 +01:00 [WRN] [AuthAPIController] user not authorised for Admin
2025-11-03 14:07:40.916 +01:00 [INF] Executing ObjectResult, writing value of type 'Microsoft.AspNetCore.Mvc.ProblemDetails'.
2025-11-03 14:07:40.917 +01:00 [INF] Executed action api.Controllers.AuthController.Login (api) in 78.9802ms
2025-11-03 14:07:40.917 +01:00 [INF] Executed endpoint 'api.Controllers.AuthController.Login (api)'
2025-11-03 14:07:40.917 +01:00 [INF] Request finished HTTP/1.1 POST http://localhost:5082/api/Auth/login - 401 165 application/problem+json; charset=utf-8 84.0544ms
2025-11-03 14:10:50.352 +01:00 [INF] Request starting HTTP/1.1 POST http://localhost:5082/api/Auth/register - application/json-patch+json 83
2025-11-03 14:10:50.355 +01:00 [INF] CORS policy execution failed.
2025-11-03 14:10:50.355 +01:00 [INF] Request origin http://localhost:5082 does not have permission to access the resource.
2025-11-03 14:10:50.355 +01:00 [INF] Executing endpoint 'api.Controllers.AuthController.Register (api)'
2025-11-03 14:10:50.355 +01:00 [INF] Route matched with {action = "Register", controller = "Auth"}. Executing controller action with signature System.Threading.Tasks.Task`1[Microsoft.AspNetCore.Mvc.IActionResult] Register(api.DTOs.RegisterDto) on controller api.Controllers.AuthController (api).
2025-11-03 14:10:50.652 +01:00 [INF] [AuthAPIController] user registered for admin
2025-11-03 14:10:50.653 +01:00 [INF] Executing OkObjectResult, writing value of type '<>f__AnonymousType0`1[[System.String, System.Private.CoreLib, Version=8.0.0.0, Culture=neutral, PublicKeyToken=7cec85d7bea7798e]]'.
2025-11-03 14:10:50.656 +01:00 [INF] Executed action api.Controllers.AuthController.Register (api) in 300.739ms
2025-11-03 14:10:50.656 +01:00 [INF] Executed endpoint 'api.Controllers.AuthController.Register (api)'
2025-11-03 14:10:50.656 +01:00 [INF] Request finished HTTP/1.1 POST http://localhost:5082/api/Auth/register - 200 42 application/json; charset=utf-8 306.9715ms
2025-11-03 14:11:37.002 +01:00 [INF] Request starting HTTP/1.1 POST http://localhost:5082/api/Auth/login - application/json-patch+json 52
2025-11-03 14:11:37.002 +01:00 [INF] CORS policy execution failed.
2025-11-03 14:11:37.002 +01:00 [INF] Request origin http://localhost:5082 does not have permission to access the resource.
2025-11-03 14:11:37.002 +01:00 [INF] Executing endpoint 'api.Controllers.AuthController.Login (api)'
2025-11-03 14:11:37.003 +01:00 [INF] Route matched with {action = "Login", controller = "Auth"}. Executing controller action with signature System.Threading.Tasks.Task`1[Microsoft.AspNetCore.Mvc.IActionResult] Login(api.DTOs.LoginDto) on controller api.Controllers.AuthController (api).
2025-11-03 14:11:37.075 +01:00 [INF] [AuthAPIController] user authorised for Admin
2025-11-03 14:11:37.086 +01:00 [INF] [AuthAPIController] JWT token created for admin
2025-11-03 14:11:37.136 +01:00 [INF] Executing OkObjectResult, writing value of type '<>f__AnonymousType1`1[[System.String, System.Private.CoreLib, Version=8.0.0.0, Culture=neutral, PublicKeyToken=7cec85d7bea7798e]]'.
2025-11-03 14:11:37.137 +01:00 [INF] Executed action api.Controllers.AuthController.Login (api) in 134.5724ms
2025-11-03 14:11:37.137 +01:00 [INF] Executed endpoint 'api.Controllers.AuthController.Login (api)'
2025-11-03 14:11:37.137 +01:00 [INF] Request finished HTTP/1.1 POST http://localhost:5082/api/Auth/login - 200 484 application/json; charset=utf-8 135.664ms
2025-11-03 14:13:27.580 +01:00 [INF] Request starting HTTP/1.1 GET http://localhost:5082/api/QuizAPI/quizlist - null null
2025-11-03 14:13:27.585 +01:00 [INF] Executing endpoint 'api.Controllers.QuizAPIController.QuizList (api)'
2025-11-03 14:13:27.592 +01:00 [INF] Route matched with {action = "QuizList", controller = "QuizAPI"}. Executing controller action with signature System.Threading.Tasks.Task`1[Microsoft.AspNetCore.Mvc.IActionResult] QuizList() on controller api.Controllers.QuizAPIController (api).
2025-11-03 14:13:28.132 +01:00 [WRN] Compiling a query which loads related collections for more than one collection navigation, either via 'Include' or through projection, but no 'QuerySplittingBehavior' has been configured. By default, Entity Framework will use 'QuerySplittingBehavior.SingleQuery', which can potentially result in slow query performance. See https://go.microsoft.com/fwlink/?linkid=2134277 for more information. To identify the query that's triggering this warning call 'ConfigureWarnings(w => w.Throw(RelationalEventId.MultipleCollectionIncludeWarning))'.
2025-11-03 14:13:28.236 +01:00 [INF] Executing OkObjectResult, writing value of type 'System.Linq.Enumerable+SelectListIterator`2[[api.Models.Quiz, api, Version=1.0.0.0, Culture=neutral, PublicKeyToken=null],[api.DTOs.QuizDto, api, Version=1.0.0.0, Culture=neutral, PublicKeyToken=null]]'.
2025-11-03 14:13:28.241 +01:00 [INF] Executed action api.Controllers.QuizAPIController.QuizList (api) in 648.9166ms
2025-11-03 14:13:28.241 +01:00 [INF] Executed endpoint 'api.Controllers.QuizAPIController.QuizList (api)'
2025-11-03 14:13:28.241 +01:00 [INF] Request finished HTTP/1.1 GET http://localhost:5082/api/QuizAPI/quizlist - 200 284 application/json; charset=utf-8 661.1381ms
