2025-11-05 10:00:30.787 +01:00 [INF] User profile is available. Using 'C:\Users\Admin\AppData\Local\ASP.NET\DataProtection-Keys' as key repository and Windows DPAPI to encrypt keys at rest.
2025-11-05 10:00:30.932 +01:00 [INF] Now listening on: http://localhost:5082
2025-11-05 10:00:30.937 +01:00 [INF] Application started. Press Ctrl+C to shut down.
2025-11-05 10:00:30.938 +01:00 [INF] Hosting environment: Development
2025-11-05 10:00:30.939 +01:00 [INF] Content root path: C:\Users\Admin\OneDrive - OsloMet\FinalExamITPE3200\EXAMFAM\api
2025-11-05 10:00:58.942 +01:00 [INF] Request starting HTTP/1.1 OPTIONS http://localhost:5082/api/Auth/register - null null
2025-11-05 10:00:58.999 +01:00 [INF] CORS policy execution successful.
2025-11-05 10:00:59.009 +01:00 [INF] Request finished HTTP/1.1 OPTIONS http://localhost:5082/api/Auth/register - 204 null null 71.2006ms
2025-11-05 10:00:59.016 +01:00 [INF] Request starting HTTP/1.1 POST http://localhost:5082/api/Auth/register - application/json 83
2025-11-05 10:00:59.022 +01:00 [INF] CORS policy execution successful.
2025-11-05 10:00:59.069 +01:00 [INF] Executing endpoint 'api.Controllers.AuthController.Register (api)'
2025-11-05 10:00:59.107 +01:00 [INF] Route matched with {action = "Register", controller = "Auth"}. Executing controller action with signature System.Threading.Tasks.Task`1[Microsoft.AspNetCore.Mvc.IActionResult] Register(api.DTOs.RegisterDto) on controller api.Controllers.AuthController (api).
2025-11-05 10:00:59.432 +01:00 [WRN] [AuthAPIController] user registration failed for eksempel123
2025-11-05 10:00:59.439 +01:00 [INF] Executing BadRequestObjectResult, writing value of type 'System.Collections.Generic.List`1[[Microsoft.AspNetCore.Identity.IdentityError, Microsoft.Extensions.Identity.Core, Version=8.0.0.0, Culture=neutral, PublicKeyToken=adb9793829ddae60]]'.
2025-11-05 10:00:59.487 +01:00 [INF] Executed action api.Controllers.AuthController.Register (api) in 374.2098ms
2025-11-05 10:00:59.487 +01:00 [INF] Executed endpoint 'api.Controllers.AuthController.Register (api)'
2025-11-05 10:00:59.489 +01:00 [INF] Request finished HTTP/1.1 POST http://localhost:5082/api/Auth/register - 400 224 application/json; charset=utf-8 472.4036ms
2025-11-05 10:01:03.096 +01:00 [INF] Request starting HTTP/1.1 POST http://localhost:5082/api/Auth/register - application/json 83
2025-11-05 10:01:03.097 +01:00 [INF] CORS policy execution successful.
2025-11-05 10:01:03.100 +01:00 [INF] Executing endpoint 'api.Controllers.AuthController.Register (api)'
2025-11-05 10:01:03.100 +01:00 [INF] Route matched with {action = "Register", controller = "Auth"}. Executing controller action with signature System.Threading.Tasks.Task`1[Microsoft.AspNetCore.Mvc.IActionResult] Register(api.DTOs.RegisterDto) on controller api.Controllers.AuthController (api).
2025-11-05 10:01:03.117 +01:00 [WRN] [AuthAPIController] user registration failed for eksempel123
2025-11-05 10:01:03.118 +01:00 [INF] Executing BadRequestObjectResult, writing value of type 'System.Collections.Generic.List`1[[Microsoft.AspNetCore.Identity.IdentityError, Microsoft.Extensions.Identity.Core, Version=8.0.0.0, Culture=neutral, PublicKeyToken=adb9793829ddae60]]'.
2025-11-05 10:01:03.119 +01:00 [INF] Executed action api.Controllers.AuthController.Register (api) in 18.1503ms
2025-11-05 10:01:03.119 +01:00 [INF] Executed endpoint 'api.Controllers.AuthController.Register (api)'
2025-11-05 10:01:03.119 +01:00 [INF] Request finished HTTP/1.1 POST http://localhost:5082/api/Auth/register - 400 224 application/json; charset=utf-8 23.2033ms
2025-11-05 10:01:22.505 +01:00 [INF] Request starting HTTP/1.1 OPTIONS http://localhost:5082/api/Auth/register - null null
2025-11-05 10:01:22.506 +01:00 [INF] CORS policy execution successful.
2025-11-05 10:01:22.506 +01:00 [INF] Request finished HTTP/1.1 OPTIONS http://localhost:5082/api/Auth/register - 204 null null 1.0599ms
2025-11-05 10:01:22.510 +01:00 [INF] Request starting HTTP/1.1 POST http://localhost:5082/api/Auth/register - application/json 61
2025-11-05 10:01:22.511 +01:00 [INF] CORS policy execution successful.
2025-11-05 10:01:22.516 +01:00 [INF] Executing endpoint 'api.Controllers.AuthController.Register (api)'
2025-11-05 10:01:22.516 +01:00 [INF] Route matched with {action = "Register", controller = "Auth"}. Executing controller action with signature System.Threading.Tasks.Task`1[Microsoft.AspNetCore.Mvc.IActionResult] Register(api.DTOs.RegisterDto) on controller api.Controllers.AuthController (api).
2025-11-05 10:01:22.544 +01:00 [INF] Executing BadRequestObjectResult, writing value of type 'Microsoft.AspNetCore.Mvc.ValidationProblemDetails'.
2025-11-05 10:01:22.572 +01:00 [INF] Executed action api.Controllers.AuthController.Register (api) in 55.5307ms
2025-11-05 10:01:22.572 +01:00 [INF] Executed endpoint 'api.Controllers.AuthController.Register (api)'
2025-11-05 10:01:22.572 +01:00 [INF] Request finished HTTP/1.1 POST http://localhost:5082/api/Auth/register - 400 293 application/problem+json; charset=utf-8 62.3706ms
2025-11-05 10:02:07.963 +01:00 [INF] Request starting HTTP/1.1 OPTIONS http://localhost:5082/api/Auth/register - null null
2025-11-05 10:02:07.964 +01:00 [INF] CORS policy execution successful.
2025-11-05 10:02:07.964 +01:00 [INF] Request finished HTTP/1.1 OPTIONS http://localhost:5082/api/Auth/register - 204 null null 1.3799ms
2025-11-05 10:02:07.966 +01:00 [INF] Request starting HTTP/1.1 POST http://localhost:5082/api/Auth/register - application/json 77
2025-11-05 10:02:07.966 +01:00 [INF] CORS policy execution successful.
2025-11-05 10:02:07.966 +01:00 [INF] Executing endpoint 'api.Controllers.AuthController.Register (api)'
2025-11-05 10:02:07.967 +01:00 [INF] Route matched with {action = "Register", controller = "Auth"}. Executing controller action with signature System.Threading.Tasks.Task`1[Microsoft.AspNetCore.Mvc.IActionResult] Register(api.DTOs.RegisterDto) on controller api.Controllers.AuthController (api).
2025-11-05 10:02:07.970 +01:00 [WRN] [AuthAPIController] user registration failed for eksempel123
2025-11-05 10:02:07.970 +01:00 [INF] Executing BadRequestObjectResult, writing value of type 'System.Collections.Generic.List`1[[Microsoft.AspNetCore.Identity.IdentityError, Microsoft.Extensions.Identity.Core, Version=8.0.0.0, Culture=neutral, PublicKeyToken=adb9793829ddae60]]'.
2025-11-05 10:02:07.971 +01:00 [INF] Executed action api.Controllers.AuthController.Register (api) in 4.0885ms
2025-11-05 10:02:07.971 +01:00 [INF] Executed endpoint 'api.Controllers.AuthController.Register (api)'
2025-11-05 10:02:07.971 +01:00 [INF] Request finished HTTP/1.1 POST http://localhost:5082/api/Auth/register - 400 323 application/json; charset=utf-8 5.2211ms
2025-11-05 10:02:23.448 +01:00 [INF] Application is shutting down...
