2025-11-05 09:51:30.621 +01:00 [INF] User profile is available. Using 'C:\Users\Admin\AppData\Local\ASP.NET\DataProtection-Keys' as key repository and Windows DPAPI to encrypt keys at rest.
2025-11-05 09:51:30.773 +01:00 [INF] Now listening on: http://localhost:5082
2025-11-05 09:51:30.778 +01:00 [INF] Application started. Press Ctrl+C to shut down.
2025-11-05 09:51:30.779 +01:00 [INF] Hosting environment: Development
2025-11-05 09:51:30.779 +01:00 [INF] Content root path: C:\Users\Admin\OneDrive - OsloMet\FinalExamITPE3200\EXAMFAM\api
2025-11-05 09:52:07.101 +01:00 [INF] Request starting HTTP/1.1 OPTIONS http://localhost:5082/api/Auth/register - null null
2025-11-05 09:52:07.162 +01:00 [INF] CORS policy execution successful.
2025-11-05 09:52:07.173 +01:00 [INF] Request finished HTTP/1.1 OPTIONS http://localhost:5082/api/Auth/register - 204 null null 74.3423ms
2025-11-05 09:52:07.179 +01:00 [INF] Request starting HTTP/1.1 POST http://localhost:5082/api/Auth/register - application/json 80
2025-11-05 09:52:07.185 +01:00 [INF] CORS policy execution successful.
2025-11-05 09:52:07.269 +01:00 [INF] Executing endpoint 'api.Controllers.AuthController.Register (api)'
2025-11-05 09:52:07.317 +01:00 [INF] Route matched with {action = "Register", controller = "Auth"}. Executing controller action with signature System.Threading.Tasks.Task`1[Microsoft.AspNetCore.Mvc.IActionResult] Register(api.DTOs.RegisterDto) on controller api.Controllers.AuthController (api).
2025-11-05 09:52:07.646 +01:00 [WRN] [AuthAPIController] user registration failed for eksempel123
2025-11-05 09:52:07.657 +01:00 [INF] Executing BadRequestObjectResult, writing value of type 'System.Collections.Generic.List`1[[Microsoft.AspNetCore.Identity.IdentityError, Microsoft.Extensions.Identity.Core, Version=8.0.0.0, Culture=neutral, PublicKeyToken=adb9793829ddae60]]'.
2025-11-05 09:52:07.710 +01:00 [INF] Executed action api.Controllers.AuthController.Register (api) in 387.2168ms
2025-11-05 09:52:07.711 +01:00 [INF] Executed endpoint 'api.Controllers.AuthController.Register (api)'
2025-11-05 09:52:07.714 +01:00 [INF] Request finished HTTP/1.1 POST http://localhost:5082/api/Auth/register - 400 224 application/json; charset=utf-8 534.6938ms
2025-11-05 09:53:10.200 +01:00 [INF] Request starting HTTP/1.1 GET http://localhost:5082/api/quizapi/quizlist - null null
2025-11-05 09:53:10.221 +01:00 [INF] CORS policy execution successful.
2025-11-05 09:53:10.226 +01:00 [INF] Executing endpoint 'api.Controllers.QuizAPIController.QuizList (api)'
2025-11-05 09:53:10.234 +01:00 [INF] Route matched with {action = "QuizList", controller = "QuizAPI"}. Executing controller action with signature System.Threading.Tasks.Task`1[Microsoft.AspNetCore.Mvc.IActionResult] QuizList() on controller api.Controllers.QuizAPIController (api).
2025-11-05 09:53:11.330 +01:00 [WRN] Compiling a query which loads related collections for more than one collection navigation, either via 'Include' or through projection, but no 'QuerySplittingBehavior' has been configured. By default, Entity Framework will use 'QuerySplittingBehavior.SingleQuery', which can potentially result in slow query performance. See https://go.microsoft.com/fwlink/?linkid=2134277 for more information. To identify the query that's triggering this warning call 'ConfigureWarnings(w => w.Throw(RelationalEventId.MultipleCollectionIncludeWarning))'.
2025-11-05 09:53:11.560 +01:00 [INF] Executing OkObjectResult, writing value of type 'System.Linq.Enumerable+SelectListIterator`2[[api.Models.Quiz, api, Version=1.0.0.0, Culture=neutral, PublicKeyToken=null],[api.DTOs.QuizDto, api, Version=1.0.0.0, Culture=neutral, PublicKeyToken=null]]'.
2025-11-05 09:53:11.566 +01:00 [INF] Executed action api.Controllers.QuizAPIController.QuizList (api) in 1331.7213ms
2025-11-05 09:53:11.566 +01:00 [INF] Executed endpoint 'api.Controllers.QuizAPIController.QuizList (api)'
2025-11-05 09:53:11.573 +01:00 [INF] Request finished HTTP/1.1 GET http://localhost:5082/api/quizapi/quizlist - 200 284 application/json; charset=utf-8 1372.3135ms
2025-11-05 09:53:11.573 +01:00 [INF] Request starting HTTP/1.1 GET http://localhost:5082/api/quizapi/quizlist - null null
2025-11-05 09:53:11.575 +01:00 [INF] CORS policy execution successful.
2025-11-05 09:53:11.578 +01:00 [INF] Executing endpoint 'api.Controllers.QuizAPIController.QuizList (api)'
2025-11-05 09:53:11.578 +01:00 [INF] Route matched with {action = "QuizList", controller = "QuizAPI"}. Executing controller action with signature System.Threading.Tasks.Task`1[Microsoft.AspNetCore.Mvc.IActionResult] QuizList() on controller api.Controllers.QuizAPIController (api).
2025-11-05 09:53:11.604 +01:00 [INF] Executing OkObjectResult, writing value of type 'System.Linq.Enumerable+SelectListIterator`2[[api.Models.Quiz, api, Version=1.0.0.0, Culture=neutral, PublicKeyToken=null],[api.DTOs.QuizDto, api, Version=1.0.0.0, Culture=neutral, PublicKeyToken=null]]'.
2025-11-05 09:53:11.604 +01:00 [INF] Executed action api.Controllers.QuizAPIController.QuizList (api) in 26.4051ms
2025-11-05 09:53:11.605 +01:00 [INF] Executed endpoint 'api.Controllers.QuizAPIController.QuizList (api)'
2025-11-05 09:53:11.605 +01:00 [INF] Request finished HTTP/1.1 GET http://localhost:5082/api/quizapi/quizlist - 200 284 application/json; charset=utf-8 31.9634ms
2025-11-05 09:53:34.339 +01:00 [INF] Request starting HTTP/1.1 OPTIONS http://localhost:5082/api/Auth/register - null null
2025-11-05 09:53:34.340 +01:00 [INF] CORS policy execution successful.
2025-11-05 09:53:34.341 +01:00 [INF] Request finished HTTP/1.1 OPTIONS http://localhost:5082/api/Auth/register - 204 null null 1.5854ms
2025-11-05 09:53:34.343 +01:00 [INF] Request starting HTTP/1.1 POST http://localhost:5082/api/Auth/register - application/json 77
2025-11-05 09:53:34.343 +01:00 [INF] CORS policy execution successful.
2025-11-05 09:53:34.344 +01:00 [INF] Executing endpoint 'api.Controllers.AuthController.Register (api)'
2025-11-05 09:53:34.344 +01:00 [INF] Route matched with {action = "Register", controller = "Auth"}. Executing controller action with signature System.Threading.Tasks.Task`1[Microsoft.AspNetCore.Mvc.IActionResult] Register(api.DTOs.RegisterDto) on controller api.Controllers.AuthController (api).
2025-11-05 09:53:34.352 +01:00 [WRN] [AuthAPIController] user registration failed for eksempel123
2025-11-05 09:53:34.353 +01:00 [INF] Executing BadRequestObjectResult, writing value of type 'System.Collections.Generic.List`1[[Microsoft.AspNetCore.Identity.IdentityError, Microsoft.Extensions.Identity.Core, Version=8.0.0.0, Culture=neutral, PublicKeyToken=adb9793829ddae60]]'.
2025-11-05 09:53:34.354 +01:00 [INF] Executed action api.Controllers.AuthController.Register (api) in 10.0437ms
2025-11-05 09:53:34.354 +01:00 [INF] Executed endpoint 'api.Controllers.AuthController.Register (api)'
2025-11-05 09:53:34.355 +01:00 [INF] Request finished HTTP/1.1 POST http://localhost:5082/api/Auth/register - 400 323 application/json; charset=utf-8 11.903ms
2025-11-05 09:53:42.709 +01:00 [INF] Request starting HTTP/1.1 OPTIONS http://localhost:5082/api/Auth/register - null null
2025-11-05 09:53:42.710 +01:00 [INF] CORS policy execution successful.
2025-11-05 09:53:42.710 +01:00 [INF] Request finished HTTP/1.1 OPTIONS http://localhost:5082/api/Auth/register - 204 null null 1.2328ms
2025-11-05 09:53:42.712 +01:00 [INF] Request starting HTTP/1.1 POST http://localhost:5082/api/Auth/register - application/json 77
2025-11-05 09:53:42.712 +01:00 [INF] CORS policy execution successful.
2025-11-05 09:53:42.712 +01:00 [INF] Executing endpoint 'api.Controllers.AuthController.Register (api)'
2025-11-05 09:53:42.712 +01:00 [INF] Route matched with {action = "Register", controller = "Auth"}. Executing controller action with signature System.Threading.Tasks.Task`1[Microsoft.AspNetCore.Mvc.IActionResult] Register(api.DTOs.RegisterDto) on controller api.Controllers.AuthController (api).
2025-11-05 09:53:42.734 +01:00 [WRN] [AuthAPIController] user registration failed for eksempel123
2025-11-05 09:53:42.734 +01:00 [INF] Executing BadRequestObjectResult, writing value of type 'System.Collections.Generic.List`1[[Microsoft.AspNetCore.Identity.IdentityError, Microsoft.Extensions.Identity.Core, Version=8.0.0.0, Culture=neutral, PublicKeyToken=adb9793829ddae60]]'.
2025-11-05 09:53:42.735 +01:00 [INF] Executed action api.Controllers.AuthController.Register (api) in 22.4122ms
2025-11-05 09:53:42.735 +01:00 [INF] Executed endpoint 'api.Controllers.AuthController.Register (api)'
2025-11-05 09:53:42.735 +01:00 [INF] Request finished HTTP/1.1 POST http://localhost:5082/api/Auth/register - 400 323 application/json; charset=utf-8 23.3679ms
2025-11-05 09:53:47.518 +01:00 [INF] Application is shutting down...
