2025-10-29 16:19:32.046 +01:00 [INF] Now listening on: http://localhost:5082
2025-10-29 16:19:32.086 +01:00 [INF] Application started. Press Ctrl+C to shut down.
2025-10-29 16:19:32.090 +01:00 [INF] Hosting environment: Development
2025-10-29 16:19:32.091 +01:00 [INF] Content root path: C:\Users\Muniira\OneDrive - OsloMet\Skrivebord\EksamenFAM\EXAMFAM\api
2025-10-29 16:21:45.939 +01:00 [INF] Request starting HTTP/1.1 GET http://localhost:5082/api/quizapi/quizlist - null null
2025-10-29 16:21:46.043 +01:00 [INF] CORS policy execution successful.
2025-10-29 16:21:46.050 +01:00 [INF] Executing endpoint 'api.Controllers.QuizAPIController.QuizList (api)'
2025-10-29 16:21:46.100 +01:00 [INF] Route matched with {action = "QuizList", controller = "QuizAPI"}. Executing controller action with signature System.Threading.Tasks.Task`1[Microsoft.AspNetCore.Mvc.IActionResult] QuizList() on controller api.Controllers.QuizAPIController (api).
2025-10-29 16:21:47.600 +01:00 [WRN] Compiling a query which loads related collections for more than one collection navigation, either via 'Include' or through projection, but no 'QuerySplittingBehavior' has been configured. By default, Entity Framework will use 'QuerySplittingBehavior.SingleQuery', which can potentially result in slow query performance. See https://go.microsoft.com/fwlink/?linkid=2134277 for more information. To identify the query that's triggering this warning call 'ConfigureWarnings(w => w.Throw(RelationalEventId.MultipleCollectionIncludeWarning))'.
2025-10-29 16:21:47.876 +01:00 [INF] Executing OkObjectResult, writing value of type 'System.Linq.Enumerable+SelectListIterator`2[[api.Models.Quiz, api, Version=1.0.0.0, Culture=neutral, PublicKeyToken=null],[api.DTOs.QuizDto, api, Version=1.0.0.0, Culture=neutral, PublicKeyToken=null]]'.
2025-10-29 16:21:48.040 +01:00 [INF] Executed action api.Controllers.QuizAPIController.QuizList (api) in 1930.9523ms
2025-10-29 16:21:48.042 +01:00 [INF] Executed endpoint 'api.Controllers.QuizAPIController.QuizList (api)'
2025-10-29 16:21:48.046 +01:00 [INF] Request starting HTTP/1.1 GET http://localhost:5082/api/quizapi/quizlist - null null
2025-10-29 16:21:48.054 +01:00 [INF] CORS policy execution successful.
2025-10-29 16:21:48.055 +01:00 [INF] Executing endpoint 'api.Controllers.QuizAPIController.QuizList (api)'
2025-10-29 16:21:48.056 +01:00 [INF] Route matched with {action = "QuizList", controller = "QuizAPI"}. Executing controller action with signature System.Threading.Tasks.Task`1[Microsoft.AspNetCore.Mvc.IActionResult] QuizList() on controller api.Controllers.QuizAPIController (api).
2025-10-29 16:21:48.057 +01:00 [INF] Request finished HTTP/1.1 GET http://localhost:5082/api/quizapi/quizlist - 200 208 application/json; charset=utf-8 2125.2348ms
2025-10-29 16:21:48.104 +01:00 [INF] Executing OkObjectResult, writing value of type 'System.Linq.Enumerable+SelectListIterator`2[[api.Models.Quiz, api, Version=1.0.0.0, Culture=neutral, PublicKeyToken=null],[api.DTOs.QuizDto, api, Version=1.0.0.0, Culture=neutral, PublicKeyToken=null]]'.
2025-10-29 16:21:48.105 +01:00 [INF] Executed action api.Controllers.QuizAPIController.QuizList (api) in 48.8957ms
2025-10-29 16:21:48.105 +01:00 [INF] Executed endpoint 'api.Controllers.QuizAPIController.QuizList (api)'
2025-10-29 16:21:48.106 +01:00 [INF] Request finished HTTP/1.1 GET http://localhost:5082/api/quizapi/quizlist - 200 208 application/json; charset=utf-8 60.239ms
2025-10-29 16:39:17.290 +01:00 [INF] Application is shutting down...
