2025-11-14 11:11:31.570 +01:00 [INF] User profile is available. Using 'C:\Users\Muniira\AppData\Local\ASP.NET\DataProtection-Keys' as key repository and Windows DPAPI to encrypt keys at rest.
2025-11-14 11:11:31.712 +01:00 [INF] Now listening on: http://localhost:5082
2025-11-14 11:11:31.721 +01:00 [INF] Application started. Press Ctrl+C to shut down.
2025-11-14 11:11:31.722 +01:00 [INF] Hosting environment: Development
2025-11-14 11:11:31.722 +01:00 [INF] Content root path: C:\Users\Muniira\OneDrive - OsloMet\Skrivebord\EksamenFAM\EXAMFAM\api
2025-11-14 11:13:25.880 +01:00 [INF] Request starting HTTP/1.1 OPTIONS http://localhost:5082/api/Auth/register - null null
2025-11-14 11:13:25.945 +01:00 [INF] CORS policy execution successful.
2025-11-14 11:13:25.970 +01:00 [INF] Request finished HTTP/1.1 OPTIONS http://localhost:5082/api/Auth/register - 204 null null 93.9115ms
2025-11-14 11:13:25.974 +01:00 [INF] Request starting HTTP/1.1 POST http://localhost:5082/api/Auth/register - application/json 93
2025-11-14 11:13:25.978 +01:00 [INF] CORS policy execution successful.
2025-11-14 11:13:26.093 +01:00 [INF] Executing endpoint 'api.Controllers.AuthController.Register (api)'
2025-11-14 11:13:26.125 +01:00 [INF] Route matched with {action = "Register", controller = "Auth"}. Executing controller action with signature System.Threading.Tasks.Task`1[Microsoft.AspNetCore.Mvc.IActionResult] Register(api.DTOs.RegisterDto) on controller api.Controllers.AuthController (api).
2025-11-14 11:13:26.823 +01:00 [INF] [AuthController] user Teacher321 registered with role Teacher
2025-11-14 11:13:26.830 +01:00 [INF] Executing OkObjectResult, writing value of type '<>f__AnonymousType0`1[[System.String, System.Private.CoreLib, Version=8.0.0.0, Culture=neutral, PublicKeyToken=7cec85d7bea7798e]]'.
2025-11-14 11:13:26.870 +01:00 [INF] Executed action api.Controllers.AuthController.Register (api) in 739.6742ms
2025-11-14 11:13:26.870 +01:00 [INF] Executed endpoint 'api.Controllers.AuthController.Register (api)'
2025-11-14 11:13:26.876 +01:00 [INF] Request finished HTTP/1.1 POST http://localhost:5082/api/Auth/register - 200 53 application/json; charset=utf-8 902.2321ms
2025-11-14 11:13:32.828 +01:00 [INF] Request starting HTTP/1.1 OPTIONS http://localhost:5082/api/Auth/login - null null
2025-11-14 11:13:32.830 +01:00 [INF] CORS policy execution successful.
2025-11-14 11:13:32.830 +01:00 [INF] Request finished HTTP/1.1 OPTIONS http://localhost:5082/api/Auth/login - 204 null null 1.8937ms
2025-11-14 11:13:32.833 +01:00 [INF] Request starting HTTP/1.1 POST http://localhost:5082/api/Auth/login - application/json 50
2025-11-14 11:13:32.833 +01:00 [INF] CORS policy execution successful.
2025-11-14 11:13:32.835 +01:00 [INF] Executing endpoint 'api.Controllers.AuthController.Login (api)'
2025-11-14 11:13:32.843 +01:00 [INF] Route matched with {action = "Login", controller = "Auth"}. Executing controller action with signature System.Threading.Tasks.Task`1[Microsoft.AspNetCore.Mvc.IActionResult] Login(api.DTOs.LoginDto) on controller api.Controllers.AuthController (api).
2025-11-14 11:13:33.064 +01:00 [INF] [AuthController] JWT token created for Teacher321 with roles Teacher
2025-11-14 11:13:33.103 +01:00 [INF] [AuthController] user authorised for Teacher321
2025-11-14 11:13:33.105 +01:00 [INF] Executing OkObjectResult, writing value of type '<>f__AnonymousType1`1[[System.String, System.Private.CoreLib, Version=8.0.0.0, Culture=neutral, PublicKeyToken=7cec85d7bea7798e]]'.
2025-11-14 11:13:33.107 +01:00 [INF] Executed action api.Controllers.AuthController.Login (api) in 263.6758ms
2025-11-14 11:13:33.107 +01:00 [INF] Executed endpoint 'api.Controllers.AuthController.Login (api)'
2025-11-14 11:13:33.107 +01:00 [INF] Request finished HTTP/1.1 POST http://localhost:5082/api/Auth/login - 200 683 application/json; charset=utf-8 274.7974ms
2025-11-14 11:13:56.458 +01:00 [INF] Request starting HTTP/1.1 GET http://localhost:5082/api/quizapi/quizlist - null null
2025-11-14 11:13:56.468 +01:00 [INF] CORS policy execution successful.
2025-11-14 11:13:56.472 +01:00 [INF] Executing endpoint 'api.Controllers.QuizAPIController.QuizList (api)'
2025-11-14 11:13:56.477 +01:00 [INF] Route matched with {action = "QuizList", controller = "QuizAPI"}. Executing controller action with signature System.Threading.Tasks.Task`1[Microsoft.AspNetCore.Mvc.IActionResult] QuizList() on controller api.Controllers.QuizAPIController (api).
2025-11-14 11:13:56.621 +01:00 [WRN] Compiling a query which loads related collections for more than one collection navigation, either via 'Include' or through projection, but no 'QuerySplittingBehavior' has been configured. By default, Entity Framework will use 'QuerySplittingBehavior.SingleQuery', which can potentially result in slow query performance. See https://go.microsoft.com/fwlink/?linkid=2134277 for more information. To identify the query that's triggering this warning call 'ConfigureWarnings(w => w.Throw(RelationalEventId.MultipleCollectionIncludeWarning))'.
2025-11-14 11:13:56.674 +01:00 [INF] Executing OkObjectResult, writing value of type 'System.Linq.Enumerable+SelectListIterator`2[[api.Models.Quiz, api, Version=1.0.0.0, Culture=neutral, PublicKeyToken=null],[api.DTOs.QuizDto, api, Version=1.0.0.0, Culture=neutral, PublicKeyToken=null]]'.
2025-11-14 11:13:56.688 +01:00 [INF] Executed action api.Controllers.QuizAPIController.QuizList (api) in 210.1469ms
2025-11-14 11:13:56.688 +01:00 [INF] Executed endpoint 'api.Controllers.QuizAPIController.QuizList (api)'
2025-11-14 11:13:56.689 +01:00 [INF] Request finished HTTP/1.1 GET http://localhost:5082/api/quizapi/quizlist - 200 377 application/json; charset=utf-8 230.7243ms
2025-11-14 11:13:56.692 +01:00 [INF] Request starting HTTP/1.1 GET http://localhost:5082/api/quizapi/quizlist - null null
2025-11-14 11:13:56.695 +01:00 [INF] CORS policy execution successful.
2025-11-14 11:13:56.696 +01:00 [INF] Executing endpoint 'api.Controllers.QuizAPIController.QuizList (api)'
2025-11-14 11:13:56.696 +01:00 [INF] Route matched with {action = "QuizList", controller = "QuizAPI"}. Executing controller action with signature System.Threading.Tasks.Task`1[Microsoft.AspNetCore.Mvc.IActionResult] QuizList() on controller api.Controllers.QuizAPIController (api).
2025-11-14 11:13:56.708 +01:00 [INF] Executing OkObjectResult, writing value of type 'System.Linq.Enumerable+SelectListIterator`2[[api.Models.Quiz, api, Version=1.0.0.0, Culture=neutral, PublicKeyToken=null],[api.DTOs.QuizDto, api, Version=1.0.0.0, Culture=neutral, PublicKeyToken=null]]'.
2025-11-14 11:13:56.709 +01:00 [INF] Executed action api.Controllers.QuizAPIController.QuizList (api) in 12.865ms
2025-11-14 11:13:56.709 +01:00 [INF] Executed endpoint 'api.Controllers.QuizAPIController.QuizList (api)'
2025-11-14 11:13:56.710 +01:00 [INF] Request finished HTTP/1.1 GET http://localhost:5082/api/quizapi/quizlist - 200 377 application/json; charset=utf-8 17.8234ms
2025-11-14 11:14:01.936 +01:00 [INF] Request starting HTTP/1.1 GET http://localhost:5082/api/quizapi/11 - null null
2025-11-14 11:14:01.938 +01:00 [INF] CORS policy execution successful.
2025-11-14 11:14:01.938 +01:00 [INF] Executing endpoint 'api.Controllers.QuizAPIController.GetQuiz (api)'
2025-11-14 11:14:01.948 +01:00 [INF] Route matched with {action = "GetQuiz", controller = "QuizAPI"}. Executing controller action with signature System.Threading.Tasks.Task`1[Microsoft.AspNetCore.Mvc.IActionResult] GetQuiz(Int32) on controller api.Controllers.QuizAPIController (api).
2025-11-14 11:14:01.984 +01:00 [WRN] Compiling a query which loads related collections for more than one collection navigation, either via 'Include' or through projection, but no 'QuerySplittingBehavior' has been configured. By default, Entity Framework will use 'QuerySplittingBehavior.SingleQuery', which can potentially result in slow query performance. See https://go.microsoft.com/fwlink/?linkid=2134277 for more information. To identify the query that's triggering this warning call 'ConfigureWarnings(w => w.Throw(RelationalEventId.MultipleCollectionIncludeWarning))'.
2025-11-14 11:14:01.992 +01:00 [INF] Executing OkObjectResult, writing value of type 'api.Models.Quiz'.
2025-11-14 11:14:02.003 +01:00 [INF] Executed action api.Controllers.QuizAPIController.GetQuiz (api) in 54.9562ms
2025-11-14 11:14:02.003 +01:00 [INF] Executed endpoint 'api.Controllers.QuizAPIController.GetQuiz (api)'
2025-11-14 11:14:02.004 +01:00 [INF] Request finished HTTP/1.1 GET http://localhost:5082/api/quizapi/11 - 200 1712 application/json; charset=utf-8 67.32ms
2025-11-14 11:14:02.005 +01:00 [INF] Request starting HTTP/1.1 GET http://localhost:5082/api/quizapi/11 - null null
2025-11-14 11:14:02.006 +01:00 [INF] CORS policy execution successful.
2025-11-14 11:14:02.006 +01:00 [INF] Executing endpoint 'api.Controllers.QuizAPIController.GetQuiz (api)'
2025-11-14 11:14:02.006 +01:00 [INF] Route matched with {action = "GetQuiz", controller = "QuizAPI"}. Executing controller action with signature System.Threading.Tasks.Task`1[Microsoft.AspNetCore.Mvc.IActionResult] GetQuiz(Int32) on controller api.Controllers.QuizAPIController (api).
2025-11-14 11:14:02.012 +01:00 [INF] Executing OkObjectResult, writing value of type 'api.Models.Quiz'.
2025-11-14 11:14:02.012 +01:00 [INF] Executed action api.Controllers.QuizAPIController.GetQuiz (api) in 5.6892ms
2025-11-14 11:14:02.012 +01:00 [INF] Executed endpoint 'api.Controllers.QuizAPIController.GetQuiz (api)'
2025-11-14 11:14:02.013 +01:00 [INF] Request finished HTTP/1.1 GET http://localhost:5082/api/quizapi/11 - 200 1712 application/json; charset=utf-8 7.2251ms
2025-11-14 11:14:02.028 +01:00 [INF] Request starting HTTP/1.1 GET http://localhost:5082/images/Spain.png - null null
2025-11-14 11:14:02.028 +01:00 [INF] Request starting HTTP/1.1 GET http://localhost:5082/images/Island.png - null null
2025-11-14 11:14:02.030 +01:00 [INF] Request starting HTTP/1.1 GET http://localhost:5082/images/Brasil.png - null null
2025-11-14 11:14:02.031 +01:00 [INF] Request starting HTTP/1.1 GET http://localhost:5082/images/China.png - null null
2025-11-14 11:14:02.033 +01:00 [INF] Request starting HTTP/1.1 GET http://localhost:5082/images/SouthAfrica.png - null null
2025-11-14 11:14:02.081 +01:00 [INF] Sending file. Request path: '/images/SouthAfrica.png'. Physical path: 'C:\Users\Muniira\OneDrive - OsloMet\Skrivebord\EksamenFAM\EXAMFAM\api\wwwroot\images\SouthAfrica.png'
2025-11-14 11:14:02.081 +01:00 [INF] Sending file. Request path: '/images/Island.png'. Physical path: 'C:\Users\Muniira\OneDrive - OsloMet\Skrivebord\EksamenFAM\EXAMFAM\api\wwwroot\images\Island.png'
2025-11-14 11:14:02.082 +01:00 [INF] Request finished HTTP/1.1 GET http://localhost:5082/images/SouthAfrica.png - 200 4538 image/png 48.8943ms
2025-11-14 11:14:02.082 +01:00 [INF] Request finished HTTP/1.1 GET http://localhost:5082/images/Island.png - 200 3722 image/png 53.2944ms
2025-11-14 11:14:02.089 +01:00 [INF] Sending file. Request path: '/images/Brasil.png'. Physical path: 'C:\Users\Muniira\OneDrive - OsloMet\Skrivebord\EksamenFAM\EXAMFAM\api\wwwroot\images\Brasil.png'
2025-11-14 11:14:02.089 +01:00 [INF] Sending file. Request path: '/images/Spain.png'. Physical path: 'C:\Users\Muniira\OneDrive - OsloMet\Skrivebord\EksamenFAM\EXAMFAM\api\wwwroot\images\Spain.png'
2025-11-14 11:14:02.089 +01:00 [INF] Sending file. Request path: '/images/China.png'. Physical path: 'C:\Users\Muniira\OneDrive - OsloMet\Skrivebord\EksamenFAM\EXAMFAM\api\wwwroot\images\China.png'
2025-11-14 11:14:02.091 +01:00 [INF] Request finished HTTP/1.1 GET http://localhost:5082/images/Brasil.png - 200 87889 image/png 61.102ms
2025-11-14 11:14:02.092 +01:00 [INF] Request finished HTTP/1.1 GET http://localhost:5082/images/Spain.png - 200 88750 image/png 63.5432ms
2025-11-14 11:14:02.091 +01:00 [INF] Request finished HTTP/1.1 GET http://localhost:5082/images/China.png - 200 25528 image/png 60.2183ms
2025-11-14 11:14:15.997 +01:00 [INF] Request starting HTTP/1.1 GET http://localhost:5082/api/quizapi/quizlist - null null
2025-11-14 11:14:15.997 +01:00 [INF] CORS policy execution successful.
2025-11-14 11:14:15.997 +01:00 [INF] Executing endpoint 'api.Controllers.QuizAPIController.QuizList (api)'
2025-11-14 11:14:15.998 +01:00 [INF] Route matched with {action = "QuizList", controller = "QuizAPI"}. Executing controller action with signature System.Threading.Tasks.Task`1[Microsoft.AspNetCore.Mvc.IActionResult] QuizList() on controller api.Controllers.QuizAPIController (api).
2025-11-14 11:14:16.004 +01:00 [INF] Executing OkObjectResult, writing value of type 'System.Linq.Enumerable+SelectListIterator`2[[api.Models.Quiz, api, Version=1.0.0.0, Culture=neutral, PublicKeyToken=null],[api.DTOs.QuizDto, api, Version=1.0.0.0, Culture=neutral, PublicKeyToken=null]]'.
2025-11-14 11:14:16.005 +01:00 [INF] Executed action api.Controllers.QuizAPIController.QuizList (api) in 7.0098ms
2025-11-14 11:14:16.005 +01:00 [INF] Executed endpoint 'api.Controllers.QuizAPIController.QuizList (api)'
2025-11-14 11:14:16.005 +01:00 [INF] Request finished HTTP/1.1 GET http://localhost:5082/api/quizapi/quizlist - 200 377 application/json; charset=utf-8 8.2072ms
2025-11-14 11:14:16.007 +01:00 [INF] Request starting HTTP/1.1 GET http://localhost:5082/api/quizapi/quizlist - null null
2025-11-14 11:14:16.007 +01:00 [INF] CORS policy execution successful.
2025-11-14 11:14:16.008 +01:00 [INF] Executing endpoint 'api.Controllers.QuizAPIController.QuizList (api)'
2025-11-14 11:14:16.008 +01:00 [INF] Route matched with {action = "QuizList", controller = "QuizAPI"}. Executing controller action with signature System.Threading.Tasks.Task`1[Microsoft.AspNetCore.Mvc.IActionResult] QuizList() on controller api.Controllers.QuizAPIController (api).
2025-11-14 11:14:16.013 +01:00 [INF] Executing OkObjectResult, writing value of type 'System.Linq.Enumerable+SelectListIterator`2[[api.Models.Quiz, api, Version=1.0.0.0, Culture=neutral, PublicKeyToken=null],[api.DTOs.QuizDto, api, Version=1.0.0.0, Culture=neutral, PublicKeyToken=null]]'.
2025-11-14 11:14:16.014 +01:00 [INF] Executed action api.Controllers.QuizAPIController.QuizList (api) in 5.2133ms
2025-11-14 11:14:16.014 +01:00 [INF] Executed endpoint 'api.Controllers.QuizAPIController.QuizList (api)'
2025-11-14 11:14:16.014 +01:00 [INF] Request finished HTTP/1.1 GET http://localhost:5082/api/quizapi/quizlist - 200 377 application/json; charset=utf-8 7.2439ms
2025-11-14 11:14:24.319 +01:00 [INF] Request starting HTTP/1.1 OPTIONS http://localhost:5082/api/takequizapi/takequizlist - null null
2025-11-14 11:14:24.320 +01:00 [INF] CORS policy execution successful.
2025-11-14 11:14:24.320 +01:00 [INF] Request finished HTTP/1.1 OPTIONS http://localhost:5082/api/takequizapi/takequizlist - 204 null null 1.3849ms
2025-11-14 11:14:24.323 +01:00 [INF] Request starting HTTP/1.1 OPTIONS http://localhost:5082/api/takequizapi/takequizlist - null null
2025-11-14 11:14:24.326 +01:00 [INF] CORS policy execution successful.
2025-11-14 11:14:24.326 +01:00 [INF] Request finished HTTP/1.1 OPTIONS http://localhost:5082/api/takequizapi/takequizlist - 204 null null 3.5097ms
2025-11-14 11:14:24.335 +01:00 [INF] Request starting HTTP/1.1 GET http://localhost:5082/api/takequizapi/takequizlist - application/json null
2025-11-14 11:14:24.335 +01:00 [INF] CORS policy execution successful.
2025-11-14 11:14:24.449 +01:00 [INF] Executing endpoint 'api.Controllers.TakeQuizApiController.GetAllQuizzes (api)'
2025-11-14 11:14:24.455 +01:00 [INF] Route matched with {action = "GetAllQuizzes", controller = "TakeQuizApi"}. Executing controller action with signature System.Threading.Tasks.Task`1[Microsoft.AspNetCore.Mvc.IActionResult] GetAllQuizzes() on controller api.Controllers.TakeQuizApiController (api).
2025-11-14 11:14:24.462 +01:00 [INF] Executing OkObjectResult, writing value of type 'System.Collections.Generic.List`1[[api.DTOs.QuizDto, api, Version=1.0.0.0, Culture=neutral, PublicKeyToken=null]]'.
2025-11-14 11:14:24.463 +01:00 [INF] Executed action api.Controllers.TakeQuizApiController.GetAllQuizzes (api) in 7.8533ms
2025-11-14 11:14:24.463 +01:00 [INF] Executed endpoint 'api.Controllers.TakeQuizApiController.GetAllQuizzes (api)'
2025-11-14 11:14:24.463 +01:00 [INF] Request finished HTTP/1.1 GET http://localhost:5082/api/takequizapi/takequizlist - 200 377 application/json; charset=utf-8 128.4866ms
2025-11-14 11:14:24.464 +01:00 [INF] Request starting HTTP/1.1 GET http://localhost:5082/api/takequizapi/takequizlist - application/json null
2025-11-14 11:14:24.465 +01:00 [INF] CORS policy execution successful.
2025-11-14 11:14:24.467 +01:00 [INF] Executing endpoint 'api.Controllers.TakeQuizApiController.GetAllQuizzes (api)'
2025-11-14 11:14:24.468 +01:00 [INF] Route matched with {action = "GetAllQuizzes", controller = "TakeQuizApi"}. Executing controller action with signature System.Threading.Tasks.Task`1[Microsoft.AspNetCore.Mvc.IActionResult] GetAllQuizzes() on controller api.Controllers.TakeQuizApiController (api).
2025-11-14 11:14:24.472 +01:00 [INF] Executing OkObjectResult, writing value of type 'System.Collections.Generic.List`1[[api.DTOs.QuizDto, api, Version=1.0.0.0, Culture=neutral, PublicKeyToken=null]]'.
2025-11-14 11:14:24.472 +01:00 [INF] Executed action api.Controllers.TakeQuizApiController.GetAllQuizzes (api) in 4.6695ms
2025-11-14 11:14:24.473 +01:00 [INF] Executed endpoint 'api.Controllers.TakeQuizApiController.GetAllQuizzes (api)'
2025-11-14 11:14:24.473 +01:00 [INF] Request finished HTTP/1.1 GET http://localhost:5082/api/takequizapi/takequizlist - 200 377 application/json; charset=utf-8 8.377ms
2025-11-14 11:14:39.897 +01:00 [INF] Request starting HTTP/1.1 OPTIONS http://localhost:5082/api/takequizapi/attempts/11 - null null
2025-11-14 11:14:39.897 +01:00 [INF] CORS policy execution successful.
2025-11-14 11:14:39.898 +01:00 [INF] Request finished HTTP/1.1 OPTIONS http://localhost:5082/api/takequizapi/attempts/11 - 204 null null 0.8386ms
2025-11-14 11:14:39.899 +01:00 [INF] Request starting HTTP/1.1 OPTIONS http://localhost:5082/api/takequizapi/attempts/11 - null null
2025-11-14 11:14:39.899 +01:00 [INF] CORS policy execution successful.
2025-11-14 11:14:39.901 +01:00 [INF] Request finished HTTP/1.1 OPTIONS http://localhost:5082/api/takequizapi/attempts/11 - 204 null null 2.3041ms
2025-11-14 11:14:39.904 +01:00 [INF] Request starting HTTP/1.1 GET http://localhost:5082/api/takequizapi/attempts/11 - application/json null
2025-11-14 11:14:39.905 +01:00 [INF] CORS policy execution successful.
2025-11-14 11:14:39.917 +01:00 [INF] Executing endpoint 'api.Controllers.TakeQuizApiController.GetAttempts (api)'
2025-11-14 11:14:39.923 +01:00 [INF] Route matched with {action = "GetAttempts", controller = "TakeQuizApi"}. Executing controller action with signature System.Threading.Tasks.Task`1[Microsoft.AspNetCore.Mvc.IActionResult] GetAttempts(Int32) on controller api.Controllers.TakeQuizApiController (api).
2025-11-14 11:14:39.955 +01:00 [WRN] Compiling a query which loads related collections for more than one collection navigation, either via 'Include' or through projection, but no 'QuerySplittingBehavior' has been configured. By default, Entity Framework will use 'QuerySplittingBehavior.SingleQuery', which can potentially result in slow query performance. See https://go.microsoft.com/fwlink/?linkid=2134277 for more information. To identify the query that's triggering this warning call 'ConfigureWarnings(w => w.Throw(RelationalEventId.MultipleCollectionIncludeWarning))'.
2025-11-14 11:14:39.981 +01:00 [INF] Executing OkObjectResult, writing value of type 'System.Collections.Generic.List`1[[api.DTOs.QuizResultDto, api, Version=1.0.0.0, Culture=neutral, PublicKeyToken=null]]'.
2025-11-14 11:14:39.985 +01:00 [INF] Executed action api.Controllers.TakeQuizApiController.GetAttempts (api) in 62.2587ms
2025-11-14 11:14:39.985 +01:00 [INF] Executed endpoint 'api.Controllers.TakeQuizApiController.GetAttempts (api)'
2025-11-14 11:14:39.985 +01:00 [INF] Request finished HTTP/1.1 GET http://localhost:5082/api/takequizapi/attempts/11 - 200 403 application/json; charset=utf-8 80.9397ms
2025-11-14 11:14:39.987 +01:00 [INF] Request starting HTTP/1.1 GET http://localhost:5082/api/takequizapi/attempts/11 - application/json null
2025-11-14 11:14:39.987 +01:00 [INF] CORS policy execution successful.
2025-11-14 11:14:39.990 +01:00 [INF] Executing endpoint 'api.Controllers.TakeQuizApiController.GetAttempts (api)'
2025-11-14 11:14:39.990 +01:00 [INF] Route matched with {action = "GetAttempts", controller = "TakeQuizApi"}. Executing controller action with signature System.Threading.Tasks.Task`1[Microsoft.AspNetCore.Mvc.IActionResult] GetAttempts(Int32) on controller api.Controllers.TakeQuizApiController (api).
2025-11-14 11:14:39.993 +01:00 [INF] Executing OkObjectResult, writing value of type 'System.Collections.Generic.List`1[[api.DTOs.QuizResultDto, api, Version=1.0.0.0, Culture=neutral, PublicKeyToken=null]]'.
2025-11-14 11:14:39.994 +01:00 [INF] Executed action api.Controllers.TakeQuizApiController.GetAttempts (api) in 3.6112ms
2025-11-14 11:14:39.994 +01:00 [INF] Executed endpoint 'api.Controllers.TakeQuizApiController.GetAttempts (api)'
2025-11-14 11:14:39.994 +01:00 [INF] Request finished HTTP/1.1 GET http://localhost:5082/api/takequizapi/attempts/11 - 200 403 application/json; charset=utf-8 7.3461ms
2025-11-14 11:14:44.753 +01:00 [INF] Request starting HTTP/1.1 OPTIONS http://localhost:5082/api/takequizapi/takequizlist - null null
2025-11-14 11:14:44.754 +01:00 [INF] CORS policy execution successful.
2025-11-14 11:14:44.754 +01:00 [INF] Request finished HTTP/1.1 OPTIONS http://localhost:5082/api/takequizapi/takequizlist - 204 null null 0.6959ms
2025-11-14 11:14:44.758 +01:00 [INF] Request starting HTTP/1.1 OPTIONS http://localhost:5082/api/takequizapi/takequizlist - null null
2025-11-14 11:14:44.760 +01:00 [INF] CORS policy execution successful.
2025-11-14 11:14:44.760 +01:00 [INF] Request finished HTTP/1.1 OPTIONS http://localhost:5082/api/takequizapi/takequizlist - 204 null null 2.137ms
2025-11-14 11:14:44.764 +01:00 [INF] Request starting HTTP/1.1 GET http://localhost:5082/api/takequizapi/takequizlist - application/json null
2025-11-14 11:14:44.765 +01:00 [INF] CORS policy execution successful.
2025-11-14 11:14:44.765 +01:00 [INF] Executing endpoint 'api.Controllers.TakeQuizApiController.GetAllQuizzes (api)'
2025-11-14 11:14:44.766 +01:00 [INF] Route matched with {action = "GetAllQuizzes", controller = "TakeQuizApi"}. Executing controller action with signature System.Threading.Tasks.Task`1[Microsoft.AspNetCore.Mvc.IActionResult] GetAllQuizzes() on controller api.Controllers.TakeQuizApiController (api).
2025-11-14 11:14:44.770 +01:00 [INF] Executing OkObjectResult, writing value of type 'System.Collections.Generic.List`1[[api.DTOs.QuizDto, api, Version=1.0.0.0, Culture=neutral, PublicKeyToken=null]]'.
2025-11-14 11:14:44.770 +01:00 [INF] Executed action api.Controllers.TakeQuizApiController.GetAllQuizzes (api) in 4.7107ms
2025-11-14 11:14:44.770 +01:00 [INF] Executed endpoint 'api.Controllers.TakeQuizApiController.GetAllQuizzes (api)'
2025-11-14 11:14:44.771 +01:00 [INF] Request finished HTTP/1.1 GET http://localhost:5082/api/takequizapi/takequizlist - 200 377 application/json; charset=utf-8 6.4361ms
2025-11-14 11:14:44.771 +01:00 [INF] Request starting HTTP/1.1 GET http://localhost:5082/api/takequizapi/takequizlist - application/json null
2025-11-14 11:14:44.772 +01:00 [INF] CORS policy execution successful.
2025-11-14 11:14:44.772 +01:00 [INF] Executing endpoint 'api.Controllers.TakeQuizApiController.GetAllQuizzes (api)'
2025-11-14 11:14:44.773 +01:00 [INF] Route matched with {action = "GetAllQuizzes", controller = "TakeQuizApi"}. Executing controller action with signature System.Threading.Tasks.Task`1[Microsoft.AspNetCore.Mvc.IActionResult] GetAllQuizzes() on controller api.Controllers.TakeQuizApiController (api).
2025-11-14 11:14:44.776 +01:00 [INF] Executing OkObjectResult, writing value of type 'System.Collections.Generic.List`1[[api.DTOs.QuizDto, api, Version=1.0.0.0, Culture=neutral, PublicKeyToken=null]]'.
2025-11-14 11:14:44.777 +01:00 [INF] Executed action api.Controllers.TakeQuizApiController.GetAllQuizzes (api) in 3.8572ms
2025-11-14 11:14:44.777 +01:00 [INF] Executed endpoint 'api.Controllers.TakeQuizApiController.GetAllQuizzes (api)'
2025-11-14 11:14:44.777 +01:00 [INF] Request finished HTTP/1.1 GET http://localhost:5082/api/takequizapi/takequizlist - 200 377 application/json; charset=utf-8 5.3575ms
2025-11-14 11:14:51.234 +01:00 [INF] Request starting HTTP/1.1 OPTIONS http://localhost:5082/api/Auth/login - null null
2025-11-14 11:14:51.234 +01:00 [INF] CORS policy execution successful.
2025-11-14 11:14:51.235 +01:00 [INF] Request finished HTTP/1.1 OPTIONS http://localhost:5082/api/Auth/login - 204 null null 0.7061ms
2025-11-14 11:14:51.237 +01:00 [INF] Request starting HTTP/1.1 POST http://localhost:5082/api/Auth/login - application/json 50
2025-11-14 11:14:51.237 +01:00 [INF] CORS policy execution successful.
2025-11-14 11:14:51.237 +01:00 [INF] Executing endpoint 'api.Controllers.AuthController.Login (api)'
2025-11-14 11:14:51.237 +01:00 [INF] Route matched with {action = "Login", controller = "Auth"}. Executing controller action with signature System.Threading.Tasks.Task`1[Microsoft.AspNetCore.Mvc.IActionResult] Login(api.DTOs.LoginDto) on controller api.Controllers.AuthController (api).
2025-11-14 11:14:51.358 +01:00 [INF] [AuthController] JWT token created for Teacher321 with roles Teacher
2025-11-14 11:14:51.358 +01:00 [INF] [AuthController] user authorised for Teacher321
2025-11-14 11:14:51.358 +01:00 [INF] Executing OkObjectResult, writing value of type '<>f__AnonymousType1`1[[System.String, System.Private.CoreLib, Version=8.0.0.0, Culture=neutral, PublicKeyToken=7cec85d7bea7798e]]'.
2025-11-14 11:14:51.359 +01:00 [INF] Executed action api.Controllers.AuthController.Login (api) in 121.5159ms
2025-11-14 11:14:51.359 +01:00 [INF] Executed endpoint 'api.Controllers.AuthController.Login (api)'
2025-11-14 11:14:51.359 +01:00 [INF] Request finished HTTP/1.1 POST http://localhost:5082/api/Auth/login - 200 683 application/json; charset=utf-8 122.3717ms
2025-11-14 11:14:58.423 +01:00 [INF] Request starting HTTP/1.1 OPTIONS http://localhost:5082/api/takequizapi/takequizlist - null null
2025-11-14 11:14:58.423 +01:00 [INF] CORS policy execution successful.
2025-11-14 11:14:58.423 +01:00 [INF] Request finished HTTP/1.1 OPTIONS http://localhost:5082/api/takequizapi/takequizlist - 204 null null 0.7894ms
2025-11-14 11:14:58.426 +01:00 [INF] Request starting HTTP/1.1 OPTIONS http://localhost:5082/api/takequizapi/takequizlist - null null
2025-11-14 11:14:58.426 +01:00 [INF] CORS policy execution successful.
2025-11-14 11:14:58.426 +01:00 [INF] Request finished HTTP/1.1 OPTIONS http://localhost:5082/api/takequizapi/takequizlist - 204 null null 0.493ms
2025-11-14 11:14:58.432 +01:00 [INF] Request starting HTTP/1.1 GET http://localhost:5082/api/takequizapi/takequizlist - application/json null
2025-11-14 11:14:58.433 +01:00 [INF] CORS policy execution successful.
2025-11-14 11:14:58.434 +01:00 [INF] Executing endpoint 'api.Controllers.TakeQuizApiController.GetAllQuizzes (api)'
2025-11-14 11:14:58.435 +01:00 [INF] Route matched with {action = "GetAllQuizzes", controller = "TakeQuizApi"}. Executing controller action with signature System.Threading.Tasks.Task`1[Microsoft.AspNetCore.Mvc.IActionResult] GetAllQuizzes() on controller api.Controllers.TakeQuizApiController (api).
2025-11-14 11:14:58.439 +01:00 [INF] Executing OkObjectResult, writing value of type 'System.Collections.Generic.List`1[[api.DTOs.QuizDto, api, Version=1.0.0.0, Culture=neutral, PublicKeyToken=null]]'.
2025-11-14 11:14:58.439 +01:00 [INF] Executed action api.Controllers.TakeQuizApiController.GetAllQuizzes (api) in 4.3339ms
2025-11-14 11:14:58.439 +01:00 [INF] Executed endpoint 'api.Controllers.TakeQuizApiController.GetAllQuizzes (api)'
2025-11-14 11:14:58.439 +01:00 [INF] Request finished HTTP/1.1 GET http://localhost:5082/api/takequizapi/takequizlist - 200 377 application/json; charset=utf-8 7.629ms
2025-11-14 11:14:58.441 +01:00 [INF] Request starting HTTP/1.1 GET http://localhost:5082/api/takequizapi/takequizlist - application/json null
2025-11-14 11:14:58.441 +01:00 [INF] CORS policy execution successful.
2025-11-14 11:14:58.443 +01:00 [INF] Executing endpoint 'api.Controllers.TakeQuizApiController.GetAllQuizzes (api)'
2025-11-14 11:14:58.443 +01:00 [INF] Route matched with {action = "GetAllQuizzes", controller = "TakeQuizApi"}. Executing controller action with signature System.Threading.Tasks.Task`1[Microsoft.AspNetCore.Mvc.IActionResult] GetAllQuizzes() on controller api.Controllers.TakeQuizApiController (api).
2025-11-14 11:14:58.447 +01:00 [INF] Executing OkObjectResult, writing value of type 'System.Collections.Generic.List`1[[api.DTOs.QuizDto, api, Version=1.0.0.0, Culture=neutral, PublicKeyToken=null]]'.
2025-11-14 11:14:58.448 +01:00 [INF] Executed action api.Controllers.TakeQuizApiController.GetAllQuizzes (api) in 4.3132ms
2025-11-14 11:14:58.448 +01:00 [INF] Executed endpoint 'api.Controllers.TakeQuizApiController.GetAllQuizzes (api)'
2025-11-14 11:14:58.448 +01:00 [INF] Request finished HTTP/1.1 GET http://localhost:5082/api/takequizapi/takequizlist - 200 377 application/json; charset=utf-8 6.9175ms
2025-11-14 11:14:59.933 +01:00 [INF] Request starting HTTP/1.1 OPTIONS http://localhost:5082/api/takequizapi/attempts/1 - null null
2025-11-14 11:14:59.933 +01:00 [INF] CORS policy execution successful.
2025-11-14 11:14:59.934 +01:00 [INF] Request finished HTTP/1.1 OPTIONS http://localhost:5082/api/takequizapi/attempts/1 - 204 null null 1.0241ms
2025-11-14 11:14:59.934 +01:00 [INF] Request starting HTTP/1.1 OPTIONS http://localhost:5082/api/takequizapi/attempts/1 - null null
2025-11-14 11:14:59.934 +01:00 [INF] CORS policy execution successful.
2025-11-14 11:14:59.935 +01:00 [INF] Request finished HTTP/1.1 OPTIONS http://localhost:5082/api/takequizapi/attempts/1 - 204 null null 0.55ms
2025-11-14 11:14:59.940 +01:00 [INF] Request starting HTTP/1.1 GET http://localhost:5082/api/takequizapi/attempts/1 - application/json null
2025-11-14 11:14:59.941 +01:00 [INF] CORS policy execution successful.
2025-11-14 11:14:59.943 +01:00 [INF] Executing endpoint 'api.Controllers.TakeQuizApiController.GetAttempts (api)'
2025-11-14 11:14:59.944 +01:00 [INF] Route matched with {action = "GetAttempts", controller = "TakeQuizApi"}. Executing controller action with signature System.Threading.Tasks.Task`1[Microsoft.AspNetCore.Mvc.IActionResult] GetAttempts(Int32) on controller api.Controllers.TakeQuizApiController (api).
2025-11-14 11:14:59.949 +01:00 [INF] Executing OkObjectResult, writing value of type 'System.Collections.Generic.List`1[[api.DTOs.QuizResultDto, api, Version=1.0.0.0, Culture=neutral, PublicKeyToken=null]]'.
2025-11-14 11:14:59.949 +01:00 [INF] Executed action api.Controllers.TakeQuizApiController.GetAttempts (api) in 4.4957ms
2025-11-14 11:14:59.949 +01:00 [INF] Executed endpoint 'api.Controllers.TakeQuizApiController.GetAttempts (api)'
2025-11-14 11:14:59.949 +01:00 [INF] Request finished HTTP/1.1 GET http://localhost:5082/api/takequizapi/attempts/1 - 200 387 application/json; charset=utf-8 8.7741ms
2025-11-14 11:14:59.950 +01:00 [INF] Request starting HTTP/1.1 GET http://localhost:5082/api/takequizapi/attempts/1 - application/json null
2025-11-14 11:14:59.950 +01:00 [INF] CORS policy execution successful.
2025-11-14 11:14:59.951 +01:00 [INF] Executing endpoint 'api.Controllers.TakeQuizApiController.GetAttempts (api)'
2025-11-14 11:14:59.951 +01:00 [INF] Route matched with {action = "GetAttempts", controller = "TakeQuizApi"}. Executing controller action with signature System.Threading.Tasks.Task`1[Microsoft.AspNetCore.Mvc.IActionResult] GetAttempts(Int32) on controller api.Controllers.TakeQuizApiController (api).
2025-11-14 11:14:59.954 +01:00 [INF] Executing OkObjectResult, writing value of type 'System.Collections.Generic.List`1[[api.DTOs.QuizResultDto, api, Version=1.0.0.0, Culture=neutral, PublicKeyToken=null]]'.
2025-11-14 11:14:59.954 +01:00 [INF] Executed action api.Controllers.TakeQuizApiController.GetAttempts (api) in 3.1068ms
2025-11-14 11:14:59.954 +01:00 [INF] Executed endpoint 'api.Controllers.TakeQuizApiController.GetAttempts (api)'
2025-11-14 11:14:59.954 +01:00 [INF] Request finished HTTP/1.1 GET http://localhost:5082/api/takequizapi/attempts/1 - 200 387 application/json; charset=utf-8 4.3792ms
2025-11-14 11:15:29.510 +01:00 [INF] Request starting HTTP/1.1 OPTIONS http://localhost:5082/api/takequizapi/attempt/57 - null null
2025-11-14 11:15:29.510 +01:00 [INF] CORS policy execution successful.
2025-11-14 11:15:29.510 +01:00 [INF] Request finished HTTP/1.1 OPTIONS http://localhost:5082/api/takequizapi/attempt/57 - 204 null null 0.4978ms
2025-11-14 11:15:29.527 +01:00 [INF] Request starting HTTP/1.1 DELETE http://localhost:5082/api/takequizapi/attempt/57 - application/json null
2025-11-14 11:15:29.527 +01:00 [INF] CORS policy execution successful.
2025-11-14 11:15:29.528 +01:00 [INF] Executing endpoint 'api.Controllers.TakeQuizApiController.DeleteAttempt (api)'
2025-11-14 11:15:29.532 +01:00 [INF] Route matched with {action = "DeleteAttempt", controller = "TakeQuizApi"}. Executing controller action with signature System.Threading.Tasks.Task`1[Microsoft.AspNetCore.Mvc.IActionResult] DeleteAttempt(Int32) on controller api.Controllers.TakeQuizApiController (api).
2025-11-14 11:15:29.566 +01:00 [INF] [QuizRepository] Attempt 57 deleted successfully
2025-11-14 11:15:29.567 +01:00 [INF] Executing OkObjectResult, writing value of type '<>f__AnonymousType3`1[[System.String, System.Private.CoreLib, Version=8.0.0.0, Culture=neutral, PublicKeyToken=7cec85d7bea7798e]]'.
2025-11-14 11:15:29.568 +01:00 [INF] Executed action api.Controllers.TakeQuizApiController.DeleteAttempt (api) in 36.6043ms
2025-11-14 11:15:29.569 +01:00 [INF] Executed endpoint 'api.Controllers.TakeQuizApiController.DeleteAttempt (api)'
2025-11-14 11:15:29.569 +01:00 [INF] Request finished HTTP/1.1 DELETE http://localhost:5082/api/takequizapi/attempt/57 - 200 42 application/json; charset=utf-8 42.1212ms
2025-11-14 11:16:02.608 +01:00 [INF] Request starting HTTP/1.1 OPTIONS http://localhost:5082/api/Auth/register - null null
2025-11-14 11:16:02.609 +01:00 [INF] CORS policy execution successful.
2025-11-14 11:16:02.610 +01:00 [INF] Request finished HTTP/1.1 OPTIONS http://localhost:5082/api/Auth/register - 204 null null 1.1911ms
2025-11-14 11:16:02.615 +01:00 [INF] Request starting HTTP/1.1 POST http://localhost:5082/api/Auth/register - application/json 92
2025-11-14 11:16:02.616 +01:00 [INF] CORS policy execution successful.
2025-11-14 11:16:02.616 +01:00 [INF] Executing endpoint 'api.Controllers.AuthController.Register (api)'
2025-11-14 11:16:02.616 +01:00 [INF] Route matched with {action = "Register", controller = "Auth"}. Executing controller action with signature System.Threading.Tasks.Task`1[Microsoft.AspNetCore.Mvc.IActionResult] Register(api.DTOs.RegisterDto) on controller api.Controllers.AuthController (api).
2025-11-14 11:16:02.773 +01:00 [WRN] [AuthController] registration failed for Student321
2025-11-14 11:16:02.774 +01:00 [INF] Executing BadRequestObjectResult, writing value of type 'System.Collections.Generic.List`1[[Microsoft.AspNetCore.Identity.IdentityError, Microsoft.Extensions.Identity.Core, Version=8.0.0.0, Culture=neutral, PublicKeyToken=adb9793829ddae60]]'.
2025-11-14 11:16:02.777 +01:00 [INF] Executed action api.Controllers.AuthController.Register (api) in 160.5344ms
2025-11-14 11:16:02.777 +01:00 [INF] Executed endpoint 'api.Controllers.AuthController.Register (api)'
2025-11-14 11:16:02.777 +01:00 [INF] Request finished HTTP/1.1 POST http://localhost:5082/api/Auth/register - 400 86 application/json; charset=utf-8 161.9506ms
2025-11-14 11:16:09.321 +01:00 [INF] Request starting HTTP/1.1 OPTIONS http://localhost:5082/api/Auth/register - null null
2025-11-14 11:16:09.322 +01:00 [INF] CORS policy execution successful.
2025-11-14 11:16:09.322 +01:00 [INF] Request finished HTTP/1.1 OPTIONS http://localhost:5082/api/Auth/register - 204 null null 0.322ms
2025-11-14 11:16:09.324 +01:00 [INF] Request starting HTTP/1.1 POST http://localhost:5082/api/Auth/register - application/json 93
2025-11-14 11:16:09.325 +01:00 [INF] CORS policy execution successful.
2025-11-14 11:16:09.325 +01:00 [INF] Executing endpoint 'api.Controllers.AuthController.Register (api)'
2025-11-14 11:16:09.325 +01:00 [INF] Route matched with {action = "Register", controller = "Auth"}. Executing controller action with signature System.Threading.Tasks.Task`1[Microsoft.AspNetCore.Mvc.IActionResult] Register(api.DTOs.RegisterDto) on controller api.Controllers.AuthController (api).
2025-11-14 11:16:09.427 +01:00 [INF] [AuthController] user Student3210 registered with role Student
2025-11-14 11:16:09.427 +01:00 [INF] Executing OkObjectResult, writing value of type '<>f__AnonymousType0`1[[System.String, System.Private.CoreLib, Version=8.0.0.0, Culture=neutral, PublicKeyToken=7cec85d7bea7798e]]'.
2025-11-14 11:16:09.428 +01:00 [INF] Executed action api.Controllers.AuthController.Register (api) in 102.8742ms
2025-11-14 11:16:09.428 +01:00 [INF] Executed endpoint 'api.Controllers.AuthController.Register (api)'
2025-11-14 11:16:09.428 +01:00 [INF] Request finished HTTP/1.1 POST http://localhost:5082/api/Auth/register - 200 53 application/json; charset=utf-8 103.8036ms
2025-11-14 11:16:15.962 +01:00 [INF] Request starting HTTP/1.1 OPTIONS http://localhost:5082/api/Auth/login - null null
2025-11-14 11:16:15.962 +01:00 [INF] CORS policy execution successful.
2025-11-14 11:16:15.963 +01:00 [INF] Request finished HTTP/1.1 OPTIONS http://localhost:5082/api/Auth/login - 204 null null 0.5942ms
2025-11-14 11:16:15.968 +01:00 [INF] Request starting HTTP/1.1 POST http://localhost:5082/api/Auth/login - application/json 52
2025-11-14 11:16:15.968 +01:00 [INF] CORS policy execution successful.
2025-11-14 11:16:15.969 +01:00 [INF] Executing endpoint 'api.Controllers.AuthController.Login (api)'
2025-11-14 11:16:15.969 +01:00 [INF] Route matched with {action = "Login", controller = "Auth"}. Executing controller action with signature System.Threading.Tasks.Task`1[Microsoft.AspNetCore.Mvc.IActionResult] Login(api.DTOs.LoginDto) on controller api.Controllers.AuthController (api).
2025-11-14 11:16:16.086 +01:00 [INF] [AuthController] JWT token created for Student3210 with roles Student
2025-11-14 11:16:16.087 +01:00 [INF] [AuthController] user authorised for Student3210
2025-11-14 11:16:16.087 +01:00 [INF] Executing OkObjectResult, writing value of type '<>f__AnonymousType1`1[[System.String, System.Private.CoreLib, Version=8.0.0.0, Culture=neutral, PublicKeyToken=7cec85d7bea7798e]]'.
2025-11-14 11:16:16.088 +01:00 [INF] Executed action api.Controllers.AuthController.Login (api) in 119.0587ms
2025-11-14 11:16:16.088 +01:00 [INF] Executed endpoint 'api.Controllers.AuthController.Login (api)'
2025-11-14 11:16:16.088 +01:00 [INF] Request finished HTTP/1.1 POST http://localhost:5082/api/Auth/login - 200 683 application/json; charset=utf-8 120.1555ms
2025-11-14 11:16:20.999 +01:00 [INF] Request starting HTTP/1.1 OPTIONS http://localhost:5082/api/takequizapi/takequizlist - null null
2025-11-14 11:16:20.999 +01:00 [INF] CORS policy execution successful.
2025-11-14 11:16:20.999 +01:00 [INF] Request finished HTTP/1.1 OPTIONS http://localhost:5082/api/takequizapi/takequizlist - 204 null null 0.3248ms
2025-11-14 11:16:21.002 +01:00 [INF] Request starting HTTP/1.1 OPTIONS http://localhost:5082/api/takequizapi/takequizlist - null null
2025-11-14 11:16:21.002 +01:00 [INF] CORS policy execution successful.
2025-11-14 11:16:21.002 +01:00 [INF] Request finished HTTP/1.1 OPTIONS http://localhost:5082/api/takequizapi/takequizlist - 204 null null 0.3487ms
2025-11-14 11:16:21.013 +01:00 [INF] Request starting HTTP/1.1 GET http://localhost:5082/api/takequizapi/takequizlist - application/json null
2025-11-14 11:16:21.014 +01:00 [INF] CORS policy execution successful.
2025-11-14 11:16:21.016 +01:00 [INF] Executing endpoint 'api.Controllers.TakeQuizApiController.GetAllQuizzes (api)'
2025-11-14 11:16:21.016 +01:00 [INF] Route matched with {action = "GetAllQuizzes", controller = "TakeQuizApi"}. Executing controller action with signature System.Threading.Tasks.Task`1[Microsoft.AspNetCore.Mvc.IActionResult] GetAllQuizzes() on controller api.Controllers.TakeQuizApiController (api).
2025-11-14 11:16:21.022 +01:00 [INF] Executing OkObjectResult, writing value of type 'System.Collections.Generic.List`1[[api.DTOs.QuizDto, api, Version=1.0.0.0, Culture=neutral, PublicKeyToken=null]]'.
2025-11-14 11:16:21.023 +01:00 [INF] Executed action api.Controllers.TakeQuizApiController.GetAllQuizzes (api) in 6.719ms
2025-11-14 11:16:21.023 +01:00 [INF] Executed endpoint 'api.Controllers.TakeQuizApiController.GetAllQuizzes (api)'
2025-11-14 11:16:21.023 +01:00 [INF] Request finished HTTP/1.1 GET http://localhost:5082/api/takequizapi/takequizlist - 200 377 application/json; charset=utf-8 10.4278ms
2025-11-14 11:16:21.028 +01:00 [INF] Request starting HTTP/1.1 GET http://localhost:5082/api/takequizapi/takequizlist - application/json null
2025-11-14 11:16:21.029 +01:00 [INF] CORS policy execution successful.
2025-11-14 11:16:21.031 +01:00 [INF] Executing endpoint 'api.Controllers.TakeQuizApiController.GetAllQuizzes (api)'
2025-11-14 11:16:21.032 +01:00 [INF] Route matched with {action = "GetAllQuizzes", controller = "TakeQuizApi"}. Executing controller action with signature System.Threading.Tasks.Task`1[Microsoft.AspNetCore.Mvc.IActionResult] GetAllQuizzes() on controller api.Controllers.TakeQuizApiController (api).
2025-11-14 11:16:21.040 +01:00 [INF] Executing OkObjectResult, writing value of type 'System.Collections.Generic.List`1[[api.DTOs.QuizDto, api, Version=1.0.0.0, Culture=neutral, PublicKeyToken=null]]'.
2025-11-14 11:16:21.040 +01:00 [INF] Executed action api.Controllers.TakeQuizApiController.GetAllQuizzes (api) in 8.8561ms
2025-11-14 11:16:21.041 +01:00 [INF] Executed endpoint 'api.Controllers.TakeQuizApiController.GetAllQuizzes (api)'
2025-11-14 11:16:21.041 +01:00 [INF] Request finished HTTP/1.1 GET http://localhost:5082/api/takequizapi/takequizlist - 200 377 application/json; charset=utf-8 12.4503ms
2025-11-14 11:16:24.999 +01:00 [INF] Request starting HTTP/1.1 OPTIONS http://localhost:5082/api/takequizapi/attempts/2 - null null
2025-11-14 11:16:24.999 +01:00 [INF] CORS policy execution successful.
2025-11-14 11:16:25.000 +01:00 [INF] Request finished HTTP/1.1 OPTIONS http://localhost:5082/api/takequizapi/attempts/2 - 204 null null 0.6087ms
2025-11-14 11:16:25.002 +01:00 [INF] Request starting HTTP/1.1 OPTIONS http://localhost:5082/api/takequizapi/attempts/2 - null null
2025-11-14 11:16:25.003 +01:00 [INF] CORS policy execution successful.
2025-11-14 11:16:25.004 +01:00 [INF] Request finished HTTP/1.1 OPTIONS http://localhost:5082/api/takequizapi/attempts/2 - 204 null null 1.4393ms
2025-11-14 11:16:25.008 +01:00 [INF] Request starting HTTP/1.1 GET http://localhost:5082/api/takequizapi/attempts/2 - application/json null
2025-11-14 11:16:25.008 +01:00 [INF] CORS policy execution successful.
2025-11-14 11:16:25.009 +01:00 [INF] Executing endpoint 'api.Controllers.TakeQuizApiController.GetAttempts (api)'
2025-11-14 11:16:25.009 +01:00 [INF] Route matched with {action = "GetAttempts", controller = "TakeQuizApi"}. Executing controller action with signature System.Threading.Tasks.Task`1[Microsoft.AspNetCore.Mvc.IActionResult] GetAttempts(Int32) on controller api.Controllers.TakeQuizApiController (api).
2025-11-14 11:16:25.015 +01:00 [INF] Executing OkObjectResult, writing value of type 'System.Collections.Generic.List`1[[api.DTOs.QuizResultDto, api, Version=1.0.0.0, Culture=neutral, PublicKeyToken=null]]'.
2025-11-14 11:16:25.015 +01:00 [INF] Executed action api.Controllers.TakeQuizApiController.GetAttempts (api) in 5.6998ms
2025-11-14 11:16:25.015 +01:00 [INF] Executed endpoint 'api.Controllers.TakeQuizApiController.GetAttempts (api)'
2025-11-14 11:16:25.016 +01:00 [INF] Request finished HTTP/1.1 GET http://localhost:5082/api/takequizapi/attempts/2 - 200 2 application/json; charset=utf-8 7.2873ms
2025-11-14 11:16:25.017 +01:00 [INF] Request starting HTTP/1.1 GET http://localhost:5082/api/takequizapi/attempts/2 - application/json null
2025-11-14 11:16:25.018 +01:00 [INF] CORS policy execution successful.
2025-11-14 11:16:25.018 +01:00 [INF] Executing endpoint 'api.Controllers.TakeQuizApiController.GetAttempts (api)'
2025-11-14 11:16:25.019 +01:00 [INF] Route matched with {action = "GetAttempts", controller = "TakeQuizApi"}. Executing controller action with signature System.Threading.Tasks.Task`1[Microsoft.AspNetCore.Mvc.IActionResult] GetAttempts(Int32) on controller api.Controllers.TakeQuizApiController (api).
2025-11-14 11:16:25.025 +01:00 [INF] Executing OkObjectResult, writing value of type 'System.Collections.Generic.List`1[[api.DTOs.QuizResultDto, api, Version=1.0.0.0, Culture=neutral, PublicKeyToken=null]]'.
2025-11-14 11:16:25.025 +01:00 [INF] Executed action api.Controllers.TakeQuizApiController.GetAttempts (api) in 6.1624ms
2025-11-14 11:16:25.025 +01:00 [INF] Executed endpoint 'api.Controllers.TakeQuizApiController.GetAttempts (api)'
2025-11-14 11:16:25.026 +01:00 [INF] Request finished HTTP/1.1 GET http://localhost:5082/api/takequizapi/attempts/2 - 200 2 application/json; charset=utf-8 8.1826ms
2025-11-14 11:16:26.590 +01:00 [INF] Request starting HTTP/1.1 OPTIONS http://localhost:5082/api/takequizapi/takequizlist - null null
2025-11-14 11:16:26.591 +01:00 [INF] CORS policy execution successful.
2025-11-14 11:16:26.591 +01:00 [INF] Request finished HTTP/1.1 OPTIONS http://localhost:5082/api/takequizapi/takequizlist - 204 null null 0.9423ms
2025-11-14 11:16:26.592 +01:00 [INF] Request starting HTTP/1.1 OPTIONS http://localhost:5082/api/takequizapi/takequizlist - null null
2025-11-14 11:16:26.593 +01:00 [INF] CORS policy execution successful.
2025-11-14 11:16:26.593 +01:00 [INF] Request finished HTTP/1.1 OPTIONS http://localhost:5082/api/takequizapi/takequizlist - 204 null null 0.5038ms
2025-11-14 11:16:26.599 +01:00 [INF] Request starting HTTP/1.1 GET http://localhost:5082/api/takequizapi/takequizlist - application/json null
2025-11-14 11:16:26.599 +01:00 [INF] CORS policy execution successful.
2025-11-14 11:16:26.600 +01:00 [INF] Executing endpoint 'api.Controllers.TakeQuizApiController.GetAllQuizzes (api)'
2025-11-14 11:16:26.600 +01:00 [INF] Route matched with {action = "GetAllQuizzes", controller = "TakeQuizApi"}. Executing controller action with signature System.Threading.Tasks.Task`1[Microsoft.AspNetCore.Mvc.IActionResult] GetAllQuizzes() on controller api.Controllers.TakeQuizApiController (api).
2025-11-14 11:16:26.606 +01:00 [INF] Executing OkObjectResult, writing value of type 'System.Collections.Generic.List`1[[api.DTOs.QuizDto, api, Version=1.0.0.0, Culture=neutral, PublicKeyToken=null]]'.
2025-11-14 11:16:26.606 +01:00 [INF] Executed action api.Controllers.TakeQuizApiController.GetAllQuizzes (api) in 5.9168ms
2025-11-14 11:16:26.606 +01:00 [INF] Executed endpoint 'api.Controllers.TakeQuizApiController.GetAllQuizzes (api)'
2025-11-14 11:16:26.607 +01:00 [INF] Request finished HTTP/1.1 GET http://localhost:5082/api/takequizapi/takequizlist - 200 377 application/json; charset=utf-8 7.626ms
2025-11-14 11:16:26.608 +01:00 [INF] Request starting HTTP/1.1 GET http://localhost:5082/api/takequizapi/takequizlist - application/json null
2025-11-14 11:16:26.608 +01:00 [INF] CORS policy execution successful.
2025-11-14 11:16:26.609 +01:00 [INF] Executing endpoint 'api.Controllers.TakeQuizApiController.GetAllQuizzes (api)'
2025-11-14 11:16:26.610 +01:00 [INF] Route matched with {action = "GetAllQuizzes", controller = "TakeQuizApi"}. Executing controller action with signature System.Threading.Tasks.Task`1[Microsoft.AspNetCore.Mvc.IActionResult] GetAllQuizzes() on controller api.Controllers.TakeQuizApiController (api).
2025-11-14 11:16:26.615 +01:00 [INF] Executing OkObjectResult, writing value of type 'System.Collections.Generic.List`1[[api.DTOs.QuizDto, api, Version=1.0.0.0, Culture=neutral, PublicKeyToken=null]]'.
2025-11-14 11:16:26.615 +01:00 [INF] Executed action api.Controllers.TakeQuizApiController.GetAllQuizzes (api) in 5.5067ms
2025-11-14 11:16:26.616 +01:00 [INF] Executed endpoint 'api.Controllers.TakeQuizApiController.GetAllQuizzes (api)'
2025-11-14 11:16:26.616 +01:00 [INF] Request finished HTTP/1.1 GET http://localhost:5082/api/takequizapi/takequizlist - 200 377 application/json; charset=utf-8 7.7485ms
2025-11-14 11:16:33.486 +01:00 [INF] Request starting HTTP/1.1 OPTIONS http://localhost:5082/api/takequizapi/attempts/6 - null null
2025-11-14 11:16:33.487 +01:00 [INF] CORS policy execution successful.
2025-11-14 11:16:33.488 +01:00 [INF] Request starting HTTP/1.1 OPTIONS http://localhost:5082/api/takequizapi/attempts/6 - null null
2025-11-14 11:16:33.489 +01:00 [INF] CORS policy execution successful.
2025-11-14 11:16:33.489 +01:00 [INF] Request finished HTTP/1.1 OPTIONS http://localhost:5082/api/takequizapi/attempts/6 - 204 null null 2.5612ms
2025-11-14 11:16:33.489 +01:00 [INF] Request finished HTTP/1.1 OPTIONS http://localhost:5082/api/takequizapi/attempts/6 - 204 null null 0.8273ms
2025-11-14 11:16:33.499 +01:00 [INF] Request starting HTTP/1.1 GET http://localhost:5082/api/takequizapi/attempts/6 - application/json null
2025-11-14 11:16:33.499 +01:00 [INF] CORS policy execution successful.
2025-11-14 11:16:33.500 +01:00 [INF] Executing endpoint 'api.Controllers.TakeQuizApiController.GetAttempts (api)'
2025-11-14 11:16:33.501 +01:00 [INF] Route matched with {action = "GetAttempts", controller = "TakeQuizApi"}. Executing controller action with signature System.Threading.Tasks.Task`1[Microsoft.AspNetCore.Mvc.IActionResult] GetAttempts(Int32) on controller api.Controllers.TakeQuizApiController (api).
2025-11-14 11:16:33.505 +01:00 [INF] Executing OkObjectResult, writing value of type 'System.Collections.Generic.List`1[[api.DTOs.QuizResultDto, api, Version=1.0.0.0, Culture=neutral, PublicKeyToken=null]]'.
2025-11-14 11:16:33.505 +01:00 [INF] Executed action api.Controllers.TakeQuizApiController.GetAttempts (api) in 4.3227ms
2025-11-14 11:16:33.506 +01:00 [INF] Executed endpoint 'api.Controllers.TakeQuizApiController.GetAttempts (api)'
2025-11-14 11:16:33.506 +01:00 [INF] Request finished HTTP/1.1 GET http://localhost:5082/api/takequizapi/attempts/6 - 200 2 application/json; charset=utf-8 7.01ms
2025-11-14 11:16:33.509 +01:00 [INF] Request starting HTTP/1.1 GET http://localhost:5082/api/takequizapi/attempts/6 - application/json null
2025-11-14 11:16:33.513 +01:00 [INF] CORS policy execution successful.
2025-11-14 11:16:33.517 +01:00 [INF] Executing endpoint 'api.Controllers.TakeQuizApiController.GetAttempts (api)'
2025-11-14 11:16:33.517 +01:00 [INF] Route matched with {action = "GetAttempts", controller = "TakeQuizApi"}. Executing controller action with signature System.Threading.Tasks.Task`1[Microsoft.AspNetCore.Mvc.IActionResult] GetAttempts(Int32) on controller api.Controllers.TakeQuizApiController (api).
2025-11-14 11:16:33.522 +01:00 [INF] Executing OkObjectResult, writing value of type 'System.Collections.Generic.List`1[[api.DTOs.QuizResultDto, api, Version=1.0.0.0, Culture=neutral, PublicKeyToken=null]]'.
2025-11-14 11:16:33.522 +01:00 [INF] Executed action api.Controllers.TakeQuizApiController.GetAttempts (api) in 4.8457ms
2025-11-14 11:16:33.522 +01:00 [INF] Executed endpoint 'api.Controllers.TakeQuizApiController.GetAttempts (api)'
2025-11-14 11:16:33.523 +01:00 [INF] Request finished HTTP/1.1 GET http://localhost:5082/api/takequizapi/attempts/6 - 200 2 application/json; charset=utf-8 13.321ms
2025-11-14 11:16:34.758 +01:00 [INF] Request starting HTTP/1.1 OPTIONS http://localhost:5082/api/takequizapi/takequizlist - null null
2025-11-14 11:16:34.759 +01:00 [INF] CORS policy execution successful.
2025-11-14 11:16:34.759 +01:00 [INF] Request finished HTTP/1.1 OPTIONS http://localhost:5082/api/takequizapi/takequizlist - 204 null null 0.6046ms
2025-11-14 11:16:34.761 +01:00 [INF] Request starting HTTP/1.1 OPTIONS http://localhost:5082/api/takequizapi/takequizlist - null null
2025-11-14 11:16:34.761 +01:00 [INF] CORS policy execution successful.
2025-11-14 11:16:34.761 +01:00 [INF] Request finished HTTP/1.1 OPTIONS http://localhost:5082/api/takequizapi/takequizlist - 204 null null 0.5333ms
2025-11-14 11:16:34.766 +01:00 [INF] Request starting HTTP/1.1 GET http://localhost:5082/api/takequizapi/takequizlist - application/json null
2025-11-14 11:16:34.767 +01:00 [INF] CORS policy execution successful.
2025-11-14 11:16:34.767 +01:00 [INF] Executing endpoint 'api.Controllers.TakeQuizApiController.GetAllQuizzes (api)'
2025-11-14 11:16:34.768 +01:00 [INF] Route matched with {action = "GetAllQuizzes", controller = "TakeQuizApi"}. Executing controller action with signature System.Threading.Tasks.Task`1[Microsoft.AspNetCore.Mvc.IActionResult] GetAllQuizzes() on controller api.Controllers.TakeQuizApiController (api).
2025-11-14 11:16:34.771 +01:00 [INF] Executing OkObjectResult, writing value of type 'System.Collections.Generic.List`1[[api.DTOs.QuizDto, api, Version=1.0.0.0, Culture=neutral, PublicKeyToken=null]]'.
2025-11-14 11:16:34.771 +01:00 [INF] Executed action api.Controllers.TakeQuizApiController.GetAllQuizzes (api) in 3.7087ms
2025-11-14 11:16:34.771 +01:00 [INF] Executed endpoint 'api.Controllers.TakeQuizApiController.GetAllQuizzes (api)'
2025-11-14 11:16:34.772 +01:00 [INF] Request finished HTTP/1.1 GET http://localhost:5082/api/takequizapi/takequizlist - 200 377 application/json; charset=utf-8 5.1153ms
2025-11-14 11:16:34.773 +01:00 [INF] Request starting HTTP/1.1 GET http://localhost:5082/api/takequizapi/takequizlist - application/json null
2025-11-14 11:16:34.773 +01:00 [INF] CORS policy execution successful.
2025-11-14 11:16:34.773 +01:00 [INF] Executing endpoint 'api.Controllers.TakeQuizApiController.GetAllQuizzes (api)'
2025-11-14 11:16:34.774 +01:00 [INF] Route matched with {action = "GetAllQuizzes", controller = "TakeQuizApi"}. Executing controller action with signature System.Threading.Tasks.Task`1[Microsoft.AspNetCore.Mvc.IActionResult] GetAllQuizzes() on controller api.Controllers.TakeQuizApiController (api).
2025-11-14 11:16:34.780 +01:00 [INF] Executing OkObjectResult, writing value of type 'System.Collections.Generic.List`1[[api.DTOs.QuizDto, api, Version=1.0.0.0, Culture=neutral, PublicKeyToken=null]]'.
2025-11-14 11:16:34.780 +01:00 [INF] Executed action api.Controllers.TakeQuizApiController.GetAllQuizzes (api) in 6.2429ms
2025-11-14 11:16:34.780 +01:00 [INF] Executed endpoint 'api.Controllers.TakeQuizApiController.GetAllQuizzes (api)'
2025-11-14 11:16:34.780 +01:00 [INF] Request finished HTTP/1.1 GET http://localhost:5082/api/takequizapi/takequizlist - 200 377 application/json; charset=utf-8 7.6946ms
2025-11-14 11:16:40.257 +01:00 [INF] Request starting HTTP/1.1 OPTIONS http://localhost:5082/api/takequizapi/11 - null null
2025-11-14 11:16:40.257 +01:00 [INF] CORS policy execution successful.
2025-11-14 11:16:40.257 +01:00 [INF] Request finished HTTP/1.1 OPTIONS http://localhost:5082/api/takequizapi/11 - 204 null null 0.3984ms
2025-11-14 11:16:40.259 +01:00 [INF] Request starting HTTP/1.1 OPTIONS http://localhost:5082/api/takequizapi/11 - null null
2025-11-14 11:16:40.260 +01:00 [INF] CORS policy execution successful.
2025-11-14 11:16:40.261 +01:00 [INF] Request finished HTTP/1.1 OPTIONS http://localhost:5082/api/takequizapi/11 - 204 null null 1.1682ms
2025-11-14 11:16:40.267 +01:00 [INF] Request starting HTTP/1.1 GET http://localhost:5082/api/takequizapi/11 - application/json null
2025-11-14 11:16:40.267 +01:00 [INF] CORS policy execution successful.
2025-11-14 11:16:40.267 +01:00 [INF] Executing endpoint 'api.Controllers.TakeQuizApiController.GetQuiz (api)'
2025-11-14 11:16:40.273 +01:00 [INF] Route matched with {action = "GetQuiz", controller = "TakeQuizApi"}. Executing controller action with signature System.Threading.Tasks.Task`1[Microsoft.AspNetCore.Mvc.IActionResult] GetQuiz(Int32) on controller api.Controllers.TakeQuizApiController (api).
2025-11-14 11:16:40.280 +01:00 [INF] Executing OkObjectResult, writing value of type 'api.DTOs.QuizDto'.
2025-11-14 11:16:40.288 +01:00 [INF] Executed action api.Controllers.TakeQuizApiController.GetQuiz (api) in 14.6757ms
2025-11-14 11:16:40.288 +01:00 [INF] Executed endpoint 'api.Controllers.TakeQuizApiController.GetQuiz (api)'
2025-11-14 11:16:40.288 +01:00 [INF] Request finished HTTP/1.1 GET http://localhost:5082/api/takequizapi/11 - 200 1402 application/json; charset=utf-8 21.8779ms
2025-11-14 11:16:40.289 +01:00 [INF] Request starting HTTP/1.1 GET http://localhost:5082/api/takequizapi/11 - application/json null
2025-11-14 11:16:40.290 +01:00 [INF] CORS policy execution successful.
2025-11-14 11:16:40.290 +01:00 [INF] Executing endpoint 'api.Controllers.TakeQuizApiController.GetQuiz (api)'
2025-11-14 11:16:40.290 +01:00 [INF] Route matched with {action = "GetQuiz", controller = "TakeQuizApi"}. Executing controller action with signature System.Threading.Tasks.Task`1[Microsoft.AspNetCore.Mvc.IActionResult] GetQuiz(Int32) on controller api.Controllers.TakeQuizApiController (api).
2025-11-14 11:16:40.296 +01:00 [INF] Executing OkObjectResult, writing value of type 'api.DTOs.QuizDto'.
2025-11-14 11:16:40.297 +01:00 [INF] Executed action api.Controllers.TakeQuizApiController.GetQuiz (api) in 6.2119ms
2025-11-14 11:16:40.297 +01:00 [INF] Executed endpoint 'api.Controllers.TakeQuizApiController.GetQuiz (api)'
2025-11-14 11:16:40.297 +01:00 [INF] Request finished HTTP/1.1 GET http://localhost:5082/api/takequizapi/11 - 200 1402 application/json; charset=utf-8 7.8146ms
2025-11-14 11:16:40.310 +01:00 [INF] Request starting HTTP/1.1 GET http://localhost:5082/images/Spain.png - null null
2025-11-14 11:16:40.311 +01:00 [INF] Request starting HTTP/1.1 GET http://localhost:5082/images/Island.png - null null
2025-11-14 11:16:40.312 +01:00 [INF] Request starting HTTP/1.1 GET http://localhost:5082/images/China.png - null null
2025-11-14 11:16:40.315 +01:00 [INF] The file /images/China.png was not modified
2025-11-14 11:16:40.315 +01:00 [INF] The file /images/Spain.png was not modified
2025-11-14 11:16:40.315 +01:00 [INF] The file /images/Island.png was not modified
2025-11-14 11:16:40.315 +01:00 [INF] Request finished HTTP/1.1 GET http://localhost:5082/images/Spain.png - 304 null image/png 4.9627ms
2025-11-14 11:16:40.315 +01:00 [INF] Request finished HTTP/1.1 GET http://localhost:5082/images/Island.png - 304 null image/png 4.8264ms
2025-11-14 11:16:40.315 +01:00 [INF] Request finished HTTP/1.1 GET http://localhost:5082/images/China.png - 304 null image/png 3.2646ms
2025-11-14 11:16:40.315 +01:00 [INF] Request starting HTTP/1.1 GET http://localhost:5082/images/SouthAfrica.png - null null
2025-11-14 11:16:40.315 +01:00 [INF] Request starting HTTP/1.1 GET http://localhost:5082/images/Brasil.png - null null
2025-11-14 11:16:40.316 +01:00 [INF] The file /images/SouthAfrica.png was not modified
2025-11-14 11:16:40.316 +01:00 [INF] The file /images/Brasil.png was not modified
2025-11-14 11:16:40.316 +01:00 [INF] Request finished HTTP/1.1 GET http://localhost:5082/images/Brasil.png - 304 null image/png 0.7173ms
2025-11-14 11:16:40.316 +01:00 [INF] Request finished HTTP/1.1 GET http://localhost:5082/images/SouthAfrica.png - 304 null image/png 0.7192ms
2025-11-14 11:17:00.845 +01:00 [INF] Request starting HTTP/1.1 OPTIONS http://localhost:5082/api/takequizapi/submit - null null
2025-11-14 11:17:00.845 +01:00 [INF] CORS policy execution successful.
2025-11-14 11:17:00.846 +01:00 [INF] Request finished HTTP/1.1 OPTIONS http://localhost:5082/api/takequizapi/submit - 204 null null 0.2666ms
2025-11-14 11:17:00.848 +01:00 [INF] Request starting HTTP/1.1 POST http://localhost:5082/api/takequizapi/submit - application/json 75
2025-11-14 11:17:00.848 +01:00 [INF] CORS policy execution successful.
2025-11-14 11:17:00.849 +01:00 [INF] Executing endpoint 'api.Controllers.TakeQuizApiController.Submit (api)'
2025-11-14 11:17:00.851 +01:00 [INF] Route matched with {action = "Submit", controller = "TakeQuizApi"}. Executing controller action with signature System.Threading.Tasks.Task`1[Microsoft.AspNetCore.Mvc.IActionResult] Submit(api.DTOs.QuizSubmissionDto) on controller api.Controllers.TakeQuizApiController (api).
2025-11-14 11:17:00.867 +01:00 [INF] Executing OkObjectResult, writing value of type 'System.Collections.Generic.Dictionary`2[[System.String, System.Private.CoreLib, Version=8.0.0.0, Culture=neutral, PublicKeyToken=7cec85d7bea7798e],[System.Int32, System.Private.CoreLib, Version=8.0.0.0, Culture=neutral, PublicKeyToken=7cec85d7bea7798e]]'.
2025-11-14 11:17:00.868 +01:00 [INF] Executed action api.Controllers.TakeQuizApiController.Submit (api) in 17.1464ms
2025-11-14 11:17:00.869 +01:00 [INF] Executed endpoint 'api.Controllers.TakeQuizApiController.Submit (api)'
2025-11-14 11:17:00.869 +01:00 [INF] Request finished HTTP/1.1 POST http://localhost:5082/api/takequizapi/submit - 200 11 application/json; charset=utf-8 20.543ms
2025-11-14 11:17:14.449 +01:00 [INF] Request starting HTTP/1.1 OPTIONS http://localhost:5082/api/takequizapi/saveattempt - null null
2025-11-14 11:17:14.450 +01:00 [INF] CORS policy execution successful.
2025-11-14 11:17:14.450 +01:00 [INF] Request finished HTTP/1.1 OPTIONS http://localhost:5082/api/takequizapi/saveattempt - 204 null null 0.2353ms
2025-11-14 11:17:14.452 +01:00 [INF] Request starting HTTP/1.1 POST http://localhost:5082/api/takequizapi/saveattempt - application/json 23
2025-11-14 11:17:14.452 +01:00 [INF] CORS policy execution successful.
2025-11-14 11:17:14.453 +01:00 [INF] Executing endpoint 'api.Controllers.TakeQuizApiController.SaveAttempt (api)'
2025-11-14 11:17:14.456 +01:00 [INF] Route matched with {action = "SaveAttempt", controller = "TakeQuizApi"}. Executing controller action with signature System.Threading.Tasks.Task`1[Microsoft.AspNetCore.Mvc.IActionResult] SaveAttempt(api.DTOs.QuizResultDto) on controller api.Controllers.TakeQuizApiController (api).
2025-11-14 11:17:14.496 +01:00 [INF] Executing OkObjectResult, writing value of type '<>f__AnonymousType3`1[[System.String, System.Private.CoreLib, Version=8.0.0.0, Culture=neutral, PublicKeyToken=7cec85d7bea7798e]]'.
2025-11-14 11:17:14.496 +01:00 [INF] Executed action api.Controllers.TakeQuizApiController.SaveAttempt (api) in 39.2588ms
2025-11-14 11:17:14.496 +01:00 [INF] Executed endpoint 'api.Controllers.TakeQuizApiController.SaveAttempt (api)'
2025-11-14 11:17:14.496 +01:00 [INF] Request finished HTTP/1.1 POST http://localhost:5082/api/takequizapi/saveattempt - 200 40 application/json; charset=utf-8 43.9901ms
2025-11-14 11:17:18.955 +01:00 [INF] Request starting HTTP/1.1 OPTIONS http://localhost:5082/api/takequizapi/takequizlist - null null
2025-11-14 11:17:18.955 +01:00 [INF] CORS policy execution successful.
2025-11-14 11:17:18.955 +01:00 [INF] Request finished HTTP/1.1 OPTIONS http://localhost:5082/api/takequizapi/takequizlist - 204 null null 0.3049ms
2025-11-14 11:17:18.956 +01:00 [INF] Request starting HTTP/1.1 OPTIONS http://localhost:5082/api/takequizapi/takequizlist - null null
2025-11-14 11:17:18.956 +01:00 [INF] CORS policy execution successful.
2025-11-14 11:17:18.957 +01:00 [INF] Request finished HTTP/1.1 OPTIONS http://localhost:5082/api/takequizapi/takequizlist - 204 null null 0.302ms
2025-11-14 11:17:18.962 +01:00 [INF] Request starting HTTP/1.1 GET http://localhost:5082/api/takequizapi/takequizlist - application/json null
2025-11-14 11:17:18.963 +01:00 [INF] CORS policy execution successful.
2025-11-14 11:17:18.963 +01:00 [INF] Executing endpoint 'api.Controllers.TakeQuizApiController.GetAllQuizzes (api)'
2025-11-14 11:17:18.963 +01:00 [INF] Route matched with {action = "GetAllQuizzes", controller = "TakeQuizApi"}. Executing controller action with signature System.Threading.Tasks.Task`1[Microsoft.AspNetCore.Mvc.IActionResult] GetAllQuizzes() on controller api.Controllers.TakeQuizApiController (api).
2025-11-14 11:17:18.967 +01:00 [INF] Executing OkObjectResult, writing value of type 'System.Collections.Generic.List`1[[api.DTOs.QuizDto, api, Version=1.0.0.0, Culture=neutral, PublicKeyToken=null]]'.
2025-11-14 11:17:18.967 +01:00 [INF] Executed action api.Controllers.TakeQuizApiController.GetAllQuizzes (api) in 3.3229ms
2025-11-14 11:17:18.967 +01:00 [INF] Executed endpoint 'api.Controllers.TakeQuizApiController.GetAllQuizzes (api)'
2025-11-14 11:17:18.967 +01:00 [INF] Request finished HTTP/1.1 GET http://localhost:5082/api/takequizapi/takequizlist - 200 377 application/json; charset=utf-8 4.8959ms
2025-11-14 11:17:18.968 +01:00 [INF] Request starting HTTP/1.1 GET http://localhost:5082/api/takequizapi/takequizlist - application/json null
2025-11-14 11:17:18.968 +01:00 [INF] CORS policy execution successful.
2025-11-14 11:17:18.969 +01:00 [INF] Executing endpoint 'api.Controllers.TakeQuizApiController.GetAllQuizzes (api)'
2025-11-14 11:17:18.970 +01:00 [INF] Route matched with {action = "GetAllQuizzes", controller = "TakeQuizApi"}. Executing controller action with signature System.Threading.Tasks.Task`1[Microsoft.AspNetCore.Mvc.IActionResult] GetAllQuizzes() on controller api.Controllers.TakeQuizApiController (api).
2025-11-14 11:17:18.974 +01:00 [INF] Executing OkObjectResult, writing value of type 'System.Collections.Generic.List`1[[api.DTOs.QuizDto, api, Version=1.0.0.0, Culture=neutral, PublicKeyToken=null]]'.
2025-11-14 11:17:18.975 +01:00 [INF] Executed action api.Controllers.TakeQuizApiController.GetAllQuizzes (api) in 4.964ms
2025-11-14 11:17:18.975 +01:00 [INF] Executed endpoint 'api.Controllers.TakeQuizApiController.GetAllQuizzes (api)'
2025-11-14 11:17:18.975 +01:00 [INF] Request finished HTTP/1.1 GET http://localhost:5082/api/takequizapi/takequizlist - 200 377 application/json; charset=utf-8 7.0196ms
2025-11-14 11:17:21.095 +01:00 [INF] Request starting HTTP/1.1 OPTIONS http://localhost:5082/api/takequizapi/attempts/11 - null null
2025-11-14 11:17:21.096 +01:00 [INF] CORS policy execution successful.
2025-11-14 11:17:21.096 +01:00 [INF] Request finished HTTP/1.1 OPTIONS http://localhost:5082/api/takequizapi/attempts/11 - 204 null null 0.3323ms
2025-11-14 11:17:21.098 +01:00 [INF] Request starting HTTP/1.1 OPTIONS http://localhost:5082/api/takequizapi/attempts/11 - null null
2025-11-14 11:17:21.098 +01:00 [INF] CORS policy execution successful.
2025-11-14 11:17:21.098 +01:00 [INF] Request finished HTTP/1.1 OPTIONS http://localhost:5082/api/takequizapi/attempts/11 - 204 null null 0.3581ms
2025-11-14 11:17:21.103 +01:00 [INF] Request starting HTTP/1.1 GET http://localhost:5082/api/takequizapi/attempts/11 - application/json null
2025-11-14 11:17:21.103 +01:00 [INF] CORS policy execution successful.
2025-11-14 11:17:21.104 +01:00 [INF] Executing endpoint 'api.Controllers.TakeQuizApiController.GetAttempts (api)'
2025-11-14 11:17:21.104 +01:00 [INF] Route matched with {action = "GetAttempts", controller = "TakeQuizApi"}. Executing controller action with signature System.Threading.Tasks.Task`1[Microsoft.AspNetCore.Mvc.IActionResult] GetAttempts(Int32) on controller api.Controllers.TakeQuizApiController (api).
2025-11-14 11:17:21.109 +01:00 [INF] Executing OkObjectResult, writing value of type 'System.Collections.Generic.List`1[[api.DTOs.QuizResultDto, api, Version=1.0.0.0, Culture=neutral, PublicKeyToken=null]]'.
2025-11-14 11:17:21.109 +01:00 [INF] Executed action api.Controllers.TakeQuizApiController.GetAttempts (api) in 5.1684ms
2025-11-14 11:17:21.110 +01:00 [INF] Executed endpoint 'api.Controllers.TakeQuizApiController.GetAttempts (api)'
2025-11-14 11:17:21.110 +01:00 [INF] Request finished HTTP/1.1 GET http://localhost:5082/api/takequizapi/attempts/11 - 200 107 application/json; charset=utf-8 6.5666ms
2025-11-14 11:17:21.111 +01:00 [INF] Request starting HTTP/1.1 GET http://localhost:5082/api/takequizapi/attempts/11 - application/json null
2025-11-14 11:17:21.111 +01:00 [INF] CORS policy execution successful.
2025-11-14 11:17:21.111 +01:00 [INF] Executing endpoint 'api.Controllers.TakeQuizApiController.GetAttempts (api)'
2025-11-14 11:17:21.111 +01:00 [INF] Route matched with {action = "GetAttempts", controller = "TakeQuizApi"}. Executing controller action with signature System.Threading.Tasks.Task`1[Microsoft.AspNetCore.Mvc.IActionResult] GetAttempts(Int32) on controller api.Controllers.TakeQuizApiController (api).
2025-11-14 11:17:21.115 +01:00 [INF] Executing OkObjectResult, writing value of type 'System.Collections.Generic.List`1[[api.DTOs.QuizResultDto, api, Version=1.0.0.0, Culture=neutral, PublicKeyToken=null]]'.
2025-11-14 11:17:21.116 +01:00 [INF] Executed action api.Controllers.TakeQuizApiController.GetAttempts (api) in 4.183ms
2025-11-14 11:17:21.116 +01:00 [INF] Executed endpoint 'api.Controllers.TakeQuizApiController.GetAttempts (api)'
2025-11-14 11:17:21.116 +01:00 [INF] Request finished HTTP/1.1 GET http://localhost:5082/api/takequizapi/attempts/11 - 200 107 application/json; charset=utf-8 5.2816ms
2025-11-14 11:17:36.472 +01:00 [INF] Request starting HTTP/1.1 OPTIONS http://localhost:5082/api/takequizapi/takequizlist - null null
2025-11-14 11:17:36.473 +01:00 [INF] CORS policy execution successful.
2025-11-14 11:17:36.473 +01:00 [INF] Request finished HTTP/1.1 OPTIONS http://localhost:5082/api/takequizapi/takequizlist - 204 null null 0.4388ms
2025-11-14 11:17:36.474 +01:00 [INF] Request starting HTTP/1.1 OPTIONS http://localhost:5082/api/takequizapi/takequizlist - null null
2025-11-14 11:17:36.474 +01:00 [INF] CORS policy execution successful.
2025-11-14 11:17:36.474 +01:00 [INF] Request finished HTTP/1.1 OPTIONS http://localhost:5082/api/takequizapi/takequizlist - 204 null null 0.333ms
2025-11-14 11:17:36.480 +01:00 [INF] Request starting HTTP/1.1 GET http://localhost:5082/api/takequizapi/takequizlist - application/json null
2025-11-14 11:17:36.480 +01:00 [INF] CORS policy execution successful.
2025-11-14 11:17:36.481 +01:00 [INF] Executing endpoint 'api.Controllers.TakeQuizApiController.GetAllQuizzes (api)'
2025-11-14 11:17:36.481 +01:00 [INF] Route matched with {action = "GetAllQuizzes", controller = "TakeQuizApi"}. Executing controller action with signature System.Threading.Tasks.Task`1[Microsoft.AspNetCore.Mvc.IActionResult] GetAllQuizzes() on controller api.Controllers.TakeQuizApiController (api).
2025-11-14 11:17:36.485 +01:00 [INF] Executing OkObjectResult, writing value of type 'System.Collections.Generic.List`1[[api.DTOs.QuizDto, api, Version=1.0.0.0, Culture=neutral, PublicKeyToken=null]]'.
2025-11-14 11:17:36.485 +01:00 [INF] Executed action api.Controllers.TakeQuizApiController.GetAllQuizzes (api) in 4.4759ms
2025-11-14 11:17:36.485 +01:00 [INF] Executed endpoint 'api.Controllers.TakeQuizApiController.GetAllQuizzes (api)'
2025-11-14 11:17:36.486 +01:00 [INF] Request finished HTTP/1.1 GET http://localhost:5082/api/takequizapi/takequizlist - 200 377 application/json; charset=utf-8 6.0523ms
2025-11-14 11:17:36.487 +01:00 [INF] Request starting HTTP/1.1 GET http://localhost:5082/api/takequizapi/takequizlist - application/json null
2025-11-14 11:17:36.487 +01:00 [INF] CORS policy execution successful.
2025-11-14 11:17:36.488 +01:00 [INF] Executing endpoint 'api.Controllers.TakeQuizApiController.GetAllQuizzes (api)'
2025-11-14 11:17:36.488 +01:00 [INF] Route matched with {action = "GetAllQuizzes", controller = "TakeQuizApi"}. Executing controller action with signature System.Threading.Tasks.Task`1[Microsoft.AspNetCore.Mvc.IActionResult] GetAllQuizzes() on controller api.Controllers.TakeQuizApiController (api).
2025-11-14 11:17:36.492 +01:00 [INF] Executing OkObjectResult, writing value of type 'System.Collections.Generic.List`1[[api.DTOs.QuizDto, api, Version=1.0.0.0, Culture=neutral, PublicKeyToken=null]]'.
2025-11-14 11:17:36.492 +01:00 [INF] Executed action api.Controllers.TakeQuizApiController.GetAllQuizzes (api) in 4.1835ms
2025-11-14 11:17:36.492 +01:00 [INF] Executed endpoint 'api.Controllers.TakeQuizApiController.GetAllQuizzes (api)'
2025-11-14 11:17:36.492 +01:00 [INF] Request finished HTTP/1.1 GET http://localhost:5082/api/takequizapi/takequizlist - 200 377 application/json; charset=utf-8 5.5936ms
2025-11-14 11:17:40.361 +01:00 [INF] Request starting HTTP/1.1 GET http://localhost:5082/api/takequizapi/takequizlist - application/json null
2025-11-14 11:17:40.362 +01:00 [INF] CORS policy execution successful.
2025-11-14 11:17:40.363 +01:00 [INF] Executing endpoint 'api.Controllers.TakeQuizApiController.GetAllQuizzes (api)'
2025-11-14 11:17:40.363 +01:00 [INF] Route matched with {action = "GetAllQuizzes", controller = "TakeQuizApi"}. Executing controller action with signature System.Threading.Tasks.Task`1[Microsoft.AspNetCore.Mvc.IActionResult] GetAllQuizzes() on controller api.Controllers.TakeQuizApiController (api).
2025-11-14 11:17:40.371 +01:00 [INF] Executing OkObjectResult, writing value of type 'System.Collections.Generic.List`1[[api.DTOs.QuizDto, api, Version=1.0.0.0, Culture=neutral, PublicKeyToken=null]]'.
2025-11-14 11:17:40.371 +01:00 [INF] Executed action api.Controllers.TakeQuizApiController.GetAllQuizzes (api) in 7.974ms
2025-11-14 11:17:40.371 +01:00 [INF] Executed endpoint 'api.Controllers.TakeQuizApiController.GetAllQuizzes (api)'
2025-11-14 11:17:40.371 +01:00 [INF] Request finished HTTP/1.1 GET http://localhost:5082/api/takequizapi/takequizlist - 200 377 application/json; charset=utf-8 9.9746ms
2025-11-14 11:17:40.374 +01:00 [INF] Request starting HTTP/1.1 GET http://localhost:5082/api/takequizapi/takequizlist - application/json null
2025-11-14 11:17:40.375 +01:00 [INF] CORS policy execution successful.
2025-11-14 11:17:40.376 +01:00 [INF] Executing endpoint 'api.Controllers.TakeQuizApiController.GetAllQuizzes (api)'
2025-11-14 11:17:40.376 +01:00 [INF] Route matched with {action = "GetAllQuizzes", controller = "TakeQuizApi"}. Executing controller action with signature System.Threading.Tasks.Task`1[Microsoft.AspNetCore.Mvc.IActionResult] GetAllQuizzes() on controller api.Controllers.TakeQuizApiController (api).
2025-11-14 11:17:40.381 +01:00 [INF] Executing OkObjectResult, writing value of type 'System.Collections.Generic.List`1[[api.DTOs.QuizDto, api, Version=1.0.0.0, Culture=neutral, PublicKeyToken=null]]'.
2025-11-14 11:17:40.381 +01:00 [INF] Executed action api.Controllers.TakeQuizApiController.GetAllQuizzes (api) in 4.7371ms
2025-11-14 11:17:40.381 +01:00 [INF] Executed endpoint 'api.Controllers.TakeQuizApiController.GetAllQuizzes (api)'
2025-11-14 11:17:40.381 +01:00 [INF] Request finished HTTP/1.1 GET http://localhost:5082/api/takequizapi/takequizlist - 200 377 application/json; charset=utf-8 6.715ms
2025-11-14 11:18:13.297 +01:00 [INF] Request starting HTTP/1.1 OPTIONS http://localhost:5082/api/Auth/register - null null
2025-11-14 11:18:13.297 +01:00 [INF] CORS policy execution successful.
2025-11-14 11:18:13.297 +01:00 [INF] Request finished HTTP/1.1 OPTIONS http://localhost:5082/api/Auth/register - 204 null null 0.1919ms
2025-11-14 11:18:13.299 +01:00 [INF] Request starting HTTP/1.1 POST http://localhost:5082/api/Auth/register - application/json 95
2025-11-14 11:18:13.299 +01:00 [INF] CORS policy execution successful.
2025-11-14 11:18:13.299 +01:00 [INF] Executing endpoint 'api.Controllers.AuthController.Register (api)'
2025-11-14 11:18:13.299 +01:00 [INF] Route matched with {action = "Register", controller = "Auth"}. Executing controller action with signature System.Threading.Tasks.Task`1[Microsoft.AspNetCore.Mvc.IActionResult] Register(api.DTOs.RegisterDto) on controller api.Controllers.AuthController (api).
2025-11-14 11:18:13.417 +01:00 [INF] [AuthController] user Student32100 registered with role Student
2025-11-14 11:18:13.417 +01:00 [INF] Executing OkObjectResult, writing value of type '<>f__AnonymousType0`1[[System.String, System.Private.CoreLib, Version=8.0.0.0, Culture=neutral, PublicKeyToken=7cec85d7bea7798e]]'.
2025-11-14 11:18:13.418 +01:00 [INF] Executed action api.Controllers.AuthController.Register (api) in 118.6747ms
2025-11-14 11:18:13.418 +01:00 [INF] Executed endpoint 'api.Controllers.AuthController.Register (api)'
2025-11-14 11:18:13.418 +01:00 [INF] Request finished HTTP/1.1 POST http://localhost:5082/api/Auth/register - 200 53 application/json; charset=utf-8 119.301ms
2025-11-14 11:18:21.430 +01:00 [INF] Request starting HTTP/1.1 OPTIONS http://localhost:5082/api/Auth/login - null null
2025-11-14 11:18:21.430 +01:00 [INF] CORS policy execution successful.
2025-11-14 11:18:21.430 +01:00 [INF] Request finished HTTP/1.1 OPTIONS http://localhost:5082/api/Auth/login - 204 null null 0.2805ms
2025-11-14 11:18:21.432 +01:00 [INF] Request starting HTTP/1.1 POST http://localhost:5082/api/Auth/login - application/json 54
2025-11-14 11:18:21.432 +01:00 [INF] CORS policy execution successful.
2025-11-14 11:18:21.432 +01:00 [INF] Executing endpoint 'api.Controllers.AuthController.Login (api)'
2025-11-14 11:18:21.433 +01:00 [INF] Route matched with {action = "Login", controller = "Auth"}. Executing controller action with signature System.Threading.Tasks.Task`1[Microsoft.AspNetCore.Mvc.IActionResult] Login(api.DTOs.LoginDto) on controller api.Controllers.AuthController (api).
2025-11-14 11:18:21.532 +01:00 [INF] [AuthController] JWT token created for Student32100 with roles Student
2025-11-14 11:18:21.532 +01:00 [INF] [AuthController] user authorised for Student32100
2025-11-14 11:18:21.532 +01:00 [INF] Executing OkObjectResult, writing value of type '<>f__AnonymousType1`1[[System.String, System.Private.CoreLib, Version=8.0.0.0, Culture=neutral, PublicKeyToken=7cec85d7bea7798e]]'.
2025-11-14 11:18:21.532 +01:00 [INF] Executed action api.Controllers.AuthController.Login (api) in 99.5152ms
2025-11-14 11:18:21.532 +01:00 [INF] Executed endpoint 'api.Controllers.AuthController.Login (api)'
2025-11-14 11:18:21.532 +01:00 [INF] Request finished HTTP/1.1 POST http://localhost:5082/api/Auth/login - 200 685 application/json; charset=utf-8 100.011ms
2025-11-14 11:18:23.912 +01:00 [INF] Request starting HTTP/1.1 OPTIONS http://localhost:5082/api/takequizapi/takequizlist - null null
2025-11-14 11:18:23.912 +01:00 [INF] CORS policy execution successful.
2025-11-14 11:18:23.912 +01:00 [INF] Request finished HTTP/1.1 OPTIONS http://localhost:5082/api/takequizapi/takequizlist - 204 null null 0.2176ms
2025-11-14 11:18:23.917 +01:00 [INF] Request starting HTTP/1.1 OPTIONS http://localhost:5082/api/takequizapi/takequizlist - null null
2025-11-14 11:18:23.917 +01:00 [INF] CORS policy execution successful.
2025-11-14 11:18:23.917 +01:00 [INF] Request finished HTTP/1.1 OPTIONS http://localhost:5082/api/takequizapi/takequizlist - 204 null null 0.3206ms
2025-11-14 11:18:23.923 +01:00 [INF] Request starting HTTP/1.1 GET http://localhost:5082/api/takequizapi/takequizlist - application/json null
2025-11-14 11:18:23.923 +01:00 [INF] CORS policy execution successful.
2025-11-14 11:18:23.924 +01:00 [INF] Executing endpoint 'api.Controllers.TakeQuizApiController.GetAllQuizzes (api)'
2025-11-14 11:18:23.924 +01:00 [INF] Route matched with {action = "GetAllQuizzes", controller = "TakeQuizApi"}. Executing controller action with signature System.Threading.Tasks.Task`1[Microsoft.AspNetCore.Mvc.IActionResult] GetAllQuizzes() on controller api.Controllers.TakeQuizApiController (api).
2025-11-14 11:18:23.927 +01:00 [INF] Executing OkObjectResult, writing value of type 'System.Collections.Generic.List`1[[api.DTOs.QuizDto, api, Version=1.0.0.0, Culture=neutral, PublicKeyToken=null]]'.
2025-11-14 11:18:23.928 +01:00 [INF] Executed action api.Controllers.TakeQuizApiController.GetAllQuizzes (api) in 3.6349ms
2025-11-14 11:18:23.928 +01:00 [INF] Executed endpoint 'api.Controllers.TakeQuizApiController.GetAllQuizzes (api)'
2025-11-14 11:18:23.928 +01:00 [INF] Request finished HTTP/1.1 GET http://localhost:5082/api/takequizapi/takequizlist - 200 377 application/json; charset=utf-8 5.0794ms
2025-11-14 11:18:23.929 +01:00 [INF] Request starting HTTP/1.1 GET http://localhost:5082/api/takequizapi/takequizlist - application/json null
2025-11-14 11:18:23.930 +01:00 [INF] CORS policy execution successful.
2025-11-14 11:18:23.930 +01:00 [INF] Executing endpoint 'api.Controllers.TakeQuizApiController.GetAllQuizzes (api)'
2025-11-14 11:18:23.930 +01:00 [INF] Route matched with {action = "GetAllQuizzes", controller = "TakeQuizApi"}. Executing controller action with signature System.Threading.Tasks.Task`1[Microsoft.AspNetCore.Mvc.IActionResult] GetAllQuizzes() on controller api.Controllers.TakeQuizApiController (api).
2025-11-14 11:18:23.934 +01:00 [INF] Executing OkObjectResult, writing value of type 'System.Collections.Generic.List`1[[api.DTOs.QuizDto, api, Version=1.0.0.0, Culture=neutral, PublicKeyToken=null]]'.
2025-11-14 11:18:23.934 +01:00 [INF] Executed action api.Controllers.TakeQuizApiController.GetAllQuizzes (api) in 3.8056ms
2025-11-14 11:18:23.934 +01:00 [INF] Executed endpoint 'api.Controllers.TakeQuizApiController.GetAllQuizzes (api)'
2025-11-14 11:18:23.934 +01:00 [INF] Request finished HTTP/1.1 GET http://localhost:5082/api/takequizapi/takequizlist - 200 377 application/json; charset=utf-8 5.0129ms
2025-11-14 11:18:27.229 +01:00 [INF] Request starting HTTP/1.1 OPTIONS http://localhost:5082/api/takequizapi/attempts/11 - null null
2025-11-14 11:18:27.229 +01:00 [INF] CORS policy execution successful.
2025-11-14 11:18:27.230 +01:00 [INF] Request finished HTTP/1.1 OPTIONS http://localhost:5082/api/takequizapi/attempts/11 - 204 null null 0.2943ms
2025-11-14 11:18:27.233 +01:00 [INF] Request starting HTTP/1.1 OPTIONS http://localhost:5082/api/takequizapi/attempts/11 - null null
2025-11-14 11:18:27.234 +01:00 [INF] CORS policy execution successful.
2025-11-14 11:18:27.234 +01:00 [INF] Request finished HTTP/1.1 OPTIONS http://localhost:5082/api/takequizapi/attempts/11 - 204 null null 0.4215ms
2025-11-14 11:18:27.239 +01:00 [INF] Request starting HTTP/1.1 GET http://localhost:5082/api/takequizapi/attempts/11 - application/json null
2025-11-14 11:18:27.239 +01:00 [INF] CORS policy execution successful.
2025-11-14 11:18:27.240 +01:00 [INF] Executing endpoint 'api.Controllers.TakeQuizApiController.GetAttempts (api)'
2025-11-14 11:18:27.240 +01:00 [INF] Route matched with {action = "GetAttempts", controller = "TakeQuizApi"}. Executing controller action with signature System.Threading.Tasks.Task`1[Microsoft.AspNetCore.Mvc.IActionResult] GetAttempts(Int32) on controller api.Controllers.TakeQuizApiController (api).
2025-11-14 11:18:27.243 +01:00 [INF] Executing OkObjectResult, writing value of type 'System.Collections.Generic.List`1[[api.DTOs.QuizResultDto, api, Version=1.0.0.0, Culture=neutral, PublicKeyToken=null]]'.
2025-11-14 11:18:27.243 +01:00 [INF] Executed action api.Controllers.TakeQuizApiController.GetAttempts (api) in 3.146ms
2025-11-14 11:18:27.243 +01:00 [INF] Executed endpoint 'api.Controllers.TakeQuizApiController.GetAttempts (api)'
2025-11-14 11:18:27.243 +01:00 [INF] Request finished HTTP/1.1 GET http://localhost:5082/api/takequizapi/attempts/11 - 200 2 application/json; charset=utf-8 4.2785ms
2025-11-14 11:18:27.244 +01:00 [INF] Request starting HTTP/1.1 GET http://localhost:5082/api/takequizapi/attempts/11 - application/json null
2025-11-14 11:18:27.245 +01:00 [INF] CORS policy execution successful.
2025-11-14 11:18:27.245 +01:00 [INF] Executing endpoint 'api.Controllers.TakeQuizApiController.GetAttempts (api)'
2025-11-14 11:18:27.245 +01:00 [INF] Route matched with {action = "GetAttempts", controller = "TakeQuizApi"}. Executing controller action with signature System.Threading.Tasks.Task`1[Microsoft.AspNetCore.Mvc.IActionResult] GetAttempts(Int32) on controller api.Controllers.TakeQuizApiController (api).
2025-11-14 11:18:27.248 +01:00 [INF] Executing OkObjectResult, writing value of type 'System.Collections.Generic.List`1[[api.DTOs.QuizResultDto, api, Version=1.0.0.0, Culture=neutral, PublicKeyToken=null]]'.
2025-11-14 11:18:27.248 +01:00 [INF] Executed action api.Controllers.TakeQuizApiController.GetAttempts (api) in 2.9653ms
2025-11-14 11:18:27.248 +01:00 [INF] Executed endpoint 'api.Controllers.TakeQuizApiController.GetAttempts (api)'
2025-11-14 11:18:27.248 +01:00 [INF] Request finished HTTP/1.1 GET http://localhost:5082/api/takequizapi/attempts/11 - 200 2 application/json; charset=utf-8 3.8822ms
2025-11-14 11:18:28.772 +01:00 [INF] Request starting HTTP/1.1 GET http://localhost:5082/api/takequizapi/takequizlist - application/json null
2025-11-14 11:18:28.772 +01:00 [INF] CORS policy execution successful.
2025-11-14 11:18:28.773 +01:00 [INF] Executing endpoint 'api.Controllers.TakeQuizApiController.GetAllQuizzes (api)'
2025-11-14 11:18:28.773 +01:00 [INF] Route matched with {action = "GetAllQuizzes", controller = "TakeQuizApi"}. Executing controller action with signature System.Threading.Tasks.Task`1[Microsoft.AspNetCore.Mvc.IActionResult] GetAllQuizzes() on controller api.Controllers.TakeQuizApiController (api).
2025-11-14 11:18:28.776 +01:00 [INF] Executing OkObjectResult, writing value of type 'System.Collections.Generic.List`1[[api.DTOs.QuizDto, api, Version=1.0.0.0, Culture=neutral, PublicKeyToken=null]]'.
2025-11-14 11:18:28.776 +01:00 [INF] Executed action api.Controllers.TakeQuizApiController.GetAllQuizzes (api) in 3.0211ms
2025-11-14 11:18:28.776 +01:00 [INF] Executed endpoint 'api.Controllers.TakeQuizApiController.GetAllQuizzes (api)'
2025-11-14 11:18:28.776 +01:00 [INF] Request finished HTTP/1.1 GET http://localhost:5082/api/takequizapi/takequizlist - 200 377 application/json; charset=utf-8 4.0355ms
2025-11-14 11:18:28.777 +01:00 [INF] Request starting HTTP/1.1 GET http://localhost:5082/api/takequizapi/takequizlist - application/json null
2025-11-14 11:18:28.778 +01:00 [INF] CORS policy execution successful.
2025-11-14 11:18:28.778 +01:00 [INF] Executing endpoint 'api.Controllers.TakeQuizApiController.GetAllQuizzes (api)'
2025-11-14 11:18:28.779 +01:00 [INF] Route matched with {action = "GetAllQuizzes", controller = "TakeQuizApi"}. Executing controller action with signature System.Threading.Tasks.Task`1[Microsoft.AspNetCore.Mvc.IActionResult] GetAllQuizzes() on controller api.Controllers.TakeQuizApiController (api).
2025-11-14 11:18:28.782 +01:00 [INF] Executing OkObjectResult, writing value of type 'System.Collections.Generic.List`1[[api.DTOs.QuizDto, api, Version=1.0.0.0, Culture=neutral, PublicKeyToken=null]]'.
2025-11-14 11:18:28.782 +01:00 [INF] Executed action api.Controllers.TakeQuizApiController.GetAllQuizzes (api) in 3.3523ms
2025-11-14 11:18:28.782 +01:00 [INF] Executed endpoint 'api.Controllers.TakeQuizApiController.GetAllQuizzes (api)'
2025-11-14 11:18:28.782 +01:00 [INF] Request finished HTTP/1.1 GET http://localhost:5082/api/takequizapi/takequizlist - 200 377 application/json; charset=utf-8 5.202ms
2025-11-14 11:18:38.418 +01:00 [INF] Request starting HTTP/1.1 OPTIONS http://localhost:5082/api/takequizapi/2 - null null
2025-11-14 11:18:38.418 +01:00 [INF] CORS policy execution successful.
2025-11-14 11:18:38.419 +01:00 [INF] Request finished HTTP/1.1 OPTIONS http://localhost:5082/api/takequizapi/2 - 204 null null 0.8522ms
2025-11-14 11:18:38.421 +01:00 [INF] Request starting HTTP/1.1 OPTIONS http://localhost:5082/api/takequizapi/2 - null null
2025-11-14 11:18:38.421 +01:00 [INF] CORS policy execution successful.
2025-11-14 11:18:38.421 +01:00 [INF] Request finished HTTP/1.1 OPTIONS http://localhost:5082/api/takequizapi/2 - 204 null null 0.2661ms
2025-11-14 11:18:38.427 +01:00 [INF] Request starting HTTP/1.1 GET http://localhost:5082/api/takequizapi/2 - application/json null
2025-11-14 11:18:38.427 +01:00 [INF] CORS policy execution successful.
2025-11-14 11:18:38.428 +01:00 [INF] Executing endpoint 'api.Controllers.TakeQuizApiController.GetQuiz (api)'
2025-11-14 11:18:38.428 +01:00 [INF] Route matched with {action = "GetQuiz", controller = "TakeQuizApi"}. Executing controller action with signature System.Threading.Tasks.Task`1[Microsoft.AspNetCore.Mvc.IActionResult] GetQuiz(Int32) on controller api.Controllers.TakeQuizApiController (api).
2025-11-14 11:18:38.431 +01:00 [INF] Executing OkObjectResult, writing value of type 'api.DTOs.QuizDto'.
2025-11-14 11:18:38.432 +01:00 [INF] Executed action api.Controllers.TakeQuizApiController.GetQuiz (api) in 3.2146ms
2025-11-14 11:18:38.432 +01:00 [INF] Executed endpoint 'api.Controllers.TakeQuizApiController.GetQuiz (api)'
2025-11-14 11:18:38.432 +01:00 [INF] Request finished HTTP/1.1 GET http://localhost:5082/api/takequizapi/2 - 200 918 application/json; charset=utf-8 5.1451ms
2025-11-14 11:18:38.433 +01:00 [INF] Request starting HTTP/1.1 GET http://localhost:5082/api/takequizapi/2 - application/json null
2025-11-14 11:18:38.434 +01:00 [INF] CORS policy execution successful.
2025-11-14 11:18:38.434 +01:00 [INF] Executing endpoint 'api.Controllers.TakeQuizApiController.GetQuiz (api)'
2025-11-14 11:18:38.435 +01:00 [INF] Route matched with {action = "GetQuiz", controller = "TakeQuizApi"}. Executing controller action with signature System.Threading.Tasks.Task`1[Microsoft.AspNetCore.Mvc.IActionResult] GetQuiz(Int32) on controller api.Controllers.TakeQuizApiController (api).
2025-11-14 11:18:38.437 +01:00 [INF] Executing OkObjectResult, writing value of type 'api.DTOs.QuizDto'.
2025-11-14 11:18:38.437 +01:00 [INF] Executed action api.Controllers.TakeQuizApiController.GetQuiz (api) in 2.683ms
2025-11-14 11:18:38.437 +01:00 [INF] Executed endpoint 'api.Controllers.TakeQuizApiController.GetQuiz (api)'
2025-11-14 11:18:38.438 +01:00 [INF] Request finished HTTP/1.1 GET http://localhost:5082/api/takequizapi/2 - 200 918 application/json; charset=utf-8 4.3995ms
2025-11-14 11:19:02.196 +01:00 [INF] Request starting HTTP/1.1 OPTIONS http://localhost:5082/api/takequizapi/submit - null null
2025-11-14 11:19:02.196 +01:00 [INF] CORS policy execution successful.
2025-11-14 11:19:02.196 +01:00 [INF] Request finished HTTP/1.1 OPTIONS http://localhost:5082/api/takequizapi/submit - 204 null null 0.197ms
2025-11-14 11:19:02.198 +01:00 [INF] Request starting HTTP/1.1 POST http://localhost:5082/api/takequizapi/submit - application/json 51
2025-11-14 11:19:02.198 +01:00 [INF] CORS policy execution successful.
2025-11-14 11:19:02.198 +01:00 [INF] Executing endpoint 'api.Controllers.TakeQuizApiController.Submit (api)'
2025-11-14 11:19:02.198 +01:00 [INF] Route matched with {action = "Submit", controller = "TakeQuizApi"}. Executing controller action with signature System.Threading.Tasks.Task`1[Microsoft.AspNetCore.Mvc.IActionResult] Submit(api.DTOs.QuizSubmissionDto) on controller api.Controllers.TakeQuizApiController (api).
2025-11-14 11:19:02.200 +01:00 [INF] Executing OkObjectResult, writing value of type 'System.Collections.Generic.Dictionary`2[[System.String, System.Private.CoreLib, Version=8.0.0.0, Culture=neutral, PublicKeyToken=7cec85d7bea7798e],[System.Int32, System.Private.CoreLib, Version=8.0.0.0, Culture=neutral, PublicKeyToken=7cec85d7bea7798e]]'.
2025-11-14 11:19:02.201 +01:00 [INF] Executed action api.Controllers.TakeQuizApiController.Submit (api) in 2.3095ms
2025-11-14 11:19:02.201 +01:00 [INF] Executed endpoint 'api.Controllers.TakeQuizApiController.Submit (api)'
2025-11-14 11:19:02.201 +01:00 [INF] Request finished HTTP/1.1 POST http://localhost:5082/api/takequizapi/submit - 200 11 application/json; charset=utf-8 3.4027ms
2025-11-14 11:36:00.619 +01:00 [INF] Application is shutting down...
