2025-11-14 12:10:19.993 +01:00 [INF] User profile is available. Using 'C:\Users\Muniira\AppData\Local\ASP.NET\DataProtection-Keys' as key repository and Windows DPAPI to encrypt keys at rest.
2025-11-14 12:10:20.197 +01:00 [INF] Now listening on: http://localhost:5082
2025-11-14 12:10:20.205 +01:00 [INF] Application started. Press Ctrl+C to shut down.
2025-11-14 12:10:20.206 +01:00 [INF] Hosting environment: Development
2025-11-14 12:10:20.207 +01:00 [INF] Content root path: C:\Users\Muniira\OneDrive - OsloMet\Skrivebord\EksamenFAM\EXAMFAM\api
2025-11-14 12:10:42.564 +01:00 [INF] Request starting HTTP/1.1 OPTIONS http://localhost:5082/api/takequizapi/takequizlist - null null
2025-11-14 12:10:42.564 +01:00 [INF] Request starting HTTP/1.1 OPTIONS http://localhost:5082/api/takequizapi/takequizlist - null null
2025-11-14 12:10:42.668 +01:00 [INF] CORS policy execution successful.
2025-11-14 12:10:42.668 +01:00 [INF] CORS policy execution successful.
2025-11-14 12:10:42.686 +01:00 [INF] Request finished HTTP/1.1 OPTIONS http://localhost:5082/api/takequizapi/takequizlist - 204 null null 129.1206ms
2025-11-14 12:10:42.686 +01:00 [INF] Request finished HTTP/1.1 OPTIONS http://localhost:5082/api/takequizapi/takequizlist - 204 null null 129.2417ms
2025-11-14 12:10:42.693 +01:00 [INF] Request starting HTTP/1.1 GET http://localhost:5082/api/takequizapi/takequizlist - application/json null
2025-11-14 12:10:42.709 +01:00 [INF] CORS policy execution successful.
2025-11-14 12:10:42.959 +01:00 [INF] Executing endpoint 'api.Controllers.TakeQuizApiController.GetAllQuizzes (api)'
2025-11-14 12:10:42.989 +01:00 [INF] Route matched with {action = "GetAllQuizzes", controller = "TakeQuizApi"}. Executing controller action with signature System.Threading.Tasks.Task`1[Microsoft.AspNetCore.Mvc.IActionResult] GetAllQuizzes() on controller api.Controllers.TakeQuizApiController (api).
2025-11-14 12:10:43.336 +01:00 [WRN] Compiling a query which loads related collections for more than one collection navigation, either via 'Include' or through projection, but no 'QuerySplittingBehavior' has been configured. By default, Entity Framework will use 'QuerySplittingBehavior.SingleQuery', which can potentially result in slow query performance. See https://go.microsoft.com/fwlink/?linkid=2134277 for more information. To identify the query that's triggering this warning call 'ConfigureWarnings(w => w.Throw(RelationalEventId.MultipleCollectionIncludeWarning))'.
2025-11-14 12:10:43.471 +01:00 [INF] Executing OkObjectResult, writing value of type 'System.Collections.Generic.List`1[[api.DTOs.QuizDto, api, Version=1.0.0.0, Culture=neutral, PublicKeyToken=null]]'.
2025-11-14 12:10:43.632 +01:00 [INF] Request starting HTTP/1.1 GET http://localhost:5082/api/takequizapi/takequizlist - application/json null
2025-11-14 12:10:43.633 +01:00 [INF] CORS policy execution successful.
2025-11-14 12:10:43.637 +01:00 [INF] Executing endpoint 'api.Controllers.TakeQuizApiController.GetAllQuizzes (api)'
2025-11-14 12:10:43.637 +01:00 [INF] Executed action api.Controllers.TakeQuizApiController.GetAllQuizzes (api) in 639.9609ms
2025-11-14 12:10:43.638 +01:00 [INF] Route matched with {action = "GetAllQuizzes", controller = "TakeQuizApi"}. Executing controller action with signature System.Threading.Tasks.Task`1[Microsoft.AspNetCore.Mvc.IActionResult] GetAllQuizzes() on controller api.Controllers.TakeQuizApiController (api).
2025-11-14 12:10:43.638 +01:00 [INF] Executed endpoint 'api.Controllers.TakeQuizApiController.GetAllQuizzes (api)'
2025-11-14 12:10:43.645 +01:00 [INF] Request finished HTTP/1.1 GET http://localhost:5082/api/takequizapi/takequizlist - 200 377 application/json; charset=utf-8 951.8415ms
2025-11-14 12:10:43.674 +01:00 [INF] Executing OkObjectResult, writing value of type 'System.Collections.Generic.List`1[[api.DTOs.QuizDto, api, Version=1.0.0.0, Culture=neutral, PublicKeyToken=null]]'.
2025-11-14 12:10:43.677 +01:00 [INF] Executed action api.Controllers.TakeQuizApiController.GetAllQuizzes (api) in 38.4655ms
2025-11-14 12:10:43.677 +01:00 [INF] Executed endpoint 'api.Controllers.TakeQuizApiController.GetAllQuizzes (api)'
2025-11-14 12:10:43.678 +01:00 [INF] Request finished HTTP/1.1 GET http://localhost:5082/api/takequizapi/takequizlist - 200 377 application/json; charset=utf-8 46.1324ms
2025-11-14 12:10:45.437 +01:00 [INF] Request starting HTTP/1.1 OPTIONS http://localhost:5082/api/takequizapi/2 - null null
2025-11-14 12:10:45.438 +01:00 [INF] Request starting HTTP/1.1 OPTIONS http://localhost:5082/api/takequizapi/2 - null null
2025-11-14 12:10:45.442 +01:00 [INF] CORS policy execution successful.
2025-11-14 12:10:45.442 +01:00 [INF] CORS policy execution successful.
2025-11-14 12:10:45.442 +01:00 [INF] Request finished HTTP/1.1 OPTIONS http://localhost:5082/api/takequizapi/2 - 204 null null 4.7187ms
2025-11-14 12:10:45.443 +01:00 [INF] Request finished HTTP/1.1 OPTIONS http://localhost:5082/api/takequizapi/2 - 204 null null 6.6567ms
2025-11-14 12:10:45.451 +01:00 [INF] Request starting HTTP/1.1 GET http://localhost:5082/api/takequizapi/2 - application/json null
2025-11-14 12:10:45.451 +01:00 [INF] CORS policy execution successful.
2025-11-14 12:10:45.459 +01:00 [INF] Executing endpoint 'api.Controllers.TakeQuizApiController.GetQuiz (api)'
2025-11-14 12:10:45.495 +01:00 [INF] Route matched with {action = "GetQuiz", controller = "TakeQuizApi"}. Executing controller action with signature System.Threading.Tasks.Task`1[Microsoft.AspNetCore.Mvc.IActionResult] GetQuiz(Int32) on controller api.Controllers.TakeQuizApiController (api).
2025-11-14 12:10:45.593 +01:00 [WRN] Compiling a query which loads related collections for more than one collection navigation, either via 'Include' or through projection, but no 'QuerySplittingBehavior' has been configured. By default, Entity Framework will use 'QuerySplittingBehavior.SingleQuery', which can potentially result in slow query performance. See https://go.microsoft.com/fwlink/?linkid=2134277 for more information. To identify the query that's triggering this warning call 'ConfigureWarnings(w => w.Throw(RelationalEventId.MultipleCollectionIncludeWarning))'.
2025-11-14 12:10:45.618 +01:00 [INF] Executing OkObjectResult, writing value of type 'api.DTOs.QuizDto'.
2025-11-14 12:10:45.633 +01:00 [INF] Executed action api.Controllers.TakeQuizApiController.GetQuiz (api) in 137.5024ms
2025-11-14 12:10:45.634 +01:00 [INF] Executed endpoint 'api.Controllers.TakeQuizApiController.GetQuiz (api)'
2025-11-14 12:10:45.634 +01:00 [INF] Request finished HTTP/1.1 GET http://localhost:5082/api/takequizapi/2 - 200 918 application/json; charset=utf-8 183.0032ms
2025-11-14 12:10:45.635 +01:00 [INF] Request starting HTTP/1.1 GET http://localhost:5082/api/takequizapi/2 - application/json null
2025-11-14 12:10:45.636 +01:00 [INF] CORS policy execution successful.
2025-11-14 12:10:45.637 +01:00 [INF] Executing endpoint 'api.Controllers.TakeQuizApiController.GetQuiz (api)'
2025-11-14 12:10:45.637 +01:00 [INF] Route matched with {action = "GetQuiz", controller = "TakeQuizApi"}. Executing controller action with signature System.Threading.Tasks.Task`1[Microsoft.AspNetCore.Mvc.IActionResult] GetQuiz(Int32) on controller api.Controllers.TakeQuizApiController (api).
2025-11-14 12:10:45.647 +01:00 [INF] Executing OkObjectResult, writing value of type 'api.DTOs.QuizDto'.
2025-11-14 12:10:45.647 +01:00 [INF] Executed action api.Controllers.TakeQuizApiController.GetQuiz (api) in 9.9723ms
2025-11-14 12:10:45.648 +01:00 [INF] Executed endpoint 'api.Controllers.TakeQuizApiController.GetQuiz (api)'
2025-11-14 12:10:45.648 +01:00 [INF] Request finished HTTP/1.1 GET http://localhost:5082/api/takequizapi/2 - 200 918 application/json; charset=utf-8 13.0266ms
2025-11-14 12:10:56.897 +01:00 [INF] Request starting HTTP/1.1 OPTIONS http://localhost:5082/api/takequizapi/submit - null null
2025-11-14 12:10:56.898 +01:00 [INF] CORS policy execution successful.
2025-11-14 12:10:56.898 +01:00 [INF] Request finished HTTP/1.1 OPTIONS http://localhost:5082/api/takequizapi/submit - 204 null null 0.904ms
2025-11-14 12:10:56.901 +01:00 [INF] Request starting HTTP/1.1 POST http://localhost:5082/api/takequizapi/submit - application/json 51
2025-11-14 12:10:56.901 +01:00 [INF] CORS policy execution successful.
2025-11-14 12:10:56.906 +01:00 [INF] Executing endpoint 'api.Controllers.TakeQuizApiController.Submit (api)'
2025-11-14 12:10:56.912 +01:00 [INF] Route matched with {action = "Submit", controller = "TakeQuizApi"}. Executing controller action with signature System.Threading.Tasks.Task`1[Microsoft.AspNetCore.Mvc.IActionResult] Submit(api.DTOs.QuizSubmissionDto) on controller api.Controllers.TakeQuizApiController (api).
2025-11-14 12:10:56.964 +01:00 [INF] Executing OkObjectResult, writing value of type 'System.Collections.Generic.Dictionary`2[[System.String, System.Private.CoreLib, Version=8.0.0.0, Culture=neutral, PublicKeyToken=7cec85d7bea7798e],[System.Int32, System.Private.CoreLib, Version=8.0.0.0, Culture=neutral, PublicKeyToken=7cec85d7bea7798e]]'.
2025-11-14 12:10:56.966 +01:00 [INF] Executed action api.Controllers.TakeQuizApiController.Submit (api) in 54.1406ms
2025-11-14 12:10:56.966 +01:00 [INF] Executed endpoint 'api.Controllers.TakeQuizApiController.Submit (api)'
2025-11-14 12:10:56.966 +01:00 [INF] Request finished HTTP/1.1 POST http://localhost:5082/api/takequizapi/submit - 200 11 application/json; charset=utf-8 65.2654ms
2025-11-14 12:10:59.317 +01:00 [INF] Request starting HTTP/1.1 OPTIONS http://localhost:5082/api/takequizapi/saveattempt - null null
2025-11-14 12:10:59.318 +01:00 [INF] CORS policy execution successful.
2025-11-14 12:10:59.318 +01:00 [INF] Request finished HTTP/1.1 OPTIONS http://localhost:5082/api/takequizapi/saveattempt - 204 null null 0.4117ms
2025-11-14 12:10:59.320 +01:00 [INF] Request starting HTTP/1.1 POST http://localhost:5082/api/takequizapi/saveattempt - application/json 22
2025-11-14 12:10:59.320 +01:00 [INF] CORS policy execution successful.
2025-11-14 12:10:59.323 +01:00 [INF] Executing endpoint 'api.Controllers.TakeQuizApiController.SaveAttempt (api)'
2025-11-14 12:10:59.326 +01:00 [INF] Route matched with {action = "SaveAttempt", controller = "TakeQuizApi"}. Executing controller action with signature System.Threading.Tasks.Task`1[Microsoft.AspNetCore.Mvc.IActionResult] SaveAttempt(api.DTOs.QuizResultDto) on controller api.Controllers.TakeQuizApiController (api).
2025-11-14 12:10:59.512 +01:00 [INF] Executing OkObjectResult, writing value of type '<>f__AnonymousType3`1[[System.String, System.Private.CoreLib, Version=8.0.0.0, Culture=neutral, PublicKeyToken=7cec85d7bea7798e]]'.
2025-11-14 12:10:59.516 +01:00 [INF] Executed action api.Controllers.TakeQuizApiController.SaveAttempt (api) in 189.7793ms
2025-11-14 12:10:59.516 +01:00 [INF] Executed endpoint 'api.Controllers.TakeQuizApiController.SaveAttempt (api)'
2025-11-14 12:10:59.516 +01:00 [INF] Request finished HTTP/1.1 POST http://localhost:5082/api/takequizapi/saveattempt - 200 40 application/json; charset=utf-8 196.0288ms
2025-11-14 12:11:05.152 +01:00 [INF] Request starting HTTP/1.1 OPTIONS http://localhost:5082/api/takequizapi/takequizlist - null null
2025-11-14 12:11:05.153 +01:00 [INF] CORS policy execution successful.
2025-11-14 12:11:05.153 +01:00 [INF] Request starting HTTP/1.1 OPTIONS http://localhost:5082/api/takequizapi/takequizlist - null null
2025-11-14 12:11:05.153 +01:00 [INF] Request finished HTTP/1.1 OPTIONS http://localhost:5082/api/takequizapi/takequizlist - 204 null null 0.9292ms
2025-11-14 12:11:05.153 +01:00 [INF] CORS policy execution successful.
2025-11-14 12:11:05.154 +01:00 [INF] Request finished HTTP/1.1 OPTIONS http://localhost:5082/api/takequizapi/takequizlist - 204 null null 0.5974ms
2025-11-14 12:11:05.159 +01:00 [INF] Request starting HTTP/1.1 GET http://localhost:5082/api/takequizapi/takequizlist - application/json null
2025-11-14 12:11:05.159 +01:00 [INF] CORS policy execution successful.
2025-11-14 12:11:05.160 +01:00 [INF] Executing endpoint 'api.Controllers.TakeQuizApiController.GetAllQuizzes (api)'
2025-11-14 12:11:05.160 +01:00 [INF] Route matched with {action = "GetAllQuizzes", controller = "TakeQuizApi"}. Executing controller action with signature System.Threading.Tasks.Task`1[Microsoft.AspNetCore.Mvc.IActionResult] GetAllQuizzes() on controller api.Controllers.TakeQuizApiController (api).
2025-11-14 12:11:05.166 +01:00 [INF] Executing OkObjectResult, writing value of type 'System.Collections.Generic.List`1[[api.DTOs.QuizDto, api, Version=1.0.0.0, Culture=neutral, PublicKeyToken=null]]'.
2025-11-14 12:11:05.166 +01:00 [INF] Executed action api.Controllers.TakeQuizApiController.GetAllQuizzes (api) in 6.099ms
2025-11-14 12:11:05.166 +01:00 [INF] Executed endpoint 'api.Controllers.TakeQuizApiController.GetAllQuizzes (api)'
2025-11-14 12:11:05.167 +01:00 [INF] Request finished HTTP/1.1 GET http://localhost:5082/api/takequizapi/takequizlist - 200 377 application/json; charset=utf-8 7.703ms
2025-11-14 12:11:05.168 +01:00 [INF] Request starting HTTP/1.1 GET http://localhost:5082/api/takequizapi/takequizlist - application/json null
2025-11-14 12:11:05.168 +01:00 [INF] CORS policy execution successful.
2025-11-14 12:11:05.169 +01:00 [INF] Executing endpoint 'api.Controllers.TakeQuizApiController.GetAllQuizzes (api)'
2025-11-14 12:11:05.169 +01:00 [INF] Route matched with {action = "GetAllQuizzes", controller = "TakeQuizApi"}. Executing controller action with signature System.Threading.Tasks.Task`1[Microsoft.AspNetCore.Mvc.IActionResult] GetAllQuizzes() on controller api.Controllers.TakeQuizApiController (api).
2025-11-14 12:11:05.177 +01:00 [INF] Executing OkObjectResult, writing value of type 'System.Collections.Generic.List`1[[api.DTOs.QuizDto, api, Version=1.0.0.0, Culture=neutral, PublicKeyToken=null]]'.
2025-11-14 12:11:05.178 +01:00 [INF] Executed action api.Controllers.TakeQuizApiController.GetAllQuizzes (api) in 9.3239ms
2025-11-14 12:11:05.179 +01:00 [INF] Executed endpoint 'api.Controllers.TakeQuizApiController.GetAllQuizzes (api)'
2025-11-14 12:11:05.179 +01:00 [INF] Request finished HTTP/1.1 GET http://localhost:5082/api/takequizapi/takequizlist - 200 377 application/json; charset=utf-8 11.5781ms
2025-11-14 12:11:06.691 +01:00 [INF] Request starting HTTP/1.1 OPTIONS http://localhost:5082/api/takequizapi/attempts/2 - null null
2025-11-14 12:11:06.691 +01:00 [INF] CORS policy execution successful.
2025-11-14 12:11:06.692 +01:00 [INF] Request finished HTTP/1.1 OPTIONS http://localhost:5082/api/takequizapi/attempts/2 - 204 null null 1.0226ms
2025-11-14 12:11:06.695 +01:00 [INF] Request starting HTTP/1.1 OPTIONS http://localhost:5082/api/takequizapi/attempts/2 - null null
2025-11-14 12:11:06.695 +01:00 [INF] CORS policy execution successful.
2025-11-14 12:11:06.696 +01:00 [INF] Request finished HTTP/1.1 OPTIONS http://localhost:5082/api/takequizapi/attempts/2 - 204 null null 0.5826ms
2025-11-14 12:11:06.706 +01:00 [INF] Request starting HTTP/1.1 GET http://localhost:5082/api/takequizapi/attempts/2 - application/json null
2025-11-14 12:11:06.707 +01:00 [INF] CORS policy execution successful.
2025-11-14 12:11:06.710 +01:00 [INF] Executing endpoint 'api.Controllers.TakeQuizApiController.GetAttempts (api)'
2025-11-14 12:11:06.719 +01:00 [INF] Route matched with {action = "GetAttempts", controller = "TakeQuizApi"}. Executing controller action with signature System.Threading.Tasks.Task`1[Microsoft.AspNetCore.Mvc.IActionResult] GetAttempts(Int32) on controller api.Controllers.TakeQuizApiController (api).
2025-11-14 12:11:06.791 +01:00 [WRN] Compiling a query which loads related collections for more than one collection navigation, either via 'Include' or through projection, but no 'QuerySplittingBehavior' has been configured. By default, Entity Framework will use 'QuerySplittingBehavior.SingleQuery', which can potentially result in slow query performance. See https://go.microsoft.com/fwlink/?linkid=2134277 for more information. To identify the query that's triggering this warning call 'ConfigureWarnings(w => w.Throw(RelationalEventId.MultipleCollectionIncludeWarning))'.
2025-11-14 12:11:06.831 +01:00 [INF] Executing OkObjectResult, writing value of type 'System.Collections.Generic.List`1[[api.DTOs.QuizResultDto, api, Version=1.0.0.0, Culture=neutral, PublicKeyToken=null]]'.
2025-11-14 12:11:06.842 +01:00 [INF] Executed action api.Controllers.TakeQuizApiController.GetAttempts (api) in 123.0017ms
2025-11-14 12:11:06.842 +01:00 [INF] Executed endpoint 'api.Controllers.TakeQuizApiController.GetAttempts (api)'
2025-11-14 12:11:06.843 +01:00 [INF] Request finished HTTP/1.1 GET http://localhost:5082/api/takequizapi/attempts/2 - 200 341 application/json; charset=utf-8 136.3333ms
2025-11-14 12:11:06.845 +01:00 [INF] Request starting HTTP/1.1 GET http://localhost:5082/api/takequizapi/attempts/2 - application/json null
2025-11-14 12:11:06.846 +01:00 [INF] CORS policy execution successful.
2025-11-14 12:11:06.848 +01:00 [INF] Executing endpoint 'api.Controllers.TakeQuizApiController.GetAttempts (api)'
2025-11-14 12:11:06.848 +01:00 [INF] Route matched with {action = "GetAttempts", controller = "TakeQuizApi"}. Executing controller action with signature System.Threading.Tasks.Task`1[Microsoft.AspNetCore.Mvc.IActionResult] GetAttempts(Int32) on controller api.Controllers.TakeQuizApiController (api).
2025-11-14 12:11:06.862 +01:00 [INF] Executing OkObjectResult, writing value of type 'System.Collections.Generic.List`1[[api.DTOs.QuizResultDto, api, Version=1.0.0.0, Culture=neutral, PublicKeyToken=null]]'.
2025-11-14 12:11:06.863 +01:00 [INF] Executed action api.Controllers.TakeQuizApiController.GetAttempts (api) in 14.3323ms
2025-11-14 12:11:06.863 +01:00 [INF] Executed endpoint 'api.Controllers.TakeQuizApiController.GetAttempts (api)'
2025-11-14 12:11:06.863 +01:00 [INF] Request finished HTTP/1.1 GET http://localhost:5082/api/takequizapi/attempts/2 - 200 341 application/json; charset=utf-8 17.928ms
2025-11-14 12:24:00.380 +01:00 [INF] Request starting HTTP/1.1 OPTIONS http://localhost:5082/api/takequizapi/attempts/2 - null null
2025-11-14 12:24:00.405 +01:00 [INF] CORS policy execution successful.
2025-11-14 12:24:00.411 +01:00 [INF] Request finished HTTP/1.1 OPTIONS http://localhost:5082/api/takequizapi/attempts/2 - 204 null null 38.3183ms
2025-11-14 12:24:00.416 +01:00 [INF] Request starting HTTP/1.1 GET http://localhost:5082/api/takequizapi/attempts/2 - application/json null
2025-11-14 12:24:00.420 +01:00 [INF] CORS policy execution successful.
2025-11-14 12:24:00.444 +01:00 [INF] Executing endpoint 'api.Controllers.TakeQuizApiController.GetAttempts (api)'
2025-11-14 12:24:00.449 +01:00 [INF] Route matched with {action = "GetAttempts", controller = "TakeQuizApi"}. Executing controller action with signature System.Threading.Tasks.Task`1[Microsoft.AspNetCore.Mvc.IActionResult] GetAttempts(Int32) on controller api.Controllers.TakeQuizApiController (api).
2025-11-14 12:24:00.558 +01:00 [INF] Executing OkObjectResult, writing value of type 'System.Collections.Generic.List`1[[api.DTOs.QuizResultDto, api, Version=1.0.0.0, Culture=neutral, PublicKeyToken=null]]'.
2025-11-14 12:24:00.561 +01:00 [INF] Executed action api.Controllers.TakeQuizApiController.GetAttempts (api) in 112.1195ms
2025-11-14 12:24:00.562 +01:00 [INF] Executed endpoint 'api.Controllers.TakeQuizApiController.GetAttempts (api)'
2025-11-14 12:24:00.562 +01:00 [INF] Request finished HTTP/1.1 GET http://localhost:5082/api/takequizapi/attempts/2 - 200 341 application/json; charset=utf-8 145.8299ms
2025-11-14 12:24:23.356 +01:00 [INF] Application is shutting down...
