2025-11-14 14:05:02.508 +01:00 [INF] User profile is available. Using 'C:\Users\Admin\AppData\Local\ASP.NET\DataProtection-Keys' as key repository and Windows DPAPI to encrypt keys at rest.
2025-11-14 14:05:02.622 +01:00 [INF] Now listening on: http://localhost:5082
2025-11-14 14:05:02.627 +01:00 [INF] Application started. Press Ctrl+C to shut down.
2025-11-14 14:05:02.627 +01:00 [INF] Hosting environment: Development
2025-11-14 14:05:02.627 +01:00 [INF] Content root path: C:\Users\Admin\OneDrive - OsloMet\FinalExamITPE3200\EXAMFAM\api
2025-11-14 14:05:13.636 +01:00 [INF] Request starting HTTP/1.1 OPTIONS http://localhost:5082/api/takequizapi/takequizlist - null null
2025-11-14 14:05:13.636 +01:00 [INF] Request starting HTTP/1.1 OPTIONS http://localhost:5082/api/takequizapi/takequizlist - null null
2025-11-14 14:05:13.697 +01:00 [INF] CORS policy execution successful.
2025-11-14 14:05:13.697 +01:00 [INF] CORS policy execution successful.
2025-11-14 14:05:13.707 +01:00 [INF] Request finished HTTP/1.1 OPTIONS http://localhost:5082/api/takequizapi/takequizlist - 204 null null 73.3667ms
2025-11-14 14:05:13.707 +01:00 [INF] Request finished HTTP/1.1 OPTIONS http://localhost:5082/api/takequizapi/takequizlist - 204 null null 73.3442ms
2025-11-14 14:05:13.711 +01:00 [INF] Request starting HTTP/1.1 GET http://localhost:5082/api/takequizapi/takequizlist - application/json null
2025-11-14 14:05:13.724 +01:00 [INF] CORS policy execution successful.
2025-11-14 14:05:14.004 +01:00 [INF] Executing endpoint 'api.Controllers.TakeQuizApiController.GetAllQuizzes (api)'
2025-11-14 14:05:14.030 +01:00 [INF] Route matched with {action = "GetAllQuizzes", controller = "TakeQuizApi"}. Executing controller action with signature System.Threading.Tasks.Task`1[Microsoft.AspNetCore.Mvc.IActionResult] GetAllQuizzes() on controller api.Controllers.TakeQuizApiController (api).
2025-11-14 14:05:14.354 +01:00 [WRN] Compiling a query which loads related collections for more than one collection navigation, either via 'Include' or through projection, but no 'QuerySplittingBehavior' has been configured. By default, Entity Framework will use 'QuerySplittingBehavior.SingleQuery', which can potentially result in slow query performance. See https://go.microsoft.com/fwlink/?linkid=2134277 for more information. To identify the query that's triggering this warning call 'ConfigureWarnings(w => w.Throw(RelationalEventId.MultipleCollectionIncludeWarning))'.
2025-11-14 14:05:14.469 +01:00 [INF] Executing OkObjectResult, writing value of type 'System.Collections.Generic.List`1[[api.DTOs.QuizDto, api, Version=1.0.0.0, Culture=neutral, PublicKeyToken=null]]'.
2025-11-14 14:05:14.589 +01:00 [INF] Executed action api.Controllers.TakeQuizApiController.GetAllQuizzes (api) in 551.8023ms
2025-11-14 14:05:14.589 +01:00 [INF] Executed endpoint 'api.Controllers.TakeQuizApiController.GetAllQuizzes (api)'
2025-11-14 14:05:14.594 +01:00 [INF] Request finished HTTP/1.1 GET http://localhost:5082/api/takequizapi/takequizlist - 200 377 application/json; charset=utf-8 882.8385ms
2025-11-14 14:05:14.596 +01:00 [INF] Request starting HTTP/1.1 GET http://localhost:5082/api/takequizapi/takequizlist - application/json null
2025-11-14 14:05:14.597 +01:00 [INF] CORS policy execution successful.
2025-11-14 14:05:14.602 +01:00 [INF] Executing endpoint 'api.Controllers.TakeQuizApiController.GetAllQuizzes (api)'
2025-11-14 14:05:14.602 +01:00 [INF] Route matched with {action = "GetAllQuizzes", controller = "TakeQuizApi"}. Executing controller action with signature System.Threading.Tasks.Task`1[Microsoft.AspNetCore.Mvc.IActionResult] GetAllQuizzes() on controller api.Controllers.TakeQuizApiController (api).
2025-11-14 14:05:14.632 +01:00 [INF] Executing OkObjectResult, writing value of type 'System.Collections.Generic.List`1[[api.DTOs.QuizDto, api, Version=1.0.0.0, Culture=neutral, PublicKeyToken=null]]'.
2025-11-14 14:05:14.633 +01:00 [INF] Executed action api.Controllers.TakeQuizApiController.GetAllQuizzes (api) in 30.2511ms
2025-11-14 14:05:14.633 +01:00 [INF] Executed endpoint 'api.Controllers.TakeQuizApiController.GetAllQuizzes (api)'
2025-11-14 14:05:14.633 +01:00 [INF] Request finished HTTP/1.1 GET http://localhost:5082/api/takequizapi/takequizlist - 200 377 application/json; charset=utf-8 37.0268ms
2025-11-14 14:05:15.631 +01:00 [INF] Request starting HTTP/1.1 OPTIONS http://localhost:5082/api/takequizapi/2 - null null
2025-11-14 14:05:15.631 +01:00 [INF] Request starting HTTP/1.1 OPTIONS http://localhost:5082/api/takequizapi/2 - null null
2025-11-14 14:05:15.632 +01:00 [INF] CORS policy execution successful.
2025-11-14 14:05:15.632 +01:00 [INF] CORS policy execution successful.
2025-11-14 14:05:15.632 +01:00 [INF] Request finished HTTP/1.1 OPTIONS http://localhost:5082/api/takequizapi/2 - 204 null null 1.1177ms
2025-11-14 14:05:15.632 +01:00 [INF] Request finished HTTP/1.1 OPTIONS http://localhost:5082/api/takequizapi/2 - 204 null null 1.1269ms
2025-11-14 14:05:15.637 +01:00 [INF] Request starting HTTP/1.1 GET http://localhost:5082/api/takequizapi/2 - application/json null
2025-11-14 14:05:15.637 +01:00 [INF] CORS policy execution successful.
2025-11-14 14:05:15.640 +01:00 [INF] Executing endpoint 'api.Controllers.TakeQuizApiController.GetQuiz (api)'
2025-11-14 14:05:15.656 +01:00 [INF] Route matched with {action = "GetQuiz", controller = "TakeQuizApi"}. Executing controller action with signature System.Threading.Tasks.Task`1[Microsoft.AspNetCore.Mvc.IActionResult] GetQuiz(Int32) on controller api.Controllers.TakeQuizApiController (api).
2025-11-14 14:05:15.700 +01:00 [WRN] Compiling a query which loads related collections for more than one collection navigation, either via 'Include' or through projection, but no 'QuerySplittingBehavior' has been configured. By default, Entity Framework will use 'QuerySplittingBehavior.SingleQuery', which can potentially result in slow query performance. See https://go.microsoft.com/fwlink/?linkid=2134277 for more information. To identify the query that's triggering this warning call 'ConfigureWarnings(w => w.Throw(RelationalEventId.MultipleCollectionIncludeWarning))'.
2025-11-14 14:05:15.710 +01:00 [INF] Executing OkObjectResult, writing value of type 'api.DTOs.QuizDto'.
2025-11-14 14:05:15.717 +01:00 [INF] Executed action api.Controllers.TakeQuizApiController.GetQuiz (api) in 60.5894ms
2025-11-14 14:05:15.717 +01:00 [INF] Executed endpoint 'api.Controllers.TakeQuizApiController.GetQuiz (api)'
2025-11-14 14:05:15.718 +01:00 [INF] Request finished HTTP/1.1 GET http://localhost:5082/api/takequizapi/2 - 200 918 application/json; charset=utf-8 81.1517ms
2025-11-14 14:05:15.719 +01:00 [INF] Request starting HTTP/1.1 GET http://localhost:5082/api/takequizapi/2 - application/json null
2025-11-14 14:05:15.720 +01:00 [INF] CORS policy execution successful.
2025-11-14 14:05:15.720 +01:00 [INF] Executing endpoint 'api.Controllers.TakeQuizApiController.GetQuiz (api)'
2025-11-14 14:05:15.720 +01:00 [INF] Route matched with {action = "GetQuiz", controller = "TakeQuizApi"}. Executing controller action with signature System.Threading.Tasks.Task`1[Microsoft.AspNetCore.Mvc.IActionResult] GetQuiz(Int32) on controller api.Controllers.TakeQuizApiController (api).
2025-11-14 14:05:15.724 +01:00 [INF] Executing OkObjectResult, writing value of type 'api.DTOs.QuizDto'.
2025-11-14 14:05:15.725 +01:00 [INF] Executed action api.Controllers.TakeQuizApiController.GetQuiz (api) in 4.2119ms
2025-11-14 14:05:15.725 +01:00 [INF] Executed endpoint 'api.Controllers.TakeQuizApiController.GetQuiz (api)'
2025-11-14 14:05:15.725 +01:00 [INF] Request finished HTTP/1.1 GET http://localhost:5082/api/takequizapi/2 - 200 918 application/json; charset=utf-8 5.9876ms
2025-11-14 14:05:21.864 +01:00 [INF] Request starting HTTP/1.1 OPTIONS http://localhost:5082/api/takequizapi/submit - null null
2025-11-14 14:05:21.865 +01:00 [INF] CORS policy execution successful.
2025-11-14 14:05:21.865 +01:00 [INF] Request finished HTTP/1.1 OPTIONS http://localhost:5082/api/takequizapi/submit - 204 null null 1.105ms
2025-11-14 14:05:21.868 +01:00 [INF] Request starting HTTP/1.1 POST http://localhost:5082/api/takequizapi/submit - application/json 71
2025-11-14 14:05:21.869 +01:00 [INF] CORS policy execution successful.
2025-11-14 14:05:21.878 +01:00 [INF] Executing endpoint 'api.Controllers.TakeQuizApiController.Submit (api)'
2025-11-14 14:05:21.887 +01:00 [INF] Route matched with {action = "Submit", controller = "TakeQuizApi"}. Executing controller action with signature System.Threading.Tasks.Task`1[Microsoft.AspNetCore.Mvc.IActionResult] Submit(api.DTOs.QuizSubmissionDto) on controller api.Controllers.TakeQuizApiController (api).
2025-11-14 14:05:21.952 +01:00 [INF] Executing OkObjectResult, writing value of type 'System.Collections.Generic.Dictionary`2[[System.String, System.Private.CoreLib, Version=8.0.0.0, Culture=neutral, PublicKeyToken=7cec85d7bea7798e],[System.Int32, System.Private.CoreLib, Version=8.0.0.0, Culture=neutral, PublicKeyToken=7cec85d7bea7798e]]'.
2025-11-14 14:05:21.955 +01:00 [INF] Executed action api.Controllers.TakeQuizApiController.Submit (api) in 67.8194ms
2025-11-14 14:05:21.955 +01:00 [INF] Executed endpoint 'api.Controllers.TakeQuizApiController.Submit (api)'
2025-11-14 14:05:21.955 +01:00 [INF] Request finished HTTP/1.1 POST http://localhost:5082/api/takequizapi/submit - 200 11 application/json; charset=utf-8 87.178ms
2025-11-14 14:05:23.536 +01:00 [INF] Request starting HTTP/1.1 OPTIONS http://localhost:5082/api/takequizapi/saveattempt - null null
2025-11-14 14:05:23.537 +01:00 [INF] CORS policy execution successful.
2025-11-14 14:05:23.537 +01:00 [INF] Request finished HTTP/1.1 OPTIONS http://localhost:5082/api/takequizapi/saveattempt - 204 null null 0.8679ms
2025-11-14 14:05:23.539 +01:00 [INF] Request starting HTTP/1.1 POST http://localhost:5082/api/takequizapi/saveattempt - application/json 42
2025-11-14 14:05:23.539 +01:00 [INF] CORS policy execution successful.
2025-11-14 14:05:23.543 +01:00 [INF] Executing endpoint 'api.Controllers.TakeQuizApiController.SaveAttempt (api)'
2025-11-14 14:05:23.550 +01:00 [INF] Route matched with {action = "SaveAttempt", controller = "TakeQuizApi"}. Executing controller action with signature System.Threading.Tasks.Task`1[Microsoft.AspNetCore.Mvc.IActionResult] SaveAttempt(api.DTOs.QuizResultDto) on controller api.Controllers.TakeQuizApiController (api).
2025-11-14 14:05:23.761 +01:00 [ERR] Failed executing DbCommand (4ms) [Parameters=[@p0='?' (DbType = Int32), @p1='?' (DbType = Int32), @p2='?' (DbType = DateTime), @p3='?' (DbType = Int32), @p4='?' (Size = 6)], CommandType='"Text"', CommandTimeout='30']
INSERT INTO "UserQuizResults" ("QuizId", "Score", "SubmittedAt", "TimeUsedSeconds", "UserName")
VALUES (@p0, @p1, @p2, @p3, @p4)
RETURNING "QuizResultId";
2025-11-14 14:05:23.807 +01:00 [ERR] An exception occurred in the database while saving changes for context type 'api.DAL.QuizDbContext'.
Microsoft.EntityFrameworkCore.DbUpdateException: An error occurred while saving the entity changes. See the inner exception for details.
 ---> Microsoft.Data.Sqlite.SqliteException (0x80004005): SQLite Error 1: 'table UserQuizResults has no column named SubmittedAt'.
   at Microsoft.Data.Sqlite.SqliteException.ThrowExceptionForRC(Int32 rc, sqlite3 db)
   at Microsoft.Data.Sqlite.SqliteCommand.PrepareAndEnumerateStatements()+MoveNext()
   at Microsoft.Data.Sqlite.SqliteCommand.GetStatements()+MoveNext()
   at Microsoft.Data.Sqlite.SqliteDataReader.NextResult()
   at Microsoft.Data.Sqlite.SqliteCommand.ExecuteReader(CommandBehavior behavior)
   at Microsoft.Data.Sqlite.SqliteCommand.ExecuteReaderAsync(CommandBehavior behavior, CancellationToken cancellationToken)
   at Microsoft.Data.Sqlite.SqliteCommand.ExecuteDbDataReaderAsync(CommandBehavior behavior, CancellationToken cancellationToken)
   at Microsoft.EntityFrameworkCore.Storage.RelationalCommand.ExecuteReaderAsync(RelationalCommandParameterObject parameterObject, CancellationToken cancellationToken)
   at Microsoft.EntityFrameworkCore.Storage.RelationalCommand.ExecuteReaderAsync(RelationalCommandParameterObject parameterObject, CancellationToken cancellationToken)
   at Microsoft.EntityFrameworkCore.Update.ReaderModificationCommandBatch.ExecuteAsync(IRelationalConnection connection, CancellationToken cancellationToken)
   --- End of inner exception stack trace ---
   at Microsoft.EntityFrameworkCore.Update.ReaderModificationCommandBatch.ExecuteAsync(IRelationalConnection connection, CancellationToken cancellationToken)
   at Microsoft.EntityFrameworkCore.Update.Internal.BatchExecutor.ExecuteAsync(IEnumerable`1 commandBatches, IRelationalConnection connection, CancellationToken cancellationToken)
   at Microsoft.EntityFrameworkCore.Update.Internal.BatchExecutor.ExecuteAsync(IEnumerable`1 commandBatches, IRelationalConnection connection, CancellationToken cancellationToken)
   at Microsoft.EntityFrameworkCore.Update.Internal.BatchExecutor.ExecuteAsync(IEnumerable`1 commandBatches, IRelationalConnection connection, CancellationToken cancellationToken)
   at Microsoft.EntityFrameworkCore.ChangeTracking.Internal.StateManager.SaveChangesAsync(IList`1 entriesToSave, CancellationToken cancellationToken)
   at Microsoft.EntityFrameworkCore.ChangeTracking.Internal.StateManager.SaveChangesAsync(StateManager stateManager, Boolean acceptAllChangesOnSuccess, CancellationToken cancellationToken)
   at Microsoft.EntityFrameworkCore.DbContext.SaveChangesAsync(Boolean acceptAllChangesOnSuccess, CancellationToken cancellationToken)
Microsoft.EntityFrameworkCore.DbUpdateException: An error occurred while saving the entity changes. See the inner exception for details.
 ---> Microsoft.Data.Sqlite.SqliteException (0x80004005): SQLite Error 1: 'table UserQuizResults has no column named SubmittedAt'.
   at Microsoft.Data.Sqlite.SqliteException.ThrowExceptionForRC(Int32 rc, sqlite3 db)
   at Microsoft.Data.Sqlite.SqliteCommand.PrepareAndEnumerateStatements()+MoveNext()
   at Microsoft.Data.Sqlite.SqliteCommand.GetStatements()+MoveNext()
   at Microsoft.Data.Sqlite.SqliteDataReader.NextResult()
   at Microsoft.Data.Sqlite.SqliteCommand.ExecuteReader(CommandBehavior behavior)
   at Microsoft.Data.Sqlite.SqliteCommand.ExecuteReaderAsync(CommandBehavior behavior, CancellationToken cancellationToken)
   at Microsoft.Data.Sqlite.SqliteCommand.ExecuteDbDataReaderAsync(CommandBehavior behavior, CancellationToken cancellationToken)
   at Microsoft.EntityFrameworkCore.Storage.RelationalCommand.ExecuteReaderAsync(RelationalCommandParameterObject parameterObject, CancellationToken cancellationToken)
   at Microsoft.EntityFrameworkCore.Storage.RelationalCommand.ExecuteReaderAsync(RelationalCommandParameterObject parameterObject, CancellationToken cancellationToken)
   at Microsoft.EntityFrameworkCore.Update.ReaderModificationCommandBatch.ExecuteAsync(IRelationalConnection connection, CancellationToken cancellationToken)
   --- End of inner exception stack trace ---
   at Microsoft.EntityFrameworkCore.Update.ReaderModificationCommandBatch.ExecuteAsync(IRelationalConnection connection, CancellationToken cancellationToken)
   at Microsoft.EntityFrameworkCore.Update.Internal.BatchExecutor.ExecuteAsync(IEnumerable`1 commandBatches, IRelationalConnection connection, CancellationToken cancellationToken)
   at Microsoft.EntityFrameworkCore.Update.Internal.BatchExecutor.ExecuteAsync(IEnumerable`1 commandBatches, IRelationalConnection connection, CancellationToken cancellationToken)
   at Microsoft.EntityFrameworkCore.Update.Internal.BatchExecutor.ExecuteAsync(IEnumerable`1 commandBatches, IRelationalConnection connection, CancellationToken cancellationToken)
   at Microsoft.EntityFrameworkCore.ChangeTracking.Internal.StateManager.SaveChangesAsync(IList`1 entriesToSave, CancellationToken cancellationToken)
   at Microsoft.EntityFrameworkCore.ChangeTracking.Internal.StateManager.SaveChangesAsync(StateManager stateManager, Boolean acceptAllChangesOnSuccess, CancellationToken cancellationToken)
   at Microsoft.EntityFrameworkCore.DbContext.SaveChangesAsync(Boolean acceptAllChangesOnSuccess, CancellationToken cancellationToken)
2025-11-14 14:05:23.819 +01:00 [ERR] [QuizRepository] AddResultAsync failed for result {"QuizResultId":0,"SubmittedAt":"2025-11-14T13:05:23.5653910Z","TimeUsedSeconds":6,"UserName":"studen","QuizId":2,"Quiz":{"QuizId":2,"Title":"Norway","Questions":[{"QuestionId":94,"Text":"What is the capital of Norway?","ImageUrl":null,"QuizId":2,"AnswerOptions":[{"AnswerOptionId":294,"Text":"Oslo","IsCorrect":true,"QuestionId":94,"$type":"AnswerOption"},{"AnswerOptionId":295,"Text":"Bergen","IsCorrect":false,"QuestionId":94,"$type":"AnswerOption"},{"AnswerOptionId":296,"Text":"Trondheim","IsCorrect":false,"QuestionId":94,"$type":"AnswerOption"}],"$type":"Question"},{"QuestionId":95,"Text":"What is a traditional Norwegian dish?","ImageUrl":null,"QuizId":2,"AnswerOptions":[{"AnswerOptionId":297,"Text":"Sushi","IsCorrect":false,"QuestionId":95,"$type":"AnswerOption"},{"AnswerOptionId":298,"Text":"Lutefisk","IsCorrect":true,"QuestionId":95,"$type":"AnswerOption"},{"AnswerOptionId":299,"Text":"Tacos","IsCorrect":false,"QuestionId":95,"$type":"AnswerOption"},{"AnswerOptionId":300,"Text":"Pizza","IsCorrect":false,"QuestionId":95,"$type":"AnswerOption"}],"$type":"Question"},{"QuestionId":96,"Text":"Which fjord is the deepest in Norway?","ImageUrl":null,"QuizId":2,"AnswerOptions":[{"AnswerOptionId":301,"Text":"Sognefjord","IsCorrect":true,"QuestionId":96,"$type":"AnswerOption"},{"AnswerOptionId":302,"Text":"Geirangerfjord","IsCorrect":false,"QuestionId":96,"$type":"AnswerOption"},{"AnswerOptionId":303,"Text":"Lysefjord","IsCorrect":false,"QuestionId":96,"$type":"AnswerOption"}],"$type":"Question"}],"$type":"Quiz"},"Score":2,"$type":"QuizResult"}: An error occurred while saving the entity changes. See the inner exception for details.
2025-11-14 14:05:23.824 +01:00 [ERR] [TakeQuizApiController] SaveAttempt failed: An error occurred while saving the entity changes. See the inner exception for details.
2025-11-14 14:05:23.825 +01:00 [INF] Executing ObjectResult, writing value of type 'System.String'.
2025-11-14 14:05:23.826 +01:00 [INF] Executed action api.Controllers.TakeQuizApiController.SaveAttempt (api) in 275.714ms
2025-11-14 14:05:23.826 +01:00 [INF] Executed endpoint 'api.Controllers.TakeQuizApiController.SaveAttempt (api)'
2025-11-14 14:05:23.827 +01:00 [INF] Request finished HTTP/1.1 POST http://localhost:5082/api/takequizapi/saveattempt - 500 null text/plain; charset=utf-8 287.6685ms
2025-11-14 14:11:43.943 +01:00 [INF] Application is shutting down...
