2025-11-13 14:04:27.135 +01:00 [INF] User profile is available. Using 'C:\Users\Admin\AppData\Local\ASP.NET\DataProtection-Keys' as key repository and Windows DPAPI to encrypt keys at rest.
2025-11-13 14:04:27.199 +01:00 [INF] Now listening on: http://localhost:5082
2025-11-13 14:04:27.202 +01:00 [INF] Application started. Press Ctrl+C to shut down.
2025-11-13 14:04:27.202 +01:00 [INF] Hosting environment: Development
2025-11-13 14:04:27.202 +01:00 [INF] Content root path: C:\Users\Admin\OneDrive - OsloMet\FinalExamITPE3200\EXAMFAM\api
2025-11-13 14:04:47.546 +01:00 [INF] Request starting HTTP/1.1 OPTIONS http://localhost:5082/api/Auth/register - null null
2025-11-13 14:04:47.584 +01:00 [INF] CORS policy execution successful.
2025-11-13 14:04:47.591 +01:00 [INF] Request finished HTTP/1.1 OPTIONS http://localhost:5082/api/Auth/register - 204 null null 45.8853ms
2025-11-13 14:04:47.593 +01:00 [INF] Request starting HTTP/1.1 POST http://localhost:5082/api/Auth/register - application/json 97
2025-11-13 14:04:47.596 +01:00 [INF] CORS policy execution successful.
2025-11-13 14:04:47.621 +01:00 [INF] Executing endpoint 'api.Controllers.AuthController.Register (api)'
2025-11-13 14:04:47.636 +01:00 [INF] Route matched with {action = "Register", controller = "Auth"}. Executing controller action with signature System.Threading.Tasks.Task`1[Microsoft.AspNetCore.Mvc.IActionResult] Register(api.DTOs.RegisterDto) on controller api.Controllers.AuthController (api).
2025-11-13 14:04:47.976 +01:00 [INF] [AuthController] user student321 registered with role Student
2025-11-13 14:04:47.980 +01:00 [INF] Executing OkObjectResult, writing value of type '<>f__AnonymousType0`1[[System.String, System.Private.CoreLib, Version=8.0.0.0, Culture=neutral, PublicKeyToken=7cec85d7bea7798e]]'.
2025-11-13 14:04:48.004 +01:00 [INF] Executed action api.Controllers.AuthController.Register (api) in 363.4254ms
2025-11-13 14:04:48.004 +01:00 [INF] Executed endpoint 'api.Controllers.AuthController.Register (api)'
2025-11-13 14:04:48.007 +01:00 [INF] Request finished HTTP/1.1 POST http://localhost:5082/api/Auth/register - 200 53 application/json; charset=utf-8 414.1982ms
2025-11-13 14:04:52.701 +01:00 [INF] Request starting HTTP/1.1 OPTIONS http://localhost:5082/api/Auth/login - null null
2025-11-13 14:04:52.703 +01:00 [INF] CORS policy execution successful.
2025-11-13 14:04:52.703 +01:00 [INF] Request finished HTTP/1.1 OPTIONS http://localhost:5082/api/Auth/login - 204 null null 2.103ms
2025-11-13 14:04:52.705 +01:00 [INF] Request starting HTTP/1.1 POST http://localhost:5082/api/Auth/login - application/json 51
2025-11-13 14:04:52.705 +01:00 [INF] CORS policy execution successful.
2025-11-13 14:04:52.707 +01:00 [INF] Executing endpoint 'api.Controllers.AuthController.Login (api)'
2025-11-13 14:04:52.711 +01:00 [INF] Route matched with {action = "Login", controller = "Auth"}. Executing controller action with signature System.Threading.Tasks.Task`1[Microsoft.AspNetCore.Mvc.IActionResult] Login(api.DTOs.LoginDto) on controller api.Controllers.AuthController (api).
2025-11-13 14:04:52.825 +01:00 [INF] [AuthController] JWT token created for student321 with roles Student
2025-11-13 14:04:52.843 +01:00 [INF] [AuthController] user authorised for student321
2025-11-13 14:04:52.844 +01:00 [INF] Executing OkObjectResult, writing value of type '<>f__AnonymousType1`1[[System.String, System.Private.CoreLib, Version=8.0.0.0, Culture=neutral, PublicKeyToken=7cec85d7bea7798e]]'.
2025-11-13 14:04:52.846 +01:00 [INF] Executed action api.Controllers.AuthController.Login (api) in 134.8334ms
2025-11-13 14:04:52.846 +01:00 [INF] Executed endpoint 'api.Controllers.AuthController.Login (api)'
2025-11-13 14:04:52.846 +01:00 [INF] Request finished HTTP/1.1 POST http://localhost:5082/api/Auth/login - 200 687 application/json; charset=utf-8 141.4274ms
2025-11-13 14:04:54.114 +01:00 [INF] Request starting HTTP/1.1 OPTIONS http://localhost:5082/api/takequizapi/takequizlist - null null
2025-11-13 14:04:54.115 +01:00 [INF] Request starting HTTP/1.1 OPTIONS http://localhost:5082/api/takequizapi/takequizlist - null null
2025-11-13 14:04:54.115 +01:00 [INF] CORS policy execution successful.
2025-11-13 14:04:54.115 +01:00 [INF] CORS policy execution successful.
2025-11-13 14:04:54.115 +01:00 [INF] Request finished HTTP/1.1 OPTIONS http://localhost:5082/api/takequizapi/takequizlist - 204 null null 0.667ms
2025-11-13 14:04:54.115 +01:00 [INF] Request finished HTTP/1.1 OPTIONS http://localhost:5082/api/takequizapi/takequizlist - 204 null null 0.8458ms
2025-11-13 14:04:54.117 +01:00 [INF] Request starting HTTP/1.1 GET http://localhost:5082/api/takequizapi/takequizlist - application/json null
2025-11-13 14:04:54.122 +01:00 [INF] CORS policy execution successful.
2025-11-13 14:04:54.163 +01:00 [INF] Executing endpoint 'api.Controllers.TakeQuizApiController.GetAllQuizzes (api)'
2025-11-13 14:04:54.165 +01:00 [INF] Route matched with {action = "GetAllQuizzes", controller = "TakeQuizApi"}. Executing controller action with signature System.Threading.Tasks.Task`1[Microsoft.AspNetCore.Mvc.IActionResult] GetAllQuizzes() on controller api.Controllers.TakeQuizApiController (api).
2025-11-13 14:04:54.246 +01:00 [WRN] Compiling a query which loads related collections for more than one collection navigation, either via 'Include' or through projection, but no 'QuerySplittingBehavior' has been configured. By default, Entity Framework will use 'QuerySplittingBehavior.SingleQuery', which can potentially result in slow query performance. See https://go.microsoft.com/fwlink/?linkid=2134277 for more information. To identify the query that's triggering this warning call 'ConfigureWarnings(w => w.Throw(RelationalEventId.MultipleCollectionIncludeWarning))'.
2025-11-13 14:04:54.291 +01:00 [INF] Executing OkObjectResult, writing value of type 'System.Collections.Generic.List`1[[api.DTOs.QuizDto, api, Version=1.0.0.0, Culture=neutral, PublicKeyToken=null]]'.
2025-11-13 14:04:54.300 +01:00 [INF] Executed action api.Controllers.TakeQuizApiController.GetAllQuizzes (api) in 134.3892ms
2025-11-13 14:04:54.300 +01:00 [INF] Executed endpoint 'api.Controllers.TakeQuizApiController.GetAllQuizzes (api)'
2025-11-13 14:04:54.300 +01:00 [INF] Request finished HTTP/1.1 GET http://localhost:5082/api/takequizapi/takequizlist - 200 376 application/json; charset=utf-8 183.0255ms
2025-11-13 14:04:54.302 +01:00 [INF] Request starting HTTP/1.1 GET http://localhost:5082/api/takequizapi/takequizlist - application/json null
2025-11-13 14:04:54.303 +01:00 [INF] CORS policy execution successful.
2025-11-13 14:04:54.304 +01:00 [INF] Executing endpoint 'api.Controllers.TakeQuizApiController.GetAllQuizzes (api)'
2025-11-13 14:04:54.304 +01:00 [INF] Route matched with {action = "GetAllQuizzes", controller = "TakeQuizApi"}. Executing controller action with signature System.Threading.Tasks.Task`1[Microsoft.AspNetCore.Mvc.IActionResult] GetAllQuizzes() on controller api.Controllers.TakeQuizApiController (api).
2025-11-13 14:04:54.309 +01:00 [INF] Executing OkObjectResult, writing value of type 'System.Collections.Generic.List`1[[api.DTOs.QuizDto, api, Version=1.0.0.0, Culture=neutral, PublicKeyToken=null]]'.
2025-11-13 14:04:54.309 +01:00 [INF] Executed action api.Controllers.TakeQuizApiController.GetAllQuizzes (api) in 4.8786ms
2025-11-13 14:04:54.310 +01:00 [INF] Executed endpoint 'api.Controllers.TakeQuizApiController.GetAllQuizzes (api)'
2025-11-13 14:04:54.310 +01:00 [INF] Request finished HTTP/1.1 GET http://localhost:5082/api/takequizapi/takequizlist - 200 376 application/json; charset=utf-8 7.5577ms
2025-11-13 14:05:02.078 +01:00 [INF] Request starting HTTP/1.1 OPTIONS http://localhost:5082/api/takequizapi/11 - null null
2025-11-13 14:05:02.079 +01:00 [INF] Request starting HTTP/1.1 OPTIONS http://localhost:5082/api/takequizapi/11 - null null
2025-11-13 14:05:02.079 +01:00 [INF] CORS policy execution successful.
2025-11-13 14:05:02.079 +01:00 [INF] CORS policy execution successful.
2025-11-13 14:05:02.079 +01:00 [INF] Request finished HTTP/1.1 OPTIONS http://localhost:5082/api/takequizapi/11 - 204 null null 0.263ms
2025-11-13 14:05:02.079 +01:00 [INF] Request finished HTTP/1.1 OPTIONS http://localhost:5082/api/takequizapi/11 - 204 null null 1.0056ms
2025-11-13 14:05:02.082 +01:00 [INF] Request starting HTTP/1.1 GET http://localhost:5082/api/takequizapi/11 - application/json null
2025-11-13 14:05:02.082 +01:00 [INF] CORS policy execution successful.
2025-11-13 14:05:02.083 +01:00 [INF] Executing endpoint 'api.Controllers.TakeQuizApiController.GetQuiz (api)'
2025-11-13 14:05:02.088 +01:00 [INF] Route matched with {action = "GetQuiz", controller = "TakeQuizApi"}. Executing controller action with signature System.Threading.Tasks.Task`1[Microsoft.AspNetCore.Mvc.IActionResult] GetQuiz(Int32) on controller api.Controllers.TakeQuizApiController (api).
2025-11-13 14:05:02.102 +01:00 [WRN] Compiling a query which loads related collections for more than one collection navigation, either via 'Include' or through projection, but no 'QuerySplittingBehavior' has been configured. By default, Entity Framework will use 'QuerySplittingBehavior.SingleQuery', which can potentially result in slow query performance. See https://go.microsoft.com/fwlink/?linkid=2134277 for more information. To identify the query that's triggering this warning call 'ConfigureWarnings(w => w.Throw(RelationalEventId.MultipleCollectionIncludeWarning))'.
2025-11-13 14:05:02.107 +01:00 [INF] Executing OkObjectResult, writing value of type 'api.DTOs.QuizDto'.
2025-11-13 14:05:02.111 +01:00 [INF] Executed action api.Controllers.TakeQuizApiController.GetQuiz (api) in 22.9844ms
2025-11-13 14:05:02.111 +01:00 [INF] Executed endpoint 'api.Controllers.TakeQuizApiController.GetQuiz (api)'
2025-11-13 14:05:02.111 +01:00 [INF] Request finished HTTP/1.1 GET http://localhost:5082/api/takequizapi/11 - 200 1401 application/json; charset=utf-8 29.5979ms
2025-11-13 14:05:02.114 +01:00 [INF] Request starting HTTP/1.1 GET http://localhost:5082/api/takequizapi/11 - application/json null
2025-11-13 14:05:02.114 +01:00 [INF] CORS policy execution successful.
2025-11-13 14:05:02.114 +01:00 [INF] Executing endpoint 'api.Controllers.TakeQuizApiController.GetQuiz (api)'
2025-11-13 14:05:02.115 +01:00 [INF] Route matched with {action = "GetQuiz", controller = "TakeQuizApi"}. Executing controller action with signature System.Threading.Tasks.Task`1[Microsoft.AspNetCore.Mvc.IActionResult] GetQuiz(Int32) on controller api.Controllers.TakeQuizApiController (api).
2025-11-13 14:05:02.118 +01:00 [INF] Executing OkObjectResult, writing value of type 'api.DTOs.QuizDto'.
2025-11-13 14:05:02.118 +01:00 [INF] Executed action api.Controllers.TakeQuizApiController.GetQuiz (api) in 3.4017ms
2025-11-13 14:05:02.118 +01:00 [INF] Executed endpoint 'api.Controllers.TakeQuizApiController.GetQuiz (api)'
2025-11-13 14:05:02.118 +01:00 [INF] Request finished HTTP/1.1 GET http://localhost:5082/api/takequizapi/11 - 200 1401 application/json; charset=utf-8 4.5483ms
2025-11-13 14:05:02.126 +01:00 [INF] Request starting HTTP/1.1 GET http://localhost:5082/images/Brasil.png - null null
2025-11-13 14:05:02.126 +01:00 [INF] Request starting HTTP/1.1 GET http://localhost:5082/images/China.png - null null
2025-11-13 14:05:02.126 +01:00 [INF] Request starting HTTP/1.1 GET http://localhost:5082/images/SouthAfrica.png - null null
2025-11-13 14:05:02.132 +01:00 [INF] The file /images/Brasil.png was not modified
2025-11-13 14:05:02.132 +01:00 [INF] The file /images/China.png was not modified
2025-11-13 14:05:02.132 +01:00 [INF] The file /images/SouthAfrica.png was not modified
2025-11-13 14:05:02.132 +01:00 [INF] Request finished HTTP/1.1 GET http://localhost:5082/images/SouthAfrica.png - 304 null image/png 6.3307ms
2025-11-13 14:05:02.132 +01:00 [INF] Request finished HTTP/1.1 GET http://localhost:5082/images/China.png - 304 null image/png 6.3309ms
2025-11-13 14:05:02.132 +01:00 [INF] Request finished HTTP/1.1 GET http://localhost:5082/images/Brasil.png - 304 null image/png 6.3302ms
2025-11-13 14:05:14.232 +01:00 [INF] Request starting HTTP/1.1 OPTIONS http://localhost:5082/api/takequizapi/submit - null null
2025-11-13 14:05:14.233 +01:00 [INF] CORS policy execution successful.
2025-11-13 14:05:14.233 +01:00 [INF] Request finished HTTP/1.1 OPTIONS http://localhost:5082/api/takequizapi/submit - 204 null null 0.811ms
2025-11-13 14:05:14.235 +01:00 [INF] Request starting HTTP/1.1 POST http://localhost:5082/api/takequizapi/submit - application/json 75
2025-11-13 14:05:14.235 +01:00 [INF] CORS policy execution successful.
2025-11-13 14:05:14.241 +01:00 [INF] Executing endpoint 'api.Controllers.TakeQuizApiController.Submit (api)'
2025-11-13 14:05:14.243 +01:00 [INF] Route matched with {action = "Submit", controller = "TakeQuizApi"}. Executing controller action with signature System.Threading.Tasks.Task`1[Microsoft.AspNetCore.Mvc.IActionResult] Submit(api.DTOs.QuizSubmissionDto) on controller api.Controllers.TakeQuizApiController (api).
2025-11-13 14:05:14.256 +01:00 [INF] Executing OkObjectResult, writing value of type 'System.Collections.Generic.Dictionary`2[[System.String, System.Private.CoreLib, Version=8.0.0.0, Culture=neutral, PublicKeyToken=7cec85d7bea7798e],[System.Int32, System.Private.CoreLib, Version=8.0.0.0, Culture=neutral, PublicKeyToken=7cec85d7bea7798e]]'.
2025-11-13 14:05:14.257 +01:00 [INF] Executed action api.Controllers.TakeQuizApiController.Submit (api) in 13.653ms
2025-11-13 14:05:14.257 +01:00 [INF] Executed endpoint 'api.Controllers.TakeQuizApiController.Submit (api)'
2025-11-13 14:05:14.257 +01:00 [INF] Request finished HTTP/1.1 POST http://localhost:5082/api/takequizapi/submit - 200 11 application/json; charset=utf-8 22.7648ms
2025-11-13 14:05:15.959 +01:00 [INF] Request starting HTTP/1.1 OPTIONS http://localhost:5082/api/takequizapi/saveattempt - null null
2025-11-13 14:05:15.960 +01:00 [INF] CORS policy execution successful.
2025-11-13 14:05:15.960 +01:00 [INF] Request finished HTTP/1.1 OPTIONS http://localhost:5082/api/takequizapi/saveattempt - 204 null null 0.4415ms
2025-11-13 14:05:15.961 +01:00 [INF] Request starting HTTP/1.1 POST http://localhost:5082/api/takequizapi/saveattempt - application/json 23
2025-11-13 14:05:15.961 +01:00 [INF] CORS policy execution successful.
2025-11-13 14:05:15.963 +01:00 [INF] Executing endpoint 'api.Controllers.TakeQuizApiController.SaveAttempt (api)'
2025-11-13 14:05:15.966 +01:00 [INF] Route matched with {action = "SaveAttempt", controller = "TakeQuizApi"}. Executing controller action with signature System.Threading.Tasks.Task`1[Microsoft.AspNetCore.Mvc.IActionResult] SaveAttempt(api.DTOs.QuizResultDto) on controller api.Controllers.TakeQuizApiController (api).
2025-11-13 14:05:16.013 +01:00 [INF] Executing OkObjectResult, writing value of type '<>f__AnonymousType3`1[[System.String, System.Private.CoreLib, Version=8.0.0.0, Culture=neutral, PublicKeyToken=7cec85d7bea7798e]]'.
2025-11-13 14:05:16.014 +01:00 [INF] Executed action api.Controllers.TakeQuizApiController.SaveAttempt (api) in 48.0564ms
2025-11-13 14:05:16.014 +01:00 [INF] Executed endpoint 'api.Controllers.TakeQuizApiController.SaveAttempt (api)'
2025-11-13 14:05:16.014 +01:00 [INF] Request finished HTTP/1.1 POST http://localhost:5082/api/takequizapi/saveattempt - 200 40 application/json; charset=utf-8 52.921ms
2025-11-13 14:05:20.159 +01:00 [INF] Request starting HTTP/1.1 OPTIONS http://localhost:5082/api/takequizapi/takequizlist - null null
2025-11-13 14:05:20.160 +01:00 [INF] CORS policy execution successful.
2025-11-13 14:05:20.160 +01:00 [INF] Request finished HTTP/1.1 OPTIONS http://localhost:5082/api/takequizapi/takequizlist - 204 null null 0.4893ms
2025-11-13 14:05:20.160 +01:00 [INF] Request starting HTTP/1.1 OPTIONS http://localhost:5082/api/takequizapi/takequizlist - null null
2025-11-13 14:05:20.160 +01:00 [INF] CORS policy execution successful.
2025-11-13 14:05:20.160 +01:00 [INF] Request finished HTTP/1.1 OPTIONS http://localhost:5082/api/takequizapi/takequizlist - 204 null null 0.3344ms
2025-11-13 14:05:20.162 +01:00 [INF] Request starting HTTP/1.1 GET http://localhost:5082/api/takequizapi/takequizlist - application/json null
2025-11-13 14:05:20.162 +01:00 [INF] CORS policy execution successful.
2025-11-13 14:05:20.162 +01:00 [INF] Executing endpoint 'api.Controllers.TakeQuizApiController.GetAllQuizzes (api)'
2025-11-13 14:05:20.162 +01:00 [INF] Route matched with {action = "GetAllQuizzes", controller = "TakeQuizApi"}. Executing controller action with signature System.Threading.Tasks.Task`1[Microsoft.AspNetCore.Mvc.IActionResult] GetAllQuizzes() on controller api.Controllers.TakeQuizApiController (api).
2025-11-13 14:05:20.165 +01:00 [INF] Executing OkObjectResult, writing value of type 'System.Collections.Generic.List`1[[api.DTOs.QuizDto, api, Version=1.0.0.0, Culture=neutral, PublicKeyToken=null]]'.
2025-11-13 14:05:20.165 +01:00 [INF] Executed action api.Controllers.TakeQuizApiController.GetAllQuizzes (api) in 2.2894ms
2025-11-13 14:05:20.165 +01:00 [INF] Executed endpoint 'api.Controllers.TakeQuizApiController.GetAllQuizzes (api)'
2025-11-13 14:05:20.165 +01:00 [INF] Request finished HTTP/1.1 GET http://localhost:5082/api/takequizapi/takequizlist - 200 376 application/json; charset=utf-8 3.4265ms
2025-11-13 14:05:20.167 +01:00 [INF] Request starting HTTP/1.1 GET http://localhost:5082/api/takequizapi/takequizlist - application/json null
2025-11-13 14:05:20.168 +01:00 [INF] CORS policy execution successful.
2025-11-13 14:05:20.169 +01:00 [INF] Executing endpoint 'api.Controllers.TakeQuizApiController.GetAllQuizzes (api)'
2025-11-13 14:05:20.169 +01:00 [INF] Route matched with {action = "GetAllQuizzes", controller = "TakeQuizApi"}. Executing controller action with signature System.Threading.Tasks.Task`1[Microsoft.AspNetCore.Mvc.IActionResult] GetAllQuizzes() on controller api.Controllers.TakeQuizApiController (api).
2025-11-13 14:05:20.171 +01:00 [INF] Executing OkObjectResult, writing value of type 'System.Collections.Generic.List`1[[api.DTOs.QuizDto, api, Version=1.0.0.0, Culture=neutral, PublicKeyToken=null]]'.
2025-11-13 14:05:20.172 +01:00 [INF] Executed action api.Controllers.TakeQuizApiController.GetAllQuizzes (api) in 2.9337ms
2025-11-13 14:05:20.172 +01:00 [INF] Executed endpoint 'api.Controllers.TakeQuizApiController.GetAllQuizzes (api)'
2025-11-13 14:05:20.172 +01:00 [INF] Request finished HTTP/1.1 GET http://localhost:5082/api/takequizapi/takequizlist - 200 376 application/json; charset=utf-8 5.26ms
2025-11-13 14:05:21.708 +01:00 [INF] Request starting HTTP/1.1 OPTIONS http://localhost:5082/api/takequizapi/attempts/11 - null null
2025-11-13 14:05:21.708 +01:00 [INF] Request starting HTTP/1.1 OPTIONS http://localhost:5082/api/takequizapi/attempts/11 - null null
2025-11-13 14:05:21.709 +01:00 [INF] CORS policy execution successful.
2025-11-13 14:05:21.709 +01:00 [INF] CORS policy execution successful.
2025-11-13 14:05:21.709 +01:00 [INF] Request finished HTTP/1.1 OPTIONS http://localhost:5082/api/takequizapi/attempts/11 - 204 null null 0.3853ms
2025-11-13 14:05:21.709 +01:00 [INF] Request finished HTTP/1.1 OPTIONS http://localhost:5082/api/takequizapi/attempts/11 - 204 null null 0.2335ms
2025-11-13 14:05:21.711 +01:00 [INF] Request starting HTTP/1.1 GET http://localhost:5082/api/takequizapi/attempts/11 - application/json null
2025-11-13 14:05:21.711 +01:00 [INF] CORS policy execution successful.
2025-11-13 14:05:21.712 +01:00 [INF] Executing endpoint 'api.Controllers.TakeQuizApiController.GetAttempts (api)'
2025-11-13 14:05:21.715 +01:00 [INF] Route matched with {action = "GetAttempts", controller = "TakeQuizApi"}. Executing controller action with signature System.Threading.Tasks.Task`1[Microsoft.AspNetCore.Mvc.IActionResult] GetAttempts(Int32) on controller api.Controllers.TakeQuizApiController (api).
2025-11-13 14:05:21.731 +01:00 [WRN] Compiling a query which loads related collections for more than one collection navigation, either via 'Include' or through projection, but no 'QuerySplittingBehavior' has been configured. By default, Entity Framework will use 'QuerySplittingBehavior.SingleQuery', which can potentially result in slow query performance. See https://go.microsoft.com/fwlink/?linkid=2134277 for more information. To identify the query that's triggering this warning call 'ConfigureWarnings(w => w.Throw(RelationalEventId.MultipleCollectionIncludeWarning))'.
2025-11-13 14:05:21.739 +01:00 [INF] Executing OkObjectResult, writing value of type 'System.Collections.Generic.List`1[[api.DTOs.QuizResultDto, api, Version=1.0.0.0, Culture=neutral, PublicKeyToken=null]]'.
2025-11-13 14:05:21.742 +01:00 [INF] Executed action api.Controllers.TakeQuizApiController.GetAttempts (api) in 26.9474ms
2025-11-13 14:05:21.742 +01:00 [INF] Executed endpoint 'api.Controllers.TakeQuizApiController.GetAttempts (api)'
2025-11-13 14:05:21.742 +01:00 [INF] Request finished HTTP/1.1 GET http://localhost:5082/api/takequizapi/attempts/11 - 200 105 application/json; charset=utf-8 31.0458ms
2025-11-13 14:05:21.743 +01:00 [INF] Request starting HTTP/1.1 GET http://localhost:5082/api/takequizapi/attempts/11 - application/json null
2025-11-13 14:05:21.744 +01:00 [INF] CORS policy execution successful.
2025-11-13 14:05:21.744 +01:00 [INF] Executing endpoint 'api.Controllers.TakeQuizApiController.GetAttempts (api)'
2025-11-13 14:05:21.744 +01:00 [INF] Route matched with {action = "GetAttempts", controller = "TakeQuizApi"}. Executing controller action with signature System.Threading.Tasks.Task`1[Microsoft.AspNetCore.Mvc.IActionResult] GetAttempts(Int32) on controller api.Controllers.TakeQuizApiController (api).
2025-11-13 14:05:21.746 +01:00 [INF] Executing OkObjectResult, writing value of type 'System.Collections.Generic.List`1[[api.DTOs.QuizResultDto, api, Version=1.0.0.0, Culture=neutral, PublicKeyToken=null]]'.
2025-11-13 14:05:21.746 +01:00 [INF] Executed action api.Controllers.TakeQuizApiController.GetAttempts (api) in 2.0135ms
2025-11-13 14:05:21.746 +01:00 [INF] Executed endpoint 'api.Controllers.TakeQuizApiController.GetAttempts (api)'
2025-11-13 14:05:21.746 +01:00 [INF] Request finished HTTP/1.1 GET http://localhost:5082/api/takequizapi/attempts/11 - 200 105 application/json; charset=utf-8 3.0953ms
2025-11-13 14:05:23.026 +01:00 [INF] Request starting HTTP/1.1 GET http://localhost:5082/api/takequizapi/takequizlist - application/json null
2025-11-13 14:05:23.026 +01:00 [INF] CORS policy execution successful.
2025-11-13 14:05:23.027 +01:00 [INF] Executing endpoint 'api.Controllers.TakeQuizApiController.GetAllQuizzes (api)'
2025-11-13 14:05:23.027 +01:00 [INF] Route matched with {action = "GetAllQuizzes", controller = "TakeQuizApi"}. Executing controller action with signature System.Threading.Tasks.Task`1[Microsoft.AspNetCore.Mvc.IActionResult] GetAllQuizzes() on controller api.Controllers.TakeQuizApiController (api).
2025-11-13 14:05:23.030 +01:00 [INF] Executing OkObjectResult, writing value of type 'System.Collections.Generic.List`1[[api.DTOs.QuizDto, api, Version=1.0.0.0, Culture=neutral, PublicKeyToken=null]]'.
2025-11-13 14:05:23.031 +01:00 [INF] Executed action api.Controllers.TakeQuizApiController.GetAllQuizzes (api) in 3.5493ms
2025-11-13 14:05:23.031 +01:00 [INF] Executed endpoint 'api.Controllers.TakeQuizApiController.GetAllQuizzes (api)'
2025-11-13 14:05:23.031 +01:00 [INF] Request finished HTTP/1.1 GET http://localhost:5082/api/takequizapi/takequizlist - 200 376 application/json; charset=utf-8 4.9695ms
2025-11-13 14:05:23.032 +01:00 [INF] Request starting HTTP/1.1 GET http://localhost:5082/api/takequizapi/takequizlist - application/json null
2025-11-13 14:05:23.032 +01:00 [INF] CORS policy execution successful.
2025-11-13 14:05:23.033 +01:00 [INF] Executing endpoint 'api.Controllers.TakeQuizApiController.GetAllQuizzes (api)'
2025-11-13 14:05:23.033 +01:00 [INF] Route matched with {action = "GetAllQuizzes", controller = "TakeQuizApi"}. Executing controller action with signature System.Threading.Tasks.Task`1[Microsoft.AspNetCore.Mvc.IActionResult] GetAllQuizzes() on controller api.Controllers.TakeQuizApiController (api).
2025-11-13 14:05:23.036 +01:00 [INF] Executing OkObjectResult, writing value of type 'System.Collections.Generic.List`1[[api.DTOs.QuizDto, api, Version=1.0.0.0, Culture=neutral, PublicKeyToken=null]]'.
2025-11-13 14:05:23.036 +01:00 [INF] Executed action api.Controllers.TakeQuizApiController.GetAllQuizzes (api) in 3.403ms
2025-11-13 14:05:23.037 +01:00 [INF] Executed endpoint 'api.Controllers.TakeQuizApiController.GetAllQuizzes (api)'
2025-11-13 14:05:23.037 +01:00 [INF] Request finished HTTP/1.1 GET http://localhost:5082/api/takequizapi/takequizlist - 200 376 application/json; charset=utf-8 4.8089ms
2025-11-13 14:05:24.975 +01:00 [INF] Request starting HTTP/1.1 OPTIONS http://localhost:5082/api/takequizapi/12 - null null
2025-11-13 14:05:24.976 +01:00 [INF] CORS policy execution successful.
2025-11-13 14:05:24.976 +01:00 [INF] Request starting HTTP/1.1 OPTIONS http://localhost:5082/api/takequizapi/12 - null null
2025-11-13 14:05:24.976 +01:00 [INF] CORS policy execution successful.
2025-11-13 14:05:24.976 +01:00 [INF] Request finished HTTP/1.1 OPTIONS http://localhost:5082/api/takequizapi/12 - 204 null null 0.6393ms
2025-11-13 14:05:24.976 +01:00 [INF] Request finished HTTP/1.1 OPTIONS http://localhost:5082/api/takequizapi/12 - 204 null null 0.2437ms
2025-11-13 14:05:24.979 +01:00 [INF] Request starting HTTP/1.1 GET http://localhost:5082/api/takequizapi/12 - application/json null
2025-11-13 14:05:24.979 +01:00 [INF] CORS policy execution successful.
2025-11-13 14:05:24.979 +01:00 [INF] Executing endpoint 'api.Controllers.TakeQuizApiController.GetQuiz (api)'
2025-11-13 14:05:24.979 +01:00 [INF] Route matched with {action = "GetQuiz", controller = "TakeQuizApi"}. Executing controller action with signature System.Threading.Tasks.Task`1[Microsoft.AspNetCore.Mvc.IActionResult] GetQuiz(Int32) on controller api.Controllers.TakeQuizApiController (api).
2025-11-13 14:05:24.982 +01:00 [INF] Executing OkObjectResult, writing value of type 'api.DTOs.QuizDto'.
2025-11-13 14:05:24.982 +01:00 [INF] Executed action api.Controllers.TakeQuizApiController.GetQuiz (api) in 2.739ms
2025-11-13 14:05:24.982 +01:00 [INF] Executed endpoint 'api.Controllers.TakeQuizApiController.GetQuiz (api)'
2025-11-13 14:05:24.982 +01:00 [INF] Request finished HTTP/1.1 GET http://localhost:5082/api/takequizapi/12 - 200 766 application/json; charset=utf-8 3.6538ms
2025-11-13 14:05:24.984 +01:00 [INF] Request starting HTTP/1.1 GET http://localhost:5082/api/takequizapi/12 - application/json null
2025-11-13 14:05:24.984 +01:00 [INF] CORS policy execution successful.
2025-11-13 14:05:24.986 +01:00 [INF] Executing endpoint 'api.Controllers.TakeQuizApiController.GetQuiz (api)'
2025-11-13 14:05:24.986 +01:00 [INF] Route matched with {action = "GetQuiz", controller = "TakeQuizApi"}. Executing controller action with signature System.Threading.Tasks.Task`1[Microsoft.AspNetCore.Mvc.IActionResult] GetQuiz(Int32) on controller api.Controllers.TakeQuizApiController (api).
2025-11-13 14:05:24.989 +01:00 [INF] Executing OkObjectResult, writing value of type 'api.DTOs.QuizDto'.
2025-11-13 14:05:24.990 +01:00 [INF] Executed action api.Controllers.TakeQuizApiController.GetQuiz (api) in 2.9647ms
2025-11-13 14:05:24.990 +01:00 [INF] Executed endpoint 'api.Controllers.TakeQuizApiController.GetQuiz (api)'
2025-11-13 14:05:24.990 +01:00 [INF] Request finished HTTP/1.1 GET http://localhost:5082/api/takequizapi/12 - 200 766 application/json; charset=utf-8 5.7748ms
2025-11-13 14:05:32.610 +01:00 [INF] Request starting HTTP/1.1 OPTIONS http://localhost:5082/api/takequizapi/submit - null null
2025-11-13 14:05:32.610 +01:00 [INF] CORS policy execution successful.
2025-11-13 14:05:32.610 +01:00 [INF] Request finished HTTP/1.1 OPTIONS http://localhost:5082/api/takequizapi/submit - 204 null null 0.2517ms
2025-11-13 14:05:32.611 +01:00 [INF] Request starting HTTP/1.1 POST http://localhost:5082/api/takequizapi/submit - application/json 65
2025-11-13 14:05:32.612 +01:00 [INF] CORS policy execution successful.
2025-11-13 14:05:32.612 +01:00 [INF] Executing endpoint 'api.Controllers.TakeQuizApiController.Submit (api)'
2025-11-13 14:05:32.612 +01:00 [INF] Route matched with {action = "Submit", controller = "TakeQuizApi"}. Executing controller action with signature System.Threading.Tasks.Task`1[Microsoft.AspNetCore.Mvc.IActionResult] Submit(api.DTOs.QuizSubmissionDto) on controller api.Controllers.TakeQuizApiController (api).
2025-11-13 14:05:32.614 +01:00 [INF] Executing OkObjectResult, writing value of type 'System.Collections.Generic.Dictionary`2[[System.String, System.Private.CoreLib, Version=8.0.0.0, Culture=neutral, PublicKeyToken=7cec85d7bea7798e],[System.Int32, System.Private.CoreLib, Version=8.0.0.0, Culture=neutral, PublicKeyToken=7cec85d7bea7798e]]'.
2025-11-13 14:05:32.614 +01:00 [INF] Executed action api.Controllers.TakeQuizApiController.Submit (api) in 2.3111ms
2025-11-13 14:05:32.614 +01:00 [INF] Executed endpoint 'api.Controllers.TakeQuizApiController.Submit (api)'
2025-11-13 14:05:32.614 +01:00 [INF] Request finished HTTP/1.1 POST http://localhost:5082/api/takequizapi/submit - 200 11 application/json; charset=utf-8 3.0732ms
2025-11-13 14:05:34.358 +01:00 [INF] Request starting HTTP/1.1 OPTIONS http://localhost:5082/api/takequizapi/12 - null null
2025-11-13 14:05:34.358 +01:00 [INF] CORS policy execution successful.
2025-11-13 14:05:34.358 +01:00 [INF] Request finished HTTP/1.1 OPTIONS http://localhost:5082/api/takequizapi/12 - 204 null null 0.4011ms
2025-11-13 14:05:34.359 +01:00 [INF] Request starting HTTP/1.1 OPTIONS http://localhost:5082/api/takequizapi/12 - null null
2025-11-13 14:05:34.359 +01:00 [INF] CORS policy execution successful.
2025-11-13 14:05:34.359 +01:00 [INF] Request finished HTTP/1.1 OPTIONS http://localhost:5082/api/takequizapi/12 - 204 null null 0.2098ms
2025-11-13 14:05:34.360 +01:00 [INF] Request starting HTTP/1.1 GET http://localhost:5082/api/takequizapi/12 - application/json null
2025-11-13 14:05:34.360 +01:00 [INF] CORS policy execution successful.
2025-11-13 14:05:34.360 +01:00 [INF] Executing endpoint 'api.Controllers.TakeQuizApiController.GetQuiz (api)'
2025-11-13 14:05:34.360 +01:00 [INF] Route matched with {action = "GetQuiz", controller = "TakeQuizApi"}. Executing controller action with signature System.Threading.Tasks.Task`1[Microsoft.AspNetCore.Mvc.IActionResult] GetQuiz(Int32) on controller api.Controllers.TakeQuizApiController (api).
2025-11-13 14:05:34.362 +01:00 [INF] Executing OkObjectResult, writing value of type 'api.DTOs.QuizDto'.
2025-11-13 14:05:34.362 +01:00 [INF] Executed action api.Controllers.TakeQuizApiController.GetQuiz (api) in 1.6268ms
2025-11-13 14:05:34.362 +01:00 [INF] Executed endpoint 'api.Controllers.TakeQuizApiController.GetQuiz (api)'
2025-11-13 14:05:34.362 +01:00 [INF] Request finished HTTP/1.1 GET http://localhost:5082/api/takequizapi/12 - 200 766 application/json; charset=utf-8 2.2601ms
2025-11-13 14:05:34.364 +01:00 [INF] Request starting HTTP/1.1 GET http://localhost:5082/api/takequizapi/12 - application/json null
2025-11-13 14:05:34.364 +01:00 [INF] CORS policy execution successful.
2025-11-13 14:05:34.364 +01:00 [INF] Executing endpoint 'api.Controllers.TakeQuizApiController.GetQuiz (api)'
2025-11-13 14:05:34.364 +01:00 [INF] Route matched with {action = "GetQuiz", controller = "TakeQuizApi"}. Executing controller action with signature System.Threading.Tasks.Task`1[Microsoft.AspNetCore.Mvc.IActionResult] GetQuiz(Int32) on controller api.Controllers.TakeQuizApiController (api).
2025-11-13 14:05:34.366 +01:00 [INF] Executing OkObjectResult, writing value of type 'api.DTOs.QuizDto'.
2025-11-13 14:05:34.366 +01:00 [INF] Executed action api.Controllers.TakeQuizApiController.GetQuiz (api) in 1.6441ms
2025-11-13 14:05:34.366 +01:00 [INF] Executed endpoint 'api.Controllers.TakeQuizApiController.GetQuiz (api)'
2025-11-13 14:05:34.366 +01:00 [INF] Request finished HTTP/1.1 GET http://localhost:5082/api/takequizapi/12 - 200 766 application/json; charset=utf-8 2.6036ms
2025-11-13 14:05:42.357 +01:00 [INF] Request starting HTTP/1.1 OPTIONS http://localhost:5082/api/takequizapi/submit - null null
2025-11-13 14:05:42.357 +01:00 [INF] CORS policy execution successful.
2025-11-13 14:05:42.358 +01:00 [INF] Request finished HTTP/1.1 OPTIONS http://localhost:5082/api/takequizapi/submit - 204 null null 0.3265ms
2025-11-13 14:05:42.359 +01:00 [INF] Request starting HTTP/1.1 POST http://localhost:5082/api/takequizapi/submit - application/json 65
2025-11-13 14:05:42.359 +01:00 [INF] CORS policy execution successful.
2025-11-13 14:05:42.360 +01:00 [INF] Executing endpoint 'api.Controllers.TakeQuizApiController.Submit (api)'
2025-11-13 14:05:42.360 +01:00 [INF] Route matched with {action = "Submit", controller = "TakeQuizApi"}. Executing controller action with signature System.Threading.Tasks.Task`1[Microsoft.AspNetCore.Mvc.IActionResult] Submit(api.DTOs.QuizSubmissionDto) on controller api.Controllers.TakeQuizApiController (api).
2025-11-13 14:05:42.362 +01:00 [INF] Executing OkObjectResult, writing value of type 'System.Collections.Generic.Dictionary`2[[System.String, System.Private.CoreLib, Version=8.0.0.0, Culture=neutral, PublicKeyToken=7cec85d7bea7798e],[System.Int32, System.Private.CoreLib, Version=8.0.0.0, Culture=neutral, PublicKeyToken=7cec85d7bea7798e]]'.
2025-11-13 14:05:42.362 +01:00 [INF] Executed action api.Controllers.TakeQuizApiController.Submit (api) in 2.0595ms
2025-11-13 14:05:42.362 +01:00 [INF] Executed endpoint 'api.Controllers.TakeQuizApiController.Submit (api)'
2025-11-13 14:05:42.362 +01:00 [INF] Request finished HTTP/1.1 POST http://localhost:5082/api/takequizapi/submit - 200 11 application/json; charset=utf-8 3.1775ms
2025-11-13 14:05:43.379 +01:00 [INF] Request starting HTTP/1.1 OPTIONS http://localhost:5082/api/takequizapi/saveattempt - null null
2025-11-13 14:05:43.379 +01:00 [INF] CORS policy execution successful.
2025-11-13 14:05:43.379 +01:00 [INF] Request finished HTTP/1.1 OPTIONS http://localhost:5082/api/takequizapi/saveattempt - 204 null null 0.2138ms
2025-11-13 14:05:43.380 +01:00 [INF] Request starting HTTP/1.1 POST http://localhost:5082/api/takequizapi/saveattempt - application/json 23
2025-11-13 14:05:43.380 +01:00 [INF] CORS policy execution successful.
2025-11-13 14:05:43.380 +01:00 [INF] Executing endpoint 'api.Controllers.TakeQuizApiController.SaveAttempt (api)'
2025-11-13 14:05:43.381 +01:00 [INF] Route matched with {action = "SaveAttempt", controller = "TakeQuizApi"}. Executing controller action with signature System.Threading.Tasks.Task`1[Microsoft.AspNetCore.Mvc.IActionResult] SaveAttempt(api.DTOs.QuizResultDto) on controller api.Controllers.TakeQuizApiController (api).
2025-11-13 14:05:43.387 +01:00 [INF] Executing OkObjectResult, writing value of type '<>f__AnonymousType3`1[[System.String, System.Private.CoreLib, Version=8.0.0.0, Culture=neutral, PublicKeyToken=7cec85d7bea7798e]]'.
2025-11-13 14:05:43.387 +01:00 [INF] Executed action api.Controllers.TakeQuizApiController.SaveAttempt (api) in 6.781ms
2025-11-13 14:05:43.387 +01:00 [INF] Executed endpoint 'api.Controllers.TakeQuizApiController.SaveAttempt (api)'
2025-11-13 14:05:43.388 +01:00 [INF] Request finished HTTP/1.1 POST http://localhost:5082/api/takequizapi/saveattempt - 200 40 application/json; charset=utf-8 7.4637ms
2025-11-13 14:05:47.292 +01:00 [INF] Request starting HTTP/1.1 OPTIONS http://localhost:5082/api/takequizapi/takequizlist - null null
2025-11-13 14:05:47.292 +01:00 [INF] CORS policy execution successful.
2025-11-13 14:05:47.292 +01:00 [INF] Request finished HTTP/1.1 OPTIONS http://localhost:5082/api/takequizapi/takequizlist - 204 null null 0.4815ms
2025-11-13 14:05:47.294 +01:00 [INF] Request starting HTTP/1.1 OPTIONS http://localhost:5082/api/takequizapi/takequizlist - null null
2025-11-13 14:05:47.295 +01:00 [INF] CORS policy execution successful.
2025-11-13 14:05:47.295 +01:00 [INF] Request finished HTTP/1.1 OPTIONS http://localhost:5082/api/takequizapi/takequizlist - 204 null null 0.2507ms
2025-11-13 14:05:47.295 +01:00 [INF] Request starting HTTP/1.1 GET http://localhost:5082/api/takequizapi/takequizlist - application/json null
2025-11-13 14:05:47.295 +01:00 [INF] CORS policy execution successful.
2025-11-13 14:05:47.295 +01:00 [INF] Executing endpoint 'api.Controllers.TakeQuizApiController.GetAllQuizzes (api)'
2025-11-13 14:05:47.295 +01:00 [INF] Route matched with {action = "GetAllQuizzes", controller = "TakeQuizApi"}. Executing controller action with signature System.Threading.Tasks.Task`1[Microsoft.AspNetCore.Mvc.IActionResult] GetAllQuizzes() on controller api.Controllers.TakeQuizApiController (api).
2025-11-13 14:05:47.298 +01:00 [INF] Executing OkObjectResult, writing value of type 'System.Collections.Generic.List`1[[api.DTOs.QuizDto, api, Version=1.0.0.0, Culture=neutral, PublicKeyToken=null]]'.
2025-11-13 14:05:47.298 +01:00 [INF] Executed action api.Controllers.TakeQuizApiController.GetAllQuizzes (api) in 2.9845ms
2025-11-13 14:05:47.299 +01:00 [INF] Executed endpoint 'api.Controllers.TakeQuizApiController.GetAllQuizzes (api)'
2025-11-13 14:05:47.299 +01:00 [INF] Request finished HTTP/1.1 GET http://localhost:5082/api/takequizapi/takequizlist - 200 376 application/json; charset=utf-8 3.8256ms
2025-11-13 14:05:47.300 +01:00 [INF] Request starting HTTP/1.1 GET http://localhost:5082/api/takequizapi/takequizlist - application/json null
2025-11-13 14:05:47.301 +01:00 [INF] CORS policy execution successful.
2025-11-13 14:05:47.301 +01:00 [INF] Executing endpoint 'api.Controllers.TakeQuizApiController.GetAllQuizzes (api)'
2025-11-13 14:05:47.301 +01:00 [INF] Route matched with {action = "GetAllQuizzes", controller = "TakeQuizApi"}. Executing controller action with signature System.Threading.Tasks.Task`1[Microsoft.AspNetCore.Mvc.IActionResult] GetAllQuizzes() on controller api.Controllers.TakeQuizApiController (api).
2025-11-13 14:05:47.304 +01:00 [INF] Executing OkObjectResult, writing value of type 'System.Collections.Generic.List`1[[api.DTOs.QuizDto, api, Version=1.0.0.0, Culture=neutral, PublicKeyToken=null]]'.
2025-11-13 14:05:47.304 +01:00 [INF] Executed action api.Controllers.TakeQuizApiController.GetAllQuizzes (api) in 3.0498ms
2025-11-13 14:05:47.304 +01:00 [INF] Executed endpoint 'api.Controllers.TakeQuizApiController.GetAllQuizzes (api)'
2025-11-13 14:05:47.304 +01:00 [INF] Request finished HTTP/1.1 GET http://localhost:5082/api/takequizapi/takequizlist - 200 376 application/json; charset=utf-8 4.1247ms
2025-11-13 14:05:48.040 +01:00 [INF] Request starting HTTP/1.1 OPTIONS http://localhost:5082/api/takequizapi/attempts/12 - null null
2025-11-13 14:05:48.041 +01:00 [INF] Request starting HTTP/1.1 OPTIONS http://localhost:5082/api/takequizapi/attempts/12 - null null
2025-11-13 14:05:48.041 +01:00 [INF] CORS policy execution successful.
2025-11-13 14:05:48.041 +01:00 [INF] CORS policy execution successful.
2025-11-13 14:05:48.041 +01:00 [INF] Request finished HTTP/1.1 OPTIONS http://localhost:5082/api/takequizapi/attempts/12 - 204 null null 0.3227ms
2025-11-13 14:05:48.041 +01:00 [INF] Request finished HTTP/1.1 OPTIONS http://localhost:5082/api/takequizapi/attempts/12 - 204 null null 0.2552ms
2025-11-13 14:05:48.042 +01:00 [INF] Request starting HTTP/1.1 GET http://localhost:5082/api/takequizapi/attempts/12 - application/json null
2025-11-13 14:05:48.042 +01:00 [INF] CORS policy execution successful.
2025-11-13 14:05:48.043 +01:00 [INF] Executing endpoint 'api.Controllers.TakeQuizApiController.GetAttempts (api)'
2025-11-13 14:05:48.043 +01:00 [INF] Route matched with {action = "GetAttempts", controller = "TakeQuizApi"}. Executing controller action with signature System.Threading.Tasks.Task`1[Microsoft.AspNetCore.Mvc.IActionResult] GetAttempts(Int32) on controller api.Controllers.TakeQuizApiController (api).
2025-11-13 14:05:48.045 +01:00 [INF] Executing OkObjectResult, writing value of type 'System.Collections.Generic.List`1[[api.DTOs.QuizResultDto, api, Version=1.0.0.0, Culture=neutral, PublicKeyToken=null]]'.
2025-11-13 14:05:48.045 +01:00 [INF] Executed action api.Controllers.TakeQuizApiController.GetAttempts (api) in 2.2134ms
2025-11-13 14:05:48.045 +01:00 [INF] Executed endpoint 'api.Controllers.TakeQuizApiController.GetAttempts (api)'
2025-11-13 14:05:48.045 +01:00 [INF] Request finished HTTP/1.1 GET http://localhost:5082/api/takequizapi/attempts/12 - 200 109 application/json; charset=utf-8 2.8851ms
2025-11-13 14:05:48.047 +01:00 [INF] Request starting HTTP/1.1 GET http://localhost:5082/api/takequizapi/attempts/12 - application/json null
2025-11-13 14:05:48.048 +01:00 [INF] CORS policy execution successful.
2025-11-13 14:05:48.048 +01:00 [INF] Executing endpoint 'api.Controllers.TakeQuizApiController.GetAttempts (api)'
2025-11-13 14:05:48.048 +01:00 [INF] Route matched with {action = "GetAttempts", controller = "TakeQuizApi"}. Executing controller action with signature System.Threading.Tasks.Task`1[Microsoft.AspNetCore.Mvc.IActionResult] GetAttempts(Int32) on controller api.Controllers.TakeQuizApiController (api).
2025-11-13 14:05:48.050 +01:00 [INF] Executing OkObjectResult, writing value of type 'System.Collections.Generic.List`1[[api.DTOs.QuizResultDto, api, Version=1.0.0.0, Culture=neutral, PublicKeyToken=null]]'.
2025-11-13 14:05:48.050 +01:00 [INF] Executed action api.Controllers.TakeQuizApiController.GetAttempts (api) in 1.762ms
2025-11-13 14:05:48.050 +01:00 [INF] Executed endpoint 'api.Controllers.TakeQuizApiController.GetAttempts (api)'
2025-11-13 14:05:48.050 +01:00 [INF] Request finished HTTP/1.1 GET http://localhost:5082/api/takequizapi/attempts/12 - 200 109 application/json; charset=utf-8 2.6766ms
2025-11-13 14:05:48.858 +01:00 [INF] Request starting HTTP/1.1 GET http://localhost:5082/api/takequizapi/takequizlist - application/json null
2025-11-13 14:05:48.858 +01:00 [INF] CORS policy execution successful.
2025-11-13 14:05:48.858 +01:00 [INF] Executing endpoint 'api.Controllers.TakeQuizApiController.GetAllQuizzes (api)'
2025-11-13 14:05:48.858 +01:00 [INF] Route matched with {action = "GetAllQuizzes", controller = "TakeQuizApi"}. Executing controller action with signature System.Threading.Tasks.Task`1[Microsoft.AspNetCore.Mvc.IActionResult] GetAllQuizzes() on controller api.Controllers.TakeQuizApiController (api).
2025-11-13 14:05:48.860 +01:00 [INF] Executing OkObjectResult, writing value of type 'System.Collections.Generic.List`1[[api.DTOs.QuizDto, api, Version=1.0.0.0, Culture=neutral, PublicKeyToken=null]]'.
2025-11-13 14:05:48.861 +01:00 [INF] Executed action api.Controllers.TakeQuizApiController.GetAllQuizzes (api) in 2.5322ms
2025-11-13 14:05:48.861 +01:00 [INF] Executed endpoint 'api.Controllers.TakeQuizApiController.GetAllQuizzes (api)'
2025-11-13 14:05:48.861 +01:00 [INF] Request finished HTTP/1.1 GET http://localhost:5082/api/takequizapi/takequizlist - 200 376 application/json; charset=utf-8 3.3405ms
2025-11-13 14:05:48.863 +01:00 [INF] Request starting HTTP/1.1 GET http://localhost:5082/api/takequizapi/takequizlist - application/json null
2025-11-13 14:05:48.863 +01:00 [INF] CORS policy execution successful.
2025-11-13 14:05:48.863 +01:00 [INF] Executing endpoint 'api.Controllers.TakeQuizApiController.GetAllQuizzes (api)'
2025-11-13 14:05:48.863 +01:00 [INF] Route matched with {action = "GetAllQuizzes", controller = "TakeQuizApi"}. Executing controller action with signature System.Threading.Tasks.Task`1[Microsoft.AspNetCore.Mvc.IActionResult] GetAllQuizzes() on controller api.Controllers.TakeQuizApiController (api).
2025-11-13 14:05:48.866 +01:00 [INF] Executing OkObjectResult, writing value of type 'System.Collections.Generic.List`1[[api.DTOs.QuizDto, api, Version=1.0.0.0, Culture=neutral, PublicKeyToken=null]]'.
2025-11-13 14:05:48.866 +01:00 [INF] Executed action api.Controllers.TakeQuizApiController.GetAllQuizzes (api) in 2.4023ms
2025-11-13 14:05:48.866 +01:00 [INF] Executed endpoint 'api.Controllers.TakeQuizApiController.GetAllQuizzes (api)'
2025-11-13 14:05:48.866 +01:00 [INF] Request finished HTTP/1.1 GET http://localhost:5082/api/takequizapi/takequizlist - 200 376 application/json; charset=utf-8 3.4555ms
2025-11-13 14:05:49.658 +01:00 [INF] Request starting HTTP/1.1 OPTIONS http://localhost:5082/api/takequizapi/2 - null null
2025-11-13 14:05:49.658 +01:00 [INF] Request starting HTTP/1.1 OPTIONS http://localhost:5082/api/takequizapi/2 - null null
2025-11-13 14:05:49.658 +01:00 [INF] CORS policy execution successful.
2025-11-13 14:05:49.658 +01:00 [INF] CORS policy execution successful.
2025-11-13 14:05:49.658 +01:00 [INF] Request finished HTTP/1.1 OPTIONS http://localhost:5082/api/takequizapi/2 - 204 null null 0.4706ms
2025-11-13 14:05:49.658 +01:00 [INF] Request finished HTTP/1.1 OPTIONS http://localhost:5082/api/takequizapi/2 - 204 null null 0.4472ms
2025-11-13 14:05:49.661 +01:00 [INF] Request starting HTTP/1.1 GET http://localhost:5082/api/takequizapi/2 - application/json null
2025-11-13 14:05:49.661 +01:00 [INF] CORS policy execution successful.
2025-11-13 14:05:49.662 +01:00 [INF] Executing endpoint 'api.Controllers.TakeQuizApiController.GetQuiz (api)'
2025-11-13 14:05:49.662 +01:00 [INF] Route matched with {action = "GetQuiz", controller = "TakeQuizApi"}. Executing controller action with signature System.Threading.Tasks.Task`1[Microsoft.AspNetCore.Mvc.IActionResult] GetQuiz(Int32) on controller api.Controllers.TakeQuizApiController (api).
2025-11-13 14:05:49.663 +01:00 [INF] Executing OkObjectResult, writing value of type 'api.DTOs.QuizDto'.
2025-11-13 14:05:49.664 +01:00 [INF] Executed action api.Controllers.TakeQuizApiController.GetQuiz (api) in 1.9963ms
2025-11-13 14:05:49.664 +01:00 [INF] Executed endpoint 'api.Controllers.TakeQuizApiController.GetQuiz (api)'
2025-11-13 14:05:49.664 +01:00 [INF] Request finished HTTP/1.1 GET http://localhost:5082/api/takequizapi/2 - 200 918 application/json; charset=utf-8 3.3789ms
2025-11-13 14:05:49.665 +01:00 [INF] Request starting HTTP/1.1 GET http://localhost:5082/api/takequizapi/2 - application/json null
2025-11-13 14:05:49.666 +01:00 [INF] CORS policy execution successful.
2025-11-13 14:05:49.666 +01:00 [INF] Executing endpoint 'api.Controllers.TakeQuizApiController.GetQuiz (api)'
2025-11-13 14:05:49.666 +01:00 [INF] Route matched with {action = "GetQuiz", controller = "TakeQuizApi"}. Executing controller action with signature System.Threading.Tasks.Task`1[Microsoft.AspNetCore.Mvc.IActionResult] GetQuiz(Int32) on controller api.Controllers.TakeQuizApiController (api).
2025-11-13 14:05:49.667 +01:00 [INF] Executing OkObjectResult, writing value of type 'api.DTOs.QuizDto'.
2025-11-13 14:05:49.667 +01:00 [INF] Executed action api.Controllers.TakeQuizApiController.GetQuiz (api) in 1.4712ms
2025-11-13 14:05:49.668 +01:00 [INF] Executed endpoint 'api.Controllers.TakeQuizApiController.GetQuiz (api)'
2025-11-13 14:05:49.668 +01:00 [INF] Request finished HTTP/1.1 GET http://localhost:5082/api/takequizapi/2 - 200 918 application/json; charset=utf-8 2.1857ms
2025-11-13 14:05:55.538 +01:00 [INF] Request starting HTTP/1.1 OPTIONS http://localhost:5082/api/takequizapi/submit - null null
2025-11-13 14:05:55.538 +01:00 [INF] CORS policy execution successful.
2025-11-13 14:05:55.538 +01:00 [INF] Request finished HTTP/1.1 OPTIONS http://localhost:5082/api/takequizapi/submit - 204 null null 0.2526ms
2025-11-13 14:05:55.539 +01:00 [INF] Request starting HTTP/1.1 POST http://localhost:5082/api/takequizapi/submit - application/json 51
2025-11-13 14:05:55.540 +01:00 [INF] CORS policy execution successful.
2025-11-13 14:05:55.540 +01:00 [INF] Executing endpoint 'api.Controllers.TakeQuizApiController.Submit (api)'
2025-11-13 14:05:55.540 +01:00 [INF] Route matched with {action = "Submit", controller = "TakeQuizApi"}. Executing controller action with signature System.Threading.Tasks.Task`1[Microsoft.AspNetCore.Mvc.IActionResult] Submit(api.DTOs.QuizSubmissionDto) on controller api.Controllers.TakeQuizApiController (api).
2025-11-13 14:05:55.542 +01:00 [INF] Executing OkObjectResult, writing value of type 'System.Collections.Generic.Dictionary`2[[System.String, System.Private.CoreLib, Version=8.0.0.0, Culture=neutral, PublicKeyToken=7cec85d7bea7798e],[System.Int32, System.Private.CoreLib, Version=8.0.0.0, Culture=neutral, PublicKeyToken=7cec85d7bea7798e]]'.
2025-11-13 14:05:55.542 +01:00 [INF] Executed action api.Controllers.TakeQuizApiController.Submit (api) in 2.2536ms
2025-11-13 14:05:55.542 +01:00 [INF] Executed endpoint 'api.Controllers.TakeQuizApiController.Submit (api)'
2025-11-13 14:05:55.543 +01:00 [INF] Request finished HTTP/1.1 POST http://localhost:5082/api/takequizapi/submit - 200 11 application/json; charset=utf-8 3.2614ms
2025-11-13 14:05:56.860 +01:00 [INF] Request starting HTTP/1.1 OPTIONS http://localhost:5082/api/takequizapi/saveattempt - null null
2025-11-13 14:05:56.861 +01:00 [INF] CORS policy execution successful.
2025-11-13 14:05:56.861 +01:00 [INF] Request finished HTTP/1.1 OPTIONS http://localhost:5082/api/takequizapi/saveattempt - 204 null null 0.2737ms
2025-11-13 14:05:56.861 +01:00 [INF] Request starting HTTP/1.1 POST http://localhost:5082/api/takequizapi/saveattempt - application/json 22
2025-11-13 14:05:56.862 +01:00 [INF] CORS policy execution successful.
2025-11-13 14:05:56.862 +01:00 [INF] Executing endpoint 'api.Controllers.TakeQuizApiController.SaveAttempt (api)'
2025-11-13 14:05:56.862 +01:00 [INF] Route matched with {action = "SaveAttempt", controller = "TakeQuizApi"}. Executing controller action with signature System.Threading.Tasks.Task`1[Microsoft.AspNetCore.Mvc.IActionResult] SaveAttempt(api.DTOs.QuizResultDto) on controller api.Controllers.TakeQuizApiController (api).
2025-11-13 14:05:56.869 +01:00 [INF] Executing OkObjectResult, writing value of type '<>f__AnonymousType3`1[[System.String, System.Private.CoreLib, Version=8.0.0.0, Culture=neutral, PublicKeyToken=7cec85d7bea7798e]]'.
2025-11-13 14:05:56.869 +01:00 [INF] Executed action api.Controllers.TakeQuizApiController.SaveAttempt (api) in 7.1505ms
2025-11-13 14:05:56.869 +01:00 [INF] Executed endpoint 'api.Controllers.TakeQuizApiController.SaveAttempt (api)'
2025-11-13 14:05:56.870 +01:00 [INF] Request finished HTTP/1.1 POST http://localhost:5082/api/takequizapi/saveattempt - 200 40 application/json; charset=utf-8 8.1808ms
2025-11-13 14:06:01.477 +01:00 [INF] Request starting HTTP/1.1 OPTIONS http://localhost:5082/api/takequizapi/takequizlist - null null
2025-11-13 14:06:01.477 +01:00 [INF] CORS policy execution successful.
2025-11-13 14:06:01.477 +01:00 [INF] Request finished HTTP/1.1 OPTIONS http://localhost:5082/api/takequizapi/takequizlist - 204 null null 0.3832ms
2025-11-13 14:06:01.479 +01:00 [INF] Request starting HTTP/1.1 OPTIONS http://localhost:5082/api/takequizapi/takequizlist - null null
2025-11-13 14:06:01.479 +01:00 [INF] CORS policy execution successful.
2025-11-13 14:06:01.479 +01:00 [INF] Request finished HTTP/1.1 OPTIONS http://localhost:5082/api/takequizapi/takequizlist - 204 null null 0.3294ms
2025-11-13 14:06:01.479 +01:00 [INF] Request starting HTTP/1.1 GET http://localhost:5082/api/takequizapi/takequizlist - application/json null
2025-11-13 14:06:01.480 +01:00 [INF] CORS policy execution successful.
2025-11-13 14:06:01.480 +01:00 [INF] Executing endpoint 'api.Controllers.TakeQuizApiController.GetAllQuizzes (api)'
2025-11-13 14:06:01.481 +01:00 [INF] Route matched with {action = "GetAllQuizzes", controller = "TakeQuizApi"}. Executing controller action with signature System.Threading.Tasks.Task`1[Microsoft.AspNetCore.Mvc.IActionResult] GetAllQuizzes() on controller api.Controllers.TakeQuizApiController (api).
2025-11-13 14:06:01.483 +01:00 [INF] Executing OkObjectResult, writing value of type 'System.Collections.Generic.List`1[[api.DTOs.QuizDto, api, Version=1.0.0.0, Culture=neutral, PublicKeyToken=null]]'.
2025-11-13 14:06:01.483 +01:00 [INF] Executed action api.Controllers.TakeQuizApiController.GetAllQuizzes (api) in 2.3274ms
2025-11-13 14:06:01.483 +01:00 [INF] Executed endpoint 'api.Controllers.TakeQuizApiController.GetAllQuizzes (api)'
2025-11-13 14:06:01.483 +01:00 [INF] Request finished HTTP/1.1 GET http://localhost:5082/api/takequizapi/takequizlist - 200 376 application/json; charset=utf-8 3.7428ms
2025-11-13 14:06:01.485 +01:00 [INF] Request starting HTTP/1.1 GET http://localhost:5082/api/takequizapi/takequizlist - application/json null
2025-11-13 14:06:01.485 +01:00 [INF] CORS policy execution successful.
2025-11-13 14:06:01.486 +01:00 [INF] Executing endpoint 'api.Controllers.TakeQuizApiController.GetAllQuizzes (api)'
2025-11-13 14:06:01.486 +01:00 [INF] Route matched with {action = "GetAllQuizzes", controller = "TakeQuizApi"}. Executing controller action with signature System.Threading.Tasks.Task`1[Microsoft.AspNetCore.Mvc.IActionResult] GetAllQuizzes() on controller api.Controllers.TakeQuizApiController (api).
2025-11-13 14:06:01.489 +01:00 [INF] Executing OkObjectResult, writing value of type 'System.Collections.Generic.List`1[[api.DTOs.QuizDto, api, Version=1.0.0.0, Culture=neutral, PublicKeyToken=null]]'.
2025-11-13 14:06:01.489 +01:00 [INF] Executed action api.Controllers.TakeQuizApiController.GetAllQuizzes (api) in 2.7564ms
2025-11-13 14:06:01.489 +01:00 [INF] Executed endpoint 'api.Controllers.TakeQuizApiController.GetAllQuizzes (api)'
2025-11-13 14:06:01.489 +01:00 [INF] Request finished HTTP/1.1 GET http://localhost:5082/api/takequizapi/takequizlist - 200 376 application/json; charset=utf-8 3.9141ms
2025-11-13 14:06:02.192 +01:00 [INF] Request starting HTTP/1.1 OPTIONS http://localhost:5082/api/takequizapi/attempts/2 - null null
2025-11-13 14:06:02.192 +01:00 [INF] CORS policy execution successful.
2025-11-13 14:06:02.192 +01:00 [INF] Request finished HTTP/1.1 OPTIONS http://localhost:5082/api/takequizapi/attempts/2 - 204 null null 0.4231ms
2025-11-13 14:06:02.193 +01:00 [INF] Request starting HTTP/1.1 OPTIONS http://localhost:5082/api/takequizapi/attempts/2 - null null
2025-11-13 14:06:02.193 +01:00 [INF] CORS policy execution successful.
2025-11-13 14:06:02.193 +01:00 [INF] Request finished HTTP/1.1 OPTIONS http://localhost:5082/api/takequizapi/attempts/2 - 204 null null 0.1552ms
2025-11-13 14:06:02.195 +01:00 [INF] Request starting HTTP/1.1 GET http://localhost:5082/api/takequizapi/attempts/2 - application/json null
2025-11-13 14:06:02.195 +01:00 [INF] CORS policy execution successful.
2025-11-13 14:06:02.196 +01:00 [INF] Executing endpoint 'api.Controllers.TakeQuizApiController.GetAttempts (api)'
2025-11-13 14:06:02.196 +01:00 [INF] Route matched with {action = "GetAttempts", controller = "TakeQuizApi"}. Executing controller action with signature System.Threading.Tasks.Task`1[Microsoft.AspNetCore.Mvc.IActionResult] GetAttempts(Int32) on controller api.Controllers.TakeQuizApiController (api).
2025-11-13 14:06:02.198 +01:00 [INF] Executing OkObjectResult, writing value of type 'System.Collections.Generic.List`1[[api.DTOs.QuizResultDto, api, Version=1.0.0.0, Culture=neutral, PublicKeyToken=null]]'.
2025-11-13 14:06:02.198 +01:00 [INF] Executed action api.Controllers.TakeQuizApiController.GetAttempts (api) in 2.4459ms
2025-11-13 14:06:02.199 +01:00 [INF] Executed endpoint 'api.Controllers.TakeQuizApiController.GetAttempts (api)'
2025-11-13 14:06:02.199 +01:00 [INF] Request finished HTTP/1.1 GET http://localhost:5082/api/takequizapi/attempts/2 - 200 106 application/json; charset=utf-8 3.5464ms
2025-11-13 14:06:02.200 +01:00 [INF] Request starting HTTP/1.1 GET http://localhost:5082/api/takequizapi/attempts/2 - application/json null
2025-11-13 14:06:02.200 +01:00 [INF] CORS policy execution successful.
2025-11-13 14:06:02.201 +01:00 [INF] Executing endpoint 'api.Controllers.TakeQuizApiController.GetAttempts (api)'
2025-11-13 14:06:02.201 +01:00 [INF] Route matched with {action = "GetAttempts", controller = "TakeQuizApi"}. Executing controller action with signature System.Threading.Tasks.Task`1[Microsoft.AspNetCore.Mvc.IActionResult] GetAttempts(Int32) on controller api.Controllers.TakeQuizApiController (api).
2025-11-13 14:06:02.205 +01:00 [INF] Executing OkObjectResult, writing value of type 'System.Collections.Generic.List`1[[api.DTOs.QuizResultDto, api, Version=1.0.0.0, Culture=neutral, PublicKeyToken=null]]'.
2025-11-13 14:06:02.205 +01:00 [INF] Executed action api.Controllers.TakeQuizApiController.GetAttempts (api) in 4.0279ms
2025-11-13 14:06:02.205 +01:00 [INF] Executed endpoint 'api.Controllers.TakeQuizApiController.GetAttempts (api)'
2025-11-13 14:06:02.205 +01:00 [INF] Request finished HTTP/1.1 GET http://localhost:5082/api/takequizapi/attempts/2 - 200 106 application/json; charset=utf-8 5.1822ms
2025-11-13 14:06:03.974 +01:00 [INF] Request starting HTTP/1.1 GET http://localhost:5082/api/takequizapi/takequizlist - application/json null
2025-11-13 14:06:03.974 +01:00 [INF] CORS policy execution successful.
2025-11-13 14:06:03.975 +01:00 [INF] Executing endpoint 'api.Controllers.TakeQuizApiController.GetAllQuizzes (api)'
2025-11-13 14:06:03.975 +01:00 [INF] Route matched with {action = "GetAllQuizzes", controller = "TakeQuizApi"}. Executing controller action with signature System.Threading.Tasks.Task`1[Microsoft.AspNetCore.Mvc.IActionResult] GetAllQuizzes() on controller api.Controllers.TakeQuizApiController (api).
2025-11-13 14:06:03.978 +01:00 [INF] Executing OkObjectResult, writing value of type 'System.Collections.Generic.List`1[[api.DTOs.QuizDto, api, Version=1.0.0.0, Culture=neutral, PublicKeyToken=null]]'.
2025-11-13 14:06:03.978 +01:00 [INF] Executed action api.Controllers.TakeQuizApiController.GetAllQuizzes (api) in 2.6533ms
2025-11-13 14:06:03.978 +01:00 [INF] Executed endpoint 'api.Controllers.TakeQuizApiController.GetAllQuizzes (api)'
2025-11-13 14:06:03.978 +01:00 [INF] Request finished HTTP/1.1 GET http://localhost:5082/api/takequizapi/takequizlist - 200 376 application/json; charset=utf-8 3.7665ms
2025-11-13 14:06:03.979 +01:00 [INF] Request starting HTTP/1.1 GET http://localhost:5082/api/takequizapi/takequizlist - application/json null
2025-11-13 14:06:03.979 +01:00 [INF] CORS policy execution successful.
2025-11-13 14:06:03.979 +01:00 [INF] Executing endpoint 'api.Controllers.TakeQuizApiController.GetAllQuizzes (api)'
2025-11-13 14:06:03.980 +01:00 [INF] Route matched with {action = "GetAllQuizzes", controller = "TakeQuizApi"}. Executing controller action with signature System.Threading.Tasks.Task`1[Microsoft.AspNetCore.Mvc.IActionResult] GetAllQuizzes() on controller api.Controllers.TakeQuizApiController (api).
2025-11-13 14:06:03.982 +01:00 [INF] Executing OkObjectResult, writing value of type 'System.Collections.Generic.List`1[[api.DTOs.QuizDto, api, Version=1.0.0.0, Culture=neutral, PublicKeyToken=null]]'.
2025-11-13 14:06:03.982 +01:00 [INF] Executed action api.Controllers.TakeQuizApiController.GetAllQuizzes (api) in 2.1063ms
2025-11-13 14:06:03.982 +01:00 [INF] Executed endpoint 'api.Controllers.TakeQuizApiController.GetAllQuizzes (api)'
2025-11-13 14:06:03.982 +01:00 [INF] Request finished HTTP/1.1 GET http://localhost:5082/api/takequizapi/takequizlist - 200 376 application/json; charset=utf-8 2.7449ms
2025-11-13 14:07:17.014 +01:00 [INF] Application is shutting down...
