2025-11-13 11:53:45.733 +01:00 [INF] User profile is available. Using 'C:\Users\Admin\AppData\Local\ASP.NET\DataProtection-Keys' as key repository and Windows DPAPI to encrypt keys at rest.
2025-11-13 11:53:45.937 +01:00 [INF] Now listening on: http://localhost:5082
2025-11-13 11:53:45.944 +01:00 [INF] Application started. Press Ctrl+C to shut down.
2025-11-13 11:53:45.945 +01:00 [INF] Hosting environment: Development
2025-11-13 11:53:45.945 +01:00 [INF] Content root path: C:\Users\Admin\OneDrive - OsloMet\FinalExamITPE3200\EXAMFAM\api
2025-11-13 11:53:56.186 +01:00 [INF] Request starting HTTP/1.1 GET http://localhost:5082/api/quizapi/quizlist - null null
2025-11-13 11:53:56.241 +01:00 [INF] CORS policy execution successful.
2025-11-13 11:53:56.302 +01:00 [INF] Executing endpoint 'api.Controllers.QuizAPIController.QuizList (api)'
2025-11-13 11:53:56.330 +01:00 [INF] Route matched with {action = "QuizList", controller = "QuizAPI"}. Executing controller action with signature System.Threading.Tasks.Task`1[Microsoft.AspNetCore.Mvc.IActionResult] QuizList() on controller api.Controllers.QuizAPIController (api).
2025-11-13 11:53:56.665 +01:00 [WRN] Compiling a query which loads related collections for more than one collection navigation, either via 'Include' or through projection, but no 'QuerySplittingBehavior' has been configured. By default, Entity Framework will use 'QuerySplittingBehavior.SingleQuery', which can potentially result in slow query performance. See https://go.microsoft.com/fwlink/?linkid=2134277 for more information. To identify the query that's triggering this warning call 'ConfigureWarnings(w => w.Throw(RelationalEventId.MultipleCollectionIncludeWarning))'.
2025-11-13 11:53:56.746 +01:00 [INF] Executing OkObjectResult, writing value of type 'System.Linq.Enumerable+SelectListIterator`2[[api.Models.Quiz, api, Version=1.0.0.0, Culture=neutral, PublicKeyToken=null],[api.DTOs.QuizDto, api, Version=1.0.0.0, Culture=neutral, PublicKeyToken=null]]'.
2025-11-13 11:53:56.848 +01:00 [INF] Executed action api.Controllers.QuizAPIController.QuizList (api) in 513.6676ms
2025-11-13 11:53:56.849 +01:00 [INF] Executed endpoint 'api.Controllers.QuizAPIController.QuizList (api)'
2025-11-13 11:53:56.854 +01:00 [INF] Request finished HTTP/1.1 GET http://localhost:5082/api/quizapi/quizlist - 200 328 application/json; charset=utf-8 671.0676ms
2025-11-13 11:53:56.857 +01:00 [INF] Request starting HTTP/1.1 GET http://localhost:5082/api/quizapi/quizlist - null null
2025-11-13 11:53:56.861 +01:00 [INF] CORS policy execution successful.
2025-11-13 11:53:56.863 +01:00 [INF] Executing endpoint 'api.Controllers.QuizAPIController.QuizList (api)'
2025-11-13 11:53:56.864 +01:00 [INF] Route matched with {action = "QuizList", controller = "QuizAPI"}. Executing controller action with signature System.Threading.Tasks.Task`1[Microsoft.AspNetCore.Mvc.IActionResult] QuizList() on controller api.Controllers.QuizAPIController (api).
2025-11-13 11:53:56.883 +01:00 [INF] Executing OkObjectResult, writing value of type 'System.Linq.Enumerable+SelectListIterator`2[[api.Models.Quiz, api, Version=1.0.0.0, Culture=neutral, PublicKeyToken=null],[api.DTOs.QuizDto, api, Version=1.0.0.0, Culture=neutral, PublicKeyToken=null]]'.
2025-11-13 11:53:56.884 +01:00 [INF] Executed action api.Controllers.QuizAPIController.QuizList (api) in 19.9555ms
2025-11-13 11:53:56.884 +01:00 [INF] Executed endpoint 'api.Controllers.QuizAPIController.QuizList (api)'
2025-11-13 11:53:56.884 +01:00 [INF] Request finished HTTP/1.1 GET http://localhost:5082/api/quizapi/quizlist - 200 328 application/json; charset=utf-8 26.8152ms
2025-11-13 11:53:59.901 +01:00 [INF] Request starting HTTP/1.1 GET http://localhost:5082/api/quizapi/11 - null null
2025-11-13 11:53:59.902 +01:00 [INF] CORS policy execution successful.
2025-11-13 11:53:59.906 +01:00 [INF] Executing endpoint 'api.Controllers.QuizAPIController.GetQuiz (api)'
2025-11-13 11:53:59.918 +01:00 [INF] Route matched with {action = "GetQuiz", controller = "QuizAPI"}. Executing controller action with signature System.Threading.Tasks.Task`1[Microsoft.AspNetCore.Mvc.IActionResult] GetQuiz(Int32) on controller api.Controllers.QuizAPIController (api).
2025-11-13 11:53:59.962 +01:00 [WRN] Compiling a query which loads related collections for more than one collection navigation, either via 'Include' or through projection, but no 'QuerySplittingBehavior' has been configured. By default, Entity Framework will use 'QuerySplittingBehavior.SingleQuery', which can potentially result in slow query performance. See https://go.microsoft.com/fwlink/?linkid=2134277 for more information. To identify the query that's triggering this warning call 'ConfigureWarnings(w => w.Throw(RelationalEventId.MultipleCollectionIncludeWarning))'.
2025-11-13 11:53:59.973 +01:00 [INF] Executing OkObjectResult, writing value of type 'api.Models.Quiz'.
2025-11-13 11:53:59.991 +01:00 [INF] Executed action api.Controllers.QuizAPIController.GetQuiz (api) in 73.2707ms
2025-11-13 11:53:59.992 +01:00 [INF] Executed endpoint 'api.Controllers.QuizAPIController.GetQuiz (api)'
2025-11-13 11:53:59.992 +01:00 [INF] Request finished HTTP/1.1 GET http://localhost:5082/api/quizapi/11 - 200 374 application/json; charset=utf-8 91.0974ms
2025-11-13 11:53:59.995 +01:00 [INF] Request starting HTTP/1.1 GET http://localhost:5082/api/quizapi/11 - null null
2025-11-13 11:53:59.996 +01:00 [INF] CORS policy execution successful.
2025-11-13 11:53:59.996 +01:00 [INF] Executing endpoint 'api.Controllers.QuizAPIController.GetQuiz (api)'
2025-11-13 11:53:59.996 +01:00 [INF] Route matched with {action = "GetQuiz", controller = "QuizAPI"}. Executing controller action with signature System.Threading.Tasks.Task`1[Microsoft.AspNetCore.Mvc.IActionResult] GetQuiz(Int32) on controller api.Controllers.QuizAPIController (api).
2025-11-13 11:54:00.004 +01:00 [INF] Executing OkObjectResult, writing value of type 'api.Models.Quiz'.
2025-11-13 11:54:00.005 +01:00 [INF] Executed action api.Controllers.QuizAPIController.GetQuiz (api) in 8.517ms
2025-11-13 11:54:00.006 +01:00 [INF] Executed endpoint 'api.Controllers.QuizAPIController.GetQuiz (api)'
2025-11-13 11:54:00.006 +01:00 [INF] Request finished HTTP/1.1 GET http://localhost:5082/api/quizapi/11 - 200 374 application/json; charset=utf-8 10.6871ms
2025-11-13 11:54:01.400 +01:00 [INF] Request starting HTTP/1.1 GET http://localhost:5082/api/quizapi/quizlist - null null
2025-11-13 11:54:01.401 +01:00 [INF] CORS policy execution successful.
2025-11-13 11:54:01.401 +01:00 [INF] Executing endpoint 'api.Controllers.QuizAPIController.QuizList (api)'
2025-11-13 11:54:01.402 +01:00 [INF] Route matched with {action = "QuizList", controller = "QuizAPI"}. Executing controller action with signature System.Threading.Tasks.Task`1[Microsoft.AspNetCore.Mvc.IActionResult] QuizList() on controller api.Controllers.QuizAPIController (api).
2025-11-13 11:54:01.412 +01:00 [INF] Executing OkObjectResult, writing value of type 'System.Linq.Enumerable+SelectListIterator`2[[api.Models.Quiz, api, Version=1.0.0.0, Culture=neutral, PublicKeyToken=null],[api.DTOs.QuizDto, api, Version=1.0.0.0, Culture=neutral, PublicKeyToken=null]]'.
2025-11-13 11:54:01.413 +01:00 [INF] Executed action api.Controllers.QuizAPIController.QuizList (api) in 10.8722ms
2025-11-13 11:54:01.413 +01:00 [INF] Executed endpoint 'api.Controllers.QuizAPIController.QuizList (api)'
2025-11-13 11:54:01.413 +01:00 [INF] Request finished HTTP/1.1 GET http://localhost:5082/api/quizapi/quizlist - 200 328 application/json; charset=utf-8 12.907ms
2025-11-13 11:54:01.415 +01:00 [INF] Request starting HTTP/1.1 GET http://localhost:5082/api/quizapi/quizlist - null null
2025-11-13 11:54:01.415 +01:00 [INF] CORS policy execution successful.
2025-11-13 11:54:01.416 +01:00 [INF] Executing endpoint 'api.Controllers.QuizAPIController.QuizList (api)'
2025-11-13 11:54:01.416 +01:00 [INF] Route matched with {action = "QuizList", controller = "QuizAPI"}. Executing controller action with signature System.Threading.Tasks.Task`1[Microsoft.AspNetCore.Mvc.IActionResult] QuizList() on controller api.Controllers.QuizAPIController (api).
2025-11-13 11:54:01.422 +01:00 [INF] Executing OkObjectResult, writing value of type 'System.Linq.Enumerable+SelectListIterator`2[[api.Models.Quiz, api, Version=1.0.0.0, Culture=neutral, PublicKeyToken=null],[api.DTOs.QuizDto, api, Version=1.0.0.0, Culture=neutral, PublicKeyToken=null]]'.
2025-11-13 11:54:01.423 +01:00 [INF] Executed action api.Controllers.QuizAPIController.QuizList (api) in 7.2851ms
2025-11-13 11:54:01.424 +01:00 [INF] Executed endpoint 'api.Controllers.QuizAPIController.QuizList (api)'
2025-11-13 11:54:01.424 +01:00 [INF] Request finished HTTP/1.1 GET http://localhost:5082/api/quizapi/quizlist - 200 328 application/json; charset=utf-8 8.9138ms
2025-11-13 11:54:02.631 +01:00 [INF] Request starting HTTP/1.1 GET http://localhost:5082/api/quizapi/11 - null null
2025-11-13 11:54:02.632 +01:00 [INF] CORS policy execution successful.
2025-11-13 11:54:02.632 +01:00 [INF] Executing endpoint 'api.Controllers.QuizAPIController.GetQuiz (api)'
2025-11-13 11:54:02.632 +01:00 [INF] Route matched with {action = "GetQuiz", controller = "QuizAPI"}. Executing controller action with signature System.Threading.Tasks.Task`1[Microsoft.AspNetCore.Mvc.IActionResult] GetQuiz(Int32) on controller api.Controllers.QuizAPIController (api).
2025-11-13 11:54:02.637 +01:00 [INF] Executing OkObjectResult, writing value of type 'api.Models.Quiz'.
2025-11-13 11:54:02.638 +01:00 [INF] Executed action api.Controllers.QuizAPIController.GetQuiz (api) in 5.1945ms
2025-11-13 11:54:02.638 +01:00 [INF] Executed endpoint 'api.Controllers.QuizAPIController.GetQuiz (api)'
2025-11-13 11:54:02.638 +01:00 [INF] Request finished HTTP/1.1 GET http://localhost:5082/api/quizapi/11 - 200 374 application/json; charset=utf-8 6.5125ms
2025-11-13 11:54:02.641 +01:00 [INF] Request starting HTTP/1.1 GET http://localhost:5082/api/quizapi/11 - null null
2025-11-13 11:54:02.641 +01:00 [INF] CORS policy execution successful.
2025-11-13 11:54:02.642 +01:00 [INF] Executing endpoint 'api.Controllers.QuizAPIController.GetQuiz (api)'
2025-11-13 11:54:02.642 +01:00 [INF] Route matched with {action = "GetQuiz", controller = "QuizAPI"}. Executing controller action with signature System.Threading.Tasks.Task`1[Microsoft.AspNetCore.Mvc.IActionResult] GetQuiz(Int32) on controller api.Controllers.QuizAPIController (api).
2025-11-13 11:54:02.645 +01:00 [INF] Executing OkObjectResult, writing value of type 'api.Models.Quiz'.
2025-11-13 11:54:02.646 +01:00 [INF] Executed action api.Controllers.QuizAPIController.GetQuiz (api) in 4.0606ms
2025-11-13 11:54:02.647 +01:00 [INF] Executed endpoint 'api.Controllers.QuizAPIController.GetQuiz (api)'
2025-11-13 11:54:02.647 +01:00 [INF] Request finished HTTP/1.1 GET http://localhost:5082/api/quizapi/11 - 200 374 application/json; charset=utf-8 6.3673ms
2025-11-13 11:54:06.548 +01:00 [INF] Request starting HTTP/1.1 GET http://localhost:5082/api/quizapi/quizlist - null null
2025-11-13 11:54:06.549 +01:00 [INF] CORS policy execution successful.
2025-11-13 11:54:06.549 +01:00 [INF] Executing endpoint 'api.Controllers.QuizAPIController.QuizList (api)'
2025-11-13 11:54:06.549 +01:00 [INF] Route matched with {action = "QuizList", controller = "QuizAPI"}. Executing controller action with signature System.Threading.Tasks.Task`1[Microsoft.AspNetCore.Mvc.IActionResult] QuizList() on controller api.Controllers.QuizAPIController (api).
2025-11-13 11:54:06.554 +01:00 [INF] Executing OkObjectResult, writing value of type 'System.Linq.Enumerable+SelectListIterator`2[[api.Models.Quiz, api, Version=1.0.0.0, Culture=neutral, PublicKeyToken=null],[api.DTOs.QuizDto, api, Version=1.0.0.0, Culture=neutral, PublicKeyToken=null]]'.
2025-11-13 11:54:06.554 +01:00 [INF] Executed action api.Controllers.QuizAPIController.QuizList (api) in 5.0979ms
2025-11-13 11:54:06.554 +01:00 [INF] Executed endpoint 'api.Controllers.QuizAPIController.QuizList (api)'
2025-11-13 11:54:06.555 +01:00 [INF] Request finished HTTP/1.1 GET http://localhost:5082/api/quizapi/quizlist - 200 328 application/json; charset=utf-8 6.2913ms
2025-11-13 11:54:06.558 +01:00 [INF] Request starting HTTP/1.1 GET http://localhost:5082/api/quizapi/quizlist - null null
2025-11-13 11:54:06.559 +01:00 [INF] CORS policy execution successful.
2025-11-13 11:54:06.559 +01:00 [INF] Executing endpoint 'api.Controllers.QuizAPIController.QuizList (api)'
2025-11-13 11:54:06.559 +01:00 [INF] Route matched with {action = "QuizList", controller = "QuizAPI"}. Executing controller action with signature System.Threading.Tasks.Task`1[Microsoft.AspNetCore.Mvc.IActionResult] QuizList() on controller api.Controllers.QuizAPIController (api).
2025-11-13 11:54:06.565 +01:00 [INF] Executing OkObjectResult, writing value of type 'System.Linq.Enumerable+SelectListIterator`2[[api.Models.Quiz, api, Version=1.0.0.0, Culture=neutral, PublicKeyToken=null],[api.DTOs.QuizDto, api, Version=1.0.0.0, Culture=neutral, PublicKeyToken=null]]'.
2025-11-13 11:54:06.566 +01:00 [INF] Executed action api.Controllers.QuizAPIController.QuizList (api) in 6.201ms
2025-11-13 11:54:06.566 +01:00 [INF] Executed endpoint 'api.Controllers.QuizAPIController.QuizList (api)'
2025-11-13 11:54:06.567 +01:00 [INF] Request finished HTTP/1.1 GET http://localhost:5082/api/quizapi/quizlist - 200 328 application/json; charset=utf-8 8.1114ms
2025-11-13 11:54:16.081 +01:00 [INF] Request starting HTTP/1.1 OPTIONS http://localhost:5082/api/Auth/login - null null
2025-11-13 11:54:16.081 +01:00 [INF] CORS policy execution successful.
2025-11-13 11:54:16.082 +01:00 [INF] Request finished HTTP/1.1 OPTIONS http://localhost:5082/api/Auth/login - 204 null null 1.4519ms
2025-11-13 11:54:16.087 +01:00 [INF] Request starting HTTP/1.1 POST http://localhost:5082/api/Auth/login - application/json 41
2025-11-13 11:54:16.089 +01:00 [INF] CORS policy execution successful.
2025-11-13 11:54:16.089 +01:00 [INF] Executing endpoint 'api.Controllers.AuthController.Login (api)'
2025-11-13 11:54:16.097 +01:00 [INF] Route matched with {action = "Login", controller = "Auth"}. Executing controller action with signature System.Threading.Tasks.Task`1[Microsoft.AspNetCore.Mvc.IActionResult] Login(api.DTOs.LoginDto) on controller api.Controllers.AuthController (api).
2025-11-13 11:54:16.325 +01:00 [INF] [AuthController] JWT token created for lena with roles Student
2025-11-13 11:54:16.356 +01:00 [INF] [AuthController] user authorised for lena
2025-11-13 11:54:16.358 +01:00 [INF] Executing OkObjectResult, writing value of type '<>f__AnonymousType1`1[[System.String, System.Private.CoreLib, Version=8.0.0.0, Culture=neutral, PublicKeyToken=7cec85d7bea7798e]]'.
2025-11-13 11:54:16.362 +01:00 [INF] Executed action api.Controllers.AuthController.Login (api) in 264.6926ms
2025-11-13 11:54:16.362 +01:00 [INF] Executed endpoint 'api.Controllers.AuthController.Login (api)'
2025-11-13 11:54:16.363 +01:00 [INF] Request finished HTTP/1.1 POST http://localhost:5082/api/Auth/login - 200 665 application/json; charset=utf-8 275.7006ms
2025-11-13 11:54:17.899 +01:00 [INF] Request starting HTTP/1.1 OPTIONS http://localhost:5082/api/takequizapi/takequizlist - null null
2025-11-13 11:54:17.899 +01:00 [INF] CORS policy execution successful.
2025-11-13 11:54:17.900 +01:00 [INF] Request finished HTTP/1.1 OPTIONS http://localhost:5082/api/takequizapi/takequizlist - 204 null null 1.0153ms
2025-11-13 11:54:17.901 +01:00 [INF] Request starting HTTP/1.1 OPTIONS http://localhost:5082/api/takequizapi/takequizlist - null null
2025-11-13 11:54:17.904 +01:00 [INF] CORS policy execution successful.
2025-11-13 11:54:17.904 +01:00 [INF] Request finished HTTP/1.1 OPTIONS http://localhost:5082/api/takequizapi/takequizlist - 204 null null 2.6266ms
2025-11-13 11:54:17.904 +01:00 [INF] Request starting HTTP/1.1 GET http://localhost:5082/api/takequizapi/takequizlist - application/json null
2025-11-13 11:54:17.905 +01:00 [INF] CORS policy execution successful.
2025-11-13 11:54:17.989 +01:00 [INF] Executing endpoint 'api.Controllers.TakeQuizApiController.GetAllQuizzes (api)'
2025-11-13 11:54:17.992 +01:00 [INF] Route matched with {action = "GetAllQuizzes", controller = "TakeQuizApi"}. Executing controller action with signature System.Threading.Tasks.Task`1[Microsoft.AspNetCore.Mvc.IActionResult] GetAllQuizzes() on controller api.Controllers.TakeQuizApiController (api).
2025-11-13 11:54:17.997 +01:00 [INF] Executing OkObjectResult, writing value of type 'System.Collections.Generic.List`1[[api.DTOs.QuizDto, api, Version=1.0.0.0, Culture=neutral, PublicKeyToken=null]]'.
2025-11-13 11:54:17.997 +01:00 [INF] Executed action api.Controllers.TakeQuizApiController.GetAllQuizzes (api) in 5.2411ms
2025-11-13 11:54:17.998 +01:00 [INF] Executed endpoint 'api.Controllers.TakeQuizApiController.GetAllQuizzes (api)'
2025-11-13 11:54:17.998 +01:00 [INF] Request finished HTTP/1.1 GET http://localhost:5082/api/takequizapi/takequizlist - 200 328 application/json; charset=utf-8 93.3366ms
2025-11-13 11:54:18.000 +01:00 [INF] Request starting HTTP/1.1 GET http://localhost:5082/api/takequizapi/takequizlist - application/json null
2025-11-13 11:54:18.000 +01:00 [INF] CORS policy execution successful.
2025-11-13 11:54:18.001 +01:00 [INF] Executing endpoint 'api.Controllers.TakeQuizApiController.GetAllQuizzes (api)'
2025-11-13 11:54:18.001 +01:00 [INF] Route matched with {action = "GetAllQuizzes", controller = "TakeQuizApi"}. Executing controller action with signature System.Threading.Tasks.Task`1[Microsoft.AspNetCore.Mvc.IActionResult] GetAllQuizzes() on controller api.Controllers.TakeQuizApiController (api).
2025-11-13 11:54:18.005 +01:00 [INF] Executing OkObjectResult, writing value of type 'System.Collections.Generic.List`1[[api.DTOs.QuizDto, api, Version=1.0.0.0, Culture=neutral, PublicKeyToken=null]]'.
2025-11-13 11:54:18.006 +01:00 [INF] Executed action api.Controllers.TakeQuizApiController.GetAllQuizzes (api) in 4.5446ms
2025-11-13 11:54:18.006 +01:00 [INF] Executed endpoint 'api.Controllers.TakeQuizApiController.GetAllQuizzes (api)'
2025-11-13 11:54:18.006 +01:00 [INF] Request finished HTTP/1.1 GET http://localhost:5082/api/takequizapi/takequizlist - 200 328 application/json; charset=utf-8 6.2815ms
2025-11-13 11:54:19.961 +01:00 [INF] Request starting HTTP/1.1 OPTIONS http://localhost:5082/api/takequizapi/11 - null null
2025-11-13 11:54:19.961 +01:00 [INF] Request starting HTTP/1.1 OPTIONS http://localhost:5082/api/takequizapi/11 - null null
2025-11-13 11:54:19.961 +01:00 [INF] CORS policy execution successful.
2025-11-13 11:54:19.961 +01:00 [INF] CORS policy execution successful.
2025-11-13 11:54:19.961 +01:00 [INF] Request finished HTTP/1.1 OPTIONS http://localhost:5082/api/takequizapi/11 - 204 null null 0.5191ms
2025-11-13 11:54:19.961 +01:00 [INF] Request finished HTTP/1.1 OPTIONS http://localhost:5082/api/takequizapi/11 - 204 null null 0.3252ms
2025-11-13 11:54:19.965 +01:00 [INF] Request starting HTTP/1.1 GET http://localhost:5082/api/takequizapi/11 - application/json null
2025-11-13 11:54:19.965 +01:00 [INF] CORS policy execution successful.
2025-11-13 11:54:19.965 +01:00 [INF] Executing endpoint 'api.Controllers.TakeQuizApiController.GetQuiz (api)'
2025-11-13 11:54:19.969 +01:00 [INF] Route matched with {action = "GetQuiz", controller = "TakeQuizApi"}. Executing controller action with signature System.Threading.Tasks.Task`1[Microsoft.AspNetCore.Mvc.IActionResult] GetQuiz(Int32) on controller api.Controllers.TakeQuizApiController (api).
2025-11-13 11:54:19.975 +01:00 [INF] Executing OkObjectResult, writing value of type 'api.DTOs.QuizDto'.
2025-11-13 11:54:19.978 +01:00 [INF] Executed action api.Controllers.TakeQuizApiController.GetQuiz (api) in 9.1848ms
2025-11-13 11:54:19.978 +01:00 [INF] Executed endpoint 'api.Controllers.TakeQuizApiController.GetQuiz (api)'
2025-11-13 11:54:19.978 +01:00 [INF] Request finished HTTP/1.1 GET http://localhost:5082/api/takequizapi/11 - 200 320 application/json; charset=utf-8 13.6019ms
2025-11-13 11:54:19.981 +01:00 [INF] Request starting HTTP/1.1 GET http://localhost:5082/api/takequizapi/11 - application/json null
2025-11-13 11:54:19.981 +01:00 [INF] CORS policy execution successful.
2025-11-13 11:54:19.982 +01:00 [INF] Executing endpoint 'api.Controllers.TakeQuizApiController.GetQuiz (api)'
2025-11-13 11:54:19.982 +01:00 [INF] Route matched with {action = "GetQuiz", controller = "TakeQuizApi"}. Executing controller action with signature System.Threading.Tasks.Task`1[Microsoft.AspNetCore.Mvc.IActionResult] GetQuiz(Int32) on controller api.Controllers.TakeQuizApiController (api).
2025-11-13 11:54:19.984 +01:00 [INF] Executing OkObjectResult, writing value of type 'api.DTOs.QuizDto'.
2025-11-13 11:54:19.984 +01:00 [INF] Executed action api.Controllers.TakeQuizApiController.GetQuiz (api) in 2.5796ms
2025-11-13 11:54:19.985 +01:00 [INF] Executed endpoint 'api.Controllers.TakeQuizApiController.GetQuiz (api)'
2025-11-13 11:54:19.985 +01:00 [INF] Request finished HTTP/1.1 GET http://localhost:5082/api/takequizapi/11 - 200 320 application/json; charset=utf-8 4.0011ms
2025-11-13 11:54:21.313 +01:00 [INF] Request starting HTTP/1.1 GET http://localhost:5082/api/takequizapi/takequizlist - application/json null
2025-11-13 11:54:21.313 +01:00 [INF] CORS policy execution successful.
2025-11-13 11:54:21.314 +01:00 [INF] Executing endpoint 'api.Controllers.TakeQuizApiController.GetAllQuizzes (api)'
2025-11-13 11:54:21.314 +01:00 [INF] Route matched with {action = "GetAllQuizzes", controller = "TakeQuizApi"}. Executing controller action with signature System.Threading.Tasks.Task`1[Microsoft.AspNetCore.Mvc.IActionResult] GetAllQuizzes() on controller api.Controllers.TakeQuizApiController (api).
2025-11-13 11:54:21.318 +01:00 [INF] Executing OkObjectResult, writing value of type 'System.Collections.Generic.List`1[[api.DTOs.QuizDto, api, Version=1.0.0.0, Culture=neutral, PublicKeyToken=null]]'.
2025-11-13 11:54:21.318 +01:00 [INF] Executed action api.Controllers.TakeQuizApiController.GetAllQuizzes (api) in 3.9875ms
2025-11-13 11:54:21.318 +01:00 [INF] Executed endpoint 'api.Controllers.TakeQuizApiController.GetAllQuizzes (api)'
2025-11-13 11:54:21.318 +01:00 [INF] Request finished HTTP/1.1 GET http://localhost:5082/api/takequizapi/takequizlist - 200 328 application/json; charset=utf-8 5.511ms
2025-11-13 11:54:21.321 +01:00 [INF] Request starting HTTP/1.1 GET http://localhost:5082/api/takequizapi/takequizlist - application/json null
2025-11-13 11:54:21.321 +01:00 [INF] CORS policy execution successful.
2025-11-13 11:54:21.322 +01:00 [INF] Executing endpoint 'api.Controllers.TakeQuizApiController.GetAllQuizzes (api)'
2025-11-13 11:54:21.322 +01:00 [INF] Route matched with {action = "GetAllQuizzes", controller = "TakeQuizApi"}. Executing controller action with signature System.Threading.Tasks.Task`1[Microsoft.AspNetCore.Mvc.IActionResult] GetAllQuizzes() on controller api.Controllers.TakeQuizApiController (api).
2025-11-13 11:54:21.327 +01:00 [INF] Executing OkObjectResult, writing value of type 'System.Collections.Generic.List`1[[api.DTOs.QuizDto, api, Version=1.0.0.0, Culture=neutral, PublicKeyToken=null]]'.
2025-11-13 11:54:21.327 +01:00 [INF] Executed action api.Controllers.TakeQuizApiController.GetAllQuizzes (api) in 5.2622ms
2025-11-13 11:54:21.328 +01:00 [INF] Executed endpoint 'api.Controllers.TakeQuizApiController.GetAllQuizzes (api)'
2025-11-13 11:54:21.328 +01:00 [INF] Request finished HTTP/1.1 GET http://localhost:5082/api/takequizapi/takequizlist - 200 328 application/json; charset=utf-8 7.1187ms
2025-11-13 11:55:25.246 +01:00 [INF] Request starting HTTP/1.1 OPTIONS http://localhost:5082/api/takequizapi/takequizlist - null null
2025-11-13 11:55:25.246 +01:00 [INF] Request starting HTTP/1.1 OPTIONS http://localhost:5082/api/takequizapi/takequizlist - null null
2025-11-13 11:55:25.260 +01:00 [INF] CORS policy execution successful.
2025-11-13 11:55:25.260 +01:00 [INF] CORS policy execution successful.
2025-11-13 11:55:25.268 +01:00 [INF] Request finished HTTP/1.1 OPTIONS http://localhost:5082/api/takequizapi/takequizlist - 204 null null 29.1123ms
2025-11-13 11:55:25.268 +01:00 [INF] Request finished HTTP/1.1 OPTIONS http://localhost:5082/api/takequizapi/takequizlist - 204 null null 29.1088ms
2025-11-13 11:55:25.276 +01:00 [INF] Request starting HTTP/1.1 GET http://localhost:5082/api/takequizapi/takequizlist - application/json null
2025-11-13 11:55:25.280 +01:00 [INF] CORS policy execution successful.
2025-11-13 11:55:25.300 +01:00 [INF] Executing endpoint 'api.Controllers.TakeQuizApiController.GetAllQuizzes (api)'
2025-11-13 11:55:25.310 +01:00 [INF] Route matched with {action = "GetAllQuizzes", controller = "TakeQuizApi"}. Executing controller action with signature System.Threading.Tasks.Task`1[Microsoft.AspNetCore.Mvc.IActionResult] GetAllQuizzes() on controller api.Controllers.TakeQuizApiController (api).
2025-11-13 11:55:25.361 +01:00 [INF] Executing OkObjectResult, writing value of type 'System.Collections.Generic.List`1[[api.DTOs.QuizDto, api, Version=1.0.0.0, Culture=neutral, PublicKeyToken=null]]'.
2025-11-13 11:55:25.365 +01:00 [INF] Executed action api.Controllers.TakeQuizApiController.GetAllQuizzes (api) in 54.5609ms
2025-11-13 11:55:25.365 +01:00 [INF] Executed endpoint 'api.Controllers.TakeQuizApiController.GetAllQuizzes (api)'
2025-11-13 11:55:25.365 +01:00 [INF] Request finished HTTP/1.1 GET http://localhost:5082/api/takequizapi/takequizlist - 200 328 application/json; charset=utf-8 89.6718ms
2025-11-13 11:55:25.367 +01:00 [INF] Request starting HTTP/1.1 GET http://localhost:5082/api/takequizapi/takequizlist - application/json null
2025-11-13 11:55:25.367 +01:00 [INF] CORS policy execution successful.
2025-11-13 11:55:25.369 +01:00 [INF] Executing endpoint 'api.Controllers.TakeQuizApiController.GetAllQuizzes (api)'
2025-11-13 11:55:25.369 +01:00 [INF] Route matched with {action = "GetAllQuizzes", controller = "TakeQuizApi"}. Executing controller action with signature System.Threading.Tasks.Task`1[Microsoft.AspNetCore.Mvc.IActionResult] GetAllQuizzes() on controller api.Controllers.TakeQuizApiController (api).
2025-11-13 11:55:25.375 +01:00 [INF] Executing OkObjectResult, writing value of type 'System.Collections.Generic.List`1[[api.DTOs.QuizDto, api, Version=1.0.0.0, Culture=neutral, PublicKeyToken=null]]'.
2025-11-13 11:55:25.376 +01:00 [INF] Executed action api.Controllers.TakeQuizApiController.GetAllQuizzes (api) in 6.9761ms
2025-11-13 11:55:25.376 +01:00 [INF] Executed endpoint 'api.Controllers.TakeQuizApiController.GetAllQuizzes (api)'
2025-11-13 11:55:25.376 +01:00 [INF] Request finished HTTP/1.1 GET http://localhost:5082/api/takequizapi/takequizlist - 200 328 application/json; charset=utf-8 9.561ms
2025-11-13 11:55:27.584 +01:00 [INF] Request starting HTTP/1.1 OPTIONS http://localhost:5082/api/takequizapi/11 - null null
2025-11-13 11:55:27.584 +01:00 [INF] CORS policy execution successful.
2025-11-13 11:55:27.586 +01:00 [INF] Request starting HTTP/1.1 OPTIONS http://localhost:5082/api/takequizapi/11 - null null
2025-11-13 11:55:27.586 +01:00 [INF] Request finished HTTP/1.1 OPTIONS http://localhost:5082/api/takequizapi/11 - 204 null null 1.8064ms
2025-11-13 11:55:27.586 +01:00 [INF] CORS policy execution successful.
2025-11-13 11:55:27.586 +01:00 [INF] Request finished HTTP/1.1 OPTIONS http://localhost:5082/api/takequizapi/11 - 204 null null 0.8906ms
2025-11-13 11:55:27.592 +01:00 [INF] Request starting HTTP/1.1 GET http://localhost:5082/api/takequizapi/11 - application/json null
2025-11-13 11:55:27.593 +01:00 [INF] CORS policy execution successful.
2025-11-13 11:55:27.594 +01:00 [INF] Executing endpoint 'api.Controllers.TakeQuizApiController.GetQuiz (api)'
2025-11-13 11:55:27.594 +01:00 [INF] Route matched with {action = "GetQuiz", controller = "TakeQuizApi"}. Executing controller action with signature System.Threading.Tasks.Task`1[Microsoft.AspNetCore.Mvc.IActionResult] GetQuiz(Int32) on controller api.Controllers.TakeQuizApiController (api).
2025-11-13 11:55:27.609 +01:00 [INF] Executing OkObjectResult, writing value of type 'api.DTOs.QuizDto'.
2025-11-13 11:55:27.609 +01:00 [INF] Executed action api.Controllers.TakeQuizApiController.GetQuiz (api) in 14.6953ms
2025-11-13 11:55:27.609 +01:00 [INF] Executed endpoint 'api.Controllers.TakeQuizApiController.GetQuiz (api)'
2025-11-13 11:55:27.609 +01:00 [INF] Request finished HTTP/1.1 GET http://localhost:5082/api/takequizapi/11 - 200 320 application/json; charset=utf-8 16.9813ms
2025-11-13 11:55:27.612 +01:00 [INF] Request starting HTTP/1.1 GET http://localhost:5082/api/takequizapi/11 - application/json null
2025-11-13 11:55:27.612 +01:00 [INF] CORS policy execution successful.
2025-11-13 11:55:27.613 +01:00 [INF] Executing endpoint 'api.Controllers.TakeQuizApiController.GetQuiz (api)'
2025-11-13 11:55:27.613 +01:00 [INF] Route matched with {action = "GetQuiz", controller = "TakeQuizApi"}. Executing controller action with signature System.Threading.Tasks.Task`1[Microsoft.AspNetCore.Mvc.IActionResult] GetQuiz(Int32) on controller api.Controllers.TakeQuizApiController (api).
2025-11-13 11:55:27.616 +01:00 [INF] Executing OkObjectResult, writing value of type 'api.DTOs.QuizDto'.
2025-11-13 11:55:27.616 +01:00 [INF] Executed action api.Controllers.TakeQuizApiController.GetQuiz (api) in 3.3127ms
2025-11-13 11:55:27.616 +01:00 [INF] Executed endpoint 'api.Controllers.TakeQuizApiController.GetQuiz (api)'
2025-11-13 11:55:27.617 +01:00 [INF] Request finished HTTP/1.1 GET http://localhost:5082/api/takequizapi/11 - 200 320 application/json; charset=utf-8 4.6924ms
2025-11-13 11:55:28.795 +01:00 [INF] Request starting HTTP/1.1 GET http://localhost:5082/api/takequizapi/takequizlist - application/json null
2025-11-13 11:55:28.796 +01:00 [INF] CORS policy execution successful.
2025-11-13 11:55:28.796 +01:00 [INF] Executing endpoint 'api.Controllers.TakeQuizApiController.GetAllQuizzes (api)'
2025-11-13 11:55:28.796 +01:00 [INF] Route matched with {action = "GetAllQuizzes", controller = "TakeQuizApi"}. Executing controller action with signature System.Threading.Tasks.Task`1[Microsoft.AspNetCore.Mvc.IActionResult] GetAllQuizzes() on controller api.Controllers.TakeQuizApiController (api).
2025-11-13 11:55:28.800 +01:00 [INF] Executing OkObjectResult, writing value of type 'System.Collections.Generic.List`1[[api.DTOs.QuizDto, api, Version=1.0.0.0, Culture=neutral, PublicKeyToken=null]]'.
2025-11-13 11:55:28.800 +01:00 [INF] Executed action api.Controllers.TakeQuizApiController.GetAllQuizzes (api) in 3.5266ms
2025-11-13 11:55:28.800 +01:00 [INF] Executed endpoint 'api.Controllers.TakeQuizApiController.GetAllQuizzes (api)'
2025-11-13 11:55:28.800 +01:00 [INF] Request finished HTTP/1.1 GET http://localhost:5082/api/takequizapi/takequizlist - 200 328 application/json; charset=utf-8 4.686ms
2025-11-13 11:55:28.804 +01:00 [INF] Request starting HTTP/1.1 GET http://localhost:5082/api/takequizapi/takequizlist - application/json null
2025-11-13 11:55:28.806 +01:00 [INF] CORS policy execution successful.
2025-11-13 11:55:28.808 +01:00 [INF] Executing endpoint 'api.Controllers.TakeQuizApiController.GetAllQuizzes (api)'
2025-11-13 11:55:28.808 +01:00 [INF] Route matched with {action = "GetAllQuizzes", controller = "TakeQuizApi"}. Executing controller action with signature System.Threading.Tasks.Task`1[Microsoft.AspNetCore.Mvc.IActionResult] GetAllQuizzes() on controller api.Controllers.TakeQuizApiController (api).
2025-11-13 11:55:28.813 +01:00 [INF] Executing OkObjectResult, writing value of type 'System.Collections.Generic.List`1[[api.DTOs.QuizDto, api, Version=1.0.0.0, Culture=neutral, PublicKeyToken=null]]'.
2025-11-13 11:55:28.814 +01:00 [INF] Executed action api.Controllers.TakeQuizApiController.GetAllQuizzes (api) in 5.1365ms
2025-11-13 11:55:28.814 +01:00 [INF] Executed endpoint 'api.Controllers.TakeQuizApiController.GetAllQuizzes (api)'
2025-11-13 11:55:28.814 +01:00 [INF] Request finished HTTP/1.1 GET http://localhost:5082/api/takequizapi/takequizlist - 200 328 application/json; charset=utf-8 9.5364ms
2025-11-13 11:55:38.092 +01:00 [INF] Request starting HTTP/1.1 OPTIONS http://localhost:5082/api/Auth/login - null null
2025-11-13 11:55:38.094 +01:00 [INF] CORS policy execution successful.
2025-11-13 11:55:38.095 +01:00 [INF] Request finished HTTP/1.1 OPTIONS http://localhost:5082/api/Auth/login - 204 null null 2.9194ms
2025-11-13 11:55:38.097 +01:00 [INF] Request starting HTTP/1.1 POST http://localhost:5082/api/Auth/login - application/json 41
2025-11-13 11:55:38.100 +01:00 [INF] CORS policy execution successful.
2025-11-13 11:55:38.100 +01:00 [INF] Executing endpoint 'api.Controllers.AuthController.Login (api)'
2025-11-13 11:55:38.100 +01:00 [INF] Route matched with {action = "Login", controller = "Auth"}. Executing controller action with signature System.Threading.Tasks.Task`1[Microsoft.AspNetCore.Mvc.IActionResult] Login(api.DTOs.LoginDto) on controller api.Controllers.AuthController (api).
2025-11-13 11:55:38.282 +01:00 [INF] [AuthController] JWT token created for lene with roles Teacher
2025-11-13 11:55:38.288 +01:00 [INF] [AuthController] user authorised for lene
2025-11-13 11:55:38.289 +01:00 [INF] Executing OkObjectResult, writing value of type '<>f__AnonymousType1`1[[System.String, System.Private.CoreLib, Version=8.0.0.0, Culture=neutral, PublicKeyToken=7cec85d7bea7798e]]'.
2025-11-13 11:55:38.290 +01:00 [INF] Executed action api.Controllers.AuthController.Login (api) in 189.472ms
2025-11-13 11:55:38.290 +01:00 [INF] Executed endpoint 'api.Controllers.AuthController.Login (api)'
2025-11-13 11:55:38.290 +01:00 [INF] Request finished HTTP/1.1 POST http://localhost:5082/api/Auth/login - 200 671 application/json; charset=utf-8 193.159ms
2025-11-13 11:55:43.528 +01:00 [INF] Request starting HTTP/1.1 GET http://localhost:5082/api/quizapi/quizlist - null null
2025-11-13 11:55:43.529 +01:00 [INF] CORS policy execution successful.
2025-11-13 11:55:43.530 +01:00 [INF] Executing endpoint 'api.Controllers.QuizAPIController.QuizList (api)'
2025-11-13 11:55:43.530 +01:00 [INF] Route matched with {action = "QuizList", controller = "QuizAPI"}. Executing controller action with signature System.Threading.Tasks.Task`1[Microsoft.AspNetCore.Mvc.IActionResult] QuizList() on controller api.Controllers.QuizAPIController (api).
2025-11-13 11:55:43.544 +01:00 [INF] Executing OkObjectResult, writing value of type 'System.Linq.Enumerable+SelectListIterator`2[[api.Models.Quiz, api, Version=1.0.0.0, Culture=neutral, PublicKeyToken=null],[api.DTOs.QuizDto, api, Version=1.0.0.0, Culture=neutral, PublicKeyToken=null]]'.
2025-11-13 11:55:43.546 +01:00 [INF] Executed action api.Controllers.QuizAPIController.QuizList (api) in 15.5107ms
2025-11-13 11:55:43.546 +01:00 [INF] Executed endpoint 'api.Controllers.QuizAPIController.QuizList (api)'
2025-11-13 11:55:43.546 +01:00 [INF] Request finished HTTP/1.1 GET http://localhost:5082/api/quizapi/quizlist - 200 328 application/json; charset=utf-8 18.0479ms
2025-11-13 11:55:43.547 +01:00 [INF] Request starting HTTP/1.1 GET http://localhost:5082/api/quizapi/quizlist - null null
2025-11-13 11:55:43.548 +01:00 [INF] CORS policy execution successful.
2025-11-13 11:55:43.548 +01:00 [INF] Executing endpoint 'api.Controllers.QuizAPIController.QuizList (api)'
2025-11-13 11:55:43.548 +01:00 [INF] Route matched with {action = "QuizList", controller = "QuizAPI"}. Executing controller action with signature System.Threading.Tasks.Task`1[Microsoft.AspNetCore.Mvc.IActionResult] QuizList() on controller api.Controllers.QuizAPIController (api).
2025-11-13 11:55:43.552 +01:00 [INF] Executing OkObjectResult, writing value of type 'System.Linq.Enumerable+SelectListIterator`2[[api.Models.Quiz, api, Version=1.0.0.0, Culture=neutral, PublicKeyToken=null],[api.DTOs.QuizDto, api, Version=1.0.0.0, Culture=neutral, PublicKeyToken=null]]'.
2025-11-13 11:55:43.554 +01:00 [INF] Executed action api.Controllers.QuizAPIController.QuizList (api) in 5.9792ms
2025-11-13 11:55:43.554 +01:00 [INF] Executed endpoint 'api.Controllers.QuizAPIController.QuizList (api)'
2025-11-13 11:55:43.555 +01:00 [INF] Request finished HTTP/1.1 GET http://localhost:5082/api/quizapi/quizlist - 200 328 application/json; charset=utf-8 7.2686ms
2025-11-13 11:55:45.311 +01:00 [INF] Request starting HTTP/1.1 GET http://localhost:5082/api/quizapi/11 - null null
2025-11-13 11:55:45.311 +01:00 [INF] CORS policy execution successful.
2025-11-13 11:55:45.312 +01:00 [INF] Executing endpoint 'api.Controllers.QuizAPIController.GetQuiz (api)'
2025-11-13 11:55:45.312 +01:00 [INF] Route matched with {action = "GetQuiz", controller = "QuizAPI"}. Executing controller action with signature System.Threading.Tasks.Task`1[Microsoft.AspNetCore.Mvc.IActionResult] GetQuiz(Int32) on controller api.Controllers.QuizAPIController (api).
2025-11-13 11:55:45.322 +01:00 [INF] Executing OkObjectResult, writing value of type 'api.Models.Quiz'.
2025-11-13 11:55:45.323 +01:00 [INF] Executed action api.Controllers.QuizAPIController.GetQuiz (api) in 10.9113ms
2025-11-13 11:55:45.323 +01:00 [INF] Executed endpoint 'api.Controllers.QuizAPIController.GetQuiz (api)'
2025-11-13 11:55:45.324 +01:00 [INF] Request finished HTTP/1.1 GET http://localhost:5082/api/quizapi/11 - 200 374 application/json; charset=utf-8 12.4149ms
2025-11-13 11:55:45.326 +01:00 [INF] Request starting HTTP/1.1 GET http://localhost:5082/api/quizapi/11 - null null
2025-11-13 11:55:45.327 +01:00 [INF] CORS policy execution successful.
2025-11-13 11:55:45.327 +01:00 [INF] Executing endpoint 'api.Controllers.QuizAPIController.GetQuiz (api)'
2025-11-13 11:55:45.327 +01:00 [INF] Route matched with {action = "GetQuiz", controller = "QuizAPI"}. Executing controller action with signature System.Threading.Tasks.Task`1[Microsoft.AspNetCore.Mvc.IActionResult] GetQuiz(Int32) on controller api.Controllers.QuizAPIController (api).
2025-11-13 11:55:45.349 +01:00 [INF] Executing OkObjectResult, writing value of type 'api.Models.Quiz'.
2025-11-13 11:55:45.350 +01:00 [INF] Executed action api.Controllers.QuizAPIController.GetQuiz (api) in 22.7974ms
2025-11-13 11:55:45.350 +01:00 [INF] Executed endpoint 'api.Controllers.QuizAPIController.GetQuiz (api)'
2025-11-13 11:55:45.350 +01:00 [INF] Request finished HTTP/1.1 GET http://localhost:5082/api/quizapi/11 - 200 374 application/json; charset=utf-8 23.8427ms
2025-11-13 11:57:49.211 +01:00 [INF] Application is shutting down...
