2025-10-26 20:52:05.357 +01:00 [INF] Now listening on: http://localhost:5082
2025-10-26 20:52:05.375 +01:00 [INF] Application started. Press Ctrl+C to shut down.
2025-10-26 20:52:05.377 +01:00 [INF] Hosting environment: Development
2025-10-26 20:52:05.377 +01:00 [INF] Content root path: C:\Users\Admin\OneDrive - OsloMet\FinalExamITPE3200\EXAMFAM\api
2025-10-26 20:52:11.290 +01:00 [INF] Request starting HTTP/1.1 GET http://localhost:5082/api/quizapi/quizlist - null null
2025-10-26 20:52:11.335 +01:00 [INF] CORS policy execution successful.
2025-10-26 20:52:11.339 +01:00 [INF] Executing endpoint 'api.Controllers.QuizAPIController.QuizList (api)'
2025-10-26 20:52:11.369 +01:00 [INF] Route matched with {action = "QuizList", controller = "QuizAPI"}. Executing controller action with signature System.Threading.Tasks.Task`1[Microsoft.AspNetCore.Mvc.IActionResult] QuizList() on controller api.Controllers.QuizAPIController (api).
2025-10-26 20:52:12.493 +01:00 [WRN] Compiling a query which loads related collections for more than one collection navigation, either via 'Include' or through projection, but no 'QuerySplittingBehavior' has been configured. By default, Entity Framework will use 'QuerySplittingBehavior.SingleQuery', which can potentially result in slow query performance. See https://go.microsoft.com/fwlink/?linkid=2134277 for more information. To identify the query that's triggering this warning call 'ConfigureWarnings(w => w.Throw(RelationalEventId.MultipleCollectionIncludeWarning))'.
2025-10-26 20:52:12.763 +01:00 [INF] Executing OkObjectResult, writing value of type 'System.Linq.Enumerable+SelectListIterator`2[[api.Models.Quiz, api, Version=1.0.0.0, Culture=neutral, PublicKeyToken=null],[api.DTOs.QuizDto, api, Version=1.0.0.0, Culture=neutral, PublicKeyToken=null]]'.
2025-10-26 20:52:12.908 +01:00 [INF] Executed action api.Controllers.QuizAPIController.QuizList (api) in 1529.1424ms
2025-10-26 20:52:12.910 +01:00 [INF] Executed endpoint 'api.Controllers.QuizAPIController.QuizList (api)'
2025-10-26 20:52:12.922 +01:00 [INF] Request finished HTTP/1.1 GET http://localhost:5082/api/quizapi/quizlist - 200 43 application/json; charset=utf-8 1634.0314ms
2025-10-26 20:52:12.926 +01:00 [INF] Request starting HTTP/1.1 GET http://localhost:5082/api/quizapi/quizlist - null null
2025-10-26 20:52:12.931 +01:00 [INF] CORS policy execution successful.
2025-10-26 20:52:12.932 +01:00 [INF] Executing endpoint 'api.Controllers.QuizAPIController.QuizList (api)'
2025-10-26 20:52:12.932 +01:00 [INF] Route matched with {action = "QuizList", controller = "QuizAPI"}. Executing controller action with signature System.Threading.Tasks.Task`1[Microsoft.AspNetCore.Mvc.IActionResult] QuizList() on controller api.Controllers.QuizAPIController (api).
2025-10-26 20:52:12.987 +01:00 [INF] Executing OkObjectResult, writing value of type 'System.Linq.Enumerable+SelectListIterator`2[[api.Models.Quiz, api, Version=1.0.0.0, Culture=neutral, PublicKeyToken=null],[api.DTOs.QuizDto, api, Version=1.0.0.0, Culture=neutral, PublicKeyToken=null]]'.
2025-10-26 20:52:12.990 +01:00 [INF] Executed action api.Controllers.QuizAPIController.QuizList (api) in 57.0493ms
2025-10-26 20:52:12.990 +01:00 [INF] Executed endpoint 'api.Controllers.QuizAPIController.QuizList (api)'
2025-10-26 20:52:12.991 +01:00 [INF] Request finished HTTP/1.1 GET http://localhost:5082/api/quizapi/quizlist - 200 43 application/json; charset=utf-8 64.111ms
2025-10-26 20:55:44.302 +01:00 [INF] Application is shutting down...
