2025-10-28 14:06:40.926 +01:00 [INF] Now listening on: http://localhost:5082
2025-10-28 14:06:40.942 +01:00 [INF] Application started. Press Ctrl+C to shut down.
2025-10-28 14:06:40.943 +01:00 [INF] Hosting environment: Development
2025-10-28 14:06:40.943 +01:00 [INF] Content root path: C:\Users\Admin\OneDrive - OsloMet\FinalExamITPE3200\EXAMFAM\api
2025-10-28 14:06:43.750 +01:00 [INF] Request starting HTTP/1.1 GET http://localhost:5082/api/quizapi/quizlist - null null
2025-10-28 14:06:43.805 +01:00 [INF] CORS policy execution successful.
2025-10-28 14:06:43.810 +01:00 [INF] Executing endpoint 'api.Controllers.QuizAPIController.QuizList (api)'
2025-10-28 14:06:43.844 +01:00 [INF] Route matched with {action = "QuizList", controller = "QuizAPI"}. Executing controller action with signature System.Threading.Tasks.Task`1[Microsoft.AspNetCore.Mvc.IActionResult] QuizList() on controller api.Controllers.QuizAPIController (api).
2025-10-28 14:06:45.008 +01:00 [WRN] Compiling a query which loads related collections for more than one collection navigation, either via 'Include' or through projection, but no 'QuerySplittingBehavior' has been configured. By default, Entity Framework will use 'QuerySplittingBehavior.SingleQuery', which can potentially result in slow query performance. See https://go.microsoft.com/fwlink/?linkid=2134277 for more information. To identify the query that's triggering this warning call 'ConfigureWarnings(w => w.Throw(RelationalEventId.MultipleCollectionIncludeWarning))'.
2025-10-28 14:06:45.221 +01:00 [INF] Executing OkObjectResult, writing value of type 'System.Linq.Enumerable+SelectListIterator`2[[api.Models.Quiz, api, Version=1.0.0.0, Culture=neutral, PublicKeyToken=null],[api.DTOs.QuizDto, api, Version=1.0.0.0, Culture=neutral, PublicKeyToken=null]]'.
2025-10-28 14:06:46.046 +01:00 [INF] Executed action api.Controllers.QuizAPIController.QuizList (api) in 2198.4623ms
2025-10-28 14:06:46.048 +01:00 [INF] Executed endpoint 'api.Controllers.QuizAPIController.QuizList (api)'
2025-10-28 14:06:46.058 +01:00 [INF] Request finished HTTP/1.1 GET http://localhost:5082/api/quizapi/quizlist - 200 161 application/json; charset=utf-8 2311.6436ms
2025-10-28 14:06:46.061 +01:00 [INF] Request starting HTTP/1.1 GET http://localhost:5082/api/quizapi/quizlist - null null
2025-10-28 14:06:46.070 +01:00 [INF] CORS policy execution successful.
2025-10-28 14:06:46.071 +01:00 [INF] Executing endpoint 'api.Controllers.QuizAPIController.QuizList (api)'
2025-10-28 14:06:46.071 +01:00 [INF] Route matched with {action = "QuizList", controller = "QuizAPI"}. Executing controller action with signature System.Threading.Tasks.Task`1[Microsoft.AspNetCore.Mvc.IActionResult] QuizList() on controller api.Controllers.QuizAPIController (api).
2025-10-28 14:06:46.160 +01:00 [INF] Executing OkObjectResult, writing value of type 'System.Linq.Enumerable+SelectListIterator`2[[api.Models.Quiz, api, Version=1.0.0.0, Culture=neutral, PublicKeyToken=null],[api.DTOs.QuizDto, api, Version=1.0.0.0, Culture=neutral, PublicKeyToken=null]]'.
2025-10-28 14:06:46.164 +01:00 [INF] Executed action api.Controllers.QuizAPIController.QuizList (api) in 92.1131ms
2025-10-28 14:06:46.164 +01:00 [INF] Executed endpoint 'api.Controllers.QuizAPIController.QuizList (api)'
2025-10-28 14:06:46.165 +01:00 [INF] Request finished HTTP/1.1 GET http://localhost:5082/api/quizapi/quizlist - 200 161 application/json; charset=utf-8 103.4042ms
2025-10-28 14:06:48.902 +01:00 [INF] Request starting HTTP/1.1 GET http://localhost:5082/api/quizapi/3 - null null
2025-10-28 14:06:48.905 +01:00 [INF] CORS policy execution successful.
2025-10-28 14:06:48.906 +01:00 [INF] Executing endpoint 'api.Controllers.QuizAPIController.GetQuiz (api)'
2025-10-28 14:06:48.924 +01:00 [INF] Route matched with {action = "GetQuiz", controller = "QuizAPI"}. Executing controller action with signature System.Threading.Tasks.Task`1[Microsoft.AspNetCore.Mvc.IActionResult] GetQuiz(Int32) on controller api.Controllers.QuizAPIController (api).
2025-10-28 14:06:49.020 +01:00 [WRN] Compiling a query which loads related collections for more than one collection navigation, either via 'Include' or through projection, but no 'QuerySplittingBehavior' has been configured. By default, Entity Framework will use 'QuerySplittingBehavior.SingleQuery', which can potentially result in slow query performance. See https://go.microsoft.com/fwlink/?linkid=2134277 for more information. To identify the query that's triggering this warning call 'ConfigureWarnings(w => w.Throw(RelationalEventId.MultipleCollectionIncludeWarning))'.
2025-10-28 14:06:49.038 +01:00 [INF] Executing OkObjectResult, writing value of type 'api.DTOs.QuizDto'.
2025-10-28 14:06:49.044 +01:00 [INF] Executed action api.Controllers.QuizAPIController.GetQuiz (api) in 120.3935ms
2025-10-28 14:06:49.044 +01:00 [INF] Executed endpoint 'api.Controllers.QuizAPIController.GetQuiz (api)'
2025-10-28 14:06:49.045 +01:00 [INF] Request finished HTTP/1.1 GET http://localhost:5082/api/quizapi/3 - 200 1415 application/json; charset=utf-8 142.0949ms
2025-10-28 14:06:49.047 +01:00 [INF] Request starting HTTP/1.1 GET http://localhost:5082/api/quizapi/3 - null null
2025-10-28 14:06:49.048 +01:00 [INF] CORS policy execution successful.
2025-10-28 14:06:49.048 +01:00 [INF] Executing endpoint 'api.Controllers.QuizAPIController.GetQuiz (api)'
2025-10-28 14:06:49.048 +01:00 [INF] Route matched with {action = "GetQuiz", controller = "QuizAPI"}. Executing controller action with signature System.Threading.Tasks.Task`1[Microsoft.AspNetCore.Mvc.IActionResult] GetQuiz(Int32) on controller api.Controllers.QuizAPIController (api).
2025-10-28 14:06:49.054 +01:00 [INF] Executing OkObjectResult, writing value of type 'api.DTOs.QuizDto'.
2025-10-28 14:06:49.055 +01:00 [INF] Executed action api.Controllers.QuizAPIController.GetQuiz (api) in 7.0289ms
2025-10-28 14:06:49.055 +01:00 [INF] Executed endpoint 'api.Controllers.QuizAPIController.GetQuiz (api)'
2025-10-28 14:06:49.056 +01:00 [INF] Request finished HTTP/1.1 GET http://localhost:5082/api/quizapi/3 - 200 1415 application/json; charset=utf-8 8.4047ms
2025-10-28 14:07:14.545 +01:00 [INF] Request starting HTTP/1.1 OPTIONS http://localhost:5082/api/quizapi/update/3 - null null
2025-10-28 14:07:14.546 +01:00 [INF] CORS policy execution successful.
2025-10-28 14:07:14.549 +01:00 [INF] Request finished HTTP/1.1 OPTIONS http://localhost:5082/api/quizapi/update/3 - 204 null null 4.4648ms
2025-10-28 14:07:14.555 +01:00 [INF] Request starting HTTP/1.1 PUT http://localhost:5082/api/quizapi/update/3 - application/json 913
2025-10-28 14:07:14.555 +01:00 [INF] CORS policy execution successful.
2025-10-28 14:07:14.555 +01:00 [INF] Executing endpoint 'api.Controllers.QuizAPIController.Update (api)'
2025-10-28 14:07:14.562 +01:00 [INF] Route matched with {action = "Update", controller = "QuizAPI"}. Executing controller action with signature System.Threading.Tasks.Task`1[Microsoft.AspNetCore.Mvc.IActionResult] Update(Int32, api.DTOs.QuizDto) on controller api.Controllers.QuizAPIController (api).
2025-10-28 14:07:14.830 +01:00 [INF] Executing OkObjectResult, writing value of type 'api.Models.Quiz'.
2025-10-28 14:07:14.835 +01:00 [INF] Executed action api.Controllers.QuizAPIController.Update (api) in 273.1788ms
2025-10-28 14:07:14.835 +01:00 [INF] Executed endpoint 'api.Controllers.QuizAPIController.Update (api)'
2025-10-28 14:07:14.836 +01:00 [INF] Request finished HTTP/1.1 PUT http://localhost:5082/api/quizapi/update/3 - 200 1599 application/json; charset=utf-8 280.8906ms
2025-10-28 14:07:14.874 +01:00 [INF] Request starting HTTP/1.1 GET http://localhost:5082/api/quizapi/quizlist - null null
2025-10-28 14:07:14.875 +01:00 [INF] CORS policy execution successful.
2025-10-28 14:07:14.875 +01:00 [INF] Executing endpoint 'api.Controllers.QuizAPIController.QuizList (api)'
2025-10-28 14:07:14.875 +01:00 [INF] Route matched with {action = "QuizList", controller = "QuizAPI"}. Executing controller action with signature System.Threading.Tasks.Task`1[Microsoft.AspNetCore.Mvc.IActionResult] QuizList() on controller api.Controllers.QuizAPIController (api).
2025-10-28 14:07:14.878 +01:00 [INF] Executing OkObjectResult, writing value of type 'System.Linq.Enumerable+SelectListIterator`2[[api.Models.Quiz, api, Version=1.0.0.0, Culture=neutral, PublicKeyToken=null],[api.DTOs.QuizDto, api, Version=1.0.0.0, Culture=neutral, PublicKeyToken=null]]'.
2025-10-28 14:07:14.879 +01:00 [INF] Executed action api.Controllers.QuizAPIController.QuizList (api) in 3.9184ms
2025-10-28 14:07:14.879 +01:00 [INF] Executed endpoint 'api.Controllers.QuizAPIController.QuizList (api)'
2025-10-28 14:07:14.880 +01:00 [INF] Request finished HTTP/1.1 GET http://localhost:5082/api/quizapi/quizlist - 200 161 application/json; charset=utf-8 5.3316ms
2025-10-28 14:07:14.883 +01:00 [INF] Request starting HTTP/1.1 GET http://localhost:5082/api/quizapi/quizlist - null null
2025-10-28 14:07:14.885 +01:00 [INF] CORS policy execution successful.
2025-10-28 14:07:14.885 +01:00 [INF] Executing endpoint 'api.Controllers.QuizAPIController.QuizList (api)'
2025-10-28 14:07:14.885 +01:00 [INF] Route matched with {action = "QuizList", controller = "QuizAPI"}. Executing controller action with signature System.Threading.Tasks.Task`1[Microsoft.AspNetCore.Mvc.IActionResult] QuizList() on controller api.Controllers.QuizAPIController (api).
2025-10-28 14:07:14.890 +01:00 [INF] Executing OkObjectResult, writing value of type 'System.Linq.Enumerable+SelectListIterator`2[[api.Models.Quiz, api, Version=1.0.0.0, Culture=neutral, PublicKeyToken=null],[api.DTOs.QuizDto, api, Version=1.0.0.0, Culture=neutral, PublicKeyToken=null]]'.
2025-10-28 14:07:14.891 +01:00 [INF] Executed action api.Controllers.QuizAPIController.QuizList (api) in 5.669ms
2025-10-28 14:07:14.891 +01:00 [INF] Executed endpoint 'api.Controllers.QuizAPIController.QuizList (api)'
2025-10-28 14:07:14.892 +01:00 [INF] Request finished HTTP/1.1 GET http://localhost:5082/api/quizapi/quizlist - 200 161 application/json; charset=utf-8 8.6594ms
2025-10-28 14:07:16.812 +01:00 [INF] Request starting HTTP/1.1 GET http://localhost:5082/api/quizapi/3 - null null
2025-10-28 14:07:16.813 +01:00 [INF] CORS policy execution successful.
2025-10-28 14:07:16.813 +01:00 [INF] Executing endpoint 'api.Controllers.QuizAPIController.GetQuiz (api)'
2025-10-28 14:07:16.813 +01:00 [INF] Route matched with {action = "GetQuiz", controller = "QuizAPI"}. Executing controller action with signature System.Threading.Tasks.Task`1[Microsoft.AspNetCore.Mvc.IActionResult] GetQuiz(Int32) on controller api.Controllers.QuizAPIController (api).
2025-10-28 14:07:16.816 +01:00 [INF] Executing OkObjectResult, writing value of type 'api.DTOs.QuizDto'.
2025-10-28 14:07:16.816 +01:00 [INF] Executed action api.Controllers.QuizAPIController.GetQuiz (api) in 3.3512ms
2025-10-28 14:07:16.816 +01:00 [INF] Executed endpoint 'api.Controllers.QuizAPIController.GetQuiz (api)'
2025-10-28 14:07:16.817 +01:00 [INF] Request finished HTTP/1.1 GET http://localhost:5082/api/quizapi/3 - 200 1304 application/json; charset=utf-8 4.4562ms
2025-10-28 14:07:16.819 +01:00 [INF] Request starting HTTP/1.1 GET http://localhost:5082/api/quizapi/3 - null null
2025-10-28 14:07:16.820 +01:00 [INF] CORS policy execution successful.
2025-10-28 14:07:16.820 +01:00 [INF] Executing endpoint 'api.Controllers.QuizAPIController.GetQuiz (api)'
2025-10-28 14:07:16.820 +01:00 [INF] Route matched with {action = "GetQuiz", controller = "QuizAPI"}. Executing controller action with signature System.Threading.Tasks.Task`1[Microsoft.AspNetCore.Mvc.IActionResult] GetQuiz(Int32) on controller api.Controllers.QuizAPIController (api).
2025-10-28 14:07:16.823 +01:00 [INF] Executing OkObjectResult, writing value of type 'api.DTOs.QuizDto'.
2025-10-28 14:07:16.824 +01:00 [INF] Executed action api.Controllers.QuizAPIController.GetQuiz (api) in 3.9354ms
2025-10-28 14:07:16.824 +01:00 [INF] Executed endpoint 'api.Controllers.QuizAPIController.GetQuiz (api)'
2025-10-28 14:07:16.825 +01:00 [INF] Request finished HTTP/1.1 GET http://localhost:5082/api/quizapi/3 - 200 1304 application/json; charset=utf-8 5.2828ms
2025-10-28 14:07:19.090 +01:00 [INF] Request starting HTTP/1.1 GET http://localhost:5082/api/quizapi/quizlist - null null
2025-10-28 14:07:19.091 +01:00 [INF] CORS policy execution successful.
2025-10-28 14:07:19.091 +01:00 [INF] Executing endpoint 'api.Controllers.QuizAPIController.QuizList (api)'
2025-10-28 14:07:19.091 +01:00 [INF] Route matched with {action = "QuizList", controller = "QuizAPI"}. Executing controller action with signature System.Threading.Tasks.Task`1[Microsoft.AspNetCore.Mvc.IActionResult] QuizList() on controller api.Controllers.QuizAPIController (api).
2025-10-28 14:07:19.093 +01:00 [INF] Executing OkObjectResult, writing value of type 'System.Linq.Enumerable+SelectListIterator`2[[api.Models.Quiz, api, Version=1.0.0.0, Culture=neutral, PublicKeyToken=null],[api.DTOs.QuizDto, api, Version=1.0.0.0, Culture=neutral, PublicKeyToken=null]]'.
2025-10-28 14:07:19.094 +01:00 [INF] Executed action api.Controllers.QuizAPIController.QuizList (api) in 2.7367ms
2025-10-28 14:07:19.094 +01:00 [INF] Executed endpoint 'api.Controllers.QuizAPIController.QuizList (api)'
2025-10-28 14:07:19.094 +01:00 [INF] Request finished HTTP/1.1 GET http://localhost:5082/api/quizapi/quizlist - 200 161 application/json; charset=utf-8 3.5272ms
2025-10-28 14:07:19.104 +01:00 [INF] Request starting HTTP/1.1 GET http://localhost:5082/api/quizapi/quizlist - null null
2025-10-28 14:07:19.105 +01:00 [INF] CORS policy execution successful.
2025-10-28 14:07:19.105 +01:00 [INF] Executing endpoint 'api.Controllers.QuizAPIController.QuizList (api)'
2025-10-28 14:07:19.105 +01:00 [INF] Route matched with {action = "QuizList", controller = "QuizAPI"}. Executing controller action with signature System.Threading.Tasks.Task`1[Microsoft.AspNetCore.Mvc.IActionResult] QuizList() on controller api.Controllers.QuizAPIController (api).
2025-10-28 14:07:19.107 +01:00 [INF] Executing OkObjectResult, writing value of type 'System.Linq.Enumerable+SelectListIterator`2[[api.Models.Quiz, api, Version=1.0.0.0, Culture=neutral, PublicKeyToken=null],[api.DTOs.QuizDto, api, Version=1.0.0.0, Culture=neutral, PublicKeyToken=null]]'.
2025-10-28 14:07:19.108 +01:00 [INF] Executed action api.Controllers.QuizAPIController.QuizList (api) in 2.6216ms
2025-10-28 14:07:19.108 +01:00 [INF] Executed endpoint 'api.Controllers.QuizAPIController.QuizList (api)'
2025-10-28 14:07:19.108 +01:00 [INF] Request finished HTTP/1.1 GET http://localhost:5082/api/quizapi/quizlist - 200 161 application/json; charset=utf-8 3.5453ms
2025-10-28 14:07:21.176 +01:00 [INF] Request starting HTTP/1.1 GET http://localhost:5082/api/quizapi/3 - null null
2025-10-28 14:07:21.176 +01:00 [INF] CORS policy execution successful.
2025-10-28 14:07:21.176 +01:00 [INF] Executing endpoint 'api.Controllers.QuizAPIController.GetQuiz (api)'
2025-10-28 14:07:21.176 +01:00 [INF] Route matched with {action = "GetQuiz", controller = "QuizAPI"}. Executing controller action with signature System.Threading.Tasks.Task`1[Microsoft.AspNetCore.Mvc.IActionResult] GetQuiz(Int32) on controller api.Controllers.QuizAPIController (api).
2025-10-28 14:07:21.181 +01:00 [INF] Executing OkObjectResult, writing value of type 'api.DTOs.QuizDto'.
2025-10-28 14:07:21.181 +01:00 [INF] Executed action api.Controllers.QuizAPIController.GetQuiz (api) in 4.7628ms
2025-10-28 14:07:21.182 +01:00 [INF] Executed endpoint 'api.Controllers.QuizAPIController.GetQuiz (api)'
2025-10-28 14:07:21.182 +01:00 [INF] Request finished HTTP/1.1 GET http://localhost:5082/api/quizapi/3 - 200 1304 application/json; charset=utf-8 6.0283ms
2025-10-28 14:07:21.184 +01:00 [INF] Request starting HTTP/1.1 GET http://localhost:5082/api/quizapi/3 - null null
2025-10-28 14:07:21.184 +01:00 [INF] CORS policy execution successful.
2025-10-28 14:07:21.184 +01:00 [INF] Executing endpoint 'api.Controllers.QuizAPIController.GetQuiz (api)'
2025-10-28 14:07:21.185 +01:00 [INF] Route matched with {action = "GetQuiz", controller = "QuizAPI"}. Executing controller action with signature System.Threading.Tasks.Task`1[Microsoft.AspNetCore.Mvc.IActionResult] GetQuiz(Int32) on controller api.Controllers.QuizAPIController (api).
2025-10-28 14:07:21.188 +01:00 [INF] Executing OkObjectResult, writing value of type 'api.DTOs.QuizDto'.
2025-10-28 14:07:21.188 +01:00 [INF] Executed action api.Controllers.QuizAPIController.GetQuiz (api) in 3.6081ms
2025-10-28 14:07:21.189 +01:00 [INF] Executed endpoint 'api.Controllers.QuizAPIController.GetQuiz (api)'
2025-10-28 14:07:21.189 +01:00 [INF] Request finished HTTP/1.1 GET http://localhost:5082/api/quizapi/3 - 200 1304 application/json; charset=utf-8 5.3712ms
2025-10-28 14:07:26.635 +01:00 [INF] Request starting HTTP/1.1 OPTIONS http://localhost:5082/api/quizapi/update/3 - null null
2025-10-28 14:07:26.636 +01:00 [INF] CORS policy execution successful.
2025-10-28 14:07:26.636 +01:00 [INF] Request finished HTTP/1.1 OPTIONS http://localhost:5082/api/quizapi/update/3 - 204 null null 0.5603ms
2025-10-28 14:07:26.638 +01:00 [INF] Request starting HTTP/1.1 PUT http://localhost:5082/api/quizapi/update/3 - application/json 820
2025-10-28 14:07:26.638 +01:00 [INF] CORS policy execution successful.
2025-10-28 14:07:26.638 +01:00 [INF] Executing endpoint 'api.Controllers.QuizAPIController.Update (api)'
2025-10-28 14:07:26.638 +01:00 [INF] Route matched with {action = "Update", controller = "QuizAPI"}. Executing controller action with signature System.Threading.Tasks.Task`1[Microsoft.AspNetCore.Mvc.IActionResult] Update(Int32, api.DTOs.QuizDto) on controller api.Controllers.QuizAPIController (api).
2025-10-28 14:07:26.705 +01:00 [INF] Executing OkObjectResult, writing value of type 'api.Models.Quiz'.
2025-10-28 14:07:26.706 +01:00 [INF] Executed action api.Controllers.QuizAPIController.Update (api) in 67.2358ms
2025-10-28 14:07:26.706 +01:00 [INF] Executed endpoint 'api.Controllers.QuizAPIController.Update (api)'
2025-10-28 14:07:26.707 +01:00 [INF] Request finished HTTP/1.1 PUT http://localhost:5082/api/quizapi/update/3 - 200 1451 application/json; charset=utf-8 68.2369ms
2025-10-28 14:07:26.749 +01:00 [INF] Request starting HTTP/1.1 GET http://localhost:5082/api/quizapi/quizlist - null null
2025-10-28 14:07:26.749 +01:00 [INF] CORS policy execution successful.
2025-10-28 14:07:26.749 +01:00 [INF] Executing endpoint 'api.Controllers.QuizAPIController.QuizList (api)'
2025-10-28 14:07:26.750 +01:00 [INF] Route matched with {action = "QuizList", controller = "QuizAPI"}. Executing controller action with signature System.Threading.Tasks.Task`1[Microsoft.AspNetCore.Mvc.IActionResult] QuizList() on controller api.Controllers.QuizAPIController (api).
2025-10-28 14:07:26.754 +01:00 [INF] Executing OkObjectResult, writing value of type 'System.Linq.Enumerable+SelectListIterator`2[[api.Models.Quiz, api, Version=1.0.0.0, Culture=neutral, PublicKeyToken=null],[api.DTOs.QuizDto, api, Version=1.0.0.0, Culture=neutral, PublicKeyToken=null]]'.
2025-10-28 14:07:26.755 +01:00 [INF] Executed action api.Controllers.QuizAPIController.QuizList (api) in 5.5361ms
2025-10-28 14:07:26.755 +01:00 [INF] Executed endpoint 'api.Controllers.QuizAPIController.QuizList (api)'
2025-10-28 14:07:26.756 +01:00 [INF] Request finished HTTP/1.1 GET http://localhost:5082/api/quizapi/quizlist - 200 161 application/json; charset=utf-8 6.4694ms
2025-10-28 14:07:26.758 +01:00 [INF] Request starting HTTP/1.1 GET http://localhost:5082/api/quizapi/quizlist - null null
2025-10-28 14:07:26.759 +01:00 [INF] CORS policy execution successful.
2025-10-28 14:07:26.759 +01:00 [INF] Executing endpoint 'api.Controllers.QuizAPIController.QuizList (api)'
2025-10-28 14:07:26.759 +01:00 [INF] Route matched with {action = "QuizList", controller = "QuizAPI"}. Executing controller action with signature System.Threading.Tasks.Task`1[Microsoft.AspNetCore.Mvc.IActionResult] QuizList() on controller api.Controllers.QuizAPIController (api).
2025-10-28 14:07:26.761 +01:00 [INF] Executing OkObjectResult, writing value of type 'System.Linq.Enumerable+SelectListIterator`2[[api.Models.Quiz, api, Version=1.0.0.0, Culture=neutral, PublicKeyToken=null],[api.DTOs.QuizDto, api, Version=1.0.0.0, Culture=neutral, PublicKeyToken=null]]'.
2025-10-28 14:07:26.761 +01:00 [INF] Executed action api.Controllers.QuizAPIController.QuizList (api) in 2.3335ms
2025-10-28 14:07:26.761 +01:00 [INF] Executed endpoint 'api.Controllers.QuizAPIController.QuizList (api)'
2025-10-28 14:07:26.762 +01:00 [INF] Request finished HTTP/1.1 GET http://localhost:5082/api/quizapi/quizlist - 200 161 application/json; charset=utf-8 3.6585ms
2025-10-28 14:07:27.976 +01:00 [INF] Request starting HTTP/1.1 GET http://localhost:5082/api/quizapi/3 - null null
2025-10-28 14:07:27.976 +01:00 [INF] CORS policy execution successful.
2025-10-28 14:07:27.976 +01:00 [INF] Executing endpoint 'api.Controllers.QuizAPIController.GetQuiz (api)'
2025-10-28 14:07:27.976 +01:00 [INF] Route matched with {action = "GetQuiz", controller = "QuizAPI"}. Executing controller action with signature System.Threading.Tasks.Task`1[Microsoft.AspNetCore.Mvc.IActionResult] GetQuiz(Int32) on controller api.Controllers.QuizAPIController (api).
2025-10-28 14:07:27.979 +01:00 [INF] Executing OkObjectResult, writing value of type 'api.DTOs.QuizDto'.
2025-10-28 14:07:27.979 +01:00 [INF] Executed action api.Controllers.QuizAPIController.GetQuiz (api) in 3.0432ms
2025-10-28 14:07:27.979 +01:00 [INF] Executed endpoint 'api.Controllers.QuizAPIController.GetQuiz (api)'
2025-10-28 14:07:27.979 +01:00 [INF] Request finished HTTP/1.1 GET http://localhost:5082/api/quizapi/3 - 200 1183 application/json; charset=utf-8 3.9671ms
2025-10-28 14:07:27.981 +01:00 [INF] Request starting HTTP/1.1 GET http://localhost:5082/api/quizapi/3 - null null
2025-10-28 14:07:27.982 +01:00 [INF] CORS policy execution successful.
2025-10-28 14:07:27.982 +01:00 [INF] Executing endpoint 'api.Controllers.QuizAPIController.GetQuiz (api)'
2025-10-28 14:07:27.982 +01:00 [INF] Route matched with {action = "GetQuiz", controller = "QuizAPI"}. Executing controller action with signature System.Threading.Tasks.Task`1[Microsoft.AspNetCore.Mvc.IActionResult] GetQuiz(Int32) on controller api.Controllers.QuizAPIController (api).
2025-10-28 14:07:27.985 +01:00 [INF] Executing OkObjectResult, writing value of type 'api.DTOs.QuizDto'.
2025-10-28 14:07:27.986 +01:00 [INF] Executed action api.Controllers.QuizAPIController.GetQuiz (api) in 4.235ms
2025-10-28 14:07:27.986 +01:00 [INF] Executed endpoint 'api.Controllers.QuizAPIController.GetQuiz (api)'
2025-10-28 14:07:27.987 +01:00 [INF] Request finished HTTP/1.1 GET http://localhost:5082/api/quizapi/3 - 200 1183 application/json; charset=utf-8 5.2596ms
2025-10-28 14:07:30.385 +01:00 [INF] Request starting HTTP/1.1 GET http://localhost:5082/api/quizapi/quizlist - null null
2025-10-28 14:07:30.385 +01:00 [INF] CORS policy execution successful.
2025-10-28 14:07:30.385 +01:00 [INF] Executing endpoint 'api.Controllers.QuizAPIController.QuizList (api)'
2025-10-28 14:07:30.385 +01:00 [INF] Route matched with {action = "QuizList", controller = "QuizAPI"}. Executing controller action with signature System.Threading.Tasks.Task`1[Microsoft.AspNetCore.Mvc.IActionResult] QuizList() on controller api.Controllers.QuizAPIController (api).
2025-10-28 14:07:30.388 +01:00 [INF] Executing OkObjectResult, writing value of type 'System.Linq.Enumerable+SelectListIterator`2[[api.Models.Quiz, api, Version=1.0.0.0, Culture=neutral, PublicKeyToken=null],[api.DTOs.QuizDto, api, Version=1.0.0.0, Culture=neutral, PublicKeyToken=null]]'.
2025-10-28 14:07:30.388 +01:00 [INF] Executed action api.Controllers.QuizAPIController.QuizList (api) in 2.8567ms
2025-10-28 14:07:30.389 +01:00 [INF] Executed endpoint 'api.Controllers.QuizAPIController.QuizList (api)'
2025-10-28 14:07:30.389 +01:00 [INF] Request finished HTTP/1.1 GET http://localhost:5082/api/quizapi/quizlist - 200 161 application/json; charset=utf-8 3.9482ms
2025-10-28 14:07:30.391 +01:00 [INF] Request starting HTTP/1.1 GET http://localhost:5082/api/quizapi/quizlist - null null
2025-10-28 14:07:30.391 +01:00 [INF] CORS policy execution successful.
2025-10-28 14:07:30.391 +01:00 [INF] Executing endpoint 'api.Controllers.QuizAPIController.QuizList (api)'
2025-10-28 14:07:30.391 +01:00 [INF] Route matched with {action = "QuizList", controller = "QuizAPI"}. Executing controller action with signature System.Threading.Tasks.Task`1[Microsoft.AspNetCore.Mvc.IActionResult] QuizList() on controller api.Controllers.QuizAPIController (api).
2025-10-28 14:07:30.394 +01:00 [INF] Executing OkObjectResult, writing value of type 'System.Linq.Enumerable+SelectListIterator`2[[api.Models.Quiz, api, Version=1.0.0.0, Culture=neutral, PublicKeyToken=null],[api.DTOs.QuizDto, api, Version=1.0.0.0, Culture=neutral, PublicKeyToken=null]]'.
2025-10-28 14:07:30.394 +01:00 [INF] Executed action api.Controllers.QuizAPIController.QuizList (api) in 2.899ms
2025-10-28 14:07:30.394 +01:00 [INF] Executed endpoint 'api.Controllers.QuizAPIController.QuizList (api)'
2025-10-28 14:07:30.395 +01:00 [INF] Request finished HTTP/1.1 GET http://localhost:5082/api/quizapi/quizlist - 200 161 application/json; charset=utf-8 3.7463ms
2025-10-28 14:07:42.106 +01:00 [INF] Request starting HTTP/1.1 GET http://localhost:5082/api/quizapi/quizlist - null null
2025-10-28 14:07:42.106 +01:00 [INF] CORS policy execution successful.
2025-10-28 14:07:42.106 +01:00 [INF] Executing endpoint 'api.Controllers.QuizAPIController.QuizList (api)'
2025-10-28 14:07:42.106 +01:00 [INF] Route matched with {action = "QuizList", controller = "QuizAPI"}. Executing controller action with signature System.Threading.Tasks.Task`1[Microsoft.AspNetCore.Mvc.IActionResult] QuizList() on controller api.Controllers.QuizAPIController (api).
2025-10-28 14:07:42.109 +01:00 [INF] Executing OkObjectResult, writing value of type 'System.Linq.Enumerable+SelectListIterator`2[[api.Models.Quiz, api, Version=1.0.0.0, Culture=neutral, PublicKeyToken=null],[api.DTOs.QuizDto, api, Version=1.0.0.0, Culture=neutral, PublicKeyToken=null]]'.
2025-10-28 14:07:42.109 +01:00 [INF] Executed action api.Controllers.QuizAPIController.QuizList (api) in 2.8605ms
2025-10-28 14:07:42.109 +01:00 [INF] Executed endpoint 'api.Controllers.QuizAPIController.QuizList (api)'
2025-10-28 14:07:42.110 +01:00 [INF] Request finished HTTP/1.1 GET http://localhost:5082/api/quizapi/quizlist - 200 161 application/json; charset=utf-8 3.6354ms
2025-10-28 14:07:42.111 +01:00 [INF] Request starting HTTP/1.1 GET http://localhost:5082/api/quizapi/quizlist - null null
2025-10-28 14:07:42.112 +01:00 [INF] CORS policy execution successful.
2025-10-28 14:07:42.112 +01:00 [INF] Executing endpoint 'api.Controllers.QuizAPIController.QuizList (api)'
2025-10-28 14:07:42.112 +01:00 [INF] Route matched with {action = "QuizList", controller = "QuizAPI"}. Executing controller action with signature System.Threading.Tasks.Task`1[Microsoft.AspNetCore.Mvc.IActionResult] QuizList() on controller api.Controllers.QuizAPIController (api).
2025-10-28 14:07:42.113 +01:00 [INF] Executing OkObjectResult, writing value of type 'System.Linq.Enumerable+SelectListIterator`2[[api.Models.Quiz, api, Version=1.0.0.0, Culture=neutral, PublicKeyToken=null],[api.DTOs.QuizDto, api, Version=1.0.0.0, Culture=neutral, PublicKeyToken=null]]'.
2025-10-28 14:07:42.114 +01:00 [INF] Executed action api.Controllers.QuizAPIController.QuizList (api) in 2.1986ms
2025-10-28 14:07:42.114 +01:00 [INF] Executed endpoint 'api.Controllers.QuizAPIController.QuizList (api)'
2025-10-28 14:07:42.114 +01:00 [INF] Request finished HTTP/1.1 GET http://localhost:5082/api/quizapi/quizlist - 200 161 application/json; charset=utf-8 2.9663ms
2025-10-28 14:07:45.476 +01:00 [INF] Request starting HTTP/1.1 GET http://localhost:5082/api/quizapi/1 - null null
2025-10-28 14:07:45.477 +01:00 [INF] CORS policy execution successful.
2025-10-28 14:07:45.478 +01:00 [INF] Executing endpoint 'api.Controllers.QuizAPIController.GetQuiz (api)'
2025-10-28 14:07:45.478 +01:00 [INF] Route matched with {action = "GetQuiz", controller = "QuizAPI"}. Executing controller action with signature System.Threading.Tasks.Task`1[Microsoft.AspNetCore.Mvc.IActionResult] GetQuiz(Int32) on controller api.Controllers.QuizAPIController (api).
2025-10-28 14:07:45.482 +01:00 [INF] Executing OkObjectResult, writing value of type 'api.DTOs.QuizDto'.
2025-10-28 14:07:45.482 +01:00 [INF] Executed action api.Controllers.QuizAPIController.GetQuiz (api) in 4.0388ms
2025-10-28 14:07:45.482 +01:00 [INF] Executed endpoint 'api.Controllers.QuizAPIController.GetQuiz (api)'
2025-10-28 14:07:45.482 +01:00 [INF] Request finished HTTP/1.1 GET http://localhost:5082/api/quizapi/1 - 200 1050 application/json; charset=utf-8 5.789ms
2025-10-28 14:07:45.485 +01:00 [INF] Request starting HTTP/1.1 GET http://localhost:5082/api/quizapi/1 - null null
2025-10-28 14:07:45.485 +01:00 [INF] CORS policy execution successful.
2025-10-28 14:07:45.485 +01:00 [INF] Executing endpoint 'api.Controllers.QuizAPIController.GetQuiz (api)'
2025-10-28 14:07:45.485 +01:00 [INF] Route matched with {action = "GetQuiz", controller = "QuizAPI"}. Executing controller action with signature System.Threading.Tasks.Task`1[Microsoft.AspNetCore.Mvc.IActionResult] GetQuiz(Int32) on controller api.Controllers.QuizAPIController (api).
2025-10-28 14:07:45.487 +01:00 [INF] Executing OkObjectResult, writing value of type 'api.DTOs.QuizDto'.
2025-10-28 14:07:45.488 +01:00 [INF] Executed action api.Controllers.QuizAPIController.GetQuiz (api) in 2.1835ms
2025-10-28 14:07:45.488 +01:00 [INF] Executed endpoint 'api.Controllers.QuizAPIController.GetQuiz (api)'
2025-10-28 14:07:45.488 +01:00 [INF] Request finished HTTP/1.1 GET http://localhost:5082/api/quizapi/1 - 200 1050 application/json; charset=utf-8 3.1652ms
2025-10-28 14:07:50.917 +01:00 [INF] Request starting HTTP/1.1 GET http://localhost:5082/api/quizapi/quizlist - null null
2025-10-28 14:07:50.918 +01:00 [INF] CORS policy execution successful.
2025-10-28 14:07:50.918 +01:00 [INF] Executing endpoint 'api.Controllers.QuizAPIController.QuizList (api)'
2025-10-28 14:07:50.918 +01:00 [INF] Route matched with {action = "QuizList", controller = "QuizAPI"}. Executing controller action with signature System.Threading.Tasks.Task`1[Microsoft.AspNetCore.Mvc.IActionResult] QuizList() on controller api.Controllers.QuizAPIController (api).
2025-10-28 14:07:50.921 +01:00 [INF] Executing OkObjectResult, writing value of type 'System.Linq.Enumerable+SelectListIterator`2[[api.Models.Quiz, api, Version=1.0.0.0, Culture=neutral, PublicKeyToken=null],[api.DTOs.QuizDto, api, Version=1.0.0.0, Culture=neutral, PublicKeyToken=null]]'.
2025-10-28 14:07:50.921 +01:00 [INF] Executed action api.Controllers.QuizAPIController.QuizList (api) in 2.8896ms
2025-10-28 14:07:50.921 +01:00 [INF] Executed endpoint 'api.Controllers.QuizAPIController.QuizList (api)'
2025-10-28 14:07:50.921 +01:00 [INF] Request finished HTTP/1.1 GET http://localhost:5082/api/quizapi/quizlist - 200 161 application/json; charset=utf-8 4.4115ms
2025-10-28 14:07:50.924 +01:00 [INF] Request starting HTTP/1.1 GET http://localhost:5082/api/quizapi/quizlist - null null
2025-10-28 14:07:50.924 +01:00 [INF] CORS policy execution successful.
2025-10-28 14:07:50.924 +01:00 [INF] Executing endpoint 'api.Controllers.QuizAPIController.QuizList (api)'
2025-10-28 14:07:50.924 +01:00 [INF] Route matched with {action = "QuizList", controller = "QuizAPI"}. Executing controller action with signature System.Threading.Tasks.Task`1[Microsoft.AspNetCore.Mvc.IActionResult] QuizList() on controller api.Controllers.QuizAPIController (api).
2025-10-28 14:07:50.927 +01:00 [INF] Executing OkObjectResult, writing value of type 'System.Linq.Enumerable+SelectListIterator`2[[api.Models.Quiz, api, Version=1.0.0.0, Culture=neutral, PublicKeyToken=null],[api.DTOs.QuizDto, api, Version=1.0.0.0, Culture=neutral, PublicKeyToken=null]]'.
2025-10-28 14:07:50.928 +01:00 [INF] Executed action api.Controllers.QuizAPIController.QuizList (api) in 3.5069ms
2025-10-28 14:07:50.928 +01:00 [INF] Executed endpoint 'api.Controllers.QuizAPIController.QuizList (api)'
2025-10-28 14:07:50.928 +01:00 [INF] Request finished HTTP/1.1 GET http://localhost:5082/api/quizapi/quizlist - 200 161 application/json; charset=utf-8 4.5054ms
2025-10-28 14:08:22.298 +01:00 [INF] Application is shutting down...
