2025-11-04 15:04:51.875 +01:00 [INF] User profile is available. Using 'C:\Users\Admin\AppData\Local\ASP.NET\DataProtection-Keys' as key repository and Windows DPAPI to encrypt keys at rest.
2025-11-04 15:04:52.065 +01:00 [INF] Now listening on: http://localhost:5082
2025-11-04 15:04:52.070 +01:00 [INF] Application started. Press Ctrl+C to shut down.
2025-11-04 15:04:52.071 +01:00 [INF] Hosting environment: Development
2025-11-04 15:04:52.071 +01:00 [INF] Content root path: C:\Users\Admin\OneDrive - OsloMet\FinalExamITPE3200\EXAMFAM\api
2025-11-04 15:05:02.478 +01:00 [WRN] As of ""2025-11-04T14:05:02.3495748+00:00"", the heartbeat has been running for ""00:00:04.9577872"" which is longer than ""00:00:01"". This could be caused by thread pool starvation.
2025-11-04 15:05:06.874 +01:00 [INF] Request starting HTTP/1.1 OPTIONS http://localhost:5082/api/Auth/login - null null
2025-11-04 15:05:07.022 +01:00 [INF] CORS policy execution successful.
2025-11-04 15:05:07.045 +01:00 [INF] Request finished HTTP/1.1 OPTIONS http://localhost:5082/api/Auth/login - 204 null null 174.0753ms
2025-11-04 15:05:07.054 +01:00 [INF] Request starting HTTP/1.1 POST http://localhost:5082/api/Auth/login - application/json 46
2025-11-04 15:05:07.061 +01:00 [INF] CORS policy execution successful.
2025-11-04 15:05:07.146 +01:00 [INF] Executing endpoint 'api.Controllers.AuthController.Login (api)'
2025-11-04 15:05:07.218 +01:00 [INF] Route matched with {action = "Login", controller = "Auth"}. Executing controller action with signature System.Threading.Tasks.Task`1[Microsoft.AspNetCore.Mvc.IActionResult] Login(api.DTOs.LoginDto) on controller api.Controllers.AuthController (api).
2025-11-04 15:05:09.787 +01:00 [INF] [AuthAPIController] user authorised for Fanny432
2025-11-04 15:05:09.798 +01:00 [INF] [AuthAPIController] JWT token created for Fanny432
2025-11-04 15:05:09.893 +01:00 [INF] Executing OkObjectResult, writing value of type '<>f__AnonymousType1`1[[System.String, System.Private.CoreLib, Version=8.0.0.0, Culture=neutral, PublicKeyToken=7cec85d7bea7798e]]'.
2025-11-04 15:05:09.939 +01:00 [INF] Executed action api.Controllers.AuthController.Login (api) in 2714.0272ms
2025-11-04 15:05:09.939 +01:00 [INF] Executed endpoint 'api.Controllers.AuthController.Login (api)'
2025-11-04 15:05:09.957 +01:00 [INF] Request finished HTTP/1.1 POST http://localhost:5082/api/Auth/login - 200 491 application/json; charset=utf-8 2902.5643ms
2025-11-04 15:05:10.012 +01:00 [INF] Request starting HTTP/1.1 GET http://localhost:5082/api/quizapi/quizlist - null null
2025-11-04 15:05:10.038 +01:00 [INF] CORS policy execution successful.
2025-11-04 15:05:10.041 +01:00 [INF] Executing endpoint 'api.Controllers.QuizAPIController.QuizList (api)'
2025-11-04 15:05:10.051 +01:00 [INF] Route matched with {action = "QuizList", controller = "QuizAPI"}. Executing controller action with signature System.Threading.Tasks.Task`1[Microsoft.AspNetCore.Mvc.IActionResult] QuizList() on controller api.Controllers.QuizAPIController (api).
2025-11-04 15:05:10.341 +01:00 [WRN] Compiling a query which loads related collections for more than one collection navigation, either via 'Include' or through projection, but no 'QuerySplittingBehavior' has been configured. By default, Entity Framework will use 'QuerySplittingBehavior.SingleQuery', which can potentially result in slow query performance. See https://go.microsoft.com/fwlink/?linkid=2134277 for more information. To identify the query that's triggering this warning call 'ConfigureWarnings(w => w.Throw(RelationalEventId.MultipleCollectionIncludeWarning))'.
2025-11-04 15:05:10.493 +01:00 [INF] Executing OkObjectResult, writing value of type 'System.Linq.Enumerable+SelectListIterator`2[[api.Models.Quiz, api, Version=1.0.0.0, Culture=neutral, PublicKeyToken=null],[api.DTOs.QuizDto, api, Version=1.0.0.0, Culture=neutral, PublicKeyToken=null]]'.
2025-11-04 15:05:10.518 +01:00 [INF] Executed action api.Controllers.QuizAPIController.QuizList (api) in 466.0314ms
2025-11-04 15:05:10.518 +01:00 [INF] Executed endpoint 'api.Controllers.QuizAPIController.QuizList (api)'
2025-11-04 15:05:10.520 +01:00 [INF] Request finished HTTP/1.1 GET http://localhost:5082/api/quizapi/quizlist - 200 284 application/json; charset=utf-8 508.401ms
2025-11-04 15:05:10.523 +01:00 [INF] Request starting HTTP/1.1 GET http://localhost:5082/api/quizapi/quizlist - null null
2025-11-04 15:05:10.527 +01:00 [INF] CORS policy execution successful.
2025-11-04 15:05:10.534 +01:00 [INF] Executing endpoint 'api.Controllers.QuizAPIController.QuizList (api)'
2025-11-04 15:05:10.534 +01:00 [INF] Route matched with {action = "QuizList", controller = "QuizAPI"}. Executing controller action with signature System.Threading.Tasks.Task`1[Microsoft.AspNetCore.Mvc.IActionResult] QuizList() on controller api.Controllers.QuizAPIController (api).
2025-11-04 15:05:10.585 +01:00 [INF] Executing OkObjectResult, writing value of type 'System.Linq.Enumerable+SelectListIterator`2[[api.Models.Quiz, api, Version=1.0.0.0, Culture=neutral, PublicKeyToken=null],[api.DTOs.QuizDto, api, Version=1.0.0.0, Culture=neutral, PublicKeyToken=null]]'.
2025-11-04 15:05:10.587 +01:00 [INF] Executed action api.Controllers.QuizAPIController.QuizList (api) in 51.9269ms
2025-11-04 15:05:10.587 +01:00 [INF] Executed endpoint 'api.Controllers.QuizAPIController.QuizList (api)'
2025-11-04 15:05:10.589 +01:00 [INF] Request finished HTTP/1.1 GET http://localhost:5082/api/quizapi/quizlist - 200 284 application/json; charset=utf-8 65.4167ms
2025-11-04 15:07:00.659 +01:00 [INF] Application is shutting down...
