2025-11-13 21:48:00.673 +01:00 [INF] User profile is available. Using 'C:\Users\Admin\AppData\Local\ASP.NET\DataProtection-Keys' as key repository and Windows DPAPI to encrypt keys at rest.
2025-11-13 21:48:00.766 +01:00 [INF] Now listening on: http://localhost:5082
2025-11-13 21:48:00.769 +01:00 [INF] Application started. Press Ctrl+C to shut down.
2025-11-13 21:48:00.770 +01:00 [INF] Hosting environment: Development
2025-11-13 21:48:00.770 +01:00 [INF] Content root path: C:\Users\Admin\OneDrive - OsloMet\FinalExamITPE3200\EXAMFAM\api
2025-11-13 21:48:10.587 +01:00 [INF] Request starting HTTP/1.1 GET http://localhost:5082/api/quizapi/quizlist - null null
2025-11-13 21:48:10.661 +01:00 [INF] CORS policy execution successful.
2025-11-13 21:48:10.726 +01:00 [INF] Executing endpoint 'api.Controllers.QuizAPIController.QuizList (api)'
2025-11-13 21:48:10.754 +01:00 [INF] Route matched with {action = "QuizList", controller = "QuizAPI"}. Executing controller action with signature System.Threading.Tasks.Task`1[Microsoft.AspNetCore.Mvc.IActionResult] QuizList() on controller api.Controllers.QuizAPIController (api).
2025-11-13 21:48:11.137 +01:00 [WRN] Compiling a query which loads related collections for more than one collection navigation, either via 'Include' or through projection, but no 'QuerySplittingBehavior' has been configured. By default, Entity Framework will use 'QuerySplittingBehavior.SingleQuery', which can potentially result in slow query performance. See https://go.microsoft.com/fwlink/?linkid=2134277 for more information. To identify the query that's triggering this warning call 'ConfigureWarnings(w => w.Throw(RelationalEventId.MultipleCollectionIncludeWarning))'.
2025-11-13 21:48:11.246 +01:00 [INF] Executing OkObjectResult, writing value of type 'System.Linq.Enumerable+SelectListIterator`2[[api.Models.Quiz, api, Version=1.0.0.0, Culture=neutral, PublicKeyToken=null],[api.DTOs.QuizDto, api, Version=1.0.0.0, Culture=neutral, PublicKeyToken=null]]'.
2025-11-13 21:48:11.357 +01:00 [INF] Executed action api.Controllers.QuizAPIController.QuizList (api) in 598.1133ms
2025-11-13 21:48:11.358 +01:00 [INF] Executed endpoint 'api.Controllers.QuizAPIController.QuizList (api)'
2025-11-13 21:48:11.363 +01:00 [INF] Request finished HTTP/1.1 GET http://localhost:5082/api/quizapi/quizlist - 200 377 application/json; charset=utf-8 779.8597ms
2025-11-13 21:48:11.366 +01:00 [INF] Request starting HTTP/1.1 GET http://localhost:5082/api/quizapi/quizlist - null null
2025-11-13 21:48:11.369 +01:00 [INF] CORS policy execution successful.
2025-11-13 21:48:11.371 +01:00 [INF] Executing endpoint 'api.Controllers.QuizAPIController.QuizList (api)'
2025-11-13 21:48:11.372 +01:00 [INF] Route matched with {action = "QuizList", controller = "QuizAPI"}. Executing controller action with signature System.Threading.Tasks.Task`1[Microsoft.AspNetCore.Mvc.IActionResult] QuizList() on controller api.Controllers.QuizAPIController (api).
2025-11-13 21:48:11.394 +01:00 [INF] Executing OkObjectResult, writing value of type 'System.Linq.Enumerable+SelectListIterator`2[[api.Models.Quiz, api, Version=1.0.0.0, Culture=neutral, PublicKeyToken=null],[api.DTOs.QuizDto, api, Version=1.0.0.0, Culture=neutral, PublicKeyToken=null]]'.
2025-11-13 21:48:11.394 +01:00 [INF] Executed action api.Controllers.QuizAPIController.QuizList (api) in 22.3587ms
2025-11-13 21:48:11.395 +01:00 [INF] Executed endpoint 'api.Controllers.QuizAPIController.QuizList (api)'
2025-11-13 21:48:11.395 +01:00 [INF] Request finished HTTP/1.1 GET http://localhost:5082/api/quizapi/quizlist - 200 377 application/json; charset=utf-8 29.0929ms
2025-11-13 21:48:13.219 +01:00 [INF] Request starting HTTP/1.1 GET http://localhost:5082/api/quizapi/12 - null null
2025-11-13 21:48:13.221 +01:00 [INF] CORS policy execution successful.
2025-11-13 21:48:13.226 +01:00 [INF] Executing endpoint 'api.Controllers.QuizAPIController.GetQuiz (api)'
2025-11-13 21:48:13.242 +01:00 [INF] Route matched with {action = "GetQuiz", controller = "QuizAPI"}. Executing controller action with signature System.Threading.Tasks.Task`1[Microsoft.AspNetCore.Mvc.IActionResult] GetQuiz(Int32) on controller api.Controllers.QuizAPIController (api).
2025-11-13 21:48:13.284 +01:00 [WRN] Compiling a query which loads related collections for more than one collection navigation, either via 'Include' or through projection, but no 'QuerySplittingBehavior' has been configured. By default, Entity Framework will use 'QuerySplittingBehavior.SingleQuery', which can potentially result in slow query performance. See https://go.microsoft.com/fwlink/?linkid=2134277 for more information. To identify the query that's triggering this warning call 'ConfigureWarnings(w => w.Throw(RelationalEventId.MultipleCollectionIncludeWarning))'.
2025-11-13 21:48:13.294 +01:00 [INF] Executing OkObjectResult, writing value of type 'api.Models.Quiz'.
2025-11-13 21:48:13.309 +01:00 [INF] Executed action api.Controllers.QuizAPIController.GetQuiz (api) in 66.0516ms
2025-11-13 21:48:13.309 +01:00 [INF] Executed endpoint 'api.Controllers.QuizAPIController.GetQuiz (api)'
2025-11-13 21:48:13.309 +01:00 [INF] Request finished HTTP/1.1 GET http://localhost:5082/api/quizapi/12 - 200 1158 application/json; charset=utf-8 90.0169ms
2025-11-13 21:48:13.311 +01:00 [INF] Request starting HTTP/1.1 GET http://localhost:5082/api/quizapi/12 - null null
2025-11-13 21:48:13.312 +01:00 [INF] CORS policy execution successful.
2025-11-13 21:48:13.312 +01:00 [INF] Executing endpoint 'api.Controllers.QuizAPIController.GetQuiz (api)'
2025-11-13 21:48:13.313 +01:00 [INF] Route matched with {action = "GetQuiz", controller = "QuizAPI"}. Executing controller action with signature System.Threading.Tasks.Task`1[Microsoft.AspNetCore.Mvc.IActionResult] GetQuiz(Int32) on controller api.Controllers.QuizAPIController (api).
2025-11-13 21:48:13.320 +01:00 [INF] Executing OkObjectResult, writing value of type 'api.Models.Quiz'.
2025-11-13 21:48:13.321 +01:00 [INF] Executed action api.Controllers.QuizAPIController.GetQuiz (api) in 7.9768ms
2025-11-13 21:48:13.321 +01:00 [INF] Executed endpoint 'api.Controllers.QuizAPIController.GetQuiz (api)'
2025-11-13 21:48:13.322 +01:00 [INF] Request finished HTTP/1.1 GET http://localhost:5082/api/quizapi/12 - 200 1158 application/json; charset=utf-8 10.1169ms
2025-11-13 21:48:16.041 +01:00 [INF] Request starting HTTP/1.1 OPTIONS http://localhost:5082/api/quizapi/update/12 - null null
2025-11-13 21:48:16.042 +01:00 [INF] CORS policy execution successful.
2025-11-13 21:48:16.044 +01:00 [INF] Request finished HTTP/1.1 OPTIONS http://localhost:5082/api/quizapi/update/12 - 204 null null 3.0596ms
2025-11-13 21:48:16.049 +01:00 [INF] Request starting HTTP/1.1 PUT http://localhost:5082/api/quizapi/update/12 - application/json 621
2025-11-13 21:48:16.049 +01:00 [INF] CORS policy execution successful.
2025-11-13 21:48:16.147 +01:00 [INF] Failed to validate the token.
Microsoft.IdentityModel.Tokens.SecurityTokenExpiredException: IDX10223: Lifetime validation failed. The token is expired. ValidTo (UTC): '13.11.2025 15:17:35', Current time (UTC): '13.11.2025 20:48:16'.
   at Microsoft.IdentityModel.Tokens.ValidatorUtilities.ValidateLifetime(Nullable`1 notBefore, Nullable`1 expires, SecurityToken securityToken, TokenValidationParameters validationParameters)
   at Microsoft.IdentityModel.Tokens.Validators.ValidateLifetime(Nullable`1 notBefore, Nullable`1 expires, SecurityToken securityToken, TokenValidationParameters validationParameters)
   at Microsoft.IdentityModel.JsonWebTokens.JsonWebTokenHandler.ValidateTokenPayloadAsync(JsonWebToken jsonWebToken, TokenValidationParameters validationParameters, BaseConfiguration configuration)
   at Microsoft.IdentityModel.JsonWebTokens.JsonWebTokenHandler.ValidateJWSAsync(JsonWebToken jsonWebToken, TokenValidationParameters validationParameters, BaseConfiguration configuration)
2025-11-13 21:48:16.163 +01:00 [INF] Bearer was not authenticated. Failure message: IDX10223: Lifetime validation failed. The token is expired. ValidTo (UTC): '13.11.2025 15:17:35', Current time (UTC): '13.11.2025 20:48:16'.
2025-11-13 21:48:16.173 +01:00 [INF] Authorization failed. These requirements were not met:
RolesAuthorizationRequirement:User.IsInRole must be true for one of the following roles: (Teacher)
2025-11-13 21:48:16.177 +01:00 [INF] AuthenticationScheme: Bearer was challenged.
2025-11-13 21:48:16.178 +01:00 [INF] Request finished HTTP/1.1 PUT http://localhost:5082/api/quizapi/update/12 - 401 0 null 129.213ms
2025-11-13 21:48:41.094 +01:00 [INF] Request starting HTTP/1.1 OPTIONS http://localhost:5082/api/Auth/register - null null
2025-11-13 21:48:41.094 +01:00 [INF] CORS policy execution successful.
2025-11-13 21:48:41.094 +01:00 [INF] Request finished HTTP/1.1 OPTIONS http://localhost:5082/api/Auth/register - 204 null null 0.578ms
2025-11-13 21:48:41.097 +01:00 [INF] Request starting HTTP/1.1 POST http://localhost:5082/api/Auth/register - application/json 94
2025-11-13 21:48:41.098 +01:00 [INF] CORS policy execution successful.
2025-11-13 21:48:41.098 +01:00 [INF] Executing endpoint 'api.Controllers.AuthController.Register (api)'
2025-11-13 21:48:41.104 +01:00 [INF] Route matched with {action = "Register", controller = "Auth"}. Executing controller action with signature System.Threading.Tasks.Task`1[Microsoft.AspNetCore.Mvc.IActionResult] Register(api.DTOs.RegisterDto) on controller api.Controllers.AuthController (api).
2025-11-13 21:48:41.263 +01:00 [WRN] [AuthController] registration failed for lærer321
2025-11-13 21:48:41.264 +01:00 [INF] Executing BadRequestObjectResult, writing value of type 'System.Collections.Generic.List`1[[Microsoft.AspNetCore.Identity.IdentityError, Microsoft.Extensions.Identity.Core, Version=8.0.0.0, Culture=neutral, PublicKeyToken=adb9793829ddae60]]'.
2025-11-13 21:48:41.266 +01:00 [INF] Executed action api.Controllers.AuthController.Register (api) in 161.5314ms
2025-11-13 21:48:41.266 +01:00 [INF] Executed endpoint 'api.Controllers.AuthController.Register (api)'
2025-11-13 21:48:41.267 +01:00 [INF] Request finished HTTP/1.1 POST http://localhost:5082/api/Auth/register - 400 113 application/json; charset=utf-8 170.0076ms
2025-11-13 21:48:52.734 +01:00 [INF] Request starting HTTP/1.1 OPTIONS http://localhost:5082/api/Auth/register - null null
2025-11-13 21:48:52.734 +01:00 [INF] CORS policy execution successful.
2025-11-13 21:48:52.735 +01:00 [INF] Request finished HTTP/1.1 OPTIONS http://localhost:5082/api/Auth/register - 204 null null 1.0362ms
2025-11-13 21:48:52.737 +01:00 [INF] Request starting HTTP/1.1 POST http://localhost:5082/api/Auth/register - application/json 91
2025-11-13 21:48:52.738 +01:00 [INF] CORS policy execution successful.
2025-11-13 21:48:52.739 +01:00 [INF] Executing endpoint 'api.Controllers.AuthController.Register (api)'
2025-11-13 21:48:52.739 +01:00 [INF] Route matched with {action = "Register", controller = "Auth"}. Executing controller action with signature System.Threading.Tasks.Task`1[Microsoft.AspNetCore.Mvc.IActionResult] Register(api.DTOs.RegisterDto) on controller api.Controllers.AuthController (api).
2025-11-13 21:48:52.837 +01:00 [WRN] [AuthController] registration failed for lærer
2025-11-13 21:48:52.837 +01:00 [INF] Executing BadRequestObjectResult, writing value of type 'System.Collections.Generic.List`1[[Microsoft.AspNetCore.Identity.IdentityError, Microsoft.Extensions.Identity.Core, Version=8.0.0.0, Culture=neutral, PublicKeyToken=adb9793829ddae60]]'.
2025-11-13 21:48:52.838 +01:00 [INF] Executed action api.Controllers.AuthController.Register (api) in 98.4066ms
2025-11-13 21:48:52.838 +01:00 [INF] Executed endpoint 'api.Controllers.AuthController.Register (api)'
2025-11-13 21:48:52.838 +01:00 [INF] Request finished HTTP/1.1 POST http://localhost:5082/api/Auth/register - 400 110 application/json; charset=utf-8 100.7578ms
2025-11-13 21:48:58.240 +01:00 [INF] Request starting HTTP/1.1 OPTIONS http://localhost:5082/api/Auth/register - null null
2025-11-13 21:48:58.241 +01:00 [INF] CORS policy execution successful.
2025-11-13 21:48:58.241 +01:00 [INF] Request finished HTTP/1.1 OPTIONS http://localhost:5082/api/Auth/register - 204 null null 0.8473ms
2025-11-13 21:48:58.244 +01:00 [INF] Request starting HTTP/1.1 POST http://localhost:5082/api/Auth/register - application/json 91
2025-11-13 21:48:58.244 +01:00 [INF] CORS policy execution successful.
2025-11-13 21:48:58.245 +01:00 [INF] Executing endpoint 'api.Controllers.AuthController.Register (api)'
2025-11-13 21:48:58.245 +01:00 [INF] Route matched with {action = "Register", controller = "Auth"}. Executing controller action with signature System.Threading.Tasks.Task`1[Microsoft.AspNetCore.Mvc.IActionResult] Register(api.DTOs.RegisterDto) on controller api.Controllers.AuthController (api).
2025-11-13 21:48:58.388 +01:00 [WRN] [AuthController] registration failed for Lærer
2025-11-13 21:48:58.389 +01:00 [INF] Executing BadRequestObjectResult, writing value of type 'System.Collections.Generic.List`1[[Microsoft.AspNetCore.Identity.IdentityError, Microsoft.Extensions.Identity.Core, Version=8.0.0.0, Culture=neutral, PublicKeyToken=adb9793829ddae60]]'.
2025-11-13 21:48:58.389 +01:00 [INF] Executed action api.Controllers.AuthController.Register (api) in 144.2569ms
2025-11-13 21:48:58.389 +01:00 [INF] Executed endpoint 'api.Controllers.AuthController.Register (api)'
2025-11-13 21:48:58.390 +01:00 [INF] Request finished HTTP/1.1 POST http://localhost:5082/api/Auth/register - 400 110 application/json; charset=utf-8 145.8006ms
2025-11-13 21:49:21.096 +01:00 [INF] Request starting HTTP/1.1 OPTIONS http://localhost:5082/api/Auth/login - null null
2025-11-13 21:49:21.096 +01:00 [INF] CORS policy execution successful.
2025-11-13 21:49:21.097 +01:00 [INF] Request finished HTTP/1.1 OPTIONS http://localhost:5082/api/Auth/login - 204 null null 0.7921ms
2025-11-13 21:49:21.098 +01:00 [INF] Request starting HTTP/1.1 POST http://localhost:5082/api/Auth/login - application/json 41
2025-11-13 21:49:21.099 +01:00 [INF] CORS policy execution successful.
2025-11-13 21:49:21.099 +01:00 [INF] Executing endpoint 'api.Controllers.AuthController.Login (api)'
2025-11-13 21:49:21.105 +01:00 [INF] Route matched with {action = "Login", controller = "Auth"}. Executing controller action with signature System.Threading.Tasks.Task`1[Microsoft.AspNetCore.Mvc.IActionResult] Login(api.DTOs.LoginDto) on controller api.Controllers.AuthController (api).
2025-11-13 21:49:21.353 +01:00 [INF] [AuthController] JWT token created for lene with roles Teacher
2025-11-13 21:49:21.372 +01:00 [INF] [AuthController] user authorised for lene
2025-11-13 21:49:21.373 +01:00 [INF] Executing OkObjectResult, writing value of type '<>f__AnonymousType1`1[[System.String, System.Private.CoreLib, Version=8.0.0.0, Culture=neutral, PublicKeyToken=7cec85d7bea7798e]]'.
2025-11-13 21:49:21.385 +01:00 [INF] Executed action api.Controllers.AuthController.Login (api) in 280.0336ms
2025-11-13 21:49:21.385 +01:00 [INF] Executed endpoint 'api.Controllers.AuthController.Login (api)'
2025-11-13 21:49:21.385 +01:00 [INF] Request finished HTTP/1.1 POST http://localhost:5082/api/Auth/login - 200 671 application/json; charset=utf-8 287.0438ms
2025-11-13 21:49:59.429 +01:00 [INF] Application is shutting down...
